[32m[I 2023-01-31 12:09:48,082][0m Trial 99 finished with value: 0.43907915146790755 and parameters: {'n_estimators': 19, 'max_depth': 23, 'learning_rate': 0.04271279292099366, 'colsample_bytree': 0.2497762455286678, 'subsample': 0.46378974183413463, 'alpha': 9.044304322961807e-08, 'lambda': 4.5214431167908306e-08}. Best is trial 87 with value: 0.513594073083779.[0m
/Users/kevinmaikjablonka/git/kjappelbaum/gptchem/src/gptchem/formatter.py:882: SettingWithCopyWarning: 
A value is trying to be set on a copy of a slice from a DataFrame

See the caveats in the documentation: https://pandas.pydata.org/pandas-docs/stable/user_guide/indexing.html#returning-a-view-versus-a-copy
  df.dropna(subset=[self.ligand_column] + [self.inorganic_salt_column], inplace=True)
/Users/kevinmaikjablonka/git/kjappelbaum/gptchem/src/gptchem/formatter.py:882: SettingWithCopyWarning: 
A value is trying to be set on a copy of a slice from a DataFrame

See the caveats in the documentation: https://pandas.pydata.org/pandas-docs/stable/user_guide/indexing.html#returning-a-view-versus-a-copy
  df.dropna(subset=[self.ligand_column] + [self.inorganic_salt_column], inplace=True)
Uploaded file from /Users/kevinmaikjablonka/git/kjappelbaum/gptchem/experiments/03_classification/mof_solvent/balasz/out/20230131_104456/train.jsonl: file-OXARNqizyRwTS2WscwNM2ZiE
Loading model that can be used for inference only
Using a Transformer with 25.82 M parameters
Upload progress:   0%|          | 0.00/136k [00:00<?, ?it/s]Upload progress: 100%|██████████| 136k/136k [00:00<00:00, 43.0Mit/s]
2023-01-31 12:10:04.293 | DEBUG    | gptchem.tuner:tune:188 - Requested fine tuning. {
  "created_at": 1675163404,
  "events": [
    {
      "created_at": 1675163404,
      "level": "info",
      "message": "Created fine-tune: ft-3bNTsg5HhrpZdvs92dvNw8MI",
      "object": "fine-tune-event"
    }
  ],
  "fine_tuned_model": null,
  "hyperparams": {
    "batch_size": null,
    "learning_rate_multiplier": 0.02,
    "n_epochs": 8,
    "prompt_loss_weight": 0.01
  },
  "id": "ft-3bNTsg5HhrpZdvs92dvNw8MI",
  "model": "ada",
  "object": "fine-tune",
  "organization_id": "org-TFRJXw3PPQocOWbu71eI2t9U",
  "result_files": [],
  "status": "pending",
  "training_files": [
    {
      "bytes": 136303,
      "created_at": 1675163403,
      "filename": "/Users/kevinmaikjablonka/git/kjappelbaum/gptchem/experiments/03_classification/mof_solvent/balasz/out/20230131_121002/train.jsonl",
      "id": "file-OORxwqs6wLs5W1lMNqlt8XoN",
      "object": "file",
      "purpose": "fine-tune",
      "status": "uploaded",
      "status_details": null
    }
  ],
  "updated_at": 1675163404,
  "validation_files": []
}
2023-01-31 12:10:04.476 | DEBUG    | gptchem.tuner:get_ft_model_name:29 - Fine tuning status: pending
2023-01-31 12:12:04.954 | DEBUG    | gptchem.tuner:get_ft_model_name:29 - Fine tuning status: pending
2023-01-31 12:14:05.416 | DEBUG    | gptchem.tuner:get_ft_model_name:29 - Fine tuning status: pending
2023-01-31 12:16:05.931 | DEBUG    | gptchem.tuner:get_ft_model_name:29 - Fine tuning status: pending
2023-01-31 12:18:06.401 | DEBUG    | gptchem.tuner:get_ft_model_name:29 - Fine tuning status: pending
2023-01-31 12:20:06.893 | DEBUG    | gptchem.tuner:get_ft_model_name:29 - Fine tuning status: pending
2023-01-31 12:32:19.149 | DEBUG    | gptchem.tuner:get_ft_model_name:29 - Fine tuning status: pending
2023-01-31 12:34:19.646 | DEBUG    | gptchem.tuner:get_ft_model_name:29 - Fine tuning status: pending
2023-01-31 12:36:20.120 | DEBUG    | gptchem.tuner:get_ft_model_name:29 - Fine tuning status: pending
2023-01-31 12:38:21.481 | DEBUG    | gptchem.tuner:get_ft_model_name:29 - Fine tuning status: pending
2023-01-31 12:40:21.964 | DEBUG    | gptchem.tuner:get_ft_model_name:29 - Fine tuning status: pending
2023-01-31 12:42:22.455 | DEBUG    | gptchem.tuner:get_ft_model_name:29 - Fine tuning status: pending
2023-01-31 12:44:22.928 | DEBUG    | gptchem.tuner:get_ft_model_name:29 - Fine tuning status: pending
2023-01-31 12:46:23.372 | DEBUG    | gptchem.tuner:get_ft_model_name:29 - Fine tuning status: pending
2023-01-31 12:48:23.847 | DEBUG    | gptchem.tuner:get_ft_model_name:29 - Fine tuning status: pending
2023-01-31 12:50:24.323 | DEBUG    | gptchem.tuner:get_ft_model_name:29 - Fine tuning status: pending
2023-01-31 12:52:24.817 | DEBUG    | gptchem.tuner:get_ft_model_name:29 - Fine tuning status: pending
2023-01-31 12:54:25.312 | DEBUG    | gptchem.tuner:get_ft_model_name:29 - Fine tuning status: pending
2023-01-31 12:56:25.775 | DEBUG    | gptchem.tuner:get_ft_model_name:29 - Fine tuning status: pending
2023-01-31 12:58:26.267 | DEBUG    | gptchem.tuner:get_ft_model_name:29 - Fine tuning status: pending
2023-01-31 13:00:26.721 | DEBUG    | gptchem.tuner:get_ft_model_name:29 - Fine tuning status: pending
2023-01-31 13:02:27.190 | DEBUG    | gptchem.tuner:get_ft_model_name:29 - Fine tuning status: pending
2023-01-31 13:04:27.692 | DEBUG    | gptchem.tuner:get_ft_model_name:29 - Fine tuning status: pending
2023-01-31 13:06:28.157 | DEBUG    | gptchem.tuner:get_ft_model_name:29 - Fine tuning status: pending
2023-01-31 13:08:28.690 | DEBUG    | gptchem.tuner:get_ft_model_name:29 - Fine tuning status: pending
2023-01-31 13:10:29.166 | DEBUG    | gptchem.tuner:get_ft_model_name:29 - Fine tuning status: pending
2023-01-31 13:12:29.643 | DEBUG    | gptchem.tuner:get_ft_model_name:29 - Fine tuning status: pending
2023-01-31 13:14:30.112 | DEBUG    | gptchem.tuner:get_ft_model_name:29 - Fine tuning status: pending
2023-01-31 13:16:30.608 | DEBUG    | gptchem.tuner:get_ft_model_name:29 - Fine tuning status: pending
2023-01-31 13:18:31.086 | DEBUG    | gptchem.tuner:get_ft_model_name:29 - Fine tuning status: pending
2023-01-31 13:20:31.581 | DEBUG    | gptchem.tuner:get_ft_model_name:29 - Fine tuning status: pending
2023-01-31 13:22:32.051 | DEBUG    | gptchem.tuner:get_ft_model_name:29 - Fine tuning status: pending
2023-01-31 13:24:32.518 | DEBUG    | gptchem.tuner:get_ft_model_name:29 - Fine tuning status: pending
2023-01-31 13:26:32.985 | DEBUG    | gptchem.tuner:get_ft_model_name:29 - Fine tuning status: pending
2023-01-31 13:28:33.474 | DEBUG    | gptchem.tuner:get_ft_model_name:29 - Fine tuning status: pending
2023-01-31 13:30:33.941 | DEBUG    | gptchem.tuner:get_ft_model_name:29 - Fine tuning status: pending
2023-01-31 13:32:34.425 | DEBUG    | gptchem.tuner:get_ft_model_name:29 - Fine tuning status: pending
2023-01-31 13:34:34.888 | DEBUG    | gptchem.tuner:get_ft_model_name:29 - Fine tuning status: pending
2023-01-31 13:36:35.440 | DEBUG    | gptchem.tuner:get_ft_model_name:29 - Fine tuning status: pending
2023-01-31 13:38:35.926 | DEBUG    | gptchem.tuner:get_ft_model_name:29 - Fine tuning status: pending
2023-01-31 13:41:06.004 | DEBUG    | gptchem.tuner:get_ft_model_name:29 - Fine tuning status: pending
2023-01-31 13:43:06.437 | DEBUG    | gptchem.tuner:get_ft_model_name:29 - Fine tuning status: pending
2023-01-31 13:45:06.892 | DEBUG    | gptchem.tuner:get_ft_model_name:29 - Fine tuning status: pending
2023-01-31 13:47:07.380 | DEBUG    | gptchem.tuner:get_ft_model_name:29 - Fine tuning status: pending
2023-01-31 13:49:07.835 | DEBUG    | gptchem.tuner:get_ft_model_name:29 - Fine tuning status: pending
2023-01-31 13:51:08.636 | DEBUG    | gptchem.tuner:get_ft_model_name:29 - Fine tuning status: pending
2023-01-31 13:53:09.156 | DEBUG    | gptchem.tuner:get_ft_model_name:29 - Fine tuning status: pending
2023-01-31 13:55:09.645 | DEBUG    | gptchem.tuner:get_ft_model_name:29 - Fine tuning status: pending
2023-01-31 13:57:10.107 | DEBUG    | gptchem.tuner:get_ft_model_name:29 - Fine tuning status: pending
2023-01-31 13:59:10.569 | DEBUG    | gptchem.tuner:get_ft_model_name:29 - Fine tuning status: pending
2023-01-31 14:01:11.116 | DEBUG    | gptchem.tuner:get_ft_model_name:29 - Fine tuning status: pending
2023-01-31 14:03:11.563 | DEBUG    | gptchem.tuner:get_ft_model_name:29 - Fine tuning status: pending
2023-01-31 14:05:12.018 | DEBUG    | gptchem.tuner:get_ft_model_name:29 - Fine tuning status: pending
2023-01-31 14:07:12.510 | DEBUG    | gptchem.tuner:get_ft_model_name:29 - Fine tuning status: pending
2023-01-31 14:09:12.978 | DEBUG    | gptchem.tuner:get_ft_model_name:29 - Fine tuning status: pending
2023-01-31 14:11:13.422 | DEBUG    | gptchem.tuner:get_ft_model_name:29 - Fine tuning status: pending
2023-01-31 14:13:13.866 | DEBUG    | gptchem.tuner:get_ft_model_name:29 - Fine tuning status: pending
2023-01-31 14:15:14.309 | DEBUG    | gptchem.tuner:get_ft_model_name:29 - Fine tuning status: pending
2023-01-31 14:17:14.753 | DEBUG    | gptchem.tuner:get_ft_model_name:29 - Fine tuning status: pending
2023-01-31 14:19:15.236 | DEBUG    | gptchem.tuner:get_ft_model_name:29 - Fine tuning status: pending
2023-01-31 14:21:15.676 | DEBUG    | gptchem.tuner:get_ft_model_name:29 - Fine tuning status: pending
2023-01-31 14:23:16.138 | DEBUG    | gptchem.tuner:get_ft_model_name:29 - Fine tuning status: pending
2023-01-31 14:25:16.607 | DEBUG    | gptchem.tuner:get_ft_model_name:29 - Fine tuning status: pending
2023-01-31 14:27:17.052 | DEBUG    | gptchem.tuner:get_ft_model_name:29 - Fine tuning status: pending
2023-01-31 14:29:17.591 | DEBUG    | gptchem.tuner:get_ft_model_name:29 - Fine tuning status: pending
2023-01-31 14:31:18.035 | DEBUG    | gptchem.tuner:get_ft_model_name:29 - Fine tuning status: pending
2023-01-31 14:33:18.496 | DEBUG    | gptchem.tuner:get_ft_model_name:29 - Fine tuning status: pending
2023-01-31 14:35:19.028 | DEBUG    | gptchem.tuner:get_ft_model_name:29 - Fine tuning status: pending
2023-01-31 14:37:19.476 | DEBUG    | gptchem.tuner:get_ft_model_name:29 - Fine tuning status: pending
2023-01-31 14:39:19.908 | DEBUG    | gptchem.tuner:get_ft_model_name:29 - Fine tuning status: pending
2023-01-31 14:41:20.399 | DEBUG    | gptchem.tuner:get_ft_model_name:29 - Fine tuning status: pending
2023-01-31 14:43:20.833 | DEBUG    | gptchem.tuner:get_ft_model_name:29 - Fine tuning status: pending
2023-01-31 14:45:21.314 | DEBUG    | gptchem.tuner:get_ft_model_name:29 - Fine tuning status: pending
2023-01-31 14:47:21.923 | DEBUG    | gptchem.tuner:get_ft_model_name:29 - Fine tuning status: pending
2023-01-31 15:03:51.686 | DEBUG    | gptchem.tuner:get_ft_model_name:29 - Fine tuning status: pending
2023-01-31 15:05:52.453 | DEBUG    | gptchem.tuner:get_ft_model_name:29 - Fine tuning status: pending
2023-01-31 15:07:52.925 | DEBUG    | gptchem.tuner:get_ft_model_name:29 - Fine tuning status: pending
2023-01-31 15:09:53.374 | DEBUG    | gptchem.tuner:get_ft_model_name:29 - Fine tuning status: pending
2023-01-31 15:11:53.838 | DEBUG    | gptchem.tuner:get_ft_model_name:29 - Fine tuning status: pending
2023-01-31 15:13:54.282 | DEBUG    | gptchem.tuner:get_ft_model_name:29 - Fine tuning status: running
2023-01-31 15:15:54.728 | DEBUG    | gptchem.tuner:get_ft_model_name:29 - Fine tuning status: running
2023-01-31 15:17:55.176 | DEBUG    | gptchem.tuner:get_ft_model_name:29 - Fine tuning status: running
2023-01-31 15:19:55.671 | DEBUG    | gptchem.tuner:get_ft_model_name:29 - Fine tuning status: running
2023-01-31 15:22:04.008 | DEBUG    | gptchem.tuner:get_ft_model_name:29 - Fine tuning status: succeeded
2023-01-31 15:22:04.010 | DEBUG    | gptchem.tuner:tune:207 - Fine tuning completed. {'base_model': 'ada', 'batch_size': None, 'n_epochs': 8, 'learning_rate_multiplier': 0.02, 'run_name': None, 'wandb_sync': False, 'outdir': '/Users/kevinmaikjablonka/git/kjappelbaum/gptchem/experiments/03_classification/mof_solvent/balasz/out/20230131_121002', 'train_filename': '/Users/kevinmaikjablonka/git/kjappelbaum/gptchem/experiments/03_classification/mof_solvent/balasz/out/20230131_121002/train.jsonl', 'valid_filename': 'None', 'model_name': 'ada:ft-lsmoepfl-2023-01-31-14-19-56', 'ft_id': 'ft-3bNTsg5HhrpZdvs92dvNw8MI', 'date': '20230131_152204', 'train_file_id': 'file-OORxwqs6wLs5W1lMNqlt8XoN', 'valid_file_id': None}
2023-01-31 15:22:07.305 | ERROR    | __main__:<module>:67 - train_size=100 should be either positive and smaller than the number of samples 72 or a float in the (0, 1) range
Traceback (most recent call last):

> File "/Users/kevinmaikjablonka/git/kjappelbaum/gptchem/experiments/03_classification/mof_solvent/balasz/run_experiment.py", line 65, in <module>
    train_test(train_size, i+1559)
    │          │           └ 0
    │          └ 100
    └ <function train_test at 0x1031d50d0>

  File "/Users/kevinmaikjablonka/git/kjappelbaum/gptchem/experiments/03_classification/mof_solvent/balasz/run_experiment.py", line 27, in train_test
    train_dois, test_dois = train_test_split(dois, train_size=train_size, random_state=seed)
                            │                │                │                        └ 1559
                            │                │                └ 100
                            │                └ array(['10.1039/c2jm15604k', '10.1016/j.inoche.2007.01.001',
                            │                         '10.1021/cg101135r', '10.1021/ic502861k',
                            │                         '10.1016...
                            └ <function train_test_split at 0x138054670>

  File "/Users/kevinmaikjablonka/miniconda3/envs/gptchem/lib/python3.9/site-packages/sklearn/model_selection/_split.py", line 2562, in train_test_split
    n_train, n_test = _validate_shuffle_split(
                      └ <function _validate_shuffle_split at 0x138039b80>
  File "/Users/kevinmaikjablonka/miniconda3/envs/gptchem/lib/python3.9/site-packages/sklearn/model_selection/_split.py", line 2193, in _validate_shuffle_split
    raise ValueError(

ValueError: train_size=100 should be either positive and smaller than the number of samples 72 or a float in the (0, 1) range
2023-01-31 15:22:07.312 | ERROR    | __main__:<module>:67 - train_size=200 should be either positive and smaller than the number of samples 72 or a float in the (0, 1) range
Traceback (most recent call last):

> File "/Users/kevinmaikjablonka/git/kjappelbaum/gptchem/experiments/03_classification/mof_solvent/balasz/run_experiment.py", line 65, in <module>
    train_test(train_size, i+1559)
    │          │           └ 0
    │          └ 200
    └ <function train_test at 0x1031d50d0>

  File "/Users/kevinmaikjablonka/git/kjappelbaum/gptchem/experiments/03_classification/mof_solvent/balasz/run_experiment.py", line 27, in train_test
    train_dois, test_dois = train_test_split(dois, train_size=train_size, random_state=seed)
                            │                │                │                        └ 1559
                            │                │                └ 200
                            │                └ array(['10.1039/c2jm15604k', '10.1016/j.inoche.2007.01.001',
                            │                         '10.1021/cg101135r', '10.1021/ic502861k',
                            │                         '10.1016...
                            └ <function train_test_split at 0x138054670>

  File "/Users/kevinmaikjablonka/miniconda3/envs/gptchem/lib/python3.9/site-packages/sklearn/model_selection/_split.py", line 2562, in train_test_split
    n_train, n_test = _validate_shuffle_split(
                      └ <function _validate_shuffle_split at 0x138039b80>
  File "/Users/kevinmaikjablonka/miniconda3/envs/gptchem/lib/python3.9/site-packages/sklearn/model_selection/_split.py", line 2193, in _validate_shuffle_split
    raise ValueError(

ValueError: train_size=200 should be either positive and smaller than the number of samples 72 or a float in the (0, 1) range
2023-01-31 15:22:07.315 | ERROR    | __main__:<module>:67 - train_size=400 should be either positive and smaller than the number of samples 72 or a float in the (0, 1) range
Traceback (most recent call last):

> File "/Users/kevinmaikjablonka/git/kjappelbaum/gptchem/experiments/03_classification/mof_solvent/balasz/run_experiment.py", line 65, in <module>
    train_test(train_size, i+1559)
    │          │           └ 0
    │          └ 400
    └ <function train_test at 0x1031d50d0>

  File "/Users/kevinmaikjablonka/git/kjappelbaum/gptchem/experiments/03_classification/mof_solvent/balasz/run_experiment.py", line 27, in train_test
    train_dois, test_dois = train_test_split(dois, train_size=train_size, random_state=seed)
                            │                │                │                        └ 1559
                            │                │                └ 400
                            │                └ array(['10.1039/c2jm15604k', '10.1016/j.inoche.2007.01.001',
                            │                         '10.1021/cg101135r', '10.1021/ic502861k',
                            │                         '10.1016...
                            └ <function train_test_split at 0x138054670>

  File "/Users/kevinmaikjablonka/miniconda3/envs/gptchem/lib/python3.9/site-packages/sklearn/model_selection/_split.py", line 2562, in train_test_split
    n_train, n_test = _validate_shuffle_split(
                      └ <function _validate_shuffle_split at 0x138039b80>
  File "/Users/kevinmaikjablonka/miniconda3/envs/gptchem/lib/python3.9/site-packages/sklearn/model_selection/_split.py", line 2193, in _validate_shuffle_split
    raise ValueError(

ValueError: train_size=400 should be either positive and smaller than the number of samples 72 or a float in the (0, 1) range
[32m[I 2023-01-31 15:22:08,374][0m A new study created in memory with name: no-name-f6d46e0c-4e4e-4ebe-a77d-234c9609f58b[0m
/Users/kevinmaikjablonka/git/kjappelbaum/gptchem/src/gptchem/models/xgboost.py:45: FutureWarning: suggest_loguniform has been deprecated in v3.0.0. This feature will be removed in v6.0.0. See https://github.com/optuna/optuna/releases/tag/v3.0.0. Use :func:`~optuna.trial.Trial.suggest_float` instead.
  "learning_rate": trial.suggest_loguniform("learning_rate", 0.001, 0.05),
/Users/kevinmaikjablonka/git/kjappelbaum/gptchem/src/gptchem/models/xgboost.py:46: FutureWarning: suggest_loguniform has been deprecated in v3.0.0. This feature will be removed in v6.0.0. See https://github.com/optuna/optuna/releases/tag/v3.0.0. Use :func:`~optuna.trial.Trial.suggest_float` instead.
  "colsample_bytree": trial.suggest_loguniform("colsample_bytree", 0.2, 1),
/Users/kevinmaikjablonka/git/kjappelbaum/gptchem/src/gptchem/models/xgboost.py:47: FutureWarning: suggest_loguniform has been deprecated in v3.0.0. This feature will be removed in v6.0.0. See https://github.com/optuna/optuna/releases/tag/v3.0.0. Use :func:`~optuna.trial.Trial.suggest_float` instead.
  "subsample": trial.suggest_loguniform("subsample", 0.00001, 1),
/Users/kevinmaikjablonka/git/kjappelbaum/gptchem/src/gptchem/models/xgboost.py:48: FutureWarning: suggest_loguniform has been deprecated in v3.0.0. This feature will be removed in v6.0.0. See https://github.com/optuna/optuna/releases/tag/v3.0.0. Use :func:`~optuna.trial.Trial.suggest_float` instead.
  "alpha": trial.suggest_loguniform("alpha", 1e-8, 10.0),
/Users/kevinmaikjablonka/git/kjappelbaum/gptchem/src/gptchem/models/xgboost.py:49: FutureWarning: suggest_loguniform has been deprecated in v3.0.0. This feature will be removed in v6.0.0. See https://github.com/optuna/optuna/releases/tag/v3.0.0. Use :func:`~optuna.trial.Trial.suggest_float` instead.
  "lambda": trial.suggest_loguniform("lambda", 1e-8, 10.0),
[32m[I 2023-01-31 15:22:10,021][0m Trial 0 finished with value: 0.13538461538461538 and parameters: {'n_estimators': 3748, 'max_depth': 48, 'learning_rate': 0.01752410111812814, 'colsample_bytree': 0.5241726043075503, 'subsample': 6.0268891286825045e-05, 'alpha': 2.5348407664333426e-07, 'lambda': 3.3323645788192616e-08}. Best is trial 0 with value: 0.13538461538461538.[0m
/Users/kevinmaikjablonka/git/kjappelbaum/gptchem/src/gptchem/models/xgboost.py:45: FutureWarning: suggest_loguniform has been deprecated in v3.0.0. This feature will be removed in v6.0.0. See https://github.com/optuna/optuna/releases/tag/v3.0.0. Use :func:`~optuna.trial.Trial.suggest_float` instead.
  "learning_rate": trial.suggest_loguniform("learning_rate", 0.001, 0.05),
/Users/kevinmaikjablonka/git/kjappelbaum/gptchem/src/gptchem/models/xgboost.py:46: FutureWarning: suggest_loguniform has been deprecated in v3.0.0. This feature will be removed in v6.0.0. See https://github.com/optuna/optuna/releases/tag/v3.0.0. Use :func:`~optuna.trial.Trial.suggest_float` instead.
  "colsample_bytree": trial.suggest_loguniform("colsample_bytree", 0.2, 1),
/Users/kevinmaikjablonka/git/kjappelbaum/gptchem/src/gptchem/models/xgboost.py:47: FutureWarning: suggest_loguniform has been deprecated in v3.0.0. This feature will be removed in v6.0.0. See https://github.com/optuna/optuna/releases/tag/v3.0.0. Use :func:`~optuna.trial.Trial.suggest_float` instead.
  "subsample": trial.suggest_loguniform("subsample", 0.00001, 1),
/Users/kevinmaikjablonka/git/kjappelbaum/gptchem/src/gptchem/models/xgboost.py:48: FutureWarning: suggest_loguniform has been deprecated in v3.0.0. This feature will be removed in v6.0.0. See https://github.com/optuna/optuna/releases/tag/v3.0.0. Use :func:`~optuna.trial.Trial.suggest_float` instead.
  "alpha": trial.suggest_loguniform("alpha", 1e-8, 10.0),
/Users/kevinmaikjablonka/git/kjappelbaum/gptchem/src/gptchem/models/xgboost.py:49: FutureWarning: suggest_loguniform has been deprecated in v3.0.0. This feature will be removed in v6.0.0. See https://github.com/optuna/optuna/releases/tag/v3.0.0. Use :func:`~optuna.trial.Trial.suggest_float` instead.
  "lambda": trial.suggest_loguniform("lambda", 1e-8, 10.0),
