[32m[I 2023-01-31 16:39:20,418][0m Trial 96 finished with value: 0.6306437145141592 and parameters: {'n_estimators': 8096, 'max_depth': 13, 'learning_rate': 0.038246667353751373, 'colsample_bytree': 0.42379752938128795, 'subsample': 0.31333537277326806, 'alpha': 0.007250563940113006, 'lambda': 1.2693252991451424e-07}. Best is trial 71 with value: 0.6781684697050157.[0m
/Users/kevinmaikjablonka/git/kjappelbaum/gptchem/src/gptchem/models/xgboost.py:45: FutureWarning: suggest_loguniform has been deprecated in v3.0.0. This feature will be removed in v6.0.0. See https://github.com/optuna/optuna/releases/tag/v3.0.0. Use :func:`~optuna.trial.Trial.suggest_float` instead.
  "learning_rate": trial.suggest_loguniform("learning_rate", 0.001, 0.05),
/Users/kevinmaikjablonka/git/kjappelbaum/gptchem/src/gptchem/models/xgboost.py:46: FutureWarning: suggest_loguniform has been deprecated in v3.0.0. This feature will be removed in v6.0.0. See https://github.com/optuna/optuna/releases/tag/v3.0.0. Use :func:`~optuna.trial.Trial.suggest_float` instead.
  "colsample_bytree": trial.suggest_loguniform("colsample_bytree", 0.2, 1),
/Users/kevinmaikjablonka/git/kjappelbaum/gptchem/src/gptchem/models/xgboost.py:47: FutureWarning: suggest_loguniform has been deprecated in v3.0.0. This feature will be removed in v6.0.0. See https://github.com/optuna/optuna/releases/tag/v3.0.0. Use :func:`~optuna.trial.Trial.suggest_float` instead.
  "subsample": trial.suggest_loguniform("subsample", 0.00001, 1),
/Users/kevinmaikjablonka/git/kjappelbaum/gptchem/src/gptchem/models/xgboost.py:48: FutureWarning: suggest_loguniform has been deprecated in v3.0.0. This feature will be removed in v6.0.0. See https://github.com/optuna/optuna/releases/tag/v3.0.0. Use :func:`~optuna.trial.Trial.suggest_float` instead.
  "alpha": trial.suggest_loguniform("alpha", 1e-8, 10.0),
/Users/kevinmaikjablonka/git/kjappelbaum/gptchem/src/gptchem/models/xgboost.py:49: FutureWarning: suggest_loguniform has been deprecated in v3.0.0. This feature will be removed in v6.0.0. See https://github.com/optuna/optuna/releases/tag/v3.0.0. Use :func:`~optuna.trial.Trial.suggest_float` instead.
  "lambda": trial.suggest_loguniform("lambda", 1e-8, 10.0),
[32m[I 2023-01-31 16:39:28,274][0m Trial 97 finished with value: 0.4771519652289048 and parameters: {'n_estimators': 8424, 'max_depth': 9, 'learning_rate': 0.002315938794361962, 'colsample_bytree': 0.4540939610463724, 'subsample': 0.21240983620446036, 'alpha': 0.040192803527609774, 'lambda': 2.2297530602476547e-08}. Best is trial 71 with value: 0.6781684697050157.[0m
/Users/kevinmaikjablonka/git/kjappelbaum/gptchem/src/gptchem/models/xgboost.py:45: FutureWarning: suggest_loguniform has been deprecated in v3.0.0. This feature will be removed in v6.0.0. See https://github.com/optuna/optuna/releases/tag/v3.0.0. Use :func:`~optuna.trial.Trial.suggest_float` instead.
  "learning_rate": trial.suggest_loguniform("learning_rate", 0.001, 0.05),
/Users/kevinmaikjablonka/git/kjappelbaum/gptchem/src/gptchem/models/xgboost.py:46: FutureWarning: suggest_loguniform has been deprecated in v3.0.0. This feature will be removed in v6.0.0. See https://github.com/optuna/optuna/releases/tag/v3.0.0. Use :func:`~optuna.trial.Trial.suggest_float` instead.
  "colsample_bytree": trial.suggest_loguniform("colsample_bytree", 0.2, 1),
/Users/kevinmaikjablonka/git/kjappelbaum/gptchem/src/gptchem/models/xgboost.py:47: FutureWarning: suggest_loguniform has been deprecated in v3.0.0. This feature will be removed in v6.0.0. See https://github.com/optuna/optuna/releases/tag/v3.0.0. Use :func:`~optuna.trial.Trial.suggest_float` instead.
  "subsample": trial.suggest_loguniform("subsample", 0.00001, 1),
/Users/kevinmaikjablonka/git/kjappelbaum/gptchem/src/gptchem/models/xgboost.py:48: FutureWarning: suggest_loguniform has been deprecated in v3.0.0. This feature will be removed in v6.0.0. See https://github.com/optuna/optuna/releases/tag/v3.0.0. Use :func:`~optuna.trial.Trial.suggest_float` instead.
  "alpha": trial.suggest_loguniform("alpha", 1e-8, 10.0),
/Users/kevinmaikjablonka/git/kjappelbaum/gptchem/src/gptchem/models/xgboost.py:49: FutureWarning: suggest_loguniform has been deprecated in v3.0.0. This feature will be removed in v6.0.0. See https://github.com/optuna/optuna/releases/tag/v3.0.0. Use :func:`~optuna.trial.Trial.suggest_float` instead.
  "lambda": trial.suggest_loguniform("lambda", 1e-8, 10.0),
[32m[I 2023-01-31 16:39:37,768][0m Trial 98 finished with value: 0.6339003199803441 and parameters: {'n_estimators': 8843, 'max_depth': 18, 'learning_rate': 0.04486914271534711, 'colsample_bytree': 0.6247938045086434, 'subsample': 0.7460129218817166, 'alpha': 0.003789789660364575, 'lambda': 1.4057318741588574e-08}. Best is trial 71 with value: 0.6781684697050157.[0m
/Users/kevinmaikjablonka/git/kjappelbaum/gptchem/src/gptchem/models/xgboost.py:45: FutureWarning: suggest_loguniform has been deprecated in v3.0.0. This feature will be removed in v6.0.0. See https://github.com/optuna/optuna/releases/tag/v3.0.0. Use :func:`~optuna.trial.Trial.suggest_float` instead.
  "learning_rate": trial.suggest_loguniform("learning_rate", 0.001, 0.05),
/Users/kevinmaikjablonka/git/kjappelbaum/gptchem/src/gptchem/models/xgboost.py:46: FutureWarning: suggest_loguniform has been deprecated in v3.0.0. This feature will be removed in v6.0.0. See https://github.com/optuna/optuna/releases/tag/v3.0.0. Use :func:`~optuna.trial.Trial.suggest_float` instead.
  "colsample_bytree": trial.suggest_loguniform("colsample_bytree", 0.2, 1),
/Users/kevinmaikjablonka/git/kjappelbaum/gptchem/src/gptchem/models/xgboost.py:47: FutureWarning: suggest_loguniform has been deprecated in v3.0.0. This feature will be removed in v6.0.0. See https://github.com/optuna/optuna/releases/tag/v3.0.0. Use :func:`~optuna.trial.Trial.suggest_float` instead.
  "subsample": trial.suggest_loguniform("subsample", 0.00001, 1),
/Users/kevinmaikjablonka/git/kjappelbaum/gptchem/src/gptchem/models/xgboost.py:48: FutureWarning: suggest_loguniform has been deprecated in v3.0.0. This feature will be removed in v6.0.0. See https://github.com/optuna/optuna/releases/tag/v3.0.0. Use :func:`~optuna.trial.Trial.suggest_float` instead.
  "alpha": trial.suggest_loguniform("alpha", 1e-8, 10.0),
/Users/kevinmaikjablonka/git/kjappelbaum/gptchem/src/gptchem/models/xgboost.py:49: FutureWarning: suggest_loguniform has been deprecated in v3.0.0. This feature will be removed in v6.0.0. See https://github.com/optuna/optuna/releases/tag/v3.0.0. Use :func:`~optuna.trial.Trial.suggest_float` instead.
  "lambda": trial.suggest_loguniform("lambda", 1e-8, 10.0),
[32m[I 2023-01-31 16:39:43,983][0m Trial 99 finished with value: 0.6305649917250797 and parameters: {'n_estimators': 6610, 'max_depth': 12, 'learning_rate': 0.0388142882492601, 'colsample_bytree': 0.5694344443757127, 'subsample': 0.47262866650632496, 'alpha': 0.0013956105140384293, 'lambda': 1.1025497346667514e-07}. Best is trial 71 with value: 0.6781684697050157.[0m
/Users/kevinmaikjablonka/git/kjappelbaum/gptchem/src/gptchem/formatter.py:882: SettingWithCopyWarning: 
A value is trying to be set on a copy of a slice from a DataFrame

See the caveats in the documentation: https://pandas.pydata.org/pandas-docs/stable/user_guide/indexing.html#returning-a-view-versus-a-copy
  df.dropna(subset=[self.ligand_column] + [self.inorganic_salt_column], inplace=True)
/Users/kevinmaikjablonka/git/kjappelbaum/gptchem/src/gptchem/formatter.py:882: SettingWithCopyWarning: 
A value is trying to be set on a copy of a slice from a DataFrame

See the caveats in the documentation: https://pandas.pydata.org/pandas-docs/stable/user_guide/indexing.html#returning-a-view-versus-a-copy
  df.dropna(subset=[self.ligand_column] + [self.inorganic_salt_column], inplace=True)
Uploaded file from /Users/kevinmaikjablonka/git/kjappelbaum/gptchem/experiments/03_classification/mof_solvent/balasz/out/20230131_153453/train.jsonl: file-RXyDB7EDyi9aN4awaUeYKn7L
Loading model that can be used for inference only
Using a Transformer with 25.82 M parameters
Upload progress:   0%|          | 0.00/67.1k [00:00<?, ?it/s]Upload progress: 100%|██████████| 67.1k/67.1k [00:00<00:00, 92.8Mit/s]
2023-01-31 16:42:12.239 | DEBUG    | gptchem.tuner:tune:188 - Requested fine tuning. {
  "created_at": 1675179732,
  "events": [
    {
      "created_at": 1675179732,
      "level": "info",
      "message": "Created fine-tune: ft-zPaT9dVpCjZlPuAsUmVe6ltf",
      "object": "fine-tune-event"
    }
  ],
  "fine_tuned_model": null,
  "hyperparams": {
    "batch_size": null,
    "learning_rate_multiplier": 0.02,
    "n_epochs": 8,
    "prompt_loss_weight": 0.01
  },
  "id": "ft-zPaT9dVpCjZlPuAsUmVe6ltf",
  "model": "ada",
  "object": "fine-tune",
  "organization_id": "org-TFRJXw3PPQocOWbu71eI2t9U",
  "result_files": [],
  "status": "pending",
  "training_files": [
    {
      "bytes": 67071,
      "created_at": 1675179731,
      "filename": "/Users/kevinmaikjablonka/git/kjappelbaum/gptchem/experiments/03_classification/mof_solvent/balasz/out/20230131_164147/train.jsonl",
      "id": "file-Mh5kVrxaZksKzQcc0Uman8JR",
      "object": "file",
      "purpose": "fine-tune",
      "status": "uploaded",
      "status_details": null
    }
  ],
  "updated_at": 1675179732,
  "validation_files": []
}
2023-01-31 16:42:12.417 | DEBUG    | gptchem.tuner:get_ft_model_name:29 - Fine tuning status: pending
2023-01-31 16:44:12.874 | DEBUG    | gptchem.tuner:get_ft_model_name:29 - Fine tuning status: pending
2023-01-31 16:46:13.355 | DEBUG    | gptchem.tuner:get_ft_model_name:29 - Fine tuning status: pending
2023-01-31 16:48:13.803 | DEBUG    | gptchem.tuner:get_ft_model_name:29 - Fine tuning status: pending
2023-01-31 16:50:14.354 | DEBUG    | gptchem.tuner:get_ft_model_name:29 - Fine tuning status: pending
2023-01-31 16:52:14.809 | DEBUG    | gptchem.tuner:get_ft_model_name:29 - Fine tuning status: pending
2023-01-31 16:54:15.281 | DEBUG    | gptchem.tuner:get_ft_model_name:29 - Fine tuning status: pending
2023-01-31 16:56:15.723 | DEBUG    | gptchem.tuner:get_ft_model_name:29 - Fine tuning status: pending
2023-01-31 16:58:16.186 | DEBUG    | gptchem.tuner:get_ft_model_name:29 - Fine tuning status: pending
2023-01-31 17:00:32.897 | DEBUG    | gptchem.tuner:get_ft_model_name:29 - Fine tuning status: pending
2023-01-31 17:02:33.354 | DEBUG    | gptchem.tuner:get_ft_model_name:29 - Fine tuning status: pending
2023-01-31 17:04:33.877 | DEBUG    | gptchem.tuner:get_ft_model_name:29 - Fine tuning status: pending
2023-01-31 17:06:34.689 | DEBUG    | gptchem.tuner:get_ft_model_name:29 - Fine tuning status: pending
2023-01-31 17:08:35.277 | DEBUG    | gptchem.tuner:get_ft_model_name:29 - Fine tuning status: pending
2023-01-31 17:10:36.059 | DEBUG    | gptchem.tuner:get_ft_model_name:29 - Fine tuning status: pending
2023-01-31 17:12:36.635 | DEBUG    | gptchem.tuner:get_ft_model_name:29 - Fine tuning status: pending
2023-01-31 17:14:37.259 | DEBUG    | gptchem.tuner:get_ft_model_name:29 - Fine tuning status: pending
2023-01-31 17:16:38.036 | DEBUG    | gptchem.tuner:get_ft_model_name:29 - Fine tuning status: pending
2023-01-31 17:18:38.619 | DEBUG    | gptchem.tuner:get_ft_model_name:29 - Fine tuning status: pending
2023-01-31 17:20:39.227 | DEBUG    | gptchem.tuner:get_ft_model_name:29 - Fine tuning status: pending
2023-01-31 17:22:40.292 | DEBUG    | gptchem.tuner:get_ft_model_name:29 - Fine tuning status: pending
2023-01-31 17:24:40.786 | DEBUG    | gptchem.tuner:get_ft_model_name:29 - Fine tuning status: pending
2023-01-31 17:26:41.672 | DEBUG    | gptchem.tuner:get_ft_model_name:29 - Fine tuning status: pending
2023-01-31 17:28:42.270 | DEBUG    | gptchem.tuner:get_ft_model_name:29 - Fine tuning status: pending
2023-01-31 17:30:42.873 | DEBUG    | gptchem.tuner:get_ft_model_name:29 - Fine tuning status: pending
2023-01-31 17:32:43.631 | DEBUG    | gptchem.tuner:get_ft_model_name:29 - Fine tuning status: pending
2023-01-31 17:34:44.241 | DEBUG    | gptchem.tuner:get_ft_model_name:29 - Fine tuning status: pending
2023-01-31 17:36:44.812 | DEBUG    | gptchem.tuner:get_ft_model_name:29 - Fine tuning status: pending
2023-01-31 17:38:45.424 | DEBUG    | gptchem.tuner:get_ft_model_name:29 - Fine tuning status: pending
2023-01-31 17:40:46.030 | DEBUG    | gptchem.tuner:get_ft_model_name:29 - Fine tuning status: pending
2023-01-31 17:42:46.593 | DEBUG    | gptchem.tuner:get_ft_model_name:29 - Fine tuning status: pending
2023-01-31 17:44:47.240 | DEBUG    | gptchem.tuner:get_ft_model_name:29 - Fine tuning status: pending
2023-01-31 17:46:47.840 | DEBUG    | gptchem.tuner:get_ft_model_name:29 - Fine tuning status: pending
2023-01-31 17:48:48.451 | DEBUG    | gptchem.tuner:get_ft_model_name:29 - Fine tuning status: pending
2023-01-31 17:50:49.203 | DEBUG    | gptchem.tuner:get_ft_model_name:29 - Fine tuning status: pending
2023-01-31 17:52:49.801 | DEBUG    | gptchem.tuner:get_ft_model_name:29 - Fine tuning status: pending
2023-01-31 17:54:50.408 | DEBUG    | gptchem.tuner:get_ft_model_name:29 - Fine tuning status: pending
2023-01-31 17:56:51.024 | DEBUG    | gptchem.tuner:get_ft_model_name:29 - Fine tuning status: pending
2023-01-31 17:58:52.255 | DEBUG    | gptchem.tuner:get_ft_model_name:29 - Fine tuning status: pending
2023-01-31 18:05:00.508 | DEBUG    | gptchem.tuner:get_ft_model_name:29 - Fine tuning status: pending
2023-01-31 18:07:01.077 | DEBUG    | gptchem.tuner:get_ft_model_name:29 - Fine tuning status: pending
2023-01-31 18:09:01.620 | DEBUG    | gptchem.tuner:get_ft_model_name:29 - Fine tuning status: pending
2023-01-31 18:11:02.362 | DEBUG    | gptchem.tuner:get_ft_model_name:29 - Fine tuning status: pending
2023-01-31 18:13:02.943 | DEBUG    | gptchem.tuner:get_ft_model_name:29 - Fine tuning status: pending
2023-01-31 18:15:03.554 | DEBUG    | gptchem.tuner:get_ft_model_name:29 - Fine tuning status: pending
2023-01-31 18:17:04.597 | DEBUG    | gptchem.tuner:get_ft_model_name:29 - Fine tuning status: pending
2023-01-31 18:19:05.226 | DEBUG    | gptchem.tuner:get_ft_model_name:29 - Fine tuning status: pending
2023-01-31 18:21:05.804 | DEBUG    | gptchem.tuner:get_ft_model_name:29 - Fine tuning status: pending
2023-01-31 18:23:06.412 | DEBUG    | gptchem.tuner:get_ft_model_name:29 - Fine tuning status: pending
2023-01-31 18:25:07.055 | DEBUG    | gptchem.tuner:get_ft_model_name:29 - Fine tuning status: pending
2023-01-31 18:35:54.606 | DEBUG    | gptchem.tuner:get_ft_model_name:29 - Fine tuning status: pending
2023-01-31 18:37:55.218 | DEBUG    | gptchem.tuner:get_ft_model_name:29 - Fine tuning status: pending
2023-01-31 18:39:55.917 | DEBUG    | gptchem.tuner:get_ft_model_name:29 - Fine tuning status: pending
2023-01-31 18:41:56.517 | DEBUG    | gptchem.tuner:get_ft_model_name:29 - Fine tuning status: pending
2023-01-31 18:43:57.190 | DEBUG    | gptchem.tuner:get_ft_model_name:29 - Fine tuning status: pending
2023-01-31 18:45:57.949 | DEBUG    | gptchem.tuner:get_ft_model_name:29 - Fine tuning status: pending
2023-01-31 18:47:59.066 | DEBUG    | gptchem.tuner:get_ft_model_name:29 - Fine tuning status: pending
2023-01-31 18:49:59.976 | DEBUG    | gptchem.tuner:get_ft_model_name:29 - Fine tuning status: pending
2023-01-31 18:52:01.118 | DEBUG    | gptchem.tuner:get_ft_model_name:29 - Fine tuning status: pending
2023-01-31 18:54:01.785 | DEBUG    | gptchem.tuner:get_ft_model_name:29 - Fine tuning status: pending
2023-01-31 18:56:05.309 | DEBUG    | gptchem.tuner:get_ft_model_name:29 - Fine tuning status: pending
2023-01-31 18:58:05.979 | DEBUG    | gptchem.tuner:get_ft_model_name:29 - Fine tuning status: pending
2023-01-31 19:00:06.574 | DEBUG    | gptchem.tuner:get_ft_model_name:29 - Fine tuning status: pending
2023-01-31 19:02:07.354 | DEBUG    | gptchem.tuner:get_ft_model_name:29 - Fine tuning status: pending
2023-01-31 19:04:24.610 | DEBUG    | gptchem.tuner:get_ft_model_name:29 - Fine tuning status: pending
2023-01-31 19:06:25.216 | DEBUG    | gptchem.tuner:get_ft_model_name:29 - Fine tuning status: pending
2023-01-31 19:08:25.987 | DEBUG    | gptchem.tuner:get_ft_model_name:29 - Fine tuning status: pending
2023-01-31 19:10:26.752 | DEBUG    | gptchem.tuner:get_ft_model_name:29 - Fine tuning status: pending
2023-01-31 19:12:27.459 | DEBUG    | gptchem.tuner:get_ft_model_name:29 - Fine tuning status: pending
2023-01-31 19:40:43.124 | DEBUG    | gptchem.tuner:get_ft_model_name:29 - Fine tuning status: pending
2023-01-31 19:42:43.729 | DEBUG    | gptchem.tuner:get_ft_model_name:29 - Fine tuning status: pending
2023-01-31 19:44:44.422 | DEBUG    | gptchem.tuner:get_ft_model_name:29 - Fine tuning status: pending
2023-01-31 19:46:45.045 | DEBUG    | gptchem.tuner:get_ft_model_name:29 - Fine tuning status: running
2023-01-31 19:54:08.641 | DEBUG    | gptchem.tuner:get_ft_model_name:29 - Fine tuning status: succeeded
2023-01-31 19:54:08.644 | DEBUG    | gptchem.tuner:tune:207 - Fine tuning completed. {'base_model': 'ada', 'batch_size': None, 'n_epochs': 8, 'learning_rate_multiplier': 0.02, 'run_name': None, 'wandb_sync': False, 'outdir': '/Users/kevinmaikjablonka/git/kjappelbaum/gptchem/experiments/03_classification/mof_solvent/balasz/out/20230131_164147', 'train_filename': '/Users/kevinmaikjablonka/git/kjappelbaum/gptchem/experiments/03_classification/mof_solvent/balasz/out/20230131_164147/train.jsonl', 'valid_filename': 'None', 'model_name': 'ada:ft-lsmoepfl-2023-01-31-18-49-28', 'ft_id': 'ft-zPaT9dVpCjZlPuAsUmVe6ltf', 'date': '20230131_195408', 'train_file_id': 'file-Mh5kVrxaZksKzQcc0Uman8JR', 'valid_file_id': None}
[32m[I 2023-01-31 19:54:14,264][0m A new study created in memory with name: no-name-c8c6a9ef-e482-4a88-9a0d-8ba176e1e5e1[0m
/Users/kevinmaikjablonka/git/kjappelbaum/gptchem/src/gptchem/models/xgboost.py:45: FutureWarning: suggest_loguniform has been deprecated in v3.0.0. This feature will be removed in v6.0.0. See https://github.com/optuna/optuna/releases/tag/v3.0.0. Use :func:`~optuna.trial.Trial.suggest_float` instead.
  "learning_rate": trial.suggest_loguniform("learning_rate", 0.001, 0.05),
/Users/kevinmaikjablonka/git/kjappelbaum/gptchem/src/gptchem/models/xgboost.py:46: FutureWarning: suggest_loguniform has been deprecated in v3.0.0. This feature will be removed in v6.0.0. See https://github.com/optuna/optuna/releases/tag/v3.0.0. Use :func:`~optuna.trial.Trial.suggest_float` instead.
  "colsample_bytree": trial.suggest_loguniform("colsample_bytree", 0.2, 1),
/Users/kevinmaikjablonka/git/kjappelbaum/gptchem/src/gptchem/models/xgboost.py:47: FutureWarning: suggest_loguniform has been deprecated in v3.0.0. This feature will be removed in v6.0.0. See https://github.com/optuna/optuna/releases/tag/v3.0.0. Use :func:`~optuna.trial.Trial.suggest_float` instead.
  "subsample": trial.suggest_loguniform("subsample", 0.00001, 1),
/Users/kevinmaikjablonka/git/kjappelbaum/gptchem/src/gptchem/models/xgboost.py:48: FutureWarning: suggest_loguniform has been deprecated in v3.0.0. This feature will be removed in v6.0.0. See https://github.com/optuna/optuna/releases/tag/v3.0.0. Use :func:`~optuna.trial.Trial.suggest_float` instead.
  "alpha": trial.suggest_loguniform("alpha", 1e-8, 10.0),
/Users/kevinmaikjablonka/git/kjappelbaum/gptchem/src/gptchem/models/xgboost.py:49: FutureWarning: suggest_loguniform has been deprecated in v3.0.0. This feature will be removed in v6.0.0. See https://github.com/optuna/optuna/releases/tag/v3.0.0. Use :func:`~optuna.trial.Trial.suggest_float` instead.
  "lambda": trial.suggest_loguniform("lambda", 1e-8, 10.0),
[32m[I 2023-01-31 19:54:15,476][0m Trial 0 finished with value: 0.2883430210856185 and parameters: {'n_estimators': 3748, 'max_depth': 48, 'learning_rate': 0.01752410111812814, 'colsample_bytree': 0.5241726043075503, 'subsample': 6.0268891286825045e-05, 'alpha': 2.5348407664333426e-07, 'lambda': 3.3323645788192616e-08}. Best is trial 0 with value: 0.2883430210856185.[0m
/Users/kevinmaikjablonka/git/kjappelbaum/gptchem/src/gptchem/models/xgboost.py:45: FutureWarning: suggest_loguniform has been deprecated in v3.0.0. This feature will be removed in v6.0.0. See https://github.com/optuna/optuna/releases/tag/v3.0.0. Use :func:`~optuna.trial.Trial.suggest_float` instead.
  "learning_rate": trial.suggest_loguniform("learning_rate", 0.001, 0.05),
/Users/kevinmaikjablonka/git/kjappelbaum/gptchem/src/gptchem/models/xgboost.py:46: FutureWarning: suggest_loguniform has been deprecated in v3.0.0. This feature will be removed in v6.0.0. See https://github.com/optuna/optuna/releases/tag/v3.0.0. Use :func:`~optuna.trial.Trial.suggest_float` instead.
  "colsample_bytree": trial.suggest_loguniform("colsample_bytree", 0.2, 1),
/Users/kevinmaikjablonka/git/kjappelbaum/gptchem/src/gptchem/models/xgboost.py:47: FutureWarning: suggest_loguniform has been deprecated in v3.0.0. This feature will be removed in v6.0.0. See https://github.com/optuna/optuna/releases/tag/v3.0.0. Use :func:`~optuna.trial.Trial.suggest_float` instead.
  "subsample": trial.suggest_loguniform("subsample", 0.00001, 1),
/Users/kevinmaikjablonka/git/kjappelbaum/gptchem/src/gptchem/models/xgboost.py:48: FutureWarning: suggest_loguniform has been deprecated in v3.0.0. This feature will be removed in v6.0.0. See https://github.com/optuna/optuna/releases/tag/v3.0.0. Use :func:`~optuna.trial.Trial.suggest_float` instead.
  "alpha": trial.suggest_loguniform("alpha", 1e-8, 10.0),
/Users/kevinmaikjablonka/git/kjappelbaum/gptchem/src/gptchem/models/xgboost.py:49: FutureWarning: suggest_loguniform has been deprecated in v3.0.0. This feature will be removed in v6.0.0. See https://github.com/optuna/optuna/releases/tag/v3.0.0. Use :func:`~optuna.trial.Trial.suggest_float` instead.
  "lambda": trial.suggest_loguniform("lambda", 1e-8, 10.0),
