[32m[I 2023-01-31 22:52:03,088][0m Trial 97 finished with value: 0.6261904761904762 and parameters: {'n_estimators': 4644, 'max_depth': 18, 'learning_rate': 0.001542339828136956, 'colsample_bytree': 0.23601400656449037, 'subsample': 0.19953851844581877, 'alpha': 0.07292733943877146, 'lambda': 1.6337884080864848e-06}. Best is trial 1 with value: 0.6261904761904762.[0m
/Users/kevinmaikjablonka/git/kjappelbaum/gptchem/src/gptchem/models/xgboost.py:45: FutureWarning: suggest_loguniform has been deprecated in v3.0.0. This feature will be removed in v6.0.0. See https://github.com/optuna/optuna/releases/tag/v3.0.0. Use :func:`~optuna.trial.Trial.suggest_float` instead.
  "learning_rate": trial.suggest_loguniform("learning_rate", 0.001, 0.05),
/Users/kevinmaikjablonka/git/kjappelbaum/gptchem/src/gptchem/models/xgboost.py:46: FutureWarning: suggest_loguniform has been deprecated in v3.0.0. This feature will be removed in v6.0.0. See https://github.com/optuna/optuna/releases/tag/v3.0.0. Use :func:`~optuna.trial.Trial.suggest_float` instead.
  "colsample_bytree": trial.suggest_loguniform("colsample_bytree", 0.2, 1),
/Users/kevinmaikjablonka/git/kjappelbaum/gptchem/src/gptchem/models/xgboost.py:47: FutureWarning: suggest_loguniform has been deprecated in v3.0.0. This feature will be removed in v6.0.0. See https://github.com/optuna/optuna/releases/tag/v3.0.0. Use :func:`~optuna.trial.Trial.suggest_float` instead.
  "subsample": trial.suggest_loguniform("subsample", 0.00001, 1),
/Users/kevinmaikjablonka/git/kjappelbaum/gptchem/src/gptchem/models/xgboost.py:48: FutureWarning: suggest_loguniform has been deprecated in v3.0.0. This feature will be removed in v6.0.0. See https://github.com/optuna/optuna/releases/tag/v3.0.0. Use :func:`~optuna.trial.Trial.suggest_float` instead.
  "alpha": trial.suggest_loguniform("alpha", 1e-8, 10.0),
/Users/kevinmaikjablonka/git/kjappelbaum/gptchem/src/gptchem/models/xgboost.py:49: FutureWarning: suggest_loguniform has been deprecated in v3.0.0. This feature will be removed in v6.0.0. See https://github.com/optuna/optuna/releases/tag/v3.0.0. Use :func:`~optuna.trial.Trial.suggest_float` instead.
  "lambda": trial.suggest_loguniform("lambda", 1e-8, 10.0),
[32m[I 2023-01-31 22:52:05,570][0m Trial 98 finished with value: 0.6261904761904762 and parameters: {'n_estimators': 8495, 'max_depth': 4, 'learning_rate': 0.022547878923158567, 'colsample_bytree': 0.5264719318669322, 'subsample': 0.0486515215213129, 'alpha': 2.709489951562705e-06, 'lambda': 5.73137796059564e-05}. Best is trial 1 with value: 0.6261904761904762.[0m
/Users/kevinmaikjablonka/git/kjappelbaum/gptchem/src/gptchem/models/xgboost.py:45: FutureWarning: suggest_loguniform has been deprecated in v3.0.0. This feature will be removed in v6.0.0. See https://github.com/optuna/optuna/releases/tag/v3.0.0. Use :func:`~optuna.trial.Trial.suggest_float` instead.
  "learning_rate": trial.suggest_loguniform("learning_rate", 0.001, 0.05),
/Users/kevinmaikjablonka/git/kjappelbaum/gptchem/src/gptchem/models/xgboost.py:46: FutureWarning: suggest_loguniform has been deprecated in v3.0.0. This feature will be removed in v6.0.0. See https://github.com/optuna/optuna/releases/tag/v3.0.0. Use :func:`~optuna.trial.Trial.suggest_float` instead.
  "colsample_bytree": trial.suggest_loguniform("colsample_bytree", 0.2, 1),
/Users/kevinmaikjablonka/git/kjappelbaum/gptchem/src/gptchem/models/xgboost.py:47: FutureWarning: suggest_loguniform has been deprecated in v3.0.0. This feature will be removed in v6.0.0. See https://github.com/optuna/optuna/releases/tag/v3.0.0. Use :func:`~optuna.trial.Trial.suggest_float` instead.
  "subsample": trial.suggest_loguniform("subsample", 0.00001, 1),
/Users/kevinmaikjablonka/git/kjappelbaum/gptchem/src/gptchem/models/xgboost.py:48: FutureWarning: suggest_loguniform has been deprecated in v3.0.0. This feature will be removed in v6.0.0. See https://github.com/optuna/optuna/releases/tag/v3.0.0. Use :func:`~optuna.trial.Trial.suggest_float` instead.
  "alpha": trial.suggest_loguniform("alpha", 1e-8, 10.0),
/Users/kevinmaikjablonka/git/kjappelbaum/gptchem/src/gptchem/models/xgboost.py:49: FutureWarning: suggest_loguniform has been deprecated in v3.0.0. This feature will be removed in v6.0.0. See https://github.com/optuna/optuna/releases/tag/v3.0.0. Use :func:`~optuna.trial.Trial.suggest_float` instead.
  "lambda": trial.suggest_loguniform("lambda", 1e-8, 10.0),
[32m[I 2023-01-31 22:52:07,896][0m Trial 99 finished with value: 0.6261904761904762 and parameters: {'n_estimators': 7988, 'max_depth': 43, 'learning_rate': 0.042318692073904686, 'colsample_bytree': 0.5091234140678287, 'subsample': 0.05815802095976454, 'alpha': 3.566831654770928e-07, 'lambda': 0.011412404611780348}. Best is trial 1 with value: 0.6261904761904762.[0m
/Users/kevinmaikjablonka/git/kjappelbaum/gptchem/src/gptchem/formatter.py:882: SettingWithCopyWarning: 
A value is trying to be set on a copy of a slice from a DataFrame

See the caveats in the documentation: https://pandas.pydata.org/pandas-docs/stable/user_guide/indexing.html#returning-a-view-versus-a-copy
  df.dropna(subset=[self.ligand_column] + [self.inorganic_salt_column], inplace=True)
/Users/kevinmaikjablonka/git/kjappelbaum/gptchem/src/gptchem/formatter.py:882: SettingWithCopyWarning: 
A value is trying to be set on a copy of a slice from a DataFrame

See the caveats in the documentation: https://pandas.pydata.org/pandas-docs/stable/user_guide/indexing.html#returning-a-view-versus-a-copy
  df.dropna(subset=[self.ligand_column] + [self.inorganic_salt_column], inplace=True)
Uploaded file from /Users/kevinmaikjablonka/git/kjappelbaum/gptchem/experiments/03_classification/mof_solvent/balasz/out/20230131_224513/train.jsonl: file-w9Fx4ayNHAWIrzuPVpdtlnTj
Loading model that can be used for inference only
Using a Transformer with 25.82 M parameters
Upload progress:   0%|          | 0.00/32.8k [00:00<?, ?it/s]Upload progress: 100%|██████████| 32.8k/32.8k [00:00<00:00, 65.1Mit/s]
2023-01-31 22:52:41.401 | DEBUG    | gptchem.tuner:tune:188 - Requested fine tuning. {
  "created_at": 1675201961,
  "events": [
    {
      "created_at": 1675201961,
      "level": "info",
      "message": "Created fine-tune: ft-q5S62Gr2ccpGWB8XzSbET9oY",
      "object": "fine-tune-event"
    }
  ],
  "fine_tuned_model": null,
  "hyperparams": {
    "batch_size": null,
    "learning_rate_multiplier": 0.02,
    "n_epochs": 8,
    "prompt_loss_weight": 0.01
  },
  "id": "ft-q5S62Gr2ccpGWB8XzSbET9oY",
  "model": "ada",
  "object": "fine-tune",
  "organization_id": "org-TFRJXw3PPQocOWbu71eI2t9U",
  "result_files": [],
  "status": "pending",
  "training_files": [
    {
      "bytes": 32809,
      "created_at": 1675201961,
      "filename": "/Users/kevinmaikjablonka/git/kjappelbaum/gptchem/experiments/03_classification/mof_solvent/balasz/out/20230131_225239/train.jsonl",
      "id": "file-I4qucqQoMm72qOi3Zs32p3Ae",
      "object": "file",
      "purpose": "fine-tune",
      "status": "uploaded",
      "status_details": null
    }
  ],
  "updated_at": 1675201961,
  "validation_files": []
}
2023-01-31 22:52:41.673 | DEBUG    | gptchem.tuner:get_ft_model_name:29 - Fine tuning status: pending
2023-01-31 22:54:42.448 | DEBUG    | gptchem.tuner:get_ft_model_name:29 - Fine tuning status: pending
2023-01-31 22:56:43.233 | DEBUG    | gptchem.tuner:get_ft_model_name:29 - Fine tuning status: pending
2023-01-31 22:58:43.950 | DEBUG    | gptchem.tuner:get_ft_model_name:29 - Fine tuning status: pending
2023-01-31 23:00:44.440 | DEBUG    | gptchem.tuner:get_ft_model_name:29 - Fine tuning status: pending
2023-01-31 23:02:45.121 | DEBUG    | gptchem.tuner:get_ft_model_name:29 - Fine tuning status: pending
2023-01-31 23:04:46.228 | DEBUG    | gptchem.tuner:get_ft_model_name:29 - Fine tuning status: pending
2023-01-31 23:06:46.811 | DEBUG    | gptchem.tuner:get_ft_model_name:29 - Fine tuning status: pending
2023-01-31 23:08:47.394 | DEBUG    | gptchem.tuner:get_ft_model_name:29 - Fine tuning status: pending
2023-01-31 23:10:48.202 | DEBUG    | gptchem.tuner:get_ft_model_name:29 - Fine tuning status: pending
2023-01-31 23:12:48.724 | DEBUG    | gptchem.tuner:get_ft_model_name:29 - Fine tuning status: pending
2023-01-31 23:14:49.346 | DEBUG    | gptchem.tuner:get_ft_model_name:29 - Fine tuning status: pending
2023-01-31 23:16:49.890 | DEBUG    | gptchem.tuner:get_ft_model_name:29 - Fine tuning status: pending
2023-01-31 23:18:50.473 | DEBUG    | gptchem.tuner:get_ft_model_name:29 - Fine tuning status: pending
2023-01-31 23:20:51.587 | DEBUG    | gptchem.tuner:get_ft_model_name:29 - Fine tuning status: pending
2023-01-31 23:22:52.359 | DEBUG    | gptchem.tuner:get_ft_model_name:29 - Fine tuning status: pending
2023-01-31 23:24:52.923 | DEBUG    | gptchem.tuner:get_ft_model_name:29 - Fine tuning status: pending
2023-01-31 23:26:53.498 | DEBUG    | gptchem.tuner:get_ft_model_name:29 - Fine tuning status: pending
2023-01-31 23:28:54.081 | DEBUG    | gptchem.tuner:get_ft_model_name:29 - Fine tuning status: pending
2023-01-31 23:30:54.673 | DEBUG    | gptchem.tuner:get_ft_model_name:29 - Fine tuning status: pending
2023-01-31 23:32:55.255 | DEBUG    | gptchem.tuner:get_ft_model_name:29 - Fine tuning status: pending
2023-01-31 23:34:55.847 | DEBUG    | gptchem.tuner:get_ft_model_name:29 - Fine tuning status: pending
2023-01-31 23:36:56.631 | DEBUG    | gptchem.tuner:get_ft_model_name:29 - Fine tuning status: pending
2023-01-31 23:38:57.344 | DEBUG    | gptchem.tuner:get_ft_model_name:29 - Fine tuning status: pending
2023-01-31 23:40:57.977 | DEBUG    | gptchem.tuner:get_ft_model_name:29 - Fine tuning status: pending
2023-01-31 23:42:58.559 | DEBUG    | gptchem.tuner:get_ft_model_name:29 - Fine tuning status: pending
2023-01-31 23:44:59.092 | DEBUG    | gptchem.tuner:get_ft_model_name:29 - Fine tuning status: pending
2023-01-31 23:46:59.724 | DEBUG    | gptchem.tuner:get_ft_model_name:29 - Fine tuning status: pending
2023-01-31 23:49:00.258 | DEBUG    | gptchem.tuner:get_ft_model_name:29 - Fine tuning status: pending
2023-01-31 23:51:00.842 | DEBUG    | gptchem.tuner:get_ft_model_name:29 - Fine tuning status: pending
2023-01-31 23:53:01.949 | DEBUG    | gptchem.tuner:get_ft_model_name:29 - Fine tuning status: pending
2023-01-31 23:55:02.714 | DEBUG    | gptchem.tuner:get_ft_model_name:29 - Fine tuning status: pending
2023-01-31 23:57:03.293 | DEBUG    | gptchem.tuner:get_ft_model_name:29 - Fine tuning status: pending
2023-01-31 23:59:03.874 | DEBUG    | gptchem.tuner:get_ft_model_name:29 - Fine tuning status: pending
2023-02-01 00:01:04.448 | DEBUG    | gptchem.tuner:get_ft_model_name:29 - Fine tuning status: pending
2023-02-01 00:03:05.029 | DEBUG    | gptchem.tuner:get_ft_model_name:29 - Fine tuning status: pending
2023-02-01 00:05:05.651 | DEBUG    | gptchem.tuner:get_ft_model_name:29 - Fine tuning status: pending
2023-02-01 00:07:06.223 | DEBUG    | gptchem.tuner:get_ft_model_name:29 - Fine tuning status: pending
2023-02-01 00:09:07.197 | DEBUG    | gptchem.tuner:get_ft_model_name:29 - Fine tuning status: pending
2023-02-01 00:11:07.759 | DEBUG    | gptchem.tuner:get_ft_model_name:29 - Fine tuning status: pending
2023-02-01 00:13:08.338 | DEBUG    | gptchem.tuner:get_ft_model_name:29 - Fine tuning status: pending
2023-02-01 00:15:08.878 | DEBUG    | gptchem.tuner:get_ft_model_name:29 - Fine tuning status: pending
2023-02-01 00:17:09.367 | DEBUG    | gptchem.tuner:get_ft_model_name:29 - Fine tuning status: pending
2023-02-01 00:19:10.086 | DEBUG    | gptchem.tuner:get_ft_model_name:29 - Fine tuning status: pending
2023-02-01 00:21:10.625 | DEBUG    | gptchem.tuner:get_ft_model_name:29 - Fine tuning status: pending
2023-02-01 00:23:11.259 | DEBUG    | gptchem.tuner:get_ft_model_name:29 - Fine tuning status: pending
2023-02-01 00:25:11.984 | DEBUG    | gptchem.tuner:get_ft_model_name:29 - Fine tuning status: pending
2023-02-01 00:27:12.582 | DEBUG    | gptchem.tuner:get_ft_model_name:29 - Fine tuning status: pending
2023-02-01 00:29:15.247 | DEBUG    | gptchem.tuner:get_ft_model_name:29 - Fine tuning status: pending
2023-02-01 00:31:15.694 | DEBUG    | gptchem.tuner:get_ft_model_name:29 - Fine tuning status: pending
2023-02-01 00:33:16.217 | DEBUG    | gptchem.tuner:get_ft_model_name:29 - Fine tuning status: pending
2023-02-01 00:35:17.326 | DEBUG    | gptchem.tuner:get_ft_model_name:29 - Fine tuning status: pending
2023-02-01 00:37:17.908 | DEBUG    | gptchem.tuner:get_ft_model_name:29 - Fine tuning status: pending
2023-02-01 00:39:18.492 | DEBUG    | gptchem.tuner:get_ft_model_name:29 - Fine tuning status: pending
2023-02-01 00:41:19.076 | DEBUG    | gptchem.tuner:get_ft_model_name:29 - Fine tuning status: pending
2023-02-01 00:43:19.656 | DEBUG    | gptchem.tuner:get_ft_model_name:29 - Fine tuning status: pending
2023-02-01 00:45:20.432 | DEBUG    | gptchem.tuner:get_ft_model_name:29 - Fine tuning status: pending
2023-02-01 00:47:20.953 | DEBUG    | gptchem.tuner:get_ft_model_name:29 - Fine tuning status: pending
2023-02-01 00:49:21.535 | DEBUG    | gptchem.tuner:get_ft_model_name:29 - Fine tuning status: pending
2023-02-01 00:51:22.182 | DEBUG    | gptchem.tuner:get_ft_model_name:29 - Fine tuning status: pending
2023-02-01 00:53:22.712 | DEBUG    | gptchem.tuner:get_ft_model_name:29 - Fine tuning status: pending
2023-02-01 00:55:23.278 | DEBUG    | gptchem.tuner:get_ft_model_name:29 - Fine tuning status: pending
2023-02-01 00:57:23.881 | DEBUG    | gptchem.tuner:get_ft_model_name:29 - Fine tuning status: pending
2023-02-01 00:59:24.452 | DEBUG    | gptchem.tuner:get_ft_model_name:29 - Fine tuning status: pending
2023-02-01 01:01:25.026 | DEBUG    | gptchem.tuner:get_ft_model_name:29 - Fine tuning status: pending
2023-02-01 01:03:25.626 | DEBUG    | gptchem.tuner:get_ft_model_name:29 - Fine tuning status: pending
2023-02-01 01:05:26.197 | DEBUG    | gptchem.tuner:get_ft_model_name:29 - Fine tuning status: pending
2023-02-01 01:07:26.665 | DEBUG    | gptchem.tuner:get_ft_model_name:29 - Fine tuning status: pending
2023-02-01 01:09:27.261 | DEBUG    | gptchem.tuner:get_ft_model_name:29 - Fine tuning status: pending
2023-02-01 01:11:27.841 | DEBUG    | gptchem.tuner:get_ft_model_name:29 - Fine tuning status: pending
2023-02-01 01:13:28.424 | DEBUG    | gptchem.tuner:get_ft_model_name:29 - Fine tuning status: pending
2023-02-01 01:15:29.037 | DEBUG    | gptchem.tuner:get_ft_model_name:29 - Fine tuning status: pending
2023-02-01 01:17:29.619 | DEBUG    | gptchem.tuner:get_ft_model_name:29 - Fine tuning status: pending
2023-02-01 01:19:30.203 | DEBUG    | gptchem.tuner:get_ft_model_name:29 - Fine tuning status: pending
2023-02-01 01:21:31.359 | DEBUG    | gptchem.tuner:get_ft_model_name:29 - Fine tuning status: pending
2023-02-01 01:23:31.892 | DEBUG    | gptchem.tuner:get_ft_model_name:29 - Fine tuning status: pending
2023-02-01 01:25:32.472 | DEBUG    | gptchem.tuner:get_ft_model_name:29 - Fine tuning status: pending
2023-02-01 01:27:33.130 | DEBUG    | gptchem.tuner:get_ft_model_name:29 - Fine tuning status: pending
2023-02-01 01:29:33.682 | DEBUG    | gptchem.tuner:get_ft_model_name:29 - Fine tuning status: running
2023-02-01 01:31:34.149 | DEBUG    | gptchem.tuner:get_ft_model_name:29 - Fine tuning status: succeeded
2023-02-01 01:31:34.150 | DEBUG    | gptchem.tuner:tune:207 - Fine tuning completed. {'base_model': 'ada', 'batch_size': None, 'n_epochs': 8, 'learning_rate_multiplier': 0.02, 'run_name': None, 'wandb_sync': False, 'outdir': '/Users/kevinmaikjablonka/git/kjappelbaum/gptchem/experiments/03_classification/mof_solvent/balasz/out/20230131_225239', 'train_filename': '/Users/kevinmaikjablonka/git/kjappelbaum/gptchem/experiments/03_classification/mof_solvent/balasz/out/20230131_225239/train.jsonl', 'valid_filename': 'None', 'model_name': 'ada:ft-lsmoepfl-2023-02-01-00-29-41', 'ft_id': 'ft-q5S62Gr2ccpGWB8XzSbET9oY', 'date': '20230201_013134', 'train_file_id': 'file-I4qucqQoMm72qOi3Zs32p3Ae', 'valid_file_id': None}
[32m[I 2023-02-01 01:31:41,636][0m A new study created in memory with name: no-name-df1e90d0-4acc-4d35-83f6-9fee9490500c[0m
/Users/kevinmaikjablonka/git/kjappelbaum/gptchem/src/gptchem/models/xgboost.py:45: FutureWarning: suggest_loguniform has been deprecated in v3.0.0. This feature will be removed in v6.0.0. See https://github.com/optuna/optuna/releases/tag/v3.0.0. Use :func:`~optuna.trial.Trial.suggest_float` instead.
  "learning_rate": trial.suggest_loguniform("learning_rate", 0.001, 0.05),
/Users/kevinmaikjablonka/git/kjappelbaum/gptchem/src/gptchem/models/xgboost.py:46: FutureWarning: suggest_loguniform has been deprecated in v3.0.0. This feature will be removed in v6.0.0. See https://github.com/optuna/optuna/releases/tag/v3.0.0. Use :func:`~optuna.trial.Trial.suggest_float` instead.
  "colsample_bytree": trial.suggest_loguniform("colsample_bytree", 0.2, 1),
/Users/kevinmaikjablonka/git/kjappelbaum/gptchem/src/gptchem/models/xgboost.py:47: FutureWarning: suggest_loguniform has been deprecated in v3.0.0. This feature will be removed in v6.0.0. See https://github.com/optuna/optuna/releases/tag/v3.0.0. Use :func:`~optuna.trial.Trial.suggest_float` instead.
  "subsample": trial.suggest_loguniform("subsample", 0.00001, 1),
/Users/kevinmaikjablonka/git/kjappelbaum/gptchem/src/gptchem/models/xgboost.py:48: FutureWarning: suggest_loguniform has been deprecated in v3.0.0. This feature will be removed in v6.0.0. See https://github.com/optuna/optuna/releases/tag/v3.0.0. Use :func:`~optuna.trial.Trial.suggest_float` instead.
  "alpha": trial.suggest_loguniform("alpha", 1e-8, 10.0),
/Users/kevinmaikjablonka/git/kjappelbaum/gptchem/src/gptchem/models/xgboost.py:49: FutureWarning: suggest_loguniform has been deprecated in v3.0.0. This feature will be removed in v6.0.0. See https://github.com/optuna/optuna/releases/tag/v3.0.0. Use :func:`~optuna.trial.Trial.suggest_float` instead.
  "lambda": trial.suggest_loguniform("lambda", 1e-8, 10.0),
[32m[I 2023-02-01 01:31:42,833][0m Trial 0 finished with value: 0.24243964150778358 and parameters: {'n_estimators': 3748, 'max_depth': 48, 'learning_rate': 0.01752410111812814, 'colsample_bytree': 0.5241726043075503, 'subsample': 6.0268891286825045e-05, 'alpha': 2.5348407664333426e-07, 'lambda': 3.3323645788192616e-08}. Best is trial 0 with value: 0.24243964150778358.[0m
/Users/kevinmaikjablonka/git/kjappelbaum/gptchem/src/gptchem/models/xgboost.py:45: FutureWarning: suggest_loguniform has been deprecated in v3.0.0. This feature will be removed in v6.0.0. See https://github.com/optuna/optuna/releases/tag/v3.0.0. Use :func:`~optuna.trial.Trial.suggest_float` instead.
  "learning_rate": trial.suggest_loguniform("learning_rate", 0.001, 0.05),
/Users/kevinmaikjablonka/git/kjappelbaum/gptchem/src/gptchem/models/xgboost.py:46: FutureWarning: suggest_loguniform has been deprecated in v3.0.0. This feature will be removed in v6.0.0. See https://github.com/optuna/optuna/releases/tag/v3.0.0. Use :func:`~optuna.trial.Trial.suggest_float` instead.
  "colsample_bytree": trial.suggest_loguniform("colsample_bytree", 0.2, 1),
/Users/kevinmaikjablonka/git/kjappelbaum/gptchem/src/gptchem/models/xgboost.py:47: FutureWarning: suggest_loguniform has been deprecated in v3.0.0. This feature will be removed in v6.0.0. See https://github.com/optuna/optuna/releases/tag/v3.0.0. Use :func:`~optuna.trial.Trial.suggest_float` instead.
  "subsample": trial.suggest_loguniform("subsample", 0.00001, 1),
/Users/kevinmaikjablonka/git/kjappelbaum/gptchem/src/gptchem/models/xgboost.py:48: FutureWarning: suggest_loguniform has been deprecated in v3.0.0. This feature will be removed in v6.0.0. See https://github.com/optuna/optuna/releases/tag/v3.0.0. Use :func:`~optuna.trial.Trial.suggest_float` instead.
  "alpha": trial.suggest_loguniform("alpha", 1e-8, 10.0),
/Users/kevinmaikjablonka/git/kjappelbaum/gptchem/src/gptchem/models/xgboost.py:49: FutureWarning: suggest_loguniform has been deprecated in v3.0.0. This feature will be removed in v6.0.0. See https://github.com/optuna/optuna/releases/tag/v3.0.0. Use :func:`~optuna.trial.Trial.suggest_float` instead.
  "lambda": trial.suggest_loguniform("lambda", 1e-8, 10.0),
