[32m[I 2023-01-30 01:13:22,757][0m Trial 71 finished with value: 0.8710850072122259 and parameters: {'max_depth': 12, 'learning_rate': 0.03770612657254572, 'colsample_bytree': 0.29426176510754576, 'subsample': 0.4495490840605384, 'alpha': 0.20018715022276137, 'lambda': 7.30521457106313e-05, 'gamma': 0.00015885835325540125, 'min_child_weight': 16.801905086682712}. Best is trial 49 with value: 0.8667448014773699.[0m
[32m[I 2023-01-30 01:13:46,214][0m Trial 72 finished with value: 0.8730487146164719 and parameters: {'max_depth': 10, 'learning_rate': 0.04078339507242797, 'colsample_bytree': 0.26180235128598583, 'subsample': 0.48653970779995215, 'alpha': 0.24672638440796293, 'lambda': 0.00282289678329109, 'gamma': 0.00338861152927258, 'min_child_weight': 20.73313846613884}. Best is trial 49 with value: 0.8667448014773699.[0m
[32m[I 2023-01-30 01:15:26,864][0m Trial 73 finished with value: 0.8819342612628001 and parameters: {'max_depth': 10, 'learning_rate': 0.032870096405321535, 'colsample_bytree': 0.3246128522735777, 'subsample': 0.5121733607806983, 'alpha': 0.5787520202309624, 'lambda': 1.027815684389146e-08, 'gamma': 0.000709989474836138, 'min_child_weight': 24.885915148873906}. Best is trial 49 with value: 0.8667448014773699.[0m
[32m[I 2023-01-30 01:15:32,656][0m Trial 74 finished with value: 17.997703218469947 and parameters: {'max_depth': 9, 'learning_rate': 0.049711527554526326, 'colsample_bytree': 0.36331353755997553, 'subsample': 0.49822172656635944, 'alpha': 0.3683321151205978, 'lambda': 0.0010938877257060178, 'gamma': 5.078154528823176, 'min_child_weight': 332.3759988225319}. Best is trial 49 with value: 0.8667448014773699.[0m
[32m[I 2023-01-30 01:15:38,614][0m Trial 75 finished with value: 17.997703218469947 and parameters: {'max_depth': 10, 'learning_rate': 0.035367125843800674, 'colsample_bytree': 0.3414122717478018, 'subsample': 0.46794410503599093, 'alpha': 0.15261633981697417, 'lambda': 0.01392852029692393, 'gamma': 0.021232841255749885, 'min_child_weight': 239.48035177805144}. Best is trial 49 with value: 0.8667448014773699.[0m
[32m[I 2023-01-30 01:15:50,332][0m Trial 76 finished with value: 0.8762345054114735 and parameters: {'max_depth': 11, 'learning_rate': 0.04215689093493521, 'colsample_bytree': 0.4777442997593183, 'subsample': 0.4310781608459299, 'alpha': 1.2209531340425153, 'lambda': 2.847266449857556e-05, 'gamma': 0.9520898263962517, 'min_child_weight': 11.897949902608211}. Best is trial 49 with value: 0.8667448014773699.[0m
[32m[I 2023-01-30 01:15:57,685][0m Trial 77 finished with value: 17.997703218469947 and parameters: {'max_depth': 9, 'learning_rate': 0.046697708631116074, 'colsample_bytree': 0.23878639642112215, 'subsample': 0.4641305742722112, 'alpha': 0.3045303514385788, 'lambda': 0.00014009595188084972, 'gamma': 8.951505463325003e-07, 'min_child_weight': 476.292518492635}. Best is trial 49 with value: 0.8667448014773699.[0m
[32m[I 2023-01-30 01:16:13,697][0m Trial 78 finished with value: 0.870357775268587 and parameters: {'max_depth': 8, 'learning_rate': 0.03876477511093481, 'colsample_bytree': 0.3861624308734361, 'subsample': 0.421220096885321, 'alpha': 0.043628827885725224, 'lambda': 2.008987791624346e-07, 'gamma': 0.0809336908422892, 'min_child_weight': 14.384376963687515}. Best is trial 49 with value: 0.8667448014773699.[0m
[32m[I 2023-01-30 01:16:33,163][0m Trial 79 finished with value: 0.8672148755020146 and parameters: {'max_depth': 8, 'learning_rate': 0.03298100543147938, 'colsample_bytree': 0.39165694795886696, 'subsample': 0.4277693655673156, 'alpha': 0.07068705820734089, 'lambda': 9.862027563122488e-08, 'gamma': 0.3667257855573947, 'min_child_weight': 13.606841085931586}. Best is trial 49 with value: 0.8667448014773699.[0m
[32m[I 2023-01-30 01:16:49,738][0m Trial 80 finished with value: 0.8730623013291516 and parameters: {'max_depth': 7, 'learning_rate': 0.032002139998913215, 'colsample_bytree': 0.3878578782232432, 'subsample': 0.4141018972931181, 'alpha': 0.040555206769684576, 'lambda': 1.1073699432487305e-07, 'gamma': 0.10829915402805083, 'min_child_weight': 14.213355108113129}. Best is trial 49 with value: 0.8667448014773699.[0m
[32m[I 2023-01-30 01:17:06,794][0m Trial 81 finished with value: 0.8704892068982746 and parameters: {'max_depth': 8, 'learning_rate': 0.03525817857445864, 'colsample_bytree': 0.37262954821885347, 'subsample': 0.4336661820123089, 'alpha': 0.06465357218918782, 'lambda': 5.0932896500510746e-08, 'gamma': 0.2927260447712769, 'min_child_weight': 15.809188066642525}. Best is trial 49 with value: 0.8667448014773699.[0m
[32m[I 2023-01-30 01:17:12,044][0m Trial 82 finished with value: 17.997703218469947 and parameters: {'max_depth': 8, 'learning_rate': 0.03574852231968784, 'colsample_bytree': 0.3709039181385816, 'subsample': 0.4261612992173344, 'alpha': 0.03171442029011867, 'lambda': 6.033620403200117e-08, 'gamma': 0.2757016350557679, 'min_child_weight': 968.7073851439162}. Best is trial 49 with value: 0.8667448014773699.[0m
[32m[I 2023-01-30 01:17:41,614][0m Trial 83 finished with value: 0.8600711758603137 and parameters: {'max_depth': 8, 'learning_rate': 0.03928306369245353, 'colsample_bytree': 0.3492324476579076, 'subsample': 0.4050422858223842, 'alpha': 0.02461780438403908, 'lambda': 1.7378459836857306e-07, 'gamma': 0.7159318393857336, 'min_child_weight': 16.69658555062508}. Best is trial 83 with value: 0.8600711758603137.[0m
[32m[I 2023-01-30 01:17:58,219][0m Trial 84 finished with value: 0.8692466211490737 and parameters: {'max_depth': 8, 'learning_rate': 0.03851290379965786, 'colsample_bytree': 0.3329119160967427, 'subsample': 0.4025815167457136, 'alpha': 0.025329783202596923, 'lambda': 7.835339402533055e-07, 'gamma': 0.9159227699102985, 'min_child_weight': 13.259530178111978}. Best is trial 83 with value: 0.8600711758603137.[0m
[32m[I 2023-01-30 01:18:14,107][0m Trial 85 finished with value: 0.8591858708976414 and parameters: {'max_depth': 8, 'learning_rate': 0.042991023185255675, 'colsample_bytree': 0.3524825821519584, 'subsample': 0.4030072718643676, 'alpha': 0.018093039585198194, 'lambda': 7.079290759555727e-07, 'gamma': 0.7575854036986772, 'min_child_weight': 12.741530014770992}. Best is trial 85 with value: 0.8591858708976414.[0m
[32m[I 2023-01-30 01:18:34,816][0m Trial 86 finished with value: 0.8649783393639779 and parameters: {'max_depth': 7, 'learning_rate': 0.029193890726078982, 'colsample_bytree': 0.3342820624869922, 'subsample': 0.41045798887208307, 'alpha': 0.019418338670075988, 'lambda': 2.075835466448601e-06, 'gamma': 1.0692613219135867, 'min_child_weight': 12.03987626781113}. Best is trial 85 with value: 0.8591858708976414.[0m
[32m[I 2023-01-30 01:18:46,676][0m Trial 87 finished with value: 0.8627922567077432 and parameters: {'max_depth': 6, 'learning_rate': 0.042643451635822775, 'colsample_bytree': 0.3330847551495743, 'subsample': 0.4000227363574582, 'alpha': 0.018111499007206076, 'lambda': 8.426920668494889e-07, 'gamma': 2.367741696917527, 'min_child_weight': 12.319602119909797}. Best is trial 85 with value: 0.8591858708976414.[0m
[32m[I 2023-01-30 01:19:06,126][0m Trial 88 finished with value: 0.8681335675922088 and parameters: {'max_depth': 6, 'learning_rate': 0.029160159529093763, 'colsample_bytree': 0.3374242851719286, 'subsample': 0.40179172942641705, 'alpha': 0.01747782100372305, 'lambda': 2.4167055132710337e-06, 'gamma': 2.4765503046424437, 'min_child_weight': 12.873248367601102}. Best is trial 85 with value: 0.8591858708976414.[0m
[32m[I 2023-01-30 01:19:20,731][0m Trial 89 finished with value: 0.8695873028455047 and parameters: {'max_depth': 6, 'learning_rate': 0.029488907582731986, 'colsample_bytree': 0.35161414018241627, 'subsample': 0.40058581087960504, 'alpha': 0.0162320553344712, 'lambda': 2.6023148810802705e-06, 'gamma': 2.47719577659396, 'min_child_weight': 11.800641719789802}. Best is trial 85 with value: 0.8591858708976414.[0m
[32m[I 2023-01-30 01:19:39,558][0m Trial 90 finished with value: 0.8830031058454011 and parameters: {'max_depth': 6, 'learning_rate': 0.0261155815896157, 'colsample_bytree': 0.3169709635316842, 'subsample': 0.40873415567627835, 'alpha': 0.022859487418407227, 'lambda': 6.043347940628873e-06, 'gamma': 5.541459150182565, 'min_child_weight': 10.213708928875175}. Best is trial 85 with value: 0.8591858708976414.[0m
[32m[I 2023-01-30 01:19:52,596][0m Trial 91 finished with value: 0.8617094805715573 and parameters: {'max_depth': 5, 'learning_rate': 0.042371435289934846, 'colsample_bytree': 0.29768973783228714, 'subsample': 0.4419997877005247, 'alpha': 0.01187275729512676, 'lambda': 5.314903518672846e-07, 'gamma': 0.9798613861851985, 'min_child_weight': 13.284267018961753}. Best is trial 85 with value: 0.8591858708976414.[0m
[32m[I 2023-01-30 01:20:10,832][0m Trial 92 finished with value: 0.8790892907939559 and parameters: {'max_depth': 4, 'learning_rate': 0.03361619088956351, 'colsample_bytree': 0.297187214396746, 'subsample': 0.45266003753445483, 'alpha': 0.010027863953208323, 'lambda': 1.7567017005547688e-06, 'gamma': 1.497132895080716, 'min_child_weight': 11.962304628314161}. Best is trial 85 with value: 0.8591858708976414.[0m
[32m[I 2023-01-30 01:20:25,515][0m Trial 93 finished with value: 0.8656530798232825 and parameters: {'max_depth': 5, 'learning_rate': 0.0424358383277264, 'colsample_bytree': 0.30515594649788436, 'subsample': 0.4172627410387423, 'alpha': 0.013740123457542767, 'lambda': 5.141847058662065e-07, 'gamma': 9.652885989262579, 'min_child_weight': 13.203646499283144}. Best is trial 85 with value: 0.8591858708976414.[0m
[32m[I 2023-01-30 01:20:38,916][0m Trial 94 finished with value: 0.8633859250162985 and parameters: {'max_depth': 5, 'learning_rate': 0.04294976433243499, 'colsample_bytree': 0.302471465147927, 'subsample': 0.43924536472191333, 'alpha': 0.013298589383094491, 'lambda': 4.311011182286563e-07, 'gamma': 8.210583071659649, 'min_child_weight': 12.799618900699668}. Best is trial 85 with value: 0.8591858708976414.[0m
[32m[I 2023-01-30 01:20:51,447][0m Trial 95 finished with value: 0.8687678274391966 and parameters: {'max_depth': 5, 'learning_rate': 0.04292974079482749, 'colsample_bytree': 0.27452639860319034, 'subsample': 0.4425904239978052, 'alpha': 0.012341641103239383, 'lambda': 4.924608475620252e-07, 'gamma': 7.403898621367706, 'min_child_weight': 11.11123769087649}. Best is trial 85 with value: 0.8591858708976414.[0m
[32m[I 2023-01-30 01:21:09,473][0m Trial 96 finished with value: 0.8657940566746166 and parameters: {'max_depth': 5, 'learning_rate': 0.04348097099044578, 'colsample_bytree': 0.3213732516071429, 'subsample': 0.41877872796317717, 'alpha': 0.013613042096124028, 'lambda': 8.101986799166997e-07, 'gamma': 0.5682360272002814, 'min_child_weight': 13.547966716315521}. Best is trial 85 with value: 0.8591858708976414.[0m
[32m[I 2023-01-30 01:21:24,091][0m Trial 97 finished with value: 0.8659902194664015 and parameters: {'max_depth': 5, 'learning_rate': 0.04286894357903529, 'colsample_bytree': 0.3079521711627958, 'subsample': 0.41892327359172843, 'alpha': 0.014850091589019907, 'lambda': 1.0337318597535652e-06, 'gamma': 0.538688508946852, 'min_child_weight': 13.587403907052245}. Best is trial 85 with value: 0.8591858708976414.[0m
[32m[I 2023-01-30 01:21:40,829][0m Trial 98 finished with value: 0.8655313365546572 and parameters: {'max_depth': 5, 'learning_rate': 0.048085778754604624, 'colsample_bytree': 0.3049445126712366, 'subsample': 0.417105434913554, 'alpha': 0.013546067473959662, 'lambda': 9.493018882146546e-07, 'gamma': 0.699318725622429, 'min_child_weight': 16.683458712803258}. Best is trial 85 with value: 0.8591858708976414.[0m
[32m[I 2023-01-30 01:21:51,772][0m Trial 99 finished with value: 0.894040648454706 and parameters: {'max_depth': 5, 'learning_rate': 0.04858349727761729, 'colsample_bytree': 0.30233157635664853, 'subsample': 0.4171266517462842, 'alpha': 0.014278266741760828, 'lambda': 7.146203477985928e-07, 'gamma': 0.5985622055289929, 'min_child_weight': 10.026460315441339}. Best is trial 85 with value: 0.8591858708976414.[0m
Uploaded file from /Users/kevinmaikjablonka/git/kjappelbaum/gptchem/experiments/04_regression/henry/out/20230130_003430/train.jsonl: file-0VV0crJ3ThQT8QJzjKnRxo6x
Upload progress:   0%|          | 0.00/14.1k [00:00<?, ?it/s]Upload progress: 100%|██████████| 14.1k/14.1k [00:00<00:00, 29.4Mit/s]
2023-01-30 01:30:10.863 | ERROR    | __main__:<module>:78 - internal error {
    "error": {
        "message": "internal error",
        "type": "invalid_request_error",
        "param": null,
        "code": null
    }
}
 500 {'error': {'message': 'internal error', 'type': 'invalid_request_error', 'param': None, 'code': None}} {'Date': 'Mon, 30 Jan 2023 00:30:10 GMT', 'Content-Type': 'application/json; charset=utf-8', 'Content-Length': '147', 'Connection': 'keep-alive', 'Vary': 'Origin', 'X-Request-Id': 'f39ee2110e07f6746e0884ecf78ccaab', 'Strict-Transport-Security': 'max-age=15724800; includeSubDomains'}
Traceback (most recent call last):

> File "/Users/kevinmaikjablonka/git/kjappelbaum/gptchem/experiments/04_regression/henry/run_experiments.py", line 76, in <module>
    run_experiment(train_size, target, i + 22332642)
    │              │           │       └ 0
    │              │           └ ('logKH_CO2', 'CO2 Henry coefficient')
    │              └ 50
    └ <function run_experiment at 0x10549b0d0>

  File "/Users/kevinmaikjablonka/git/kjappelbaum/gptchem/experiments/04_regression/henry/run_experiments.py", line 54, in run_experiment
    completions = querier(test_formatted)
                  │       └                                                  prompt  ...                                     representation
                  │         2395  What is...
                  └ gptchem.querier.Querier(modelname='ada:ft-lsmoepfl-2023-01-30-00-28-01', max_tokens=10)

  File "/Users/kevinmaikjablonka/git/kjappelbaum/gptchem/src/gptchem/querier.py", line 123, in __call__
    return self.query(df, temperature, logprobs)
           │    │     │   │            └ None
           │    │     │   └ 0
           │    │     └                                                  prompt  ...                                     representation
           │    │       2395  What is...
           │    └ <function Querier.query at 0x29f72b0d0>
           └ gptchem.querier.Querier(modelname='ada:ft-lsmoepfl-2023-01-30-00-28-01', max_tokens=10)

  File "/Users/kevinmaikjablonka/git/kjappelbaum/gptchem/src/gptchem/querier.py", line 98, in query
    completions_ = openai.Completion.create(
                   │      │          └ <classmethod object at 0x29f020af0>
                   │      └ <class 'openai.api_resources.completion.Completion'>
                   └ <module 'openai' from '/Users/kevinmaikjablonka/miniconda3/envs/gptchem/lib/python3.9/site-packages/openai/__init__.py'>

  File "/Users/kevinmaikjablonka/miniconda3/envs/gptchem/lib/python3.9/site-packages/openai/api_resources/completion.py", line 25, in create
    return super().create(*args, **kwargs)
                           │       └ {'model': 'ada:ft-lsmoepfl-2023-01-30-00-28-01', 'prompt': ['What is the CO2 Henry coefficient of I[Cu]I.[Cu].n1ccc(cc1)c1ccc...
                           └ ()
  File "/Users/kevinmaikjablonka/miniconda3/envs/gptchem/lib/python3.9/site-packages/openai/api_resources/abstract/engine_api_resource.py", line 153, in create
    response, _, api_key = requestor.request(
                           │         └ <function APIRequestor.request at 0x29f6e3f70>
                           └ <openai.api_requestor.APIRequestor object at 0x29f761850>
  File "/Users/kevinmaikjablonka/miniconda3/envs/gptchem/lib/python3.9/site-packages/openai/api_requestor.py", line 226, in request
    resp, got_stream = self._interpret_response(result, stream)
                       │    │                   │       └ False
                       │    │                   └ <Response [500]>
                       │    └ <function APIRequestor._interpret_response at 0x29f6e8430>
                       └ <openai.api_requestor.APIRequestor object at 0x29f761850>
  File "/Users/kevinmaikjablonka/miniconda3/envs/gptchem/lib/python3.9/site-packages/openai/api_requestor.py", line 599, in _interpret_response
    self._interpret_response_line(
    │    └ <function APIRequestor._interpret_response_line at 0x29f6e8550>
    └ <openai.api_requestor.APIRequestor object at 0x29f761850>
  File "/Users/kevinmaikjablonka/miniconda3/envs/gptchem/lib/python3.9/site-packages/openai/api_requestor.py", line 655, in _interpret_response_line
    raise self.handle_error_response(
          │    └ <function APIRequestor.handle_error_response at 0x29f6e80d0>
          └ <openai.api_requestor.APIRequestor object at 0x29f761850>

openai.error.APIError: internal error {
    "error": {
        "message": "internal error",
        "type": "invalid_request_error",
        "param": null,
        "code": null
    }
}
 500 {'error': {'message': 'internal error', 'type': 'invalid_request_error', 'param': None, 'code': None}} {'Date': 'Mon, 30 Jan 2023 00:30:10 GMT', 'Content-Type': 'application/json; charset=utf-8', 'Content-Length': '147', 'Connection': 'keep-alive', 'Vary': 'Origin', 'X-Request-Id': 'f39ee2110e07f6746e0884ecf78ccaab', 'Strict-Transport-Security': 'max-age=15724800; includeSubDomains'}
[32m[I 2023-01-30 01:30:11,041][0m A new study created in memory with name: no-name-ef134072-6b76-45f5-8a0e-c7433f2df207[0m
[32m[I 2023-01-30 01:30:18,335][0m Trial 0 finished with value: 29.999743227807745 and parameters: {'max_depth': 11, 'learning_rate': 0.03943180702221767, 'colsample_bytree': 0.48338277698454657, 'subsample': 0.6667880916971854, 'alpha': 0.07695356446858977, 'lambda': 0.0011960555391446264, 'gamma': 0.011558526456888882, 'min_child_weight': 591.1193593817245}. Best is trial 0 with value: 29.999743227807745.[0m
[32m[I 2023-01-30 01:31:17,611][0m Trial 1 finished with value: 0.2872348739609074 and parameters: {'max_depth': 10, 'learning_rate': 0.041134316655128254, 'colsample_bytree': 0.22968076844783064, 'subsample': 0.4464499696175606, 'alpha': 7.181717181976198, 'lambda': 1.562370075120558e-07, 'gamma': 1.592922235503172e-07, 'min_child_weight': 31.920798758958732}. Best is trial 1 with value: 0.2872348739609074.[0m
[32m[I 2023-01-30 01:32:36,372][0m Trial 2 finished with value: 0.2725961173046209 and parameters: {'max_depth': 11, 'learning_rate': 0.018174141335350915, 'colsample_bytree': 0.5604454522456577, 'subsample': 0.7574852124218824, 'alpha': 3.4380016701469245, 'lambda': 0.5568909988317814, 'gamma': 7.527426349222389e-08, 'min_child_weight': 46.33736847648717}. Best is trial 2 with value: 0.2725961173046209.[0m
[32m[I 2023-01-30 01:32:44,090][0m Trial 3 finished with value: 29.999743227807745 and parameters: {'max_depth': 9, 'learning_rate': 0.028378909616250787, 'colsample_bytree': 0.5801596986666466, 'subsample': 0.4947504468141251, 'alpha': 0.019466965890188696, 'lambda': 0.05971200399326978, 'gamma': 3.2188208036024255e-08, 'min_child_weight': 58.5928635790038}. Best is trial 2 with value: 0.2725961173046209.[0m
[32m[I 2023-01-30 01:32:53,907][0m Trial 4 finished with value: 29.999743227807745 and parameters: {'max_depth': 11, 'learning_rate': 0.04162946890026078, 'colsample_bytree': 0.4633009018331788, 'subsample': 0.5171503376217323, 'alpha': 0.051964460566470146, 'lambda': 0.011806796342275164, 'gamma': 0.0009844669237292266, 'min_child_weight': 597.174798468189}. Best is trial 2 with value: 0.2725961173046209.[0m
[32m[I 2023-01-30 01:33:41,253][0m Trial 5 finished with value: 0.24346570996257721 and parameters: {'max_depth': 9, 'learning_rate': 0.030486391820450123, 'colsample_bytree': 0.3726677137700833, 'subsample': 0.6175143133497486, 'alpha': 0.37372578650240545, 'lambda': 3.336971520305419e-08, 'gamma': 0.7754828402642463, 'min_child_weight': 17.103074711611693}. Best is trial 5 with value: 0.24346570996257721.[0m
[32m[I 2023-01-30 01:33:50,947][0m Trial 6 finished with value: 29.999743227807745 and parameters: {'max_depth': 4, 'learning_rate': 0.010624215152102963, 'colsample_bytree': 0.30490924992026125, 'subsample': 0.7437145829936807, 'alpha': 0.01471669543122012, 'lambda': 4.950734654876109, 'gamma': 3.905013417707782e-07, 'min_child_weight': 792.9791014070719}. Best is trial 5 with value: 0.24346570996257721.[0m
[32m[I 2023-01-30 01:36:14,520][0m Trial 7 finished with value: 0.21537519829251658 and parameters: {'max_depth': 5, 'learning_rate': 0.021844647946310584, 'colsample_bytree': 0.2978935637565084, 'subsample': 0.6945899034698879, 'alpha': 2.9236678454672598, 'lambda': 0.00197230249454408, 'gamma': 0.005725354703365607, 'min_child_weight': 12.641216570962865}. Best is trial 7 with value: 0.21537519829251658.[0m
[32m[I 2023-01-30 01:36:23,793][0m Trial 8 finished with value: 29.999743227807745 and parameters: {'max_depth': 8, 'learning_rate': 0.04884455994741487, 'colsample_bytree': 0.4298111297108724, 'subsample': 0.7307760130513172, 'alpha': 0.20412995229328462, 'lambda': 0.001631687775345892, 'gamma': 0.13940883284270142, 'min_child_weight': 70.72254449717482}. Best is trial 7 with value: 0.21537519829251658.[0m
[32m[I 2023-01-30 01:36:33,912][0m Trial 9 finished with value: 29.999743227807745 and parameters: {'max_depth': 12, 'learning_rate': 0.014255449161794368, 'colsample_bytree': 0.4034724433109933, 'subsample': 0.6012725606067151, 'alpha': 0.02679408741335582, 'lambda': 0.00011088384699910948, 'gamma': 3.14909160330647e-06, 'min_child_weight': 360.1956870154361}. Best is trial 7 with value: 0.21537519829251658.[0m
