[32m[I 2023-01-30 10:57:06,357][0m Trial 67 finished with value: 0.22095629701260636 and parameters: {'max_depth': 6, 'learning_rate': 0.01610574313186542, 'colsample_bytree': 0.26951468742987084, 'subsample': 0.525052336042864, 'alpha': 0.2840367930387916, 'lambda': 0.008643232841821329, 'gamma': 8.878047526936026e-08, 'min_child_weight': 21.908134409046635}. Best is trial 33 with value: 0.1874404116653012.[0m
[32m[I 2023-01-30 10:57:43,202][0m Trial 68 finished with value: 0.2174181178974386 and parameters: {'max_depth': 4, 'learning_rate': 0.009065412584867203, 'colsample_bytree': 0.20727367092736868, 'subsample': 0.5548708682633391, 'alpha': 0.41532716674558784, 'lambda': 0.05804353296868288, 'gamma': 2.5375067541918348e-08, 'min_child_weight': 13.81264806654514}. Best is trial 33 with value: 0.1874404116653012.[0m
[32m[I 2023-01-30 10:58:18,752][0m Trial 69 finished with value: 0.20563054121974086 and parameters: {'max_depth': 5, 'learning_rate': 0.01020175627349586, 'colsample_bytree': 0.25404240195824535, 'subsample': 0.49476069504426434, 'alpha': 0.05949139671809406, 'lambda': 0.0006940212998888973, 'gamma': 1.5921935217963123e-07, 'min_child_weight': 11.39653297937417}. Best is trial 33 with value: 0.1874404116653012.[0m
[32m[I 2023-01-30 10:58:41,463][0m Trial 70 finished with value: 22.72617609363839 and parameters: {'max_depth': 10, 'learning_rate': 0.01407042950843642, 'colsample_bytree': 0.2800492935519906, 'subsample': 0.5369610918102985, 'alpha': 0.01027099594258038, 'lambda': 0.001444156487030744, 'gamma': 1.004874602205583e-08, 'min_child_weight': 27.104865153794897}. Best is trial 33 with value: 0.1874404116653012.[0m
[32m[I 2023-01-30 10:59:36,145][0m Trial 71 finished with value: 0.195870627647218 and parameters: {'max_depth': 5, 'learning_rate': 0.01986695090606815, 'colsample_bytree': 0.29630605488441586, 'subsample': 0.5800364281866797, 'alpha': 0.17556972211807031, 'lambda': 0.006381021613785041, 'gamma': 5.596743417063538e-08, 'min_child_weight': 12.838129247800909}. Best is trial 33 with value: 0.1874404116653012.[0m
[32m[I 2023-01-30 11:00:08,810][0m Trial 72 finished with value: 0.22089275695154575 and parameters: {'max_depth': 5, 'learning_rate': 0.018457174693180128, 'colsample_bytree': 0.32154507577087077, 'subsample': 0.5823118210173288, 'alpha': 0.14227212250360055, 'lambda': 0.0002782798026769357, 'gamma': 5.711061271900563e-08, 'min_child_weight': 16.75885276504757}. Best is trial 33 with value: 0.1874404116653012.[0m
[32m[I 2023-01-30 11:00:39,305][0m Trial 73 finished with value: 0.2143754936267867 and parameters: {'max_depth': 4, 'learning_rate': 0.01585311033890136, 'colsample_bytree': 0.31196465497310255, 'subsample': 0.5647520461121023, 'alpha': 0.16175552036420016, 'lambda': 0.022043477344687284, 'gamma': 1.799377673165537e-08, 'min_child_weight': 13.421538774650324}. Best is trial 33 with value: 0.1874404116653012.[0m
[32m[I 2023-01-30 11:01:43,663][0m Trial 74 finished with value: 0.1813587166085476 and parameters: {'max_depth': 6, 'learning_rate': 0.01902363978661811, 'colsample_bytree': 0.2662906790664674, 'subsample': 0.5507868243579968, 'alpha': 0.3362239612061066, 'lambda': 0.012494967302420338, 'gamma': 3.581099558051491e-08, 'min_child_weight': 10.959889468817101}. Best is trial 74 with value: 0.1813587166085476.[0m
[32m[I 2023-01-30 11:02:08,419][0m Trial 75 finished with value: 0.2205159820586379 and parameters: {'max_depth': 6, 'learning_rate': 0.016919020912000312, 'colsample_bytree': 0.24668630208106335, 'subsample': 0.5907236399523218, 'alpha': 0.19808505103151852, 'lambda': 0.008096754021476213, 'gamma': 3.3084599377964513e-08, 'min_child_weight': 19.384983852003426}. Best is trial 74 with value: 0.1813587166085476.[0m
[32m[I 2023-01-30 11:02:47,699][0m Trial 76 finished with value: 0.2053528502768923 and parameters: {'max_depth': 5, 'learning_rate': 0.012974413514378844, 'colsample_bytree': 0.22338557651285434, 'subsample': 0.5480717433448241, 'alpha': 0.23966921757044193, 'lambda': 0.0015818276642260056, 'gamma': 9.344293977333216e-08, 'min_child_weight': 12.925127105414946}. Best is trial 74 with value: 0.1813587166085476.[0m
[32m[I 2023-01-30 11:03:03,571][0m Trial 77 finished with value: 0.22087704215352227 and parameters: {'max_depth': 5, 'learning_rate': 0.01802077231231269, 'colsample_bytree': 0.2606162029059683, 'subsample': 0.5145008603151886, 'alpha': 0.1201826916526404, 'lambda': 0.010788960600926085, 'gamma': 3.770370183241445e-08, 'min_child_weight': 15.84696259644668}. Best is trial 74 with value: 0.1813587166085476.[0m
[32m[I 2023-01-30 11:04:49,494][0m Trial 78 finished with value: 0.18212586426186556 and parameters: {'max_depth': 6, 'learning_rate': 0.019478099218904185, 'colsample_bytree': 0.28508361517259584, 'subsample': 0.6522852249994345, 'alpha': 0.09632347329798872, 'lambda': 0.00426683437764803, 'gamma': 2.2231837825269334e-07, 'min_child_weight': 10.110382866765047}. Best is trial 74 with value: 0.1813587166085476.[0m
[32m[I 2023-01-30 11:05:47,903][0m Trial 79 finished with value: 0.18056393829118628 and parameters: {'max_depth': 6, 'learning_rate': 0.022285827913578592, 'colsample_bytree': 0.2850189548891216, 'subsample': 0.6594661326689581, 'alpha': 0.042191473896851635, 'lambda': 2.8397444982503207e-08, 'gamma': 1.7747935089439897e-07, 'min_child_weight': 10.94557553354716}. Best is trial 79 with value: 0.18056393829118628.[0m
[32m[I 2023-01-30 11:07:02,279][0m Trial 80 finished with value: 28.45997790101497 and parameters: {'max_depth': 7, 'learning_rate': 0.014843778990624713, 'colsample_bytree': 0.2826617385299354, 'subsample': 0.6593486333972962, 'alpha': 0.03537249659842751, 'lambda': 1.0078130284321876e-07, 'gamma': 3.2096322831645367e-07, 'min_child_weight': 116.38007870894056}. Best is trial 79 with value: 0.18056393829118628.[0m
[32m[I 2023-01-30 11:08:05,370][0m Trial 81 finished with value: 0.1797357255302822 and parameters: {'max_depth': 6, 'learning_rate': 0.022692138956294315, 'colsample_bytree': 0.2661278168202128, 'subsample': 0.6759247001302604, 'alpha': 0.04263130365751566, 'lambda': 3.6192800235979066e-08, 'gamma': 1.599653866717664e-07, 'min_child_weight': 10.000558653705967}. Best is trial 81 with value: 0.1797357255302822.[0m
[32m[I 2023-01-30 11:12:29,206][0m Trial 82 finished with value: 0.1777431326220414 and parameters: {'max_depth': 6, 'learning_rate': 0.02230294251653541, 'colsample_bytree': 0.33698191857243454, 'subsample': 0.6976783834743092, 'alpha': 0.050254045004404425, 'lambda': 3.408783403013875e-08, 'gamma': 1.5928705658225914e-08, 'min_child_weight': 10.06860904935939}. Best is trial 82 with value: 0.1777431326220414.[0m
[32m[I 2023-01-30 11:15:14,593][0m Trial 83 finished with value: 0.17951101592333418 and parameters: {'max_depth': 6, 'learning_rate': 0.02335427163435584, 'colsample_bytree': 0.33248736612724417, 'subsample': 0.7017239562654543, 'alpha': 0.041191644627574436, 'lambda': 2.4716499475993574e-08, 'gamma': 1.723076365755555e-08, 'min_child_weight': 10.223652945690475}. Best is trial 82 with value: 0.1777431326220414.[0m
[32m[I 2023-01-30 11:16:22,759][0m Trial 84 finished with value: 0.18061209275958512 and parameters: {'max_depth': 6, 'learning_rate': 0.0226560101900952, 'colsample_bytree': 0.33805894188242297, 'subsample': 0.6882641602353202, 'alpha': 0.04285746816253539, 'lambda': 4.075356192706899e-08, 'gamma': 2.688859559589008e-07, 'min_child_weight': 11.159858185528599}. Best is trial 82 with value: 0.1777431326220414.[0m
[32m[I 2023-01-30 11:18:36,071][0m Trial 85 finished with value: 0.17808927142567388 and parameters: {'max_depth': 6, 'learning_rate': 0.023965588849519003, 'colsample_bytree': 0.36842147636174727, 'subsample': 0.7078668125760578, 'alpha': 0.04573953091173606, 'lambda': 3.19673548005898e-08, 'gamma': 2.3160092376134733e-07, 'min_child_weight': 10.843043613326044}. Best is trial 82 with value: 0.1777431326220414.[0m
[32m[I 2023-01-30 11:23:13,582][0m Trial 86 finished with value: 0.17583156537474837 and parameters: {'max_depth': 6, 'learning_rate': 0.023975910259782077, 'colsample_bytree': 0.36738491982947674, 'subsample': 0.7024264392021143, 'alpha': 0.045096287293679545, 'lambda': 3.730215851027134e-08, 'gamma': 4.389132019513964e-07, 'min_child_weight': 10.989597917624602}. Best is trial 86 with value: 0.17583156537474837.[0m
[32m[I 2023-01-30 11:23:33,569][0m Trial 87 finished with value: 0.1992631468536691 and parameters: {'max_depth': 6, 'learning_rate': 0.02693189406320628, 'colsample_bytree': 0.369747894650146, 'subsample': 0.6928936941946261, 'alpha': 0.04195180148824885, 'lambda': 1.0097625010149004e-07, 'gamma': 1.9913094952683402e-07, 'min_child_weight': 14.806363239696415}. Best is trial 86 with value: 0.17583156537474837.[0m
[32m[I 2023-01-30 11:24:00,123][0m Trial 88 finished with value: 0.17945228218280146 and parameters: {'max_depth': 6, 'learning_rate': 0.02403550943927319, 'colsample_bytree': 0.3390959899277938, 'subsample': 0.7198787985368444, 'alpha': 0.07392958165481799, 'lambda': 2.589109332499216e-08, 'gamma': 6.31622699736451e-07, 'min_child_weight': 10.930860871936925}. Best is trial 86 with value: 0.17583156537474837.[0m
[32m[I 2023-01-30 11:24:18,093][0m Trial 89 finished with value: 0.20829054819005663 and parameters: {'max_depth': 6, 'learning_rate': 0.023797048378911285, 'colsample_bytree': 0.33988381990066485, 'subsample': 0.7210823109277158, 'alpha': 0.022620876999980517, 'lambda': 2.5651770769116666e-08, 'gamma': 1.0589464238033967e-06, 'min_child_weight': 16.85468334849321}. Best is trial 86 with value: 0.17583156537474837.[0m
[32m[I 2023-01-30 11:24:21,280][0m Trial 90 finished with value: 28.45997790101497 and parameters: {'max_depth': 6, 'learning_rate': 0.02219806008222919, 'colsample_bytree': 0.3525996245078776, 'subsample': 0.7148324088942605, 'alpha': 0.049235578082146084, 'lambda': 2.6782711143601502e-08, 'gamma': 5.949479308466273e-07, 'min_child_weight': 490.41523233262393}. Best is trial 86 with value: 0.17583156537474837.[0m
[32m[I 2023-01-30 11:24:57,186][0m Trial 91 finished with value: 0.1804050251963143 and parameters: {'max_depth': 6, 'learning_rate': 0.027878273633674507, 'colsample_bytree': 0.3403081257189036, 'subsample': 0.6684796319884856, 'alpha': 0.0736939290243525, 'lambda': 2.601884310170376e-07, 'gamma': 2.702454462409444e-07, 'min_child_weight': 10.927945993917303}. Best is trial 86 with value: 0.17583156537474837.[0m
[32m[I 2023-01-30 11:25:27,598][0m Trial 92 finished with value: 0.18204686827821842 and parameters: {'max_depth': 6, 'learning_rate': 0.028654201602989624, 'colsample_bytree': 0.33137974076958704, 'subsample': 0.6759527329571777, 'alpha': 0.08292328073473713, 'lambda': 2.82369707833432e-07, 'gamma': 2.208677108631566e-06, 'min_child_weight': 11.040111415167187}. Best is trial 86 with value: 0.17583156537474837.[0m
[32m[I 2023-01-30 11:25:59,675][0m Trial 93 finished with value: 0.19215605819845338 and parameters: {'max_depth': 7, 'learning_rate': 0.025280530192198204, 'colsample_bytree': 0.3429206735267615, 'subsample': 0.7444313838344476, 'alpha': 0.027481408009583267, 'lambda': 3.843485265784123e-08, 'gamma': 1.174552652225506e-07, 'min_child_weight': 13.56418037114092}. Best is trial 86 with value: 0.17583156537474837.[0m
[32m[I 2023-01-30 11:26:49,670][0m Trial 94 finished with value: 0.17754765026306488 and parameters: {'max_depth': 6, 'learning_rate': 0.023464727601530615, 'colsample_bytree': 0.3587384603088841, 'subsample': 0.6937266037425234, 'alpha': 0.03178864388489996, 'lambda': 5.554420563306059e-08, 'gamma': 4.1198811420315356e-07, 'min_child_weight': 10.940347878338025}. Best is trial 86 with value: 0.17583156537474837.[0m
[32m[I 2023-01-30 11:27:26,690][0m Trial 95 finished with value: 0.18221210593109993 and parameters: {'max_depth': 6, 'learning_rate': 0.022927666634853325, 'colsample_bytree': 0.3615918537666032, 'subsample': 0.698168250479798, 'alpha': 0.03245777288686976, 'lambda': 5.5874487353362076e-08, 'gamma': 4.817860353134602e-07, 'min_child_weight': 12.906811414923766}. Best is trial 86 with value: 0.17583156537474837.[0m
[32m[I 2023-01-30 11:28:07,555][0m Trial 96 finished with value: 0.19683975435933165 and parameters: {'max_depth': 7, 'learning_rate': 0.026875445310185906, 'colsample_bytree': 0.36823402015897905, 'subsample': 0.6793839379293092, 'alpha': 0.07021301776482203, 'lambda': 2.7264088227970453e-07, 'gamma': 3.636801334492665e-07, 'min_child_weight': 14.159933378793408}. Best is trial 86 with value: 0.17583156537474837.[0m
[32m[I 2023-01-30 11:28:38,136][0m Trial 97 finished with value: 0.1809904348087115 and parameters: {'max_depth': 6, 'learning_rate': 0.02441323202199329, 'colsample_bytree': 0.37814295758274113, 'subsample': 0.6670481944191934, 'alpha': 0.05143259897207918, 'lambda': 1.669034821678294e-08, 'gamma': 4.776521564357851e-06, 'min_child_weight': 11.159706275360813}. Best is trial 86 with value: 0.17583156537474837.[0m
[32m[I 2023-01-30 11:29:07,351][0m Trial 98 finished with value: 0.18086962582078106 and parameters: {'max_depth': 6, 'learning_rate': 0.021487183483733723, 'colsample_bytree': 0.3287399404034637, 'subsample': 0.7123572334269926, 'alpha': 0.04118424899699878, 'lambda': 6.057334851111257e-08, 'gamma': 8.775430347154659e-07, 'min_child_weight': 10.021877706927087}. Best is trial 86 with value: 0.17583156537474837.[0m
[32m[I 2023-01-30 11:30:06,573][0m Trial 99 finished with value: 0.20470807312216183 and parameters: {'max_depth': 6, 'learning_rate': 0.029254901870324597, 'colsample_bytree': 0.35622702186705, 'subsample': 0.6890822661751934, 'alpha': 0.016962656138884022, 'lambda': 2.0074275987218288e-07, 'gamma': 1.95695136236905e-06, 'min_child_weight': 15.74374498371092}. Best is trial 86 with value: 0.17583156537474837.[0m
2023-01-30 11:30:06.574 | ERROR    | __main__:<module>:78 - need to call fit or load_model beforehand
Traceback (most recent call last):

> File "/Users/kevinmaikjablonka/git/kjappelbaum/gptchem/experiments/04_regression/henry/run_experiments.py", line 76, in <module>
    run_experiment(train_size, target, i + 22332642)
    │              │           │       └ 1
    │              │           └ ('logKH_CH4', 'CH4 Henry coefficient')
    │              └ 50
    └ <function run_experiment at 0x1033cb0d0>

  File "/Users/kevinmaikjablonka/git/kjappelbaum/gptchem/experiments/04_regression/henry/run_experiments.py", line 43, in run_experiment
    baseline_res = train_test_henry_regression_baseline(
                   └ <function train_test_henry_regression_baseline at 0x2ac8791f0>

  File "/Users/kevinmaikjablonka/git/kjappelbaum/gptchem/src/gptchem/baselines/henry.py", line 406, in train_test_henry_regression_baseline
    predictions = baseline.predict(X_test.values)
                  │        │       │      └ <property object at 0x29df00450>
                  │        │       └             Di       Df  ...  sum-D_mc_CRY-S-2-all  sum-D_mc_CRY-S-3-all
                  │        │         860    4.98547  3.21821  ...                 19.88  ...
                  │        └ <function XGBRegressionBaseline.predict at 0x2ad662790>
                  └ <gptchem.models.xgboost.XGBRegressionBaseline object at 0x2af9edfd0>

  File "/Users/kevinmaikjablonka/git/kjappelbaum/gptchem/src/gptchem/models/xgboost.py", line 208, in predict
    return self.model.predict(X_values)
           │    │     │       └ array([[ 4.98547,  3.21821,  4.97786, ..., 17.84   , 19.88   , 52.2    ],
           │    │     │                [ 3.95649,  3.16913,  3.85297, ...,  9.12   ...
           │    │     └ <function XGBModel.predict at 0x2ad63e820>
           │    └ XGBRegressor(alpha=0.045096287293679545, base_score=None, booster=None,
           │                   callbacks=None, colsample_bylevel=None, ...
           └ <gptchem.models.xgboost.XGBRegressionBaseline object at 0x2af9edfd0>

  File "/Users/kevinmaikjablonka/miniconda3/envs/gptchem/lib/python3.9/site-packages/xgboost/sklearn.py", line 1109, in predict
    self.get_booster(), ntree_limit, iteration_range
    │    │              │            └ None
    │    │              └ None
    │    └ <function XGBModel.get_booster at 0x2ad63af70>
    └ XGBRegressor(alpha=0.045096287293679545, base_score=None, booster=None,
                   callbacks=None, colsample_bylevel=None, ...
  File "/Users/kevinmaikjablonka/miniconda3/envs/gptchem/lib/python3.9/site-packages/xgboost/sklearn.py", line 649, in get_booster
    raise NotFittedError("need to call fit or load_model beforehand")
          └ <class 'sklearn.exceptions.NotFittedError'>

sklearn.exceptions.NotFittedError: need to call fit or load_model beforehand
[32m[I 2023-01-30 11:30:06,780][0m A new study created in memory with name: no-name-9ea530b9-c843-48e0-9269-3a70d85f6367[0m
[32m[I 2023-01-30 11:30:10,593][0m Trial 0 finished with value: 17.132903976416284 and parameters: {'max_depth': 6, 'learning_rate': 0.005210791962875845, 'colsample_bytree': 0.3394136619287924, 'subsample': 0.6574222784102022, 'alpha': 0.02648277082222497, 'lambda': 1.4144875055738103e-05, 'gamma': 0.04500641923688874, 'min_child_weight': 260.3962433950421}. Best is trial 0 with value: 17.132903976416284.[0m
[32m[I 2023-01-30 11:30:16,192][0m Trial 1 finished with value: 17.132903976416284 and parameters: {'max_depth': 6, 'learning_rate': 0.021979238983249345, 'colsample_bytree': 0.23423485468909863, 'subsample': 0.4465474806143693, 'alpha': 0.015192846689395734, 'lambda': 1.053937511823679e-07, 'gamma': 0.0033136326180250014, 'min_child_weight': 644.7293908986641}. Best is trial 0 with value: 17.132903976416284.[0m
[32m[I 2023-01-30 11:30:29,752][0m Trial 2 finished with value: 1.294916417998764 and parameters: {'max_depth': 9, 'learning_rate': 0.04472431548571135, 'colsample_bytree': 0.2882911980960603, 'subsample': 0.4361977233811782, 'alpha': 0.8026076381845835, 'lambda': 0.009308933954768672, 'gamma': 3.256363358939344e-07, 'min_child_weight': 18.821383776104874}. Best is trial 2 with value: 1.294916417998764.[0m
[32m[I 2023-01-30 11:30:32,982][0m Trial 3 finished with value: 17.132903976416284 and parameters: {'max_depth': 12, 'learning_rate': 0.017094403917353843, 'colsample_bytree': 0.22948802297384155, 'subsample': 0.44730585755534635, 'alpha': 0.015292131773238979, 'lambda': 5.965676317494847e-06, 'gamma': 0.00044528778884839724, 'min_child_weight': 338.98551770988314}. Best is trial 2 with value: 1.294916417998764.[0m
[32m[I 2023-01-30 11:31:27,168][0m Trial 4 finished with value: 1.3449352101843761 and parameters: {'max_depth': 8, 'learning_rate': 0.023072683131762008, 'colsample_bytree': 0.47102991741606304, 'subsample': 0.6352342739748388, 'alpha': 9.944425486443707, 'lambda': 2.1702458195047087e-06, 'gamma': 0.09353155629396856, 'min_child_weight': 18.469334745436925}. Best is trial 2 with value: 1.294916417998764.[0m
[32m[I 2023-01-30 11:31:33,785][0m Trial 5 finished with value: 17.132903976416284 and parameters: {'max_depth': 12, 'learning_rate': 0.006728704334767703, 'colsample_bytree': 0.4857337033199275, 'subsample': 0.7037918458958176, 'alpha': 0.06686109213200414, 'lambda': 0.03446930445975244, 'gamma': 2.183635020390231e-06, 'min_child_weight': 77.41831145784069}. Best is trial 2 with value: 1.294916417998764.[0m
[32m[I 2023-01-30 11:31:39,521][0m Trial 6 finished with value: 17.132903976416284 and parameters: {'max_depth': 4, 'learning_rate': 0.024309997179372503, 'colsample_bytree': 0.5841853923869278, 'subsample': 0.7667252048707697, 'alpha': 0.013337191036805442, 'lambda': 1.3636680397564094e-07, 'gamma': 0.0014997828175700684, 'min_child_weight': 322.655885902972}. Best is trial 2 with value: 1.294916417998764.[0m
[32m[I 2023-01-30 11:31:42,920][0m Trial 7 finished with value: 17.132903976416284 and parameters: {'max_depth': 6, 'learning_rate': 0.010926258610128152, 'colsample_bytree': 0.2607618918637006, 'subsample': 0.6028959703295853, 'alpha': 0.06206371578662345, 'lambda': 1.266992201665895e-08, 'gamma': 1.5789432269327715e-05, 'min_child_weight': 80.39289318891001}. Best is trial 2 with value: 1.294916417998764.[0m
[32m[I 2023-01-30 11:31:46,066][0m Trial 8 finished with value: 17.132903976416284 and parameters: {'max_depth': 11, 'learning_rate': 0.022246945550976716, 'colsample_bytree': 0.38348067034928734, 'subsample': 0.5786344453767411, 'alpha': 0.2103742118991652, 'lambda': 0.00021926407596498205, 'gamma': 0.036837608776384916, 'min_child_weight': 826.8193360446916}. Best is trial 2 with value: 1.294916417998764.[0m
[32m[I 2023-01-30 11:31:49,456][0m Trial 9 finished with value: 17.132903976416284 and parameters: {'max_depth': 12, 'learning_rate': 0.040398899586500135, 'colsample_bytree': 0.40713570785418746, 'subsample': 0.4235077964948132, 'alpha': 1.6713931146681782, 'lambda': 0.05220786063595881, 'gamma': 6.757110406953963e-05, 'min_child_weight': 153.35914002613805}. Best is trial 2 with value: 1.294916417998764.[0m
[32m[I 2023-01-30 11:31:59,385][0m Trial 10 finished with value: 1.33925460792468 and parameters: {'max_depth': 9, 'learning_rate': 0.04816832914567595, 'colsample_bytree': 0.30938945494506476, 'subsample': 0.5236211488460568, 'alpha': 1.0756082087934706, 'lambda': 5.987070125610998, 'gamma': 1.0676973389236319e-08, 'min_child_weight': 10.247188554523198}. Best is trial 2 with value: 1.294916417998764.[0m
[32m[I 2023-01-30 11:32:08,698][0m Trial 11 finished with value: 1.3381484284850784 and parameters: {'max_depth': 9, 'learning_rate': 0.04784455548984856, 'colsample_bytree': 0.3100217763470918, 'subsample': 0.5243516535756538, 'alpha': 1.2318833059244463, 'lambda': 9.718541847119443, 'gamma': 1.2536551007490072e-08, 'min_child_weight': 10.820984738272562}. Best is trial 2 with value: 1.294916417998764.[0m
