[32m[I 2023-01-30 05:36:58,626][0m Trial 99 finished with value: 0.13324622422534457 and parameters: {'max_depth': 4, 'learning_rate': 0.04139625588971231, 'colsample_bytree': 0.39897130860427404, 'subsample': 0.6883263784005799, 'alpha': 0.038177599408471555, 'lambda': 0.26923163027442415, 'gamma': 1.0556736810765474e-07, 'min_child_weight': 10.015607424382289}. Best is trial 91 with value: 0.13154681070202878.[0m
Uploaded file from /Users/kevinmaikjablonka/git/kjappelbaum/gptchem/experiments/04_regression/henry/out/20230130_041833/train.jsonl: file-wL7plMyzXfm8kmqt5G8KjfKQ
Upload progress:   0%|          | 0.00/62.4k [00:00<?, ?it/s]Upload progress: 100%|██████████| 62.4k/62.4k [00:00<00:00, 127Mit/s]
2023-01-30 05:43:19.130 | ERROR    | __main__:<module>:78 - ('logKH_CH4', 'CH4 Henry coefficient')
Traceback (most recent call last):

  File "/Users/kevinmaikjablonka/miniconda3/envs/gptchem/lib/python3.9/site-packages/pandas/core/indexes/base.py", line 3803, in get_loc
    return self._engine.get_loc(casted_key)
           │    │               └ ('logKH_CH4', 'CH4 Henry coefficient')
           │    └ <pandas._libs.properties.CachedProperty object at 0x299c683c0>
           └ Index(['Unnamed: 0', 'ASA [m^2/cm^3]', 'CellV [A^3]', 'Df', 'Di', 'Dif',
                    'NASA [m^2/cm^3]', 'POAV [cm^3/g]', 'POAVF', ...
  File "pandas/_libs/index.pyx", line 138, in pandas._libs.index.IndexEngine.get_loc
    cpdef get_loc(self, object val):
  File "pandas/_libs/index.pyx", line 165, in pandas._libs.index.IndexEngine.get_loc
    return self.mapping.get_item(val)
  File "pandas/_libs/hashtable_class_helper.pxi", line 5745, in pandas._libs.hashtable.PyObjectHashTable.get_item
  File "pandas/_libs/hashtable_class_helper.pxi", line 5753, in pandas._libs.hashtable.PyObjectHashTable.get_item

KeyError: ('logKH_CH4', 'CH4 Henry coefficient')


The above exception was the direct cause of the following exception:


Traceback (most recent call last):

> File "/Users/kevinmaikjablonka/git/kjappelbaum/gptchem/experiments/04_regression/henry/run_experiments.py", line 76, in <module>
    run_experiment(train_size, target, i + 22332642)
    │              │           │       └ 0
    │              │           └ ('logKH_CH4', 'CH4 Henry coefficient')
    │              └ 200
    └ <function run_experiment at 0x10549b0d0>

  File "/Users/kevinmaikjablonka/git/kjappelbaum/gptchem/experiments/04_regression/henry/run_experiments.py", line 58, in run_experiment
    gpt_metrics = get_regression_metrics(test[target], extracted)
                  │                      │    │        └ [-4.55, -4.81, -5.12, -4.81, -5.08, -5.33, -5.12, -4.5, -4.75, -4.55, -4.81, -5.33, -4.81, -4.81, -4.55, -5.33, -4.55, -4.5, ...
                  │                      │    └ ('logKH_CH4', 'CH4 Henry coefficient')
                  │                      └       Unnamed: 0  ...                                              mofid
                  │                        1976        2950  ...  Cc1cc(c(cc1n1cncc1)C)n1cncc1....
                  └ <function get_regression_metrics at 0x29d8dc280>

  File "/Users/kevinmaikjablonka/miniconda3/envs/gptchem/lib/python3.9/site-packages/pandas/core/frame.py", line 3805, in __getitem__
    indexer = self.columns.get_loc(key)
              │    │               └ ('logKH_CH4', 'CH4 Henry coefficient')
              │    └ <pandas._libs.properties.AxisProperty object at 0x29a43e610>
              └       Unnamed: 0  ...                                              mofid
                1976        2950  ...  Cc1cc(c(cc1n1cncc1)C)n1cncc1....
  File "/Users/kevinmaikjablonka/miniconda3/envs/gptchem/lib/python3.9/site-packages/pandas/core/indexes/base.py", line 3805, in get_loc
    raise KeyError(key) from err
                   └ ('logKH_CH4', 'CH4 Henry coefficient')

KeyError: ('logKH_CH4', 'CH4 Henry coefficient')
[32m[I 2023-01-30 05:43:19,404][0m A new study created in memory with name: no-name-e566742f-e213-403c-94fe-ccf169f010f5[0m
[32m[I 2023-01-30 05:43:21,029][0m Trial 0 finished with value: 17.458348387036438 and parameters: {'max_depth': 11, 'learning_rate': 0.03943180702221767, 'colsample_bytree': 0.48338277698454657, 'subsample': 0.6667880916971854, 'alpha': 0.07695356446858977, 'lambda': 0.0011960555391446264, 'gamma': 0.011558526456888882, 'min_child_weight': 591.1193593817245}. Best is trial 0 with value: 17.458348387036438.[0m
[32m[I 2023-01-30 05:43:29,748][0m Trial 1 finished with value: 1.0921994068554441 and parameters: {'max_depth': 10, 'learning_rate': 0.041134316655128254, 'colsample_bytree': 0.22968076844783064, 'subsample': 0.4464499696175606, 'alpha': 7.181717181976198, 'lambda': 1.562370075120558e-07, 'gamma': 1.592922235503172e-07, 'min_child_weight': 31.920798758958732}. Best is trial 1 with value: 1.0921994068554441.[0m
[32m[I 2023-01-30 05:53:37,418][0m Trial 2 finished with value: 1.0642871250813246 and parameters: {'max_depth': 11, 'learning_rate': 0.018174141335350915, 'colsample_bytree': 0.5604454522456577, 'subsample': 0.7574852124218824, 'alpha': 3.4380016701469245, 'lambda': 0.5568909988317814, 'gamma': 7.527426349222389e-08, 'min_child_weight': 46.33736847648717}. Best is trial 2 with value: 1.0642871250813246.[0m
[32m[I 2023-01-30 05:54:13,170][0m Trial 3 finished with value: 1.2007493398647413 and parameters: {'max_depth': 9, 'learning_rate': 0.028378909616250787, 'colsample_bytree': 0.5801596986666466, 'subsample': 0.4947504468141251, 'alpha': 0.019466965890188696, 'lambda': 0.05971200399326978, 'gamma': 3.2188208036024255e-08, 'min_child_weight': 58.5928635790038}. Best is trial 2 with value: 1.0642871250813246.[0m
[32m[I 2023-01-30 05:54:15,114][0m Trial 4 finished with value: 17.458348387036438 and parameters: {'max_depth': 11, 'learning_rate': 0.04162946890026078, 'colsample_bytree': 0.4633009018331788, 'subsample': 0.5171503376217323, 'alpha': 0.051964460566470146, 'lambda': 0.011806796342275164, 'gamma': 0.0009844669237292266, 'min_child_weight': 597.174798468189}. Best is trial 2 with value: 1.0642871250813246.[0m
[32m[I 2023-01-30 06:34:14,906][0m Trial 5 finished with value: 1.0689005227830468 and parameters: {'max_depth': 9, 'learning_rate': 0.030486391820450123, 'colsample_bytree': 0.3726677137700833, 'subsample': 0.6175143133497486, 'alpha': 0.37372578650240545, 'lambda': 3.336971520305419e-08, 'gamma': 0.7754828402642463, 'min_child_weight': 17.103074711611693}. Best is trial 2 with value: 1.0642871250813246.[0m
[32m[I 2023-01-30 06:34:16,821][0m Trial 6 finished with value: 17.458348387036438 and parameters: {'max_depth': 4, 'learning_rate': 0.010624215152102963, 'colsample_bytree': 0.30490924992026125, 'subsample': 0.7437145829936807, 'alpha': 0.01471669543122012, 'lambda': 4.950734654876109, 'gamma': 3.905013417707782e-07, 'min_child_weight': 792.9791014070719}. Best is trial 2 with value: 1.0642871250813246.[0m
[32m[I 2023-01-30 06:36:37,193][0m Trial 7 finished with value: 1.0593837906041021 and parameters: {'max_depth': 5, 'learning_rate': 0.021844647946310584, 'colsample_bytree': 0.2978935637565084, 'subsample': 0.6945899034698879, 'alpha': 2.9236678454672598, 'lambda': 0.00197230249454408, 'gamma': 0.005725354703365607, 'min_child_weight': 12.641216570962865}. Best is trial 7 with value: 1.0593837906041021.[0m
[32m[I 2023-01-30 06:36:52,866][0m Trial 8 finished with value: 1.2019097390551892 and parameters: {'max_depth': 8, 'learning_rate': 0.04884455994741487, 'colsample_bytree': 0.4298111297108724, 'subsample': 0.7307760130513172, 'alpha': 0.20412995229328462, 'lambda': 0.001631687775345892, 'gamma': 0.13940883284270142, 'min_child_weight': 70.72254449717482}. Best is trial 7 with value: 1.0593837906041021.[0m
[32m[I 2023-01-30 06:36:57,784][0m Trial 9 finished with value: 17.458348387036438 and parameters: {'max_depth': 12, 'learning_rate': 0.014255449161794368, 'colsample_bytree': 0.4034724433109933, 'subsample': 0.6012725606067151, 'alpha': 0.02679408741335582, 'lambda': 0.00011088384699910948, 'gamma': 3.14909160330647e-06, 'min_child_weight': 360.1956870154361}. Best is trial 7 with value: 1.0593837906041021.[0m
[32m[I 2023-01-30 06:38:18,156][0m Trial 10 finished with value: 1.0485410501426369 and parameters: {'max_depth': 5, 'learning_rate': 0.006567809537515869, 'colsample_bytree': 0.21621561786557644, 'subsample': 0.7970940592228932, 'alpha': 1.3377133540080883, 'lambda': 1.0144403074360882e-05, 'gamma': 1.5627923896721316e-05, 'min_child_weight': 10.640987174643799}. Best is trial 10 with value: 1.0485410501426369.[0m
[32m[I 2023-01-30 06:39:20,682][0m Trial 11 finished with value: 1.0545015505757918 and parameters: {'max_depth': 5, 'learning_rate': 0.005543865511666535, 'colsample_bytree': 0.20765676745546233, 'subsample': 0.6834696849362206, 'alpha': 1.4466901926024043, 'lambda': 6.041790057262062e-06, 'gamma': 4.151987376386764e-05, 'min_child_weight': 13.873126188153087}. Best is trial 10 with value: 1.0485410501426369.[0m
[32m[I 2023-01-30 06:39:22,379][0m Trial 12 finished with value: 17.458348387036438 and parameters: {'max_depth': 6, 'learning_rate': 0.005503444162729781, 'colsample_bytree': 0.21534096021872975, 'subsample': 0.7973990749465469, 'alpha': 0.706827414459649, 'lambda': 7.855506830257842e-06, 'gamma': 2.5639557356337874e-05, 'min_child_weight': 179.82169965636967}. Best is trial 10 with value: 1.0485410501426369.[0m
[32m[I 2023-01-30 06:41:02,740][0m Trial 13 finished with value: 1.044750960975929 and parameters: {'max_depth': 6, 'learning_rate': 0.005389106263643777, 'colsample_bytree': 0.2917798509828567, 'subsample': 0.7975340054016294, 'alpha': 1.4103754759550413, 'lambda': 3.5918150073438157e-06, 'gamma': 6.98153538559547e-05, 'min_child_weight': 10.774985401287399}. Best is trial 13 with value: 1.044750960975929.[0m
[32m[I 2023-01-30 06:42:17,878][0m Trial 14 finished with value: 1.024106546298824 and parameters: {'max_depth': 7, 'learning_rate': 0.008192662285185847, 'colsample_bytree': 0.30840356074553144, 'subsample': 0.7882735873104881, 'alpha': 0.9304283875896127, 'lambda': 1.8326609538902013e-06, 'gamma': 7.836947683299549e-05, 'min_child_weight': 25.97491109022437}. Best is trial 14 with value: 1.024106546298824.[0m
[32m[I 2023-01-30 06:43:15,073][0m Trial 15 finished with value: 1.057148639029937 and parameters: {'max_depth': 7, 'learning_rate': 0.007579986489042945, 'colsample_bytree': 0.3193377417879185, 'subsample': 0.5508565535770853, 'alpha': 0.2578673660266347, 'lambda': 7.774110652704368e-07, 'gamma': 0.00029429872847467394, 'min_child_weight': 26.5229050209514}. Best is trial 14 with value: 1.024106546298824.[0m
[32m[I 2023-01-30 06:43:19,418][0m Trial 16 finished with value: 17.458348387036438 and parameters: {'max_depth': 7, 'learning_rate': 0.008716053040389264, 'colsample_bytree': 0.3524812799543892, 'subsample': 0.4044934556583538, 'alpha': 9.35511413122349, 'lambda': 1.1518787661978033e-08, 'gamma': 0.0002581467289011651, 'min_child_weight': 131.80446351582555}. Best is trial 14 with value: 1.024106546298824.[0m
[32m[I 2023-01-30 06:44:40,086][0m Trial 17 finished with value: 1.0568776322024447 and parameters: {'max_depth': 7, 'learning_rate': 0.010601568677097172, 'colsample_bytree': 0.26844778394944646, 'subsample': 0.6382549732822397, 'alpha': 0.6411446562458499, 'lambda': 6.541855172335764e-05, 'gamma': 1.6653462520014588e-06, 'min_child_weight': 24.103515906888155}. Best is trial 14 with value: 1.024106546298824.[0m
[32m[I 2023-01-30 06:46:30,577][0m Trial 18 finished with value: 1.0662250713405068 and parameters: {'max_depth': 6, 'learning_rate': 0.011302539664895094, 'colsample_bytree': 0.3416080380199448, 'subsample': 0.7353168112039196, 'alpha': 1.9593322137138127, 'lambda': 5.567730777075072e-07, 'gamma': 4.6441204017974815, 'min_child_weight': 38.60689524028789}. Best is trial 14 with value: 1.024106546298824.[0m
[32m[I 2023-01-30 06:48:12,186][0m Trial 19 finished with value: 1.0428650000105795 and parameters: {'max_depth': 8, 'learning_rate': 0.007935842077232368, 'colsample_bytree': 0.2722610230632376, 'subsample': 0.7902332994072868, 'alpha': 0.15887601366877477, 'lambda': 2.2486132625441903e-06, 'gamma': 0.014290105493294014, 'min_child_weight': 20.028635331235787}. Best is trial 14 with value: 1.024106546298824.[0m
[32m[I 2023-01-30 06:48:19,548][0m Trial 20 finished with value: 16.891931103897182 and parameters: {'max_depth': 8, 'learning_rate': 0.008747644469482901, 'colsample_bytree': 0.2562565807232396, 'subsample': 0.5725819633604685, 'alpha': 0.11971074446355733, 'lambda': 1.647220428367569e-07, 'gamma': 0.0873223131502131, 'min_child_weight': 107.51891779596619}. Best is trial 14 with value: 1.024106546298824.[0m
[32m[I 2023-01-30 06:50:35,480][0m Trial 21 finished with value: 1.0454912186729313 and parameters: {'max_depth': 6, 'learning_rate': 0.005031719833637376, 'colsample_bytree': 0.2681997257106866, 'subsample': 0.767154787783356, 'alpha': 0.6149720171175587, 'lambda': 2.0003421982620497e-06, 'gamma': 0.002346982094523853, 'min_child_weight': 20.000603800542976}. Best is trial 14 with value: 1.024106546298824.[0m
[32m[I 2023-01-30 06:52:19,349][0m Trial 22 finished with value: 1.0501266255731792 and parameters: {'max_depth': 9, 'learning_rate': 0.0067925400054885, 'colsample_bytree': 0.2896711199582366, 'subsample': 0.7049890819614203, 'alpha': 0.16435444801963217, 'lambda': 3.466827998065293e-05, 'gamma': 0.032688066658262224, 'min_child_weight': 10.036512944609147}. Best is trial 14 with value: 1.024106546298824.[0m
[32m[I 2023-01-30 08:22:36,364][0m Trial 23 finished with value: 1.0228982012000103 and parameters: {'max_depth': 8, 'learning_rate': 0.014200992564434767, 'colsample_bytree': 0.3781546978228632, 'subsample': 0.795441723139479, 'alpha': 0.4548135503919721, 'lambda': 1.113260878572631e-07, 'gamma': 7.225586458100403e-05, 'min_child_weight': 18.88667324122759}. Best is trial 23 with value: 1.0228982012000103.[0m
[32m[I 2023-01-30 08:23:09,606][0m Trial 24 finished with value: 1.0340941165103659 and parameters: {'max_depth': 8, 'learning_rate': 0.014242716039409764, 'colsample_bytree': 0.3858349067789349, 'subsample': 0.7681744339629047, 'alpha': 0.45110781575469017, 'lambda': 1.1719728679550554e-07, 'gamma': 0.0008023805748083854, 'min_child_weight': 20.930132604658294}. Best is trial 23 with value: 1.0228982012000103.[0m
[32m[I 2023-01-30 08:23:27,104][0m Trial 25 finished with value: 1.2011178508595632 and parameters: {'max_depth': 8, 'learning_rate': 0.013679566294006972, 'colsample_bytree': 0.40195357676345433, 'subsample': 0.7123062340478808, 'alpha': 0.4300166156085114, 'lambda': 5.966264673601903e-08, 'gamma': 4.085643329645793e-06, 'min_child_weight': 63.83179519433249}. Best is trial 23 with value: 1.0228982012000103.[0m
[32m[I 2023-01-30 08:23:58,144][0m Trial 26 finished with value: 1.0176562869255545 and parameters: {'max_depth': 7, 'learning_rate': 0.018008992297052582, 'colsample_bytree': 0.45081224989336754, 'subsample': 0.7613768577242701, 'alpha': 0.8721299423885231, 'lambda': 1.1695669149252057e-08, 'gamma': 0.0006166990343831805, 'min_child_weight': 35.45672910531977}. Best is trial 26 with value: 1.0176562869255545.[0m
[32m[I 2023-01-30 08:24:13,855][0m Trial 27 finished with value: 1.0757493559760722 and parameters: {'max_depth': 7, 'learning_rate': 0.01875068025844301, 'colsample_bytree': 0.5133318779157822, 'subsample': 0.6464937622404459, 'alpha': 0.8019079670961878, 'lambda': 1.4353403385783995e-08, 'gamma': 0.00017085219855997517, 'min_child_weight': 37.27688467666815}. Best is trial 26 with value: 1.0176562869255545.[0m
[32m[I 2023-01-30 08:24:28,463][0m Trial 28 finished with value: 1.0719003651737113 and parameters: {'max_depth': 10, 'learning_rate': 0.02491718948198898, 'colsample_bytree': 0.44501830483924026, 'subsample': 0.7238086743542536, 'alpha': 4.062782732990434, 'lambda': 6.713644254473773e-07, 'gamma': 1.2904603108373288e-05, 'min_child_weight': 44.94842893899493}. Best is trial 26 with value: 1.0176562869255545.[0m
[32m[I 2023-01-30 08:24:47,350][0m Trial 29 finished with value: 1.027153133174457 and parameters: {'max_depth': 7, 'learning_rate': 0.01767081980056281, 'colsample_bytree': 0.5065293178250864, 'subsample': 0.6648085857328636, 'alpha': 2.0315101931296, 'lambda': 0.00029799068266411175, 'gamma': 0.002526129345632383, 'min_child_weight': 29.211262415105807}. Best is trial 26 with value: 1.0176562869255545.[0m
[32m[I 2023-01-30 08:24:50,342][0m Trial 30 finished with value: 17.458348387036438 and parameters: {'max_depth': 10, 'learning_rate': 0.012732326721888758, 'colsample_bytree': 0.42887626810069546, 'subsample': 0.7541682911580356, 'alpha': 0.08600804596969248, 'lambda': 3.3276736021664035e-08, 'gamma': 8.715897002723977e-07, 'min_child_weight': 196.38004714304557}. Best is trial 26 with value: 1.0176562869255545.[0m
[32m[I 2023-01-30 08:25:31,947][0m Trial 31 finished with value: 1.023265784085164 and parameters: {'max_depth': 7, 'learning_rate': 0.019287996599437262, 'colsample_bytree': 0.5064552351214121, 'subsample': 0.666721827921782, 'alpha': 1.1800969285980774, 'lambda': 0.0006802135521571346, 'gamma': 0.0034762486118840924, 'min_child_weight': 29.048571176901323}. Best is trial 26 with value: 1.0176562869255545.[0m
[32m[I 2023-01-30 08:26:33,912][0m Trial 32 finished with value: 1.0374766808147207 and parameters: {'max_depth': 7, 'learning_rate': 0.021586906104139717, 'colsample_bytree': 0.48844340747061954, 'subsample': 0.771389962436767, 'alpha': 0.8295678955197473, 'lambda': 0.01052721672902246, 'gamma': 8.183773033445022e-05, 'min_child_weight': 15.598215568197759}. Best is trial 26 with value: 1.0176562869255545.[0m
[32m[I 2023-01-30 08:27:09,565][0m Trial 33 finished with value: 1.0519715823731635 and parameters: {'max_depth': 9, 'learning_rate': 0.015487767737392442, 'colsample_bytree': 0.5193326197221347, 'subsample': 0.6791927806006414, 'alpha': 1.0396971616495678, 'lambda': 2.1007201486700336e-07, 'gamma': 0.0008256826971614502, 'min_child_weight': 34.296469627240626}. Best is trial 26 with value: 1.0176562869255545.[0m
[32m[I 2023-01-30 08:27:45,098][0m Trial 34 finished with value: 1.2036986473307827 and parameters: {'max_depth': 6, 'learning_rate': 0.0317073698834541, 'colsample_bytree': 0.5545204171824119, 'subsample': 0.7734471153120851, 'alpha': 4.754544670360938, 'lambda': 0.00044830962434270127, 'gamma': 0.0056021489979537886, 'min_child_weight': 78.54401364357823}. Best is trial 26 with value: 1.0176562869255545.[0m
[32m[I 2023-01-30 08:28:10,398][0m Trial 35 finished with value: 1.0865658935197453 and parameters: {'max_depth': 8, 'learning_rate': 0.019990123321380976, 'colsample_bytree': 0.4690180125909262, 'subsample': 0.7134245911671269, 'alpha': 0.2936321041500391, 'lambda': 2.091422642325072e-05, 'gamma': 0.0007034377585443562, 'min_child_weight': 51.67419713548796}. Best is trial 26 with value: 1.0176562869255545.[0m
[32m[I 2023-01-30 08:29:02,421][0m Trial 36 finished with value: 1.0124025276783284 and parameters: {'max_depth': 9, 'learning_rate': 0.025178900361330754, 'colsample_bytree': 0.3380039653884939, 'subsample': 0.7463016776921786, 'alpha': 2.082700762463768, 'lambda': 0.09146859307847525, 'gamma': 1.2546820072683304e-08, 'min_child_weight': 28.24651847016629}. Best is trial 36 with value: 1.0124025276783284.[0m
[32m[I 2023-01-30 08:29:39,961][0m Trial 37 finished with value: 1.0935708695078827 and parameters: {'max_depth': 9, 'learning_rate': 0.026182474190251857, 'colsample_bytree': 0.5406962129795077, 'subsample': 0.6536284118408292, 'alpha': 2.2856517317569254, 'lambda': 0.4401504414113388, 'gamma': 3.0123483443962555e-08, 'min_child_weight': 48.10780060724127}. Best is trial 36 with value: 1.0124025276783284.[0m
[32m[I 2023-01-30 08:30:05,009][0m Trial 38 finished with value: 1.0379170121351011 and parameters: {'max_depth': 10, 'learning_rate': 0.017122770076600725, 'colsample_bytree': 0.4227813397534325, 'subsample': 0.7427028652032115, 'alpha': 2.6847505940006466, 'lambda': 0.04120149618552942, 'gamma': 1.4171293252582798e-07, 'min_child_weight': 17.082692782646397}. Best is trial 36 with value: 1.0124025276783284.[0m
[32m[I 2023-01-30 08:30:21,644][0m Trial 39 finished with value: 1.0570532520599454 and parameters: {'max_depth': 9, 'learning_rate': 0.02315814225309456, 'colsample_bytree': 0.5820772634472995, 'subsample': 0.6327045330466409, 'alpha': 4.910493615228316, 'lambda': 0.5624750278439671, 'gamma': 0.8803675978459876, 'min_child_weight': 32.5977310076886}. Best is trial 36 with value: 1.0124025276783284.[0m
[32m[I 2023-01-30 08:30:27,686][0m Trial 40 finished with value: 1.201304432330463 and parameters: {'max_depth': 11, 'learning_rate': 0.03490528631737344, 'colsample_bytree': 0.36372467438330736, 'subsample': 0.7462121436504744, 'alpha': 0.4863718238419569, 'lambda': 7.341389328097941, 'gamma': 1.525939646231702e-08, 'min_child_weight': 87.69446098177563}. Best is trial 36 with value: 1.0124025276783284.[0m
[32m[I 2023-01-30 08:30:51,985][0m Trial 41 finished with value: 1.002168979105042 and parameters: {'max_depth': 8, 'learning_rate': 0.016409789587964883, 'colsample_bytree': 0.33549008581098366, 'subsample': 0.7755543754353713, 'alpha': 0.9934613673709634, 'lambda': 4.389302569766235e-08, 'gamma': 0.02058929141485099, 'min_child_weight': 24.5898086665216}. Best is trial 41 with value: 1.002168979105042.[0m
[32m[I 2023-01-30 08:31:10,431][0m Trial 42 finished with value: 1.0241178207626218 and parameters: {'max_depth': 8, 'learning_rate': 0.015845225656836142, 'colsample_bytree': 0.380261898130424, 'subsample': 0.7578873418944388, 'alpha': 1.1566877338995605, 'lambda': 0.004566599619419406, 'gamma': 0.03443122564624456, 'min_child_weight': 22.14945426568774}. Best is trial 41 with value: 1.002168979105042.[0m
