[32m[I 2023-01-30 01:40:31,882][0m Trial 10 finished with value: 0.20780567637923078 and parameters: {'max_depth': 5, 'learning_rate': 0.006567809537515869, 'colsample_bytree': 0.21621561786557644, 'subsample': 0.7970940592228932, 'alpha': 1.3377133540080883, 'lambda': 1.0144403074360882e-05, 'gamma': 1.5627923896721316e-05, 'min_child_weight': 10.640987174643799}. Best is trial 10 with value: 0.20780567637923078.[0m
[32m[I 2023-01-30 01:46:30,850][0m Trial 11 finished with value: 0.21922082446904562 and parameters: {'max_depth': 5, 'learning_rate': 0.005543865511666535, 'colsample_bytree': 0.20765676745546233, 'subsample': 0.6834696849362206, 'alpha': 1.4466901926024043, 'lambda': 6.041790057262062e-06, 'gamma': 4.151987376386764e-05, 'min_child_weight': 13.873126188153087}. Best is trial 10 with value: 0.20780567637923078.[0m
[32m[I 2023-01-30 01:51:20,750][0m Trial 12 finished with value: 0.20647634771454837 and parameters: {'max_depth': 6, 'learning_rate': 0.005866792705150466, 'colsample_bytree': 0.2910589056855634, 'subsample': 0.793600856214006, 'alpha': 1.229291320063178, 'lambda': 1.1607426795989462e-05, 'gamma': 0.00013753625403400063, 'min_child_weight': 10.78902132681466}. Best is trial 12 with value: 0.20647634771454837.[0m
[32m[I 2023-01-30 01:51:30,953][0m Trial 13 finished with value: 29.999743227807745 and parameters: {'max_depth': 7, 'learning_rate': 0.005422737367983435, 'colsample_bytree': 0.2917798509828567, 'subsample': 0.7978228010594824, 'alpha': 0.6779098352750199, 'lambda': 5.508214574555719e-06, 'gamma': 3.8268457229600976e-05, 'min_child_weight': 173.1555108719887}. Best is trial 12 with value: 0.20647634771454837.[0m
[32m[I 2023-01-30 01:53:32,621][0m Trial 14 finished with value: 0.25655082395918244 and parameters: {'max_depth': 6, 'learning_rate': 0.00810852828920434, 'colsample_bytree': 0.2533676735480054, 'subsample': 0.7916145209323586, 'alpha': 1.148197893820709, 'lambda': 1.3086313637286283e-05, 'gamma': 6.485156403203602e-05, 'min_child_weight': 25.97491109022437}. Best is trial 12 with value: 0.20647634771454837.[0m
[32m[I 2023-01-30 01:53:38,778][0m Trial 15 finished with value: 29.999743227807745 and parameters: {'max_depth': 6, 'learning_rate': 0.007455611469014283, 'colsample_bytree': 0.3540365674811706, 'subsample': 0.5486652629805829, 'alpha': 0.2782118277902271, 'lambda': 5.922197028605609e-07, 'gamma': 2.700834223045526e-06, 'min_child_weight': 177.37924521155963}. Best is trial 12 with value: 0.20647634771454837.[0m
[32m[I 2023-01-30 01:59:07,495][0m Trial 16 finished with value: 0.30942466315605827 and parameters: {'max_depth': 4, 'learning_rate': 0.008129558517074439, 'colsample_bytree': 0.25804328607058596, 'subsample': 0.4044934556583538, 'alpha': 9.35511413122349, 'lambda': 5.3968385325747976e-05, 'gamma': 0.0002581467289011651, 'min_child_weight': 22.28790554543557}. Best is trial 12 with value: 0.20647634771454837.[0m
[32m[I 2023-01-30 02:02:41,674][0m Trial 17 finished with value: 0.21285712899624798 and parameters: {'max_depth': 7, 'learning_rate': 0.010613176832023383, 'colsample_bytree': 0.32971506955233526, 'subsample': 0.6369468342386365, 'alpha': 2.6349971966520904, 'lambda': 8.075318525680044e-07, 'gamma': 4.311350068377529e-06, 'min_child_weight': 10.962200626124082}. Best is trial 12 with value: 0.20647634771454837.[0m
[32m[I 2023-01-30 02:02:56,236][0m Trial 18 finished with value: 29.999743227807745 and parameters: {'max_depth': 6, 'learning_rate': 0.00609665355480582, 'colsample_bytree': 0.2706359850266361, 'subsample': 0.735024722114105, 'alpha': 0.6640731115806414, 'lambda': 1.5611060631108224e-08, 'gamma': 4.6441204017974815, 'min_child_weight': 121.93691450689178}. Best is trial 12 with value: 0.20647634771454837.[0m
[32m[I 2023-01-30 02:04:29,826][0m Trial 19 finished with value: 0.27078215982352744 and parameters: {'max_depth': 5, 'learning_rate': 0.011924259172799117, 'colsample_bytree': 0.2010018672710816, 'subsample': 0.5549141775553947, 'alpha': 0.16001169325529843, 'lambda': 5.003708019138962e-05, 'gamma': 0.0013880734266108062, 'min_child_weight': 41.23949608090895}. Best is trial 12 with value: 0.20647634771454837.[0m
[32m[I 2023-01-30 02:07:41,175][0m Trial 20 finished with value: 0.20608875102226426 and parameters: {'max_depth': 7, 'learning_rate': 0.0077850600546384196, 'colsample_bytree': 0.3344033826157345, 'subsample': 0.7787164290127743, 'alpha': 1.5275184350938587, 'lambda': 1.211085262343386e-06, 'gamma': 0.00938475830895533, 'min_child_weight': 10.387701473876321}. Best is trial 20 with value: 0.20608875102226426.[0m
[32m[I 2023-01-30 02:10:11,452][0m Trial 21 finished with value: 0.20449249267112934 and parameters: {'max_depth': 7, 'learning_rate': 0.007105089611980685, 'colsample_bytree': 0.3427209444904343, 'subsample': 0.799554507508218, 'alpha': 1.2007671781415923, 'lambda': 1.2694915551190414e-06, 'gamma': 0.025186372273789746, 'min_child_weight': 10.607879666859288}. Best is trial 21 with value: 0.20449249267112934.[0m
[32m[I 2023-01-30 02:11:07,560][0m Trial 22 finished with value: 0.24930784949907075 and parameters: {'max_depth': 7, 'learning_rate': 0.009133350932340141, 'colsample_bytree': 0.3451005703729928, 'subsample': 0.713543828509556, 'alpha': 0.5398924466638375, 'lambda': 8.849496265834538e-07, 'gamma': 0.05143218868693453, 'min_child_weight': 20.50936844302949}. Best is trial 21 with value: 0.20449249267112934.[0m
[32m[I 2023-01-30 02:15:21,787][0m Trial 23 finished with value: 0.24296290971197515 and parameters: {'max_depth': 8, 'learning_rate': 0.005010222283636901, 'colsample_bytree': 0.3872758519396821, 'subsample': 0.7653013803115853, 'alpha': 4.559519541007355, 'lambda': 1.1371755701992488e-07, 'gamma': 0.01313852815118751, 'min_child_weight': 16.057156809884894}. Best is trial 21 with value: 0.20449249267112934.[0m
[32m[I 2023-01-30 02:18:11,109][0m Trial 24 finished with value: 0.2081973689798801 and parameters: {'max_depth': 7, 'learning_rate': 0.006866885309737644, 'colsample_bytree': 0.32924623061794617, 'subsample': 0.7681370400931046, 'alpha': 1.492174903257795, 'lambda': 1.8807565848883844e-06, 'gamma': 0.0005034040995014333, 'min_child_weight': 10.320862229646911}. Best is trial 21 with value: 0.20449249267112934.[0m
[32m[I 2023-01-30 02:19:08,005][0m Trial 25 finished with value: 0.256984244373737 and parameters: {'max_depth': 8, 'learning_rate': 0.013679566294006972, 'colsample_bytree': 0.43794832085641533, 'subsample': 0.7063622685972627, 'alpha': 2.1265809365749133, 'lambda': 1.402801239570662e-07, 'gamma': 0.10635403091889394, 'min_child_weight': 28.690180269140836}. Best is trial 21 with value: 0.20449249267112934.[0m
[32m[I 2023-01-30 02:20:51,943][0m Trial 26 finished with value: 0.25730635431065696 and parameters: {'max_depth': 6, 'learning_rate': 0.009834054894234083, 'colsample_bytree': 0.3223449457682201, 'subsample': 0.6635674268030441, 'alpha': 4.619159009127918, 'lambda': 0.0002831658250105926, 'gamma': 0.003718433912625345, 'min_child_weight': 18.53417454543069}. Best is trial 21 with value: 0.20449249267112934.[0m
[32m[I 2023-01-30 02:20:56,335][0m Trial 27 finished with value: 29.999743227807745 and parameters: {'max_depth': 8, 'learning_rate': 0.008179296626525735, 'colsample_bytree': 0.5133318779157822, 'subsample': 0.7745408068298019, 'alpha': 0.8019079670961878, 'lambda': 2.5774703261740242e-06, 'gamma': 0.7284961609663043, 'min_child_weight': 79.17533936456755}. Best is trial 21 with value: 0.20449249267112934.[0m
[32m[I 2023-01-30 02:21:44,497][0m Trial 28 finished with value: 0.271357306097197 and parameters: {'max_depth': 9, 'learning_rate': 0.006235133368095458, 'colsample_bytree': 0.41229286090674144, 'subsample': 0.7301589306315203, 'alpha': 0.42599430255779863, 'lambda': 2.8886303672021896e-05, 'gamma': 0.03834175808110023, 'min_child_weight': 35.49979477288387}. Best is trial 21 with value: 0.20449249267112934.[0m
[32m[I 2023-01-30 02:21:50,437][0m Trial 29 finished with value: 29.999743227807745 and parameters: {'max_depth': 7, 'learning_rate': 0.01787261410182448, 'colsample_bytree': 0.3641620459049073, 'subsample': 0.6586002174546706, 'alpha': 0.8749299496048358, 'lambda': 0.00029799068266411175, 'gamma': 0.014399969251954059, 'min_child_weight': 321.5925259189849}. Best is trial 21 with value: 0.20449249267112934.[0m
[32m[I 2023-01-30 02:23:29,102][0m Trial 30 finished with value: 0.2213450738448668 and parameters: {'max_depth': 6, 'learning_rate': 0.009069287345066832, 'colsample_bytree': 0.28065363186242087, 'subsample': 0.7785573389796444, 'alpha': 0.08600804596969248, 'lambda': 2.9840940032842726e-07, 'gamma': 0.00018297125440434195, 'min_child_weight': 15.089305583188885}. Best is trial 21 with value: 0.20449249267112934.[0m
[32m[I 2023-01-30 02:25:50,649][0m Trial 31 finished with value: 0.2059444847502947 and parameters: {'max_depth': 5, 'learning_rate': 0.0066407756828012, 'colsample_bytree': 0.25563582743456587, 'subsample': 0.7988703789812617, 'alpha': 1.6363943487127108, 'lambda': 1.3205870268770444e-05, 'gamma': 8.399583328983587e-06, 'min_child_weight': 10.656708330398427}. Best is trial 21 with value: 0.20449249267112934.[0m
[32m[I 2023-01-30 02:27:34,063][0m Trial 32 finished with value: 0.21730349142530084 and parameters: {'max_depth': 4, 'learning_rate': 0.0067238940164583315, 'colsample_bytree': 0.2370207272885656, 'subsample': 0.7539391402258014, 'alpha': 1.8337508142972465, 'lambda': 2.6862100480522033e-06, 'gamma': 0.001656108430582226, 'min_child_weight': 14.466694203351736}. Best is trial 21 with value: 0.20449249267112934.[0m
[32m[I 2023-01-30 02:30:03,396][0m Trial 33 finished with value: 0.2331111492662913 and parameters: {'max_depth': 5, 'learning_rate': 0.005511145082639624, 'colsample_bytree': 0.30847931039815746, 'subsample': 0.7986713568491774, 'alpha': 5.158132761423052, 'lambda': 4.7757001756521295e-08, 'gamma': 6.250052357278387e-07, 'min_child_weight': 10.102248938489184}. Best is trial 21 with value: 0.20449249267112934.[0m
[32m[I 2023-01-30 02:30:48,329][0m Trial 34 finished with value: 0.25767092692166127 and parameters: {'max_depth': 6, 'learning_rate': 0.00718956492546544, 'colsample_bytree': 0.2604014515482674, 'subsample': 0.7604262496440309, 'alpha': 1.137289977086681, 'lambda': 2.217931653817602e-05, 'gamma': 0.35718521568521544, 'min_child_weight': 22.378304343664787}. Best is trial 21 with value: 0.20449249267112934.[0m
[32m[I 2023-01-30 02:31:26,695][0m Trial 35 finished with value: 0.2521022573007266 and parameters: {'max_depth': 7, 'learning_rate': 0.012308445246611918, 'colsample_bytree': 0.2414478044455363, 'subsample': 0.7183683369100531, 'alpha': 2.1470874191997456, 'lambda': 3.315248756555741e-07, 'gamma': 1.1442345822047298e-05, 'min_child_weight': 25.802485348401568}. Best is trial 21 with value: 0.20449249267112934.[0m
[32m[I 2023-01-30 02:34:55,751][0m Trial 36 finished with value: 0.28017992029662686 and parameters: {'max_depth': 10, 'learning_rate': 0.005026012986793379, 'colsample_bytree': 0.3414221269257259, 'subsample': 0.7452555395863634, 'alpha': 6.345743924932315, 'lambda': 9.056462528559553e-05, 'gamma': 1.2546820072683304e-08, 'min_child_weight': 51.14400743415973}. Best is trial 21 with value: 0.20449249267112934.[0m
[32m[I 2023-01-30 02:36:42,731][0m Trial 37 finished with value: 0.23742167767001607 and parameters: {'max_depth': 8, 'learning_rate': 0.006132782884207405, 'colsample_bytree': 0.37661841147710107, 'subsample': 0.7747651377382111, 'alpha': 3.3985235629385864, 'lambda': 0.0005638408161320612, 'gamma': 0.00011075051517196242, 'min_child_weight': 17.93346743420976}. Best is trial 21 with value: 0.20449249267112934.[0m
[32m[I 2023-01-30 02:38:03,534][0m Trial 38 finished with value: 0.2671002043955705 and parameters: {'max_depth': 5, 'learning_rate': 0.007670889529990629, 'colsample_bytree': 0.31384326726799994, 'subsample': 0.6902931814221763, 'alpha': 0.27786212395214555, 'lambda': 0.02313490859172262, 'gamma': 4.165705082918595, 'min_child_weight': 12.911161530092173}. Best is trial 21 with value: 0.20449249267112934.[0m
[32m[I 2023-01-30 02:40:14,597][0m Trial 39 finished with value: 0.27156107296473986 and parameters: {'max_depth': 9, 'learning_rate': 0.00906218359349058, 'colsample_bytree': 0.29227999668257354, 'subsample': 0.468123243086385, 'alpha': 0.5330419708009491, 'lambda': 0.0035154623679689804, 'gamma': 6.762551853827496e-07, 'min_child_weight': 40.0659107429678}. Best is trial 21 with value: 0.20449249267112934.[0m
[32m[I 2023-01-30 02:41:05,991][0m Trial 40 finished with value: 0.25823905827378624 and parameters: {'max_depth': 4, 'learning_rate': 0.011310526655348978, 'colsample_bytree': 0.5154390688025007, 'subsample': 0.7474896508524956, 'alpha': 0.9199926191289896, 'lambda': 5.090903573776216e-08, 'gamma': 0.0004410950172380224, 'min_child_weight': 31.182418907182164}. Best is trial 21 with value: 0.20449249267112934.[0m
[32m[I 2023-01-30 02:43:08,970][0m Trial 41 finished with value: 0.2083779569481695 and parameters: {'max_depth': 5, 'learning_rate': 0.00636569969747764, 'colsample_bytree': 0.21843771854919902, 'subsample': 0.7859120128893196, 'alpha': 1.312744053434934, 'lambda': 8.625771611786587e-06, 'gamma': 1.1591092569278104e-05, 'min_child_weight': 11.440319068771911}. Best is trial 21 with value: 0.20449249267112934.[0m
[32m[I 2023-01-30 02:43:46,609][0m Trial 42 finished with value: 0.21111525516427831 and parameters: {'max_depth': 6, 'learning_rate': 0.025706228635049313, 'colsample_bytree': 0.23386553912345626, 'subsample': 0.7978960918550573, 'alpha': 1.8425018542225726, 'lambda': 1.7418704659560998e-06, 'gamma': 1.5787032365050073e-05, 'min_child_weight': 13.099903853070208}. Best is trial 21 with value: 0.20449249267112934.[0m
[32m[I 2023-01-30 02:46:05,375][0m Trial 43 finished with value: 0.23240832331558167 and parameters: {'max_depth': 5, 'learning_rate': 0.005820982313345223, 'colsample_bytree': 0.2863654498308599, 'subsample': 0.7708526456123248, 'alpha': 3.1147948934651346, 'lambda': 6.732109273830005e-06, 'gamma': 0.003744375278030535, 'min_child_weight': 16.625391764832575}. Best is trial 21 with value: 0.20449249267112934.[0m
[32m[I 2023-01-30 02:47:50,789][0m Trial 44 finished with value: 0.20627003560403545 and parameters: {'max_depth': 4, 'learning_rate': 0.007034066971156921, 'colsample_bytree': 0.21705303723171232, 'subsample': 0.7849474586769806, 'alpha': 1.0356660818964416, 'lambda': 1.879088160927682e-05, 'gamma': 1.4839965621078322e-07, 'min_child_weight': 10.292148272488756}. Best is trial 21 with value: 0.20449249267112934.[0m
[32m[I 2023-01-30 02:49:13,995][0m Trial 45 finished with value: 0.20732226613651933 and parameters: {'max_depth': 4, 'learning_rate': 0.007197862418610312, 'colsample_bytree': 0.2708854242751384, 'subsample': 0.7545156196676492, 'alpha': 0.9843940663693471, 'lambda': 0.00014318288620519785, 'gamma': 3.4167780094495884e-08, 'min_child_weight': 10.09329347912214}. Best is trial 21 with value: 0.20449249267112934.[0m
[32m[I 2023-01-30 02:50:11,545][0m Trial 46 finished with value: 0.21613894045314264 and parameters: {'max_depth': 4, 'learning_rate': 0.008458187732024725, 'colsample_bytree': 0.24867394288877578, 'subsample': 0.7288168665743398, 'alpha': 0.4620695293557879, 'lambda': 0.1734500192516539, 'gamma': 2.2998959856793017e-07, 'min_child_weight': 13.44276120435522}. Best is trial 21 with value: 0.20449249267112934.[0m
[32m[I 2023-01-30 02:52:33,104][0m Trial 47 finished with value: 0.24759890893188574 and parameters: {'max_depth': 7, 'learning_rate': 0.00970625042416576, 'colsample_bytree': 0.599004833617883, 'subsample': 0.7835292990863748, 'alpha': 2.197398932029905, 'lambda': 2.9133050777777088e-05, 'gamma': 1.37299285598717e-07, 'min_child_weight': 20.821281159830676}. Best is trial 21 with value: 0.20449249267112934.[0m
[32m[I 2023-01-30 02:53:42,702][0m Trial 48 finished with value: 0.20715894674620614 and parameters: {'max_depth': 6, 'learning_rate': 0.03289211223603923, 'colsample_bytree': 0.22654337495936228, 'subsample': 0.7999889617454571, 'alpha': 1.5770794475359, 'lambda': 3.00893062957809, 'gamma': 1.1506293963846505e-06, 'min_child_weight': 12.51235934654316}. Best is trial 21 with value: 0.20449249267112934.[0m
[32m[I 2023-01-30 02:55:38,543][0m Trial 49 finished with value: 0.22346121935695756 and parameters: {'max_depth': 5, 'learning_rate': 0.0055579606827283684, 'colsample_bytree': 0.30199819669959815, 'subsample': 0.698214701969826, 'alpha': 0.7059786227375442, 'lambda': 3.1857033933018052e-06, 'gamma': 6.249436473556173e-08, 'min_child_weight': 15.977282522232906}. Best is trial 21 with value: 0.20449249267112934.[0m
[32m[I 2023-01-30 02:56:15,643][0m Trial 50 finished with value: 0.26498380626698487 and parameters: {'max_depth': 4, 'learning_rate': 0.00765499741872539, 'colsample_bytree': 0.26973448774141257, 'subsample': 0.5600337261640123, 'alpha': 0.34388263409909875, 'lambda': 1.5225150258765189e-05, 'gamma': 0.025811308716741997, 'min_child_weight': 25.136726089988024}. Best is trial 21 with value: 0.20449249267112934.[0m
[32m[I 2023-01-30 02:56:59,742][0m Trial 51 finished with value: 0.2030307048336062 and parameters: {'max_depth': 6, 'learning_rate': 0.03484325937673364, 'colsample_bytree': 0.22337644786459376, 'subsample': 0.7819145804920369, 'alpha': 1.589125908155497, 'lambda': 5.487028289442502, 'gamma': 1.832389115504432e-06, 'min_child_weight': 11.896966435999067}. Best is trial 51 with value: 0.2030307048336062.[0m
[32m[I 2023-01-30 02:57:24,510][0m Trial 52 finished with value: 0.21327686772618293 and parameters: {'max_depth': 6, 'learning_rate': 0.04184011695254335, 'colsample_bytree': 0.20458433086152233, 'subsample': 0.7590687046140713, 'alpha': 2.6415009875219972, 'lambda': 8.279266510542381e-07, 'gamma': 6.354734047691531e-06, 'min_child_weight': 12.137379962974446}. Best is trial 51 with value: 0.2030307048336062.[0m
[32m[I 2023-01-30 02:57:52,029][0m Trial 53 finished with value: 0.23735981788802749 and parameters: {'max_depth': 7, 'learning_rate': 0.02292934413409869, 'colsample_bytree': 0.25057578919662643, 'subsample': 0.7826656169539711, 'alpha': 1.1389865234005676, 'lambda': 0.0007828015589165271, 'gamma': 5.309768809569018e-05, 'min_child_weight': 19.185366517312616}. Best is trial 51 with value: 0.2030307048336062.[0m
[32m[I 2023-01-30 02:58:17,568][0m Trial 54 finished with value: 0.21360743582709146 and parameters: {'max_depth': 6, 'learning_rate': 0.03565064720472436, 'colsample_bytree': 0.21559491448156426, 'subsample': 0.7363025576904392, 'alpha': 0.6571389245822962, 'lambda': 1.3518525594007402, 'gamma': 2.557140988772156e-05, 'min_child_weight': 15.568039240878335}. Best is trial 51 with value: 0.2030307048336062.[0m
[32m[I 2023-01-30 02:58:40,555][0m Trial 55 finished with value: 0.21958182391157507 and parameters: {'max_depth': 5, 'learning_rate': 0.047890569180327316, 'colsample_bytree': 0.35471156050417996, 'subsample': 0.7837292714174294, 'alpha': 3.810044840654165, 'lambda': 0.39581361857741526, 'gamma': 1.7395426076561152e-06, 'min_child_weight': 11.590940866135385}. Best is trial 51 with value: 0.2030307048336062.[0m
[32m[I 2023-01-30 02:59:20,507][0m Trial 56 finished with value: 0.20989134973958526 and parameters: {'max_depth': 12, 'learning_rate': 0.01656294016109415, 'colsample_bytree': 0.2782848806445965, 'subsample': 0.5866100529161531, 'alpha': 1.590787462705936, 'lambda': 4.957227362860348e-06, 'gamma': 3.6382106153062466e-07, 'min_child_weight': 10.048824697399498}. Best is trial 51 with value: 0.2030307048336062.[0m
[32m[I 2023-01-30 02:59:24,165][0m Trial 57 finished with value: 29.999743227807745 and parameters: {'max_depth': 7, 'learning_rate': 0.00659614329850886, 'colsample_bytree': 0.22771441428711653, 'subsample': 0.5064529539813998, 'alpha': 0.15322598454668626, 'lambda': 0.0045144615064486, 'gamma': 0.0007424333832641153, 'min_child_weight': 339.2824061338133}. Best is trial 51 with value: 0.2030307048336062.[0m
[32m[I 2023-01-30 02:59:53,604][0m Trial 58 finished with value: 0.21956435731330365 and parameters: {'max_depth': 6, 'learning_rate': 0.02068093317082689, 'colsample_bytree': 0.3355243658417175, 'subsample': 0.7662327022597302, 'alpha': 0.024846247594522863, 'lambda': 3.3988157521548004e-07, 'gamma': 5.94880469755834e-06, 'min_child_weight': 13.78215947235011}. Best is trial 51 with value: 0.2030307048336062.[0m
[32m[I 2023-01-30 02:59:57,068][0m Trial 59 finished with value: 29.999743227807745 and parameters: {'max_depth': 5, 'learning_rate': 0.02734311029372415, 'colsample_bytree': 0.3165262619653319, 'subsample': 0.7193109397689694, 'alpha': 2.668645613954726, 'lambda': 6.620216012948389e-05, 'gamma': 0.0072132273392039896, 'min_child_weight': 148.7625716717624}. Best is trial 51 with value: 0.2030307048336062.[0m
[32m[I 2023-01-30 03:00:00,582][0m Trial 60 finished with value: 29.999743227807745 and parameters: {'max_depth': 7, 'learning_rate': 0.014786195266955961, 'colsample_bytree': 0.2610327645409704, 'subsample': 0.7461028554120803, 'alpha': 1.0787625777820047, 'lambda': 9.776392969780355e-07, 'gamma': 0.10628130619636028, 'min_child_weight': 231.52061266594933}. Best is trial 51 with value: 0.2030307048336062.[0m
[32m[I 2023-01-30 03:00:04,288][0m Trial 61 finished with value: 29.999743227807745 and parameters: {'max_depth': 6, 'learning_rate': 0.030770262659842174, 'colsample_bytree': 0.22385325476589157, 'subsample': 0.7998960603552354, 'alpha': 1.473882702228166, 'lambda': 3.395655847269711, 'gamma': 1.5747023187313787e-06, 'min_child_weight': 869.4695987476578}. Best is trial 51 with value: 0.2030307048336062.[0m
