[32m[I 2023-01-30 03:31:08,613][0m Trial 6 finished with value: 17.83832251068587 and parameters: {'max_depth': 4, 'learning_rate': 0.010624215152102963, 'colsample_bytree': 0.30490924992026125, 'subsample': 0.7437145829936807, 'alpha': 0.01471669543122012, 'lambda': 4.950734654876109, 'gamma': 3.905013417707782e-07, 'min_child_weight': 792.9791014070719}. Best is trial 5 with value: 0.873207798761006.[0m
[32m[I 2023-01-30 03:31:42,661][0m Trial 7 finished with value: 0.8968661536869034 and parameters: {'max_depth': 5, 'learning_rate': 0.021844647946310584, 'colsample_bytree': 0.2978935637565084, 'subsample': 0.6945899034698879, 'alpha': 2.9236678454672598, 'lambda': 0.00197230249454408, 'gamma': 0.005725354703365607, 'min_child_weight': 12.641216570962865}. Best is trial 5 with value: 0.873207798761006.[0m
[32m[I 2023-01-30 03:31:47,672][0m Trial 8 finished with value: 17.83832251068587 and parameters: {'max_depth': 8, 'learning_rate': 0.04884455994741487, 'colsample_bytree': 0.4298111297108724, 'subsample': 0.7307760130513172, 'alpha': 0.20412995229328462, 'lambda': 0.001631687775345892, 'gamma': 0.13940883284270142, 'min_child_weight': 70.72254449717482}. Best is trial 5 with value: 0.873207798761006.[0m
[32m[I 2023-01-30 03:31:51,520][0m Trial 9 finished with value: 17.83832251068587 and parameters: {'max_depth': 12, 'learning_rate': 0.014255449161794368, 'colsample_bytree': 0.4034724433109933, 'subsample': 0.6012725606067151, 'alpha': 0.02679408741335582, 'lambda': 0.00011088384699910948, 'gamma': 3.14909160330647e-06, 'min_child_weight': 360.1956870154361}. Best is trial 5 with value: 0.873207798761006.[0m
[32m[I 2023-01-30 03:32:53,361][0m Trial 10 finished with value: 0.9673312169972673 and parameters: {'max_depth': 7, 'learning_rate': 0.006567809537515869, 'colsample_bytree': 0.3300498911468356, 'subsample': 0.5961200841462971, 'alpha': 0.7294193966837471, 'lambda': 1.3729035283279038e-08, 'gamma': 7.188899402945899, 'min_child_weight': 10.654856277387132}. Best is trial 5 with value: 0.873207798761006.[0m
[32m[I 2023-01-30 03:33:36,382][0m Trial 11 finished with value: 0.9044767541469708 and parameters: {'max_depth': 5, 'learning_rate': 0.024406347613551423, 'colsample_bytree': 0.32112721885806683, 'subsample': 0.6468524139781597, 'alpha': 1.0113871592119053, 'lambda': 5.605559602148849e-06, 'gamma': 0.8821411339569268, 'min_child_weight': 13.873126188153087}. Best is trial 5 with value: 0.873207798761006.[0m
[32m[I 2023-01-30 03:34:32,001][0m Trial 12 finished with value: 0.8912759944360964 and parameters: {'max_depth': 6, 'learning_rate': 0.022193717725447995, 'colsample_bytree': 0.23357117683610926, 'subsample': 0.6880919290977279, 'alpha': 1.5810049020600525, 'lambda': 1.4251390967824778e-05, 'gamma': 7.519445662109452e-05, 'min_child_weight': 19.97329782271181}. Best is trial 5 with value: 0.873207798761006.[0m
[32m[I 2023-01-30 03:34:36,231][0m Trial 13 finished with value: 17.83832251068587 and parameters: {'max_depth': 7, 'learning_rate': 0.011270235884342042, 'colsample_bytree': 0.2337477895521881, 'subsample': 0.5793747850527112, 'alpha': 0.3379226766215213, 'lambda': 2.9680493581373298e-06, 'gamma': 2.3087798545696698e-05, 'min_child_weight': 173.1555108719887}. Best is trial 5 with value: 0.873207798761006.[0m
[32m[I 2023-01-30 03:35:13,809][0m Trial 14 finished with value: 0.9126287210292251 and parameters: {'max_depth': 7, 'learning_rate': 0.02969144224540507, 'colsample_bytree': 0.20944258850259784, 'subsample': 0.6465533169553529, 'alpha': 1.0114479998234307, 'lambda': 1.6083835133862264e-05, 'gamma': 0.00016505029170488594, 'min_child_weight': 26.50482500089864}. Best is trial 5 with value: 0.873207798761006.[0m
[32m[I 2023-01-30 03:35:48,782][0m Trial 15 finished with value: 0.9225206198011424 and parameters: {'max_depth': 6, 'learning_rate': 0.015193989217064411, 'colsample_bytree': 0.37156241433320353, 'subsample': 0.5460172765898597, 'alpha': 0.17058240967707683, 'lambda': 2.472404049885453e-07, 'gamma': 9.635051372998643e-05, 'min_child_weight': 20.44353889000787}. Best is trial 5 with value: 0.873207798761006.[0m
[32m[I 2023-01-30 03:35:54,085][0m Trial 16 finished with value: 17.83832251068587 and parameters: {'max_depth': 9, 'learning_rate': 0.005118028590474884, 'colsample_bytree': 0.2672533654694655, 'subsample': 0.784739309967406, 'alpha': 0.519738313187953, 'lambda': 1.2341562605614738e-08, 'gamma': 0.05593536397185865, 'min_child_weight': 134.63968241901082}. Best is trial 5 with value: 0.873207798761006.[0m
[32m[I 2023-01-30 03:36:24,786][0m Trial 17 finished with value: 0.8551053824203423 and parameters: {'max_depth': 8, 'learning_rate': 0.03286275583910811, 'colsample_bytree': 0.5209798014813161, 'subsample': 0.6978847976153456, 'alpha': 1.7845727233171025, 'lambda': 4.4521040056678656e-07, 'gamma': 7.580377866196092e-06, 'min_child_weight': 23.595196663581124}. Best is trial 17 with value: 0.8551053824203423.[0m
[32m[I 2023-01-30 03:37:37,168][0m Trial 18 finished with value: 1.0252368846486073 and parameters: {'max_depth': 9, 'learning_rate': 0.032482282497270434, 'colsample_bytree': 0.517854532514116, 'subsample': 0.4255165801016789, 'alpha': 7.034845837652355, 'lambda': 3.2080372356054244e-07, 'gamma': 4.3104282049196166e-06, 'min_child_weight': 38.69305795481834}. Best is trial 17 with value: 0.8551053824203423.[0m
[32m[I 2023-01-30 03:37:42,768][0m Trial 19 finished with value: 17.83832251068587 and parameters: {'max_depth': 8, 'learning_rate': 0.03280975016219028, 'colsample_bytree': 0.3661181305773703, 'subsample': 0.6270932996748515, 'alpha': 0.09465714993922837, 'lambda': 6.780979198964965e-08, 'gamma': 8.92523022556884, 'min_child_weight': 85.06514460544915}. Best is trial 17 with value: 0.8551053824203423.[0m
[32m[I 2023-01-30 03:37:50,965][0m Trial 20 finished with value: 17.83832251068587 and parameters: {'max_depth': 10, 'learning_rate': 0.010033467891650192, 'colsample_bytree': 0.5299575356980397, 'subsample': 0.7048906184626254, 'alpha': 2.4151765967579366, 'lambda': 8.865347582247768e-07, 'gamma': 0.0007999987802620751, 'min_child_weight': 231.63568827905232}. Best is trial 17 with value: 0.8551053824203423.[0m
[32m[I 2023-01-30 03:38:36,789][0m Trial 21 finished with value: 0.8805423534323642 and parameters: {'max_depth': 8, 'learning_rate': 0.021797164863706076, 'colsample_bytree': 0.448854698621196, 'subsample': 0.696090583130375, 'alpha': 2.1280549982468737, 'lambda': 3.306227891760801e-05, 'gamma': 4.984322802692177e-06, 'min_child_weight': 20.214139139700496}. Best is trial 17 with value: 0.8551053824203423.[0m
[32m[I 2023-01-30 03:39:06,488][0m Trial 22 finished with value: 0.9523544406280475 and parameters: {'max_depth': 8, 'learning_rate': 0.0188081074524285, 'colsample_bytree': 0.45022260583951207, 'subsample': 0.7849924570467242, 'alpha': 0.42895179008014545, 'lambda': 8.324217916386231e-05, 'gamma': 9.614158423340513e-07, 'min_child_weight': 19.01810362056879}. Best is trial 17 with value: 0.8551053824203423.[0m
[32m[I 2023-01-30 03:39:31,958][0m Trial 23 finished with value: 0.969488247863733 and parameters: {'max_depth': 8, 'learning_rate': 0.025185777219721907, 'colsample_bytree': 0.4991255119233659, 'subsample': 0.7113752333121194, 'alpha': 1.6656324988207143, 'lambda': 1.2330822622880076e-06, 'gamma': 7.487140964392107e-06, 'min_child_weight': 30.12546525086911}. Best is trial 17 with value: 0.8551053824203423.[0m
[32m[I 2023-01-30 03:40:19,460][0m Trial 24 finished with value: 0.9064223048340834 and parameters: {'max_depth': 10, 'learning_rate': 0.03549925329891854, 'colsample_bytree': 0.4098516831050225, 'subsample': 0.664667431805816, 'alpha': 4.719644841852358, 'lambda': 4.299231170486108e-08, 'gamma': 1.5300645973556285e-05, 'min_child_weight': 15.857847078343605}. Best is trial 17 with value: 0.8551053824203423.[0m
[32m[I 2023-01-30 03:40:37,794][0m Trial 25 finished with value: 1.0062362786577457 and parameters: {'max_depth': 9, 'learning_rate': 0.049447898320300616, 'colsample_bytree': 0.37157145103934813, 'subsample': 0.5565430969088809, 'alpha': 1.6466345459605383, 'lambda': 1.619240180817391e-05, 'gamma': 5.904157160781827e-07, 'min_child_weight': 46.853208883931416}. Best is trial 17 with value: 0.8551053824203423.[0m
[32m[I 2023-01-30 03:41:12,103][0m Trial 26 finished with value: 0.9088611990515206 and parameters: {'max_depth': 7, 'learning_rate': 0.018008992297052582, 'colsample_bytree': 0.5394342350264834, 'subsample': 0.6116867698135031, 'alpha': 0.21442635946734107, 'lambda': 9.842518540045228e-05, 'gamma': 0.002714597379183522, 'min_child_weight': 10.599711814500816}. Best is trial 17 with value: 0.8551053824203423.[0m
[32m[I 2023-01-30 03:42:10,973][0m Trial 27 finished with value: 0.9809008462035994 and parameters: {'max_depth': 6, 'learning_rate': 0.026544990658673103, 'colsample_bytree': 0.4384392544371953, 'subsample': 0.668066083451278, 'alpha': 9.447262350905392, 'lambda': 1.9658405028430126e-06, 'gamma': 0.7284961609663043, 'min_child_weight': 24.32792462424953}. Best is trial 17 with value: 0.8551053824203423.[0m
[32m[I 2023-01-30 03:42:16,183][0m Trial 28 finished with value: 17.83832251068587 and parameters: {'max_depth': 8, 'learning_rate': 0.02149798544509859, 'colsample_bytree': 0.48772972188738883, 'subsample': 0.7238086743542536, 'alpha': 0.7791956865971422, 'lambda': 6.335302049034395e-08, 'gamma': 1.2203372309651586e-08, 'min_child_weight': 118.73589598459839}. Best is trial 17 with value: 0.8551053824203423.[0m
[32m[I 2023-01-30 03:42:36,552][0m Trial 29 finished with value: 0.8987286951407478 and parameters: {'max_depth': 10, 'learning_rate': 0.03821378648255284, 'colsample_bytree': 0.4683128226536917, 'subsample': 0.7601484096011919, 'alpha': 0.11028764640373016, 'lambda': 0.0004060432619470111, 'gamma': 0.01587701656702514, 'min_child_weight': 16.175786750924026}. Best is trial 17 with value: 0.8551053824203423.[0m
[32m[I 2023-01-30 03:43:08,565][0m Trial 30 finished with value: 1.0049172849895274 and parameters: {'max_depth': 12, 'learning_rate': 0.030355701874721214, 'colsample_bytree': 0.5860468101146467, 'subsample': 0.6735077097940032, 'alpha': 0.0440093552854078, 'lambda': 6.151170620501484e-07, 'gamma': 3.194874787409288e-05, 'min_child_weight': 56.04423102067436}. Best is trial 17 with value: 0.8551053824203423.[0m
[32m[I 2023-01-30 03:43:49,648][0m Trial 31 finished with value: 0.8802595760829188 and parameters: {'max_depth': 5, 'learning_rate': 0.022846614653412575, 'colsample_bytree': 0.26464494671320893, 'subsample': 0.6871753326047476, 'alpha': 1.748778183672042, 'lambda': 8.604877647063849e-06, 'gamma': 7.130725781763305e-05, 'min_child_weight': 21.363117514207296}. Best is trial 17 with value: 0.8551053824203423.[0m
[32m[I 2023-01-30 03:44:39,403][0m Trial 32 finished with value: 1.0061916133957092 and parameters: {'max_depth': 4, 'learning_rate': 0.013184179818624393, 'colsample_bytree': 0.2709476062846842, 'subsample': 0.6294117672041301, 'alpha': 4.345755411895253, 'lambda': 5.218587315880566e-06, 'gamma': 0.0007187892094695318, 'min_child_weight': 32.38414964184044}. Best is trial 17 with value: 0.8551053824203423.[0m
[32m[I 2023-01-30 03:45:11,853][0m Trial 33 finished with value: 0.9027981025233067 and parameters: {'max_depth': 5, 'learning_rate': 0.019853872434268633, 'colsample_bytree': 0.3513809841299151, 'subsample': 0.6533193354316733, 'alpha': 2.2502387091179017, 'lambda': 1.2874843848174322e-07, 'gamma': 0.0002561814460918525, 'min_child_weight': 23.18629036794163}. Best is trial 17 with value: 0.8551053824203423.[0m
[32m[I 2023-01-30 03:45:25,551][0m Trial 34 finished with value: 1.0027972023089677 and parameters: {'max_depth': 9, 'learning_rate': 0.04153305249281213, 'colsample_bytree': 0.5545204171824119, 'subsample': 0.687734995097393, 'alpha': 1.1367940524642304, 'lambda': 2.847117177844365e-05, 'gamma': 1.611477881344533e-06, 'min_child_weight': 38.14622277876995}. Best is trial 17 with value: 0.8551053824203423.[0m
[32m[I 2023-01-30 03:46:05,874][0m Trial 35 finished with value: 0.9013968509900037 and parameters: {'max_depth': 10, 'learning_rate': 0.02489236264112482, 'colsample_bytree': 0.507902687188264, 'subsample': 0.7592473711313306, 'alpha': 5.08344097999978, 'lambda': 4.2380503205312497e-07, 'gamma': 1.258113597128825e-07, 'min_child_weight': 15.891664042847145}. Best is trial 17 with value: 0.8551053824203423.[0m
[32m[I 2023-01-30 03:46:27,873][0m Trial 36 finished with value: 1.0043668936713666 and parameters: {'max_depth': 11, 'learning_rate': 0.016417594039525404, 'colsample_bytree': 0.41483642005705634, 'subsample': 0.6267848675157448, 'alpha': 0.542095270930012, 'lambda': 0.0003949687839856596, 'gamma': 3.8382302090074526e-05, 'min_child_weight': 36.6420155846991}. Best is trial 17 with value: 0.8551053824203423.[0m
[32m[I 2023-01-30 03:46:32,336][0m Trial 37 finished with value: 17.83832251068587 and parameters: {'max_depth': 6, 'learning_rate': 0.036121749030163526, 'colsample_bytree': 0.470801391105085, 'subsample': 0.4888811965738791, 'alpha': 3.2080857112172474, 'lambda': 2.8806034667158295e-08, 'gamma': 7.865694476413202e-06, 'min_child_weight': 55.20142998754608}. Best is trial 17 with value: 0.8551053824203423.[0m
[32m[I 2023-01-30 03:46:56,716][0m Trial 38 finished with value: 0.9017799256012852 and parameters: {'max_depth': 9, 'learning_rate': 0.027721421271378176, 'colsample_bytree': 0.3892238843570451, 'subsample': 0.7368638955238778, 'alpha': 0.30978033231665264, 'lambda': 0.02313490859172262, 'gamma': 0.0036352864107315965, 'min_child_weight': 12.3704660529933}. Best is trial 17 with value: 0.8551053824203423.[0m
[32m[I 2023-01-30 03:47:30,454][0m Trial 39 finished with value: 0.8983097196193233 and parameters: {'max_depth': 7, 'learning_rate': 0.04294874282858389, 'colsample_bytree': 0.2666752731660063, 'subsample': 0.6830398907869701, 'alpha': 2.01983165761439, 'lambda': 1.4516603527659412e-07, 'gamma': 3.794633451411703e-07, 'min_child_weight': 26.148359637753536}. Best is trial 17 with value: 0.8551053824203423.[0m
[32m[I 2023-01-30 03:47:34,738][0m Trial 40 finished with value: 17.83832251068587 and parameters: {'max_depth': 5, 'learning_rate': 0.023384345871093296, 'colsample_bytree': 0.2983730592116641, 'subsample': 0.7163635842268399, 'alpha': 1.3479865820694628, 'lambda': 4.064191291198387e-05, 'gamma': 1.9999956971711234e-06, 'min_child_weight': 68.56371904810734}. Best is trial 17 with value: 0.8551053824203423.[0m
[32m[I 2023-01-30 03:48:17,108][0m Trial 41 finished with value: 0.8930172674896715 and parameters: {'max_depth': 6, 'learning_rate': 0.020621141991546004, 'colsample_bytree': 0.23224428795514315, 'subsample': 0.690327379988554, 'alpha': 0.7648090707911943, 'lambda': 8.384953212453527e-06, 'gamma': 7.181321984020726e-05, 'min_child_weight': 18.825016360261937}. Best is trial 17 with value: 0.8551053824203423.[0m
[32m[I 2023-01-30 03:48:59,675][0m Trial 42 finished with value: 0.907372855042101 and parameters: {'max_depth': 4, 'learning_rate': 0.016868899025703925, 'colsample_bytree': 0.21263890116237474, 'subsample': 0.7463276855832619, 'alpha': 3.281469187566376, 'lambda': 0.0039255363116013076, 'gamma': 0.0004544527659994188, 'min_child_weight': 20.01850910625798}. Best is trial 17 with value: 0.8551053824203423.[0m
[32m[I 2023-01-30 03:49:39,059][0m Trial 43 finished with value: 0.9014649763236102 and parameters: {'max_depth': 8, 'learning_rate': 0.02255226170718514, 'colsample_bytree': 0.2487318057815718, 'subsample': 0.7023979833224585, 'alpha': 1.4726681334086322, 'lambda': 3.512332808365795e-06, 'gamma': 8.519761299783652e-05, 'min_child_weight': 13.211151105630446}. Best is trial 17 with value: 0.8551053824203423.[0m
[32m[I 2023-01-30 03:49:58,636][0m Trial 44 finished with value: 1.003490867622697 and parameters: {'max_depth': 5, 'learning_rate': 0.02907200839575586, 'colsample_bytree': 0.33213226721765515, 'subsample': 0.5799527147380568, 'alpha': 2.3464733531524695, 'lambda': 9.601915093816603e-06, 'gamma': 8.828761635849691e-06, 'min_child_weight': 29.45047487728322}. Best is trial 17 with value: 0.8551053824203423.[0m
[32m[I 2023-01-30 03:51:46,543][0m Trial 45 finished with value: 0.9186872221105684 and parameters: {'max_depth': 6, 'learning_rate': 0.03189230423218917, 'colsample_bytree': 0.5616567073935598, 'subsample': 0.6416766828444398, 'alpha': 6.13729974902091, 'lambda': 2.527946168632324, 'gamma': 0.0013840799964754385, 'min_child_weight': 10.259017319574374}. Best is trial 17 with value: 0.8551053824203423.[0m
[32m[I 2023-01-30 03:53:20,586][0m Trial 46 finished with value: 0.852475407730779 and parameters: {'max_depth': 7, 'learning_rate': 0.026567062128498988, 'colsample_bytree': 0.5999406748171118, 'subsample': 0.6606964087676339, 'alpha': 0.8295522296341947, 'lambda': 0.00019453978581495619, 'gamma': 0.014683702505152049, 'min_child_weight': 22.274064505008408}. Best is trial 46 with value: 0.852475407730779.[0m
[32m[I 2023-01-30 03:54:22,806][0m Trial 47 finished with value: 0.8961856498707647 and parameters: {'max_depth': 8, 'learning_rate': 0.02662539036278574, 'colsample_bytree': 0.599004833617883, 'subsample': 0.6013368724609661, 'alpha': 0.5812549144531246, 'lambda': 0.0006307872160031079, 'gamma': 1.1997315845512562, 'min_child_weight': 15.39859300475145}. Best is trial 46 with value: 0.852475407730779.[0m
[32m[I 2023-01-30 03:54:39,276][0m Trial 48 finished with value: 1.0034307631537844 and parameters: {'max_depth': 7, 'learning_rate': 0.03396845430443862, 'colsample_bytree': 0.5703210364360252, 'subsample': 0.6561935194074995, 'alpha': 0.9392717490082994, 'lambda': 0.00019740979172527408, 'gamma': 0.014802828864242591, 'min_child_weight': 43.90115946677601}. Best is trial 46 with value: 0.852475407730779.[0m
[32m[I 2023-01-30 03:55:16,292][0m Trial 49 finished with value: 0.8366180312295055 and parameters: {'max_depth': 7, 'learning_rate': 0.044527547914350596, 'colsample_bytree': 0.5467263088113234, 'subsample': 0.6752861931147853, 'alpha': 0.3033658489475807, 'lambda': 0.18696677298803732, 'gamma': 0.1295944706240042, 'min_child_weight': 21.881671432475887}. Best is trial 49 with value: 0.8366180312295055.[0m
[32m[I 2023-01-30 03:55:21,641][0m Trial 50 finished with value: 17.83832251068587 and parameters: {'max_depth': 7, 'learning_rate': 0.04232465978288265, 'colsample_bytree': 0.5413657063219199, 'subsample': 0.5774046833848375, 'alpha': 0.28738960613440667, 'lambda': 0.5505909543545306, 'gamma': 0.1488035475107775, 'min_child_weight': 420.1295845949009}. Best is trial 49 with value: 0.8366180312295055.[0m
[32m[I 2023-01-30 03:56:00,108][0m Trial 51 finished with value: 0.8436271222825212 and parameters: {'max_depth': 9, 'learning_rate': 0.038625330746858394, 'colsample_bytree': 0.5771118712813009, 'subsample': 0.6716866625269332, 'alpha': 0.13178386732168615, 'lambda': 0.21790243157857261, 'gamma': 0.2708281674609388, 'min_child_weight': 22.045707324764773}. Best is trial 49 with value: 0.8366180312295055.[0m
[32m[I 2023-01-30 03:56:35,366][0m Trial 52 finished with value: 0.8528829510365432 and parameters: {'max_depth': 9, 'learning_rate': 0.03846262067749956, 'colsample_bytree': 0.5985866013697928, 'subsample': 0.6778391513038743, 'alpha': 0.14444538066869878, 'lambda': 0.1778481765020636, 'gamma': 0.051412734416103084, 'min_child_weight': 22.766122710859854}. Best is trial 49 with value: 0.8366180312295055.[0m
[32m[I 2023-01-30 03:56:48,982][0m Trial 53 finished with value: 1.0047009597790064 and parameters: {'max_depth': 9, 'learning_rate': 0.046457315851532205, 'colsample_bytree': 0.5999080201423639, 'subsample': 0.6155593304422888, 'alpha': 0.14620782722348974, 'lambda': 0.1429140027436238, 'gamma': 0.07334435855244462, 'min_child_weight': 32.753213335933545}. Best is trial 49 with value: 0.8366180312295055.[0m
[32m[I 2023-01-30 03:57:12,675][0m Trial 54 finished with value: 0.907622582570963 and parameters: {'max_depth': 9, 'learning_rate': 0.03925567930008879, 'colsample_bytree': 0.5817160105086369, 'subsample': 0.6342260416504485, 'alpha': 0.06699340723421451, 'lambda': 0.07813272340260138, 'gamma': 0.3008634827395694, 'min_child_weight': 25.620777193032648}. Best is trial 49 with value: 0.8366180312295055.[0m
[32m[I 2023-01-30 03:57:35,620][0m Trial 55 finished with value: 0.8840414280665465 and parameters: {'max_depth': 8, 'learning_rate': 0.04557514291432073, 'colsample_bytree': 0.5522273955516296, 'subsample': 0.6631794782451743, 'alpha': 0.24252895543931288, 'lambda': 0.3808384967477815, 'gamma': 1.447088104792659, 'min_child_weight': 13.231577631477087}. Best is trial 49 with value: 0.8366180312295055.[0m
[32m[I 2023-01-30 03:57:53,922][0m Trial 56 finished with value: 1.0026823256855937 and parameters: {'max_depth': 10, 'learning_rate': 0.03819378653276391, 'colsample_bytree': 0.5656064843618296, 'subsample': 0.6763277262237641, 'alpha': 0.14741631921416182, 'lambda': 3.26558177200774, 'gamma': 3.501742076065597, 'min_child_weight': 46.87699615161494}. Best is trial 49 with value: 0.8366180312295055.[0m
[32m[I 2023-01-30 03:58:22,813][0m Trial 57 finished with value: 0.8897180479621859 and parameters: {'max_depth': 9, 'learning_rate': 0.03572046457963731, 'colsample_bytree': 0.5224035182628108, 'subsample': 0.7247092584210277, 'alpha': 0.39255721101515545, 'lambda': 0.011126262101872649, 'gamma': 0.027952513042831886, 'min_child_weight': 27.639929017935238}. Best is trial 49 with value: 0.8366180312295055.[0m
