[32m[I 2023-01-30 00:23:53,223][0m Trial 78 finished with value: 30.53621294381453 and parameters: {'max_depth': 8, 'learning_rate': 0.01517833922613261, 'colsample_bytree': 0.32968793728957707, 'subsample': 0.7662149672805137, 'alpha': 0.012954572863783457, 'lambda': 0.0001241971097123781, 'gamma': 1.3115997324284102e-06, 'min_child_weight': 76.95558570518438}. Best is trial 66 with value: 0.22290049849768884.[0m
[32m[I 2023-01-30 00:24:00,966][0m Trial 79 finished with value: 30.53621294381453 and parameters: {'max_depth': 10, 'learning_rate': 0.017096927950340502, 'colsample_bytree': 0.2886587958030808, 'subsample': 0.7048616259581142, 'alpha': 0.02015083427828732, 'lambda': 0.0001829651823640364, 'gamma': 1.0408855478653278e-06, 'min_child_weight': 36.12142920935802}. Best is trial 66 with value: 0.22290049849768884.[0m
[32m[I 2023-01-30 00:24:05,629][0m Trial 80 finished with value: 30.53621294381453 and parameters: {'max_depth': 11, 'learning_rate': 0.01889447246099251, 'colsample_bytree': 0.25173056457984694, 'subsample': 0.6922833492620126, 'alpha': 0.01011691073773358, 'lambda': 0.0006639172782577953, 'gamma': 3.974091383002587e-07, 'min_child_weight': 196.30676194539174}. Best is trial 66 with value: 0.22290049849768884.[0m
[32m[I 2023-01-30 00:24:40,849][0m Trial 81 finished with value: 0.23004005118315884 and parameters: {'max_depth': 10, 'learning_rate': 0.015944625312827063, 'colsample_bytree': 0.2657574849878968, 'subsample': 0.763320051292566, 'alpha': 0.02706866893937214, 'lambda': 0.0036881751218201097, 'gamma': 2.926159098560758e-06, 'min_child_weight': 10.014375218498305}. Best is trial 66 with value: 0.22290049849768884.[0m
[32m[I 2023-01-30 00:25:06,111][0m Trial 82 finished with value: 0.2327239751209091 and parameters: {'max_depth': 10, 'learning_rate': 0.015841668820674715, 'colsample_bytree': 0.3048475810369007, 'subsample': 0.7607766211520668, 'alpha': 0.027071135907587928, 'lambda': 0.004380652155559239, 'gamma': 1.8494182305018292e-06, 'min_child_weight': 11.751446874745861}. Best is trial 66 with value: 0.22290049849768884.[0m
[32m[I 2023-01-30 00:25:52,980][0m Trial 83 finished with value: 0.2225907749158071 and parameters: {'max_depth': 10, 'learning_rate': 0.016467564770068593, 'colsample_bytree': 0.3013038808006037, 'subsample': 0.7191007419867996, 'alpha': 0.027049557343851394, 'lambda': 0.00048326706882053505, 'gamma': 6.595313035060378e-06, 'min_child_weight': 11.216810459602323}. Best is trial 83 with value: 0.2225907749158071.[0m
[32m[I 2023-01-30 00:26:21,287][0m Trial 84 finished with value: 0.2506558452530536 and parameters: {'max_depth': 11, 'learning_rate': 0.0125554781609795, 'colsample_bytree': 0.22729789891898167, 'subsample': 0.7186069335960652, 'alpha': 0.04237851045821212, 'lambda': 0.0004954753523414168, 'gamma': 7.313922691777118e-06, 'min_child_weight': 14.562883602604614}. Best is trial 83 with value: 0.2225907749158071.[0m
[32m[I 2023-01-30 00:26:52,784][0m Trial 85 finished with value: 0.22487415375690234 and parameters: {'max_depth': 10, 'learning_rate': 0.016559721187239033, 'colsample_bytree': 0.24045888788636954, 'subsample': 0.7472065342999102, 'alpha': 0.03100373370983212, 'lambda': 0.0025965254761436416, 'gamma': 5.867820056768879e-07, 'min_child_weight': 10.753422827352734}. Best is trial 83 with value: 0.2225907749158071.[0m
[32m[I 2023-01-30 00:27:12,154][0m Trial 86 finished with value: 0.28844009389661684 and parameters: {'max_depth': 8, 'learning_rate': 0.02310852514038253, 'colsample_bytree': 0.25308546177168006, 'subsample': 0.7372575597605988, 'alpha': 0.06272466500698806, 'lambda': 0.003091146747869837, 'gamma': 6.830377012187158e-07, 'min_child_weight': 16.45645781743923}. Best is trial 83 with value: 0.2225907749158071.[0m
[32m[I 2023-01-30 00:27:30,852][0m Trial 87 finished with value: 0.32452874188728476 and parameters: {'max_depth': 9, 'learning_rate': 0.017336363799868047, 'colsample_bytree': 0.3251771620140771, 'subsample': 0.7490617027028402, 'alpha': 0.029182972128558353, 'lambda': 0.0011570474960610159, 'gamma': 3.1437211684532382e-06, 'min_child_weight': 20.93032021144454}. Best is trial 83 with value: 0.2225907749158071.[0m
[32m[I 2023-01-30 00:27:55,348][0m Trial 88 finished with value: 0.24349896423615336 and parameters: {'max_depth': 10, 'learning_rate': 0.013327896730120069, 'colsample_bytree': 0.27050994107918275, 'subsample': 0.7006831028076185, 'alpha': 0.03467209620662921, 'lambda': 7.319263800126915e-05, 'gamma': 5.037430907058473e-08, 'min_child_weight': 12.811861988708642}. Best is trial 83 with value: 0.2225907749158071.[0m
[32m[I 2023-01-30 00:28:14,115][0m Trial 89 finished with value: 0.3208006927573211 and parameters: {'max_depth': 9, 'learning_rate': 0.01663830255185754, 'colsample_bytree': 0.30688056599937363, 'subsample': 0.407014101990646, 'alpha': 0.024604695875178217, 'lambda': 0.00017951523421148004, 'gamma': 3.6929324259588196e-07, 'min_child_weight': 11.223560506577556}. Best is trial 83 with value: 0.2225907749158071.[0m
[32m[I 2023-01-30 00:28:38,279][0m Trial 90 finished with value: 0.2486008846957163 and parameters: {'max_depth': 11, 'learning_rate': 0.019253202050575124, 'colsample_bytree': 0.20096820630816942, 'subsample': 0.717564521877752, 'alpha': 0.014487637622553718, 'lambda': 2.356860472916997e-05, 'gamma': 2.2661770570665943e-08, 'min_child_weight': 14.496993295570604}. Best is trial 83 with value: 0.2225907749158071.[0m
[32m[I 2023-01-30 00:29:26,669][0m Trial 91 finished with value: 0.2291255137317277 and parameters: {'max_depth': 10, 'learning_rate': 0.011946511125574244, 'colsample_bytree': 0.2403992700610805, 'subsample': 0.7436866943047724, 'alpha': 0.020827944025174225, 'lambda': 0.006861992412448057, 'gamma': 1.0656371827339063e-07, 'min_child_weight': 10.074559935890722}. Best is trial 83 with value: 0.2225907749158071.[0m
[32m[I 2023-01-30 00:30:17,728][0m Trial 92 finished with value: 0.21731537125951758 and parameters: {'max_depth': 10, 'learning_rate': 0.017935461362540324, 'colsample_bytree': 0.2974116415174936, 'subsample': 0.7422896774358522, 'alpha': 0.022935495430082838, 'lambda': 0.006168134162450286, 'gamma': 1.181830234607188e-07, 'min_child_weight': 11.06277742142662}. Best is trial 92 with value: 0.21731537125951758.[0m
[32m[I 2023-01-30 00:30:57,567][0m Trial 93 finished with value: 0.21895106396008698 and parameters: {'max_depth': 10, 'learning_rate': 0.01791115799098344, 'colsample_bytree': 0.2942333935476033, 'subsample': 0.7447620274442142, 'alpha': 0.01449987291462954, 'lambda': 0.007123188042041678, 'gamma': 1.4633963902873722e-07, 'min_child_weight': 11.045641191052143}. Best is trial 92 with value: 0.21731537125951758.[0m
[32m[I 2023-01-30 00:31:18,834][0m Trial 94 finished with value: 0.24400036675928688 and parameters: {'max_depth': 10, 'learning_rate': 0.020917185147857544, 'colsample_bytree': 0.29291342007423954, 'subsample': 0.7381242482279419, 'alpha': 0.06615595835794078, 'lambda': 0.005445397172559304, 'gamma': 1.218261036223475e-07, 'min_child_weight': 13.503757663707356}. Best is trial 92 with value: 0.21731537125951758.[0m
[32m[I 2023-01-30 00:32:08,614][0m Trial 95 finished with value: 0.221246235828231 and parameters: {'max_depth': 11, 'learning_rate': 0.017957618156603707, 'colsample_bytree': 0.3372653069781207, 'subsample': 0.7272116057933955, 'alpha': 0.04159906179021428, 'lambda': 0.002750362349710131, 'gamma': 5.484277127569263e-08, 'min_child_weight': 11.2600475260996}. Best is trial 92 with value: 0.21731537125951758.[0m
[32m[I 2023-01-30 00:32:31,864][0m Trial 96 finished with value: 0.3210063889339244 and parameters: {'max_depth': 11, 'learning_rate': 0.01793914826904846, 'colsample_bytree': 0.33760880597507853, 'subsample': 0.7117784028108087, 'alpha': 0.04286325347991745, 'lambda': 0.0029698227294050143, 'gamma': 3.057495674062225e-08, 'min_child_weight': 17.2608266643856}. Best is trial 92 with value: 0.21731537125951758.[0m
[32m[I 2023-01-30 00:33:05,525][0m Trial 97 finished with value: 0.24095273834143968 and parameters: {'max_depth': 11, 'learning_rate': 0.022828625382923337, 'colsample_bytree': 0.32008028229304103, 'subsample': 0.7243711999205071, 'alpha': 0.03091699713052057, 'lambda': 0.006099262173198755, 'gamma': 6.326600560890974e-08, 'min_child_weight': 12.68780684891311}. Best is trial 92 with value: 0.21731537125951758.[0m
[32m[I 2023-01-30 00:33:42,489][0m Trial 98 finished with value: 0.2303733653800811 and parameters: {'max_depth': 10, 'learning_rate': 0.01615859354715984, 'colsample_bytree': 0.2844917715267187, 'subsample': 0.7508781957741737, 'alpha': 0.024953866406855416, 'lambda': 0.0005163560468356517, 'gamma': 1.3930424484102545e-07, 'min_child_weight': 11.2122757161486}. Best is trial 92 with value: 0.21731537125951758.[0m
[32m[I 2023-01-30 00:34:28,970][0m Trial 99 finished with value: 0.2456296490053141 and parameters: {'max_depth': 12, 'learning_rate': 0.014082766303349984, 'colsample_bytree': 0.30135649250701757, 'subsample': 0.7434676994778057, 'alpha': 0.03515245978968729, 'lambda': 0.03249302486947994, 'gamma': 1.6514033818030545e-08, 'min_child_weight': 13.844846125246113}. Best is trial 92 with value: 0.21731537125951758.[0m
Uploaded file from /Users/kevinmaikjablonka/git/kjappelbaum/gptchem/experiments/04_regression/henry/out/20230129_232152/train.jsonl: file-4CRW9e5gZEoHzWFcTx1gfgTu
Upload progress:   0%|          | 0.00/13.2k [00:00<?, ?it/s]Upload progress: 100%|██████████| 13.2k/13.2k [00:00<00:00, 28.3Mit/s]
2023-01-30 00:42:51.119 | ERROR    | __main__:<module>:78 - This model's maximum context length is 2049 tokens, however you requested 3643 tokens (3633 in your prompt; 10 for the completion). Please reduce your prompt; or completion length.
Traceback (most recent call last):

> File "/Users/kevinmaikjablonka/git/kjappelbaum/gptchem/experiments/04_regression/henry/run_experiments.py", line 76, in <module>
    run_experiment(train_size, target, i + 22332642)
    │              │           │       └ 0
    │              │           └ ('logKH_CH4', 'CH4 Henry coefficient')
    │              └ 50
    └ <function run_experiment at 0x10549b0d0>

  File "/Users/kevinmaikjablonka/git/kjappelbaum/gptchem/experiments/04_regression/henry/run_experiments.py", line 54, in run_experiment
    completions = querier(test_formatted)
                  │       └                                                  prompt  ...                                     representation
                  │         2339  What is...
                  └ gptchem.querier.Querier(modelname='ada:ft-lsmoepfl-2023-01-29-23-41-30', max_tokens=10)

  File "/Users/kevinmaikjablonka/git/kjappelbaum/gptchem/src/gptchem/querier.py", line 123, in __call__
    return self.query(df, temperature, logprobs)
           │    │     │   │            └ None
           │    │     │   └ 0
           │    │     └                                                  prompt  ...                                     representation
           │    │       2339  What is...
           │    └ <function Querier.query at 0x29f72b0d0>
           └ gptchem.querier.Querier(modelname='ada:ft-lsmoepfl-2023-01-29-23-41-30', max_tokens=10)

  File "/Users/kevinmaikjablonka/git/kjappelbaum/gptchem/src/gptchem/querier.py", line 98, in query
    completions_ = openai.Completion.create(
                   │      │          └ <classmethod object at 0x29f020af0>
                   │      └ <class 'openai.api_resources.completion.Completion'>
                   └ <module 'openai' from '/Users/kevinmaikjablonka/miniconda3/envs/gptchem/lib/python3.9/site-packages/openai/__init__.py'>

  File "/Users/kevinmaikjablonka/miniconda3/envs/gptchem/lib/python3.9/site-packages/openai/api_resources/completion.py", line 25, in create
    return super().create(*args, **kwargs)
                           │       └ {'model': 'ada:ft-lsmoepfl-2023-01-29-23-41-30', 'prompt': ['What is the CH4 Henry coefficient of C=C(C(=C)C(=O)[O-])C(=O)[O-...
                           └ ()
  File "/Users/kevinmaikjablonka/miniconda3/envs/gptchem/lib/python3.9/site-packages/openai/api_resources/abstract/engine_api_resource.py", line 153, in create
    response, _, api_key = requestor.request(
                           │         └ <function APIRequestor.request at 0x29f6e3f70>
                           └ <openai.api_requestor.APIRequestor object at 0x29f761ee0>
  File "/Users/kevinmaikjablonka/miniconda3/envs/gptchem/lib/python3.9/site-packages/openai/api_requestor.py", line 226, in request
    resp, got_stream = self._interpret_response(result, stream)
                       │    │                   │       └ False
                       │    │                   └ <Response [400]>
                       │    └ <function APIRequestor._interpret_response at 0x29f6e8430>
                       └ <openai.api_requestor.APIRequestor object at 0x29f761ee0>
  File "/Users/kevinmaikjablonka/miniconda3/envs/gptchem/lib/python3.9/site-packages/openai/api_requestor.py", line 599, in _interpret_response
    self._interpret_response_line(
    │    └ <function APIRequestor._interpret_response_line at 0x29f6e8550>
    └ <openai.api_requestor.APIRequestor object at 0x29f761ee0>
  File "/Users/kevinmaikjablonka/miniconda3/envs/gptchem/lib/python3.9/site-packages/openai/api_requestor.py", line 655, in _interpret_response_line
    raise self.handle_error_response(
          │    └ <function APIRequestor.handle_error_response at 0x29f6e80d0>
          └ <openai.api_requestor.APIRequestor object at 0x29f761ee0>

openai.error.InvalidRequestError: This model's maximum context length is 2049 tokens, however you requested 3643 tokens (3633 in your prompt; 10 for the completion). Please reduce your prompt; or completion length.
[32m[I 2023-01-30 00:42:51,296][0m A new study created in memory with name: no-name-f22e0dc9-5a9d-4978-a682-7fa59980e092[0m
[32m[I 2023-01-30 00:42:56,400][0m Trial 0 finished with value: 17.997703218469947 and parameters: {'max_depth': 11, 'learning_rate': 0.03943180702221767, 'colsample_bytree': 0.48338277698454657, 'subsample': 0.6667880916971854, 'alpha': 0.07695356446858977, 'lambda': 0.0011960555391446264, 'gamma': 0.011558526456888882, 'min_child_weight': 591.1193593817245}. Best is trial 0 with value: 17.997703218469947.[0m
[32m[I 2023-01-30 00:43:01,153][0m Trial 1 finished with value: 17.997703218469947 and parameters: {'max_depth': 10, 'learning_rate': 0.041134316655128254, 'colsample_bytree': 0.22968076844783064, 'subsample': 0.4464499696175606, 'alpha': 7.181717181976198, 'lambda': 1.562370075120558e-07, 'gamma': 1.592922235503172e-07, 'min_child_weight': 31.920798758958732}. Best is trial 0 with value: 17.997703218469947.[0m
[32m[I 2023-01-30 00:43:05,628][0m Trial 2 finished with value: 17.997703218469947 and parameters: {'max_depth': 11, 'learning_rate': 0.018174141335350915, 'colsample_bytree': 0.5604454522456577, 'subsample': 0.7574852124218824, 'alpha': 3.4380016701469245, 'lambda': 0.5568909988317814, 'gamma': 7.527426349222389e-08, 'min_child_weight': 46.33736847648717}. Best is trial 0 with value: 17.997703218469947.[0m
[32m[I 2023-01-30 00:43:10,739][0m Trial 3 finished with value: 17.997703218469947 and parameters: {'max_depth': 9, 'learning_rate': 0.028378909616250787, 'colsample_bytree': 0.5801596986666466, 'subsample': 0.4947504468141251, 'alpha': 0.019466965890188696, 'lambda': 0.05971200399326978, 'gamma': 3.2188208036024255e-08, 'min_child_weight': 58.5928635790038}. Best is trial 0 with value: 17.997703218469947.[0m
[32m[I 2023-01-30 00:43:16,488][0m Trial 4 finished with value: 17.997703218469947 and parameters: {'max_depth': 11, 'learning_rate': 0.04162946890026078, 'colsample_bytree': 0.4633009018331788, 'subsample': 0.5171503376217323, 'alpha': 0.051964460566470146, 'lambda': 0.011806796342275164, 'gamma': 0.0009844669237292266, 'min_child_weight': 597.174798468189}. Best is trial 0 with value: 17.997703218469947.[0m
[32m[I 2023-01-30 00:43:28,463][0m Trial 5 finished with value: 0.8764743193298503 and parameters: {'max_depth': 9, 'learning_rate': 0.030486391820450123, 'colsample_bytree': 0.3726677137700833, 'subsample': 0.6175143133497486, 'alpha': 0.37372578650240545, 'lambda': 3.336971520305419e-08, 'gamma': 0.7754828402642463, 'min_child_weight': 17.103074711611693}. Best is trial 5 with value: 0.8764743193298503.[0m
[32m[I 2023-01-30 00:43:32,701][0m Trial 6 finished with value: 17.997703218469947 and parameters: {'max_depth': 4, 'learning_rate': 0.010624215152102963, 'colsample_bytree': 0.30490924992026125, 'subsample': 0.7437145829936807, 'alpha': 0.01471669543122012, 'lambda': 4.950734654876109, 'gamma': 3.905013417707782e-07, 'min_child_weight': 792.9791014070719}. Best is trial 5 with value: 0.8764743193298503.[0m
[32m[I 2023-01-30 00:43:54,672][0m Trial 7 finished with value: 0.9597000834966835 and parameters: {'max_depth': 5, 'learning_rate': 0.021844647946310584, 'colsample_bytree': 0.2978935637565084, 'subsample': 0.6945899034698879, 'alpha': 2.9236678454672598, 'lambda': 0.00197230249454408, 'gamma': 0.005725354703365607, 'min_child_weight': 12.641216570962865}. Best is trial 5 with value: 0.8764743193298503.[0m
[32m[I 2023-01-30 00:43:59,128][0m Trial 8 finished with value: 17.997703218469947 and parameters: {'max_depth': 8, 'learning_rate': 0.04884455994741487, 'colsample_bytree': 0.4298111297108724, 'subsample': 0.7307760130513172, 'alpha': 0.20412995229328462, 'lambda': 0.001631687775345892, 'gamma': 0.13940883284270142, 'min_child_weight': 70.72254449717482}. Best is trial 5 with value: 0.8764743193298503.[0m
[32m[I 2023-01-30 00:44:02,965][0m Trial 9 finished with value: 17.997703218469947 and parameters: {'max_depth': 12, 'learning_rate': 0.014255449161794368, 'colsample_bytree': 0.4034724433109933, 'subsample': 0.6012725606067151, 'alpha': 0.02679408741335582, 'lambda': 0.00011088384699910948, 'gamma': 3.14909160330647e-06, 'min_child_weight': 360.1956870154361}. Best is trial 5 with value: 0.8764743193298503.[0m
[32m[I 2023-01-30 00:44:58,206][0m Trial 10 finished with value: 0.9076446772398776 and parameters: {'max_depth': 7, 'learning_rate': 0.006567809537515869, 'colsample_bytree': 0.3300498911468356, 'subsample': 0.5961200841462971, 'alpha': 0.7294193966837471, 'lambda': 1.3729035283279038e-08, 'gamma': 7.188899402945899, 'min_child_weight': 10.654856277387132}. Best is trial 5 with value: 0.8764743193298503.[0m
[32m[I 2023-01-30 00:45:38,164][0m Trial 11 finished with value: 0.8756490794078056 and parameters: {'max_depth': 7, 'learning_rate': 0.005543865511666535, 'colsample_bytree': 0.32457164058771665, 'subsample': 0.5925084561543837, 'alpha': 0.6856148867268723, 'lambda': 1.3340002809805677e-08, 'gamma': 9.63599492407575, 'min_child_weight': 13.873126188153087}. Best is trial 11 with value: 0.8756490794078056.[0m
[32m[I 2023-01-30 00:46:20,108][0m Trial 12 finished with value: 0.8773233130060849 and parameters: {'max_depth': 7, 'learning_rate': 0.005859998162920632, 'colsample_bytree': 0.3561701589428491, 'subsample': 0.6064873601946529, 'alpha': 0.7820976963412712, 'lambda': 7.864430379717781e-07, 'gamma': 8.32055392634568, 'min_child_weight': 20.69294591998578}. Best is trial 11 with value: 0.8756490794078056.[0m
[32m[I 2023-01-30 00:46:23,689][0m Trial 13 finished with value: 17.997703218469947 and parameters: {'max_depth': 6, 'learning_rate': 0.01056829589199833, 'colsample_bytree': 0.2337477895521881, 'subsample': 0.5530491115932749, 'alpha': 0.3379226766215213, 'lambda': 9.653667158902895e-06, 'gamma': 0.47114640747938363, 'min_child_weight': 157.89596106256653}. Best is trial 11 with value: 0.8756490794078056.[0m
[32m[I 2023-01-30 00:46:50,335][0m Trial 14 finished with value: 0.87553319524982 and parameters: {'max_depth': 9, 'learning_rate': 0.008357636093875211, 'colsample_bytree': 0.3686315855117232, 'subsample': 0.6549204608027459, 'alpha': 0.9194150254155081, 'lambda': 1.1391425906597337e-08, 'gamma': 0.5261443053898363, 'min_child_weight': 19.803211350925984}. Best is trial 14 with value: 0.87553319524982.[0m
[32m[I 2023-01-30 00:46:53,968][0m Trial 15 finished with value: 17.997703218469947 and parameters: {'max_depth': 8, 'learning_rate': 0.007669368998124342, 'colsample_bytree': 0.2787240495067469, 'subsample': 0.6751748788756995, 'alpha': 1.3692617591696654, 'lambda': 3.126528732440328e-06, 'gamma': 7.351302276405529e-05, 'min_child_weight': 177.37924521155963}. Best is trial 14 with value: 0.87553319524982.[0m
[32m[I 2023-01-30 00:46:57,755][0m Trial 16 finished with value: 17.997703218469947 and parameters: {'max_depth': 6, 'learning_rate': 0.005118028590474884, 'colsample_bytree': 0.47965509521843896, 'subsample': 0.4044934556583538, 'alpha': 0.18299127399525986, 'lambda': 5.3968385325747976e-05, 'gamma': 0.061820363692434405, 'min_child_weight': 24.709774753724624}. Best is trial 14 with value: 0.87553319524982.[0m
[32m[I 2023-01-30 00:47:01,640][0m Trial 17 finished with value: 17.997703218469947 and parameters: {'max_depth': 9, 'learning_rate': 0.00840417229057393, 'colsample_bytree': 0.2601185246905539, 'subsample': 0.5454840506461396, 'alpha': 1.7482104427457115, 'lambda': 2.250097192997462e-07, 'gamma': 4.043095970486488e-05, 'min_child_weight': 29.218779696850188}. Best is trial 14 with value: 0.87553319524982.[0m
[32m[I 2023-01-30 00:47:05,390][0m Trial 18 finished with value: 17.997703218469947 and parameters: {'max_depth': 7, 'learning_rate': 0.011495173147628886, 'colsample_bytree': 0.3522160342990508, 'subsample': 0.6473478212202372, 'alpha': 7.034845837652355, 'lambda': 1.2221081075932583e-08, 'gamma': 1.9363312134826585, 'min_child_weight': 116.70231188504799}. Best is trial 14 with value: 0.87553319524982.[0m
