[32m[I 2023-01-30 05:16:36,697][0m Trial 54 finished with value: 0.13494711252849415 and parameters: {'max_depth': 12, 'learning_rate': 0.031862091796997234, 'colsample_bytree': 0.32677223994397986, 'subsample': 0.7995323530144647, 'alpha': 0.021330679056230914, 'lambda': 0.6167229144847473, 'gamma': 4.519873017026336e-05, 'min_child_weight': 15.270014138077993}. Best is trial 44 with value: 0.13264207540465114.[0m
[32m[I 2023-01-30 05:16:59,175][0m Trial 55 finished with value: 0.1359416704690693 and parameters: {'max_depth': 12, 'learning_rate': 0.03208329603002697, 'colsample_bytree': 0.24049311819942704, 'subsample': 0.7945340237207675, 'alpha': 0.015518831604272157, 'lambda': 0.7135032198791383, 'gamma': 5.8448554603192825e-05, 'min_child_weight': 14.036077378052324}. Best is trial 44 with value: 0.13264207540465114.[0m
[32m[I 2023-01-30 05:17:38,918][0m Trial 56 finished with value: 0.145233853939426 and parameters: {'max_depth': 12, 'learning_rate': 0.02857531169541861, 'colsample_bytree': 0.22297092666306098, 'subsample': 0.5874433460695527, 'alpha': 0.01455180181552068, 'lambda': 0.9936942425587509, 'gamma': 4.247067601552166e-05, 'min_child_weight': 18.888111591611953}. Best is trial 44 with value: 0.13264207540465114.[0m
[32m[I 2023-01-30 05:17:43,656][0m Trial 57 finished with value: 29.813640523585832 and parameters: {'max_depth': 12, 'learning_rate': 0.022897843925120356, 'colsample_bytree': 0.24402882525582348, 'subsample': 0.61065022201609, 'alpha': 0.020909600223282518, 'lambda': 3.4260665433298674, 'gamma': 1.1877970600467334e-06, 'min_child_weight': 199.63331126352753}. Best is trial 44 with value: 0.13264207540465114.[0m
[32m[I 2023-01-30 05:18:55,441][0m Trial 58 finished with value: 0.17080007807048564 and parameters: {'max_depth': 11, 'learning_rate': 0.04267234032003375, 'colsample_bytree': 0.3216664469897877, 'subsample': 0.7547881471929491, 'alpha': 4.808649209993195, 'lambda': 0.7765269824850333, 'gamma': 8.444815015033386e-08, 'min_child_weight': 26.064006622692002}. Best is trial 44 with value: 0.13264207540465114.[0m
[32m[I 2023-01-30 05:19:28,662][0m Trial 59 finished with value: 0.14097535472389383 and parameters: {'max_depth': 11, 'learning_rate': 0.036092381173098494, 'colsample_bytree': 0.2795986504605624, 'subsample': 0.564863405931607, 'alpha': 0.0160279808437986, 'lambda': 0.08169202210899545, 'gamma': 0.0002911630288850476, 'min_child_weight': 15.143788357137154}. Best is trial 44 with value: 0.13264207540465114.[0m
[32m[I 2023-01-30 05:20:13,718][0m Trial 60 finished with value: 0.23738662737898247 and parameters: {'max_depth': 12, 'learning_rate': 0.03974851255365198, 'colsample_bytree': 0.22234301072067927, 'subsample': 0.6499464243348139, 'alpha': 0.0230736047952371, 'lambda': 7.558670480635474, 'gamma': 4.662272931106878e-05, 'min_child_weight': 109.95057000945359}. Best is trial 44 with value: 0.13264207540465114.[0m
[32m[I 2023-01-30 05:20:51,716][0m Trial 61 finished with value: 0.13634012094715925 and parameters: {'max_depth': 12, 'learning_rate': 0.03175632199062809, 'colsample_bytree': 0.2587293410269877, 'subsample': 0.7999218040923132, 'alpha': 0.046559989009220516, 'lambda': 0.22700167568814067, 'gamma': 0.0001249776207963635, 'min_child_weight': 12.313084337467112}. Best is trial 44 with value: 0.13264207540465114.[0m
[32m[I 2023-01-30 05:21:16,040][0m Trial 62 finished with value: 0.13688066699517143 and parameters: {'max_depth': 12, 'learning_rate': 0.030419697405839434, 'colsample_bytree': 0.26254196417834164, 'subsample': 0.7859542641202389, 'alpha': 0.01310228693371468, 'lambda': 0.3611559839864418, 'gamma': 0.0011174386818965777, 'min_child_weight': 11.553108766393686}. Best is trial 44 with value: 0.13264207540465114.[0m
[32m[I 2023-01-30 05:21:35,083][0m Trial 63 finished with value: 0.14242378175060127 and parameters: {'max_depth': 11, 'learning_rate': 0.03135665128736561, 'colsample_bytree': 0.23756240566047887, 'subsample': 0.7734465919050941, 'alpha': 0.02916888552229612, 'lambda': 0.04073567489804967, 'gamma': 6.723503192803484e-06, 'min_child_weight': 19.340328806086905}. Best is trial 44 with value: 0.13264207540465114.[0m
[32m[I 2023-01-30 05:22:03,585][0m Trial 64 finished with value: 0.13679465066369462 and parameters: {'max_depth': 12, 'learning_rate': 0.02684758378622718, 'colsample_bytree': 0.28695794530282365, 'subsample': 0.7906346448164271, 'alpha': 0.04439663999365548, 'lambda': 2.003545668779362, 'gamma': 0.00013190463117756122, 'min_child_weight': 13.762072426110661}. Best is trial 44 with value: 0.13264207540465114.[0m
[32m[I 2023-01-30 05:22:26,203][0m Trial 65 finished with value: 0.1425643866132127 and parameters: {'max_depth': 12, 'learning_rate': 0.02641082210143486, 'colsample_bytree': 0.30317349429054485, 'subsample': 0.7867111821688703, 'alpha': 0.04417636309907933, 'lambda': 2.4620928783885607, 'gamma': 2.5992409119706166e-05, 'min_child_weight': 21.098560310853856}. Best is trial 44 with value: 0.13264207540465114.[0m
[32m[I 2023-01-30 05:23:15,877][0m Trial 66 finished with value: 0.13575783683310835 and parameters: {'max_depth': 12, 'learning_rate': 0.023702010001613188, 'colsample_bytree': 0.28858869228154843, 'subsample': 0.7971140736411975, 'alpha': 0.020260028247263487, 'lambda': 5.229721749967451, 'gamma': 2.1512002174892044e-06, 'min_child_weight': 14.574573198510267}. Best is trial 44 with value: 0.13264207540465114.[0m
[32m[I 2023-01-30 05:23:42,119][0m Trial 67 finished with value: 0.13947976247150073 and parameters: {'max_depth': 12, 'learning_rate': 0.021079041795795953, 'colsample_bytree': 0.32676257749157045, 'subsample': 0.7978355407921078, 'alpha': 0.019387357863134582, 'lambda': 4.765809770219586, 'gamma': 3.4752064194582028e-06, 'min_child_weight': 17.29646724820958}. Best is trial 44 with value: 0.13264207540465114.[0m
[32m[I 2023-01-30 05:24:25,696][0m Trial 68 finished with value: 0.13707986448624 and parameters: {'max_depth': 7, 'learning_rate': 0.02347678504770102, 'colsample_bytree': 0.2717900705810333, 'subsample': 0.7639856793877547, 'alpha': 0.013779579771902977, 'lambda': 0.6926895717909445, 'gamma': 1.6652111458460026e-06, 'min_child_weight': 10.402396578773299}. Best is trial 44 with value: 0.13264207540465114.[0m
[32m[I 2023-01-30 05:25:07,958][0m Trial 69 finished with value: 0.1392249942583437 and parameters: {'max_depth': 12, 'learning_rate': 0.01421623307001801, 'colsample_bytree': 0.37748657071242153, 'subsample': 0.7288951368968419, 'alpha': 0.022889844218224372, 'lambda': 0.004169809326352956, 'gamma': 4.6199538421063763e-07, 'min_child_weight': 14.664524535699842}. Best is trial 44 with value: 0.13264207540465114.[0m
[32m[I 2023-01-30 05:25:17,920][0m Trial 70 finished with value: 0.23718451977702112 and parameters: {'max_depth': 11, 'learning_rate': 0.02979332144987383, 'colsample_bytree': 0.35781150919324634, 'subsample': 0.7577132154525438, 'alpha': 0.010213601683326167, 'lambda': 0.020188154771730322, 'gamma': 4.919294143992636e-05, 'min_child_weight': 78.92718255780919}. Best is trial 44 with value: 0.13264207540465114.[0m
[32m[I 2023-01-30 05:25:42,076][0m Trial 71 finished with value: 0.13609632593648532 and parameters: {'max_depth': 12, 'learning_rate': 0.027367682360650982, 'colsample_bytree': 0.2876685575701632, 'subsample': 0.7888940337282985, 'alpha': 0.045963319441256735, 'lambda': 6.066165309038277, 'gamma': 0.0004332824354744835, 'min_child_weight': 13.945229610763883}. Best is trial 44 with value: 0.13264207540465114.[0m
[32m[I 2023-01-30 05:26:16,875][0m Trial 72 finished with value: 0.13779959452671603 and parameters: {'max_depth': 12, 'learning_rate': 0.027744180010243074, 'colsample_bytree': 0.31112665497911496, 'subsample': 0.7858560579078004, 'alpha': 0.08119964999839609, 'lambda': 5.028577002969403, 'gamma': 0.00043251833767447574, 'min_child_weight': 11.289025764466054}. Best is trial 44 with value: 0.13264207540465114.[0m
[32m[I 2023-01-30 05:26:47,376][0m Trial 73 finished with value: 0.14049915780002847 and parameters: {'max_depth': 12, 'learning_rate': 0.021309194253201012, 'colsample_bytree': 0.46590871010512025, 'subsample': 0.772618494651406, 'alpha': 0.5787520202309624, 'lambda': 0.10287280505594609, 'gamma': 0.0009005393859065764, 'min_child_weight': 18.16110951113858}. Best is trial 44 with value: 0.13264207540465114.[0m
[32m[I 2023-01-30 05:27:08,997][0m Trial 74 finished with value: 0.1428682403829026 and parameters: {'max_depth': 12, 'learning_rate': 0.025103883687338076, 'colsample_bytree': 0.29398445205457957, 'subsample': 0.7996816232446101, 'alpha': 0.029786627485288177, 'lambda': 1.4018356968913588, 'gamma': 1.1106729553716499e-05, 'min_child_weight': 23.786159530668144}. Best is trial 44 with value: 0.13264207540465114.[0m
[32m[I 2023-01-30 05:27:11,567][0m Trial 75 finished with value: 29.813640523585832 and parameters: {'max_depth': 11, 'learning_rate': 0.03184473673674517, 'colsample_bytree': 0.2161227709899503, 'subsample': 0.7534775237347493, 'alpha': 0.012097073375399241, 'lambda': 0.0012070777633598029, 'gamma': 0.00025534136638992715, 'min_child_weight': 726.2297323942764}. Best is trial 44 with value: 0.13264207540465114.[0m
[32m[I 2023-01-30 05:27:38,741][0m Trial 76 finished with value: 0.13621315433607822 and parameters: {'max_depth': 12, 'learning_rate': 0.023896465027293548, 'colsample_bytree': 0.27848245566483776, 'subsample': 0.7815225790070779, 'alpha': 0.019069248367511615, 'lambda': 0.6287124281368559, 'gamma': 0.0016411810668675647, 'min_child_weight': 13.582935326018045}. Best is trial 44 with value: 0.13264207540465114.[0m
[32m[I 2023-01-30 05:28:00,157][0m Trial 77 finished with value: 0.1517829260651044 and parameters: {'max_depth': 12, 'learning_rate': 0.023622773045804814, 'colsample_bytree': 0.27901355573264014, 'subsample': 0.7850684996019609, 'alpha': 0.03988563736825089, 'lambda': 0.6171466728638871, 'gamma': 0.0019314262254090128, 'min_child_weight': 27.591804684224886}. Best is trial 44 with value: 0.13264207540465114.[0m
[32m[I 2023-01-30 05:28:24,687][0m Trial 78 finished with value: 0.13585251259621245 and parameters: {'max_depth': 12, 'learning_rate': 0.02879281057268475, 'colsample_bytree': 0.26420547658754556, 'subsample': 0.7742838972262053, 'alpha': 0.019817105099757676, 'lambda': 5.799297248082303, 'gamma': 2.5553053933973308e-06, 'min_child_weight': 15.50771167150652}. Best is trial 44 with value: 0.13264207540465114.[0m
[32m[I 2023-01-30 05:28:50,021][0m Trial 79 finished with value: 0.1499680558246847 and parameters: {'max_depth': 12, 'learning_rate': 0.027626677865215322, 'colsample_bytree': 0.31644246254445924, 'subsample': 0.7623275325455405, 'alpha': 1.4341858642627492, 'lambda': 7.18915521650432, 'gamma': 0.004989532974013337, 'min_child_weight': 21.241346382140602}. Best is trial 44 with value: 0.13264207540465114.[0m
[32m[I 2023-01-30 05:29:08,162][0m Trial 80 finished with value: 0.18175779009129608 and parameters: {'max_depth': 11, 'learning_rate': 0.020216891266184606, 'colsample_bytree': 0.2704253032688084, 'subsample': 0.7272588995082443, 'alpha': 0.01828675233040926, 'lambda': 3.3282721848524734, 'gamma': 2.125540394388337e-06, 'min_child_weight': 33.919473830446265}. Best is trial 44 with value: 0.13264207540465114.[0m
[32m[I 2023-01-30 05:29:33,655][0m Trial 81 finished with value: 0.13870077515836732 and parameters: {'max_depth': 12, 'learning_rate': 0.028919346728193365, 'colsample_bytree': 0.260756702138557, 'subsample': 0.7751291630827293, 'alpha': 0.19873240612908133, 'lambda': 1.0256917703439845, 'gamma': 5.107250621762739e-07, 'min_child_weight': 10.024830657665897}. Best is trial 44 with value: 0.13264207540465114.[0m
[32m[I 2023-01-30 05:29:58,232][0m Trial 82 finished with value: 0.138224794822789 and parameters: {'max_depth': 12, 'learning_rate': 0.033989417599945726, 'colsample_bytree': 0.28600535287609896, 'subsample': 0.7862586462336654, 'alpha': 0.027051468953189568, 'lambda': 9.493360400039082, 'gamma': 1.8999257730758758e-05, 'min_child_weight': 15.886049196011168}. Best is trial 44 with value: 0.13264207540465114.[0m
[32m[I 2023-01-30 05:30:26,390][0m Trial 83 finished with value: 0.13701451289760516 and parameters: {'max_depth': 12, 'learning_rate': 0.024125974131720847, 'colsample_bytree': 0.30481485402546626, 'subsample': 0.749311162607406, 'alpha': 0.05109428902389573, 'lambda': 4.402950591626482, 'gamma': 6.124702829401092e-06, 'min_child_weight': 13.899864287018739}. Best is trial 44 with value: 0.13264207540465114.[0m
[32m[I 2023-01-30 05:30:50,294][0m Trial 84 finished with value: 0.13551889894265873 and parameters: {'max_depth': 12, 'learning_rate': 0.03109970235570129, 'colsample_bytree': 0.24484596825038563, 'subsample': 0.7924520535658566, 'alpha': 0.02161101910265568, 'lambda': 1.9666659902628885, 'gamma': 2.2865417924268414e-07, 'min_child_weight': 11.732738729645906}. Best is trial 44 with value: 0.13264207540465114.[0m
[32m[I 2023-01-30 05:31:11,431][0m Trial 85 finished with value: 0.1363338388563945 and parameters: {'max_depth': 11, 'learning_rate': 0.03565302036947166, 'colsample_bytree': 0.24668650722186117, 'subsample': 0.7738359256978371, 'alpha': 0.015982881513610984, 'lambda': 1.9668095093264406, 'gamma': 1.949969358421656e-07, 'min_child_weight': 16.888101591384366}. Best is trial 44 with value: 0.13264207540465114.[0m
[32m[I 2023-01-30 05:31:30,727][0m Trial 86 finished with value: 0.1409760386754036 and parameters: {'max_depth': 12, 'learning_rate': 0.030384964414633862, 'colsample_bytree': 0.2396261016385689, 'subsample': 0.7905508433818144, 'alpha': 0.02102494616647845, 'lambda': 0.5373704858458153, 'gamma': 2.255532314988824e-06, 'min_child_weight': 19.002518652245108}. Best is trial 44 with value: 0.13264207540465114.[0m
[32m[I 2023-01-30 05:31:53,669][0m Trial 87 finished with value: 0.13432835104456078 and parameters: {'max_depth': 12, 'learning_rate': 0.039501449638807945, 'colsample_bytree': 0.3302344973938059, 'subsample': 0.7617120963260432, 'alpha': 0.025062889424362446, 'lambda': 1.235503530184807, 'gamma': 3.128056163855018e-08, 'min_child_weight': 11.246236932021732}. Best is trial 44 with value: 0.13264207540465114.[0m
[32m[I 2023-01-30 05:32:09,747][0m Trial 88 finished with value: 0.13528614090151597 and parameters: {'max_depth': 11, 'learning_rate': 0.04571094831369966, 'colsample_bytree': 0.3328937420459591, 'subsample': 0.7449382579114434, 'alpha': 0.026736632314758906, 'lambda': 6.1247004150704, 'gamma': 5.191771192455144e-08, 'min_child_weight': 14.891972234360694}. Best is trial 44 with value: 0.13264207540465114.[0m
[32m[I 2023-01-30 05:32:27,724][0m Trial 89 finished with value: 0.1447794753461483 and parameters: {'max_depth': 11, 'learning_rate': 0.0440456287554541, 'colsample_bytree': 0.3449343843622053, 'subsample': 0.407014101990646, 'alpha': 0.023349670540520992, 'lambda': 5.7198282488539975, 'gamma': 3.501587062936122e-08, 'min_child_weight': 11.145184862644784}. Best is trial 44 with value: 0.13264207540465114.[0m
[32m[I 2023-01-30 05:32:48,958][0m Trial 90 finished with value: 0.13540915914036716 and parameters: {'max_depth': 5, 'learning_rate': 0.0394642021767636, 'colsample_bytree': 0.3300827183240772, 'subsample': 0.715547050131503, 'alpha': 0.028735156348341628, 'lambda': 2.4015680497606122, 'gamma': 1.6005416378023916e-08, 'min_child_weight': 11.322648293736835}. Best is trial 44 with value: 0.13264207540465114.[0m
[32m[I 2023-01-30 05:33:04,727][0m Trial 91 finished with value: 0.13154681070202878 and parameters: {'max_depth': 5, 'learning_rate': 0.047334820065794474, 'colsample_bytree': 0.32820998436334425, 'subsample': 0.7611393486715916, 'alpha': 0.027564537790057162, 'lambda': 3.1455945326746564, 'gamma': 1.931023035588698e-08, 'min_child_weight': 12.009938609129033}. Best is trial 91 with value: 0.13154681070202878.[0m
[32m[I 2023-01-30 05:33:23,455][0m Trial 92 finished with value: 0.1361320811789753 and parameters: {'max_depth': 5, 'learning_rate': 0.04974809286830003, 'colsample_bytree': 0.332624303166805, 'subsample': 0.7144249774602844, 'alpha': 0.029058050189007496, 'lambda': 2.5559666456411843, 'gamma': 1.0650740091517217e-08, 'min_child_weight': 11.51828859760012}. Best is trial 91 with value: 0.13154681070202878.[0m
[32m[I 2023-01-30 05:33:48,810][0m Trial 93 finished with value: 0.13281074960858844 and parameters: {'max_depth': 6, 'learning_rate': 0.045886722341273924, 'colsample_bytree': 0.35330674924662253, 'subsample': 0.7412860476344137, 'alpha': 0.024881575515255317, 'lambda': 1.3866528907294566, 'gamma': 3.693920424074631e-08, 'min_child_weight': 11.051465870131857}. Best is trial 91 with value: 0.13154681070202878.[0m
[32m[I 2023-01-30 05:34:34,670][0m Trial 94 finished with value: 0.1343832191298812 and parameters: {'max_depth': 5, 'learning_rate': 0.04628865709845444, 'colsample_bytree': 0.36712016380188767, 'subsample': 0.6939407146264125, 'alpha': 0.038649688638465345, 'lambda': 1.4976133772253297, 'gamma': 2.8799211508165925e-08, 'min_child_weight': 10.757707681220642}. Best is trial 91 with value: 0.13154681070202878.[0m
[32m[I 2023-01-30 05:35:02,625][0m Trial 95 finished with value: 0.13336703374950984 and parameters: {'max_depth': 5, 'learning_rate': 0.04658985732742011, 'colsample_bytree': 0.3900674938066961, 'subsample': 0.683782659085512, 'alpha': 0.03390606399719777, 'lambda': 1.2563059949805186, 'gamma': 3.230958331010956e-08, 'min_child_weight': 10.869819820858325}. Best is trial 91 with value: 0.13154681070202878.[0m
[32m[I 2023-01-30 05:35:43,766][0m Trial 96 finished with value: 0.13523458171232278 and parameters: {'max_depth': 5, 'learning_rate': 0.0462946493369193, 'colsample_bytree': 0.4031937514862324, 'subsample': 0.6864549626006384, 'alpha': 0.03863765313930629, 'lambda': 1.4281948086039342, 'gamma': 3.061255565641739e-08, 'min_child_weight': 10.904395670896918}. Best is trial 91 with value: 0.13154681070202878.[0m
[32m[I 2023-01-30 05:36:17,710][0m Trial 97 finished with value: 0.1318544667396466 and parameters: {'max_depth': 5, 'learning_rate': 0.04603905166065082, 'colsample_bytree': 0.3951342207050512, 'subsample': 0.6840300173104013, 'alpha': 0.036949072614900554, 'lambda': 1.0311625576631944, 'gamma': 3.300227299498784e-08, 'min_child_weight': 10.07602290223339}. Best is trial 91 with value: 0.13154681070202878.[0m
[32m[I 2023-01-30 05:36:36,010][0m Trial 98 finished with value: 0.13214752309356004 and parameters: {'max_depth': 4, 'learning_rate': 0.04628819803854876, 'colsample_bytree': 0.3918285386927016, 'subsample': 0.6847014993769008, 'alpha': 0.037550218187648615, 'lambda': 1.064012018114217, 'gamma': 7.047357262611979e-08, 'min_child_weight': 10.162618885648795}. Best is trial 91 with value: 0.13154681070202878.[0m
