[32m[I 2023-01-30 12:06:25,052][0m Trial 38 finished with value: 0.10293514498657644 and parameters: {'max_depth': 10, 'learning_rate': 0.020641355208308315, 'colsample_bytree': 0.2713603777979378, 'subsample': 0.7427028652032115, 'alpha': 0.06130150453508998, 'lambda': 1.5610604445005078e-06, 'gamma': 3.882609844148449e-08, 'min_child_weight': 18.107347330446217}. Best is trial 32 with value: 0.10103290807856295.[0m
[32m[I 2023-01-30 12:07:07,966][0m Trial 39 finished with value: 0.10427512986376211 and parameters: {'max_depth': 7, 'learning_rate': 0.007281393271883096, 'colsample_bytree': 0.22996393559883216, 'subsample': 0.468123243086385, 'alpha': 0.4114237392327369, 'lambda': 0.0009256588377037734, 'gamma': 3.426203185755368e-07, 'min_child_weight': 13.45972315238296}. Best is trial 32 with value: 0.10103290807856295.[0m
[32m[I 2023-01-30 12:07:09,049][0m Trial 40 finished with value: 29.635443045460324 and parameters: {'max_depth': 9, 'learning_rate': 0.009786879840256685, 'colsample_bytree': 0.4684401761924307, 'subsample': 0.7068101756811842, 'alpha': 0.22181151730810608, 'lambda': 5.090903573776216e-08, 'gamma': 2.6379390951266562e-06, 'min_child_weight': 309.3187170025056}. Best is trial 32 with value: 0.10103290807856295.[0m
[32m[I 2023-01-30 12:08:43,265][0m Trial 41 finished with value: 0.10421796750888587 and parameters: {'max_depth': 10, 'learning_rate': 0.022334333777719543, 'colsample_bytree': 0.27231212337330013, 'subsample': 0.7438654735485353, 'alpha': 0.05896756629253106, 'lambda': 1.5621628967354716e-06, 'gamma': 3.7328074012000973e-08, 'min_child_weight': 17.653916374899836}. Best is trial 32 with value: 0.10103290807856295.[0m
[32m[I 2023-01-30 12:09:41,627][0m Trial 42 finished with value: 0.09891293442798448 and parameters: {'max_depth': 12, 'learning_rate': 0.022317067813947346, 'colsample_bytree': 0.3134440879365988, 'subsample': 0.7470799782451701, 'alpha': 0.10316280168394375, 'lambda': 1.8546110745317339e-07, 'gamma': 1.0115979851883702e-07, 'min_child_weight': 13.298380610912522}. Best is trial 42 with value: 0.09891293442798448.[0m
[32m[I 2023-01-30 12:11:19,732][0m Trial 43 finished with value: 0.10208472340064265 and parameters: {'max_depth': 12, 'learning_rate': 0.031163915384723167, 'colsample_bytree': 0.3060670844519061, 'subsample': 0.7743436279025154, 'alpha': 0.952479888669459, 'lambda': 3.611378407594918e-07, 'gamma': 1.631956843528961e-07, 'min_child_weight': 13.39764855418694}. Best is trial 42 with value: 0.09891293442798448.[0m
[32m[I 2023-01-30 12:11:46,293][0m Trial 44 finished with value: 0.09825443035934922 and parameters: {'max_depth': 11, 'learning_rate': 0.025887200962650608, 'colsample_bytree': 0.38409341577178574, 'subsample': 0.6875205137767676, 'alpha': 0.034815952080579006, 'lambda': 2.094143964376173e-07, 'gamma': 1.3262404089893717e-06, 'min_child_weight': 12.53685283315492}. Best is trial 44 with value: 0.09825443035934922.[0m
[32m[I 2023-01-30 12:13:12,664][0m Trial 45 finished with value: 0.09916790332309812 and parameters: {'max_depth': 11, 'learning_rate': 0.025241895151925018, 'colsample_bytree': 0.42374044189567184, 'subsample': 0.6715350446135576, 'alpha': 0.01549316775305406, 'lambda': 1.0765492174597723e-07, 'gamma': 8.479902356347859e-08, 'min_child_weight': 13.117643712865325}. Best is trial 44 with value: 0.09825443035934922.[0m
[32m[I 2023-01-30 12:13:38,318][0m Trial 46 finished with value: 0.0985909204443448 and parameters: {'max_depth': 11, 'learning_rate': 0.02863542901436998, 'colsample_bytree': 0.4208597347057741, 'subsample': 0.669701663756399, 'alpha': 0.027240883739436055, 'lambda': 1.1382514642874243e-08, 'gamma': 1.1098650558711579e-06, 'min_child_weight': 12.58955424826398}. Best is trial 44 with value: 0.09825443035934922.[0m
[32m[I 2023-01-30 12:14:56,279][0m Trial 47 finished with value: 0.10949795406616189 and parameters: {'max_depth': 11, 'learning_rate': 0.02507439187723207, 'colsample_bytree': 0.43586481770938296, 'subsample': 0.6177481120949816, 'alpha': 0.03226016332438983, 'lambda': 1.1518178933437959e-08, 'gamma': 7.503467682154985e-08, 'min_child_weight': 26.839185955489988}. Best is trial 44 with value: 0.09825443035934922.[0m
[32m[I 2023-01-30 12:15:07,019][0m Trial 48 finished with value: 0.1120395727629788 and parameters: {'max_depth': 11, 'learning_rate': 0.03511879748562103, 'colsample_bytree': 0.4035795639904789, 'subsample': 0.6724870832965151, 'alpha': 0.019573330953921757, 'lambda': 7.802287096551377e-08, 'gamma': 1.1506293963846505e-06, 'min_child_weight': 36.489570568431226}. Best is trial 44 with value: 0.09825443035934922.[0m
[32m[I 2023-01-30 12:15:19,125][0m Trial 49 finished with value: 0.1607494845427342 and parameters: {'max_depth': 12, 'learning_rate': 0.02645125551774065, 'colsample_bytree': 0.4317815441431898, 'subsample': 0.5896778884303794, 'alpha': 0.010738199715936965, 'lambda': 2.4195829673086568e-08, 'gamma': 2.1070403693534304e-08, 'min_child_weight': 66.67963065624572}. Best is trial 44 with value: 0.09825443035934922.[0m
[32m[I 2023-01-30 12:15:49,168][0m Trial 50 finished with value: 0.10302548908191696 and parameters: {'max_depth': 10, 'learning_rate': 0.01940624953861769, 'colsample_bytree': 0.37740593439382275, 'subsample': 0.6884193709716101, 'alpha': 0.03582181773859057, 'lambda': 1.7093844191971968e-07, 'gamma': 1.0071336847749409e-07, 'min_child_weight': 20.500607831486285}. Best is trial 44 with value: 0.09825443035934922.[0m
[32m[I 2023-01-30 12:17:26,188][0m Trial 51 finished with value: 0.09952564661607922 and parameters: {'max_depth': 12, 'learning_rate': 0.0241227540555985, 'colsample_bytree': 0.41428909140078585, 'subsample': 0.6551363013867978, 'alpha': 0.019032405144676728, 'lambda': 3.6347101127027576e-08, 'gamma': 3.9445149461890443e-07, 'min_child_weight': 11.88091866639916}. Best is trial 44 with value: 0.09825443035934922.[0m
[32m[I 2023-01-30 12:18:08,106][0m Trial 52 finished with value: 0.09758492388188167 and parameters: {'max_depth': 12, 'learning_rate': 0.02399868346438924, 'colsample_bytree': 0.41712037505072724, 'subsample': 0.6557305099298827, 'alpha': 0.020306977189850386, 'lambda': 3.150735626907577e-08, 'gamma': 4.052453546277682e-07, 'min_child_weight': 12.427264643929995}. Best is trial 52 with value: 0.09758492388188167.[0m
[32m[I 2023-01-30 12:18:34,803][0m Trial 53 finished with value: 0.0987982378509054 and parameters: {'max_depth': 12, 'learning_rate': 0.02388945387798895, 'colsample_bytree': 0.4109330098186717, 'subsample': 0.6565483543319066, 'alpha': 0.021371992007957724, 'lambda': 3.141447714466238e-08, 'gamma': 4.808910168897076e-07, 'min_child_weight': 15.947709921067197}. Best is trial 52 with value: 0.09758492388188167.[0m
[32m[I 2023-01-30 12:18:58,554][0m Trial 54 finished with value: 0.0988010626759407 and parameters: {'max_depth': 11, 'learning_rate': 0.029010744817678378, 'colsample_bytree': 0.4500861363451051, 'subsample': 0.628704382408972, 'alpha': 0.08557116791362097, 'lambda': 3.0770969394546906e-08, 'gamma': 1.948621855378549e-06, 'min_child_weight': 14.988620207372183}. Best is trial 52 with value: 0.09758492388188167.[0m
[32m[I 2023-01-30 12:19:25,179][0m Trial 55 finished with value: 0.10047359914891589 and parameters: {'max_depth': 12, 'learning_rate': 0.029785287995675203, 'colsample_bytree': 0.4482548282580575, 'subsample': 0.632087256616666, 'alpha': 0.08887876600643067, 'lambda': 1.291963202253137e-08, 'gamma': 4.66601805679393e-06, 'min_child_weight': 16.347092631245957}. Best is trial 52 with value: 0.09758492388188167.[0m
[32m[I 2023-01-30 12:19:38,948][0m Trial 56 finished with value: 0.10331978334472056 and parameters: {'max_depth': 11, 'learning_rate': 0.03507449063579535, 'colsample_bytree': 0.4789221349798564, 'subsample': 0.5874433460695527, 'alpha': 0.045850481799676275, 'lambda': 3.3630883586718816e-08, 'gamma': 1.3747882416265293e-06, 'min_child_weight': 18.73107166663714}. Best is trial 52 with value: 0.09758492388188167.[0m
[32m[I 2023-01-30 12:19:49,154][0m Trial 57 finished with value: 0.10625650273045895 and parameters: {'max_depth': 12, 'learning_rate': 0.04282868079623072, 'colsample_bytree': 0.38511893006954595, 'subsample': 0.6213421934523904, 'alpha': 0.026181452858428385, 'lambda': 1.0887063091297809e-08, 'gamma': 1.8835562628421483e-06, 'min_child_weight': 24.481579929176434}. Best is trial 52 with value: 0.09758492388188167.[0m
[32m[I 2023-01-30 12:20:14,213][0m Trial 58 finished with value: 0.10269538362314798 and parameters: {'max_depth': 11, 'learning_rate': 0.028078052355204563, 'colsample_bytree': 0.35805889561017473, 'subsample': 0.6004306913835485, 'alpha': 0.0439063384283333, 'lambda': 4.771868443736064, 'gamma': 4.7160540271472595e-07, 'min_child_weight': 12.499414384522135}. Best is trial 52 with value: 0.09758492388188167.[0m
[32m[I 2023-01-30 12:20:38,091][0m Trial 59 finished with value: 0.10016751608274685 and parameters: {'max_depth': 12, 'learning_rate': 0.01736773150611381, 'colsample_bytree': 0.5026142650010436, 'subsample': 0.637365381956828, 'alpha': 0.08142300993137748, 'lambda': 5.8598601703355635e-08, 'gamma': 5.370471315541193e-06, 'min_child_weight': 15.553884805069279}. Best is trial 52 with value: 0.09758492388188167.[0m
[32m[I 2023-01-30 12:20:49,953][0m Trial 60 finished with value: 0.10610952824144795 and parameters: {'max_depth': 11, 'learning_rate': 0.03313210495975328, 'colsample_bytree': 0.4490757993291825, 'subsample': 0.5695277993546609, 'alpha': 0.024683271090390275, 'lambda': 2.911740694975239e-08, 'gamma': 3.723265038765521e-05, 'min_child_weight': 21.45618015864222}. Best is trial 52 with value: 0.09758492388188167.[0m
[32m[I 2023-01-30 12:21:24,096][0m Trial 61 finished with value: 0.09816889474566856 and parameters: {'max_depth': 11, 'learning_rate': 0.023395073294407345, 'colsample_bytree': 0.4156593386739409, 'subsample': 0.6635014522597731, 'alpha': 0.013793441045186665, 'lambda': 1.0715143869839046e-07, 'gamma': 5.899909339562789e-07, 'min_child_weight': 12.455936438096977}. Best is trial 52 with value: 0.09758492388188167.[0m
[32m[I 2023-01-30 12:22:04,178][0m Trial 62 finished with value: 0.09729204016313775 and parameters: {'max_depth': 10, 'learning_rate': 0.022029792893603246, 'colsample_bytree': 0.3902411205668071, 'subsample': 0.694199227759709, 'alpha': 0.011197081636445488, 'lambda': 9.552179984030578e-08, 'gamma': 5.239596632217002e-07, 'min_child_weight': 12.445335133942649}. Best is trial 62 with value: 0.09729204016313775.[0m
[32m[I 2023-01-30 12:22:29,026][0m Trial 63 finished with value: 0.09885938395180241 and parameters: {'max_depth': 10, 'learning_rate': 0.027835837296737016, 'colsample_bytree': 0.3951022882786881, 'subsample': 0.6985230596410461, 'alpha': 0.01029693004496928, 'lambda': 7.742276757452803e-08, 'gamma': 6.255225885347715e-07, 'min_child_weight': 12.37557972510566}. Best is trial 62 with value: 0.09729204016313775.[0m
[32m[I 2023-01-30 12:23:18,968][0m Trial 64 finished with value: 0.09937466008683135 and parameters: {'max_depth': 10, 'learning_rate': 0.023638144740514944, 'colsample_bytree': 0.3615212375976416, 'subsample': 0.660088683019614, 'alpha': 0.013476264280742901, 'lambda': 7.740247335644606e-07, 'gamma': 4.451431178922962e-06, 'min_child_weight': 15.138215001683674}. Best is trial 62 with value: 0.09729204016313775.[0m
[32m[I 2023-01-30 12:23:20,529][0m Trial 65 finished with value: 29.635443045460324 and parameters: {'max_depth': 11, 'learning_rate': 0.019086325601247064, 'colsample_bytree': 0.4082817132102684, 'subsample': 0.6486533775456036, 'alpha': 0.018702304882070458, 'lambda': 2.449020175978709e-08, 'gamma': 1.6367228299724633e-06, 'min_child_weight': 520.8584346508219}. Best is trial 62 with value: 0.09729204016313775.[0m
[32m[I 2023-01-30 12:23:47,282][0m Trial 66 finished with value: 0.1012571510876465 and parameters: {'max_depth': 11, 'learning_rate': 0.03811531278163418, 'colsample_bytree': 0.3909975679190483, 'subsample': 0.6898062670287303, 'alpha': 0.012792670775343963, 'lambda': 6.883189500904539e-08, 'gamma': 6.807404692381276e-07, 'min_child_weight': 18.817497986359577}. Best is trial 62 with value: 0.09729204016313775.[0m
[32m[I 2023-01-30 12:24:39,506][0m Trial 67 finished with value: 0.09733793793182842 and parameters: {'max_depth': 9, 'learning_rate': 0.014945653519640242, 'colsample_bytree': 0.45330020894454137, 'subsample': 0.6779914478137381, 'alpha': 0.03342035217798699, 'lambda': 2.233540726877385e-07, 'gamma': 1.3490960812406118e-06, 'min_child_weight': 11.600082960986152}. Best is trial 62 with value: 0.09729204016313775.[0m
[32m[I 2023-01-30 12:26:22,654][0m Trial 68 finished with value: 0.09581604045077814 and parameters: {'max_depth': 9, 'learning_rate': 0.015865209313838405, 'colsample_bytree': 0.5009247069750282, 'subsample': 0.667182670187082, 'alpha': 0.03340876165418626, 'lambda': 3.0570608494367997e-06, 'gamma': 0.00014352307497764072, 'min_child_weight': 11.802459950994589}. Best is trial 68 with value: 0.09581604045077814.[0m
[32m[I 2023-01-30 12:27:18,618][0m Trial 69 finished with value: 0.09702261831477757 and parameters: {'max_depth': 9, 'learning_rate': 0.01618845615638727, 'colsample_bytree': 0.5857485843590817, 'subsample': 0.7120880660566478, 'alpha': 0.03186141322125044, 'lambda': 5.148177670139262e-06, 'gamma': 0.013986758192043924, 'min_child_weight': 11.386095452544916}. Best is trial 68 with value: 0.09581604045077814.[0m
[32m[I 2023-01-30 12:27:48,711][0m Trial 70 finished with value: 0.09710760925629666 and parameters: {'max_depth': 9, 'learning_rate': 0.015124946358182078, 'colsample_bytree': 0.5954615458682655, 'subsample': 0.7159142436950217, 'alpha': 0.03519270419551162, 'lambda': 3.039898902723337e-06, 'gamma': 0.08789112776485639, 'min_child_weight': 11.684523169347127}. Best is trial 68 with value: 0.09581604045077814.[0m
[32m[I 2023-01-30 12:29:21,234][0m Trial 71 finished with value: 0.09837432461487802 and parameters: {'max_depth': 9, 'learning_rate': 0.014690410728273555, 'colsample_bytree': 0.5942889389510867, 'subsample': 0.7184452573549893, 'alpha': 0.03417718187982278, 'lambda': 4.576151477617954e-06, 'gamma': 0.08896246040266616, 'min_child_weight': 11.73050659675136}. Best is trial 68 with value: 0.09581604045077814.[0m
[32m[I 2023-01-30 12:29:55,951][0m Trial 72 finished with value: 0.09626385063327461 and parameters: {'max_depth': 9, 'learning_rate': 0.015079225125334968, 'colsample_bytree': 0.5689370605491568, 'subsample': 0.6825092413303858, 'alpha': 0.01583693636034676, 'lambda': 2.8522126128700477e-06, 'gamma': 0.08522882441639622, 'min_child_weight': 11.323594475249116}. Best is trial 68 with value: 0.09581604045077814.[0m
[32m[I 2023-01-30 12:30:33,614][0m Trial 73 finished with value: 0.09742536023302392 and parameters: {'max_depth': 9, 'learning_rate': 0.01582820529969557, 'colsample_bytree': 0.5682760720243226, 'subsample': 0.7063440315605125, 'alpha': 0.015242524279427731, 'lambda': 2.6031533409659725e-06, 'gamma': 0.13874779308073723, 'min_child_weight': 10.063843761929895}. Best is trial 68 with value: 0.09581604045077814.[0m
[32m[I 2023-01-30 12:32:32,985][0m Trial 74 finished with value: 0.0986629039206216 and parameters: {'max_depth': 9, 'learning_rate': 0.01577515822973601, 'colsample_bytree': 0.566427297765296, 'subsample': 0.7096745477741961, 'alpha': 0.016331552187067007, 'lambda': 7.801080679148163e-06, 'gamma': 0.23902887657878266, 'min_child_weight': 10.94134552593295}. Best is trial 68 with value: 0.09581604045077814.[0m
[32m[I 2023-01-30 12:35:37,657][0m Trial 75 finished with value: 0.09666207035322447 and parameters: {'max_depth': 9, 'learning_rate': 0.013119661358446642, 'colsample_bytree': 0.5986256997807731, 'subsample': 0.7170181367636571, 'alpha': 0.04140225405080028, 'lambda': 3.080647687083393e-06, 'gamma': 0.036281244463208476, 'min_child_weight': 10.370144057046748}. Best is trial 68 with value: 0.09581604045077814.[0m
[32m[I 2023-01-30 12:39:35,191][0m Trial 76 finished with value: 0.09684570938608197 and parameters: {'max_depth': 8, 'learning_rate': 0.013128636319811494, 'colsample_bytree': 0.5985779360290046, 'subsample': 0.7220995541220521, 'alpha': 0.06705062138064921, 'lambda': 4.287834747564338e-05, 'gamma': 0.02180184151448599, 'min_child_weight': 10.365820581239378}. Best is trial 68 with value: 0.09581604045077814.[0m
[32m[I 2023-01-30 12:42:01,859][0m Trial 77 finished with value: 0.181065612902437 and parameters: {'max_depth': 8, 'learning_rate': 0.012901565730146164, 'colsample_bytree': 0.598002846808854, 'subsample': 0.7197303434535964, 'alpha': 0.056768269311182944, 'lambda': 4.263197090372442e-05, 'gamma': 0.014069409429671264, 'min_child_weight': 109.24418670020052}. Best is trial 68 with value: 0.09581604045077814.[0m
[32m[I 2023-01-30 12:42:24,605][0m Trial 78 finished with value: 0.2489719060534658 and parameters: {'max_depth': 8, 'learning_rate': 0.011071188513494621, 'colsample_bytree': 0.5500786698620189, 'subsample': 0.7239894056854069, 'alpha': 0.0698114869354176, 'lambda': 0.00011504942579437719, 'gamma': 0.0050956995385132335, 'min_child_weight': 161.07966451201457}. Best is trial 68 with value: 0.09581604045077814.[0m
[32m[I 2023-01-30 12:47:20,904][0m Trial 79 finished with value: 0.09718618726433023 and parameters: {'max_depth': 9, 'learning_rate': 0.013209548389019509, 'colsample_bytree': 0.5843759186260309, 'subsample': 0.6977420546281784, 'alpha': 0.04521802643662176, 'lambda': 1.1127727833359791e-05, 'gamma': 0.049717184391396954, 'min_child_weight': 11.381972197222643}. Best is trial 68 with value: 0.09581604045077814.[0m
[32m[I 2023-01-30 12:49:50,870][0m Trial 80 finished with value: 0.10351464836842957 and parameters: {'max_depth': 8, 'learning_rate': 0.012989046385780526, 'colsample_bytree': 0.5841546338822646, 'subsample': 0.7285634828158799, 'alpha': 0.04612458772715072, 'lambda': 1.1342771408553279e-05, 'gamma': 0.03457684542122176, 'min_child_weight': 19.525026588883776}. Best is trial 68 with value: 0.09581604045077814.[0m
[32m[I 2023-01-30 12:53:19,513][0m Trial 81 finished with value: 0.10991386626062183 and parameters: {'max_depth': 9, 'learning_rate': 0.014744745760680435, 'colsample_bytree': 0.581450652168233, 'subsample': 0.6942650391191034, 'alpha': 0.038455947037003474, 'lambda': 1.3278068937742256e-05, 'gamma': 0.9615996087927534, 'min_child_weight': 11.410339758794873}. Best is trial 68 with value: 0.09581604045077814.[0m
[32m[I 2023-01-30 12:53:22,118][0m Trial 82 finished with value: 29.635443045460324 and parameters: {'max_depth': 9, 'learning_rate': 0.01563088917849657, 'colsample_bytree': 0.5126812600862366, 'subsample': 0.7001312215213015, 'alpha': 0.12676754946146673, 'lambda': 2.573021652944858e-06, 'gamma': 0.004420951817099194, 'min_child_weight': 968.7073851439162}. Best is trial 68 with value: 0.09581604045077814.[0m
[32m[I 2023-01-30 12:57:55,985][0m Trial 83 finished with value: 0.0975714882726884 and parameters: {'max_depth': 9, 'learning_rate': 0.013466597861531227, 'colsample_bytree': 0.5561602330356736, 'subsample': 0.7120386901530297, 'alpha': 0.02840213531729494, 'lambda': 1.0718322995373823e-06, 'gamma': 0.038104037481576716, 'min_child_weight': 14.906155971559881}. Best is trial 68 with value: 0.09581604045077814.[0m
[32m[I 2023-01-30 13:05:32,473][0m Trial 84 finished with value: 0.09589401032616511 and parameters: {'max_depth': 8, 'learning_rate': 0.01248428921359382, 'colsample_bytree': 0.5729607133455339, 'subsample': 0.6753107724741435, 'alpha': 0.05018204579769358, 'lambda': 5.6864816904560925e-06, 'gamma': 0.002495013214453913, 'min_child_weight': 10.94590115475486}. Best is trial 68 with value: 0.09581604045077814.[0m
[32m[I 2023-01-30 13:17:01,263][0m Trial 85 finished with value: 0.09985869985007557 and parameters: {'max_depth': 8, 'learning_rate': 0.017043882406449797, 'colsample_bytree': 0.5723192507230522, 'subsample': 0.6850281570823488, 'alpha': 0.0669437669383954, 'lambda': 5.599044179826964e-06, 'gamma': 0.0026582658826849776, 'min_child_weight': 16.950206808201106}. Best is trial 68 with value: 0.09581604045077814.[0m
[32m[I 2023-01-30 13:18:31,849][0m Trial 86 finished with value: 0.09702190169854533 and parameters: {'max_depth': 8, 'learning_rate': 0.012578194706579055, 'colsample_bytree': 0.586274740380706, 'subsample': 0.7527719985803666, 'alpha': 0.05143837212140823, 'lambda': 6.26998897121554e-05, 'gamma': 0.02592670246093458, 'min_child_weight': 10.398600575069702}. Best is trial 68 with value: 0.09581604045077814.[0m
[32m[I 2023-01-30 13:19:48,814][0m Trial 87 finished with value: 0.09590092212667505 and parameters: {'max_depth': 8, 'learning_rate': 0.012401905255171437, 'colsample_bytree': 0.5896875666486137, 'subsample': 0.7497579532048791, 'alpha': 0.05092319869433045, 'lambda': 0.0001653228258266074, 'gamma': 0.027291047479303235, 'min_child_weight': 10.143323412455981}. Best is trial 68 with value: 0.09581604045077814.[0m
[32m[I 2023-01-30 13:22:26,852][0m Trial 88 finished with value: 0.09699755112000674 and parameters: {'max_depth': 8, 'learning_rate': 0.011145130628233847, 'colsample_bytree': 0.5335342614908761, 'subsample': 0.7559088137965616, 'alpha': 0.05186534556752367, 'lambda': 0.0001667049498629767, 'gamma': 0.022919475227507147, 'min_child_weight': 14.189461518801274}. Best is trial 68 with value: 0.09581604045077814.[0m
[32m[I 2023-01-30 13:24:20,626][0m Trial 89 finished with value: 0.09732832476507737 and parameters: {'max_depth': 8, 'learning_rate': 0.011038088461229202, 'colsample_bytree': 0.5397945334950555, 'subsample': 0.7538925153833087, 'alpha': 0.05257232885122796, 'lambda': 0.00010492049729029138, 'gamma': 0.009703308515535284, 'min_child_weight': 10.252023323033326}. Best is trial 68 with value: 0.09581604045077814.[0m
