[32m[I 2023-01-30 12:21:55,467][0m Trial 6 finished with value: 16.820864554705008 and parameters: {'max_depth': 4, 'learning_rate': 0.024309997179372503, 'colsample_bytree': 0.5841853923869278, 'subsample': 0.7667252048707697, 'alpha': 0.013337191036805442, 'lambda': 1.3636680397564094e-07, 'gamma': 0.0014997828175700684, 'min_child_weight': 322.655885902972}. Best is trial 2 with value: 1.2356257417834615.[0m
[32m[I 2023-01-30 12:21:56,414][0m Trial 7 finished with value: 16.820864554705008 and parameters: {'max_depth': 6, 'learning_rate': 0.010926258610128152, 'colsample_bytree': 0.2607618918637006, 'subsample': 0.6028959703295853, 'alpha': 0.06206371578662345, 'lambda': 1.266992201665895e-08, 'gamma': 1.5789432269327715e-05, 'min_child_weight': 80.39289318891001}. Best is trial 2 with value: 1.2356257417834615.[0m
[32m[I 2023-01-30 12:21:57,389][0m Trial 8 finished with value: 16.820864554705008 and parameters: {'max_depth': 11, 'learning_rate': 0.022246945550976716, 'colsample_bytree': 0.38348067034928734, 'subsample': 0.5786344453767411, 'alpha': 0.2103742118991652, 'lambda': 0.00021926407596498205, 'gamma': 0.036837608776384916, 'min_child_weight': 826.8193360446916}. Best is trial 2 with value: 1.2356257417834615.[0m
[32m[I 2023-01-30 12:21:58,362][0m Trial 9 finished with value: 16.820864554705008 and parameters: {'max_depth': 12, 'learning_rate': 0.040398899586500135, 'colsample_bytree': 0.40713570785418746, 'subsample': 0.4235077964948132, 'alpha': 1.6713931146681782, 'lambda': 0.05220786063595881, 'gamma': 6.757110406953963e-05, 'min_child_weight': 153.35914002613805}. Best is trial 2 with value: 1.2356257417834615.[0m
[32m[I 2023-01-30 12:22:01,781][0m Trial 10 finished with value: 1.2983880329406283 and parameters: {'max_depth': 9, 'learning_rate': 0.04816832914567595, 'colsample_bytree': 0.30938945494506476, 'subsample': 0.5236211488460568, 'alpha': 1.0756082087934706, 'lambda': 5.987070125610998, 'gamma': 1.0676973389236319e-08, 'min_child_weight': 10.247188554523198}. Best is trial 2 with value: 1.2356257417834615.[0m
[32m[I 2023-01-30 12:22:05,265][0m Trial 11 finished with value: 1.3075209272327748 and parameters: {'max_depth': 9, 'learning_rate': 0.04784455548984856, 'colsample_bytree': 0.3100217763470918, 'subsample': 0.5243516535756538, 'alpha': 1.2318833059244463, 'lambda': 9.718541847119443, 'gamma': 1.2536551007490072e-08, 'min_child_weight': 10.820984738272562}. Best is trial 2 with value: 1.2356257417834615.[0m
[32m[I 2023-01-30 12:22:07,648][0m Trial 12 finished with value: 1.2997815164012416 and parameters: {'max_depth': 9, 'learning_rate': 0.034937316478278, 'colsample_bytree': 0.3187680493361686, 'subsample': 0.5231817040927456, 'alpha': 0.8339767408389259, 'lambda': 8.599095516296309, 'gamma': 1.0429110743654737e-08, 'min_child_weight': 28.397589017517948}. Best is trial 2 with value: 1.2356257417834615.[0m
[32m[I 2023-01-30 12:22:10,624][0m Trial 13 finished with value: 1.3024047874286042 and parameters: {'max_depth': 10, 'learning_rate': 0.0322335182494066, 'colsample_bytree': 0.2791499108810756, 'subsample': 0.4921604616449984, 'alpha': 4.241219578760312, 'lambda': 0.0865052106837403, 'gamma': 4.3172593866386154e-07, 'min_child_weight': 32.5292378521289}. Best is trial 2 with value: 1.2356257417834615.[0m
[32m[I 2023-01-30 12:22:16,294][0m Trial 14 finished with value: 1.3843929379911601 and parameters: {'max_depth': 8, 'learning_rate': 0.011945124891537722, 'colsample_bytree': 0.3687121149251301, 'subsample': 0.40962270189033745, 'alpha': 0.4724104097651939, 'lambda': 0.002544399582199692, 'gamma': 1.3077040577096122e-07, 'min_child_weight': 10.569210539532035}. Best is trial 2 with value: 1.2356257417834615.[0m
[32m[I 2023-01-30 12:22:19,065][0m Trial 15 finished with value: 1.301270228792305 and parameters: {'max_depth': 10, 'learning_rate': 0.04907516504698795, 'colsample_bytree': 0.20123640386512495, 'subsample': 0.5042862754564061, 'alpha': 0.26764618290242487, 'lambda': 0.2677748537044539, 'gamma': 3.6929292409393804, 'min_child_weight': 41.13515045699246}. Best is trial 2 with value: 1.2356257417834615.[0m
[32m[I 2023-01-30 12:22:22,627][0m Trial 16 finished with value: 1.3572019324291578 and parameters: {'max_depth': 7, 'learning_rate': 0.03024026108430323, 'colsample_bytree': 0.4171663405483553, 'subsample': 0.5488026399976429, 'alpha': 2.8497485748720615, 'lambda': 0.00128669096564952, 'gamma': 1.95319139520969e-07, 'min_child_weight': 15.373810273114602}. Best is trial 2 with value: 1.2356257417834615.[0m
[32m[I 2023-01-30 12:22:23,600][0m Trial 17 finished with value: 16.820864554705008 and parameters: {'max_depth': 10, 'learning_rate': 0.01526669822123145, 'colsample_bytree': 0.29138254826986304, 'subsample': 0.47437534904735584, 'alpha': 0.13031018645929507, 'lambda': 0.9271258097852665, 'gamma': 5.482282917138668e-06, 'min_child_weight': 51.68941241619131}. Best is trial 2 with value: 1.2356257417834615.[0m
[32m[I 2023-01-30 12:22:26,848][0m Trial 18 finished with value: 1.333426013199395 and parameters: {'max_depth': 8, 'learning_rate': 0.039401068005378244, 'colsample_bytree': 0.34361798841935803, 'subsample': 0.5691533360312656, 'alpha': 0.4504682755969631, 'lambda': 0.005247163676432309, 'gamma': 4.429891909850498e-08, 'min_child_weight': 20.285126791534598}. Best is trial 2 with value: 1.2356257417834615.[0m
[32m[I 2023-01-30 12:22:33,178][0m Trial 19 finished with value: 1.2350421490452281 and parameters: {'max_depth': 4, 'learning_rate': 0.028301701828130008, 'colsample_bytree': 0.45286401695618506, 'subsample': 0.46701120798031237, 'alpha': 0.7342479740379831, 'lambda': 5.999861330032891e-05, 'gamma': 7.407381982019221e-07, 'min_child_weight': 21.6689828086906}. Best is trial 19 with value: 1.2350421490452281.[0m
[32m[I 2023-01-30 12:22:34,210][0m Trial 20 finished with value: 16.820864554705008 and parameters: {'max_depth': 4, 'learning_rate': 0.028829188746296752, 'colsample_bytree': 0.4580514394915356, 'subsample': 0.46143023506603525, 'alpha': 2.924641304452785, 'lambda': 8.767109666115268e-05, 'gamma': 8.170103926230455e-07, 'min_child_weight': 55.332040772738175}. Best is trial 19 with value: 1.2350421490452281.[0m
[32m[I 2023-01-30 12:22:37,393][0m Trial 21 finished with value: 1.283516428660586 and parameters: {'max_depth': 9, 'learning_rate': 0.04315891788686681, 'colsample_bytree': 0.5127471160460725, 'subsample': 0.40980882917255945, 'alpha': 0.6847995756848045, 'lambda': 5.2637441965454466e-05, 'gamma': 1.5845869323057836e-05, 'min_child_weight': 21.41255745264553}. Best is trial 19 with value: 1.2350421490452281.[0m
[32m[I 2023-01-30 12:22:40,706][0m Trial 22 finished with value: 1.2980174783650802 and parameters: {'max_depth': 5, 'learning_rate': 0.03774250455807064, 'colsample_bytree': 0.526477147250503, 'subsample': 0.4007230534481964, 'alpha': 0.6128582836837201, 'lambda': 3.0312397658931568e-05, 'gamma': 4.3058810291605725e-05, 'min_child_weight': 24.404631470324063}. Best is trial 19 with value: 1.2350421490452281.[0m
[32m[I 2023-01-30 12:22:42,135][0m Trial 23 finished with value: 16.820864554705008 and parameters: {'max_depth': 7, 'learning_rate': 0.027615114371902727, 'colsample_bytree': 0.5186408263177104, 'subsample': 0.4368784627958896, 'alpha': 0.157403743013396, 'lambda': 0.0005649329350470071, 'gamma': 3.3441321271057013e-06, 'min_child_weight': 122.29190017182744}. Best is trial 19 with value: 1.2350421490452281.[0m
[32m[I 2023-01-30 12:22:46,077][0m Trial 24 finished with value: 1.2965891646008387 and parameters: {'max_depth': 7, 'learning_rate': 0.042427667146307566, 'colsample_bytree': 0.578346153900674, 'subsample': 0.47495811639922714, 'alpha': 1.8754533647455554, 'lambda': 0.008656508967518779, 'gamma': 6.784592852080728e-05, 'min_child_weight': 34.22114208324058}. Best is trial 19 with value: 1.2350421490452281.[0m
[32m[I 2023-01-30 12:22:53,145][0m Trial 25 finished with value: 1.2976389298690034 and parameters: {'max_depth': 9, 'learning_rate': 0.017609845147142585, 'colsample_bytree': 0.5315678058672977, 'subsample': 0.4105820720403691, 'alpha': 0.7061450741898894, 'lambda': 1.2318632317993447e-06, 'gamma': 1.1319601820654788e-05, 'min_child_weight': 16.370395850421932}. Best is trial 19 with value: 1.2350421490452281.[0m
[32m[I 2023-01-30 12:22:54,717][0m Trial 26 finished with value: 16.820864554705008 and parameters: {'max_depth': 11, 'learning_rate': 0.03699316451749054, 'colsample_bytree': 0.4395681565880136, 'subsample': 0.4909000915778663, 'alpha': 0.3562803817553998, 'lambda': 7.011631955505563e-05, 'gamma': 8.593505296440129e-07, 'min_child_weight': 51.95885801905792}. Best is trial 19 with value: 1.2350421490452281.[0m
[32m[I 2023-01-30 12:23:01,473][0m Trial 27 finished with value: 1.3145337265132089 and parameters: {'max_depth': 5, 'learning_rate': 0.026852828122427588, 'colsample_bytree': 0.5028050775020012, 'subsample': 0.4406594637316902, 'alpha': 6.700704960500069, 'lambda': 0.00034026616497479623, 'gamma': 7.194135865417298e-08, 'min_child_weight': 14.511874964754725}. Best is trial 19 with value: 1.2350421490452281.[0m
[32m[I 2023-01-30 12:23:07,461][0m Trial 28 finished with value: 1.3730826806602896 and parameters: {'max_depth': 8, 'learning_rate': 0.019777109176009517, 'colsample_bytree': 0.4381347408351182, 'subsample': 0.7723503142751806, 'alpha': 1.6102072329615258, 'lambda': 0.009255291077281711, 'gamma': 0.00037101200104282955, 'min_child_weight': 25.230130183874}. Best is trial 19 with value: 1.2350421490452281.[0m
[32m[I 2023-01-30 12:23:08,784][0m Trial 29 finished with value: 16.820864554705008 and parameters: {'max_depth': 11, 'learning_rate': 0.006302520702704026, 'colsample_bytree': 0.38534377356557264, 'subsample': 0.656699990609319, 'alpha': 0.08617801872844782, 'lambda': 1.2517213781583748e-05, 'gamma': 1.1279846842419475e-06, 'min_child_weight': 199.02335326717147}. Best is trial 19 with value: 1.2350421490452281.[0m
[32m[I 2023-01-30 12:23:10,072][0m Trial 30 finished with value: 16.820864554705008 and parameters: {'max_depth': 5, 'learning_rate': 0.03351487005027445, 'colsample_bytree': 0.5515281088438572, 'subsample': 0.7076506705857916, 'alpha': 0.03256270185460634, 'lambda': 6.625424815614388e-07, 'gamma': 2.2771708224507922e-05, 'min_child_weight': 69.12061617863192}. Best is trial 19 with value: 1.2350421490452281.[0m
[32m[I 2023-01-30 12:23:13,833][0m Trial 31 finished with value: 1.299056388373351 and parameters: {'max_depth': 7, 'learning_rate': 0.043167698374857275, 'colsample_bytree': 0.5965542294904653, 'subsample': 0.46773696106044427, 'alpha': 1.855832140808535, 'lambda': 0.011804953675632088, 'gamma': 0.00012374763278586652, 'min_child_weight': 36.57976332584366}. Best is trial 19 with value: 1.2350421490452281.[0m
[32m[I 2023-01-30 12:23:21,296][0m Trial 32 finished with value: 1.2215995627799785 and parameters: {'max_depth': 6, 'learning_rate': 0.04412397830758673, 'colsample_bytree': 0.5612817677019598, 'subsample': 0.46509140488471923, 'alpha': 2.7010459381491647, 'lambda': 0.0014875046306090435, 'gamma': 0.00435252842612332, 'min_child_weight': 21.031040002953386}. Best is trial 32 with value: 1.2215995627799785.[0m
[32m[I 2023-01-30 12:23:24,352][0m Trial 33 finished with value: 1.2983094381384883 and parameters: {'max_depth': 6, 'learning_rate': 0.049963638183678084, 'colsample_bytree': 0.5569724682545996, 'subsample': 0.4285939499291742, 'alpha': 3.0673116428623963, 'lambda': 0.001161468383796636, 'gamma': 0.005581809490579768, 'min_child_weight': 22.41293326167572}. Best is trial 32 with value: 1.2215995627799785.[0m
[32m[I 2023-01-30 12:23:28,215][0m Trial 34 finished with value: 1.3503339719046106 and parameters: {'max_depth': 4, 'learning_rate': 0.03267799420895466, 'colsample_bytree': 0.48651893437431704, 'subsample': 0.4570979786148843, 'alpha': 0.9120050684258125, 'lambda': 0.00011620593437122022, 'gamma': 0.017240398135907664, 'min_child_weight': 13.709731973748772}. Best is trial 32 with value: 1.2215995627799785.[0m
[32m[I 2023-01-30 12:23:29,625][0m Trial 35 finished with value: 16.820864554705008 and parameters: {'max_depth': 5, 'learning_rate': 0.04360551060649791, 'colsample_bytree': 0.553559660027311, 'subsample': 0.44166136566478525, 'alpha': 6.43300492611922, 'lambda': 8.647873175833552e-06, 'gamma': 0.9892657137879635, 'min_child_weight': 502.35620877563537}. Best is trial 32 with value: 1.2215995627799785.[0m
[32m[I 2023-01-30 12:23:33,354][0m Trial 36 finished with value: 1.3191077718188278 and parameters: {'max_depth': 6, 'learning_rate': 0.036024828307166926, 'colsample_bytree': 0.46342870302255734, 'subsample': 0.5025988183466674, 'alpha': 0.5759358878846478, 'lambda': 5.009570279899957e-06, 'gamma': 0.0012366343018819662, 'min_child_weight': 18.320383694243986}. Best is trial 32 with value: 1.2215995627799785.[0m
[32m[I 2023-01-30 12:23:41,049][0m Trial 37 finished with value: 6.81406474103578 and parameters: {'max_depth': 8, 'learning_rate': 0.02604900929421482, 'colsample_bytree': 0.4944414564652673, 'subsample': 0.42198474850489925, 'alpha': 0.3206997185951316, 'lambda': 3.0242349408457824e-05, 'gamma': 0.16268932525950122, 'min_child_weight': 42.91021758282821}. Best is trial 32 with value: 1.2215995627799785.[0m
[32m[I 2023-01-30 12:23:47,514][0m Trial 38 finished with value: 1.297984903194237 and parameters: {'max_depth': 4, 'learning_rate': 0.013614042178231724, 'colsample_bytree': 0.4311949770797122, 'subsample': 0.5469658881716206, 'alpha': 1.1774104801975371, 'lambda': 0.0007343519959334723, 'gamma': 7.367293614461016e-06, 'min_child_weight': 27.10378180785182}. Best is trial 32 with value: 1.2215995627799785.[0m
[32m[I 2023-01-30 12:23:57,073][0m Trial 39 finished with value: 1.3778208640837015 and parameters: {'max_depth': 10, 'learning_rate': 0.009164664711518835, 'colsample_bytree': 0.5106665047778933, 'subsample': 0.4524671836581423, 'alpha': 0.21829907228578466, 'lambda': 0.02572542340465618, 'gamma': 3.213328858929229e-07, 'min_child_weight': 13.07260896316499}. Best is trial 32 with value: 1.2215995627799785.[0m
[32m[I 2023-01-30 12:24:01,919][0m Trial 40 finished with value: 1.3169190276183156 and parameters: {'max_depth': 6, 'learning_rate': 0.04347730625494466, 'colsample_bytree': 0.24742348972533945, 'subsample': 0.7038631633923503, 'alpha': 3.9606417384744197, 'lambda': 0.002677762959207768, 'gamma': 0.0010204140040016463, 'min_child_weight': 19.076915433680284}. Best is trial 32 with value: 1.2215995627799785.[0m
[32m[I 2023-01-30 12:24:05,106][0m Trial 41 finished with value: 1.296841997538164 and parameters: {'max_depth': 7, 'learning_rate': 0.04178354780782737, 'colsample_bytree': 0.5604392747847446, 'subsample': 0.4857735591850779, 'alpha': 2.0192070437970093, 'lambda': 0.16156561363028973, 'gamma': 0.00010800198155064575, 'min_child_weight': 32.699824149807554}. Best is trial 32 with value: 1.2215995627799785.[0m
[32m[I 2023-01-30 12:24:10,811][0m Trial 42 finished with value: 1.2245765062677454 and parameters: {'max_depth': 9, 'learning_rate': 0.04395592156976045, 'colsample_bytree': 0.579008835112689, 'subsample': 0.47037027779092455, 'alpha': 1.5050787875229081, 'lambda': 0.00019446896460341542, 'gamma': 0.004519266407058168, 'min_child_weight': 21.948707761170997}. Best is trial 32 with value: 1.2215995627799785.[0m
[32m[I 2023-01-30 12:24:17,275][0m Trial 43 finished with value: 1.395989858685312 and parameters: {'max_depth': 9, 'learning_rate': 0.021019786552300992, 'colsample_bytree': 0.5369059651639928, 'subsample': 0.7997834948187909, 'alpha': 1.3292424814617954, 'lambda': 2.907761739933321e-05, 'gamma': 0.00594045674319152, 'min_child_weight': 21.66413826421735}. Best is trial 32 with value: 1.2215995627799785.[0m
[32m[I 2023-01-30 12:24:22,737][0m Trial 44 finished with value: 1.34419761151899 and parameters: {'max_depth': 9, 'learning_rate': 0.02376536115360363, 'colsample_bytree': 0.5705439950042435, 'subsample': 0.4008163643089194, 'alpha': 0.8071335294960383, 'lambda': 0.00027749706288074865, 'gamma': 0.021204389434331075, 'min_child_weight': 12.324333089333146}. Best is trial 32 with value: 1.2215995627799785.[0m
[32m[I 2023-01-30 12:24:27,220][0m Trial 45 finished with value: 1.3489016846419921 and parameters: {'max_depth': 9, 'learning_rate': 0.030514225326571245, 'colsample_bytree': 0.4760865048649416, 'subsample': 0.6130173179135473, 'alpha': 0.45293103391699646, 'lambda': 0.00021336687323441475, 'gamma': 0.13089359796023448, 'min_child_weight': 17.8378274317577}. Best is trial 32 with value: 1.2215995627799785.[0m
[32m[I 2023-01-30 12:24:31,396][0m Trial 46 finished with value: 1.285052765027326 and parameters: {'max_depth': 10, 'learning_rate': 0.046624549117933026, 'colsample_bytree': 0.597280970047637, 'subsample': 0.52082925096997, 'alpha': 2.407385093867642, 'lambda': 2.9062757218613117e-06, 'gamma': 2.236992781529563e-06, 'min_child_weight': 25.771437689100797}. Best is trial 32 with value: 1.2215995627799785.[0m
[32m[I 2023-01-30 12:24:32,788][0m Trial 47 finished with value: 16.820864554705008 and parameters: {'max_depth': 8, 'learning_rate': 0.03962779256253491, 'colsample_bytree': 0.536286568546941, 'subsample': 0.4235042849739582, 'alpha': 1.4500392535850664, 'lambda': 0.002506941752449928, 'gamma': 0.0024379613354319593, 'min_child_weight': 103.9758721079986}. Best is trial 32 with value: 1.2215995627799785.[0m
[32m[I 2023-01-30 12:24:41,680][0m Trial 48 finished with value: 1.3017320137357913 and parameters: {'max_depth': 9, 'learning_rate': 0.035541646618687014, 'colsample_bytree': 0.5769851042488555, 'subsample': 0.5094002620482562, 'alpha': 1.0386415092723373, 'lambda': 2.4450938544992416e-07, 'gamma': 2.8944575815132163e-08, 'min_child_weight': 44.36339320144934}. Best is trial 32 with value: 1.2215995627799785.[0m
[32m[I 2023-01-30 12:24:45,236][0m Trial 49 finished with value: 1.3009164674009754 and parameters: {'max_depth': 11, 'learning_rate': 0.045776841437664896, 'colsample_bytree': 0.3484019567930299, 'subsample': 0.5495913779615611, 'alpha': 4.163538874026005, 'lambda': 4.8201208962146904e-05, 'gamma': 0.0003216263232756693, 'min_child_weight': 29.6004900394259}. Best is trial 32 with value: 1.2215995627799785.[0m
[32m[I 2023-01-30 12:24:46,792][0m Trial 50 finished with value: 16.820864554705008 and parameters: {'max_depth': 8, 'learning_rate': 0.031771803608336105, 'colsample_bytree': 0.2131153695877784, 'subsample': 0.47847620620422054, 'alpha': 0.6446627976599594, 'lambda': 0.00014879849403876154, 'gamma': 2.6523633732939508e-05, 'min_child_weight': 66.11280728234951}. Best is trial 32 with value: 1.2215995627799785.[0m
[32m[I 2023-01-30 12:24:52,396][0m Trial 51 finished with value: 1.2660652121771077 and parameters: {'max_depth': 10, 'learning_rate': 0.049919609810494855, 'colsample_bytree': 0.5995768144474091, 'subsample': 0.45403469871910807, 'alpha': 2.7302524385046887, 'lambda': 3.203405329302121e-06, 'gamma': 2.648763623395433e-06, 'min_child_weight': 22.15911608884937}. Best is trial 32 with value: 1.2215995627799785.[0m
[32m[I 2023-01-30 12:25:01,329][0m Trial 52 finished with value: 1.2663724682234196 and parameters: {'max_depth': 10, 'learning_rate': 0.03906200789198236, 'colsample_bytree': 0.5891389946486618, 'subsample': 0.45118310175448206, 'alpha': 6.499228908693759, 'lambda': 4.77513973763685e-06, 'gamma': 3.690452435393807e-07, 'min_child_weight': 20.84361935419482}. Best is trial 32 with value: 1.2215995627799785.[0m
[32m[I 2023-01-30 12:25:07,981][0m Trial 53 finished with value: 1.3162983836623463 and parameters: {'max_depth': 10, 'learning_rate': 0.03897487984601489, 'colsample_bytree': 0.5930568391949008, 'subsample': 0.45492763984686974, 'alpha': 8.845811514976281, 'lambda': 6.939093506071405e-07, 'gamma': 8.617606779054657e-08, 'min_child_weight': 11.822146978122046}. Best is trial 32 with value: 1.2215995627799785.[0m
[32m[I 2023-01-30 12:25:20,776][0m Trial 54 finished with value: 1.2843676768647332 and parameters: {'max_depth': 10, 'learning_rate': 0.04980366484678624, 'colsample_bytree': 0.5677706916040194, 'subsample': 0.46548258650273977, 'alpha': 5.567141386554742, 'lambda': 3.348761715442381e-06, 'gamma': 2.9468861380858543e-07, 'min_child_weight': 16.24764396621257}. Best is trial 32 with value: 1.2215995627799785.[0m
[32m[I 2023-01-30 12:25:33,971][0m Trial 55 finished with value: 1.3039930333621073 and parameters: {'max_depth': 12, 'learning_rate': 0.03486472885446396, 'colsample_bytree': 0.5843841584820494, 'subsample': 0.44353983164165683, 'alpha': 5.234472459083964, 'lambda': 1.4016928193310221e-05, 'gamma': 6.35197675168218e-07, 'min_child_weight': 37.91166691239084}. Best is trial 32 with value: 1.2215995627799785.[0m
[32m[I 2023-01-30 12:25:38,419][0m Trial 56 finished with value: 1.298428231994015 and parameters: {'max_depth': 11, 'learning_rate': 0.046006811758718284, 'colsample_bytree': 0.5436724693592574, 'subsample': 0.4998235207480686, 'alpha': 3.3779294473118977, 'lambda': 1.0455864091691698e-08, 'gamma': 1.7187683490350456e-06, 'min_child_weight': 27.867214727755215}. Best is trial 32 with value: 1.2215995627799785.[0m
[32m[I 2023-01-30 12:26:40,945][0m Trial 57 finished with value: 1.3498612063578788 and parameters: {'max_depth': 10, 'learning_rate': 0.03877207093944568, 'colsample_bytree': 0.2716016262686815, 'subsample': 0.5352581572726011, 'alpha': 2.329483795381107, 'lambda': 0.025478005604343743, 'gamma': 3.174273830965055e-08, 'min_child_weight': 10.174741707534453}. Best is trial 32 with value: 1.2215995627799785.[0m
