[32m[I 2023-01-30 08:58:39,698][0m Trial 18 finished with value: 18.180926482123805 and parameters: {'max_depth': 5, 'learning_rate': 0.0051606367313989905, 'colsample_bytree': 0.3112918956901577, 'subsample': 0.6687100874033514, 'alpha': 0.028404698571591478, 'lambda': 1.019201326174933e-06, 'gamma': 0.35634620867407674, 'min_child_weight': 43.754182892889915}. Best is trial 0 with value: 18.180926482123805.[0m
[32m[I 2023-01-30 08:58:42,205][0m Trial 19 finished with value: 18.180926482123805 and parameters: {'max_depth': 10, 'learning_rate': 0.0072910359118713896, 'colsample_bytree': 0.3595324726333705, 'subsample': 0.5106169777639771, 'alpha': 0.13070455195390873, 'lambda': 0.002643099491520824, 'gamma': 0.007439150908343342, 'min_child_weight': 474.49997735501915}. Best is trial 0 with value: 18.180926482123805.[0m
[32m[I 2023-01-30 08:58:44,353][0m Trial 20 finished with value: 18.180926482123805 and parameters: {'max_depth': 7, 'learning_rate': 0.031343905100625305, 'colsample_bytree': 0.5559055339608177, 'subsample': 0.7899467330062055, 'alpha': 0.5797365045016953, 'lambda': 3.7370662256265645e-05, 'gamma': 0.000110757925946024, 'min_child_weight': 179.66949102116158}. Best is trial 0 with value: 18.180926482123805.[0m
[32m[I 2023-01-30 08:58:46,255][0m Trial 21 finished with value: 18.180926482123805 and parameters: {'max_depth': 5, 'learning_rate': 0.005032040461114765, 'colsample_bytree': 0.4541953736439387, 'subsample': 0.7149940892225515, 'alpha': 2.007711454020773, 'lambda': 3.471814656915809e-06, 'gamma': 0.27117808891233314, 'min_child_weight': 39.22650802608807}. Best is trial 0 with value: 18.180926482123805.[0m
[32m[I 2023-01-30 08:58:47,998][0m Trial 22 finished with value: 18.180926482123805 and parameters: {'max_depth': 10, 'learning_rate': 0.0070357205599098005, 'colsample_bytree': 0.34860522286133694, 'subsample': 0.6145647954502296, 'alpha': 0.13213777541753416, 'lambda': 0.0014938042933571945, 'gamma': 0.914463366505968, 'min_child_weight': 45.18038096781}. Best is trial 0 with value: 18.180926482123805.[0m
[32m[I 2023-01-30 08:58:50,036][0m Trial 23 finished with value: 18.180926482123805 and parameters: {'max_depth': 10, 'learning_rate': 0.008324710518319267, 'colsample_bytree': 0.5549654634463678, 'subsample': 0.5494389156124619, 'alpha': 0.4378746344308204, 'lambda': 2.6057545565619602e-05, 'gamma': 0.01326420425108214, 'min_child_weight': 122.29190017182744}. Best is trial 0 with value: 18.180926482123805.[0m
[32m[I 2023-01-30 08:59:55,510][0m Trial 24 finished with value: 0.6019623193525586 and parameters: {'max_depth': 5, 'learning_rate': 0.005712981274295046, 'colsample_bytree': 0.5247300635449552, 'subsample': 0.7247948292695597, 'alpha': 2.287342857383788, 'lambda': 1.2240933436961838e-05, 'gamma': 8.136319563956004e-06, 'min_child_weight': 10.89401728403563}. Best is trial 24 with value: 0.6019623193525586.[0m
[32m[I 2023-01-30 09:01:13,021][0m Trial 25 finished with value: 0.640741358538139 and parameters: {'max_depth': 5, 'learning_rate': 0.006085366628332075, 'colsample_bytree': 0.4462561691118646, 'subsample': 0.7196036577376242, 'alpha': 3.6599779371488363, 'lambda': 0.00047829686260069125, 'gamma': 0.9821126450585297, 'min_child_weight': 10.520231700769228}. Best is trial 24 with value: 0.6019623193525586.[0m
[32m[I 2023-01-30 09:01:14,371][0m Trial 26 finished with value: 18.180926482123805 and parameters: {'max_depth': 4, 'learning_rate': 0.008430419891874803, 'colsample_bytree': 0.5223703140761151, 'subsample': 0.7176900812339055, 'alpha': 5.776820575387804, 'lambda': 9.468689347955006, 'gamma': 5.3122875715813796e-06, 'min_child_weight': 24.47165469689411}. Best is trial 24 with value: 0.6019623193525586.[0m
[32m[I 2023-01-30 09:05:16,578][0m Trial 27 finished with value: 0.6218409196509121 and parameters: {'max_depth': 5, 'learning_rate': 0.006044686689551462, 'colsample_bytree': 0.4316389026151337, 'subsample': 0.7442186033654484, 'alpha': 3.2281023432799736, 'lambda': 0.0006332988308305145, 'gamma': 2.3721531895136886e-07, 'min_child_weight': 10.353871245815144}. Best is trial 24 with value: 0.6019623193525586.[0m
[32m[I 2023-01-30 09:06:24,997][0m Trial 28 finished with value: 0.6271532625743838 and parameters: {'max_depth': 5, 'learning_rate': 0.006165228013464288, 'colsample_bytree': 0.44425127115447005, 'subsample': 0.7483498280522963, 'alpha': 3.1277685878230153, 'lambda': 0.0005900573305585903, 'gamma': 2.2322291602240775e-07, 'min_child_weight': 11.049783725011007}. Best is trial 24 with value: 0.6019623193525586.[0m
[32m[I 2023-01-30 09:06:57,370][0m Trial 29 finished with value: 0.5921227647333768 and parameters: {'max_depth': 4, 'learning_rate': 0.005859750919996294, 'colsample_bytree': 0.509562688777141, 'subsample': 0.7486435302699196, 'alpha': 1.588354964415388, 'lambda': 0.20877725375644648, 'gamma': 9.407637742272555e-08, 'min_child_weight': 10.920233715464983}. Best is trial 29 with value: 0.5921227647333768.[0m
[32m[I 2023-01-30 09:06:58,734][0m Trial 30 finished with value: 17.39527393915823 and parameters: {'max_depth': 4, 'learning_rate': 0.012016417219788035, 'colsample_bytree': 0.5054698374483929, 'subsample': 0.6887438671108658, 'alpha': 1.1190494129356248, 'lambda': 0.5468659819003235, 'gamma': 2.4683032895265297e-08, 'min_child_weight': 14.115845897856065}. Best is trial 29 with value: 0.5921227647333768.[0m
[32m[I 2023-01-30 09:08:25,425][0m Trial 31 finished with value: 0.6108601429143594 and parameters: {'max_depth': 5, 'learning_rate': 0.006026487261916117, 'colsample_bytree': 0.5243961230458595, 'subsample': 0.7513345855614614, 'alpha': 3.096749779453795, 'lambda': 0.2705491014252109, 'gamma': 1.6387907846118443e-07, 'min_child_weight': 10.259390132143828}. Best is trial 29 with value: 0.5921227647333768.[0m
[32m[I 2023-01-30 09:08:27,620][0m Trial 32 finished with value: 16.87677134111112 and parameters: {'max_depth': 4, 'learning_rate': 0.006035669896292699, 'colsample_bytree': 0.5293617599572197, 'subsample': 0.7478846738814857, 'alpha': 4.477785232086904, 'lambda': 0.2571125011189444, 'gamma': 1.7174432623019849e-07, 'min_child_weight': 14.897658798531339}. Best is trial 29 with value: 0.5921227647333768.[0m
[32m[I 2023-01-30 09:08:28,960][0m Trial 33 finished with value: 18.180926482123805 and parameters: {'max_depth': 6, 'learning_rate': 0.008723928727247414, 'colsample_bytree': 0.5873205224806674, 'subsample': 0.7941897019015807, 'alpha': 1.3999135508636147, 'lambda': 0.023125712663998405, 'gamma': 9.42484000543171e-07, 'min_child_weight': 27.473154441454604}. Best is trial 29 with value: 0.5921227647333768.[0m
[32m[I 2023-01-30 09:10:04,630][0m Trial 34 finished with value: 0.8952148206825246 and parameters: {'max_depth': 5, 'learning_rate': 0.005884693455612869, 'colsample_bytree': 0.5431351029675359, 'subsample': 0.7639602672232083, 'alpha': 7.565966577327737, 'lambda': 0.4496056818959082, 'gamma': 5.76993541877488e-08, 'min_child_weight': 13.72779401478262}. Best is trial 29 with value: 0.5921227647333768.[0m
[32m[I 2023-01-30 09:10:06,558][0m Trial 35 finished with value: 18.180926482123805 and parameters: {'max_depth': 4, 'learning_rate': 0.00916188738394402, 'colsample_bytree': 0.5124930278029974, 'subsample': 0.7282660990267799, 'alpha': 2.4856039777012486, 'lambda': 0.18442980154874636, 'gamma': 7.589888703596971e-07, 'min_child_weight': 20.82368210531369}. Best is trial 29 with value: 0.5921227647333768.[0m
[32m[I 2023-01-30 09:10:08,828][0m Trial 36 finished with value: 18.180926482123805 and parameters: {'max_depth': 7, 'learning_rate': 0.012792306832215447, 'colsample_bytree': 0.49554344117160715, 'subsample': 0.6861737827630003, 'alpha': 1.0935628329575022, 'lambda': 0.0065020589416835755, 'gamma': 5.788634588704104e-08, 'min_child_weight': 31.01895570620352}. Best is trial 29 with value: 0.5921227647333768.[0m
[32m[I 2023-01-30 09:10:10,484][0m Trial 37 finished with value: 18.180926482123805 and parameters: {'max_depth': 5, 'learning_rate': 0.005689606695366122, 'colsample_bytree': 0.5693313680924563, 'subsample': 0.7682611993893246, 'alpha': 5.148335131959724, 'lambda': 2.790129883455209, 'gamma': 8.508117738967991e-06, 'min_child_weight': 17.75874663145467}. Best is trial 29 with value: 0.5921227647333768.[0m
[32m[I 2023-01-30 09:11:13,954][0m Trial 38 finished with value: 1.1065125600423127 and parameters: {'max_depth': 6, 'learning_rate': 0.006865850600822417, 'colsample_bytree': 0.42414283023204014, 'subsample': 0.696881007985895, 'alpha': 9.951287066938034, 'lambda': 0.07758721119199256, 'gamma': 2.3107674257069022e-06, 'min_child_weight': 10.16066455189727}. Best is trial 29 with value: 0.5921227647333768.[0m
[32m[I 2023-01-30 09:11:15,974][0m Trial 39 finished with value: 17.405972167086784 and parameters: {'max_depth': 4, 'learning_rate': 0.007774485578592191, 'colsample_bytree': 0.46517294468420184, 'subsample': 0.6290469636240665, 'alpha': 2.472470005290685, 'lambda': 0.011003995898114023, 'gamma': 2.1155393081686534e-05, 'min_child_weight': 13.186627261741672}. Best is trial 29 with value: 0.5921227647333768.[0m
[32m[I 2023-01-30 09:11:17,938][0m Trial 40 finished with value: 18.180926482123805 and parameters: {'max_depth': 6, 'learning_rate': 0.01850584704399645, 'colsample_bytree': 0.5997097838454566, 'subsample': 0.742031185402024, 'alpha': 1.0850492818143662, 'lambda': 6.79849827743499e-06, 'gamma': 8.094815142370679e-08, 'min_child_weight': 17.96420317942818}. Best is trial 29 with value: 0.5921227647333768.[0m
[32m[I 2023-01-30 09:12:20,431][0m Trial 41 finished with value: 0.628468288427617 and parameters: {'max_depth': 5, 'learning_rate': 0.006373505205440846, 'colsample_bytree': 0.4388743270766079, 'subsample': 0.7590162278834741, 'alpha': 3.5665713879134655, 'lambda': 0.0007752460913216837, 'gamma': 3.193864037611801e-07, 'min_child_weight': 10.393049026005315}. Best is trial 29 with value: 0.5921227647333768.[0m
[32m[I 2023-01-30 09:15:13,892][0m Trial 42 finished with value: 0.6285522150751881 and parameters: {'max_depth': 5, 'learning_rate': 0.005493873869955628, 'colsample_bytree': 0.38875364804376217, 'subsample': 0.7344468627500943, 'alpha': 2.783362898932701, 'lambda': 0.00010717415338504756, 'gamma': 7.151992767121837e-07, 'min_child_weight': 12.732599297966605}. Best is trial 29 with value: 0.5921227647333768.[0m
[32m[I 2023-01-30 09:15:18,674][0m Trial 43 finished with value: 18.180926482123805 and parameters: {'max_depth': 4, 'learning_rate': 0.006639691681101077, 'colsample_bytree': 0.49150207072392565, 'subsample': 0.7997834948187909, 'alpha': 6.921374223182881, 'lambda': 1.4667933493613288, 'gamma': 1.068776662247315e-08, 'min_child_weight': 22.751459906098933}. Best is trial 29 with value: 0.5921227647333768.[0m
[32m[I 2023-01-30 09:15:22,120][0m Trial 44 finished with value: 18.180926482123805 and parameters: {'max_depth': 5, 'learning_rate': 0.009519051163901511, 'colsample_bytree': 0.4658830398711591, 'subsample': 0.7677087692055685, 'alpha': 1.8415297780734778, 'lambda': 0.005091454679636719, 'gamma': 2.3332745226568375e-07, 'min_child_weight': 16.39884557176364}. Best is trial 29 with value: 0.5921227647333768.[0m
[32m[I 2023-01-30 09:20:15,980][0m Trial 45 finished with value: 0.6578036320484866 and parameters: {'max_depth': 6, 'learning_rate': 0.0056383479357065575, 'colsample_bytree': 0.5355006581169409, 'subsample': 0.7067255599328419, 'alpha': 3.3978720378985146, 'lambda': 0.07730224860781168, 'gamma': 1.1815246447004726e-07, 'min_child_weight': 12.182797187406944}. Best is trial 29 with value: 0.5921227647333768.[0m
[32m[I 2023-01-30 09:20:19,025][0m Trial 46 finished with value: 18.180926482123805 and parameters: {'max_depth': 4, 'learning_rate': 0.006600823462234024, 'colsample_bytree': 0.405189220069521, 'subsample': 0.6478327266272208, 'alpha': 1.4549993852635774, 'lambda': 0.00038985799171694036, 'gamma': 2.057176446128279e-06, 'min_child_weight': 34.317995724322806}. Best is trial 29 with value: 0.5921227647333768.[0m
[32m[I 2023-01-30 09:20:22,067][0m Trial 47 finished with value: 18.180926482123805 and parameters: {'max_depth': 8, 'learning_rate': 0.007823211291622239, 'colsample_bytree': 0.5099156181471933, 'subsample': 0.7795561076691081, 'alpha': 0.8743657752345869, 'lambda': 0.017531598613951153, 'gamma': 0.0008634629135044337, 'min_child_weight': 71.29014232701485}. Best is trial 29 with value: 0.5921227647333768.[0m
[32m[I 2023-01-30 09:23:48,591][0m Trial 48 finished with value: 0.6863327051991754 and parameters: {'max_depth': 6, 'learning_rate': 0.005471136774249949, 'colsample_bytree': 0.4830794785903893, 'subsample': 0.7495682988691471, 'alpha': 4.613899653087579, 'lambda': 5.714338222298711e-06, 'gamma': 3.4195961902163895e-08, 'min_child_weight': 11.497080441625183}. Best is trial 29 with value: 0.5921227647333768.[0m
[32m[I 2023-01-30 09:23:51,543][0m Trial 49 finished with value: 18.180926482123805 and parameters: {'max_depth': 5, 'learning_rate': 0.006325771019011487, 'colsample_bytree': 0.42594756233654707, 'subsample': 0.40518112846101695, 'alpha': 0.3864170956663682, 'lambda': 5.4759487494372664e-05, 'gamma': 5.36957039324503e-07, 'min_child_weight': 20.262722113508023}. Best is trial 29 with value: 0.5921227647333768.[0m
[32m[I 2023-01-30 09:23:54,966][0m Trial 50 finished with value: 18.180926482123805 and parameters: {'max_depth': 4, 'learning_rate': 0.0075147964247562525, 'colsample_bytree': 0.38082236580259643, 'subsample': 0.681848648378245, 'alpha': 2.761893972828233, 'lambda': 7.702394314106011, 'gamma': 3.80004134598363e-05, 'min_child_weight': 62.628484320725605}. Best is trial 29 with value: 0.5921227647333768.[0m
[32m[I 2023-01-30 09:27:07,522][0m Trial 51 finished with value: 0.632768271766228 and parameters: {'max_depth': 5, 'learning_rate': 0.006021178211196531, 'colsample_bytree': 0.4382535703460116, 'subsample': 0.75713279348776, 'alpha': 3.727241902034009, 'lambda': 0.0010904707164333901, 'gamma': 3.1278477030884655e-07, 'min_child_weight': 10.352104228097648}. Best is trial 29 with value: 0.5921227647333768.[0m
[32m[I 2023-01-30 09:27:11,817][0m Trial 52 finished with value: 17.959794872284014 and parameters: {'max_depth': 5, 'learning_rate': 0.006534383353391987, 'colsample_bytree': 0.4402935004415467, 'subsample': 0.7320049816888535, 'alpha': 2.0576928267046397, 'lambda': 0.0004496834481976487, 'gamma': 2.4327182631771577e-06, 'min_child_weight': 15.228056449585154}. Best is trial 29 with value: 0.5921227647333768.[0m
[32m[I 2023-01-30 09:30:16,308][0m Trial 53 finished with value: 0.8200208914281356 and parameters: {'max_depth': 5, 'learning_rate': 0.005081632331932484, 'colsample_bytree': 0.4704015129283505, 'subsample': 0.7724391994997641, 'alpha': 7.127606665468251, 'lambda': 0.00018447638269046389, 'gamma': 1.4513325676364296e-07, 'min_child_weight': 10.236188965908678}. Best is trial 29 with value: 0.5921227647333768.[0m
[32m[I 2023-01-30 09:30:20,136][0m Trial 54 finished with value: 18.180926482123805 and parameters: {'max_depth': 6, 'learning_rate': 0.007134029130890211, 'colsample_bytree': 0.4562044999995742, 'subsample': 0.7059939747548701, 'alpha': 3.3777485006959096, 'lambda': 1.2058531445745186e-05, 'gamma': 3.8326515836677054e-07, 'min_child_weight': 16.26454986328678}. Best is trial 29 with value: 0.5921227647333768.[0m
[32m[I 2023-01-30 09:31:59,447][0m Trial 55 finished with value: 0.5990566058408405 and parameters: {'max_depth': 4, 'learning_rate': 0.005407251356443234, 'colsample_bytree': 0.5515977664284706, 'subsample': 0.753169923428438, 'alpha': 1.6056910843078243, 'lambda': 0.0007693387151185165, 'gamma': 3.178579666648178e-08, 'min_child_weight': 11.818992408720254}. Best is trial 29 with value: 0.5921227647333768.[0m
[32m[I 2023-01-30 09:36:59,710][0m Trial 56 finished with value: 0.6194715418761343 and parameters: {'max_depth': 4, 'learning_rate': 0.0052821794506701745, 'colsample_bytree': 0.5708457851161518, 'subsample': 0.6652183375375961, 'alpha': 1.463889499048521, 'lambda': 0.002503757780161391, 'gamma': 1.7268328393899664e-08, 'min_child_weight': 12.478286333409883}. Best is trial 29 with value: 0.5921227647333768.[0m
[32m[I 2023-01-30 09:44:08,425][0m Trial 57 finished with value: 0.6021447813632028 and parameters: {'max_depth': 4, 'learning_rate': 0.0054083889485200725, 'colsample_bytree': 0.5670154769387653, 'subsample': 0.6687991369221924, 'alpha': 0.7681015766395014, 'lambda': 0.0024134621488640863, 'gamma': 2.3060042103449632e-08, 'min_child_weight': 12.994689397856003}. Best is trial 29 with value: 0.5921227647333768.[0m
[32m[I 2023-01-30 09:44:11,302][0m Trial 58 finished with value: 18.180926482123805 and parameters: {'max_depth': 4, 'learning_rate': 0.00531544284837948, 'colsample_bytree': 0.569997055147427, 'subsample': 0.6650698055762856, 'alpha': 0.5655107912034251, 'lambda': 0.003193359813000962, 'gamma': 2.0574827167419452e-08, 'min_child_weight': 26.670833667584294}. Best is trial 29 with value: 0.5921227647333768.[0m
[32m[I 2023-01-30 09:44:13,810][0m Trial 59 finished with value: 18.180926482123805 and parameters: {'max_depth': 4, 'learning_rate': 0.0050766015609263904, 'colsample_bytree': 0.5513325989582154, 'subsample': 0.6495861724574141, 'alpha': 0.2539133687205865, 'lambda': 0.03974971405479663, 'gamma': 1.0063843918352499e-08, 'min_child_weight': 22.046966692326478}. Best is trial 29 with value: 0.5921227647333768.[0m
[32m[I 2023-01-30 09:49:00,675][0m Trial 60 finished with value: 0.6222940370391771 and parameters: {'max_depth': 4, 'learning_rate': 0.005457965334021599, 'colsample_bytree': 0.5718896478702541, 'subsample': 0.6231065837787748, 'alpha': 0.8035948672836302, 'lambda': 0.11714227803093569, 'gamma': 3.685589679599463e-08, 'min_child_weight': 12.823765263567834}. Best is trial 29 with value: 0.5921227647333768.[0m
[32m[I 2023-01-30 09:49:03,939][0m Trial 61 finished with value: 18.180926482123805 and parameters: {'max_depth': 4, 'learning_rate': 0.005867679546750627, 'colsample_bytree': 0.5252644457357617, 'subsample': 0.7265499048880987, 'alpha': 1.4523000956830567, 'lambda': 0.00021703221314403983, 'gamma': 6.687967987328812e-08, 'min_child_weight': 18.29214656927292}. Best is trial 29 with value: 0.5921227647333768.[0m
[32m[I 2023-01-30 09:49:06,620][0m Trial 62 finished with value: 18.180926482123805 and parameters: {'max_depth': 4, 'learning_rate': 0.026088667049329797, 'colsample_bytree': 0.5455770783520925, 'subsample': 0.5655691670254399, 'alpha': 1.6020607477969322, 'lambda': 4.3297601998586614e-08, 'gamma': 4.5582061040189464e-08, 'min_child_weight': 14.670844215657235}. Best is trial 29 with value: 0.5921227647333768.[0m
[32m[I 2023-01-30 09:49:27,308][0m Trial 63 finished with value: 18.180926482123805 and parameters: {'max_depth': 4, 'learning_rate': 0.007146845117263887, 'colsample_bytree': 0.5607339967562424, 'subsample': 0.7013396503518617, 'alpha': 2.1435342993072295, 'lambda': 0.001685597635459641, 'gamma': 2.0698057422543963e-08, 'min_child_weight': 218.86328021826662}. Best is trial 29 with value: 0.5921227647333768.[0m
[32m[I 2023-01-30 09:49:41,543][0m Trial 64 finished with value: 15.33388089737241 and parameters: {'max_depth': 4, 'learning_rate': 0.005025794993983902, 'colsample_bytree': 0.5795913288743257, 'subsample': 0.5863804734044723, 'alpha': 1.1682618537484335, 'lambda': 0.0031976579247501315, 'gamma': 1.0764568669753527e-06, 'min_child_weight': 12.138927909919255}. Best is trial 29 with value: 0.5921227647333768.[0m
[32m[I 2023-01-30 09:49:44,436][0m Trial 65 finished with value: 18.180926482123805 and parameters: {'max_depth': 9, 'learning_rate': 0.04711246893897427, 'colsample_bytree': 0.5885781167652997, 'subsample': 0.7142559956707194, 'alpha': 1.7841787127360045, 'lambda': 0.01181581676343718, 'gamma': 9.993301097054835e-08, 'min_child_weight': 15.882636455024596}. Best is trial 29 with value: 0.5921227647333768.[0m
[32m[I 2023-01-30 09:50:37,787][0m Trial 66 finished with value: 0.5930058536135071 and parameters: {'max_depth': 5, 'learning_rate': 0.008152997514222052, 'colsample_bytree': 0.535785731267766, 'subsample': 0.6762297815968252, 'alpha': 0.6369807587641275, 'lambda': 1.1512828963570514e-06, 'gamma': 0.00027759746171957954, 'min_child_weight': 11.784113182169156}. Best is trial 29 with value: 0.5921227647333768.[0m
[32m[I 2023-01-30 09:52:17,013][0m Trial 67 finished with value: 0.5971795780272424 and parameters: {'max_depth': 5, 'learning_rate': 0.008134684563690675, 'colsample_bytree': 0.5323996270869266, 'subsample': 0.6768095359986812, 'alpha': 0.5502391714986823, 'lambda': 8.337914763100501e-08, 'gamma': 0.000227628803329611, 'min_child_weight': 12.103449467773181}. Best is trial 29 with value: 0.5921227647333768.[0m
[32m[I 2023-01-30 09:52:20,059][0m Trial 68 finished with value: 18.180926482123805 and parameters: {'max_depth': 7, 'learning_rate': 0.011264139450014617, 'colsample_bytree': 0.5186594229233241, 'subsample': 0.6412312251876159, 'alpha': 0.5142087184085619, 'lambda': 1.983193514411111e-07, 'gamma': 0.00045850623015593274, 'min_child_weight': 19.44988786398145}. Best is trial 29 with value: 0.5921227647333768.[0m
[32m[I 2023-01-30 09:55:50,941][0m Trial 69 finished with value: 0.5988611634817721 and parameters: {'max_depth': 6, 'learning_rate': 0.008066457151335516, 'colsample_bytree': 0.5363981362508636, 'subsample': 0.6829785696937255, 'alpha': 0.3267933957272236, 'lambda': 9.090660406358932e-07, 'gamma': 0.00156547506841393, 'min_child_weight': 13.472816468360353}. Best is trial 29 with value: 0.5921227647333768.[0m
