[32m[I 2023-01-30 12:08:49,342][0m Trial 9 finished with value: 29.205914102041312 and parameters: {'max_depth': 12, 'learning_rate': 0.040398899586500135, 'colsample_bytree': 0.40713570785418746, 'subsample': 0.4235077964948132, 'alpha': 1.6713931146681782, 'lambda': 0.05220786063595881, 'gamma': 6.757110406953963e-05, 'min_child_weight': 153.35914002613805}. Best is trial 2 with value: 0.268444910149562.[0m
[32m[I 2023-01-30 12:08:57,986][0m Trial 10 finished with value: 0.2669875406254336 and parameters: {'max_depth': 9, 'learning_rate': 0.04816832914567595, 'colsample_bytree': 0.30938945494506476, 'subsample': 0.5236211488460568, 'alpha': 1.0756082087934706, 'lambda': 5.987070125610998, 'gamma': 1.0676973389236319e-08, 'min_child_weight': 10.247188554523198}. Best is trial 10 with value: 0.2669875406254336.[0m
[32m[I 2023-01-30 12:09:03,900][0m Trial 11 finished with value: 0.2624195669314992 and parameters: {'max_depth': 9, 'learning_rate': 0.04784455548984856, 'colsample_bytree': 0.3100217763470918, 'subsample': 0.5243516535756538, 'alpha': 1.2318833059244463, 'lambda': 9.718541847119443, 'gamma': 1.2536551007490072e-08, 'min_child_weight': 10.820984738272562}. Best is trial 11 with value: 0.2624195669314992.[0m
[32m[I 2023-01-30 12:09:31,801][0m Trial 12 finished with value: 0.27982309052294235 and parameters: {'max_depth': 9, 'learning_rate': 0.034937316478278, 'colsample_bytree': 0.3192098376511701, 'subsample': 0.5231852165736808, 'alpha': 3.0563111060842103, 'lambda': 8.599095516296309, 'gamma': 1.0206892217229506e-08, 'min_child_weight': 10.256484399738364}. Best is trial 11 with value: 0.2624195669314992.[0m
[32m[I 2023-01-30 12:09:34,873][0m Trial 13 finished with value: 0.30458005007836786 and parameters: {'max_depth': 10, 'learning_rate': 0.048479343448574005, 'colsample_bytree': 0.35519137988412364, 'subsample': 0.5291175380795688, 'alpha': 0.4631425640446561, 'lambda': 4.775387507606958, 'gamma': 1.0153415350239514e-08, 'min_child_weight': 38.91001582664115}. Best is trial 11 with value: 0.2624195669314992.[0m
[32m[I 2023-01-30 12:09:45,338][0m Trial 14 finished with value: 0.2812881166278768 and parameters: {'max_depth': 8, 'learning_rate': 0.03184753289442927, 'colsample_bytree': 0.4268212488617268, 'subsample': 0.5178798847040464, 'alpha': 2.8608172101656963, 'lambda': 0.61606530442315, 'gamma': 2.421729485484976e-07, 'min_child_weight': 10.508693521079442}. Best is trial 11 with value: 0.2624195669314992.[0m
[32m[I 2023-01-30 12:10:59,237][0m Trial 15 finished with value: 0.3063280445730389 and parameters: {'max_depth': 10, 'learning_rate': 0.011271800805004284, 'colsample_bytree': 0.20123640386512495, 'subsample': 0.49825620767284706, 'alpha': 0.29950764690355297, 'lambda': 0.4805290548518761, 'gamma': 3.6929292409393804, 'min_child_weight': 31.815991218242004}. Best is trial 11 with value: 0.2624195669314992.[0m
[32m[I 2023-01-30 12:11:02,789][0m Trial 16 finished with value: 0.3057617223950133 and parameters: {'max_depth': 7, 'learning_rate': 0.0326217227638238, 'colsample_bytree': 0.29507222453496124, 'subsample': 0.5694183170109816, 'alpha': 1.0424146994971248, 'lambda': 0.0015560920436770752, 'gamma': 1.369018541905103e-07, 'min_child_weight': 40.93630048848842}. Best is trial 11 with value: 0.2624195669314992.[0m
[32m[I 2023-01-30 12:11:26,214][0m Trial 17 finished with value: 0.31877598363382226 and parameters: {'max_depth': 10, 'learning_rate': 0.014440883618056576, 'colsample_bytree': 0.37397157349312854, 'subsample': 0.4834996355109532, 'alpha': 9.307799649558884, 'lambda': 0.5311541964393339, 'gamma': 6.7910266831148706e-06, 'min_child_weight': 18.473792041406114}. Best is trial 11 with value: 0.2624195669314992.[0m
[32m[I 2023-01-30 12:11:32,217][0m Trial 18 finished with value: 0.2845328176015867 and parameters: {'max_depth': 8, 'learning_rate': 0.029079224155694586, 'colsample_bytree': 0.3049260872203813, 'subsample': 0.5600428001616802, 'alpha': 0.18269674634944189, 'lambda': 7.904587168600862, 'gamma': 6.534109547099479e-08, 'min_child_weight': 25.366654621177712}. Best is trial 11 with value: 0.2624195669314992.[0m
[32m[I 2023-01-30 12:11:50,880][0m Trial 19 finished with value: 0.32100891612117055 and parameters: {'max_depth': 4, 'learning_rate': 0.0492534334989642, 'colsample_bytree': 0.44493336669382566, 'subsample': 0.6330489937366258, 'alpha': 4.880436734907548, 'lambda': 0.00013959022342253122, 'gamma': 1.7210211484980376e-06, 'min_child_weight': 57.734383667517}. Best is trial 11 with value: 0.2624195669314992.[0m
[32m[I 2023-01-30 12:11:51,922][0m Trial 20 finished with value: 29.205914102041312 and parameters: {'max_depth': 9, 'learning_rate': 0.040045226508988375, 'colsample_bytree': 0.5187502962527242, 'subsample': 0.6812600945711295, 'alpha': 0.6679658402055295, 'lambda': 0.12644974971016598, 'gamma': 3.8407518605327186e-08, 'min_child_weight': 140.28900292859026}. Best is trial 11 with value: 0.2624195669314992.[0m
[32m[I 2023-01-30 12:11:55,879][0m Trial 21 finished with value: 0.26970783981032015 and parameters: {'max_depth': 9, 'learning_rate': 0.0426137359157636, 'colsample_bytree': 0.2786701584434453, 'subsample': 0.40980882917255945, 'alpha': 1.171129008973425, 'lambda': 0.004254472432286354, 'gamma': 5.855501532410078e-07, 'min_child_weight': 15.86623769688147}. Best is trial 11 with value: 0.2624195669314992.[0m
[32m[I 2023-01-30 12:11:59,215][0m Trial 22 finished with value: 0.2797282069232518 and parameters: {'max_depth': 9, 'learning_rate': 0.047382429666708976, 'colsample_bytree': 0.32694020267641083, 'subsample': 0.4723574944297688, 'alpha': 0.5794226592898946, 'lambda': 0.0054858639409218184, 'gamma': 4.0057759779231864e-08, 'min_child_weight': 13.658764101099983}. Best is trial 11 with value: 0.2624195669314992.[0m
[32m[I 2023-01-30 12:12:59,851][0m Trial 23 finished with value: 0.2862037720197005 and parameters: {'max_depth': 11, 'learning_rate': 0.027867028415577758, 'colsample_bytree': 0.2612036213987961, 'subsample': 0.5450548335564466, 'alpha': 1.840867020966368, 'lambda': 1.2763659876469224, 'gamma': 2.8877157429047005e-07, 'min_child_weight': 24.224977342930917}. Best is trial 11 with value: 0.2624195669314992.[0m
[32m[I 2023-01-30 12:13:04,135][0m Trial 24 finished with value: 0.26876974309319007 and parameters: {'max_depth': 7, 'learning_rate': 0.03704688876432197, 'colsample_bytree': 0.3579533231948265, 'subsample': 0.4625364802058222, 'alpha': 0.9271034735195146, 'lambda': 0.027401544488551612, 'gamma': 1.0113417013961422e-06, 'min_child_weight': 10.181829664555625}. Best is trial 11 with value: 0.2624195669314992.[0m
[32m[I 2023-01-30 12:13:09,515][0m Trial 25 finished with value: 0.28441735911868615 and parameters: {'max_depth': 7, 'learning_rate': 0.017609845147142585, 'colsample_bytree': 0.28800123720878884, 'subsample': 0.5008228326480314, 'alpha': 0.11605160953630206, 'lambda': 2.490912822782219, 'gamma': 1.7611016313318056e-08, 'min_child_weight': 22.50257110145223}. Best is trial 11 with value: 0.2624195669314992.[0m
[32m[I 2023-01-30 12:13:14,022][0m Trial 26 finished with value: 0.2693700270884497 and parameters: {'max_depth': 10, 'learning_rate': 0.039780498633631985, 'colsample_bytree': 0.2383013526636949, 'subsample': 0.6031935720167992, 'alpha': 0.39008923636993004, 'lambda': 0.28890272802920214, 'gamma': 3.5835800079854777e-05, 'min_child_weight': 14.234698799650802}. Best is trial 11 with value: 0.2624195669314992.[0m
[32m[I 2023-01-30 12:13:14,956][0m Trial 27 finished with value: 29.205914102041312 and parameters: {'max_depth': 11, 'learning_rate': 0.02746927524523997, 'colsample_bytree': 0.3292894860242501, 'subsample': 0.40571297953099494, 'alpha': 2.193512145563887, 'lambda': 0.0011738126305300782, 'gamma': 1.1874918364219243e-07, 'min_child_weight': 51.15877482483161}. Best is trial 11 with value: 0.2624195669314992.[0m
[32m[I 2023-01-30 12:13:19,348][0m Trial 28 finished with value: 0.3094200371946429 and parameters: {'max_depth': 8, 'learning_rate': 0.04936037287678563, 'colsample_bytree': 0.2663952557412195, 'subsample': 0.44244869483690347, 'alpha': 4.6127267839982204, 'lambda': 0.009255291077281711, 'gamma': 3.357179407629983e-06, 'min_child_weight': 28.754915946618755}. Best is trial 11 with value: 0.2624195669314992.[0m
[32m[I 2023-01-30 12:13:46,785][0m Trial 29 finished with value: 0.2688542456423704 and parameters: {'max_depth': 9, 'learning_rate': 0.005359838556785168, 'colsample_bytree': 0.2044136723481587, 'subsample': 0.7954499902359587, 'alpha': 0.832160758791313, 'lambda': 1.8261047973913406e-05, 'gamma': 5.410208490581752e-07, 'min_child_weight': 13.259052681341762}. Best is trial 11 with value: 0.2624195669314992.[0m
[32m[I 2023-01-30 12:15:02,650][0m Trial 30 finished with value: 0.2725162216348486 and parameters: {'max_depth': 5, 'learning_rate': 0.009144838902642304, 'colsample_bytree': 0.3461612218501641, 'subsample': 0.4927390531169636, 'alpha': 1.2852691048313245, 'lambda': 0.10746987108781733, 'gamma': 4.7685275301018124e-08, 'min_child_weight': 18.889062420255932}. Best is trial 11 with value: 0.2624195669314992.[0m
[32m[I 2023-01-30 12:15:07,081][0m Trial 31 finished with value: 0.26962326479568416 and parameters: {'max_depth': 7, 'learning_rate': 0.037257322903016005, 'colsample_bytree': 0.360626070618449, 'subsample': 0.4628859213306155, 'alpha': 0.8842863822799863, 'lambda': 0.011400175040306505, 'gamma': 1.1303649048410065e-06, 'min_child_weight': 10.25658623457217}. Best is trial 11 with value: 0.2624195669314992.[0m
[32m[I 2023-01-30 12:15:11,142][0m Trial 32 finished with value: 0.2604462559983375 and parameters: {'max_depth': 7, 'learning_rate': 0.04330096891581989, 'colsample_bytree': 0.30680205602266625, 'subsample': 0.43487434414873116, 'alpha': 0.3093416901557756, 'lambda': 1.4580283904720215, 'gamma': 1.4329535923529275e-07, 'min_child_weight': 13.24493005588928}. Best is trial 32 with value: 0.2604462559983375.[0m
[32m[I 2023-01-30 12:15:15,957][0m Trial 33 finished with value: 0.26115660393707507 and parameters: {'max_depth': 8, 'learning_rate': 0.043702749697495484, 'colsample_bytree': 0.3080585746244201, 'subsample': 0.43400297463240356, 'alpha': 0.2817424647441198, 'lambda': 1.6836093511043977, 'gamma': 1.0876887208787609e-07, 'min_child_weight': 13.919462292943807}. Best is trial 32 with value: 0.2604462559983375.[0m
[32m[I 2023-01-30 12:15:20,331][0m Trial 34 finished with value: 0.2601647163731077 and parameters: {'max_depth': 6, 'learning_rate': 0.03331845211292726, 'colsample_bytree': 0.309606580119058, 'subsample': 0.4285399874857518, 'alpha': 0.2622445314940534, 'lambda': 1.9756388585886, 'gamma': 2.484765258184611e-08, 'min_child_weight': 13.89088085844275}. Best is trial 34 with value: 0.2601647163731077.[0m
[32m[I 2023-01-30 12:15:21,319][0m Trial 35 finished with value: 29.205914102041312 and parameters: {'max_depth': 6, 'learning_rate': 0.03174789442869609, 'colsample_bytree': 0.24116592116880953, 'subsample': 0.4290322983069432, 'alpha': 0.10557039828782379, 'lambda': 1.452635856304215, 'gamma': 1.3260400118888654e-07, 'min_child_weight': 502.35620877563537}. Best is trial 34 with value: 0.2601647163731077.[0m
[32m[I 2023-01-30 12:15:24,836][0m Trial 36 finished with value: 0.26238043516326187 and parameters: {'max_depth': 5, 'learning_rate': 0.04236783768863175, 'colsample_bytree': 0.3864406368859748, 'subsample': 0.4009497233188204, 'alpha': 0.2463568139525597, 'lambda': 1.7899488594726671, 'gamma': 0.00011662337268053037, 'min_child_weight': 14.794074777558574}. Best is trial 34 with value: 0.2601647163731077.[0m
[32m[I 2023-01-30 12:15:30,907][0m Trial 37 finished with value: 0.30637854064757153 and parameters: {'max_depth': 5, 'learning_rate': 0.02604900929421482, 'colsample_bytree': 0.3935269532174188, 'subsample': 0.45168287829170733, 'alpha': 0.26358318055590224, 'lambda': 0.15561097597381657, 'gamma': 0.0002007659261741847, 'min_child_weight': 34.004789631955845}. Best is trial 34 with value: 0.2601647163731077.[0m
[32m[I 2023-01-30 12:15:34,832][0m Trial 38 finished with value: 0.30511120141825915 and parameters: {'max_depth': 5, 'learning_rate': 0.020502336797756957, 'colsample_bytree': 0.4208868797539296, 'subsample': 0.4106998673994755, 'alpha': 0.037948389813797154, 'lambda': 1.9535396800479123, 'gamma': 9.218066981028846, 'min_child_weight': 20.733274507144344}. Best is trial 34 with value: 0.2601647163731077.[0m
[32m[I 2023-01-30 12:15:40,714][0m Trial 39 finished with value: 0.26540830197574605 and parameters: {'max_depth': 6, 'learning_rate': 0.019716971258881985, 'colsample_bytree': 0.46517294468420184, 'subsample': 0.4019081901591181, 'alpha': 0.14672988306091742, 'lambda': 1.066801834001292, 'gamma': 0.010642240828277727, 'min_child_weight': 15.599456319886357}. Best is trial 34 with value: 0.2601647163731077.[0m
[32m[I 2023-01-30 12:15:41,950][0m Trial 40 finished with value: 29.205914102041312 and parameters: {'max_depth': 4, 'learning_rate': 0.04298319858687118, 'colsample_bytree': 0.512718434284894, 'subsample': 0.44078204190958403, 'alpha': 0.07275405253221034, 'lambda': 0.23119635031383687, 'gamma': 0.5156052693344021, 'min_child_weight': 49.64765670894076}. Best is trial 34 with value: 0.2601647163731077.[0m
[32m[I 2023-01-30 12:15:46,876][0m Trial 41 finished with value: 0.25792972622673316 and parameters: {'max_depth': 6, 'learning_rate': 0.03533770932587272, 'colsample_bytree': 0.3341625758590505, 'subsample': 0.4276817065638953, 'alpha': 0.4130301230812204, 'lambda': 2.1280877115506653, 'gamma': 0.0016030384122578958, 'min_child_weight': 13.35764080420126}. Best is trial 41 with value: 0.25792972622673316.[0m
[32m[I 2023-01-30 12:15:51,267][0m Trial 42 finished with value: 0.2634790069972789 and parameters: {'max_depth': 5, 'learning_rate': 0.03357907979840589, 'colsample_bytree': 0.3752320834808069, 'subsample': 0.43413106472933927, 'alpha': 0.4189009371321759, 'lambda': 2.8223474597106994, 'gamma': 0.0013767332625344852, 'min_child_weight': 14.210948728670294}. Best is trial 41 with value: 0.25792972622673316.[0m
[32m[I 2023-01-30 12:15:55,246][0m Trial 43 finished with value: 0.26857043136604314 and parameters: {'max_depth': 6, 'learning_rate': 0.03680481865305884, 'colsample_bytree': 0.3393273073565297, 'subsample': 0.42387049129985327, 'alpha': 0.2794791910803343, 'lambda': 0.0819716766869845, 'gamma': 0.00594045674319152, 'min_child_weight': 17.294498761232617}. Best is trial 41 with value: 0.25792972622673316.[0m
[32m[I 2023-01-30 12:16:00,404][0m Trial 44 finished with value: 0.2705550564752074 and parameters: {'max_depth': 6, 'learning_rate': 0.03036541383887472, 'colsample_bytree': 0.27591376964586656, 'subsample': 0.4594184238056476, 'alpha': 0.20105857448413242, 'lambda': 0.027352815546117463, 'gamma': 0.0003247116532076933, 'min_child_weight': 13.187856382103249}. Best is trial 41 with value: 0.25792972622673316.[0m
[32m[I 2023-01-30 12:16:01,411][0m Trial 45 finished with value: 29.205914102041312 and parameters: {'max_depth': 7, 'learning_rate': 0.04266796195118886, 'colsample_bytree': 0.3295226685416531, 'subsample': 0.4213279097469305, 'alpha': 0.5422029965832129, 'lambda': 5.172022373815993e-07, 'gamma': 0.0012597129596495595, 'min_child_weight': 202.88611439581604}. Best is trial 41 with value: 0.25792972622673316.[0m
[32m[I 2023-01-30 12:17:11,394][0m Trial 46 finished with value: 0.2750398233095367 and parameters: {'max_depth': 5, 'learning_rate': 0.025208250415699577, 'colsample_bytree': 0.30110107741097264, 'subsample': 0.7302999627428046, 'alpha': 0.13438330791659728, 'lambda': 0.7461502356632471, 'gamma': 0.02466896550854079, 'min_child_weight': 24.420969273830742}. Best is trial 41 with value: 0.25792972622673316.[0m
[32m[I 2023-01-30 12:17:18,318][0m Trial 47 finished with value: 0.2704547362420718 and parameters: {'max_depth': 8, 'learning_rate': 0.034707298788693795, 'colsample_bytree': 0.39455518011953566, 'subsample': 0.4778744698434977, 'alpha': 0.0913488954155745, 'lambda': 3.844384328875481, 'gamma': 0.00012458993789613403, 'min_child_weight': 12.426907383055175}. Best is trial 41 with value: 0.25792972622673316.[0m
[32m[I 2023-01-30 12:17:19,320][0m Trial 48 finished with value: 29.205914102041312 and parameters: {'max_depth': 7, 'learning_rate': 0.02344508379357529, 'colsample_bytree': 0.3170455340166862, 'subsample': 0.40032502557201083, 'alpha': 0.32588164557320065, 'lambda': 0.34776955147432614, 'gamma': 0.13943416949652196, 'min_child_weight': 82.37067206883873}. Best is trial 41 with value: 0.25792972622673316.[0m
[32m[I 2023-01-30 12:17:23,488][0m Trial 49 finished with value: 0.2810561434937676 and parameters: {'max_depth': 6, 'learning_rate': 0.0439917731525287, 'colsample_bytree': 0.590914997198207, 'subsample': 0.4500277721565409, 'alpha': 0.04909958635494786, 'lambda': 3.088934134347687, 'gamma': 9.166252597476562e-06, 'min_child_weight': 20.262722113508023}. Best is trial 41 with value: 0.25792972622673316.[0m
[32m[I 2023-01-30 12:17:29,552][0m Trial 50 finished with value: 0.2634811254418612 and parameters: {'max_depth': 6, 'learning_rate': 0.0385862948900488, 'colsample_bytree': 0.367835343969849, 'subsample': 0.42122264365266826, 'alpha': 0.019347055408722627, 'lambda': 8.849758861184661, 'gamma': 3.80004134598363e-05, 'min_child_weight': 17.001828064942927}. Best is trial 41 with value: 0.25792972622673316.[0m
[32m[I 2023-01-30 12:17:35,782][0m Trial 51 finished with value: 0.2601996790425857 and parameters: {'max_depth': 8, 'learning_rate': 0.04343319034709853, 'colsample_bytree': 0.3143681090223099, 'subsample': 0.5102982411935865, 'alpha': 0.1663833468897489, 'lambda': 9.969059624189384, 'gamma': 2.438504371704506e-08, 'min_child_weight': 11.66522424761837}. Best is trial 41 with value: 0.25792972622673316.[0m
[32m[I 2023-01-30 12:17:39,461][0m Trial 52 finished with value: 0.271533125678956 and parameters: {'max_depth': 8, 'learning_rate': 0.04378319429664802, 'colsample_bytree': 0.3489858167511297, 'subsample': 0.43845461067275815, 'alpha': 0.184597555540968, 'lambda': 0.8330919249248511, 'gamma': 2.7235251044468316e-08, 'min_child_weight': 11.934010136555829}. Best is trial 41 with value: 0.25792972622673316.[0m
[32m[I 2023-01-30 12:17:42,172][0m Trial 53 finished with value: 0.3059118587652258 and parameters: {'max_depth': 8, 'learning_rate': 0.03464883177826781, 'colsample_bytree': 0.29034596531065177, 'subsample': 0.4845569792982884, 'alpha': 0.23182977855822778, 'lambda': 4.029400139429257, 'gamma': 8.865711934400171e-08, 'min_child_weight': 27.651800673392316}. Best is trial 41 with value: 0.25792972622673316.[0m
[32m[I 2023-01-30 12:17:47,796][0m Trial 54 finished with value: 0.273239565996066 and parameters: {'max_depth': 7, 'learning_rate': 0.04059923442404325, 'colsample_bytree': 0.24807947351406173, 'subsample': 0.5111749412897296, 'alpha': 0.38327108191453463, 'lambda': 1.3553861001348806, 'gamma': 0.0008020101539070036, 'min_child_weight': 16.456652749167745}. Best is trial 41 with value: 0.25792972622673316.[0m
[32m[I 2023-01-30 12:17:54,857][0m Trial 55 finished with value: 0.27187688894239215 and parameters: {'max_depth': 7, 'learning_rate': 0.030806863635795434, 'colsample_bytree': 0.3359487699579228, 'subsample': 0.4616230334907166, 'alpha': 0.15115241662864648, 'lambda': 0.3750272392903494, 'gamma': 2.2461463320642886e-07, 'min_child_weight': 12.17417218283572}. Best is trial 41 with value: 0.25792972622673316.[0m
[32m[I 2023-01-30 12:17:59,102][0m Trial 56 finished with value: 0.2670403276370614 and parameters: {'max_depth': 5, 'learning_rate': 0.045879795972074956, 'colsample_bytree': 0.30912413784495363, 'subsample': 0.4244068841911497, 'alpha': 0.5306324396284225, 'lambda': 1.0455864091691698e-08, 'gamma': 0.0035871437886083293, 'min_child_weight': 18.68779472806184}. Best is trial 41 with value: 0.25792972622673316.[0m
[32m[I 2023-01-30 12:18:06,439][0m Trial 57 finished with value: 0.30587333991482274 and parameters: {'max_depth': 4, 'learning_rate': 0.012901530334806127, 'colsample_bytree': 0.2765561386072901, 'subsample': 0.5415142811621283, 'alpha': 0.24146101238164752, 'lambda': 0.05910573244880249, 'gamma': 2.0132770835168853e-08, 'min_child_weight': 32.70679918689214}. Best is trial 41 with value: 0.25792972622673316.[0m
[32m[I 2023-01-30 12:18:11,781][0m Trial 58 finished with value: 0.26794355188184704 and parameters: {'max_depth': 8, 'learning_rate': 0.03649067513466217, 'colsample_bytree': 0.3813522227385184, 'subsample': 0.5901340250583808, 'alpha': 0.34062826728942003, 'lambda': 8.487101680384557, 'gamma': 3.9945196452213967e-07, 'min_child_weight': 21.86895906100839}. Best is trial 41 with value: 0.25792972622673316.[0m
[32m[I 2023-01-30 12:18:16,317][0m Trial 59 finished with value: 0.27719364890389836 and parameters: {'max_depth': 6, 'learning_rate': 0.028768626270373052, 'colsample_bytree': 0.21746774660955587, 'subsample': 0.46760968686925586, 'alpha': 0.6932400742346837, 'lambda': 0.6403538783783312, 'gamma': 6.738161981861856e-08, 'min_child_weight': 11.50765123692533}. Best is trial 41 with value: 0.25792972622673316.[0m
[32m[I 2023-01-30 12:18:17,319][0m Trial 60 finished with value: 29.205914102041312 and parameters: {'max_depth': 7, 'learning_rate': 0.04992841491474274, 'colsample_bytree': 0.3197903548883819, 'subsample': 0.5024912159423747, 'alpha': 0.17324931336435817, 'lambda': 4.6814467664657, 'gamma': 3.456439895370991e-06, 'min_child_weight': 969.9890495911856}. Best is trial 41 with value: 0.25792972622673316.[0m
