[32m[I 2023-01-30 05:02:58,976][0m Trial 78 finished with value: 28.166024641281496 and parameters: {'max_depth': 4, 'learning_rate': 0.013776058447621795, 'colsample_bytree': 0.3436121630298961, 'subsample': 0.6806273409685553, 'alpha': 2.7469253177218818, 'lambda': 0.10492823058101715, 'gamma': 1.7160165475055316e-07, 'min_child_weight': 329.2491455315946}. Best is trial 0 with value: 28.166024641281496.[0m
[32m[I 2023-01-30 05:03:01,715][0m Trial 79 finished with value: 28.166024641281496 and parameters: {'max_depth': 4, 'learning_rate': 0.014393965314656578, 'colsample_bytree': 0.30246495297628245, 'subsample': 0.6890552712667467, 'alpha': 0.7915866991577738, 'lambda': 0.714155784789526, 'gamma': 1.0240998573198988e-08, 'min_child_weight': 392.8987564203787}. Best is trial 0 with value: 28.166024641281496.[0m
[32m[I 2023-01-30 05:03:04,081][0m Trial 80 finished with value: 28.166024641281496 and parameters: {'max_depth': 12, 'learning_rate': 0.013333682530285438, 'colsample_bytree': 0.34112069688448815, 'subsample': 0.7145311650346349, 'alpha': 5.059806554517912, 'lambda': 0.3607370728690628, 'gamma': 3.754176438469034e-08, 'min_child_weight': 283.5466724904017}. Best is trial 0 with value: 28.166024641281496.[0m
[32m[I 2023-01-30 05:03:06,974][0m Trial 81 finished with value: 28.166024641281496 and parameters: {'max_depth': 6, 'learning_rate': 0.011730112452102776, 'colsample_bytree': 0.28725746560159143, 'subsample': 0.7063986790320366, 'alpha': 0.8452123559952921, 'lambda': 0.034705267743395045, 'gamma': 1.0498134126222928e-07, 'min_child_weight': 366.0777156361437}. Best is trial 0 with value: 28.166024641281496.[0m
[32m[I 2023-01-30 05:03:09,441][0m Trial 82 finished with value: 28.166024641281496 and parameters: {'max_depth': 6, 'learning_rate': 0.04937463998668855, 'colsample_bytree': 0.25399404412497395, 'subsample': 0.7493405638372787, 'alpha': 2.9320049938494916, 'lambda': 0.016800619114020195, 'gamma': 6.187080130272001e-08, 'min_child_weight': 790.9778453868423}. Best is trial 0 with value: 28.166024641281496.[0m
[32m[I 2023-01-30 05:03:12,530][0m Trial 83 finished with value: 28.166024641281496 and parameters: {'max_depth': 7, 'learning_rate': 0.0170119566746845, 'colsample_bytree': 0.21645636624853734, 'subsample': 0.7628752724349498, 'alpha': 1.4635003429583713, 'lambda': 1.4870498661282066, 'gamma': 0.0001948623699439804, 'min_child_weight': 630.4655046129404}. Best is trial 0 with value: 28.166024641281496.[0m
[32m[I 2023-01-30 05:03:16,609][0m Trial 84 finished with value: 28.166024641281496 and parameters: {'max_depth': 7, 'learning_rate': 0.020642792950132934, 'colsample_bytree': 0.30469008401012554, 'subsample': 0.7780207547579586, 'alpha': 0.2998597687887652, 'lambda': 0.9336666550520939, 'gamma': 4.925841693599684e-08, 'min_child_weight': 559.2908518379147}. Best is trial 0 with value: 28.166024641281496.[0m
[32m[I 2023-01-30 05:03:19,965][0m Trial 85 finished with value: 28.166024641281496 and parameters: {'max_depth': 6, 'learning_rate': 0.045196444573601745, 'colsample_bytree': 0.28662565533851925, 'subsample': 0.7814735639976463, 'alpha': 2.224919269751276, 'lambda': 0.1723267490192167, 'gamma': 1.1632848501730178e-07, 'min_child_weight': 427.85308217312877}. Best is trial 0 with value: 28.166024641281496.[0m
[32m[I 2023-01-30 05:03:22,695][0m Trial 86 finished with value: 28.166024641281496 and parameters: {'max_depth': 6, 'learning_rate': 0.024583752653236913, 'colsample_bytree': 0.27164126001413746, 'subsample': 0.7982311395899029, 'alpha': 0.6484204709317947, 'lambda': 0.00010546945183332523, 'gamma': 2.2469440213488827e-08, 'min_child_weight': 907.4724158903617}. Best is trial 0 with value: 28.166024641281496.[0m
[32m[I 2023-01-30 05:03:25,015][0m Trial 87 finished with value: 28.166024641281496 and parameters: {'max_depth': 5, 'learning_rate': 0.03531385736433765, 'colsample_bytree': 0.2358065682186363, 'subsample': 0.6682221158561483, 'alpha': 0.47271911201625766, 'lambda': 4.061146461761205e-07, 'gamma': 0.546886328035171, 'min_child_weight': 223.6753631131187}. Best is trial 0 with value: 28.166024641281496.[0m
[32m[I 2023-01-30 05:03:28,463][0m Trial 88 finished with value: 28.166024641281496 and parameters: {'max_depth': 6, 'learning_rate': 0.04141866401485038, 'colsample_bytree': 0.21171536772868532, 'subsample': 0.7678729958900106, 'alpha': 0.07758845336099708, 'lambda': 1.4677409352030447e-07, 'gamma': 1.166941867423253e-08, 'min_child_weight': 196.9108507711127}. Best is trial 0 with value: 28.166024641281496.[0m
[32m[I 2023-01-30 05:03:31,098][0m Trial 89 finished with value: 28.166024641281496 and parameters: {'max_depth': 6, 'learning_rate': 0.04095693879781124, 'colsample_bytree': 0.470301074001506, 'subsample': 0.6382776649038913, 'alpha': 0.09062081313114465, 'lambda': 4.3741273430210627e-08, 'gamma': 0.00692901295641731, 'min_child_weight': 151.9784848635633}. Best is trial 0 with value: 28.166024641281496.[0m
[32m[I 2023-01-30 05:03:33,537][0m Trial 90 finished with value: 28.166024641281496 and parameters: {'max_depth': 5, 'learning_rate': 0.03441129048930049, 'colsample_bytree': 0.4785830073538227, 'subsample': 0.784152882828983, 'alpha': 0.039109516960188495, 'lambda': 1.5771685913169732e-07, 'gamma': 0.16198744601622858, 'min_child_weight': 703.9549981767074}. Best is trial 0 with value: 28.166024641281496.[0m
[32m[I 2023-01-30 05:03:36,446][0m Trial 91 finished with value: 28.166024641281496 and parameters: {'max_depth': 7, 'learning_rate': 0.03747430539949944, 'colsample_bytree': 0.23953746525893457, 'subsample': 0.6388944298841244, 'alpha': 0.04412119053904537, 'lambda': 2.3834041911467104e-07, 'gamma': 0.5502713545828528, 'min_child_weight': 82.18528105246645}. Best is trial 0 with value: 28.166024641281496.[0m
[32m[I 2023-01-30 05:03:39,045][0m Trial 92 finished with value: 28.166024641281496 and parameters: {'max_depth': 7, 'learning_rate': 0.045361942492679184, 'colsample_bytree': 0.5982639290707914, 'subsample': 0.6053174347339075, 'alpha': 0.022681985366299697, 'lambda': 1.1264926687357805e-06, 'gamma': 0.06544388596517271, 'min_child_weight': 50.93924984411547}. Best is trial 0 with value: 28.166024641281496.[0m
[32m[I 2023-01-30 05:03:42,575][0m Trial 93 finished with value: 28.166024641281496 and parameters: {'max_depth': 5, 'learning_rate': 0.0499013750870756, 'colsample_bytree': 0.24642560599074656, 'subsample': 0.608730396444647, 'alpha': 0.05995339668139605, 'lambda': 7.14204960665125e-07, 'gamma': 0.052193089159837565, 'min_child_weight': 74.09056950554019}. Best is trial 0 with value: 28.166024641281496.[0m
[32m[I 2023-01-30 05:03:46,622][0m Trial 94 finished with value: 28.166024641281496 and parameters: {'max_depth': 7, 'learning_rate': 0.02861396873905649, 'colsample_bytree': 0.5698970908763699, 'subsample': 0.6274935302863657, 'alpha': 0.027517668795530043, 'lambda': 1.98812016353814e-06, 'gamma': 0.1470359658970319, 'min_child_weight': 159.57923273254053}. Best is trial 0 with value: 28.166024641281496.[0m
[32m[I 2023-01-30 05:03:49,051][0m Trial 95 finished with value: 28.166024641281496 and parameters: {'max_depth': 8, 'learning_rate': 0.005393986648393789, 'colsample_bytree': 0.569778628415416, 'subsample': 0.5927184420737294, 'alpha': 0.017449697700395117, 'lambda': 4.903338212160907e-05, 'gamma': 0.21258467894608768, 'min_child_weight': 142.2599022856916}. Best is trial 0 with value: 28.166024641281496.[0m
[32m[I 2023-01-30 05:03:51,865][0m Trial 96 finished with value: 28.166024641281496 and parameters: {'max_depth': 5, 'learning_rate': 0.03136635457925643, 'colsample_bytree': 0.4384122102481514, 'subsample': 0.614436083173669, 'alpha': 0.16932931447883964, 'lambda': 2.5918891773702777e-08, 'gamma': 2.315198371709332, 'min_child_weight': 50.21427782282709}. Best is trial 0 with value: 28.166024641281496.[0m
[32m[I 2023-01-30 05:03:55,629][0m Trial 97 finished with value: 28.166024641281496 and parameters: {'max_depth': 8, 'learning_rate': 0.027093518610247364, 'colsample_bytree': 0.44554153349919356, 'subsample': 0.5950256664862577, 'alpha': 0.013097399109842423, 'lambda': 8.301159727042276e-08, 'gamma': 0.5766927551249738, 'min_child_weight': 118.01269771917079}. Best is trial 0 with value: 28.166024641281496.[0m
[32m[I 2023-01-30 05:03:58,605][0m Trial 98 finished with value: 28.166024641281496 and parameters: {'max_depth': 8, 'learning_rate': 0.008227906760764818, 'colsample_bytree': 0.5365969281243163, 'subsample': 0.572426651677886, 'alpha': 0.013709146585520542, 'lambda': 1.0120087417257734e-08, 'gamma': 0.030259791744914465, 'min_child_weight': 38.957205939879074}. Best is trial 0 with value: 28.166024641281496.[0m
[32m[I 2023-01-30 05:04:00,955][0m Trial 99 finished with value: 28.166024641281496 and parameters: {'max_depth': 9, 'learning_rate': 0.007002128298783897, 'colsample_bytree': 0.5458896372251154, 'subsample': 0.471497119185089, 'alpha': 0.010358402392841843, 'lambda': 9.446212400227537e-06, 'gamma': 1.0664265633551273, 'min_child_weight': 31.442127359754956}. Best is trial 0 with value: 28.166024641281496.[0m
2023-01-30 05:04:00.956 | ERROR    | __main__:<module>:78 - need to call fit or load_model beforehand
Traceback (most recent call last):

> File "/Users/kevinmaikjablonka/git/kjappelbaum/gptchem/experiments/04_regression/henry/run_experiments.py", line 76, in <module>
    run_experiment(train_size, target, i + 22332642)
    │              │           │       └ 1
    │              │           └ ('logKH_CH4', 'CH4 Henry coefficient')
    │              └ 10
    └ <function run_experiment at 0x1033cb0d0>

  File "/Users/kevinmaikjablonka/git/kjappelbaum/gptchem/experiments/04_regression/henry/run_experiments.py", line 43, in run_experiment
    baseline_res = train_test_henry_regression_baseline(
                   └ <function train_test_henry_regression_baseline at 0x2ac8791f0>

  File "/Users/kevinmaikjablonka/git/kjappelbaum/gptchem/src/gptchem/baselines/henry.py", line 406, in train_test_henry_regression_baseline
    predictions = baseline.predict(X_test.values)
                  │        │       │      └ <property object at 0x29df00450>
                  │        │       └             Di        Df  ...  sum-D_mc_CRY-S-2-all  sum-D_mc_CRY-S-3-all
                  │        │         1182   7.77534   4.45148  ...                 36.72...
                  │        └ <function XGBRegressionBaseline.predict at 0x2ad662790>
                  └ <gptchem.models.xgboost.XGBRegressionBaseline object at 0x2afb62310>

  File "/Users/kevinmaikjablonka/git/kjappelbaum/gptchem/src/gptchem/models/xgboost.py", line 208, in predict
    return self.model.predict(X_values)
           │    │     │       └ array([[  7.77534,   4.45148,   7.67594, ...,  12.72   ,  36.72   ,
           │    │     │                 169.2    ],
           │    │     │                [  5.17235,   3.93529,   5.172...
           │    │     └ <function XGBModel.predict at 0x2ad63e820>
           │    └ XGBRegressor(alpha=0.02648277082222497, base_score=None, booster=None,
           │                   callbacks=None, colsample_bylevel=None, c...
           └ <gptchem.models.xgboost.XGBRegressionBaseline object at 0x2afb62310>

  File "/Users/kevinmaikjablonka/miniconda3/envs/gptchem/lib/python3.9/site-packages/xgboost/sklearn.py", line 1109, in predict
    self.get_booster(), ntree_limit, iteration_range
    │    │              │            └ None
    │    │              └ None
    │    └ <function XGBModel.get_booster at 0x2ad63af70>
    └ XGBRegressor(alpha=0.02648277082222497, base_score=None, booster=None,
                   callbacks=None, colsample_bylevel=None, c...
  File "/Users/kevinmaikjablonka/miniconda3/envs/gptchem/lib/python3.9/site-packages/xgboost/sklearn.py", line 649, in get_booster
    raise NotFittedError("need to call fit or load_model beforehand")
          └ <class 'sklearn.exceptions.NotFittedError'>

sklearn.exceptions.NotFittedError: need to call fit or load_model beforehand
[32m[I 2023-01-30 05:04:01,145][0m A new study created in memory with name: no-name-9421ac10-befb-4dc7-901a-1386bb837ca3[0m
[32m[I 2023-01-30 05:04:03,855][0m Trial 0 finished with value: 19.40345190417281 and parameters: {'max_depth': 6, 'learning_rate': 0.005210791962875845, 'colsample_bytree': 0.3394136619287924, 'subsample': 0.6574222784102022, 'alpha': 0.02648277082222497, 'lambda': 1.4144875055738103e-05, 'gamma': 0.04500641923688874, 'min_child_weight': 260.3962433950421}. Best is trial 0 with value: 19.40345190417281.[0m
[32m[I 2023-01-30 05:04:06,369][0m Trial 1 finished with value: 19.40345190417281 and parameters: {'max_depth': 6, 'learning_rate': 0.021979238983249345, 'colsample_bytree': 0.23423485468909863, 'subsample': 0.4465474806143693, 'alpha': 0.015192846689395734, 'lambda': 1.053937511823679e-07, 'gamma': 0.0033136326180250014, 'min_child_weight': 644.7293908986641}. Best is trial 0 with value: 19.40345190417281.[0m
[32m[I 2023-01-30 05:04:27,440][0m Trial 2 finished with value: 19.40345190417281 and parameters: {'max_depth': 9, 'learning_rate': 0.04472431548571135, 'colsample_bytree': 0.2882911980960603, 'subsample': 0.4361977233811782, 'alpha': 0.8026076381845835, 'lambda': 0.009308933954768672, 'gamma': 3.256363358939344e-07, 'min_child_weight': 18.821383776104874}. Best is trial 0 with value: 19.40345190417281.[0m
[32m[I 2023-01-30 05:04:30,234][0m Trial 3 finished with value: 19.40345190417281 and parameters: {'max_depth': 12, 'learning_rate': 0.017094403917353843, 'colsample_bytree': 0.22948802297384155, 'subsample': 0.44730585755534635, 'alpha': 0.015292131773238979, 'lambda': 5.965676317494847e-06, 'gamma': 0.00044528778884839724, 'min_child_weight': 338.98551770988314}. Best is trial 0 with value: 19.40345190417281.[0m
[32m[I 2023-01-30 05:04:32,718][0m Trial 4 finished with value: 19.40345190417281 and parameters: {'max_depth': 8, 'learning_rate': 0.023072683131762008, 'colsample_bytree': 0.47102991741606304, 'subsample': 0.6352342739748388, 'alpha': 9.944425486443707, 'lambda': 2.1702458195047087e-06, 'gamma': 0.09353155629396856, 'min_child_weight': 18.469334745436925}. Best is trial 0 with value: 19.40345190417281.[0m
[32m[I 2023-01-30 05:04:36,275][0m Trial 5 finished with value: 19.40345190417281 and parameters: {'max_depth': 12, 'learning_rate': 0.006728704334767703, 'colsample_bytree': 0.4857337033199275, 'subsample': 0.7037918458958176, 'alpha': 0.06686109213200414, 'lambda': 0.03446930445975244, 'gamma': 2.183635020390231e-06, 'min_child_weight': 77.41831145784069}. Best is trial 0 with value: 19.40345190417281.[0m
[32m[I 2023-01-30 05:04:53,344][0m Trial 6 finished with value: 19.40345190417281 and parameters: {'max_depth': 4, 'learning_rate': 0.024309997179372503, 'colsample_bytree': 0.5841853923869278, 'subsample': 0.7667252048707697, 'alpha': 0.013337191036805442, 'lambda': 1.3636680397564094e-07, 'gamma': 0.0014997828175700684, 'min_child_weight': 322.655885902972}. Best is trial 0 with value: 19.40345190417281.[0m
[32m[I 2023-01-30 05:05:07,401][0m Trial 7 finished with value: 19.40345190417281 and parameters: {'max_depth': 6, 'learning_rate': 0.010926258610128152, 'colsample_bytree': 0.2607618918637006, 'subsample': 0.6028959703295853, 'alpha': 0.06206371578662345, 'lambda': 1.266992201665895e-08, 'gamma': 1.5789432269327715e-05, 'min_child_weight': 80.39289318891001}. Best is trial 0 with value: 19.40345190417281.[0m
[32m[I 2023-01-30 05:05:15,897][0m Trial 8 finished with value: 19.40345190417281 and parameters: {'max_depth': 11, 'learning_rate': 0.022246945550976716, 'colsample_bytree': 0.38348067034928734, 'subsample': 0.5786344453767411, 'alpha': 0.2103742118991652, 'lambda': 0.00021926407596498205, 'gamma': 0.036837608776384916, 'min_child_weight': 826.8193360446916}. Best is trial 0 with value: 19.40345190417281.[0m
[32m[I 2023-01-30 05:05:24,562][0m Trial 9 finished with value: 19.40345190417281 and parameters: {'max_depth': 12, 'learning_rate': 0.040398899586500135, 'colsample_bytree': 0.40713570785418746, 'subsample': 0.4235077964948132, 'alpha': 1.6713931146681782, 'lambda': 0.05220786063595881, 'gamma': 6.757110406953963e-05, 'min_child_weight': 153.35914002613805}. Best is trial 0 with value: 19.40345190417281.[0m
[32m[I 2023-01-30 05:05:27,439][0m Trial 10 finished with value: 19.40345190417281 and parameters: {'max_depth': 4, 'learning_rate': 0.0051010521249069424, 'colsample_bytree': 0.3376582061752173, 'subsample': 0.5499699357218312, 'alpha': 0.07742748376856408, 'lambda': 1.828187196479361, 'gamma': 6.916341126402485, 'min_child_weight': 43.78907989900732}. Best is trial 0 with value: 19.40345190417281.[0m
[32m[I 2023-01-30 05:05:31,789][0m Trial 11 finished with value: 19.40345190417281 and parameters: {'max_depth': 6, 'learning_rate': 0.010285111694805673, 'colsample_bytree': 0.2034537851852063, 'subsample': 0.514539048605312, 'alpha': 0.010006065540509321, 'lambda': 2.284838162803778e-05, 'gamma': 0.03934254218258316, 'min_child_weight': 811.0175597724037}. Best is trial 0 with value: 19.40345190417281.[0m
[32m[I 2023-01-30 05:05:34,564][0m Trial 12 finished with value: 19.40345190417281 and parameters: {'max_depth': 6, 'learning_rate': 0.010234627879632863, 'colsample_bytree': 0.3036196100375389, 'subsample': 0.6729112010910654, 'alpha': 0.03309573596383524, 'lambda': 3.15896709656829e-07, 'gamma': 1.605359152006054e-08, 'min_child_weight': 316.6944466327815}. Best is trial 0 with value: 19.40345190417281.[0m
[32m[I 2023-01-30 05:05:37,445][0m Trial 13 finished with value: 19.40345190417281 and parameters: {'max_depth': 8, 'learning_rate': 0.0322335182494066, 'colsample_bytree': 0.3530994672167259, 'subsample': 0.4921604616449984, 'alpha': 0.22613623980020375, 'lambda': 1.3782182304730337e-08, 'gamma': 2.069197566327481, 'min_child_weight': 183.65882043482577}. Best is trial 0 with value: 19.40345190417281.[0m
[32m[I 2023-01-30 05:05:40,067][0m Trial 14 finished with value: 19.40345190417281 and parameters: {'max_depth': 7, 'learning_rate': 0.015331024901810241, 'colsample_bytree': 0.4200335662105023, 'subsample': 0.7433545422864356, 'alpha': 0.03184793611213622, 'lambda': 0.00010919612614837231, 'gamma': 0.004676169440040648, 'min_child_weight': 408.424182974665}. Best is trial 0 with value: 19.40345190417281.[0m
[32m[I 2023-01-30 05:05:42,564][0m Trial 15 finished with value: 19.40345190417281 and parameters: {'max_depth': 5, 'learning_rate': 0.015322386774797043, 'colsample_bytree': 0.29429463535698475, 'subsample': 0.6522471511578417, 'alpha': 0.027612918077519342, 'lambda': 4.4476397799346593e-07, 'gamma': 0.31417972843895986, 'min_child_weight': 995.7689532915214}. Best is trial 0 with value: 19.40345190417281.[0m
[32m[I 2023-01-30 05:05:46,222][0m Trial 16 finished with value: 19.40345190417281 and parameters: {'max_depth': 9, 'learning_rate': 0.0075938122625536, 'colsample_bytree': 0.25466351474354765, 'subsample': 0.4962146905710538, 'alpha': 0.11237966184381855, 'lambda': 0.0020587659481311523, 'gamma': 0.004892434244261237, 'min_child_weight': 479.8581100356708}. Best is trial 0 with value: 19.40345190417281.[0m
[32m[I 2023-01-30 05:05:48,775][0m Trial 17 finished with value: 19.40345190417281 and parameters: {'max_depth': 7, 'learning_rate': 0.015095236915806004, 'colsample_bytree': 0.4784287033013168, 'subsample': 0.783403593081162, 'alpha': 0.682265027208534, 'lambda': 0.000111845160778925, 'gamma': 9.819631998175957e-05, 'min_child_weight': 169.26298949201296}. Best is trial 0 with value: 19.40345190417281.[0m
[32m[I 2023-01-30 05:05:51,187][0m Trial 18 finished with value: 19.40345190417281 and parameters: {'max_depth': 5, 'learning_rate': 0.0051606367313989905, 'colsample_bytree': 0.3112918956901577, 'subsample': 0.6687100874033514, 'alpha': 0.028404698571591478, 'lambda': 1.019201326174933e-06, 'gamma': 0.35634620867407674, 'min_child_weight': 43.754182892889915}. Best is trial 0 with value: 19.40345190417281.[0m
[32m[I 2023-01-30 05:05:53,695][0m Trial 19 finished with value: 19.40345190417281 and parameters: {'max_depth': 10, 'learning_rate': 0.0072910359118713896, 'colsample_bytree': 0.3595324726333705, 'subsample': 0.5106169777639771, 'alpha': 0.13070455195390873, 'lambda': 0.002643099491520824, 'gamma': 0.007439150908343342, 'min_child_weight': 474.49997735501915}. Best is trial 0 with value: 19.40345190417281.[0m
[32m[I 2023-01-30 05:05:56,115][0m Trial 20 finished with value: 19.40345190417281 and parameters: {'max_depth': 7, 'learning_rate': 0.031343905100625305, 'colsample_bytree': 0.5559055339608177, 'subsample': 0.7899467330062055, 'alpha': 0.5797365045016953, 'lambda': 3.7370662256265645e-05, 'gamma': 0.000110757925946024, 'min_child_weight': 179.66949102116158}. Best is trial 0 with value: 19.40345190417281.[0m
[32m[I 2023-01-30 05:05:58,466][0m Trial 21 finished with value: 19.40345190417281 and parameters: {'max_depth': 5, 'learning_rate': 0.005032040461114765, 'colsample_bytree': 0.4541953736439387, 'subsample': 0.7149940892225515, 'alpha': 2.007711454020773, 'lambda': 3.471814656915809e-06, 'gamma': 0.27117808891233314, 'min_child_weight': 39.22650802608807}. Best is trial 0 with value: 19.40345190417281.[0m
[32m[I 2023-01-30 05:06:01,020][0m Trial 22 finished with value: 19.40345190417281 and parameters: {'max_depth': 10, 'learning_rate': 0.0070357205599098005, 'colsample_bytree': 0.34860522286133694, 'subsample': 0.6145647954502296, 'alpha': 0.13213777541753416, 'lambda': 0.0014938042933571945, 'gamma': 0.914463366505968, 'min_child_weight': 45.18038096781}. Best is trial 0 with value: 19.40345190417281.[0m
