[32m[I 2023-01-30 04:32:38,448][0m Trial 2 finished with value: 0.20291818712388515 and parameters: {'max_depth': 11, 'learning_rate': 0.018174141335350915, 'colsample_bytree': 0.5604454522456577, 'subsample': 0.7574852124218824, 'alpha': 3.4380016701469245, 'lambda': 0.5568909988317814, 'gamma': 7.527426349222389e-08, 'min_child_weight': 46.33736847648717}. Best is trial 2 with value: 0.20291818712388515.[0m
[32m[I 2023-01-30 04:32:53,002][0m Trial 3 finished with value: 0.23677794772251995 and parameters: {'max_depth': 9, 'learning_rate': 0.028378909616250787, 'colsample_bytree': 0.5801596986666466, 'subsample': 0.4947504468141251, 'alpha': 0.019466965890188696, 'lambda': 0.05971200399326978, 'gamma': 3.2188208036024255e-08, 'min_child_weight': 58.5928635790038}. Best is trial 2 with value: 0.20291818712388515.[0m
[32m[I 2023-01-30 04:32:56,414][0m Trial 4 finished with value: 29.813640523585832 and parameters: {'max_depth': 11, 'learning_rate': 0.04162946890026078, 'colsample_bytree': 0.4633009018331788, 'subsample': 0.5171503376217323, 'alpha': 0.051964460566470146, 'lambda': 0.011806796342275164, 'gamma': 0.0009844669237292266, 'min_child_weight': 597.174798468189}. Best is trial 2 with value: 0.20291818712388515.[0m
[32m[I 2023-01-30 04:33:42,756][0m Trial 5 finished with value: 0.14492018896953368 and parameters: {'max_depth': 9, 'learning_rate': 0.030486391820450123, 'colsample_bytree': 0.3726677137700833, 'subsample': 0.6175143133497486, 'alpha': 0.37372578650240545, 'lambda': 3.336971520305419e-08, 'gamma': 0.7754828402642463, 'min_child_weight': 17.103074711611693}. Best is trial 5 with value: 0.14492018896953368.[0m
[32m[I 2023-01-30 04:33:48,572][0m Trial 6 finished with value: 29.813640523585832 and parameters: {'max_depth': 4, 'learning_rate': 0.010624215152102963, 'colsample_bytree': 0.30490924992026125, 'subsample': 0.7437145829936807, 'alpha': 0.01471669543122012, 'lambda': 4.950734654876109, 'gamma': 3.905013417707782e-07, 'min_child_weight': 792.9791014070719}. Best is trial 5 with value: 0.14492018896953368.[0m
[32m[I 2023-01-30 04:35:39,093][0m Trial 7 finished with value: 0.1501719538986966 and parameters: {'max_depth': 5, 'learning_rate': 0.021844647946310584, 'colsample_bytree': 0.2978935637565084, 'subsample': 0.6945899034698879, 'alpha': 2.9236678454672598, 'lambda': 0.00197230249454408, 'gamma': 0.005725354703365607, 'min_child_weight': 12.641216570962865}. Best is trial 5 with value: 0.14492018896953368.[0m
[32m[I 2023-01-30 04:35:54,878][0m Trial 8 finished with value: 0.23716996873842291 and parameters: {'max_depth': 8, 'learning_rate': 0.04884455994741487, 'colsample_bytree': 0.4298111297108724, 'subsample': 0.7307760130513172, 'alpha': 0.20412995229328462, 'lambda': 0.001631687775345892, 'gamma': 0.13940883284270142, 'min_child_weight': 70.72254449717482}. Best is trial 5 with value: 0.14492018896953368.[0m
[32m[I 2023-01-30 04:36:01,332][0m Trial 9 finished with value: 29.813640523585832 and parameters: {'max_depth': 12, 'learning_rate': 0.014255449161794368, 'colsample_bytree': 0.4034724433109933, 'subsample': 0.6012725606067151, 'alpha': 0.02679408741335582, 'lambda': 0.00011088384699910948, 'gamma': 3.14909160330647e-06, 'min_child_weight': 360.1956870154361}. Best is trial 5 with value: 0.14492018896953368.[0m
[32m[I 2023-01-30 04:38:31,928][0m Trial 10 finished with value: 0.23493128686013795 and parameters: {'max_depth': 7, 'learning_rate': 0.006567809537515869, 'colsample_bytree': 0.3300498911468356, 'subsample': 0.5961200841462971, 'alpha': 0.7294193966837471, 'lambda': 1.3729035283279038e-08, 'gamma': 7.188899402945899, 'min_child_weight': 10.654856277387132}. Best is trial 5 with value: 0.14492018896953368.[0m
[32m[I 2023-01-30 04:39:54,636][0m Trial 11 finished with value: 0.15085239049350535 and parameters: {'max_depth': 5, 'learning_rate': 0.024406347613551423, 'colsample_bytree': 0.32112721885806683, 'subsample': 0.6468524139781597, 'alpha': 1.0113871592119053, 'lambda': 5.605559602148849e-06, 'gamma': 0.8821411339569268, 'min_child_weight': 13.873126188153087}. Best is trial 5 with value: 0.14492018896953368.[0m
[32m[I 2023-01-30 04:40:38,324][0m Trial 12 finished with value: 0.15045642025102265 and parameters: {'max_depth': 6, 'learning_rate': 0.022193717725447995, 'colsample_bytree': 0.23357117683610926, 'subsample': 0.6880919290977279, 'alpha': 1.5810049020600525, 'lambda': 1.4251390967824778e-05, 'gamma': 7.519445662109452e-05, 'min_child_weight': 19.97329782271181}. Best is trial 5 with value: 0.14492018896953368.[0m
[32m[I 2023-01-30 04:40:42,682][0m Trial 13 finished with value: 29.813640523585832 and parameters: {'max_depth': 8, 'learning_rate': 0.011270235884342042, 'colsample_bytree': 0.3532082742284845, 'subsample': 0.5793747850527112, 'alpha': 0.3284437377793473, 'lambda': 9.530801537963866e-07, 'gamma': 0.021154057132321633, 'min_child_weight': 157.89596106256653}. Best is trial 5 with value: 0.14492018896953368.[0m
[32m[I 2023-01-30 04:42:02,744][0m Trial 14 finished with value: 0.2105853455670844 and parameters: {'max_depth': 6, 'learning_rate': 0.029373342205983068, 'colsample_bytree': 0.2716776265133272, 'subsample': 0.5395501074421107, 'alpha': 9.344377177370191, 'lambda': 5.567030796303701e-05, 'gamma': 0.00036001876733515763, 'min_child_weight': 26.50482500089864}. Best is trial 5 with value: 0.14492018896953368.[0m
[32m[I 2023-01-30 04:43:33,350][0m Trial 15 finished with value: 2.000218805799266 and parameters: {'max_depth': 4, 'learning_rate': 0.015193989217064411, 'colsample_bytree': 0.37523111767619394, 'subsample': 0.69696646462108, 'alpha': 2.4749979671603146, 'lambda': 1.1388997257871729e-08, 'gamma': 6.6301736961120525, 'min_child_weight': 121.81654084603888}. Best is trial 5 with value: 0.14492018896953368.[0m
[32m[I 2023-01-30 04:45:55,090][0m Trial 16 finished with value: 0.13841970347118168 and parameters: {'max_depth': 9, 'learning_rate': 0.005118028590474884, 'colsample_bytree': 0.2787054362973118, 'subsample': 0.7858606651083206, 'alpha': 0.2677310917295892, 'lambda': 0.01106164458302625, 'gamma': 0.04151482815299875, 'min_child_weight': 17.88589303290089}. Best is trial 16 with value: 0.13841970347118168.[0m
[32m[I 2023-01-30 04:46:04,464][0m Trial 17 finished with value: 29.813640523585832 and parameters: {'max_depth': 9, 'learning_rate': 0.005061017606609213, 'colsample_bytree': 0.2601185246905539, 'subsample': 0.424927869535545, 'alpha': 0.2686622073201055, 'lambda': 0.07521370992391721, 'gamma': 0.16951811893007496, 'min_child_weight': 215.34812060245}. Best is trial 16 with value: 0.13841970347118168.[0m
[32m[I 2023-01-30 04:47:44,304][0m Trial 18 finished with value: 0.14315380249745918 and parameters: {'max_depth': 9, 'learning_rate': 0.00809536176014737, 'colsample_bytree': 0.517854532514116, 'subsample': 0.7806589276450451, 'alpha': 0.12355393092843553, 'lambda': 6.955172164154214e-07, 'gamma': 0.38964527501144364, 'min_child_weight': 20.643212708099913}. Best is trial 16 with value: 0.13841970347118168.[0m
[32m[I 2023-01-30 04:49:02,799][0m Trial 19 finished with value: 0.19029714346829102 and parameters: {'max_depth': 10, 'learning_rate': 0.007920092818914181, 'colsample_bytree': 0.5298413631631337, 'subsample': 0.7902332994072868, 'alpha': 0.10574062939179965, 'lambda': 1.883624885306291e-06, 'gamma': 2.9766682295404517e-05, 'min_child_weight': 37.83880722521327}. Best is trial 16 with value: 0.13841970347118168.[0m
[32m[I 2023-01-30 04:49:59,674][0m Trial 20 finished with value: 0.23763401392780512 and parameters: {'max_depth': 7, 'learning_rate': 0.005436716090899849, 'colsample_bytree': 0.5053588945771329, 'subsample': 0.7946177875160046, 'alpha': 0.14374817915314622, 'lambda': 3.0589192405393613e-07, 'gamma': 0.07336208988080181, 'min_child_weight': 80.22299193942274}. Best is trial 16 with value: 0.13841970347118168.[0m
[32m[I 2023-01-30 04:52:54,915][0m Trial 21 finished with value: 0.15661135355048864 and parameters: {'max_depth': 9, 'learning_rate': 0.00840493557910268, 'colsample_bytree': 0.4362242595495396, 'subsample': 0.6295073287815107, 'alpha': 0.4849401713300646, 'lambda': 2.9201299205009575e-08, 'gamma': 0.970275538674636, 'min_child_weight': 20.214139139700496}. Best is trial 16 with value: 0.13841970347118168.[0m
[32m[I 2023-01-30 04:55:35,188][0m Trial 22 finished with value: 0.14128373979789766 and parameters: {'max_depth': 8, 'learning_rate': 0.006803889327910527, 'colsample_bytree': 0.38544247903909107, 'subsample': 0.7560010493518622, 'alpha': 0.05143283302447992, 'lambda': 6.434822181003257e-08, 'gamma': 0.6018274492586768, 'min_child_weight': 19.01810362056879}. Best is trial 16 with value: 0.13841970347118168.[0m
[32m[I 2023-01-30 04:57:00,682][0m Trial 23 finished with value: 0.16559650190530048 and parameters: {'max_depth': 8, 'learning_rate': 0.006513242634327697, 'colsample_bytree': 0.4131333074225397, 'subsample': 0.7653013803115853, 'alpha': 0.04373513832706566, 'lambda': 1.5120136707790227e-07, 'gamma': 0.0025396139033692353, 'min_child_weight': 29.747932186887372}. Best is trial 16 with value: 0.13841970347118168.[0m
[32m[I 2023-01-30 04:58:40,469][0m Trial 24 finished with value: 0.13950346931884977 and parameters: {'max_depth': 10, 'learning_rate': 0.008789148622175983, 'colsample_bytree': 0.5304651393431803, 'subsample': 0.7173417216779971, 'alpha': 0.1551393812618758, 'lambda': 3.310602414119224e-05, 'gamma': 0.03576613857595746, 'min_child_weight': 10.239056057004742}. Best is trial 16 with value: 0.13841970347118168.[0m
[32m[I 2023-01-30 04:59:48,101][0m Trial 25 finished with value: 0.137517745245009 and parameters: {'max_depth': 10, 'learning_rate': 0.010081918361026822, 'colsample_bytree': 0.20449801542318718, 'subsample': 0.7110317317778452, 'alpha': 0.03634110858560773, 'lambda': 0.00034636442809240885, 'gamma': 0.02577117640653105, 'min_child_weight': 12.331986416230894}. Best is trial 25 with value: 0.137517745245009.[0m
[32m[I 2023-01-30 05:01:00,309][0m Trial 26 finished with value: 0.13849441717874145 and parameters: {'max_depth': 10, 'learning_rate': 0.010819309887850155, 'colsample_bytree': 0.20028974901600205, 'subsample': 0.7221192455227163, 'alpha': 0.010048128152406511, 'lambda': 0.0002623210894414748, 'gamma': 0.03552442783790131, 'min_child_weight': 10.22600894010408}. Best is trial 25 with value: 0.137517745245009.[0m
[32m[I 2023-01-30 05:01:59,649][0m Trial 27 finished with value: 0.13985979364127493 and parameters: {'max_depth': 12, 'learning_rate': 0.011973078273319795, 'colsample_bytree': 0.21895801722309846, 'subsample': 0.7223004185869389, 'alpha': 0.01228331268748893, 'lambda': 0.00028780527908877236, 'gamma': 0.0024479105536401695, 'min_child_weight': 10.114563817524832}. Best is trial 25 with value: 0.137517745245009.[0m
[32m[I 2023-01-30 05:02:55,898][0m Trial 28 finished with value: 0.13658740240280592 and parameters: {'max_depth': 10, 'learning_rate': 0.010003527934953592, 'colsample_bytree': 0.2092350931040286, 'subsample': 0.6597735128990185, 'alpha': 0.01030530341976378, 'lambda': 0.009492571682716144, 'gamma': 0.00011042212213720325, 'min_child_weight': 13.884512940297897}. Best is trial 28 with value: 0.13658740240280592.[0m
[32m[I 2023-01-30 05:03:20,335][0m Trial 29 finished with value: 0.20632360902863675 and parameters: {'max_depth': 11, 'learning_rate': 0.013203706896083465, 'colsample_bytree': 0.2668756108691417, 'subsample': 0.6633544603636037, 'alpha': 0.07650577898402718, 'lambda': 0.006964377524743152, 'gamma': 2.8344597189541398e-05, 'min_child_weight': 44.40280031371127}. Best is trial 28 with value: 0.13658740240280592.[0m
[32m[I 2023-01-30 05:03:55,515][0m Trial 30 finished with value: 0.1386655234068354 and parameters: {'max_depth': 12, 'learning_rate': 0.01732137611041385, 'colsample_bytree': 0.2048202619365332, 'subsample': 0.664934073465822, 'alpha': 0.027105769238963, 'lambda': 0.059729042976009394, 'gamma': 0.00020263075676247018, 'min_child_weight': 15.089305583188885}. Best is trial 28 with value: 0.13658740240280592.[0m
[32m[I 2023-01-30 05:05:29,158][0m Trial 31 finished with value: 0.16152663667681164 and parameters: {'max_depth': 10, 'learning_rate': 0.010904635440204343, 'colsample_bytree': 0.24893415797080884, 'subsample': 0.7024474455624398, 'alpha': 0.01140283100657318, 'lambda': 0.00046879622745811555, 'gamma': 0.010435543366971313, 'min_child_weight': 26.61394398189563}. Best is trial 28 with value: 0.13658740240280592.[0m
[32m[I 2023-01-30 05:06:34,263][0m Trial 32 finished with value: 0.1387388541476336 and parameters: {'max_depth': 10, 'learning_rate': 0.0094082889909021, 'colsample_bytree': 0.20703970109420763, 'subsample': 0.671117493958785, 'alpha': 0.021673152400335533, 'lambda': 0.01052721672902246, 'gamma': 4.297748017554237e-06, 'min_child_weight': 12.97643199877567}. Best is trial 28 with value: 0.13658740240280592.[0m
[32m[I 2023-01-30 05:07:12,115][0m Trial 33 finished with value: 0.15082799975370134 and parameters: {'max_depth': 10, 'learning_rate': 0.012934654540150681, 'colsample_bytree': 0.23156717287230222, 'subsample': 0.7334211657528196, 'alpha': 0.03498672858837085, 'lambda': 0.43040455799343513, 'gamma': 0.0007855336340372084, 'min_child_weight': 24.68193883764949}. Best is trial 28 with value: 0.13658740240280592.[0m
[32m[I 2023-01-30 05:08:10,226][0m Trial 34 finished with value: 0.1387939698561252 and parameters: {'max_depth': 11, 'learning_rate': 0.009337225028389429, 'colsample_bytree': 0.20265673723152874, 'subsample': 0.7639800426244545, 'alpha': 0.010318421990974184, 'lambda': 0.00044261031985788434, 'gamma': 0.035305329486954806, 'min_child_weight': 14.428676111792635}. Best is trial 28 with value: 0.13658740240280592.[0m
[32m[I 2023-01-30 05:09:01,052][0m Trial 35 finished with value: 0.1966757711136738 and parameters: {'max_depth': 11, 'learning_rate': 0.007048552354437539, 'colsample_bytree': 0.2887701274480003, 'subsample': 0.7067120230077677, 'alpha': 0.017863390022351742, 'lambda': 0.003559372979431722, 'gamma': 0.002682860018043949, 'min_child_weight': 39.432416797052895}. Best is trial 28 with value: 0.13658740240280592.[0m
[32m[I 2023-01-30 05:09:35,831][0m Trial 36 finished with value: 0.23655624059119998 and parameters: {'max_depth': 9, 'learning_rate': 0.005536708191657205, 'colsample_bytree': 0.24360187489190716, 'subsample': 0.6364430110221326, 'alpha': 0.060388761361029296, 'lambda': 0.029277828845637174, 'gamma': 0.012456415472012412, 'min_child_weight': 57.774055899935625}. Best is trial 28 with value: 0.13658740240280592.[0m
[32m[I 2023-01-30 05:10:05,750][0m Trial 37 finished with value: 0.13614803360950548 and parameters: {'max_depth': 10, 'learning_rate': 0.017373228983047235, 'colsample_bytree': 0.2779877798945601, 'subsample': 0.7459029566435444, 'alpha': 0.03322637279705971, 'lambda': 0.3726042744504757, 'gamma': 5.457459290858205e-06, 'min_child_weight': 16.22151124926032}. Best is trial 37 with value: 0.13614803360950548.[0m
[32m[I 2023-01-30 05:10:29,482][0m Trial 38 finished with value: 0.18377886131594906 and parameters: {'max_depth': 11, 'learning_rate': 0.01856944511067107, 'colsample_bytree': 0.2817608531209882, 'subsample': 0.7521902010559987, 'alpha': 0.08231285684276454, 'lambda': 1.3534381970641511, 'gamma': 1.3743488679520128e-06, 'min_child_weight': 34.00083761308036}. Best is trial 37 with value: 0.13614803360950548.[0m
[32m[I 2023-01-30 05:11:06,115][0m Trial 39 finished with value: 0.1374924803708515 and parameters: {'max_depth': 9, 'learning_rate': 0.01725168879261348, 'colsample_bytree': 0.34098527819265656, 'subsample': 0.7781703476748011, 'alpha': 0.03434705803859864, 'lambda': 0.3790439677148333, 'gamma': 1.4489485072222884e-05, 'min_child_weight': 16.215594494880005}. Best is trial 37 with value: 0.13614803360950548.[0m
[32m[I 2023-01-30 05:11:34,006][0m Trial 40 finished with value: 0.20262612476352776 and parameters: {'max_depth': 9, 'learning_rate': 0.016491194910419775, 'colsample_bytree': 0.33916789768418865, 'subsample': 0.6802170849904248, 'alpha': 0.036321117510979065, 'lambda': 0.2487048878465155, 'gamma': 1.485795100366713e-08, 'min_child_weight': 54.75255774189738}. Best is trial 37 with value: 0.13614803360950548.[0m
[32m[I 2023-01-30 05:12:03,719][0m Trial 41 finished with value: 0.13754455566477947 and parameters: {'max_depth': 10, 'learning_rate': 0.01992900842952731, 'colsample_bytree': 0.3125443111590241, 'subsample': 0.7782095817624592, 'alpha': 0.017819108249382726, 'lambda': 1.3056601990653436, 'gamma': 1.251378230020577e-05, 'min_child_weight': 16.575513974697323}. Best is trial 37 with value: 0.13614803360950548.[0m
[32m[I 2023-01-30 05:12:33,895][0m Trial 42 finished with value: 0.14173372110806548 and parameters: {'max_depth': 10, 'learning_rate': 0.025706228635049313, 'colsample_bytree': 0.31182248486577285, 'subsample': 0.7424764404209375, 'alpha': 0.01733710871112287, 'lambda': 9.665215929772538, 'gamma': 8.609926490158937e-06, 'min_child_weight': 15.567680612697265}. Best is trial 37 with value: 0.13614803360950548.[0m
[32m[I 2023-01-30 05:12:59,817][0m Trial 43 finished with value: 0.14426072239991447 and parameters: {'max_depth': 10, 'learning_rate': 0.019236081353302542, 'colsample_bytree': 0.3393158329911227, 'subsample': 0.7788826213859804, 'alpha': 0.024654871647455535, 'lambda': 1.8314589591595754, 'gamma': 3.4292381201161257e-07, 'min_child_weight': 22.32113461606633}. Best is trial 37 with value: 0.13614803360950548.[0m
[32m[I 2023-01-30 05:13:22,517][0m Trial 44 finished with value: 0.13264207540465114 and parameters: {'max_depth': 11, 'learning_rate': 0.03571569540682792, 'colsample_bytree': 0.30152318824908186, 'subsample': 0.7708930025077086, 'alpha': 0.03443696570459541, 'lambda': 0.16159647535713373, 'gamma': 2.4764292568813206e-05, 'min_child_weight': 12.64909173731113}. Best is trial 44 with value: 0.13264207540465114.[0m
[32m[I 2023-01-30 05:13:44,109][0m Trial 45 finished with value: 0.13683694902812482 and parameters: {'max_depth': 11, 'learning_rate': 0.03566030214632455, 'colsample_bytree': 0.252918596292182, 'subsample': 0.7405695619166699, 'alpha': 0.03465897307300743, 'lambda': 0.32200229656588547, 'gamma': 0.00013692233641365094, 'min_child_weight': 12.61312641234026}. Best is trial 44 with value: 0.13264207540465114.[0m
[32m[I 2023-01-30 05:14:22,906][0m Trial 46 finished with value: 0.13734829666145504 and parameters: {'max_depth': 12, 'learning_rate': 0.03267584568571812, 'colsample_bytree': 0.2536890411153883, 'subsample': 0.7995795850746867, 'alpha': 0.06536058698175543, 'lambda': 0.1734500192516539, 'gamma': 0.00011761445374008723, 'min_child_weight': 12.619057212768531}. Best is trial 44 with value: 0.13264207540465114.[0m
[32m[I 2023-01-30 05:14:40,903][0m Trial 47 finished with value: 0.1398345584735416 and parameters: {'max_depth': 12, 'learning_rate': 0.037273442294289735, 'colsample_bytree': 0.25405915166164866, 'subsample': 0.46687363812790006, 'alpha': 0.06509688623418855, 'lambda': 0.2344939013691573, 'gamma': 0.0001844955098278411, 'min_child_weight': 12.250036572276489}. Best is trial 44 with value: 0.13264207540465114.[0m
[32m[I 2023-01-30 05:14:56,250][0m Trial 48 finished with value: 0.163460495290475 and parameters: {'max_depth': 12, 'learning_rate': 0.033321816999879, 'colsample_bytree': 0.2953360533359537, 'subsample': 0.7999911200223041, 'alpha': 0.10115441005580623, 'lambda': 0.11862377492322423, 'gamma': 1.1506293963846505e-06, 'min_child_weight': 30.695139156433736}. Best is trial 44 with value: 0.13264207540465114.[0m
[32m[I 2023-01-30 05:15:12,120][0m Trial 49 finished with value: 0.14139984064395378 and parameters: {'max_depth': 11, 'learning_rate': 0.03858212560678789, 'colsample_bytree': 0.5975901654259774, 'subsample': 0.5433082633018441, 'alpha': 0.014229059894273663, 'lambda': 0.03256629896855036, 'gamma': 7.679887278085131e-05, 'min_child_weight': 13.196482284304903}. Best is trial 44 with value: 0.13264207540465114.[0m
[32m[I 2023-01-30 05:15:14,678][0m Trial 50 finished with value: 29.813640523585832 and parameters: {'max_depth': 12, 'learning_rate': 0.03421164849261485, 'colsample_bytree': 0.23068104150107127, 'subsample': 0.7467621960454688, 'alpha': 0.026144534738410996, 'lambda': 2.9730166541054994, 'gamma': 7.577317014194713e-05, 'min_child_weight': 420.1295845949009}. Best is trial 44 with value: 0.13264207540465114.[0m
[32m[I 2023-01-30 05:15:32,625][0m Trial 51 finished with value: 0.1382871553539821 and parameters: {'max_depth': 11, 'learning_rate': 0.04362241271078955, 'colsample_bytree': 0.3586593646670334, 'subsample': 0.7691761866364876, 'alpha': 0.04522505360463053, 'lambda': 0.6051948454206384, 'gamma': 1.891331718150015e-05, 'min_child_weight': 17.087289934767078}. Best is trial 44 with value: 0.13264207540465114.[0m
[32m[I 2023-01-30 05:15:51,162][0m Trial 52 finished with value: 0.14687148403674316 and parameters: {'max_depth': 11, 'learning_rate': 0.026193921548588038, 'colsample_bytree': 0.26983132481504374, 'subsample': 0.7368871836565283, 'alpha': 0.03187205767740477, 'lambda': 0.1525227007222336, 'gamma': 4.697316799474009e-06, 'min_child_weight': 22.766122710859854}. Best is trial 44 with value: 0.13264207540465114.[0m
[32m[I 2023-01-30 05:16:16,033][0m Trial 53 finished with value: 0.14150827234383054 and parameters: {'max_depth': 11, 'learning_rate': 0.047044178851462115, 'colsample_bytree': 0.2997163547535199, 'subsample': 0.7667094425408623, 'alpha': 0.055772514288336766, 'lambda': 0.02593409401495862, 'gamma': 0.0005216101446748654, 'min_child_weight': 11.423382991147797}. Best is trial 44 with value: 0.13264207540465114.[0m
