[32m[I 2023-01-30 00:47:08,807][0m Trial 19 finished with value: 17.997703218469947 and parameters: {'max_depth': 4, 'learning_rate': 0.007966359189498355, 'colsample_bytree': 0.20311591997267348, 'subsample': 0.7902332994072868, 'alpha': 0.6724033077631703, 'lambda': 2.585649122724166e-06, 'gamma': 0.029893713113116456, 'min_child_weight': 41.089655170067076}. Best is trial 14 with value: 0.87553319524982.[0m
[32m[I 2023-01-30 00:47:37,374][0m Trial 20 finished with value: 0.8793414531892493 and parameters: {'max_depth': 6, 'learning_rate': 0.006253889004408727, 'colsample_bytree': 0.5300380909197979, 'subsample': 0.5624495021690894, 'alpha': 0.11598085716429123, 'lambda': 1.2639745123435844e-07, 'gamma': 0.002610031064988619, 'min_child_weight': 15.459067225813893}. Best is trial 14 with value: 0.87553319524982.[0m
[32m[I 2023-01-30 00:47:50,212][0m Trial 21 finished with value: 0.872871248259831 and parameters: {'max_depth': 9, 'learning_rate': 0.024925319006313316, 'colsample_bytree': 0.3777605395315492, 'subsample': 0.6255370917840981, 'alpha': 0.37798466454807067, 'lambda': 1.0739175450730424e-08, 'gamma': 0.7213932516797269, 'min_child_weight': 17.710095989787735}. Best is trial 21 with value: 0.872871248259831.[0m
[32m[I 2023-01-30 00:48:05,665][0m Trial 22 finished with value: 0.9712475651583399 and parameters: {'max_depth': 10, 'learning_rate': 0.020743446985964895, 'colsample_bytree': 0.4018074970785404, 'subsample': 0.6359043031089715, 'alpha': 0.48476726872545134, 'lambda': 8.544227999800168e-08, 'gamma': 0.1769436721942746, 'min_child_weight': 10.031507121031822}. Best is trial 21 with value: 0.872871248259831.[0m
[32m[I 2023-01-30 00:48:26,380][0m Trial 23 finished with value: 0.8771052133681053 and parameters: {'max_depth': 8, 'learning_rate': 0.014125378151851843, 'colsample_bytree': 0.33059407034520316, 'subsample': 0.5685792114806639, 'alpha': 1.2916353630593298, 'lambda': 5.763638286540141e-07, 'gamma': 1.7754289072737874, 'min_child_weight': 19.659868452089263}. Best is trial 21 with value: 0.872871248259831.[0m
[32m[I 2023-01-30 00:48:31,896][0m Trial 24 finished with value: 17.079432566144384 and parameters: {'max_depth': 10, 'learning_rate': 0.02714928264457021, 'colsample_bytree': 0.44132811616399437, 'subsample': 0.7003491929585314, 'alpha': 0.25802560725446344, 'lambda': 1.3251711192111786e-08, 'gamma': 2.804940701710134, 'min_child_weight': 34.58522631991598}. Best is trial 21 with value: 0.872871248259831.[0m
[32m[I 2023-01-30 00:49:05,906][0m Trial 25 finished with value: 0.8779533802500843 and parameters: {'max_depth': 8, 'learning_rate': 0.009015278023128265, 'colsample_bytree': 0.38321695128400746, 'subsample': 0.5003997953241528, 'alpha': 2.4073060496166234, 'lambda': 2.5576234995129676e-05, 'gamma': 0.437914575571531, 'min_child_weight': 16.06532124752327}. Best is trial 21 with value: 0.872871248259831.[0m
[32m[I 2023-01-30 00:49:09,648][0m Trial 26 finished with value: 17.997703218469947 and parameters: {'max_depth': 9, 'learning_rate': 0.0054023074018582345, 'colsample_bytree': 0.31416267587266, 'subsample': 0.6432376551923967, 'alpha': 1.050393730122138, 'lambda': 5.525413702476313e-08, 'gamma': 0.03552442783790131, 'min_child_weight': 75.71288751296714}. Best is trial 21 with value: 0.872871248259831.[0m
[32m[I 2023-01-30 00:49:48,574][0m Trial 27 finished with value: 0.8770064578525639 and parameters: {'max_depth': 10, 'learning_rate': 0.007046437952397861, 'colsample_bytree': 0.4303638558320439, 'subsample': 0.7094146983770441, 'alpha': 0.12731342076726965, 'lambda': 3.6159835842015904e-06, 'gamma': 8.553975195105798, 'min_child_weight': 23.9753553267456}. Best is trial 21 with value: 0.872871248259831.[0m
[32m[I 2023-01-30 00:50:15,955][0m Trial 28 finished with value: 0.9223233957743127 and parameters: {'max_depth': 7, 'learning_rate': 0.016727247433408834, 'colsample_bytree': 0.356745851627064, 'subsample': 0.5816958604038015, 'alpha': 0.49607618951450244, 'lambda': 6.442313559093072e-07, 'gamma': 0.21627504674602457, 'min_child_weight': 13.908695271174885}. Best is trial 21 with value: 0.872871248259831.[0m
[32m[I 2023-01-30 00:50:27,308][0m Trial 29 finished with value: 17.997703218469947 and parameters: {'max_depth': 12, 'learning_rate': 0.032481480131345095, 'colsample_bytree': 0.39690691180373056, 'subsample': 0.6745548993962112, 'alpha': 0.08488235998023154, 'lambda': 0.00029799068266411175, 'gamma': 0.012070992428909006, 'min_child_weight': 321.5925259189849}. Best is trial 21 with value: 0.872871248259831.[0m
[32m[I 2023-01-30 00:50:33,498][0m Trial 30 finished with value: 17.997703218469947 and parameters: {'max_depth': 5, 'learning_rate': 0.024275153724205342, 'colsample_bytree': 0.5046982537253895, 'subsample': 0.5299021210187616, 'alpha': 0.03624576026738133, 'lambda': 3.239262841464763e-08, 'gamma': 0.0003020931582554403, 'min_child_weight': 57.914791133422526}. Best is trial 21 with value: 0.872871248259831.[0m
[32m[I 2023-01-30 00:50:53,576][0m Trial 31 finished with value: 0.8700814636697254 and parameters: {'max_depth': 9, 'learning_rate': 0.03265122455212389, 'colsample_bytree': 0.37581543580329, 'subsample': 0.6247283222162524, 'alpha': 0.3019373726972272, 'lambda': 3.969356277048072e-08, 'gamma': 0.7487125468069262, 'min_child_weight': 18.333426695979984}. Best is trial 31 with value: 0.8700814636697254.[0m
[32m[I 2023-01-30 00:51:40,925][0m Trial 32 finished with value: 0.8691051722569008 and parameters: {'max_depth': 9, 'learning_rate': 0.035621619682284895, 'colsample_bytree': 0.34153718482881, 'subsample': 0.6250767290459552, 'alpha': 0.5206580738017615, 'lambda': 1.0582479114614274e-08, 'gamma': 1.444205845958173, 'min_child_weight': 27.10968782021677}. Best is trial 32 with value: 0.8691051722569008.[0m
[32m[I 2023-01-30 00:51:48,004][0m Trial 33 finished with value: 17.997703218469947 and parameters: {'max_depth': 9, 'learning_rate': 0.034982503255475125, 'colsample_bytree': 0.37504238141126484, 'subsample': 0.6248440389105331, 'alpha': 0.17586485482280492, 'lambda': 2.423128183653791e-07, 'gamma': 0.9861867007699433, 'min_child_weight': 32.73351012336484}. Best is trial 32 with value: 0.8691051722569008.[0m
[32m[I 2023-01-30 00:51:53,368][0m Trial 34 finished with value: 17.997703218469947 and parameters: {'max_depth': 11, 'learning_rate': 0.03607369556984363, 'colsample_bytree': 0.4173025915862594, 'subsample': 0.6660573734239654, 'alpha': 4.715257600139613, 'lambda': 5.856827218239232e-08, 'gamma': 0.06236660923600894, 'min_child_weight': 42.27148422625652}. Best is trial 32 with value: 0.8691051722569008.[0m
[32m[I 2023-01-30 00:52:06,543][0m Trial 35 finished with value: 0.8709907613129426 and parameters: {'max_depth': 10, 'learning_rate': 0.04581094773304173, 'colsample_bytree': 0.45632294561927056, 'subsample': 0.651872268026055, 'alpha': 0.4212252735916734, 'lambda': 2.3194078318670213e-07, 'gamma': 0.011176178672614837, 'min_child_weight': 23.920859313419516}. Best is trial 32 with value: 0.8691051722569008.[0m
[32m[I 2023-01-30 00:53:27,373][0m Trial 36 finished with value: 0.8796412579621891 and parameters: {'max_depth': 10, 'learning_rate': 0.04190240744385804, 'colsample_bytree': 0.47690720457626673, 'subsample': 0.6195747126875515, 'alpha': 0.4375202688785626, 'lambda': 3.310604233193438e-07, 'gamma': 0.0016690835726702478, 'min_child_weight': 27.675104040485}. Best is trial 32 with value: 0.8691051722569008.[0m
[32m[I 2023-01-30 00:53:31,570][0m Trial 37 finished with value: 17.997703218469947 and parameters: {'max_depth': 11, 'learning_rate': 0.04726853121681061, 'colsample_bytree': 0.4509707642746743, 'subsample': 0.4578986034601823, 'alpha': 0.28589775030389664, 'lambda': 1.064403959491091e-06, 'gamma': 0.021077247103910575, 'min_child_weight': 46.48467363109083}. Best is trial 32 with value: 0.8691051722569008.[0m
[32m[I 2023-01-30 00:53:53,920][0m Trial 38 finished with value: 0.876807596947773 and parameters: {'max_depth': 10, 'learning_rate': 0.02756605803743614, 'colsample_bytree': 0.5013860688582751, 'subsample': 0.686520405698009, 'alpha': 0.07986530822858874, 'lambda': 0.04120149618552942, 'gamma': 0.005689291993849464, 'min_child_weight': 24.07119042145142}. Best is trial 32 with value: 0.8691051722569008.[0m
[32m[I 2023-01-30 00:53:59,314][0m Trial 39 finished with value: 17.997703218469947 and parameters: {'max_depth': 8, 'learning_rate': 0.03935492644424578, 'colsample_bytree': 0.5453606512598063, 'subsample': 0.7263842795868067, 'alpha': 0.0567384724685504, 'lambda': 9.137078089426578e-08, 'gamma': 0.0005645424351357796, 'min_child_weight': 59.139549996446924}. Best is trial 32 with value: 0.8691051722569008.[0m
[32m[I 2023-01-30 00:54:03,767][0m Trial 40 finished with value: 17.997703218469947 and parameters: {'max_depth': 9, 'learning_rate': 0.024585381225160033, 'colsample_bytree': 0.34299236861833127, 'subsample': 0.5810531903354799, 'alpha': 0.26389395170306684, 'lambda': 0.5926101492671988, 'gamma': 0.16646197542739025, 'min_child_weight': 35.84315271976091}. Best is trial 32 with value: 0.8691051722569008.[0m
[32m[I 2023-01-30 00:54:50,846][0m Trial 41 finished with value: 0.8728004281495048 and parameters: {'max_depth': 9, 'learning_rate': 0.031132091929440726, 'colsample_bytree': 0.37709057714028354, 'subsample': 0.6582200910808524, 'alpha': 0.5279368442892085, 'lambda': 3.4334311247619817e-08, 'gamma': 0.6002165653518076, 'min_child_weight': 20.536413759565885}. Best is trial 32 with value: 0.8691051722569008.[0m
[32m[I 2023-01-30 00:55:30,489][0m Trial 42 finished with value: 0.8713276127127717 and parameters: {'max_depth': 9, 'learning_rate': 0.031164976629357712, 'colsample_bytree': 0.4170051528956479, 'subsample': 0.6313438114718758, 'alpha': 0.485101057786795, 'lambda': 3.450047769475187e-08, 'gamma': 1.584618814854752, 'min_child_weight': 18.69521659017915}. Best is trial 32 with value: 0.8691051722569008.[0m
[32m[I 2023-01-30 00:56:07,421][0m Trial 43 finished with value: 0.9699055768255388 and parameters: {'max_depth': 10, 'learning_rate': 0.030819462948174736, 'colsample_bytree': 0.45670053544315475, 'subsample': 0.6589444534573136, 'alpha': 0.5652632317620125, 'lambda': 3.1203267867444615e-08, 'gamma': 3.0487150344987914, 'min_child_weight': 11.502688453692642}. Best is trial 32 with value: 0.8691051722569008.[0m
[32m[I 2023-01-30 00:56:27,634][0m Trial 44 finished with value: 0.8716538553395672 and parameters: {'max_depth': 8, 'learning_rate': 0.044319994451251274, 'colsample_bytree': 0.4190852824861967, 'subsample': 0.6098640569244111, 'alpha': 0.14389165179196092, 'lambda': 3.704179381908485e-08, 'gamma': 0.09896994616689757, 'min_child_weight': 22.310249387579965}. Best is trial 32 with value: 0.8691051722569008.[0m
[32m[I 2023-01-30 00:56:55,042][0m Trial 45 finished with value: 0.9174645636903325 and parameters: {'max_depth': 8, 'learning_rate': 0.043967532592905055, 'colsample_bytree': 0.5906013866659946, 'subsample': 0.603374631677937, 'alpha': 0.13645600332865582, 'lambda': 1.6798593554170246e-07, 'gamma': 0.05589206049780369, 'min_child_weight': 13.246902185277548}. Best is trial 32 with value: 0.8691051722569008.[0m
[32m[I 2023-01-30 00:58:26,409][0m Trial 46 finished with value: 0.872696823127945 and parameters: {'max_depth': 8, 'learning_rate': 0.036988318987261154, 'colsample_bytree': 0.4162228994631677, 'subsample': 0.6366918430062014, 'alpha': 0.2120307343463049, 'lambda': 1.6686973316556162e-06, 'gamma': 0.008279462944121631, 'min_child_weight': 28.56958028375817}. Best is trial 32 with value: 0.8691051722569008.[0m
[32m[I 2023-01-30 00:58:46,700][0m Trial 47 finished with value: 0.874556449533251 and parameters: {'max_depth': 11, 'learning_rate': 0.04964684140722979, 'colsample_bytree': 0.4311751601171977, 'subsample': 0.6085264099838025, 'alpha': 0.011074879068938403, 'lambda': 0.004204651808069014, 'gamma': 0.1464627743700037, 'min_child_weight': 23.0366396842869}. Best is trial 32 with value: 0.8691051722569008.[0m
[32m[I 2023-01-30 00:58:55,019][0m Trial 48 finished with value: 17.997703218469947 and parameters: {'max_depth': 10, 'learning_rate': 0.04385969021630666, 'colsample_bytree': 0.2850081288687829, 'subsample': 0.5757451088314994, 'alpha': 0.35228827742168606, 'lambda': 1.0494963249270904e-05, 'gamma': 1.4994398546637178, 'min_child_weight': 50.79762770809103}. Best is trial 32 with value: 0.8691051722569008.[0m
[32m[I 2023-01-30 00:59:12,733][0m Trial 49 finished with value: 0.8667448014773699 and parameters: {'max_depth': 9, 'learning_rate': 0.04015535120857359, 'colsample_bytree': 0.39617561708655274, 'subsample': 0.5368853433794856, 'alpha': 0.1624359540105905, 'lambda': 2.778529357689735e-08, 'gamma': 2.1070403693534304e-08, 'min_child_weight': 17.01863977100143}. Best is trial 49 with value: 0.8667448014773699.[0m
[32m[I 2023-01-30 00:59:49,602][0m Trial 50 finished with value: 0.8752009605888388 and parameters: {'max_depth': 9, 'learning_rate': 0.03382815300012023, 'colsample_bytree': 0.39719248897739146, 'subsample': 0.47963128613087247, 'alpha': 0.9906576828560659, 'lambda': 2.625355498086111e-07, 'gamma': 3.351691946651726e-07, 'min_child_weight': 17.07111500576008}. Best is trial 49 with value: 0.8667448014773699.[0m
[32m[I 2023-01-30 01:00:19,024][0m Trial 51 finished with value: 0.900966944836194 and parameters: {'max_depth': 8, 'learning_rate': 0.0385983638801732, 'colsample_bytree': 0.4078552057571558, 'subsample': 0.534068536453698, 'alpha': 0.1667535051512935, 'lambda': 2.9076533084251813e-08, 'gamma': 1.036233162061302e-08, 'min_child_weight': 12.806316277811003}. Best is trial 49 with value: 0.8667448014773699.[0m
[32m[I 2023-01-30 01:00:47,994][0m Trial 52 finished with value: 0.8702896405814936 and parameters: {'max_depth': 9, 'learning_rate': 0.045808148640002086, 'colsample_bytree': 0.46001306864946984, 'subsample': 0.5881801848734259, 'alpha': 0.22916769654845903, 'lambda': 8.48836955189375e-08, 'gamma': 2.116806293386521e-05, 'min_child_weight': 18.04874972984732}. Best is trial 49 with value: 0.8667448014773699.[0m
[32m[I 2023-01-30 01:01:04,715][0m Trial 53 finished with value: 0.8770962562662101 and parameters: {'max_depth': 9, 'learning_rate': 0.04008739601132884, 'colsample_bytree': 0.4685979840053051, 'subsample': 0.5891533056559062, 'alpha': 0.2466894080163121, 'lambda': 7.288571554529296e-08, 'gamma': 4.070921718450854e-06, 'min_child_weight': 15.586405685493855}. Best is trial 49 with value: 0.8667448014773699.[0m
[32m[I 2023-01-30 01:01:26,844][0m Trial 54 finished with value: 0.8735755734602213 and parameters: {'max_depth': 10, 'learning_rate': 0.02972759506506888, 'colsample_bytree': 0.44055128886565537, 'subsample': 0.5126582980122176, 'alpha': 0.362231672285235, 'lambda': 1.2632414630504866e-07, 'gamma': 2.3992052963773083e-06, 'min_child_weight': 17.88874349701566}. Best is trial 49 with value: 0.8667448014773699.[0m
[32m[I 2023-01-30 01:01:51,373][0m Trial 55 finished with value: 0.9009743005181716 and parameters: {'max_depth': 9, 'learning_rate': 0.04738207511705497, 'colsample_bytree': 0.49606267182027536, 'subsample': 0.555496681084597, 'alpha': 0.22100022939890981, 'lambda': 2.1486430310544685e-08, 'gamma': 8.810614974237696e-06, 'min_child_weight': 11.264202274219885}. Best is trial 49 with value: 0.8667448014773699.[0m
[32m[I 2023-01-30 01:03:29,733][0m Trial 56 finished with value: 0.8797680072172437 and parameters: {'max_depth': 10, 'learning_rate': 0.03418257754315162, 'colsample_bytree': 0.5139857525181167, 'subsample': 0.6300634902484488, 'alpha': 0.6393644016985862, 'lambda': 4.666280335384891e-07, 'gamma': 3.724678397170422e-08, 'min_child_weight': 27.717280800882563}. Best is trial 49 with value: 0.8667448014773699.[0m
[32m[I 2023-01-30 01:03:39,437][0m Trial 57 finished with value: 17.997703218469947 and parameters: {'max_depth': 9, 'learning_rate': 0.02118293692555655, 'colsample_bytree': 0.3421932135364317, 'subsample': 0.6820236726693477, 'alpha': 0.3171762667618079, 'lambda': 6.699277778529205e-06, 'gamma': 6.735805836316948e-05, 'min_child_weight': 38.15363980738969}. Best is trial 49 with value: 0.8667448014773699.[0m
[32m[I 2023-01-30 01:04:12,674][0m Trial 58 finished with value: 0.9293410234111569 and parameters: {'max_depth': 10, 'learning_rate': 0.03700406120744505, 'colsample_bytree': 0.389803313479311, 'subsample': 0.648998993970968, 'alpha': 0.10709865282369957, 'lambda': 1.3585381500566015e-07, 'gamma': 9.216654333281613e-07, 'min_child_weight': 14.687396375763095}. Best is trial 49 with value: 0.8667448014773699.[0m
[32m[I 2023-01-30 01:04:32,901][0m Trial 59 finished with value: 17.997703218469947 and parameters: {'max_depth': 11, 'learning_rate': 0.041405715989670945, 'colsample_bytree': 0.360483172059393, 'subsample': 0.5939147071427393, 'alpha': 0.7455547393649434, 'lambda': 1.1900884927099377e-06, 'gamma': 4.0253934379213065, 'min_child_weight': 95.11699057773782}. Best is trial 49 with value: 0.8667448014773699.[0m
[32m[I 2023-01-30 01:05:00,656][0m Trial 60 finished with value: 0.8705290456662486 and parameters: {'max_depth': 9, 'learning_rate': 0.019199749690445907, 'colsample_bytree': 0.44352035491519676, 'subsample': 0.5387449981174823, 'alpha': 0.430341337728681, 'lambda': 1.0745904075029862e-08, 'gamma': 3.155489502939312e-05, 'min_child_weight': 18.77569289087804}. Best is trial 49 with value: 0.8667448014773699.[0m
[32m[I 2023-01-30 01:05:19,861][0m Trial 61 finished with value: 0.8777306490084337 and parameters: {'max_depth': 9, 'learning_rate': 0.027295562737414288, 'colsample_bytree': 0.46611366927281844, 'subsample': 0.549036368153804, 'alpha': 0.44042536153070266, 'lambda': 1.8565245582760484e-08, 'gamma': 0.00012066314090132607, 'min_child_weight': 18.34199117560005}. Best is trial 49 with value: 0.8667448014773699.[0m
[32m[I 2023-01-30 01:06:04,689][0m Trial 62 finished with value: 0.8752630569865204 and parameters: {'max_depth': 9, 'learning_rate': 0.01946389220702124, 'colsample_bytree': 0.45025762259518604, 'subsample': 0.5375588473067368, 'alpha': 1.7256364229719223, 'lambda': 1.038687396558548e-08, 'gamma': 1.1337203046679186e-05, 'min_child_weight': 20.659544222248208}. Best is trial 49 with value: 0.8667448014773699.[0m
[32m[I 2023-01-30 01:09:42,894][0m Trial 63 finished with value: 0.8908132308396898 and parameters: {'max_depth': 9, 'learning_rate': 0.012788987241307687, 'colsample_bytree': 0.4382679132747821, 'subsample': 0.5622706041836476, 'alpha': 0.807818794796355, 'lambda': 7.029729407720814e-08, 'gamma': 2.924559738058169e-05, 'min_child_weight': 26.291675093245384}. Best is trial 49 with value: 0.8667448014773699.[0m
[32m[I 2023-01-30 01:09:50,433][0m Trial 64 finished with value: 17.997703218469947 and parameters: {'max_depth': 8, 'learning_rate': 0.04519288102681508, 'colsample_bytree': 0.48990339776126623, 'subsample': 0.5229447480883701, 'alpha': 0.4176859325891379, 'lambda': 2.0673945628352826e-08, 'gamma': 1.500413480227619e-07, 'min_child_weight': 31.353453611792805}. Best is trial 49 with value: 0.8667448014773699.[0m
[32m[I 2023-01-30 01:10:20,488][0m Trial 65 finished with value: 0.9445883134476901 and parameters: {'max_depth': 10, 'learning_rate': 0.02286896655860507, 'colsample_bytree': 0.4109949542221907, 'subsample': 0.618381948521918, 'alpha': 0.10015881465197657, 'lambda': 5.3179153133222654e-08, 'gamma': 0.00029986364115762535, 'min_child_weight': 12.643877637253963}. Best is trial 49 with value: 0.8667448014773699.[0m
[32m[I 2023-01-30 01:10:36,338][0m Trial 66 finished with value: 0.867674029887846 and parameters: {'max_depth': 9, 'learning_rate': 0.03293984962832171, 'colsample_bytree': 0.31835639445352326, 'subsample': 0.48802181956064006, 'alpha': 0.303478598645586, 'lambda': 3.516625688142683e-07, 'gamma': 0.28398789273709896, 'min_child_weight': 15.215782438449459}. Best is trial 49 with value: 0.8667448014773699.[0m
[32m[I 2023-01-30 01:11:07,946][0m Trial 67 finished with value: 0.9407810472077234 and parameters: {'max_depth': 7, 'learning_rate': 0.01809729395249412, 'colsample_bytree': 0.310718916758802, 'subsample': 0.48110139406323277, 'alpha': 0.06381324396494929, 'lambda': 3.564384523972227e-07, 'gamma': 2.0247475575752513e-05, 'min_child_weight': 10.822563186625171}. Best is trial 49 with value: 0.8667448014773699.[0m
[32m[I 2023-01-30 01:11:46,396][0m Trial 68 finished with value: 0.8695344862058978 and parameters: {'max_depth': 10, 'learning_rate': 0.03836794100031192, 'colsample_bytree': 0.26326955900891813, 'subsample': 0.42843988262956884, 'alpha': 0.16842104297209382, 'lambda': 0.0005584483934005464, 'gamma': 0.31185576426451156, 'min_child_weight': 15.656648640840134}. Best is trial 49 with value: 0.8667448014773699.[0m
[32m[I 2023-01-30 01:12:36,014][0m Trial 69 finished with value: 0.872029521861198 and parameters: {'max_depth': 8, 'learning_rate': 0.02580225861975703, 'colsample_bytree': 0.2520003459328638, 'subsample': 0.414058161911181, 'alpha': 0.16474947474484197, 'lambda': 0.0002459152644202837, 'gamma': 0.3675682166685055, 'min_child_weight': 14.6990127828672}. Best is trial 49 with value: 0.8667448014773699.[0m
[32m[I 2023-01-30 01:13:05,828][0m Trial 70 finished with value: 0.931423662815031 and parameters: {'max_depth': 9, 'learning_rate': 0.028948633217486145, 'colsample_bytree': 0.21484658688920205, 'subsample': 0.43750402811418576, 'alpha': 0.29736795421450113, 'lambda': 0.0005898148582391935, 'gamma': 0.2803169523656402, 'min_child_weight': 10.122158801929091}. Best is trial 49 with value: 0.8667448014773699.[0m
