[32m[I 2023-01-30 03:58:55,786][0m Trial 58 finished with value: 0.9033839437439288 and parameters: {'max_depth': 7, 'learning_rate': 0.04511670855746624, 'colsample_bytree': 0.5802328172222501, 'subsample': 0.6483186822353654, 'alpha': 0.036213997990717436, 'lambda': 0.17536689425176288, 'gamma': 0.3182012173159131, 'min_child_weight': 17.14184447978837}. Best is trial 49 with value: 0.8366180312295055.[0m
[32m[I 2023-01-30 03:59:31,434][0m Trial 59 finished with value: 0.8854834190259966 and parameters: {'max_depth': 8, 'learning_rate': 0.030212112826948415, 'colsample_bytree': 0.5364985991700443, 'subsample': 0.6147553552306576, 'alpha': 0.11066317946263272, 'lambda': 1.2619837632556792, 'gamma': 0.046584781264530195, 'min_child_weight': 12.389244447922875}. Best is trial 49 with value: 0.8366180312295055.[0m
[32m[I 2023-01-30 04:00:03,075][0m Trial 60 finished with value: 0.8457676764105623 and parameters: {'max_depth': 9, 'learning_rate': 0.04966138365049363, 'colsample_bytree': 0.5946136724792909, 'subsample': 0.7054950542901314, 'alpha': 0.07650311771086932, 'lambda': 0.01725333776792904, 'gamma': 0.006526689771498683, 'min_child_weight': 22.892963871842085}. Best is trial 49 with value: 0.8366180312295055.[0m
[32m[I 2023-01-30 04:00:10,488][0m Trial 61 finished with value: 17.83832251068587 and parameters: {'max_depth': 9, 'learning_rate': 0.04908856375340469, 'colsample_bytree': 0.5901143091403738, 'subsample': 0.7065534667948047, 'alpha': 0.06585093674633151, 'lambda': 0.02925833553787476, 'gamma': 0.006111114321757088, 'min_child_weight': 869.4695987476578}. Best is trial 49 with value: 0.8366180312295055.[0m
[32m[I 2023-01-30 04:00:47,866][0m Trial 62 finished with value: 0.8471317210671762 and parameters: {'max_depth': 9, 'learning_rate': 0.03765429486068667, 'colsample_bytree': 0.572335355902529, 'subsample': 0.6721936168451839, 'alpha': 0.17645918033588429, 'lambda': 0.0034043277150913446, 'gamma': 0.13195026768463586, 'min_child_weight': 21.93927750231155}. Best is trial 49 with value: 0.8366180312295055.[0m
[32m[I 2023-01-30 04:01:31,450][0m Trial 63 finished with value: 0.8451507038864593 and parameters: {'max_depth': 10, 'learning_rate': 0.03922160390020099, 'colsample_bytree': 0.5713017002184679, 'subsample': 0.6776139132965937, 'alpha': 0.18057158057817824, 'lambda': 0.006034383287057253, 'gamma': 0.1525381267369597, 'min_child_weight': 23.213392480066485}. Best is trial 49 with value: 0.8366180312295055.[0m
[32m[I 2023-01-30 04:01:48,053][0m Trial 64 finished with value: 1.0021667216223453 and parameters: {'max_depth': 11, 'learning_rate': 0.03889156991374417, 'colsample_bytree': 0.5716308155304576, 'subsample': 0.6769438979093308, 'alpha': 0.0837370744990611, 'lambda': 0.002676212083331647, 'gamma': 0.15349171696946629, 'min_child_weight': 34.844695542923844}. Best is trial 49 with value: 0.8366180312295055.[0m
[32m[I 2023-01-30 04:02:29,285][0m Trial 65 finished with value: 0.8466015851219977 and parameters: {'max_depth': 10, 'learning_rate': 0.04607175989522365, 'colsample_bytree': 0.55361338552846, 'subsample': 0.6583147955504118, 'alpha': 0.16623801761563362, 'lambda': 0.006508486091975167, 'gamma': 0.02913080690499215, 'min_child_weight': 23.351909732297013}. Best is trial 49 with value: 0.8366180312295055.[0m
[32m[I 2023-01-30 04:03:04,082][0m Trial 66 finished with value: 0.8717701813113952 and parameters: {'max_depth': 10, 'learning_rate': 0.04477057439742622, 'colsample_bytree': 0.5490314867139292, 'subsample': 0.6624702686051247, 'alpha': 0.19288658567224073, 'lambda': 0.005329414715192505, 'gamma': 0.36895779988238514, 'min_child_weight': 18.21979339989696}. Best is trial 49 with value: 0.8366180312295055.[0m
[32m[I 2023-01-30 04:03:20,886][0m Trial 67 finished with value: 0.9830336721861335 and parameters: {'max_depth': 11, 'learning_rate': 0.048599193825881765, 'colsample_bytree': 0.5720472975570122, 'subsample': 0.6383982318474095, 'alpha': 0.11486500247478537, 'lambda': 0.0010291734071244674, 'gamma': 0.008188122526512695, 'min_child_weight': 29.13579344329721}. Best is trial 49 with value: 0.8366180312295055.[0m
[32m[I 2023-01-30 04:03:41,519][0m Trial 68 finished with value: 1.00368661326709 and parameters: {'max_depth': 10, 'learning_rate': 0.04233390726707351, 'colsample_bytree': 0.5104689982958099, 'subsample': 0.7994359979291217, 'alpha': 0.23876920831410173, 'lambda': 0.01038601707248596, 'gamma': 0.019319812459137067, 'min_child_weight': 42.32424262844049}. Best is trial 49 with value: 0.8366180312295055.[0m
[32m[I 2023-01-30 04:04:32,829][0m Trial 69 finished with value: 0.8553856369415925 and parameters: {'max_depth': 10, 'learning_rate': 0.035057270015773793, 'colsample_bytree': 0.5587969034525557, 'subsample': 0.7169913347146848, 'alpha': 0.05530734894753441, 'lambda': 0.04800686241286682, 'gamma': 0.11728505836176698, 'min_child_weight': 22.183180963115053}. Best is trial 49 with value: 0.8366180312295055.[0m
[32m[I 2023-01-30 04:06:02,964][0m Trial 70 finished with value: 0.9090434569851519 and parameters: {'max_depth': 10, 'learning_rate': 0.007554441333657531, 'colsample_bytree': 0.5865134926383977, 'subsample': 0.7471459723932369, 'alpha': 0.17703864913779502, 'lambda': 0.006859700389911827, 'gamma': 2.5608686303015094, 'min_child_weight': 15.419105338444151}. Best is trial 49 with value: 0.8366180312295055.[0m
[32m[I 2023-01-30 04:06:36,542][0m Trial 71 finished with value: 0.8565228724107449 and parameters: {'max_depth': 9, 'learning_rate': 0.04006100969711455, 'colsample_bytree': 0.5942889389510867, 'subsample': 0.6998723519031831, 'alpha': 0.1480310119647259, 'lambda': 0.026966984816519754, 'gamma': 0.04129395098394054, 'min_child_weight': 22.906539231228933}. Best is trial 49 with value: 0.8366180312295055.[0m
[32m[I 2023-01-30 04:07:04,190][0m Trial 72 finished with value: 0.899627883573421 and parameters: {'max_depth': 10, 'learning_rate': 0.04633224246483089, 'colsample_bytree': 0.579133286459272, 'subsample': 0.6710461799742512, 'alpha': 0.12721405239118877, 'lambda': 0.2538148188165187, 'gamma': 0.08475686661600752, 'min_child_weight': 25.46008310804559}. Best is trial 49 with value: 0.8366180312295055.[0m
[32m[I 2023-01-30 04:07:42,146][0m Trial 73 finished with value: 0.8541494052636912 and parameters: {'max_depth': 9, 'learning_rate': 0.03620393225607282, 'colsample_bytree': 0.5486629875639915, 'subsample': 0.6534851981316916, 'alpha': 0.09525537007270854, 'lambda': 0.07885782468745449, 'gamma': 0.510063795307474, 'min_child_weight': 21.000325973560777}. Best is trial 49 with value: 0.8366180312295055.[0m
[32m[I 2023-01-30 04:08:08,674][0m Trial 74 finished with value: 0.9721942592271686 and parameters: {'max_depth': 9, 'learning_rate': 0.049521023954555474, 'colsample_bytree': 0.5306101984293039, 'subsample': 0.6764597070923544, 'alpha': 0.28352327321464144, 'lambda': 0.0012651728502614933, 'gamma': 0.23676838688785992, 'min_child_weight': 30.208420521783637}. Best is trial 49 with value: 0.8366180312295055.[0m
[32m[I 2023-01-30 04:08:15,652][0m Trial 75 finished with value: 17.83832251068587 and parameters: {'max_depth': 11, 'learning_rate': 0.03747334098027099, 'colsample_bytree': 0.5760681328216797, 'subsample': 0.6892944745638406, 'alpha': 0.02167742827557993, 'lambda': 0.019574491402022047, 'gamma': 0.036281244463208476, 'min_child_weight': 239.48035177805144}. Best is trial 49 with value: 0.8366180312295055.[0m
[32m[I 2023-01-30 04:08:50,969][0m Trial 76 finished with value: 0.8915218128677262 and parameters: {'max_depth': 8, 'learning_rate': 0.03189702287555362, 'colsample_bytree': 0.5603503982517004, 'subsample': 0.6628334638132742, 'alpha': 0.42043952917416944, 'lambda': 1.080847344877332, 'gamma': 0.002626167482039569, 'min_child_weight': 14.311635077487189}. Best is trial 49 with value: 0.8366180312295055.[0m
[32m[I 2023-01-30 04:09:19,196][0m Trial 77 finished with value: 0.8764995836369284 and parameters: {'max_depth': 9, 'learning_rate': 0.042776434348987064, 'colsample_bytree': 0.5881813381965008, 'subsample': 0.7312011817892263, 'alpha': 0.23938973691089852, 'lambda': 0.00276812210912456, 'gamma': 0.011661531923918675, 'min_child_weight': 17.901557489915348}. Best is trial 49 with value: 0.8366180312295055.[0m
[32m[I 2023-01-30 04:09:51,219][0m Trial 78 finished with value: 0.9436742576856915 and parameters: {'max_depth': 10, 'learning_rate': 0.039612652945041106, 'colsample_bytree': 0.4899880975317563, 'subsample': 0.7138138978205962, 'alpha': 0.08179730919090232, 'lambda': 0.04193001881406554, 'gamma': 0.022784844154397105, 'min_child_weight': 11.624690664071645}. Best is trial 49 with value: 0.8366180312295055.[0m
[32m[I 2023-01-30 04:10:08,763][0m Trial 79 finished with value: 1.0032466208692636 and parameters: {'max_depth': 7, 'learning_rate': 0.03400990448349972, 'colsample_bytree': 0.541045872263384, 'subsample': 0.6255500917664479, 'alpha': 0.16895651654215108, 'lambda': 0.10186408743497719, 'gamma': 0.08708492256737296, 'min_child_weight': 33.89287696821523}. Best is trial 49 with value: 0.8366180312295055.[0m
[32m[I 2023-01-30 04:10:36,123][0m Trial 80 finished with value: 1.0029838194967526 and parameters: {'max_depth': 9, 'learning_rate': 0.04385381900831566, 'colsample_bytree': 0.599555941050116, 'subsample': 0.6424294170024782, 'alpha': 0.03930031303705509, 'lambda': 9.18944430141705, 'gamma': 0.19954792499268958, 'min_child_weight': 51.001182862049696}. Best is trial 49 with value: 0.8366180312295055.[0m
[32m[I 2023-01-30 04:11:08,016][0m Trial 81 finished with value: 0.8693749882510791 and parameters: {'max_depth': 9, 'learning_rate': 0.04012149800830451, 'colsample_bytree': 0.545848934475007, 'subsample': 0.659400674483634, 'alpha': 0.09800605039608945, 'lambda': 0.06469649693529665, 'gamma': 0.9742732001722966, 'min_child_weight': 20.652262045859928}. Best is trial 49 with value: 0.8366180312295055.[0m
[32m[I 2023-01-30 04:11:47,387][0m Trial 82 finished with value: 0.8514806629180335 and parameters: {'max_depth': 10, 'learning_rate': 0.03608096347893746, 'colsample_bytree': 0.5553512178083336, 'subsample': 0.6974335079114047, 'alpha': 0.09316295650311347, 'lambda': 0.014547172527043876, 'gamma': 0.4503601985002673, 'min_child_weight': 22.555087582919114}. Best is trial 49 with value: 0.8366180312295055.[0m
[32m[I 2023-01-30 04:12:34,539][0m Trial 83 finished with value: 0.8306140142728754 and parameters: {'max_depth': 10, 'learning_rate': 0.03727653844706841, 'colsample_bytree': 0.5672254020140313, 'subsample': 0.6952511770431392, 'alpha': 0.13019758000919116, 'lambda': 0.012549940164129343, 'gamma': 0.4456769455898058, 'min_child_weight': 22.895029356359743}. Best is trial 83 with value: 0.8306140142728754.[0m
[32m[I 2023-01-30 04:13:00,185][0m Trial 84 finished with value: 0.8904829009832292 and parameters: {'max_depth': 11, 'learning_rate': 0.04708774173326696, 'colsample_bytree': 0.5621296479210351, 'subsample': 0.6928526271212999, 'alpha': 0.07040441339926466, 'lambda': 0.013781081822382482, 'gamma': 0.5486445091825854, 'min_child_weight': 26.47079150261559}. Best is trial 83 with value: 0.8306140142728754.[0m
[32m[I 2023-01-30 04:13:20,159][0m Trial 85 finished with value: 1.0039683964992894 and parameters: {'max_depth': 10, 'learning_rate': 0.027947226823599968, 'colsample_bytree': 0.5309698176115634, 'subsample': 0.6846998951563033, 'alpha': 0.3395571553962513, 'lambda': 0.006268805938816123, 'gamma': 1.8173326265419074, 'min_child_weight': 38.29985573209366}. Best is trial 83 with value: 0.8306140142728754.[0m
[32m[I 2023-01-30 04:13:36,597][0m Trial 86 finished with value: 0.9581579393019537 and parameters: {'max_depth': 10, 'learning_rate': 0.041175552937841906, 'colsample_bytree': 0.5694838599220272, 'subsample': 0.7061413761560894, 'alpha': 0.2094300407576293, 'lambda': 0.0017053074917502962, 'gamma': 5.403201116091577, 'min_child_weight': 18.951665928356356}. Best is trial 83 with value: 0.8306140142728754.[0m
[32m[I 2023-01-30 04:14:01,868][0m Trial 87 finished with value: 0.8479495522447277 and parameters: {'max_depth': 11, 'learning_rate': 0.036762954119225665, 'colsample_bytree': 0.5169743480920532, 'subsample': 0.722643448936446, 'alpha': 0.057715506268446036, 'lambda': 0.0008496404125174252, 'gamma': 0.5642440206506201, 'min_child_weight': 23.960675939412273}. Best is trial 83 with value: 0.8306140142728754.[0m
[32m[I 2023-01-30 04:14:42,573][0m Trial 88 finished with value: 6.010074403651587 and parameters: {'max_depth': 11, 'learning_rate': 0.033081871325214465, 'colsample_bytree': 0.5227382648621617, 'subsample': 0.772113565526105, 'alpha': 0.055336630779697506, 'lambda': 0.000856742627199236, 'gamma': 0.6172748806382719, 'min_child_weight': 68.3528236561974}. Best is trial 83 with value: 0.8306140142728754.[0m
[32m[I 2023-01-30 04:14:59,067][0m Trial 89 finished with value: 0.9090827740452324 and parameters: {'max_depth': 12, 'learning_rate': 0.03684672812802647, 'colsample_bytree': 0.5106175090206873, 'subsample': 0.7245803342554036, 'alpha': 0.12060733935526903, 'lambda': 0.0042605475693055965, 'gamma': 0.1987754245185828, 'min_child_weight': 16.884223398510397}. Best is trial 83 with value: 0.8306140142728754.[0m
[32m[I 2023-01-30 04:15:22,910][0m Trial 90 finished with value: 0.8543472670175113 and parameters: {'max_depth': 12, 'learning_rate': 0.031053106860353903, 'colsample_bytree': 0.49876343598706374, 'subsample': 0.7380188721326087, 'alpha': 0.0124668011040643, 'lambda': 0.0006119407936573876, 'gamma': 0.38200974796055065, 'min_child_weight': 24.55943595549338}. Best is trial 83 with value: 0.8306140142728754.[0m
[32m[I 2023-01-30 04:15:46,468][0m Trial 91 finished with value: 0.9080983180530848 and parameters: {'max_depth': 11, 'learning_rate': 0.043823932929508765, 'colsample_bytree': 0.5822161186972948, 'subsample': 0.6928373572346308, 'alpha': 0.03375761239808694, 'lambda': 0.00022923498388039183, 'gamma': 0.10726873145586065, 'min_child_weight': 28.040669316694636}. Best is trial 83 with value: 0.8306140142728754.[0m
[32m[I 2023-01-30 04:16:05,915][0m Trial 92 finished with value: 0.8620636373655556 and parameters: {'max_depth': 10, 'learning_rate': 0.041414241071232566, 'colsample_bytree': 0.552287162358445, 'subsample': 0.7010542976109253, 'alpha': 0.08232017540575749, 'lambda': 0.014821662684538028, 'gamma': 0.063626010690955, 'min_child_weight': 23.74770076481648}. Best is trial 83 with value: 0.8306140142728754.[0m
[32m[I 2023-01-30 04:16:24,423][0m Trial 93 finished with value: 0.8727620716062894 and parameters: {'max_depth': 11, 'learning_rate': 0.03519088295145281, 'colsample_bytree': 0.5612840165380274, 'subsample': 0.6699109389188622, 'alpha': 0.1704799226846899, 'lambda': 0.0027773680830178436, 'gamma': 0.7262516256573675, 'min_child_weight': 14.119495344652869}. Best is trial 83 with value: 0.8306140142728754.[0m
[32m[I 2023-01-30 04:16:46,439][0m Trial 94 finished with value: 0.8615374151303758 and parameters: {'max_depth': 10, 'learning_rate': 0.047145260186583715, 'colsample_bytree': 0.5731553336498265, 'subsample': 0.7154921682392988, 'alpha': 0.0988986730910708, 'lambda': 0.009309357479192816, 'gamma': 0.02827999517028144, 'min_child_weight': 20.540971448778535}. Best is trial 83 with value: 0.8306140142728754.[0m
[32m[I 2023-01-30 04:17:00,953][0m Trial 95 finished with value: 0.9855780756390733 and parameters: {'max_depth': 10, 'learning_rate': 0.0340103554418714, 'colsample_bytree': 0.5889580222919653, 'subsample': 0.6802218983795678, 'alpha': 0.4722637604793029, 'lambda': 0.0001499595881942005, 'gamma': 2.3617289680522697, 'min_child_weight': 31.272047184010052}. Best is trial 83 with value: 0.8306140142728754.[0m
[32m[I 2023-01-30 04:17:17,097][0m Trial 96 finished with value: 0.9364716104398163 and parameters: {'max_depth': 7, 'learning_rate': 0.037379739287312926, 'colsample_bytree': 0.5395762828650195, 'subsample': 0.40931756662608276, 'alpha': 0.13509434532182293, 'lambda': 7.186987219615726e-05, 'gamma': 0.009478409048270369, 'min_child_weight': 18.311086709159564}. Best is trial 83 with value: 0.8306140142728754.[0m
[32m[I 2023-01-30 04:17:28,632][0m Trial 97 finished with value: 1.0023944971849776 and parameters: {'max_depth': 11, 'learning_rate': 0.04414165734268785, 'colsample_bytree': 0.5680086193678504, 'subsample': 0.6461920186734706, 'alpha': 0.2691259580029415, 'lambda': 0.00034775431380993055, 'gamma': 0.0035220863995219583, 'min_child_weight': 40.96287967375076}. Best is trial 83 with value: 0.8306140142728754.[0m
[32m[I 2023-01-30 04:18:06,676][0m Trial 98 finished with value: 0.8997289967328446 and parameters: {'max_depth': 8, 'learning_rate': 0.01372918805176168, 'colsample_bytree': 0.578519575294108, 'subsample': 0.7078224253913732, 'alpha': 0.049563887361782945, 'lambda': 0.008336393193477747, 'gamma': 0.0014855581390797491, 'min_child_weight': 27.574417808907764}. Best is trial 83 with value: 0.8306140142728754.[0m
[32m[I 2023-01-30 04:18:33,009][0m Trial 99 finished with value: 0.845317812922677 and parameters: {'max_depth': 10, 'learning_rate': 0.04134027224463368, 'colsample_bytree': 0.5554717569887339, 'subsample': 0.6971394671037211, 'alpha': 0.6164456831401579, 'lambda': 0.03808710511180118, 'gamma': 1.0447339166616558, 'min_child_weight': 23.006878313549414}. Best is trial 83 with value: 0.8306140142728754.[0m
Uploaded file from /Users/kevinmaikjablonka/git/kjappelbaum/gptchem/experiments/04_regression/henry/out/20230130_032533/train.jsonl: file-oXgDXIm4RCwtRNVVc2KwZOMT
Upload progress:   0%|          | 0.00/26.3k [00:00<?, ?it/s]Upload progress: 100%|██████████| 26.3k/26.3k [00:00<00:00, 54.7Mit/s]
2023-01-30 04:30:57.832 | ERROR    | __main__:<module>:78 - ('logKH_CO2', 'CO2 Henry coefficient')
Traceback (most recent call last):

  File "/Users/kevinmaikjablonka/miniconda3/envs/gptchem/lib/python3.9/site-packages/pandas/core/indexes/base.py", line 3803, in get_loc
    return self._engine.get_loc(casted_key)
           │    │               └ ('logKH_CO2', 'CO2 Henry coefficient')
           │    └ <pandas._libs.properties.CachedProperty object at 0x299c683c0>
           └ Index(['Unnamed: 0', 'ASA [m^2/cm^3]', 'CellV [A^3]', 'Df', 'Di', 'Dif',
                    'NASA [m^2/cm^3]', 'POAV [cm^3/g]', 'POAVF', ...
  File "pandas/_libs/index.pyx", line 138, in pandas._libs.index.IndexEngine.get_loc
    cpdef get_loc(self, object val):
  File "pandas/_libs/index.pyx", line 165, in pandas._libs.index.IndexEngine.get_loc
    return self.mapping.get_item(val)
  File "pandas/_libs/hashtable_class_helper.pxi", line 5745, in pandas._libs.hashtable.PyObjectHashTable.get_item
  File "pandas/_libs/hashtable_class_helper.pxi", line 5753, in pandas._libs.hashtable.PyObjectHashTable.get_item

KeyError: ('logKH_CO2', 'CO2 Henry coefficient')


The above exception was the direct cause of the following exception:


Traceback (most recent call last):

> File "/Users/kevinmaikjablonka/git/kjappelbaum/gptchem/experiments/04_regression/henry/run_experiments.py", line 76, in <module>
    run_experiment(train_size, target, i + 22332642)
    │              │           │       └ 0
    │              │           └ ('logKH_CO2', 'CO2 Henry coefficient')
    │              └ 100
    └ <function run_experiment at 0x10549b0d0>

  File "/Users/kevinmaikjablonka/git/kjappelbaum/gptchem/experiments/04_regression/henry/run_experiments.py", line 58, in run_experiment
    gpt_metrics = get_regression_metrics(test[target], extracted)
                  │                      │    │        └ [-4.5, -3.35, -4.3, -3.35, -3.35, -3.35, -3.35, -4.35, -3.42, -3.35, -4.27, -3.27, -3.42, -3.35, -4.95, -3.35, -3.35, -4.35, ...
                  │                      │    └ ('logKH_CO2', 'CO2 Henry coefficient')
                  │                      └       Unnamed: 0  ...                                              mofid
                  │                        3141        4796  ...  I[Zn][O]1[Zn][O]([Zn]1)[Zn]I....
                  └ <function get_regression_metrics at 0x29d8dc280>

  File "/Users/kevinmaikjablonka/miniconda3/envs/gptchem/lib/python3.9/site-packages/pandas/core/frame.py", line 3805, in __getitem__
    indexer = self.columns.get_loc(key)
              │    │               └ ('logKH_CO2', 'CO2 Henry coefficient')
              │    └ <pandas._libs.properties.AxisProperty object at 0x29a43e610>
              └       Unnamed: 0  ...                                              mofid
                3141        4796  ...  I[Zn][O]1[Zn][O]([Zn]1)[Zn]I....
  File "/Users/kevinmaikjablonka/miniconda3/envs/gptchem/lib/python3.9/site-packages/pandas/core/indexes/base.py", line 3805, in get_loc
    raise KeyError(key) from err
                   └ ('logKH_CO2', 'CO2 Henry coefficient')

KeyError: ('logKH_CO2', 'CO2 Henry coefficient')
[32m[I 2023-01-30 04:30:58,048][0m A new study created in memory with name: no-name-e68c3738-8334-4016-af83-201fbb3dcaf0[0m
[32m[I 2023-01-30 04:31:01,854][0m Trial 0 finished with value: 29.813640523585832 and parameters: {'max_depth': 11, 'learning_rate': 0.03943180702221767, 'colsample_bytree': 0.48338277698454657, 'subsample': 0.6667880916971854, 'alpha': 0.07695356446858977, 'lambda': 0.0011960555391446264, 'gamma': 0.011558526456888882, 'min_child_weight': 591.1193593817245}. Best is trial 0 with value: 29.813640523585832.[0m
[32m[I 2023-01-30 04:31:51,779][0m Trial 1 finished with value: 0.21558922064597316 and parameters: {'max_depth': 10, 'learning_rate': 0.041134316655128254, 'colsample_bytree': 0.22968076844783064, 'subsample': 0.4464499696175606, 'alpha': 7.181717181976198, 'lambda': 1.562370075120558e-07, 'gamma': 1.592922235503172e-07, 'min_child_weight': 31.920798758958732}. Best is trial 1 with value: 0.21558922064597316.[0m
