[32m[I 2023-01-30 15:22:22,105][0m Trial 52 finished with value: 1.080095401240141 and parameters: {'max_depth': 8, 'learning_rate': 0.029227500637580176, 'colsample_bytree': 0.3409565858936795, 'subsample': 0.44585959210174475, 'alpha': 0.5156147954342842, 'lambda': 0.004325411189392106, 'gamma': 0.026928520395919787, 'min_child_weight': 10.036303970260747}. Best is trial 49 with value: 1.059751347749637.[0m
[32m[I 2023-01-30 15:22:33,355][0m Trial 53 finished with value: 1.0914783804970518 and parameters: {'max_depth': 8, 'learning_rate': 0.02912629009568152, 'colsample_bytree': 0.38346003373228565, 'subsample': 0.4552989063235812, 'alpha': 0.4842014344912876, 'lambda': 0.003552531081691207, 'gamma': 0.028796558135921253, 'min_child_weight': 10.224991468519773}. Best is trial 49 with value: 1.059751347749637.[0m
[32m[I 2023-01-30 15:22:43,183][0m Trial 54 finished with value: 1.1075275460248164 and parameters: {'max_depth': 9, 'learning_rate': 0.02271790045577818, 'colsample_bytree': 0.3169114820103692, 'subsample': 0.42959103540446275, 'alpha': 0.15210027823271138, 'lambda': 0.12329302482109977, 'gamma': 0.00583002968934709, 'min_child_weight': 18.95674478297906}. Best is trial 49 with value: 1.059751347749637.[0m
[32m[I 2023-01-30 15:22:52,526][0m Trial 55 finished with value: 1.094933336674287 and parameters: {'max_depth': 9, 'learning_rate': 0.03454798181323895, 'colsample_bytree': 0.34759522270754434, 'subsample': 0.4444040381537996, 'alpha': 0.3530906534241423, 'lambda': 0.018896716247618992, 'gamma': 0.18022254913650262, 'min_child_weight': 14.909432444926024}. Best is trial 49 with value: 1.059751347749637.[0m
[32m[I 2023-01-30 15:22:58,645][0m Trial 56 finished with value: 1.125400606339683 and parameters: {'max_depth': 8, 'learning_rate': 0.0422622108940809, 'colsample_bytree': 0.42751491217425713, 'subsample': 0.511773261837996, 'alpha': 0.10231209662694626, 'lambda': 0.004243601969788358, 'gamma': 0.8898922792370642, 'min_child_weight': 26.089594854900138}. Best is trial 49 with value: 1.059751347749637.[0m
[32m[I 2023-01-30 15:23:07,994][0m Trial 57 finished with value: 1.0961186311758992 and parameters: {'max_depth': 8, 'learning_rate': 0.02830355488658171, 'colsample_bytree': 0.3621450932175318, 'subsample': 0.5322313114407197, 'alpha': 0.04889784140576615, 'lambda': 0.20516361396560875, 'gamma': 0.015764438560156784, 'min_child_weight': 32.56799911226116}. Best is trial 49 with value: 1.059751347749637.[0m
[32m[I 2023-01-30 15:23:16,524][0m Trial 58 finished with value: 1.0643884087249207 and parameters: {'max_depth': 10, 'learning_rate': 0.04591032944816553, 'colsample_bytree': 0.3891275390618683, 'subsample': 0.4029184788266848, 'alpha': 0.27204185432417327, 'lambda': 0.04028356425603803, 'gamma': 0.09163609127394036, 'min_child_weight': 11.884228408439295}. Best is trial 49 with value: 1.059751347749637.[0m
[32m[I 2023-01-30 15:23:25,416][0m Trial 59 finished with value: 1.0851749840701015 and parameters: {'max_depth': 11, 'learning_rate': 0.038570149716612434, 'colsample_bytree': 0.38984692509587276, 'subsample': 0.41186683558196346, 'alpha': 0.5727236334150151, 'lambda': 0.0007732535352621685, 'gamma': 0.07726627225015789, 'min_child_weight': 22.25614040002041}. Best is trial 49 with value: 1.059751347749637.[0m
[32m[I 2023-01-30 15:23:27,110][0m Trial 60 finished with value: 16.83201013088795 and parameters: {'max_depth': 10, 'learning_rate': 0.0499404508641363, 'colsample_bytree': 0.34445665247670804, 'subsample': 0.4912340372164829, 'alpha': 0.28460022877374885, 'lambda': 0.008079277312466746, 'gamma': 0.0015111981303867626, 'min_child_weight': 969.9890495911856}. Best is trial 49 with value: 1.059751347749637.[0m
[32m[I 2023-01-30 15:23:37,366][0m Trial 61 finished with value: 1.0800274861405144 and parameters: {'max_depth': 9, 'learning_rate': 0.03067249794069376, 'colsample_bytree': 0.3785814770888956, 'subsample': 0.4368544010658298, 'alpha': 0.18787526824936104, 'lambda': 0.029449041694668814, 'gamma': 0.26174313839800695, 'min_child_weight': 11.509110027011172}. Best is trial 49 with value: 1.059751347749637.[0m
[32m[I 2023-01-30 15:23:47,680][0m Trial 62 finished with value: 1.054703537780609 and parameters: {'max_depth': 10, 'learning_rate': 0.031916457873678125, 'colsample_bytree': 0.374675419498379, 'subsample': 0.41691098463504694, 'alpha': 0.3524466658476667, 'lambda': 0.07454142840184538, 'gamma': 0.28239400663191566, 'min_child_weight': 12.01838851949069}. Best is trial 62 with value: 1.054703537780609.[0m
[32m[I 2023-01-30 15:23:54,975][0m Trial 63 finished with value: 1.0719725730809933 and parameters: {'max_depth': 11, 'learning_rate': 0.04624382302168817, 'colsample_bytree': 0.37523520315814046, 'subsample': 0.41410050331084763, 'alpha': 0.34224699404442055, 'lambda': 0.04722384954054419, 'gamma': 0.35822969134079197, 'min_child_weight': 16.099854865099662}. Best is trial 62 with value: 1.054703537780609.[0m
[32m[I 2023-01-30 15:24:04,526][0m Trial 64 finished with value: 1.0651801628515407 and parameters: {'max_depth': 11, 'learning_rate': 0.04191464193721315, 'colsample_bytree': 0.3987964046937232, 'subsample': 0.4230190862741375, 'alpha': 0.3370855072355077, 'lambda': 0.0675370302249647, 'gamma': 0.07599795893096677, 'min_child_weight': 16.050363737065474}. Best is trial 62 with value: 1.054703537780609.[0m
[32m[I 2023-01-30 15:24:14,652][0m Trial 65 finished with value: 1.0398444358800825 and parameters: {'max_depth': 12, 'learning_rate': 0.044820375993288114, 'colsample_bytree': 0.4121874814627864, 'subsample': 0.40324174490772996, 'alpha': 0.4327532896745748, 'lambda': 0.2787421273476421, 'gamma': 0.1087694177398789, 'min_child_weight': 14.491658817677315}. Best is trial 65 with value: 1.0398444358800825.[0m
[32m[I 2023-01-30 15:24:20,760][0m Trial 66 finished with value: 1.0726249847658158 and parameters: {'max_depth': 12, 'learning_rate': 0.0444613962641124, 'colsample_bytree': 0.4156004039048725, 'subsample': 0.40114208525474393, 'alpha': 0.25377576265997365, 'lambda': 0.1200870411562151, 'gamma': 0.11441521335176243, 'min_child_weight': 14.343308534343372}. Best is trial 65 with value: 1.0398444358800825.[0m
[32m[I 2023-01-30 15:24:29,137][0m Trial 67 finished with value: 1.0950156569516485 and parameters: {'max_depth': 12, 'learning_rate': 0.03987042228903814, 'colsample_bytree': 0.3994771068289949, 'subsample': 0.41897435473269773, 'alpha': 0.4262571550814784, 'lambda': 0.2984043358667439, 'gamma': 0.07797623661276057, 'min_child_weight': 18.011725309964593}. Best is trial 65 with value: 1.0398444358800825.[0m
[32m[I 2023-01-30 15:24:36,632][0m Trial 68 finished with value: 1.0791342172277358 and parameters: {'max_depth': 11, 'learning_rate': 0.0362639531420107, 'colsample_bytree': 0.4534599171328121, 'subsample': 0.43018467605476723, 'alpha': 0.1570788603517129, 'lambda': 2.2693131088548495, 'gamma': 1.7993661813579913, 'min_child_weight': 24.541826388348888}. Best is trial 65 with value: 1.0398444358800825.[0m
[32m[I 2023-01-30 15:24:45,140][0m Trial 69 finished with value: 1.0810633997310521 and parameters: {'max_depth': 10, 'learning_rate': 0.04579487203833892, 'colsample_bytree': 0.42294405548301006, 'subsample': 0.40012045759545284, 'alpha': 0.4405272152203138, 'lambda': 0.013387552905924041, 'gamma': 0.00022955232848980366, 'min_child_weight': 11.770293975869215}. Best is trial 65 with value: 1.0398444358800825.[0m
[32m[I 2023-01-30 15:24:49,865][0m Trial 70 finished with value: 1.1247008559908824 and parameters: {'max_depth': 12, 'learning_rate': 0.04216718935511876, 'colsample_bytree': 0.43784175001102327, 'subsample': 0.4579256226562438, 'alpha': 0.01027099594258038, 'lambda': 0.07024317141233141, 'gamma': 0.4507784238343206, 'min_child_weight': 20.86716690421904}. Best is trial 65 with value: 1.0398444358800825.[0m
[32m[I 2023-01-30 15:25:00,339][0m Trial 71 finished with value: 1.104505055812766 and parameters: {'max_depth': 11, 'learning_rate': 0.033467033439132605, 'colsample_bytree': 0.3949308345003899, 'subsample': 0.4753513827915168, 'alpha': 0.6721272899112818, 'lambda': 1.223627603775507, 'gamma': 0.05675537883369471, 'min_child_weight': 16.17423696434039}. Best is trial 65 with value: 1.0398444358800825.[0m
[32m[I 2023-01-30 15:25:08,782][0m Trial 72 finished with value: 1.0840723272154817 and parameters: {'max_depth': 10, 'learning_rate': 0.03677839617746614, 'colsample_bytree': 0.36043354619298706, 'subsample': 0.42002945110424694, 'alpha': 0.9462469861948455, 'lambda': 3.676264225106508, 'gamma': 0.014690713698468671, 'min_child_weight': 14.28812356368755}. Best is trial 65 with value: 1.0398444358800825.[0m
[32m[I 2023-01-30 15:25:11,406][0m Trial 73 finished with value: 16.83201013088795 and parameters: {'max_depth': 10, 'learning_rate': 0.03225974277323299, 'colsample_bytree': 0.3276648593489844, 'subsample': 0.4362353316551719, 'alpha': 1.689794190384292, 'lambda': 9.303709613172693, 'gamma': 3.0632688766301914, 'min_child_weight': 108.74075576850667}. Best is trial 65 with value: 1.0398444358800825.[0m
[32m[I 2023-01-30 15:25:26,110][0m Trial 74 finished with value: 1.0950004215108273 and parameters: {'max_depth': 11, 'learning_rate': 0.027125698849333885, 'colsample_bytree': 0.35312662323258187, 'subsample': 0.5504673329771667, 'alpha': 0.30454100572696446, 'lambda': 0.9200550215040186, 'gamma': 0.0022888552657223866, 'min_child_weight': 42.8812741955194}. Best is trial 65 with value: 1.0398444358800825.[0m
[32m[I 2023-01-30 15:25:37,239][0m Trial 75 finished with value: 1.0652850193073928 and parameters: {'max_depth': 12, 'learning_rate': 0.0487227143731372, 'colsample_bytree': 0.47300270180427645, 'subsample': 0.41129400728115156, 'alpha': 0.618683619394537, 'lambda': 0.3352855452123019, 'gamma': 0.039528800534182965, 'min_child_weight': 12.133743542586295}. Best is trial 65 with value: 1.0398444358800825.[0m
[32m[I 2023-01-30 15:25:49,390][0m Trial 76 finished with value: 1.0714440703035346 and parameters: {'max_depth': 12, 'learning_rate': 0.04883627322278184, 'colsample_bytree': 0.46772808368750773, 'subsample': 0.4121325756698696, 'alpha': 0.24706957292360363, 'lambda': 0.3333744996608028, 'gamma': 0.044660525965717714, 'min_child_weight': 12.781886469521023}. Best is trial 65 with value: 1.0398444358800825.[0m
[32m[I 2023-01-30 15:26:19,275][0m Trial 77 finished with value: 1.0901678968290327 and parameters: {'max_depth': 12, 'learning_rate': 0.040466379948290894, 'colsample_bytree': 0.5157987251709957, 'subsample': 0.4532992526023467, 'alpha': 0.6398386455771262, 'lambda': 0.0024356233104055143, 'gamma': 0.1311577472357619, 'min_child_weight': 11.803453399379611}. Best is trial 65 with value: 1.0398444358800825.[0m
[32m[I 2023-01-30 15:26:58,067][0m Trial 78 finished with value: 1.08936522004494 and parameters: {'max_depth': 11, 'learning_rate': 0.043727616329017095, 'colsample_bytree': 0.5461558817165105, 'subsample': 0.42683870777196614, 'alpha': 0.5424609876755381, 'lambda': 0.10349160631555533, 'gamma': 0.006711912480828227, 'min_child_weight': 18.012020114619617}. Best is trial 65 with value: 1.0398444358800825.[0m
[32m[I 2023-01-30 15:27:09,210][0m Trial 79 finished with value: 1.0970972743442486 and parameters: {'max_depth': 12, 'learning_rate': 0.02503180715424335, 'colsample_bytree': 0.5771177182753412, 'subsample': 0.41021955464120413, 'alpha': 0.3894354216869183, 'lambda': 0.19747826676362976, 'gamma': 0.0192466892746954, 'min_child_weight': 13.651012342550494}. Best is trial 65 with value: 1.0398444358800825.[0m
[32m[I 2023-01-30 15:27:20,050][0m Trial 80 finished with value: 1.068927378320019 and parameters: {'max_depth': 12, 'learning_rate': 0.04738701735902344, 'colsample_bytree': 0.4054615850368967, 'subsample': 0.44122489807383597, 'alpha': 2.8385960512651076, 'lambda': 0.04545851641153836, 'gamma': 3.1019879064040014e-05, 'min_child_weight': 16.23910843332464}. Best is trial 65 with value: 1.0398444358800825.[0m
[32m[I 2023-01-30 15:27:28,555][0m Trial 81 finished with value: 1.0778295978781531 and parameters: {'max_depth': 12, 'learning_rate': 0.046609632248585886, 'colsample_bytree': 0.4073107879304944, 'subsample': 0.4406182353919747, 'alpha': 2.7212463216208405, 'lambda': 0.012346854512957386, 'gamma': 2.46065917030512e-05, 'min_child_weight': 16.89111341344021}. Best is trial 65 with value: 1.0398444358800825.[0m
[32m[I 2023-01-30 15:27:36,451][0m Trial 82 finished with value: 1.122128329019142 and parameters: {'max_depth': 11, 'learning_rate': 0.049750971094453596, 'colsample_bytree': 0.372109628260812, 'subsample': 0.46589902797947974, 'alpha': 3.5987128776339476, 'lambda': 0.045355488339186414, 'gamma': 0.00013780974679926812, 'min_child_weight': 20.66372826502065}. Best is trial 65 with value: 1.0398444358800825.[0m
[32m[I 2023-01-30 15:27:51,410][0m Trial 83 finished with value: 1.0986584554884289 and parameters: {'max_depth': 12, 'learning_rate': 0.04114137815275249, 'colsample_bytree': 0.4173340837532488, 'subsample': 0.4254416555211383, 'alpha': 9.540058542748843, 'lambda': 0.7082065604167326, 'gamma': 1.147577180034179e-05, 'min_child_weight': 15.241605409943627}. Best is trial 65 with value: 1.0398444358800825.[0m
[32m[I 2023-01-30 15:28:01,141][0m Trial 84 finished with value: 1.0714877330315007 and parameters: {'max_depth': 11, 'learning_rate': 0.037874006743904155, 'colsample_bytree': 0.5995182733795024, 'subsample': 0.4069074734081246, 'alpha': 0.23613304385613706, 'lambda': 0.07361597517638044, 'gamma': 0.3016860785287813, 'min_child_weight': 11.642799767125004}. Best is trial 65 with value: 1.0398444358800825.[0m
[32m[I 2023-01-30 15:28:02,616][0m Trial 85 finished with value: 16.83201013088795 and parameters: {'max_depth': 12, 'learning_rate': 0.020902023748926007, 'colsample_bytree': 0.47915280867245946, 'subsample': 0.42039791356321365, 'alpha': 0.9640326193072831, 'lambda': 0.00021915839615686846, 'gamma': 0.0006317683987300647, 'min_child_weight': 256.42301902150507}. Best is trial 65 with value: 1.0398444358800825.[0m
[32m[I 2023-01-30 15:28:11,099][0m Trial 86 finished with value: 1.0753517931500352 and parameters: {'max_depth': 10, 'learning_rate': 0.045767015911361425, 'colsample_bytree': 0.4444222917092767, 'subsample': 0.48265199994712416, 'alpha': 1.395510237471748, 'lambda': 0.001070956071593319, 'gamma': 9.244092583513043e-07, 'min_child_weight': 13.52153310600614}. Best is trial 65 with value: 1.0398444358800825.[0m
[32m[I 2023-01-30 15:28:19,918][0m Trial 87 finished with value: 1.096986614834671 and parameters: {'max_depth': 12, 'learning_rate': 0.04416308319077154, 'colsample_bytree': 0.3941305386888734, 'subsample': 0.4523628292330498, 'alpha': 3.8204256729681, 'lambda': 0.0067493346424407335, 'gamma': 4.512616354625806e-05, 'min_child_weight': 19.44035698577845}. Best is trial 65 with value: 1.0398444358800825.[0m
[32m[I 2023-01-30 15:29:17,612][0m Trial 88 finished with value: 1.0746977688948407 and parameters: {'max_depth': 11, 'learning_rate': 0.03988868609518613, 'colsample_bytree': 0.5413915830315427, 'subsample': 0.429048018330045, 'alpha': 0.3410252207754746, 'lambda': 0.16294240703093643, 'gamma': 0.010492018788173792, 'min_child_weight': 11.287649140089364}. Best is trial 65 with value: 1.0398444358800825.[0m
[32m[I 2023-01-30 15:29:31,599][0m Trial 89 finished with value: 1.1196478835108765 and parameters: {'max_depth': 10, 'learning_rate': 0.03499897965673107, 'colsample_bytree': 0.4969583029679605, 'subsample': 0.7919663796264989, 'alpha': 4.784195470560935, 'lambda': 0.3477278544459757, 'gamma': 0.047717511219729246, 'min_child_weight': 23.970230770705868}. Best is trial 65 with value: 1.0398444358800825.[0m
[32m[I 2023-01-30 15:29:43,053][0m Trial 90 finished with value: 1.1025175439556116 and parameters: {'max_depth': 11, 'learning_rate': 0.017865982515902195, 'colsample_bytree': 0.4566853322756677, 'subsample': 0.4421256128542806, 'alpha': 0.7816895084890195, 'lambda': 0.0456104872824633, 'gamma': 3.4002641147503386e-06, 'min_child_weight': 33.084216435678044}. Best is trial 65 with value: 1.0398444358800825.[0m
[32m[I 2023-01-30 15:29:47,629][0m Trial 91 finished with value: 1.3125266748019322 and parameters: {'max_depth': 9, 'learning_rate': 0.032084428033938565, 'colsample_bytree': 0.40585620215450774, 'subsample': 0.496918928537779, 'alpha': 2.5464771331171097, 'lambda': 0.0026719515234000647, 'gamma': 6.965682563901684e-08, 'min_child_weight': 54.78120425542618}. Best is trial 65 with value: 1.0398444358800825.[0m
[32m[I 2023-01-30 15:29:59,583][0m Trial 92 finished with value: 1.0945387197937289 and parameters: {'max_depth': 10, 'learning_rate': 0.03887555987866873, 'colsample_bytree': 0.30159157142030024, 'subsample': 0.5708195237327515, 'alpha': 1.840343188170935, 'lambda': 4.172453898276098, 'gamma': 0.6124182576189888, 'min_child_weight': 16.407069240215563}. Best is trial 65 with value: 1.0398444358800825.[0m
[32m[I 2023-01-30 15:30:40,491][0m Trial 93 finished with value: 1.1084483887666048 and parameters: {'max_depth': 9, 'learning_rate': 0.04743961106140798, 'colsample_bytree': 0.565203231056191, 'subsample': 0.5235905265880688, 'alpha': 1.2142221787249816, 'lambda': 0.03482899173052687, 'gamma': 3.7333123117015117e-07, 'min_child_weight': 12.753098454358208}. Best is trial 65 with value: 1.0398444358800825.[0m
[32m[I 2023-01-30 15:31:59,009][0m Trial 94 finished with value: 1.0873050783648741 and parameters: {'max_depth': 12, 'learning_rate': 0.03532211354768924, 'colsample_bytree': 0.3813690135141158, 'subsample': 0.6068560222500408, 'alpha': 0.4549186067697748, 'lambda': 0.015710801973457318, 'gamma': 4.0860025482187105e-08, 'min_child_weight': 14.503372620239643}. Best is trial 65 with value: 1.0398444358800825.[0m
[32m[I 2023-01-30 15:32:17,237][0m Trial 95 finished with value: 1.0852588942816848 and parameters: {'max_depth': 7, 'learning_rate': 0.023955267087601345, 'colsample_bytree': 0.43509047262130573, 'subsample': 0.4637555948749886, 'alpha': 0.5639716904546379, 'lambda': 0.00669748472671313, 'gamma': 0.17382785719507998, 'min_child_weight': 11.006863122934929}. Best is trial 65 with value: 1.0398444358800825.[0m
[32m[I 2023-01-30 15:32:28,045][0m Trial 96 finished with value: 1.1156737916142225 and parameters: {'max_depth': 10, 'learning_rate': 0.031058995748343282, 'colsample_bytree': 0.366938584578543, 'subsample': 0.4081804195933317, 'alpha': 0.7592908246263074, 'lambda': 0.0015676341985996864, 'gamma': 1.0608802465748085e-07, 'min_child_weight': 18.76472110892068}. Best is trial 65 with value: 1.0398444358800825.[0m
[32m[I 2023-01-30 15:32:58,345][0m Trial 97 finished with value: 1.097472906774029 and parameters: {'max_depth': 12, 'learning_rate': 0.04244464284916564, 'colsample_bytree': 0.3371324947144083, 'subsample': 0.5429774749164519, 'alpha': 0.985874965744362, 'lambda': 1.4012538602176237, 'gamma': 1.848209736439955e-08, 'min_child_weight': 21.87663001030383}. Best is trial 65 with value: 1.0398444358800825.[0m
[32m[I 2023-01-30 15:33:06,066][0m Trial 98 finished with value: 1.0985372937779303 and parameters: {'max_depth': 9, 'learning_rate': 0.03767623716798638, 'colsample_bytree': 0.4261820146945372, 'subsample': 0.4765801073605463, 'alpha': 0.169714185671682, 'lambda': 0.07877894049165667, 'gamma': 0.0049248757109355955, 'min_child_weight': 26.343746993635154}. Best is trial 65 with value: 1.0398444358800825.[0m
