[32m[I 2023-01-30 08:49:03,010][0m Trial 73 finished with value: 0.1690050216769017 and parameters: {'max_depth': 5, 'learning_rate': 0.013933169720020623, 'colsample_bytree': 0.5750859940259935, 'subsample': 0.6551209585192503, 'alpha': 0.28351361124199914, 'lambda': 4.987130585990884e-05, 'gamma': 3.871067743520538e-08, 'min_child_weight': 10.146800925442435}. Best is trial 68 with value: 0.16881512269374396.[0m
[32m[I 2023-01-30 08:50:14,700][0m Trial 74 finished with value: 0.16872487446130371 and parameters: {'max_depth': 5, 'learning_rate': 0.014187462737884534, 'colsample_bytree': 0.582704915051169, 'subsample': 0.6531685050271127, 'alpha': 0.20441538071196091, 'lambda': 6.918623507325333e-05, 'gamma': 3.8072636184728485e-08, 'min_child_weight': 10.32688966431326}. Best is trial 74 with value: 0.16872487446130371.[0m
[32m[I 2023-01-30 08:50:42,633][0m Trial 75 finished with value: 0.16868048108625414 and parameters: {'max_depth': 5, 'learning_rate': 0.013716264724113627, 'colsample_bytree': 0.5859834922749418, 'subsample': 0.6594054744604722, 'alpha': 0.18408120593446337, 'lambda': 5.892298537519004e-05, 'gamma': 4.241049517982952e-08, 'min_child_weight': 10.074486514180197}. Best is trial 75 with value: 0.16868048108625414.[0m
[32m[I 2023-01-30 08:51:05,756][0m Trial 76 finished with value: 0.1683829856357876 and parameters: {'max_depth': 5, 'learning_rate': 0.01668132499054084, 'colsample_bytree': 0.5672840244265963, 'subsample': 0.6397713065629917, 'alpha': 0.15340563251767367, 'lambda': 7.779932398174988e-05, 'gamma': 3.729079296915785e-08, 'min_child_weight': 10.305688200491003}. Best is trial 76 with value: 0.1683829856357876.[0m
[32m[I 2023-01-30 08:51:07,940][0m Trial 77 finished with value: 28.648270130924296 and parameters: {'max_depth': 5, 'learning_rate': 0.013821580900759332, 'colsample_bytree': 0.5651760525294144, 'subsample': 0.6377502148477546, 'alpha': 0.091600018672497, 'lambda': 1.8220865667823962e-05, 'gamma': 1.9623075440450522e-08, 'min_child_weight': 17.465905962920182}. Best is trial 76 with value: 0.1683829856357876.[0m
[32m[I 2023-01-30 08:51:39,087][0m Trial 78 finished with value: 0.1686707631946543 and parameters: {'max_depth': 11, 'learning_rate': 0.01717214168253474, 'colsample_bytree': 0.5355030677218815, 'subsample': 0.6180310594223689, 'alpha': 0.17281687734647258, 'lambda': 0.00023196590966880244, 'gamma': 3.830378122940892e-08, 'min_child_weight': 10.175326137983456}. Best is trial 76 with value: 0.1683829856357876.[0m
[32m[I 2023-01-30 08:51:42,952][0m Trial 79 finished with value: 28.648270130924296 and parameters: {'max_depth': 10, 'learning_rate': 0.01771922516977378, 'colsample_bytree': 0.5558880852024779, 'subsample': 0.6111292492306661, 'alpha': 0.16673462466873465, 'lambda': 0.000269795169880552, 'gamma': 2.8912326753423213e-07, 'min_child_weight': 101.07668276732404}. Best is trial 76 with value: 0.1683829856357876.[0m
[32m[I 2023-01-30 08:51:49,357][0m Trial 80 finished with value: 24.39971897253651 and parameters: {'max_depth': 11, 'learning_rate': 0.019859574391716022, 'colsample_bytree': 0.5376586303119006, 'subsample': 0.6381605373562571, 'alpha': 0.059097216769596304, 'lambda': 0.0010624525177787554, 'gamma': 2.0306409908561392e-08, 'min_child_weight': 13.614291782137235}. Best is trial 76 with value: 0.1683829856357876.[0m
[32m[I 2023-01-30 08:52:21,580][0m Trial 81 finished with value: 0.1685206770407855 and parameters: {'max_depth': 11, 'learning_rate': 0.016320661856379464, 'colsample_bytree': 0.5847963824783614, 'subsample': 0.6513206540095282, 'alpha': 0.2853430560784568, 'lambda': 2.9453321791677212e-05, 'gamma': 3.66704987883851e-08, 'min_child_weight': 10.0004893156253}. Best is trial 76 with value: 0.1683829856357876.[0m
[32m[I 2023-01-30 08:52:53,134][0m Trial 82 finished with value: 0.16872162780150907 and parameters: {'max_depth': 11, 'learning_rate': 0.01632598819843883, 'colsample_bytree': 0.5869643631977953, 'subsample': 0.6247903753214833, 'alpha': 0.3975624441055709, 'lambda': 0.00012236831850250752, 'gamma': 5.077567840924903e-08, 'min_child_weight': 10.071197221202857}. Best is trial 76 with value: 0.1683829856357876.[0m
[32m[I 2023-01-30 08:52:55,568][0m Trial 83 finished with value: 28.648270130924296 and parameters: {'max_depth': 11, 'learning_rate': 0.016220408899752046, 'colsample_bytree': 0.5936490449682812, 'subsample': 0.6246647738818952, 'alpha': 0.38141939379553846, 'lambda': 0.00014121053737212207, 'gamma': 1.5617428555909415e-08, 'min_child_weight': 14.632437009234286}. Best is trial 76 with value: 0.1683829856357876.[0m
[32m[I 2023-01-30 08:53:43,717][0m Trial 84 finished with value: 0.16874983611572078 and parameters: {'max_depth': 12, 'learning_rate': 0.02089227934895284, 'colsample_bytree': 0.5645576316880855, 'subsample': 0.5974537127642441, 'alpha': 0.16112979556602963, 'lambda': 1.009183889864011e-05, 'gamma': 2.688859559589008e-07, 'min_child_weight': 11.407596242793392}. Best is trial 76 with value: 0.1683829856357876.[0m
[32m[I 2023-01-30 08:53:47,816][0m Trial 85 finished with value: 28.648270130924296 and parameters: {'max_depth': 12, 'learning_rate': 0.02389222070350683, 'colsample_bytree': 0.5495974721696536, 'subsample': 0.5915713988379421, 'alpha': 0.15360483254407656, 'lambda': 2.4097498605636716e-06, 'gamma': 1.9222649198589905e-07, 'min_child_weight': 17.259619591611465}. Best is trial 76 with value: 0.1683829856357876.[0m
[32m[I 2023-01-30 08:54:27,231][0m Trial 86 finished with value: 0.16855289611833768 and parameters: {'max_depth': 12, 'learning_rate': 0.027565749198065665, 'colsample_bytree': 0.5874752192003214, 'subsample': 0.6470415248721173, 'alpha': 0.26654064941198763, 'lambda': 7.438447149201621e-06, 'gamma': 6.143590488392739e-07, 'min_child_weight': 11.572288074114603}. Best is trial 76 with value: 0.1683829856357876.[0m
[32m[I 2023-01-30 08:55:33,605][0m Trial 87 finished with value: 0.16972671043575124 and parameters: {'max_depth': 12, 'learning_rate': 0.026722126695023198, 'colsample_bytree': 0.5932316388749267, 'subsample': 0.564313006129788, 'alpha': 0.2644090558151608, 'lambda': 1.033272235447771e-05, 'gamma': 5.226329423236829e-07, 'min_child_weight': 11.53564490891281}. Best is trial 76 with value: 0.1683829856357876.[0m
[32m[I 2023-01-30 08:55:37,881][0m Trial 88 finished with value: 28.648270130924296 and parameters: {'max_depth': 11, 'learning_rate': 0.021148358408004716, 'colsample_bytree': 0.5867989284636047, 'subsample': 0.6456454009209599, 'alpha': 0.10692777504571192, 'lambda': 9.379302648628933e-07, 'gamma': 1.531355975704164e-08, 'min_child_weight': 14.494552263932599}. Best is trial 76 with value: 0.1683829856357876.[0m
[32m[I 2023-01-30 08:55:41,704][0m Trial 89 finished with value: 25.53692854648026 and parameters: {'max_depth': 12, 'learning_rate': 0.028329187637578915, 'colsample_bytree': 0.5612259483677162, 'subsample': 0.6203036555360727, 'alpha': 0.16568345788149605, 'lambda': 2.638461163696987e-05, 'gamma': 0.0015729127069546737, 'min_child_weight': 13.71160332398388}. Best is trial 76 with value: 0.1683829856357876.[0m
[32m[I 2023-01-30 08:56:08,007][0m Trial 90 finished with value: 0.16869190057270894 and parameters: {'max_depth': 11, 'learning_rate': 0.03909615781053522, 'colsample_bytree': 0.5811005174506843, 'subsample': 0.6008708263499025, 'alpha': 0.3703812709901826, 'lambda': 0.00043480082237655574, 'gamma': 3.169823353168464e-07, 'min_child_weight': 11.85670530964124}. Best is trial 76 with value: 0.1683829856357876.[0m
[32m[I 2023-01-30 08:56:48,074][0m Trial 91 finished with value: 0.1696798069021347 and parameters: {'max_depth': 11, 'learning_rate': 0.01644593245677766, 'colsample_bytree': 0.5808274228212078, 'subsample': 0.6026540462922606, 'alpha': 0.36918889379563125, 'lambda': 0.0003374980350118718, 'gamma': 2.866889474280984e-07, 'min_child_weight': 11.484189335771255}. Best is trial 76 with value: 0.1683829856357876.[0m
[32m[I 2023-01-30 08:57:06,450][0m Trial 92 finished with value: 0.16915599732253814 and parameters: {'max_depth': 11, 'learning_rate': 0.03870809862330077, 'colsample_bytree': 0.5469575474880767, 'subsample': 0.6757368440473271, 'alpha': 0.1312370821343096, 'lambda': 4.643485722894573e-06, 'gamma': 6.531142043008071e-08, 'min_child_weight': 12.601547616311766}. Best is trial 76 with value: 0.1683829856357876.[0m
[32m[I 2023-01-30 08:57:35,004][0m Trial 93 finished with value: 0.1700684089398847 and parameters: {'max_depth': 12, 'learning_rate': 0.014811477357281624, 'colsample_bytree': 0.5563482588690261, 'subsample': 0.6271626005611902, 'alpha': 0.25767989343467984, 'lambda': 2.6404179599270585e-05, 'gamma': 2.0321611064461628e-07, 'min_child_weight': 11.368688864728611}. Best is trial 76 with value: 0.1683829856357876.[0m
[32m[I 2023-01-30 08:57:36,489][0m Trial 94 finished with value: 28.648270130924296 and parameters: {'max_depth': 10, 'learning_rate': 0.03663473825493725, 'colsample_bytree': 0.5969818557321145, 'subsample': 0.6445776506977913, 'alpha': 0.4321234312146682, 'lambda': 0.00038505994294833274, 'gamma': 1.0529123526819213e-07, 'min_child_weight': 15.723463701171742}. Best is trial 76 with value: 0.1683829856357876.[0m
[32m[I 2023-01-30 08:57:37,803][0m Trial 95 finished with value: 26.512762308006728 and parameters: {'max_depth': 11, 'learning_rate': 0.019216060437835955, 'colsample_bytree': 0.5728562332024258, 'subsample': 0.6124860127627221, 'alpha': 0.32026642726656757, 'lambda': 1.215714042931537e-05, 'gamma': 2.7363451376617652e-08, 'min_child_weight': 13.95049853452873}. Best is trial 76 with value: 0.1683829856357876.[0m
[32m[I 2023-01-30 08:57:39,331][0m Trial 96 finished with value: 28.648270130924296 and parameters: {'max_depth': 12, 'learning_rate': 0.017541425586815693, 'colsample_bytree': 0.5788196840051885, 'subsample': 0.5967993040552225, 'alpha': 0.18355490426703538, 'lambda': 0.0007412171915236468, 'gamma': 1.7898575288211967e-08, 'min_child_weight': 19.284810259688083}. Best is trial 76 with value: 0.1683829856357876.[0m
[32m[I 2023-01-30 08:57:49,310][0m Trial 97 finished with value: 0.16786159457682662 and parameters: {'max_depth': 10, 'learning_rate': 0.0212319331444466, 'colsample_bytree': 0.5912625822683778, 'subsample': 0.6856797195338068, 'alpha': 0.10583460235421009, 'lambda': 0.00010789742240534121, 'gamma': 5.952525449494648e-07, 'min_child_weight': 11.285400421456357}. Best is trial 97 with value: 0.16786159457682662.[0m
[32m[I 2023-01-30 08:57:56,284][0m Trial 98 finished with value: 15.270411625276385 and parameters: {'max_depth': 11, 'learning_rate': 0.020938483215029467, 'colsample_bytree': 0.5874934436871679, 'subsample': 0.5691374661689946, 'alpha': 0.07375470523156784, 'lambda': 0.000184063484216471, 'gamma': 5.147820136771608e-07, 'min_child_weight': 12.567701738442414}. Best is trial 97 with value: 0.16786159457682662.[0m
[32m[I 2023-01-30 08:57:57,926][0m Trial 99 finished with value: 28.648270130924296 and parameters: {'max_depth': 10, 'learning_rate': 0.01558506877921853, 'colsample_bytree': 0.5610488535658956, 'subsample': 0.684274811346174, 'alpha': 0.05350044516987594, 'lambda': 0.00012161801380705962, 'gamma': 1.2125444417249615e-06, 'min_child_weight': 17.04892326974885}. Best is trial 97 with value: 0.16786159457682662.[0m
2023-01-30 08:57:57.927 | ERROR    | __main__:<module>:78 - need to call fit or load_model beforehand
Traceback (most recent call last):

> File "/Users/kevinmaikjablonka/git/kjappelbaum/gptchem/experiments/04_regression/henry/run_experiments.py", line 76, in <module>
    run_experiment(train_size, target, i + 22332642)
    │              │           │       └ 1
    │              │           └ ('logKH_CH4', 'CH4 Henry coefficient')
    │              └ 20
    └ <function run_experiment at 0x1033cb0d0>

  File "/Users/kevinmaikjablonka/git/kjappelbaum/gptchem/experiments/04_regression/henry/run_experiments.py", line 43, in run_experiment
    baseline_res = train_test_henry_regression_baseline(
                   └ <function train_test_henry_regression_baseline at 0x2ac8791f0>

  File "/Users/kevinmaikjablonka/git/kjappelbaum/gptchem/src/gptchem/baselines/henry.py", line 406, in train_test_henry_regression_baseline
    predictions = baseline.predict(X_test.values)
                  │        │       │      └ <property object at 0x29df00450>
                  │        │       └             Di        Df  ...  sum-D_mc_CRY-S-2-all  sum-D_mc_CRY-S-3-all
                  │        │         1599   5.66983   3.45515  ...                 21.96...
                  │        └ <function XGBRegressionBaseline.predict at 0x2ad662790>
                  └ <gptchem.models.xgboost.XGBRegressionBaseline object at 0x2af9eddc0>

  File "/Users/kevinmaikjablonka/git/kjappelbaum/gptchem/src/gptchem/models/xgboost.py", line 208, in predict
    return self.model.predict(X_values)
           │    │     │       └ array([[  5.66983,   3.45515,   5.06856, ...,  99.12   ,  21.96   ,
           │    │     │                 297.6    ],
           │    │     │                [  4.67022,   4.137  ,   4.663...
           │    │     └ <function XGBModel.predict at 0x2ad63e820>
           │    └ XGBRegressor(alpha=0.10583460235421009, base_score=None, booster=None,
           │                   callbacks=None, colsample_bylevel=None, c...
           └ <gptchem.models.xgboost.XGBRegressionBaseline object at 0x2af9eddc0>

  File "/Users/kevinmaikjablonka/miniconda3/envs/gptchem/lib/python3.9/site-packages/xgboost/sklearn.py", line 1109, in predict
    self.get_booster(), ntree_limit, iteration_range
    │    │              │            └ None
    │    │              └ None
    │    └ <function XGBModel.get_booster at 0x2ad63af70>
    └ XGBRegressor(alpha=0.10583460235421009, base_score=None, booster=None,
                   callbacks=None, colsample_bylevel=None, c...
  File "/Users/kevinmaikjablonka/miniconda3/envs/gptchem/lib/python3.9/site-packages/xgboost/sklearn.py", line 649, in get_booster
    raise NotFittedError("need to call fit or load_model beforehand")
          └ <class 'sklearn.exceptions.NotFittedError'>

sklearn.exceptions.NotFittedError: need to call fit or load_model beforehand
[32m[I 2023-01-30 08:57:58,145][0m A new study created in memory with name: no-name-dfd3c90a-7901-477d-91d1-611e94ab7625[0m
[32m[I 2023-01-30 08:57:59,928][0m Trial 0 finished with value: 18.180926482123805 and parameters: {'max_depth': 6, 'learning_rate': 0.005210791962875845, 'colsample_bytree': 0.3394136619287924, 'subsample': 0.6574222784102022, 'alpha': 0.02648277082222497, 'lambda': 1.4144875055738103e-05, 'gamma': 0.04500641923688874, 'min_child_weight': 260.3962433950421}. Best is trial 0 with value: 18.180926482123805.[0m
[32m[I 2023-01-30 08:58:01,439][0m Trial 1 finished with value: 18.180926482123805 and parameters: {'max_depth': 6, 'learning_rate': 0.021979238983249345, 'colsample_bytree': 0.23423485468909863, 'subsample': 0.4465474806143693, 'alpha': 0.015192846689395734, 'lambda': 1.053937511823679e-07, 'gamma': 0.0033136326180250014, 'min_child_weight': 644.7293908986641}. Best is trial 0 with value: 18.180926482123805.[0m
[32m[I 2023-01-30 08:58:03,417][0m Trial 2 finished with value: 18.180926482123805 and parameters: {'max_depth': 9, 'learning_rate': 0.04472431548571135, 'colsample_bytree': 0.2882911980960603, 'subsample': 0.4361977233811782, 'alpha': 0.8026076381845835, 'lambda': 0.009308933954768672, 'gamma': 3.256363358939344e-07, 'min_child_weight': 18.821383776104874}. Best is trial 0 with value: 18.180926482123805.[0m
[32m[I 2023-01-30 08:58:05,995][0m Trial 3 finished with value: 18.180926482123805 and parameters: {'max_depth': 12, 'learning_rate': 0.017094403917353843, 'colsample_bytree': 0.22948802297384155, 'subsample': 0.44730585755534635, 'alpha': 0.015292131773238979, 'lambda': 5.965676317494847e-06, 'gamma': 0.00044528778884839724, 'min_child_weight': 338.98551770988314}. Best is trial 0 with value: 18.180926482123805.[0m
[32m[I 2023-01-30 08:58:10,248][0m Trial 4 finished with value: 18.180926482123805 and parameters: {'max_depth': 8, 'learning_rate': 0.023072683131762008, 'colsample_bytree': 0.47102991741606304, 'subsample': 0.6352342739748388, 'alpha': 9.944425486443707, 'lambda': 2.1702458195047087e-06, 'gamma': 0.09353155629396856, 'min_child_weight': 18.469334745436925}. Best is trial 0 with value: 18.180926482123805.[0m
[32m[I 2023-01-30 08:58:11,868][0m Trial 5 finished with value: 18.180926482123805 and parameters: {'max_depth': 12, 'learning_rate': 0.006728704334767703, 'colsample_bytree': 0.4857337033199275, 'subsample': 0.7037918458958176, 'alpha': 0.06686109213200414, 'lambda': 0.03446930445975244, 'gamma': 2.183635020390231e-06, 'min_child_weight': 77.41831145784069}. Best is trial 0 with value: 18.180926482123805.[0m
[32m[I 2023-01-30 08:58:14,963][0m Trial 6 finished with value: 18.180926482123805 and parameters: {'max_depth': 4, 'learning_rate': 0.024309997179372503, 'colsample_bytree': 0.5841853923869278, 'subsample': 0.7667252048707697, 'alpha': 0.013337191036805442, 'lambda': 1.3636680397564094e-07, 'gamma': 0.0014997828175700684, 'min_child_weight': 322.655885902972}. Best is trial 0 with value: 18.180926482123805.[0m
[32m[I 2023-01-30 08:58:16,239][0m Trial 7 finished with value: 18.180926482123805 and parameters: {'max_depth': 6, 'learning_rate': 0.010926258610128152, 'colsample_bytree': 0.2607618918637006, 'subsample': 0.6028959703295853, 'alpha': 0.06206371578662345, 'lambda': 1.266992201665895e-08, 'gamma': 1.5789432269327715e-05, 'min_child_weight': 80.39289318891001}. Best is trial 0 with value: 18.180926482123805.[0m
[32m[I 2023-01-30 08:58:17,611][0m Trial 8 finished with value: 18.180926482123805 and parameters: {'max_depth': 11, 'learning_rate': 0.022246945550976716, 'colsample_bytree': 0.38348067034928734, 'subsample': 0.5786344453767411, 'alpha': 0.2103742118991652, 'lambda': 0.00021926407596498205, 'gamma': 0.036837608776384916, 'min_child_weight': 826.8193360446916}. Best is trial 0 with value: 18.180926482123805.[0m
[32m[I 2023-01-30 08:58:19,269][0m Trial 9 finished with value: 18.180926482123805 and parameters: {'max_depth': 12, 'learning_rate': 0.040398899586500135, 'colsample_bytree': 0.40713570785418746, 'subsample': 0.4235077964948132, 'alpha': 1.6713931146681782, 'lambda': 0.05220786063595881, 'gamma': 6.757110406953963e-05, 'min_child_weight': 153.35914002613805}. Best is trial 0 with value: 18.180926482123805.[0m
[32m[I 2023-01-30 08:58:20,974][0m Trial 10 finished with value: 18.180926482123805 and parameters: {'max_depth': 4, 'learning_rate': 0.0051010521249069424, 'colsample_bytree': 0.3376582061752173, 'subsample': 0.5499699357218312, 'alpha': 0.07742748376856408, 'lambda': 1.828187196479361, 'gamma': 6.916341126402485, 'min_child_weight': 43.78907989900732}. Best is trial 0 with value: 18.180926482123805.[0m
[32m[I 2023-01-30 08:58:22,355][0m Trial 11 finished with value: 18.180926482123805 and parameters: {'max_depth': 6, 'learning_rate': 0.010285111694805673, 'colsample_bytree': 0.2034537851852063, 'subsample': 0.514539048605312, 'alpha': 0.010006065540509321, 'lambda': 2.284838162803778e-05, 'gamma': 0.03934254218258316, 'min_child_weight': 811.0175597724037}. Best is trial 0 with value: 18.180926482123805.[0m
[32m[I 2023-01-30 08:58:24,261][0m Trial 12 finished with value: 18.180926482123805 and parameters: {'max_depth': 6, 'learning_rate': 0.010234627879632863, 'colsample_bytree': 0.3036196100375389, 'subsample': 0.6729112010910654, 'alpha': 0.03309573596383524, 'lambda': 3.15896709656829e-07, 'gamma': 1.605359152006054e-08, 'min_child_weight': 316.6944466327815}. Best is trial 0 with value: 18.180926482123805.[0m
[32m[I 2023-01-30 08:58:25,626][0m Trial 13 finished with value: 18.180926482123805 and parameters: {'max_depth': 8, 'learning_rate': 0.0322335182494066, 'colsample_bytree': 0.3530994672167259, 'subsample': 0.4921604616449984, 'alpha': 0.22613623980020375, 'lambda': 1.3782182304730337e-08, 'gamma': 2.069197566327481, 'min_child_weight': 183.65882043482577}. Best is trial 0 with value: 18.180926482123805.[0m
[32m[I 2023-01-30 08:58:27,238][0m Trial 14 finished with value: 18.180926482123805 and parameters: {'max_depth': 7, 'learning_rate': 0.015331024901810241, 'colsample_bytree': 0.4200335662105023, 'subsample': 0.7433545422864356, 'alpha': 0.03184793611213622, 'lambda': 0.00010919612614837231, 'gamma': 0.004676169440040648, 'min_child_weight': 408.424182974665}. Best is trial 0 with value: 18.180926482123805.[0m
[32m[I 2023-01-30 08:58:28,630][0m Trial 15 finished with value: 18.180926482123805 and parameters: {'max_depth': 5, 'learning_rate': 0.015322386774797043, 'colsample_bytree': 0.29429463535698475, 'subsample': 0.6522471511578417, 'alpha': 0.027612918077519342, 'lambda': 4.4476397799346593e-07, 'gamma': 0.31417972843895986, 'min_child_weight': 995.7689532915214}. Best is trial 0 with value: 18.180926482123805.[0m
[32m[I 2023-01-30 08:58:34,331][0m Trial 16 finished with value: 18.180926482123805 and parameters: {'max_depth': 9, 'learning_rate': 0.0075938122625536, 'colsample_bytree': 0.25466351474354765, 'subsample': 0.4962146905710538, 'alpha': 0.11237966184381855, 'lambda': 0.0020587659481311523, 'gamma': 0.004892434244261237, 'min_child_weight': 479.8581100356708}. Best is trial 0 with value: 18.180926482123805.[0m
[32m[I 2023-01-30 08:58:36,804][0m Trial 17 finished with value: 18.180926482123805 and parameters: {'max_depth': 7, 'learning_rate': 0.015095236915806004, 'colsample_bytree': 0.4784287033013168, 'subsample': 0.783403593081162, 'alpha': 0.682265027208534, 'lambda': 0.000111845160778925, 'gamma': 9.819631998175957e-05, 'min_child_weight': 169.26298949201296}. Best is trial 0 with value: 18.180926482123805.[0m
