[32m[I 2023-01-30 03:29:58,547][0m Trial 81 finished with value: 0.750492941380174 and parameters: {'max_depth': 7, 'learning_rate': 0.006774351119070232, 'colsample_bytree': 0.34995549071288207, 'subsample': 0.7916526563194977, 'alpha': 0.934903494223768, 'lambda': 3.950497060702155e-06, 'gamma': 0.03462504856595618, 'min_child_weight': 13.590444372670255}. Best is trial 71 with value: 0.7433723461925552.[0m
[32m[I 2023-01-30 03:32:42,150][0m Trial 82 finished with value: 0.7529798473479554 and parameters: {'max_depth': 7, 'learning_rate': 0.01991736815689192, 'colsample_bytree': 0.365666182678154, 'subsample': 0.7798473932905218, 'alpha': 1.7682293623231418, 'lambda': 2.063666476899189e-06, 'gamma': 0.014850925705234854, 'min_child_weight': 11.288576013707802}. Best is trial 71 with value: 0.7433723461925552.[0m
[32m[I 2023-01-30 03:39:08,232][0m Trial 83 finished with value: 0.7532548308413349 and parameters: {'max_depth': 7, 'learning_rate': 0.007191942849175021, 'colsample_bytree': 0.3851820361817858, 'subsample': 0.7492481930976103, 'alpha': 1.0268877848527678, 'lambda': 5.684438008495027e-06, 'gamma': 0.008346875108652441, 'min_child_weight': 12.979940125606504}. Best is trial 71 with value: 0.7433723461925552.[0m
[32m[I 2023-01-30 03:41:33,964][0m Trial 84 finished with value: 0.7644482060642084 and parameters: {'max_depth': 8, 'learning_rate': 0.015841752509750482, 'colsample_bytree': 0.3324499804299022, 'subsample': 0.7651335613182764, 'alpha': 0.7617015494227887, 'lambda': 4.7615803245858846e-07, 'gamma': 0.00467058699729089, 'min_child_weight': 23.42480321453922}. Best is trial 71 with value: 0.7433723461925552.[0m
[32m[I 2023-01-30 03:47:48,535][0m Trial 85 finished with value: 0.7520156962248092 and parameters: {'max_depth': 11, 'learning_rate': 0.008060744925133584, 'colsample_bytree': 0.35723735818870905, 'subsample': 0.788672781703069, 'alpha': 1.2388228673438546, 'lambda': 9.523401532440165e-07, 'gamma': 0.11912435886753489, 'min_child_weight': 18.66409990448425}. Best is trial 71 with value: 0.7433723461925552.[0m
[32m[I 2023-01-30 03:55:09,225][0m Trial 86 finished with value: 0.7491367101556295 and parameters: {'max_depth': 6, 'learning_rate': 0.006196368777718905, 'colsample_bytree': 0.32607086922842515, 'subsample': 0.7341918178867748, 'alpha': 0.3412090233166376, 'lambda': 3.7639163073969608e-06, 'gamma': 0.020647826836862067, 'min_child_weight': 10.525960676570648}. Best is trial 71 with value: 0.7433723461925552.[0m
[32m[I 2023-01-30 04:02:31,080][0m Trial 87 finished with value: 0.7478227401787085 and parameters: {'max_depth': 7, 'learning_rate': 0.007497980016045386, 'colsample_bytree': 0.30541263613216446, 'subsample': 0.7758833495318702, 'alpha': 0.642124160550529, 'lambda': 1.3158500360262948e-05, 'gamma': 0.06549752511959524, 'min_child_weight': 14.911466231489468}. Best is trial 71 with value: 0.7433723461925552.[0m
[32m[I 2023-01-30 04:09:01,485][0m Trial 88 finished with value: 0.7554704279063498 and parameters: {'max_depth': 6, 'learning_rate': 0.009435551830835854, 'colsample_bytree': 0.3759197460366643, 'subsample': 0.7585329615373085, 'alpha': 2.2122779955094307, 'lambda': 6.995023750691887e-08, 'gamma': 0.5931594763816438, 'min_child_weight': 13.174595605137549}. Best is trial 71 with value: 0.7433723461925552.[0m
[32m[I 2023-01-30 04:15:19,288][0m Trial 89 finished with value: 0.7560401946983167 and parameters: {'max_depth': 8, 'learning_rate': 0.006850580464733297, 'colsample_bytree': 0.33812404710656246, 'subsample': 0.7944521304510356, 'alpha': 1.0906005407627744, 'lambda': 2.453274181629786e-08, 'gamma': 1.1905615917535093, 'min_child_weight': 16.874184793746455}. Best is trial 71 with value: 0.7433723461925552.[0m
[32m[I 2023-01-30 04:19:40,252][0m Trial 90 finished with value: 0.7594008489697976 and parameters: {'max_depth': 7, 'learning_rate': 0.00515755867609638, 'colsample_bytree': 0.43552853998043595, 'subsample': 0.7416603755785552, 'alpha': 0.7972958944614696, 'lambda': 8.785467078425554e-05, 'gamma': 0.01118016810754135, 'min_child_weight': 20.21862031215353}. Best is trial 71 with value: 0.7433723461925552.[0m
[32m[I 2023-01-30 04:22:50,303][0m Trial 91 finished with value: 0.7406744570179602 and parameters: {'max_depth': 7, 'learning_rate': 0.005637872177464674, 'colsample_bytree': 0.30186490168278723, 'subsample': 0.768102522694934, 'alpha': 0.675525125657526, 'lambda': 2.371457341828653e-07, 'gamma': 0.005060551531026838, 'min_child_weight': 10.07868830377176}. Best is trial 91 with value: 0.7406744570179602.[0m
[32m[I 2023-01-30 04:25:29,577][0m Trial 92 finished with value: 0.7432144424335154 and parameters: {'max_depth': 7, 'learning_rate': 0.006380068762856426, 'colsample_bytree': 0.29835199067208396, 'subsample': 0.7678474665977347, 'alpha': 0.4161361258608724, 'lambda': 2.4786657900599184e-07, 'gamma': 0.001133150971750989, 'min_child_weight': 11.063598606743891}. Best is trial 91 with value: 0.7406744570179602.[0m
[32m[I 2023-01-30 04:27:39,870][0m Trial 93 finished with value: 0.7448035185711448 and parameters: {'max_depth': 7, 'learning_rate': 0.00566011884722684, 'colsample_bytree': 0.29897216844378954, 'subsample': 0.7673036090560933, 'alpha': 0.5120714901835686, 'lambda': 1.7848303363504502e-07, 'gamma': 0.0010383862750416321, 'min_child_weight': 11.092863136961954}. Best is trial 91 with value: 0.7406744570179602.[0m
[32m[I 2023-01-30 04:30:51,213][0m Trial 94 finished with value: 0.7526222834009515 and parameters: {'max_depth': 7, 'learning_rate': 0.005666851591610462, 'colsample_bytree': 0.47122197875090843, 'subsample': 0.7668674400035279, 'alpha': 0.46075060243778854, 'lambda': 1.344939505732501e-07, 'gamma': 0.0012424975068057004, 'min_child_weight': 11.21587711241024}. Best is trial 91 with value: 0.7406744570179602.[0m
[32m[I 2023-01-30 04:36:41,687][0m Trial 95 finished with value: 0.7489014635087816 and parameters: {'max_depth': 7, 'learning_rate': 0.006325616717070308, 'colsample_bytree': 0.2960730955935242, 'subsample': 0.7458996919206113, 'alpha': 0.39243597815826214, 'lambda': 3.364706979231139e-07, 'gamma': 0.002290119317240345, 'min_child_weight': 12.246397289334098}. Best is trial 91 with value: 0.7406744570179602.[0m
[32m[I 2023-01-30 04:43:01,890][0m Trial 96 finished with value: 0.7539126917314249 and parameters: {'max_depth': 8, 'learning_rate': 0.006107993680090609, 'colsample_bytree': 0.2488048960751975, 'subsample': 0.7536082911664057, 'alpha': 0.5676974374880353, 'lambda': 2.4402723593671825e-07, 'gamma': 0.0005055326730411267, 'min_child_weight': 10.286139524090823}. Best is trial 91 with value: 0.7406744570179602.[0m
[32m[I 2023-01-30 04:47:40,039][0m Trial 97 finished with value: 0.7480257918787099 and parameters: {'max_depth': 7, 'learning_rate': 0.006461461037362875, 'colsample_bytree': 0.2785585530090072, 'subsample': 0.7760032942225321, 'alpha': 0.6922276951122524, 'lambda': 9.569465732807312e-08, 'gamma': 0.0003204531174875912, 'min_child_weight': 11.093586606373789}. Best is trial 91 with value: 0.7406744570179602.[0m
[32m[I 2023-01-30 04:53:38,834][0m Trial 98 finished with value: 0.9901589349987352 and parameters: {'max_depth': 7, 'learning_rate': 0.005260253764921182, 'colsample_bytree': 0.5061394832505182, 'subsample': 0.7077859541779448, 'alpha': 0.35934464974221547, 'lambda': 4.8574006319895145e-08, 'gamma': 0.004176397997209249, 'min_child_weight': 252.44703008394194}. Best is trial 91 with value: 0.7406744570179602.[0m
[32m[I 2023-01-30 04:59:19,926][0m Trial 99 finished with value: 0.754264429976239 and parameters: {'max_depth': 8, 'learning_rate': 0.005583789572657012, 'colsample_bytree': 0.2666508175279083, 'subsample': 0.7622618656549707, 'alpha': 0.2981720552392666, 'lambda': 1.913856924646985e-08, 'gamma': 0.001014577112301514, 'min_child_weight': 14.80383671206102}. Best is trial 91 with value: 0.7406744570179602.[0m
2023-01-30 04:59:19.928 | ERROR    | __main__:<module>:78 - need to call fit or load_model beforehand
Traceback (most recent call last):

> File "/Users/kevinmaikjablonka/git/kjappelbaum/gptchem/experiments/04_regression/henry/run_experiments.py", line 76, in <module>
    run_experiment(train_size, target, i + 22332642)
    │              │           │       └ 0
    │              │           └ ('logKH_CO2', 'CO2 Henry coefficient')
    │              └ 1000
    └ <function run_experiment at 0x1033cb0d0>

  File "/Users/kevinmaikjablonka/git/kjappelbaum/gptchem/experiments/04_regression/henry/run_experiments.py", line 43, in run_experiment
    baseline_res = train_test_henry_regression_baseline(
                   └ <function train_test_henry_regression_baseline at 0x2ac8791f0>

  File "/Users/kevinmaikjablonka/git/kjappelbaum/gptchem/src/gptchem/baselines/henry.py", line 406, in train_test_henry_regression_baseline
    predictions = baseline.predict(X_test.values)
                  │        │       │      └ <property object at 0x29df00450>
                  │        │       └            Di       Df  ...  sum-D_mc_CRY-S-2-all  sum-D_mc_CRY-S-3-all
                  │        │         4440  4.22344  3.46939  ...                 20.76    ...
                  │        └ <function XGBRegressionBaseline.predict at 0x2ad662790>
                  └ <gptchem.models.xgboost.XGBRegressionBaseline object at 0x2afba8fd0>

  File "/Users/kevinmaikjablonka/git/kjappelbaum/gptchem/src/gptchem/models/xgboost.py", line 208, in predict
    return self.model.predict(X_values)
           │    │     │       └ array([[ 4.22344,  3.46939,  4.21901, ..., 15.92   , 20.76   , 68.24   ],
           │    │     │                [ 4.57808,  3.51835,  4.56928, ...,  8.32   ...
           │    │     └ <function XGBModel.predict at 0x2ad63e820>
           │    └ XGBRegressor(alpha=0.675525125657526, base_score=None, booster=None,
           │                   callbacks=None, colsample_bylevel=None, col...
           └ <gptchem.models.xgboost.XGBRegressionBaseline object at 0x2afba8fd0>

  File "/Users/kevinmaikjablonka/miniconda3/envs/gptchem/lib/python3.9/site-packages/xgboost/sklearn.py", line 1109, in predict
    self.get_booster(), ntree_limit, iteration_range
    │    │              │            └ None
    │    │              └ None
    │    └ <function XGBModel.get_booster at 0x2ad63af70>
    └ XGBRegressor(alpha=0.675525125657526, base_score=None, booster=None,
                   callbacks=None, colsample_bylevel=None, col...
  File "/Users/kevinmaikjablonka/miniconda3/envs/gptchem/lib/python3.9/site-packages/xgboost/sklearn.py", line 649, in get_booster
    raise NotFittedError("need to call fit or load_model beforehand")
          └ <class 'sklearn.exceptions.NotFittedError'>

sklearn.exceptions.NotFittedError: need to call fit or load_model beforehand
[32m[I 2023-01-30 04:59:20,125][0m A new study created in memory with name: no-name-a65d22ec-a6fa-40d8-90ce-a8d837da6fc1[0m
[32m[I 2023-01-30 04:59:22,618][0m Trial 0 finished with value: 28.166024641281496 and parameters: {'max_depth': 6, 'learning_rate': 0.005210791962875845, 'colsample_bytree': 0.3394136619287924, 'subsample': 0.6574222784102022, 'alpha': 0.02648277082222497, 'lambda': 1.4144875055738103e-05, 'gamma': 0.04500641923688874, 'min_child_weight': 260.3962433950421}. Best is trial 0 with value: 28.166024641281496.[0m
[32m[I 2023-01-30 04:59:24,941][0m Trial 1 finished with value: 28.166024641281496 and parameters: {'max_depth': 6, 'learning_rate': 0.021979238983249345, 'colsample_bytree': 0.23423485468909863, 'subsample': 0.4465474806143693, 'alpha': 0.015192846689395734, 'lambda': 1.053937511823679e-07, 'gamma': 0.0033136326180250014, 'min_child_weight': 644.7293908986641}. Best is trial 0 with value: 28.166024641281496.[0m
[32m[I 2023-01-30 04:59:27,448][0m Trial 2 finished with value: 28.166024641281496 and parameters: {'max_depth': 9, 'learning_rate': 0.04472431548571135, 'colsample_bytree': 0.2882911980960603, 'subsample': 0.4361977233811782, 'alpha': 0.8026076381845835, 'lambda': 0.009308933954768672, 'gamma': 3.256363358939344e-07, 'min_child_weight': 18.821383776104874}. Best is trial 0 with value: 28.166024641281496.[0m
[32m[I 2023-01-30 04:59:29,744][0m Trial 3 finished with value: 28.166024641281496 and parameters: {'max_depth': 12, 'learning_rate': 0.017094403917353843, 'colsample_bytree': 0.22948802297384155, 'subsample': 0.44730585755534635, 'alpha': 0.015292131773238979, 'lambda': 5.965676317494847e-06, 'gamma': 0.00044528778884839724, 'min_child_weight': 338.98551770988314}. Best is trial 0 with value: 28.166024641281496.[0m
[32m[I 2023-01-30 04:59:32,255][0m Trial 4 finished with value: 28.166024641281496 and parameters: {'max_depth': 8, 'learning_rate': 0.023072683131762008, 'colsample_bytree': 0.47102991741606304, 'subsample': 0.6352342739748388, 'alpha': 9.944425486443707, 'lambda': 2.1702458195047087e-06, 'gamma': 0.09353155629396856, 'min_child_weight': 18.469334745436925}. Best is trial 0 with value: 28.166024641281496.[0m
[32m[I 2023-01-30 04:59:34,812][0m Trial 5 finished with value: 28.166024641281496 and parameters: {'max_depth': 12, 'learning_rate': 0.006728704334767703, 'colsample_bytree': 0.4857337033199275, 'subsample': 0.7037918458958176, 'alpha': 0.06686109213200414, 'lambda': 0.03446930445975244, 'gamma': 2.183635020390231e-06, 'min_child_weight': 77.41831145784069}. Best is trial 0 with value: 28.166024641281496.[0m
[32m[I 2023-01-30 04:59:37,350][0m Trial 6 finished with value: 28.166024641281496 and parameters: {'max_depth': 4, 'learning_rate': 0.024309997179372503, 'colsample_bytree': 0.5841853923869278, 'subsample': 0.7667252048707697, 'alpha': 0.013337191036805442, 'lambda': 1.3636680397564094e-07, 'gamma': 0.0014997828175700684, 'min_child_weight': 322.655885902972}. Best is trial 0 with value: 28.166024641281496.[0m
[32m[I 2023-01-30 04:59:39,571][0m Trial 7 finished with value: 28.166024641281496 and parameters: {'max_depth': 6, 'learning_rate': 0.010926258610128152, 'colsample_bytree': 0.2607618918637006, 'subsample': 0.6028959703295853, 'alpha': 0.06206371578662345, 'lambda': 1.266992201665895e-08, 'gamma': 1.5789432269327715e-05, 'min_child_weight': 80.39289318891001}. Best is trial 0 with value: 28.166024641281496.[0m
[32m[I 2023-01-30 04:59:42,236][0m Trial 8 finished with value: 28.166024641281496 and parameters: {'max_depth': 11, 'learning_rate': 0.022246945550976716, 'colsample_bytree': 0.38348067034928734, 'subsample': 0.5786344453767411, 'alpha': 0.2103742118991652, 'lambda': 0.00021926407596498205, 'gamma': 0.036837608776384916, 'min_child_weight': 826.8193360446916}. Best is trial 0 with value: 28.166024641281496.[0m
[32m[I 2023-01-30 04:59:44,657][0m Trial 9 finished with value: 28.166024641281496 and parameters: {'max_depth': 12, 'learning_rate': 0.040398899586500135, 'colsample_bytree': 0.40713570785418746, 'subsample': 0.4235077964948132, 'alpha': 1.6713931146681782, 'lambda': 0.05220786063595881, 'gamma': 6.757110406953963e-05, 'min_child_weight': 153.35914002613805}. Best is trial 0 with value: 28.166024641281496.[0m
[32m[I 2023-01-30 04:59:48,172][0m Trial 10 finished with value: 28.166024641281496 and parameters: {'max_depth': 4, 'learning_rate': 0.0051010521249069424, 'colsample_bytree': 0.3376582061752173, 'subsample': 0.5499699357218312, 'alpha': 0.07742748376856408, 'lambda': 1.828187196479361, 'gamma': 6.916341126402485, 'min_child_weight': 43.78907989900732}. Best is trial 0 with value: 28.166024641281496.[0m
[32m[I 2023-01-30 04:59:50,632][0m Trial 11 finished with value: 28.166024641281496 and parameters: {'max_depth': 6, 'learning_rate': 0.010285111694805673, 'colsample_bytree': 0.2034537851852063, 'subsample': 0.514539048605312, 'alpha': 0.010006065540509321, 'lambda': 2.284838162803778e-05, 'gamma': 0.03934254218258316, 'min_child_weight': 811.0175597724037}. Best is trial 0 with value: 28.166024641281496.[0m
[32m[I 2023-01-30 04:59:53,404][0m Trial 12 finished with value: 28.166024641281496 and parameters: {'max_depth': 6, 'learning_rate': 0.010234627879632863, 'colsample_bytree': 0.3036196100375389, 'subsample': 0.6729112010910654, 'alpha': 0.03309573596383524, 'lambda': 3.15896709656829e-07, 'gamma': 1.605359152006054e-08, 'min_child_weight': 316.6944466327815}. Best is trial 0 with value: 28.166024641281496.[0m
[32m[I 2023-01-30 04:59:55,982][0m Trial 13 finished with value: 28.166024641281496 and parameters: {'max_depth': 8, 'learning_rate': 0.0322335182494066, 'colsample_bytree': 0.3530994672167259, 'subsample': 0.4921604616449984, 'alpha': 0.22613623980020375, 'lambda': 1.3782182304730337e-08, 'gamma': 2.069197566327481, 'min_child_weight': 183.65882043482577}. Best is trial 0 with value: 28.166024641281496.[0m
[32m[I 2023-01-30 04:59:58,982][0m Trial 14 finished with value: 28.166024641281496 and parameters: {'max_depth': 7, 'learning_rate': 0.015331024901810241, 'colsample_bytree': 0.4200335662105023, 'subsample': 0.7433545422864356, 'alpha': 0.03184793611213622, 'lambda': 0.00010919612614837231, 'gamma': 0.004676169440040648, 'min_child_weight': 408.424182974665}. Best is trial 0 with value: 28.166024641281496.[0m
[32m[I 2023-01-30 05:00:04,029][0m Trial 15 finished with value: 28.166024641281496 and parameters: {'max_depth': 5, 'learning_rate': 0.015322386774797043, 'colsample_bytree': 0.29429463535698475, 'subsample': 0.6522471511578417, 'alpha': 0.027612918077519342, 'lambda': 4.4476397799346593e-07, 'gamma': 0.31417972843895986, 'min_child_weight': 995.7689532915214}. Best is trial 0 with value: 28.166024641281496.[0m
[32m[I 2023-01-30 05:00:09,172][0m Trial 16 finished with value: 28.166024641281496 and parameters: {'max_depth': 9, 'learning_rate': 0.0075938122625536, 'colsample_bytree': 0.25466351474354765, 'subsample': 0.4962146905710538, 'alpha': 0.11237966184381855, 'lambda': 0.0020587659481311523, 'gamma': 0.004892434244261237, 'min_child_weight': 479.8581100356708}. Best is trial 0 with value: 28.166024641281496.[0m
[32m[I 2023-01-30 05:00:14,384][0m Trial 17 finished with value: 28.166024641281496 and parameters: {'max_depth': 7, 'learning_rate': 0.015095236915806004, 'colsample_bytree': 0.4784287033013168, 'subsample': 0.783403593081162, 'alpha': 0.682265027208534, 'lambda': 0.000111845160778925, 'gamma': 9.819631998175957e-05, 'min_child_weight': 169.26298949201296}. Best is trial 0 with value: 28.166024641281496.[0m
[32m[I 2023-01-30 05:00:17,880][0m Trial 18 finished with value: 28.166024641281496 and parameters: {'max_depth': 5, 'learning_rate': 0.0051606367313989905, 'colsample_bytree': 0.3112918956901577, 'subsample': 0.6687100874033514, 'alpha': 0.028404698571591478, 'lambda': 1.019201326174933e-06, 'gamma': 0.35634620867407674, 'min_child_weight': 43.754182892889915}. Best is trial 0 with value: 28.166024641281496.[0m
[32m[I 2023-01-30 05:00:20,625][0m Trial 19 finished with value: 28.166024641281496 and parameters: {'max_depth': 10, 'learning_rate': 0.0072910359118713896, 'colsample_bytree': 0.3595324726333705, 'subsample': 0.5106169777639771, 'alpha': 0.13070455195390873, 'lambda': 0.002643099491520824, 'gamma': 0.007439150908343342, 'min_child_weight': 474.49997735501915}. Best is trial 0 with value: 28.166024641281496.[0m
[32m[I 2023-01-30 05:00:23,425][0m Trial 20 finished with value: 28.166024641281496 and parameters: {'max_depth': 7, 'learning_rate': 0.031343905100625305, 'colsample_bytree': 0.5559055339608177, 'subsample': 0.7899467330062055, 'alpha': 0.5797365045016953, 'lambda': 3.7370662256265645e-05, 'gamma': 0.000110757925946024, 'min_child_weight': 179.66949102116158}. Best is trial 0 with value: 28.166024641281496.[0m
[32m[I 2023-01-30 05:00:25,983][0m Trial 21 finished with value: 28.166024641281496 and parameters: {'max_depth': 5, 'learning_rate': 0.005032040461114765, 'colsample_bytree': 0.4541953736439387, 'subsample': 0.7149940892225515, 'alpha': 2.007711454020773, 'lambda': 3.471814656915809e-06, 'gamma': 0.27117808891233314, 'min_child_weight': 39.22650802608807}. Best is trial 0 with value: 28.166024641281496.[0m
[32m[I 2023-01-30 05:00:28,718][0m Trial 22 finished with value: 28.166024641281496 and parameters: {'max_depth': 10, 'learning_rate': 0.0070357205599098005, 'colsample_bytree': 0.34860522286133694, 'subsample': 0.6145647954502296, 'alpha': 0.13213777541753416, 'lambda': 0.0014938042933571945, 'gamma': 0.914463366505968, 'min_child_weight': 45.18038096781}. Best is trial 0 with value: 28.166024641281496.[0m
[32m[I 2023-01-30 05:00:31,501][0m Trial 23 finished with value: 28.166024641281496 and parameters: {'max_depth': 10, 'learning_rate': 0.008324710518319267, 'colsample_bytree': 0.5549654634463678, 'subsample': 0.5494389156124619, 'alpha': 0.4378746344308204, 'lambda': 2.6057545565619602e-05, 'gamma': 0.01326420425108214, 'min_child_weight': 122.29190017182744}. Best is trial 0 with value: 28.166024641281496.[0m
[32m[I 2023-01-30 05:00:34,058][0m Trial 24 finished with value: 28.166024641281496 and parameters: {'max_depth': 5, 'learning_rate': 0.005712981274295046, 'colsample_bytree': 0.5247300635449552, 'subsample': 0.7247948292695597, 'alpha': 2.287342857383788, 'lambda': 1.2240933436961838e-05, 'gamma': 8.136319563956004e-06, 'min_child_weight': 10.89401728403563}. Best is trial 0 with value: 28.166024641281496.[0m
[32m[I 2023-01-30 05:00:36,909][0m Trial 25 finished with value: 28.166024641281496 and parameters: {'max_depth': 9, 'learning_rate': 0.006511413390766033, 'colsample_bytree': 0.4315171542031254, 'subsample': 0.6220005530402896, 'alpha': 4.550712468765454, 'lambda': 0.0008582686103814168, 'gamma': 0.9759289782906823, 'min_child_weight': 41.41186071988117}. Best is trial 0 with value: 28.166024641281496.[0m
