[32m[I 2023-01-29 18:10:40,078][0m A new study created in memory with name: no-name-2401e350-f478-4584-b75f-6b41ff395549[0m
[32m[I 2023-01-29 18:10:43,947][0m Trial 0 finished with value: 28.865429026547304 and parameters: {'max_depth': 11, 'learning_rate': 0.03943180702221767, 'colsample_bytree': 0.48338277698454657, 'subsample': 0.6667880916971854, 'alpha': 0.07695356446858977, 'lambda': 0.0011960555391446264, 'gamma': 0.011558526456888882, 'min_child_weight': 591.1193593817245}. Best is trial 0 with value: 28.865429026547304.[0m
[32m[I 2023-01-29 18:10:48,685][0m Trial 1 finished with value: 28.865429026547304 and parameters: {'max_depth': 10, 'learning_rate': 0.041134316655128254, 'colsample_bytree': 0.22968076844783064, 'subsample': 0.4464499696175606, 'alpha': 7.181717181976198, 'lambda': 1.562370075120558e-07, 'gamma': 1.592922235503172e-07, 'min_child_weight': 31.920798758958732}. Best is trial 0 with value: 28.865429026547304.[0m
[32m[I 2023-01-29 18:10:51,756][0m Trial 2 finished with value: 28.865429026547304 and parameters: {'max_depth': 11, 'learning_rate': 0.018174141335350915, 'colsample_bytree': 0.5604454522456577, 'subsample': 0.7574852124218824, 'alpha': 3.4380016701469245, 'lambda': 0.5568909988317814, 'gamma': 7.527426349222389e-08, 'min_child_weight': 46.33736847648717}. Best is trial 0 with value: 28.865429026547304.[0m
[32m[I 2023-01-29 18:10:55,432][0m Trial 3 finished with value: 28.865429026547304 and parameters: {'max_depth': 9, 'learning_rate': 0.028378909616250787, 'colsample_bytree': 0.5801596986666466, 'subsample': 0.4947504468141251, 'alpha': 0.019466965890188696, 'lambda': 0.05971200399326978, 'gamma': 3.2188208036024255e-08, 'min_child_weight': 58.5928635790038}. Best is trial 0 with value: 28.865429026547304.[0m
[32m[I 2023-01-29 18:10:59,803][0m Trial 4 finished with value: 28.865429026547304 and parameters: {'max_depth': 11, 'learning_rate': 0.04162946890026078, 'colsample_bytree': 0.4633009018331788, 'subsample': 0.5171503376217323, 'alpha': 0.051964460566470146, 'lambda': 0.011806796342275164, 'gamma': 0.0009844669237292266, 'min_child_weight': 597.174798468189}. Best is trial 0 with value: 28.865429026547304.[0m
[32m[I 2023-01-29 18:11:08,112][0m Trial 5 finished with value: 28.865429026547304 and parameters: {'max_depth': 9, 'learning_rate': 0.030486391820450123, 'colsample_bytree': 0.3726677137700833, 'subsample': 0.6175143133497486, 'alpha': 0.37372578650240545, 'lambda': 3.336971520305419e-08, 'gamma': 0.7754828402642463, 'min_child_weight': 17.103074711611693}. Best is trial 0 with value: 28.865429026547304.[0m
[32m[I 2023-01-29 18:11:15,229][0m Trial 6 finished with value: 28.865429026547304 and parameters: {'max_depth': 4, 'learning_rate': 0.010624215152102963, 'colsample_bytree': 0.30490924992026125, 'subsample': 0.7437145829936807, 'alpha': 0.01471669543122012, 'lambda': 4.950734654876109, 'gamma': 3.905013417707782e-07, 'min_child_weight': 792.9791014070719}. Best is trial 0 with value: 28.865429026547304.[0m
[32m[I 2023-01-29 18:11:16,892][0m Trial 7 finished with value: 28.865429026547304 and parameters: {'max_depth': 5, 'learning_rate': 0.021844647946310584, 'colsample_bytree': 0.2978935637565084, 'subsample': 0.6945899034698879, 'alpha': 2.9236678454672598, 'lambda': 0.00197230249454408, 'gamma': 0.005725354703365607, 'min_child_weight': 12.641216570962865}. Best is trial 0 with value: 28.865429026547304.[0m
[32m[I 2023-01-29 18:11:18,653][0m Trial 8 finished with value: 28.865429026547304 and parameters: {'max_depth': 8, 'learning_rate': 0.04884455994741487, 'colsample_bytree': 0.4298111297108724, 'subsample': 0.7307760130513172, 'alpha': 0.20412995229328462, 'lambda': 0.001631687775345892, 'gamma': 0.13940883284270142, 'min_child_weight': 70.72254449717482}. Best is trial 0 with value: 28.865429026547304.[0m
[32m[I 2023-01-29 18:11:20,409][0m Trial 9 finished with value: 28.865429026547304 and parameters: {'max_depth': 12, 'learning_rate': 0.014255449161794368, 'colsample_bytree': 0.4034724433109933, 'subsample': 0.6012725606067151, 'alpha': 0.02679408741335582, 'lambda': 0.00011088384699910948, 'gamma': 3.14909160330647e-06, 'min_child_weight': 360.1956870154361}. Best is trial 0 with value: 28.865429026547304.[0m
[32m[I 2023-01-29 18:11:22,716][0m Trial 10 finished with value: 28.865429026547304 and parameters: {'max_depth': 7, 'learning_rate': 0.006567809537515869, 'colsample_bytree': 0.5276242218138534, 'subsample': 0.6480912363509146, 'alpha': 0.1485836350482236, 'lambda': 7.367825031632624e-06, 'gamma': 1.7124073357343546e-05, 'min_child_weight': 188.25826290314927}. Best is trial 0 with value: 28.865429026547304.[0m
[32m[I 2023-01-29 18:11:24,636][0m Trial 11 finished with value: 28.865429026547304 and parameters: {'max_depth': 10, 'learning_rate': 0.03359892637216309, 'colsample_bytree': 0.21495626425964667, 'subsample': 0.4506534648118672, 'alpha': 1.4466901926024043, 'lambda': 4.281295649401421e-07, 'gamma': 0.014196383755325193, 'min_child_weight': 180.5642257946428}. Best is trial 0 with value: 28.865429026547304.[0m
[32m[I 2023-01-29 18:11:26,401][0m Trial 12 finished with value: 28.865429026547304 and parameters: {'max_depth': 12, 'learning_rate': 0.04637837142501338, 'colsample_bytree': 0.4959429120562431, 'subsample': 0.5390617281971318, 'alpha': 0.5379714947762532, 'lambda': 1.6665233870654326e-05, 'gamma': 0.00010962596682578986, 'min_child_weight': 27.908882470640613}. Best is trial 0 with value: 28.865429026547304.[0m
[32m[I 2023-01-29 18:11:29,223][0m Trial 13 finished with value: 28.865429026547304 and parameters: {'max_depth': 10, 'learning_rate': 0.02302293959311387, 'colsample_bytree': 0.2337477895521881, 'subsample': 0.40082946354115456, 'alpha': 9.9244037650245, 'lambda': 1.2055816570538947e-08, 'gamma': 1.8833311481402957, 'min_child_weight': 133.30361902820303}. Best is trial 0 with value: 28.865429026547304.[0m
[32m[I 2023-01-29 18:11:31,587][0m Trial 14 finished with value: 28.865429026547304 and parameters: {'max_depth': 8, 'learning_rate': 0.010718050358039735, 'colsample_bytree': 0.34258445293700124, 'subsample': 0.6772570839992399, 'alpha': 0.06076068456342406, 'lambda': 8.104182806826234e-07, 'gamma': 0.00016505029170488594, 'min_child_weight': 29.934608429489973}. Best is trial 0 with value: 28.865429026547304.[0m
[32m[I 2023-01-29 18:11:33,800][0m Trial 15 finished with value: 28.865429026547304 and parameters: {'max_depth': 6, 'learning_rate': 0.03621840436763225, 'colsample_bytree': 0.46004893912320277, 'subsample': 0.5795627817761305, 'alpha': 0.7914334072755109, 'lambda': 0.00011426392211063301, 'gamma': 2.400709624601267e-06, 'min_child_weight': 436.5768192040608}. Best is trial 0 with value: 28.865429026547304.[0m
[32m[I 2023-01-29 18:11:35,864][0m Trial 16 finished with value: 28.865429026547304 and parameters: {'max_depth': 10, 'learning_rate': 0.005118028590474884, 'colsample_bytree': 0.2731938826921735, 'subsample': 0.4044934556583538, 'alpha': 0.1039169725198846, 'lambda': 5.840980920922715e-07, 'gamma': 0.05548296117404792, 'min_child_weight': 255.6665460441549}. Best is trial 0 with value: 28.865429026547304.[0m
[32m[I 2023-01-29 18:11:39,236][0m Trial 17 finished with value: 28.865429026547304 and parameters: {'max_depth': 7, 'learning_rate': 0.010051452455049781, 'colsample_bytree': 0.3630072926325442, 'subsample': 0.6756377683224543, 'alpha': 0.0746913988709884, 'lambda': 6.7402921194036235e-06, 'gamma': 0.00043244898080182977, 'min_child_weight': 87.81898665509235}. Best is trial 0 with value: 28.865429026547304.[0m
[32m[I 2023-01-29 18:11:42,255][0m Trial 18 finished with value: 28.865429026547304 and parameters: {'max_depth': 6, 'learning_rate': 0.03377097879752218, 'colsample_bytree': 0.46402508593506286, 'subsample': 0.5623674313947463, 'alpha': 0.8126826810846793, 'lambda': 0.00014650974799232988, 'gamma': 4.95191560513554e-06, 'min_child_weight': 435.9917922673563}. Best is trial 0 with value: 28.865429026547304.[0m
[32m[I 2023-01-29 18:11:47,435][0m Trial 19 finished with value: 28.865429026547304 and parameters: {'max_depth': 11, 'learning_rate': 0.005325328826122456, 'colsample_bytree': 0.2778785750879012, 'subsample': 0.7902332994072868, 'alpha': 0.16042261450554796, 'lambda': 0.03718480628768101, 'gamma': 7.88505033992722, 'min_child_weight': 257.50494030595627}. Best is trial 0 with value: 28.865429026547304.[0m
[32m[I 2023-01-29 18:11:50,437][0m Trial 20 finished with value: 28.865429026547304 and parameters: {'max_depth': 7, 'learning_rate': 0.009499114618165152, 'colsample_bytree': 0.37209384566733594, 'subsample': 0.6461953478972042, 'alpha': 0.04441225954245147, 'lambda': 7.475100110373627e-06, 'gamma': 0.001319629735178648, 'min_child_weight': 100.01605718737098}. Best is trial 0 with value: 28.865429026547304.[0m
[32m[I 2023-01-29 18:11:53,843][0m Trial 21 finished with value: 28.865429026547304 and parameters: {'max_depth': 6, 'learning_rate': 0.00840493557910268, 'colsample_bytree': 0.5077630482783883, 'subsample': 0.5633933996754246, 'alpha': 1.132788787016799, 'lambda': 0.0007424624937555029, 'gamma': 8.19422204378254e-05, 'min_child_weight': 804.0862651673042}. Best is trial 0 with value: 28.865429026547304.[0m
[32m[I 2023-01-29 18:11:56,688][0m Trial 22 finished with value: 28.865429026547304 and parameters: {'max_depth': 11, 'learning_rate': 0.02553777792502736, 'colsample_bytree': 0.4541909128680775, 'subsample': 0.7819192574215417, 'alpha': 0.2567427843658576, 'lambda': 0.01940132990358999, 'gamma': 8.701778431944728, 'min_child_weight': 361.0535310660289}. Best is trial 0 with value: 28.865429026547304.[0m
[32m[I 2023-01-29 18:11:58,638][0m Trial 23 finished with value: 28.865429026547304 and parameters: {'max_depth': 9, 'learning_rate': 0.005005146397690845, 'colsample_bytree': 0.33941653100129326, 'subsample': 0.7952938798377829, 'alpha': 0.03021709070494787, 'lambda': 0.7104064889289605, 'gamma': 0.003647271105512945, 'min_child_weight': 122.44050169010958}. Best is trial 0 with value: 28.865429026547304.[0m
[32m[I 2023-01-29 18:12:00,394][0m Trial 24 finished with value: 28.865429026547304 and parameters: {'max_depth': 6, 'learning_rate': 0.007975541188781212, 'colsample_bytree': 0.5206609999605205, 'subsample': 0.6372351100358296, 'alpha': 0.01093497886482833, 'lambda': 0.0016238034651524572, 'gamma': 7.42240455038378e-05, 'min_child_weight': 851.6476442550035}. Best is trial 0 with value: 28.865429026547304.[0m
[32m[I 2023-01-29 18:12:02,660][0m Trial 25 finished with value: 28.865429026547304 and parameters: {'max_depth': 4, 'learning_rate': 0.013716277217538434, 'colsample_bytree': 0.5006783396756423, 'subsample': 0.693648589073678, 'alpha': 0.325498554546984, 'lambda': 0.010806855883857826, 'gamma': 0.11618612131759626, 'min_child_weight': 606.8650010103665}. Best is trial 0 with value: 28.865429026547304.[0m
[32m[I 2023-01-29 18:12:04,643][0m Trial 26 finished with value: 28.865429026547304 and parameters: {'max_depth': 9, 'learning_rate': 0.026852452052398466, 'colsample_bytree': 0.41533303492637896, 'subsample': 0.7857480424619977, 'alpha': 0.0439791124069042, 'lambda': 0.6572823504030288, 'gamma': 0.009215391343520755, 'min_child_weight': 279.3629332255779}. Best is trial 0 with value: 28.865429026547304.[0m
[32m[I 2023-01-29 18:12:06,767][0m Trial 27 finished with value: 28.865429026547304 and parameters: {'max_depth': 8, 'learning_rate': 0.006636997452094128, 'colsample_bytree': 0.5511021764812678, 'subsample': 0.7297178201485535, 'alpha': 0.01228331268748893, 'lambda': 6.033840636829474, 'gamma': 0.0021882976583112064, 'min_child_weight': 979.1611157167551}. Best is trial 0 with value: 28.865429026547304.[0m
[32m[I 2023-01-29 18:12:09,277][0m Trial 28 finished with value: 28.865429026547304 and parameters: {'max_depth': 4, 'learning_rate': 0.013762842868883757, 'colsample_bytree': 0.493646076849388, 'subsample': 0.7056255620638332, 'alpha': 0.37900854309022114, 'lambda': 0.005383811123547945, 'gamma': 0.11284039748810923, 'min_child_weight': 590.1030138450008}. Best is trial 0 with value: 28.865429026547304.[0m
[32m[I 2023-01-29 18:12:11,394][0m Trial 29 finished with value: 28.865429026547304 and parameters: {'max_depth': 9, 'learning_rate': 0.017570355144780777, 'colsample_bytree': 0.4115064402275905, 'subsample': 0.7661135045274902, 'alpha': 0.12096060460056761, 'lambda': 0.1820390285668464, 'gamma': 0.018705343033905402, 'min_child_weight': 555.6963431360854}. Best is trial 0 with value: 28.865429026547304.[0m
[32m[I 2023-01-29 18:12:13,215][0m Trial 30 finished with value: 28.865429026547304 and parameters: {'max_depth': 8, 'learning_rate': 0.04019245089921482, 'colsample_bytree': 0.5907199755389644, 'subsample': 0.7276916256323335, 'alpha': 0.03091329794304399, 'lambda': 9.502483629329912, 'gamma': 0.003762476914399233, 'min_child_weight': 906.444361468209}. Best is trial 0 with value: 28.865429026547304.[0m
[32m[I 2023-01-29 18:12:15,564][0m Trial 31 finished with value: 28.865429026547304 and parameters: {'max_depth': 5, 'learning_rate': 0.012687570302344933, 'colsample_bytree': 0.5368851879255134, 'subsample': 0.7133937318373668, 'alpha': 0.011634661936516098, 'lambda': 1.4580415011769539, 'gamma': 0.4309943471952858, 'min_child_weight': 277.9249163433835}. Best is trial 0 with value: 28.865429026547304.[0m
[32m[I 2023-01-29 18:12:17,251][0m Trial 32 finished with value: 28.865429026547304 and parameters: {'max_depth': 12, 'learning_rate': 0.017816290818024796, 'colsample_bytree': 0.54117547983352, 'subsample': 0.7571645703098834, 'alpha': 0.09073196416136126, 'lambda': 0.15051757280486883, 'gamma': 0.039822053152554965, 'min_child_weight': 607.511430785869}. Best is trial 0 with value: 28.865429026547304.[0m
[32m[I 2023-01-29 18:12:18,696][0m Trial 33 finished with value: 28.865429026547304 and parameters: {'max_depth': 5, 'learning_rate': 0.01817138797113285, 'colsample_bytree': 0.486917032043024, 'subsample': 0.7107429776664207, 'alpha': 0.11587658933693586, 'lambda': 0.2133353890853512, 'gamma': 0.02904192222114352, 'min_child_weight': 553.563774458201}. Best is trial 0 with value: 28.865429026547304.[0m
[32m[I 2023-01-29 18:12:20,548][0m Trial 34 finished with value: 28.865429026547304 and parameters: {'max_depth': 11, 'learning_rate': 0.037895118549068116, 'colsample_bytree': 0.5969409104764999, 'subsample': 0.7665829025607833, 'alpha': 0.02362540425929647, 'lambda': 1.708706189072705, 'gamma': 0.5208011646561882, 'min_child_weight': 422.57776486521266}. Best is trial 0 with value: 28.865429026547304.[0m
[32m[I 2023-01-29 18:12:23,093][0m Trial 35 finished with value: 28.865429026547304 and parameters: {'max_depth': 7, 'learning_rate': 0.008579600454277815, 'colsample_bytree': 0.2539626499368063, 'subsample': 0.6395364946859959, 'alpha': 3.8147501091073135, 'lambda': 0.00037733453168007323, 'gamma': 2.459235938637031e-05, 'min_child_weight': 43.958977370465334}. Best is trial 0 with value: 28.865429026547304.[0m
[32m[I 2023-01-29 18:12:39,226][0m Trial 36 finished with value: 28.865429026547304 and parameters: {'max_depth': 11, 'learning_rate': 0.022822750484321204, 'colsample_bytree': 0.4354141072053468, 'subsample': 0.49836533431137764, 'alpha': 1.583837447585358, 'lambda': 0.0004722080025404055, 'gamma': 0.0005091689837846008, 'min_child_weight': 176.17208357307834}. Best is trial 0 with value: 28.865429026547304.[0m
[32m[I 2023-01-29 18:12:41,854][0m Trial 37 finished with value: 28.865429026547304 and parameters: {'max_depth': 7, 'learning_rate': 0.026795172321031707, 'colsample_bytree': 0.38121776343539704, 'subsample': 0.5685636979351232, 'alpha': 0.2520371191753212, 'lambda': 3.74108153385154e-05, 'gamma': 4.3674798408928424e-07, 'min_child_weight': 341.21746997353364}. Best is trial 0 with value: 28.865429026547304.[0m
[32m[I 2023-01-29 18:12:44,878][0m Trial 38 finished with value: 28.865429026547304 and parameters: {'max_depth': 10, 'learning_rate': 0.00622174407243069, 'colsample_bytree': 0.3381249421052196, 'subsample': 0.7977275590396601, 'alpha': 1.7426117556726035, 'lambda': 0.04120149618552942, 'gamma': 1.4268263512227963e-08, 'min_child_weight': 131.50042420711534}. Best is trial 0 with value: 28.865429026547304.[0m
[32m[I 2023-01-29 18:12:46,259][0m Trial 39 finished with value: 28.865429026547304 and parameters: {'max_depth': 12, 'learning_rate': 0.005877940278757322, 'colsample_bytree': 0.4577757633459344, 'subsample': 0.5292505151448819, 'alpha': 0.01772690926667804, 'lambda': 0.005050797082089006, 'gamma': 6.875703636859978, 'min_child_weight': 45.49037135840414}. Best is trial 0 with value: 28.865429026547304.[0m
[32m[I 2023-01-29 18:12:47,761][0m Trial 40 finished with value: 28.865429026547304 and parameters: {'max_depth': 11, 'learning_rate': 0.007292227223438386, 'colsample_bytree': 0.5688500210235821, 'subsample': 0.6258028221466229, 'alpha': 0.033834653973058786, 'lambda': 0.0017713148834094011, 'gamma': 0.0011500145093781022, 'min_child_weight': 703.0170792462495}. Best is trial 0 with value: 28.865429026547304.[0m
[32m[I 2023-01-29 18:12:49,094][0m Trial 41 finished with value: 28.865429026547304 and parameters: {'max_depth': 4, 'learning_rate': 0.007676835539606189, 'colsample_bytree': 0.5208482891389697, 'subsample': 0.6763296033221495, 'alpha': 0.29966173528599876, 'lambda': 0.014953693939271226, 'gamma': 1.2777773070083196, 'min_child_weight': 684.7736423409905}. Best is trial 0 with value: 28.865429026547304.[0m
[32m[I 2023-01-29 18:12:50,604][0m Trial 42 finished with value: 28.865429026547304 and parameters: {'max_depth': 5, 'learning_rate': 0.012243806680251578, 'colsample_bytree': 0.47968092951381835, 'subsample': 0.7425139760713275, 'alpha': 0.038023076266671174, 'lambda': 0.714096953419655, 'gamma': 0.005956269986452627, 'min_child_weight': 502.6975824111919}. Best is trial 0 with value: 28.865429026547304.[0m
[32m[I 2023-01-29 18:12:52,228][0m Trial 43 finished with value: 28.865429026547304 and parameters: {'max_depth': 9, 'learning_rate': 0.029675173770582368, 'colsample_bytree': 0.4368311618024099, 'subsample': 0.603862212110031, 'alpha': 0.020477983111488643, 'lambda': 0.004456196581967572, 'gamma': 0.00721418895158294, 'min_child_weight': 233.86528101101734}. Best is trial 0 with value: 28.865429026547304.[0m
[32m[I 2023-01-29 18:12:53,982][0m Trial 44 finished with value: 28.865429026547304 and parameters: {'max_depth': 8, 'learning_rate': 0.020697161319842783, 'colsample_bytree': 0.5524849100562995, 'subsample': 0.6660557014488423, 'alpha': 0.0109288411597525, 'lambda': 3.482334113790241, 'gamma': 0.15595483403204075, 'min_child_weight': 974.0644416999506}. Best is trial 0 with value: 28.865429026547304.[0m
[32m[I 2023-01-29 18:12:55,728][0m Trial 45 finished with value: 28.865429026547304 and parameters: {'max_depth': 6, 'learning_rate': 0.043967532592905055, 'colsample_bytree': 0.5738836085697476, 'subsample': 0.6933020238864105, 'alpha': 0.014840936221906098, 'lambda': 0.12513090094171514, 'gamma': 0.0016446831256981779, 'min_child_weight': 809.3282506977291}. Best is trial 0 with value: 28.865429026547304.[0m
[32m[I 2023-01-29 18:12:58,230][0m Trial 46 finished with value: 28.865429026547304 and parameters: {'max_depth': 4, 'learning_rate': 0.015090968312651117, 'colsample_bytree': 0.504323824744785, 'subsample': 0.7027006273331237, 'alpha': 0.3974217115576525, 'lambda': 0.007371414046008283, 'gamma': 0.1480778466793541, 'min_child_weight': 493.52024405129555}. Best is trial 0 with value: 28.865429026547304.[0m
[32m[I 2023-01-29 18:13:00,744][0m Trial 47 finished with value: 28.865429026547304 and parameters: {'max_depth': 4, 'learning_rate': 0.01200508529659143, 'colsample_bytree': 0.4798756061174377, 'subsample': 0.7349636846440496, 'alpha': 0.5812549144531246, 'lambda': 6.670442608024451, 'gamma': 0.08685669936344073, 'min_child_weight': 654.3168652024845}. Best is trial 0 with value: 28.865429026547304.[0m
[32m[I 2023-01-29 18:13:03,083][0m Trial 48 finished with value: 28.865429026547304 and parameters: {'max_depth': 9, 'learning_rate': 0.01961526670842178, 'colsample_bytree': 0.41986414517073384, 'subsample': 0.7650926642959767, 'alpha': 0.05892140597385504, 'lambda': 2.5565251538769393, 'gamma': 0.008407057364744045, 'min_child_weight': 330.2837822223406}. Best is trial 0 with value: 28.865429026547304.[0m
[32m[I 2023-01-29 18:13:05,153][0m Trial 49 finished with value: 28.865429026547304 and parameters: {'max_depth': 9, 'learning_rate': 0.016768879156149157, 'colsample_bytree': 0.39961147467761504, 'subsample': 0.774744600171147, 'alpha': 0.16746816881048568, 'lambda': 0.5252801544501141, 'gamma': 0.019578621007767784, 'min_child_weight': 967.8344167123261}. Best is trial 0 with value: 28.865429026547304.[0m
[32m[I 2023-01-29 18:13:07,934][0m Trial 50 finished with value: 28.865429026547304 and parameters: {'max_depth': 8, 'learning_rate': 0.04910883905786602, 'colsample_bytree': 0.5828134928083477, 'subsample': 0.7200093908902894, 'alpha': 0.06883302952008989, 'lambda': 9.090186259665238, 'gamma': 0.003812153770075459, 'min_child_weight': 988.3818836634348}. Best is trial 0 with value: 28.865429026547304.[0m
[32m[I 2023-01-29 18:13:12,536][0m Trial 51 finished with value: 28.865429026547304 and parameters: {'max_depth': 5, 'learning_rate': 0.03988678474967628, 'colsample_bytree': 0.5411779765185429, 'subsample': 0.7252417715877808, 'alpha': 0.016266179311573207, 'lambda': 1.5853222164834304, 'gamma': 0.6797831780779127, 'min_child_weight': 509.84779129330167}. Best is trial 0 with value: 28.865429026547304.[0m
