[32m[I 2023-01-30 08:53:57,444][0m Trial 95 finished with value: 1.020934472671636 and parameters: {'max_depth': 5, 'learning_rate': 0.04598577910458789, 'colsample_bytree': 0.5011674423766994, 'subsample': 0.7971793639174386, 'alpha': 3.628212476071037, 'lambda': 7.742121046007624e-06, 'gamma': 2.907211448087224e-07, 'min_child_weight': 26.83069648491647}. Best is trial 71 with value: 0.9943324571329507.[0m
[32m[I 2023-01-30 08:54:41,174][0m Trial 96 finished with value: 1.0337418101154314 and parameters: {'max_depth': 8, 'learning_rate': 0.030582496906956125, 'colsample_bytree': 0.4696446908225523, 'subsample': 0.7798779564789597, 'alpha': 1.3720920041311806, 'lambda': 0.0001927994330502821, 'gamma': 3.7488947425188634e-08, 'min_child_weight': 18.289375969911795}. Best is trial 71 with value: 0.9943324571329507.[0m
[32m[I 2023-01-30 08:55:08,397][0m Trial 97 finished with value: 1.0484428271883188 and parameters: {'max_depth': 5, 'learning_rate': 0.04757800011853493, 'colsample_bytree': 0.5168651563265212, 'subsample': 0.791432689798164, 'alpha': 1.484175353961909, 'lambda': 6.530234886436155e-05, 'gamma': 5.636643285478547e-08, 'min_child_weight': 15.974357164232508}. Best is trial 71 with value: 0.9943324571329507.[0m
[32m[I 2023-01-30 08:55:30,254][0m Trial 98 finished with value: 1.0476563873678741 and parameters: {'max_depth': 7, 'learning_rate': 0.03726532713132776, 'colsample_bytree': 0.4475207798090759, 'subsample': 0.7608339537189321, 'alpha': 4.537645604021471, 'lambda': 1.3490002322355242e-05, 'gamma': 1.5216917140827197e-07, 'min_child_weight': 21.555842514976945}. Best is trial 71 with value: 0.9943324571329507.[0m
[32m[I 2023-01-30 08:56:02,216][0m Trial 99 finished with value: 1.0050139952257187 and parameters: {'max_depth': 6, 'learning_rate': 0.040102069472666306, 'colsample_bytree': 0.4796931660901794, 'subsample': 0.7998043597356572, 'alpha': 5.959874138359471, 'lambda': 0.0029901577866326416, 'gamma': 6.794994247197065e-06, 'min_child_weight': 30.19712281480896}. Best is trial 71 with value: 0.9943324571329507.[0m
Uploaded file from /Users/kevinmaikjablonka/git/kjappelbaum/gptchem/experiments/04_regression/henry/out/20230130_053659/train.jsonl: file-L5gxgMphdnBiCibdZ4Z0BMnD
Upload progress:   0%|          | 0.00/55.2k [00:00<?, ?it/s]Upload progress: 100%|██████████| 55.2k/55.2k [00:00<00:00, 113Mit/s]
2023-01-30 09:12:43.043 | ERROR    | __main__:<module>:78 - ('logKH_CO2', 'CO2 Henry coefficient')
Traceback (most recent call last):

  File "/Users/kevinmaikjablonka/miniconda3/envs/gptchem/lib/python3.9/site-packages/pandas/core/indexes/base.py", line 3803, in get_loc
    return self._engine.get_loc(casted_key)
           │    │               └ ('logKH_CO2', 'CO2 Henry coefficient')
           │    └ <pandas._libs.properties.CachedProperty object at 0x299c683c0>
           └ Index(['Unnamed: 0', 'ASA [m^2/cm^3]', 'CellV [A^3]', 'Df', 'Di', 'Dif',
                    'NASA [m^2/cm^3]', 'POAV [cm^3/g]', 'POAVF', ...
  File "pandas/_libs/index.pyx", line 138, in pandas._libs.index.IndexEngine.get_loc
    cpdef get_loc(self, object val):
  File "pandas/_libs/index.pyx", line 165, in pandas._libs.index.IndexEngine.get_loc
    return self.mapping.get_item(val)
  File "pandas/_libs/hashtable_class_helper.pxi", line 5745, in pandas._libs.hashtable.PyObjectHashTable.get_item
  File "pandas/_libs/hashtable_class_helper.pxi", line 5753, in pandas._libs.hashtable.PyObjectHashTable.get_item

KeyError: ('logKH_CO2', 'CO2 Henry coefficient')


The above exception was the direct cause of the following exception:


Traceback (most recent call last):

> File "/Users/kevinmaikjablonka/git/kjappelbaum/gptchem/experiments/04_regression/henry/run_experiments.py", line 76, in <module>
    run_experiment(train_size, target, i + 22332642)
    │              │           │       └ 0
    │              │           └ ('logKH_CO2', 'CO2 Henry coefficient')
    │              └ 200
    └ <function run_experiment at 0x10549b0d0>

  File "/Users/kevinmaikjablonka/git/kjappelbaum/gptchem/experiments/04_regression/henry/run_experiments.py", line 58, in run_experiment
    gpt_metrics = get_regression_metrics(test[target], extracted)
                  │                      │    │        └ [-3.71, -1.99, -3.71, -4.23, -3.88, -3.9, -3.71, -3.42, -4.24, -3.71, -1.99, -4.24, -4.24, -4.23, -3.69, -3.71, -4.75, -3.71,...
                  │                      │    └ ('logKH_CO2', 'CO2 Henry coefficient')
                  │                      └       Unnamed: 0  ...                                              mofid
                  │                        2014        3008  ...   [Fe].[N]1N=CC(=C1)c1ccc(cc1)...
                  └ <function get_regression_metrics at 0x29d8dc280>

  File "/Users/kevinmaikjablonka/miniconda3/envs/gptchem/lib/python3.9/site-packages/pandas/core/frame.py", line 3805, in __getitem__
    indexer = self.columns.get_loc(key)
              │    │               └ ('logKH_CO2', 'CO2 Henry coefficient')
              │    └ <pandas._libs.properties.AxisProperty object at 0x29a43e610>
              └       Unnamed: 0  ...                                              mofid
                2014        3008  ...   [Fe].[N]1N=CC(=C1)c1ccc(cc1)...
  File "/Users/kevinmaikjablonka/miniconda3/envs/gptchem/lib/python3.9/site-packages/pandas/core/indexes/base.py", line 3805, in get_loc
    raise KeyError(key) from err
                   └ ('logKH_CO2', 'CO2 Henry coefficient')

KeyError: ('logKH_CO2', 'CO2 Henry coefficient')
[32m[I 2023-01-30 09:12:43,294][0m A new study created in memory with name: no-name-6752849e-3430-4b62-a3dd-ab4776d520a4[0m
[32m[I 2023-01-30 09:12:47,501][0m Trial 0 finished with value: 29.635443045460324 and parameters: {'max_depth': 11, 'learning_rate': 0.03943180702221767, 'colsample_bytree': 0.48338277698454657, 'subsample': 0.6667880916971854, 'alpha': 0.07695356446858977, 'lambda': 0.0011960555391446264, 'gamma': 0.011558526456888882, 'min_child_weight': 591.1193593817245}. Best is trial 0 with value: 29.635443045460324.[0m
[32m[I 2023-01-30 09:14:09,595][0m Trial 1 finished with value: 0.13960327649418106 and parameters: {'max_depth': 10, 'learning_rate': 0.041134316655128254, 'colsample_bytree': 0.22968076844783064, 'subsample': 0.4464499696175606, 'alpha': 7.181717181976198, 'lambda': 1.562370075120558e-07, 'gamma': 1.592922235503172e-07, 'min_child_weight': 31.920798758958732}. Best is trial 1 with value: 0.13960327649418106.[0m
[32m[I 2023-01-30 09:16:48,935][0m Trial 2 finished with value: 0.12399597125888921 and parameters: {'max_depth': 11, 'learning_rate': 0.018174141335350915, 'colsample_bytree': 0.5604454522456577, 'subsample': 0.7574852124218824, 'alpha': 3.4380016701469245, 'lambda': 0.5568909988317814, 'gamma': 7.527426349222389e-08, 'min_child_weight': 46.33736847648717}. Best is trial 2 with value: 0.12399597125888921.[0m
[32m[I 2023-01-30 09:17:45,983][0m Trial 3 finished with value: 0.16212203221873978 and parameters: {'max_depth': 9, 'learning_rate': 0.028378909616250787, 'colsample_bytree': 0.5801596986666466, 'subsample': 0.4947504468141251, 'alpha': 0.019466965890188696, 'lambda': 0.05971200399326978, 'gamma': 3.2188208036024255e-08, 'min_child_weight': 58.5928635790038}. Best is trial 2 with value: 0.12399597125888921.[0m
[32m[I 2023-01-30 09:17:49,561][0m Trial 4 finished with value: 29.635443045460324 and parameters: {'max_depth': 11, 'learning_rate': 0.04162946890026078, 'colsample_bytree': 0.4633009018331788, 'subsample': 0.5171503376217323, 'alpha': 0.051964460566470146, 'lambda': 0.011806796342275164, 'gamma': 0.0009844669237292266, 'min_child_weight': 597.174798468189}. Best is trial 2 with value: 0.12399597125888921.[0m
[32m[I 2023-01-30 09:19:27,365][0m Trial 5 finished with value: 0.11086317744961889 and parameters: {'max_depth': 9, 'learning_rate': 0.030486391820450123, 'colsample_bytree': 0.3726677137700833, 'subsample': 0.6175143133497486, 'alpha': 0.37372578650240545, 'lambda': 3.336971520305419e-08, 'gamma': 0.7754828402642463, 'min_child_weight': 17.103074711611693}. Best is trial 5 with value: 0.11086317744961889.[0m
[32m[I 2023-01-30 09:19:33,814][0m Trial 6 finished with value: 29.635443045460324 and parameters: {'max_depth': 4, 'learning_rate': 0.010624215152102963, 'colsample_bytree': 0.30490924992026125, 'subsample': 0.7437145829936807, 'alpha': 0.01471669543122012, 'lambda': 4.950734654876109, 'gamma': 3.905013417707782e-07, 'min_child_weight': 792.9791014070719}. Best is trial 5 with value: 0.11086317744961889.[0m
[32m[I 2023-01-30 09:21:36,089][0m Trial 7 finished with value: 0.10794327612680939 and parameters: {'max_depth': 5, 'learning_rate': 0.021844647946310584, 'colsample_bytree': 0.2978935637565084, 'subsample': 0.6945899034698879, 'alpha': 2.9236678454672598, 'lambda': 0.00197230249454408, 'gamma': 0.005725354703365607, 'min_child_weight': 12.641216570962865}. Best is trial 7 with value: 0.10794327612680939.[0m
[32m[I 2023-01-30 09:22:26,793][0m Trial 8 finished with value: 0.1449206590593539 and parameters: {'max_depth': 8, 'learning_rate': 0.04884455994741487, 'colsample_bytree': 0.4298111297108724, 'subsample': 0.7307760130513172, 'alpha': 0.20412995229328462, 'lambda': 0.001631687775345892, 'gamma': 0.13940883284270142, 'min_child_weight': 70.72254449717482}. Best is trial 7 with value: 0.10794327612680939.[0m
[32m[I 2023-01-30 09:22:35,270][0m Trial 9 finished with value: 29.635443045460324 and parameters: {'max_depth': 12, 'learning_rate': 0.014255449161794368, 'colsample_bytree': 0.4034724433109933, 'subsample': 0.6012725606067151, 'alpha': 0.02679408741335582, 'lambda': 0.00011088384699910948, 'gamma': 3.14909160330647e-06, 'min_child_weight': 360.1956870154361}. Best is trial 7 with value: 0.10794327612680939.[0m
[32m[I 2023-01-30 09:27:39,140][0m Trial 10 finished with value: 0.10329020916581504 and parameters: {'max_depth': 5, 'learning_rate': 0.006567809537515869, 'colsample_bytree': 0.21621561786557644, 'subsample': 0.7970940592228932, 'alpha': 1.3377133540080883, 'lambda': 1.0144403074360882e-05, 'gamma': 1.5627923896721316e-05, 'min_child_weight': 10.640987174643799}. Best is trial 10 with value: 0.10329020916581504.[0m
[32m[I 2023-01-30 09:32:52,999][0m Trial 11 finished with value: 0.10537941064972656 and parameters: {'max_depth': 5, 'learning_rate': 0.005543865511666535, 'colsample_bytree': 0.20765676745546233, 'subsample': 0.6834696849362206, 'alpha': 1.4466901926024043, 'lambda': 6.041790057262062e-06, 'gamma': 4.151987376386764e-05, 'min_child_weight': 13.873126188153087}. Best is trial 10 with value: 0.10329020916581504.[0m
[32m[I 2023-01-30 09:34:16,617][0m Trial 12 finished with value: 0.24899906974065464 and parameters: {'max_depth': 6, 'learning_rate': 0.005503444162729781, 'colsample_bytree': 0.21534096021872975, 'subsample': 0.7973990749465469, 'alpha': 0.706827414459649, 'lambda': 7.855506830257842e-06, 'gamma': 2.5639557356337874e-05, 'min_child_weight': 179.82169965636967}. Best is trial 10 with value: 0.10329020916581504.[0m
[32m[I 2023-01-30 09:45:13,375][0m Trial 13 finished with value: 0.10360004159457363 and parameters: {'max_depth': 6, 'learning_rate': 0.005389106263643777, 'colsample_bytree': 0.2917798509828567, 'subsample': 0.7975340054016294, 'alpha': 1.4103754759550413, 'lambda': 3.5918150073438157e-06, 'gamma': 6.98153538559547e-05, 'min_child_weight': 10.774985401287399}. Best is trial 10 with value: 0.10329020916581504.[0m
[32m[I 2023-01-30 09:48:15,890][0m Trial 14 finished with value: 0.10739108582378502 and parameters: {'max_depth': 7, 'learning_rate': 0.008192662285185847, 'colsample_bytree': 0.30840356074553144, 'subsample': 0.7882735873104881, 'alpha': 0.9304283875896127, 'lambda': 1.8326609538902013e-06, 'gamma': 7.836947683299549e-05, 'min_child_weight': 25.97491109022437}. Best is trial 10 with value: 0.10329020916581504.[0m
[32m[I 2023-01-30 09:48:48,607][0m Trial 15 finished with value: 0.2489785884798584 and parameters: {'max_depth': 6, 'learning_rate': 0.007455611469014283, 'colsample_bytree': 0.2677421611741169, 'subsample': 0.5363918321249151, 'alpha': 0.2782118277902271, 'lambda': 8.01104052155382e-05, 'gamma': 2.700834223045526e-06, 'min_child_weight': 177.37924521155963}. Best is trial 10 with value: 0.10329020916581504.[0m
[32m[I 2023-01-30 09:54:21,811][0m Trial 16 finished with value: 0.15067373309802098 and parameters: {'max_depth': 4, 'learning_rate': 0.007825884804995608, 'colsample_bytree': 0.3462332715831942, 'subsample': 0.4044934556583538, 'alpha': 9.35511413122349, 'lambda': 4.644674641382801e-07, 'gamma': 0.0002581467289011651, 'min_child_weight': 22.28790554543557}. Best is trial 10 with value: 0.10329020916581504.[0m
[32m[I 2023-01-30 09:58:54,963][0m Trial 17 finished with value: 0.1056404630984902 and parameters: {'max_depth': 7, 'learning_rate': 0.005052772201433337, 'colsample_bytree': 0.2601185246905539, 'subsample': 0.6352511925533852, 'alpha': 1.7845727233171025, 'lambda': 4.981417058654329e-05, 'gamma': 2.9497831828350134e-06, 'min_child_weight': 10.962200626124082}. Best is trial 10 with value: 0.10329020916581504.[0m
[32m[I 2023-01-30 10:04:12,727][0m Trial 18 finished with value: 0.18860828683188083 and parameters: {'max_depth': 6, 'learning_rate': 0.010164351125415106, 'colsample_bytree': 0.334980038087171, 'subsample': 0.7176729347606239, 'alpha': 0.5407910610969189, 'lambda': 1.5611060631108224e-08, 'gamma': 0.0011802472119156733, 'min_child_weight': 121.99300379963941}. Best is trial 10 with value: 0.10329020916581504.[0m
[32m[I 2023-01-30 10:06:28,674][0m Trial 19 finished with value: 0.13031197622637375 and parameters: {'max_depth': 5, 'learning_rate': 0.011924259172799117, 'colsample_bytree': 0.2570958254930707, 'subsample': 0.5615133874920449, 'alpha': 0.16001169325529843, 'lambda': 1.9984681438459375e-05, 'gamma': 1.0521525921105018e-08, 'min_child_weight': 41.24814269296025}. Best is trial 10 with value: 0.10329020916581504.[0m
[32m[I 2023-01-30 10:19:40,541][0m Trial 20 finished with value: 0.11714139025116821 and parameters: {'max_depth': 7, 'learning_rate': 0.006253889004408727, 'colsample_bytree': 0.2521444899343345, 'subsample': 0.7700935065850548, 'alpha': 4.473763849745159, 'lambda': 6.681209217158596e-07, 'gamma': 9.454379481331824e-06, 'min_child_weight': 10.387701473876321}. Best is trial 10 with value: 0.10329020916581504.[0m
[32m[I 2023-01-30 10:25:35,153][0m Trial 21 finished with value: 0.10698818288641873 and parameters: {'max_depth': 5, 'learning_rate': 0.00637940792737133, 'colsample_bytree': 0.20066259862704852, 'subsample': 0.6793868182898507, 'alpha': 1.5791742941207, 'lambda': 3.907570146762246e-06, 'gamma': 8.19422204378254e-05, 'min_child_weight': 16.659606635806607}. Best is trial 10 with value: 0.10329020916581504.[0m
[32m[I 2023-01-30 10:31:21,209][0m Trial 22 finished with value: 0.10527581275721136 and parameters: {'max_depth': 4, 'learning_rate': 0.006543321533558828, 'colsample_bytree': 0.20674541079237732, 'subsample': 0.7049890819614203, 'alpha': 1.2814129333126267, 'lambda': 1.2959121941812615e-07, 'gamma': 7.01207718879497e-07, 'min_child_weight': 17.798121531955207}. Best is trial 10 with value: 0.10329020916581504.[0m
[32m[I 2023-01-30 10:36:50,781][0m Trial 23 finished with value: 0.10354043505726915 and parameters: {'max_depth': 4, 'learning_rate': 0.008766231833240549, 'colsample_bytree': 0.28110224486176866, 'subsample': 0.7970612551792631, 'alpha': 1.013047514314183, 'lambda': 1.113260878572631e-07, 'gamma': 7.878180910549266e-07, 'min_child_weight': 20.682200350762567}. Best is trial 10 with value: 0.10329020916581504.[0m
[32m[I 2023-01-30 10:42:03,287][0m Trial 24 finished with value: 0.11226813874118036 and parameters: {'max_depth': 4, 'learning_rate': 0.008974963292982063, 'colsample_bytree': 0.2805828813787965, 'subsample': 0.7975463775498951, 'alpha': 2.2915061623016424, 'lambda': 5.193968943280782e-08, 'gamma': 9.915397365737461e-07, 'min_child_weight': 29.010979959153556}. Best is trial 10 with value: 0.10329020916581504.[0m
[32m[I 2023-01-30 10:43:53,515][0m Trial 25 finished with value: 0.1914230253452304 and parameters: {'max_depth': 6, 'learning_rate': 0.013679566294006972, 'colsample_bytree': 0.344049747460083, 'subsample': 0.7589186605466235, 'alpha': 0.5197325093297414, 'lambda': 9.94215575839332e-07, 'gamma': 7.104140078739048, 'min_child_weight': 21.188221358755033}. Best is trial 10 with value: 0.10329020916581504.[0m
[32m[I 2023-01-30 10:51:17,788][0m Trial 26 finished with value: 0.10180964182084043 and parameters: {'max_depth': 5, 'learning_rate': 0.009180106397879124, 'colsample_bytree': 0.24338448424497638, 'subsample': 0.7359622010282126, 'alpha': 0.936374085933077, 'lambda': 0.0003808874575780033, 'gamma': 1.0035283046094673e-05, 'min_child_weight': 10.236433497473776}. Best is trial 26 with value: 0.10180964182084043.[0m
[32m[I 2023-01-30 10:53:10,859][0m Trial 27 finished with value: 0.1180928269597444 and parameters: {'max_depth': 5, 'learning_rate': 0.009697111596491318, 'colsample_bytree': 0.24556261480727476, 'subsample': 0.6464937622404459, 'alpha': 0.8019079670961878, 'lambda': 0.0004110853322786868, 'gamma': 9.68218528529292e-06, 'min_child_weight': 36.94924669083727}. Best is trial 26 with value: 0.10180964182084043.[0m
[32m[I 2023-01-30 10:57:31,589][0m Trial 28 finished with value: 0.11427870117860373 and parameters: {'max_depth': 4, 'learning_rate': 0.01739237841907039, 'colsample_bytree': 0.23261396676673032, 'subsample': 0.7309916523590353, 'alpha': 4.249958654057857, 'lambda': 0.007586449264574996, 'gamma': 0.000433367767616236, 'min_child_weight': 15.15067926481853}. Best is trial 26 with value: 0.10180964182084043.[0m
[32m[I 2023-01-30 11:00:57,314][0m Trial 29 finished with value: 0.1043399030871727 and parameters: {'max_depth': 8, 'learning_rate': 0.011710273707198939, 'colsample_bytree': 0.5404638490578458, 'subsample': 0.7688394388115715, 'alpha': 0.3727198769377403, 'lambda': 0.00034908671448007235, 'gamma': 0.01587701656702514, 'min_child_weight': 24.00123584200334}. Best is trial 26 with value: 0.10180964182084043.[0m
[32m[I 2023-01-30 11:07:05,745][0m Trial 30 finished with value: 0.17179492350474607 and parameters: {'max_depth': 5, 'learning_rate': 0.0072529074870975535, 'colsample_bytree': 0.32246637176709114, 'subsample': 0.6587068998004052, 'alpha': 0.11767658932279708, 'lambda': 2.2568536594341638e-05, 'gamma': 9.653201969371793e-06, 'min_child_weight': 86.04533921697859}. Best is trial 26 with value: 0.10180964182084043.[0m
[32m[I 2023-01-30 11:25:26,518][0m Trial 31 finished with value: 0.10207768113741753 and parameters: {'max_depth': 6, 'learning_rate': 0.006374761355518903, 'colsample_bytree': 0.285756553637695, 'subsample': 0.7723683539446229, 'alpha': 1.1890267247681081, 'lambda': 3.1401308275267057e-07, 'gamma': 1.665790027309572e-05, 'min_child_weight': 10.63271231822382}. Best is trial 26 with value: 0.10180964182084043.[0m
[32m[I 2023-01-30 11:30:10,659][0m Trial 32 finished with value: 0.10103290807856295 and parameters: {'max_depth': 4, 'learning_rate': 0.00878088878160319, 'colsample_bytree': 0.22894207329204477, 'subsample': 0.7717806700601639, 'alpha': 0.9676275483791954, 'lambda': 2.0193872912183575e-07, 'gamma': 2.667847008172598e-07, 'min_child_weight': 10.213078985805272}. Best is trial 32 with value: 0.10103290807856295.[0m
[32m[I 2023-01-30 11:35:20,196][0m Trial 33 finished with value: 0.10806852925145309 and parameters: {'max_depth': 5, 'learning_rate': 0.00682020574464162, 'colsample_bytree': 0.23326657375948023, 'subsample': 0.7576530247203103, 'alpha': 2.3046539051512878, 'lambda': 3.231444213748512e-07, 'gamma': 1.5282266693564418e-07, 'min_child_weight': 10.102506002946882}. Best is trial 32 with value: 0.10103290807856295.[0m
[32m[I 2023-01-30 11:47:58,512][0m Trial 34 finished with value: 0.11940679377311492 and parameters: {'max_depth': 7, 'learning_rate': 0.011969647054615049, 'colsample_bytree': 0.24431398287827585, 'subsample': 0.7175153391574446, 'alpha': 5.937655695075621, 'lambda': 1.832862835255483e-08, 'gamma': 5.8255231293360576e-08, 'min_child_weight': 13.94536023556939}. Best is trial 32 with value: 0.10103290807856295.[0m
[32m[I 2023-01-30 11:58:49,422][0m Trial 35 finished with value: 0.10182783500365866 and parameters: {'max_depth': 6, 'learning_rate': 0.0060035112187653075, 'colsample_bytree': 0.22469991791343358, 'subsample': 0.7423322299588349, 'alpha': 0.6008857849599409, 'lambda': 1.9280924341601577e-05, 'gamma': 2.1778006328051984e-07, 'min_child_weight': 14.144032119296545}. Best is trial 32 with value: 0.10103290807856295.[0m
[32m[I 2023-01-30 12:03:49,029][0m Trial 36 finished with value: 0.1269057548749638 and parameters: {'max_depth': 8, 'learning_rate': 0.008687681782125208, 'colsample_bytree': 0.37457002764287933, 'subsample': 0.7352600335860601, 'alpha': 0.5791500068322475, 'lambda': 0.09146859307847525, 'gamma': 1.2546820072683304e-08, 'min_child_weight': 51.97255963505607}. Best is trial 32 with value: 0.10103290807856295.[0m
[32m[I 2023-01-30 12:04:44,408][0m Trial 37 finished with value: 0.11134911784104902 and parameters: {'max_depth': 6, 'learning_rate': 0.0060104700391000266, 'colsample_bytree': 0.5309586315840645, 'subsample': 0.7737872349509872, 'alpha': 0.3008672377468148, 'lambda': 0.008826344776345122, 'gamma': 1.9075226531191276e-07, 'min_child_weight': 31.865595044293613}. Best is trial 32 with value: 0.10103290807856295.[0m
