[32m[I 2023-01-30 12:04:42,257][0m Trial 64 finished with value: 1.2752668038212414 and parameters: {'max_depth': 11, 'learning_rate': 0.04813394443951017, 'colsample_bytree': 0.5252308364030721, 'subsample': 0.45261704464590935, 'alpha': 0.07901880945076219, 'lambda': 4.3465064146230596e-08, 'gamma': 1.6164713552501266, 'min_child_weight': 10.116913998959543}. Best is trial 62 with value: 1.2544219236649412.[0m
[32m[I 2023-01-30 12:04:44,587][0m Trial 65 finished with value: 1.2912973081722217 and parameters: {'max_depth': 11, 'learning_rate': 0.04213938298581136, 'colsample_bytree': 0.5295347424407013, 'subsample': 0.45579616650558086, 'alpha': 0.07261178794424365, 'lambda': 4.2852724040042964e-08, 'gamma': 2.0703041378424354, 'min_child_weight': 10.065767262983082}. Best is trial 62 with value: 1.2544219236649412.[0m
[32m[I 2023-01-30 12:04:46,517][0m Trial 66 finished with value: 1.296844448431584 and parameters: {'max_depth': 11, 'learning_rate': 0.04993212063421408, 'colsample_bytree': 0.5141369026385632, 'subsample': 0.4134376729801043, 'alpha': 0.1709824581809842, 'lambda': 6.993072125584489e-08, 'gamma': 0.45347694097236885, 'min_child_weight': 13.40940760514398}. Best is trial 62 with value: 1.2544219236649412.[0m
[32m[I 2023-01-30 12:04:48,535][0m Trial 67 finished with value: 1.3015404741038954 and parameters: {'max_depth': 11, 'learning_rate': 0.038658273011281045, 'colsample_bytree': 0.5893722143570193, 'subsample': 0.44829577330645254, 'alpha': 0.09613083828560146, 'lambda': 2.9317722488333515e-08, 'gamma': 0.15996130731189587, 'min_child_weight': 10.108904651400564}. Best is trial 62 with value: 1.2544219236649412.[0m
[32m[I 2023-01-30 12:04:51,426][0m Trial 68 finished with value: 1.2928252964829259 and parameters: {'max_depth': 11, 'learning_rate': 0.04320093970593959, 'colsample_bytree': 0.5555756101013772, 'subsample': 0.415711243713679, 'alpha': 0.04937970078791955, 'lambda': 9.070425642752298e-08, 'gamma': 8.000003068447889, 'min_child_weight': 12.865334295080757}. Best is trial 62 with value: 1.2544219236649412.[0m
[32m[I 2023-01-30 12:04:53,453][0m Trial 69 finished with value: 1.303148697943692 and parameters: {'max_depth': 12, 'learning_rate': 0.04626219106635839, 'colsample_bytree': 0.5816216121288862, 'subsample': 0.48867396745145625, 'alpha': 0.05949139671809406, 'lambda': 4.6865392807504036e-06, 'gamma': 2.4755722947495413, 'min_child_weight': 15.471560367011879}. Best is trial 62 with value: 1.2544219236649412.[0m
[32m[I 2023-01-30 12:04:56,081][0m Trial 70 finished with value: 1.2798420837948987 and parameters: {'max_depth': 11, 'learning_rate': 0.03960437622575662, 'colsample_bytree': 0.5340242193468143, 'subsample': 0.46283982039319044, 'alpha': 0.08705985622879434, 'lambda': 1.96042747915696e-08, 'gamma': 0.4915439366507386, 'min_child_weight': 11.577423736671602}. Best is trial 62 with value: 1.2544219236649412.[0m
[32m[I 2023-01-30 12:06:13,023][0m Trial 71 finished with value: 1.2830072394297343 and parameters: {'max_depth': 11, 'learning_rate': 0.035320689652649624, 'colsample_bytree': 0.5351636631194603, 'subsample': 0.46446993867028197, 'alpha': 0.08970846196602292, 'lambda': 2.7474488897626978e-08, 'gamma': 0.6412658935894943, 'min_child_weight': 11.426757096785018}. Best is trial 62 with value: 1.2544219236649412.[0m
[32m[I 2023-01-30 12:06:15,174][0m Trial 72 finished with value: 1.3039286736255653 and parameters: {'max_depth': 11, 'learning_rate': 0.0362938853840846, 'colsample_bytree': 0.5313454739637687, 'subsample': 0.46354833268122075, 'alpha': 0.09277659415721734, 'lambda': 4.384719853857883e-08, 'gamma': 0.1362075627817296, 'min_child_weight': 13.144589558098145}. Best is trial 62 with value: 1.2544219236649412.[0m
[32m[I 2023-01-30 12:06:17,287][0m Trial 73 finished with value: 1.2976672921015608 and parameters: {'max_depth': 11, 'learning_rate': 0.040266607977350814, 'colsample_bytree': 0.5141011350561612, 'subsample': 0.509450145593921, 'alpha': 0.16175552036420016, 'lambda': 3.700724366748145e-07, 'gamma': 0.46728982717353545, 'min_child_weight': 10.145481164674337}. Best is trial 62 with value: 1.2544219236649412.[0m
[32m[I 2023-01-30 12:06:20,122][0m Trial 74 finished with value: 1.3002129336869217 and parameters: {'max_depth': 11, 'learning_rate': 0.03536843440898374, 'colsample_bytree': 0.5354321598869648, 'subsample': 0.44723073063240126, 'alpha': 0.2465820720416183, 'lambda': 1.420897254991674e-08, 'gamma': 3.2705936084018843, 'min_child_weight': 15.928877012022596}. Best is trial 62 with value: 1.2544219236649412.[0m
[32m[I 2023-01-30 12:06:21,059][0m Trial 75 finished with value: 17.132903976416284 and parameters: {'max_depth': 4, 'learning_rate': 0.045203442811396204, 'colsample_bytree': 0.4816509276375199, 'subsample': 0.4188086821903829, 'alpha': 0.051514381418523505, 'lambda': 5.413846887568451e-08, 'gamma': 0.26737726553930474, 'min_child_weight': 938.6809851094773}. Best is trial 62 with value: 1.2544219236649412.[0m
[32m[I 2023-01-30 12:06:23,310][0m Trial 76 finished with value: 1.3001795599197612 and parameters: {'max_depth': 11, 'learning_rate': 0.0393718370042279, 'colsample_bytree': 0.5567832149703503, 'subsample': 0.47401317595391274, 'alpha': 0.09501142368046582, 'lambda': 1.2603582827409885e-07, 'gamma': 9.687184540740686, 'min_child_weight': 11.568135838690848}. Best is trial 62 with value: 1.2544219236649412.[0m
[32m[I 2023-01-30 12:06:25,330][0m Trial 77 finished with value: 1.302464090262574 and parameters: {'max_depth': 12, 'learning_rate': 0.04285869694908499, 'colsample_bytree': 0.5108728425330132, 'subsample': 0.45002479965201264, 'alpha': 0.03130958020977847, 'lambda': 2.7921176597517534e-08, 'gamma': 1.5559428039641274, 'min_child_weight': 15.708262307670104}. Best is trial 62 with value: 1.2544219236649412.[0m
[32m[I 2023-01-30 12:06:27,902][0m Trial 78 finished with value: 1.2926691679870448 and parameters: {'max_depth': 11, 'learning_rate': 0.046918271816281214, 'colsample_bytree': 0.5214750212665654, 'subsample': 0.4000882498092448, 'alpha': 0.1525096570254498, 'lambda': 1.167872613490234e-08, 'gamma': 0.7999664385376274, 'min_child_weight': 14.011887568553568}. Best is trial 62 with value: 1.2544219236649412.[0m
[32m[I 2023-01-30 12:06:30,226][0m Trial 79 finished with value: 1.2889149470247705 and parameters: {'max_depth': 10, 'learning_rate': 0.041416729596629495, 'colsample_bytree': 0.5848062369223339, 'subsample': 0.48349183077243996, 'alpha': 0.05613389869160922, 'lambda': 1.6033989767839368e-07, 'gamma': 3.999861267687672, 'min_child_weight': 12.055274274870541}. Best is trial 62 with value: 1.2544219236649412.[0m
[32m[I 2023-01-30 12:06:34,087][0m Trial 80 finished with value: 1.3064081734192987 and parameters: {'max_depth': 12, 'learning_rate': 0.014770604057198315, 'colsample_bytree': 0.5463157925330004, 'subsample': 0.5013432755291456, 'alpha': 0.330355597400727, 'lambda': 3.624000150317369e-07, 'gamma': 0.727266359638585, 'min_child_weight': 13.027506994420698}. Best is trial 62 with value: 1.2544219236649412.[0m
[32m[I 2023-01-30 12:06:35,984][0m Trial 81 finished with value: 1.275483499266722 and parameters: {'max_depth': 12, 'learning_rate': 0.048817805856598236, 'colsample_bytree': 0.5921425418723846, 'subsample': 0.41245845416349447, 'alpha': 0.08310712760415659, 'lambda': 2.3031506312197632e-08, 'gamma': 0.519945849771633, 'min_child_weight': 10.00048844032933}. Best is trial 62 with value: 1.2544219236649412.[0m
[32m[I 2023-01-30 12:06:37,970][0m Trial 82 finished with value: 1.2758179048128864 and parameters: {'max_depth': 12, 'learning_rate': 0.04982443575924959, 'colsample_bytree': 0.5752624574510653, 'subsample': 0.4207457073850711, 'alpha': 0.07841242033284694, 'lambda': 3.503185730478988e-08, 'gamma': 0.07732605805674618, 'min_child_weight': 10.35707180249473}. Best is trial 62 with value: 1.2544219236649412.[0m
[32m[I 2023-01-30 12:06:39,820][0m Trial 83 finished with value: 1.2820604541759149 and parameters: {'max_depth': 12, 'learning_rate': 0.049698973462235015, 'colsample_bytree': 0.5759739720471777, 'subsample': 0.42134572928904734, 'alpha': 0.19016682206772906, 'lambda': 7.872273499043949e-08, 'gamma': 0.0793004629367281, 'min_child_weight': 10.236024173572805}. Best is trial 62 with value: 1.2544219236649412.[0m
[32m[I 2023-01-30 12:06:42,271][0m Trial 84 finished with value: 1.2971398982821878 and parameters: {'max_depth': 12, 'learning_rate': 0.04466820713147899, 'colsample_bytree': 0.5614547790934193, 'subsample': 0.409092080530461, 'alpha': 0.06683589577206607, 'lambda': 4.008358945557977e-08, 'gamma': 0.222553936983685, 'min_child_weight': 15.60122429904569}. Best is trial 62 with value: 1.2544219236649412.[0m
[32m[I 2023-01-30 12:06:44,198][0m Trial 85 finished with value: 1.3028292692043049 and parameters: {'max_depth': 12, 'learning_rate': 0.038538766167767406, 'colsample_bytree': 0.5979057838679196, 'subsample': 0.43838633102210717, 'alpha': 0.13779150674096696, 'lambda': 1.6070257605622866e-08, 'gamma': 1.9052124617575166, 'min_child_weight': 14.12421701056071}. Best is trial 62 with value: 1.2544219236649412.[0m
[32m[I 2023-01-30 12:06:45,980][0m Trial 86 finished with value: 1.290044742535346 and parameters: {'max_depth': 5, 'learning_rate': 0.04717158488328602, 'colsample_bytree': 0.5887260250349413, 'subsample': 0.42080176406440156, 'alpha': 0.045096287293679545, 'lambda': 2.2109432077920766e-06, 'gamma': 5.188805921969478, 'min_child_weight': 11.080034968398225}. Best is trial 62 with value: 1.2544219236649412.[0m
[32m[I 2023-01-30 12:06:47,920][0m Trial 87 finished with value: 1.2912121712503863 and parameters: {'max_depth': 12, 'learning_rate': 0.044481101729267024, 'colsample_bytree': 0.5511864885398755, 'subsample': 0.44148854788502623, 'alpha': 0.034706113870799075, 'lambda': 1.038417232808917e-08, 'gamma': 2.6348728006505704, 'min_child_weight': 12.627827460241164}. Best is trial 62 with value: 1.2544219236649412.[0m
[32m[I 2023-01-30 12:06:50,226][0m Trial 88 finished with value: 1.2658183815293018 and parameters: {'max_depth': 11, 'learning_rate': 0.04252832964141012, 'colsample_bytree': 0.5770977789156118, 'subsample': 0.40563848737945885, 'alpha': 0.08249351251358399, 'lambda': 1.0046487604761177e-07, 'gamma': 0.1137786841400441, 'min_child_weight': 10.194460296170162}. Best is trial 62 with value: 1.2544219236649412.[0m
[32m[I 2023-01-30 12:06:52,208][0m Trial 89 finished with value: 1.2712061264393941 and parameters: {'max_depth': 12, 'learning_rate': 0.042440798989585624, 'colsample_bytree': 0.5763213750417098, 'subsample': 0.4088322063132733, 'alpha': 0.06509365381131109, 'lambda': 2.858699938971752e-07, 'gamma': 0.12534010056242503, 'min_child_weight': 10.026174071472116}. Best is trial 62 with value: 1.2544219236649412.[0m
[32m[I 2023-01-30 12:06:53,097][0m Trial 90 finished with value: 17.132903976416284 and parameters: {'max_depth': 11, 'learning_rate': 0.04982068360428977, 'colsample_bytree': 0.578798898516075, 'subsample': 0.40846966359346387, 'alpha': 0.1107348675836609, 'lambda': 3.149006910355951e-07, 'gamma': 0.1272029988266819, 'min_child_weight': 490.41523233262393}. Best is trial 62 with value: 1.2544219236649412.[0m
[32m[I 2023-01-30 12:06:54,979][0m Trial 91 finished with value: 1.296649860907525 and parameters: {'max_depth': 12, 'learning_rate': 0.04348966724770755, 'colsample_bytree': 0.569747540031908, 'subsample': 0.425865289009728, 'alpha': 0.06457205647431642, 'lambda': 1.001927570829164e-07, 'gamma': 0.0440912546311678, 'min_child_weight': 10.267370150059381}. Best is trial 62 with value: 1.2544219236649412.[0m
[32m[I 2023-01-30 12:06:57,550][0m Trial 92 finished with value: 1.2931747294289464 and parameters: {'max_depth': 12, 'learning_rate': 0.04646136666945896, 'colsample_bytree': 0.5876458742088042, 'subsample': 0.40815723945862215, 'alpha': 0.1316814027397429, 'lambda': 7.403676031155647e-07, 'gamma': 0.3030448290936398, 'min_child_weight': 14.51035907883892}. Best is trial 62 with value: 1.2544219236649412.[0m
[32m[I 2023-01-30 12:06:59,309][0m Trial 93 finished with value: 1.2898513304281682 and parameters: {'max_depth': 12, 'learning_rate': 0.041235885973740095, 'colsample_bytree': 0.565550103488878, 'subsample': 0.4287541298518953, 'alpha': 0.0760861942308346, 'lambda': 5.571964934754458e-08, 'gamma': 1.1403017075141983, 'min_child_weight': 10.148501583273685}. Best is trial 62 with value: 1.2544219236649412.[0m
[32m[I 2023-01-30 12:07:01,343][0m Trial 94 finished with value: 1.2939391801496143 and parameters: {'max_depth': 12, 'learning_rate': 0.047297912952638785, 'colsample_bytree': 0.5757822490168704, 'subsample': 0.40085125714016195, 'alpha': 0.054353867311264306, 'lambda': 1.093410635448569e-05, 'gamma': 0.013452411518734829, 'min_child_weight': 12.94487505052159}. Best is trial 62 with value: 1.2544219236649412.[0m
[32m[I 2023-01-30 12:07:03,889][0m Trial 95 finished with value: 1.2977398543697882 and parameters: {'max_depth': 12, 'learning_rate': 0.04265105560816844, 'colsample_bytree': 0.5546575179403892, 'subsample': 0.4165642235721571, 'alpha': 0.11673469850923303, 'lambda': 2.2635515603760445e-07, 'gamma': 1.5543443956773064, 'min_child_weight': 16.408516895450116}. Best is trial 62 with value: 1.2544219236649412.[0m
[32m[I 2023-01-30 12:07:05,808][0m Trial 96 finished with value: 1.2863168120688637 and parameters: {'max_depth': 11, 'learning_rate': 0.03423618677518313, 'colsample_bytree': 0.5833384141197173, 'subsample': 0.4399328488353269, 'alpha': 0.039641742769684345, 'lambda': 1.1499928158895814e-07, 'gamma': 0.0635184546448382, 'min_child_weight': 11.332647343925249}. Best is trial 62 with value: 1.2544219236649412.[0m
[32m[I 2023-01-30 12:07:07,754][0m Trial 97 finished with value: 1.3002840750131976 and parameters: {'max_depth': 12, 'learning_rate': 0.03750787101212356, 'colsample_bytree': 0.5931695523783872, 'subsample': 0.42990990270285806, 'alpha': 0.012667832811873711, 'lambda': 1.5587789001750899e-06, 'gamma': 0.3488062192690283, 'min_child_weight': 14.489493605382144}. Best is trial 62 with value: 1.2544219236649412.[0m
[32m[I 2023-01-30 12:07:09,921][0m Trial 98 finished with value: 1.2920743241562722 and parameters: {'max_depth': 6, 'learning_rate': 0.044846691216174094, 'colsample_bytree': 0.5619996719075117, 'subsample': 0.4539419608694742, 'alpha': 0.10396048904341294, 'lambda': 3.206239343228706e-08, 'gamma': 0.026063353862335235, 'min_child_weight': 12.240135042691444}. Best is trial 62 with value: 1.2544219236649412.[0m
[32m[I 2023-01-30 12:07:12,758][0m Trial 99 finished with value: 1.2775350711498306 and parameters: {'max_depth': 12, 'learning_rate': 0.04838557849936503, 'colsample_bytree': 0.5449364603192886, 'subsample': 0.41871753909548115, 'alpha': 0.06625194435451988, 'lambda': 7.797045429710329e-08, 'gamma': 0.13512129698394182, 'min_child_weight': 10.735222037300684}. Best is trial 62 with value: 1.2544219236649412.[0m
2023-01-30 12:07:12.759 | ERROR    | __main__:<module>:78 - need to call fit or load_model beforehand
Traceback (most recent call last):

> File "/Users/kevinmaikjablonka/git/kjappelbaum/gptchem/experiments/04_regression/henry/run_experiments.py", line 76, in <module>
    run_experiment(train_size, target, i + 22332642)
    │              │           │       └ 1
    │              │           └ ('logKH_CO2', 'CO2 Henry coefficient')
    │              └ 50
    └ <function run_experiment at 0x1033cb0d0>

  File "/Users/kevinmaikjablonka/git/kjappelbaum/gptchem/experiments/04_regression/henry/run_experiments.py", line 43, in run_experiment
    baseline_res = train_test_henry_regression_baseline(
                   └ <function train_test_henry_regression_baseline at 0x2ac8791f0>

  File "/Users/kevinmaikjablonka/git/kjappelbaum/gptchem/src/gptchem/baselines/henry.py", line 406, in train_test_henry_regression_baseline
    predictions = baseline.predict(X_test.values)
                  │        │       │      └ <property object at 0x29df00450>
                  │        │       └            Di       Df  ...  sum-D_mc_CRY-S-2-all  sum-D_mc_CRY-S-3-all
                  │        │         872   4.29213  2.89437  ...                  9.48    ...
                  │        └ <function XGBRegressionBaseline.predict at 0x2ad662790>
                  └ <gptchem.models.xgboost.XGBRegressionBaseline object at 0x2afa55af0>

  File "/Users/kevinmaikjablonka/git/kjappelbaum/gptchem/src/gptchem/models/xgboost.py", line 208, in predict
    return self.model.predict(X_values)
           │    │     │       └ array([[  4.29213,   2.89437,   4.27689, ...,  30.26   ,   9.48   ,
           │    │     │                  95.7    ],
           │    │     │                [  5.39694,   5.17369,   5.386...
           │    │     └ <function XGBModel.predict at 0x2ad63e820>
           │    └ XGBRegressor(alpha=0.08540998266345924, base_score=None, booster=None,
           │                   callbacks=None, colsample_bylevel=None, c...
           └ <gptchem.models.xgboost.XGBRegressionBaseline object at 0x2afa55af0>

  File "/Users/kevinmaikjablonka/miniconda3/envs/gptchem/lib/python3.9/site-packages/xgboost/sklearn.py", line 1109, in predict
    self.get_booster(), ntree_limit, iteration_range
    │    │              │            └ None
    │    │              └ None
    │    └ <function XGBModel.get_booster at 0x2ad63af70>
    └ XGBRegressor(alpha=0.08540998266345924, base_score=None, booster=None,
                   callbacks=None, colsample_bylevel=None, c...
  File "/Users/kevinmaikjablonka/miniconda3/envs/gptchem/lib/python3.9/site-packages/xgboost/sklearn.py", line 649, in get_booster
    raise NotFittedError("need to call fit or load_model beforehand")
          └ <class 'sklearn.exceptions.NotFittedError'>

sklearn.exceptions.NotFittedError: need to call fit or load_model beforehand
[32m[I 2023-01-30 12:07:12,958][0m A new study created in memory with name: no-name-b6a47bd4-9ee7-4789-bae6-2df3b27002e4[0m
[32m[I 2023-01-30 12:07:13,904][0m Trial 0 finished with value: 29.205914102041312 and parameters: {'max_depth': 6, 'learning_rate': 0.005210791962875845, 'colsample_bytree': 0.3394136619287924, 'subsample': 0.6574222784102022, 'alpha': 0.02648277082222497, 'lambda': 1.4144875055738103e-05, 'gamma': 0.04500641923688874, 'min_child_weight': 260.3962433950421}. Best is trial 0 with value: 29.205914102041312.[0m
[32m[I 2023-01-30 12:07:14,843][0m Trial 1 finished with value: 29.205914102041312 and parameters: {'max_depth': 6, 'learning_rate': 0.021979238983249345, 'colsample_bytree': 0.23423485468909863, 'subsample': 0.4465474806143693, 'alpha': 0.015192846689395734, 'lambda': 1.053937511823679e-07, 'gamma': 0.0033136326180250014, 'min_child_weight': 644.7293908986641}. Best is trial 0 with value: 29.205914102041312.[0m
[32m[I 2023-01-30 12:07:18,952][0m Trial 2 finished with value: 0.268444910149562 and parameters: {'max_depth': 9, 'learning_rate': 0.04472431548571135, 'colsample_bytree': 0.2882911980960603, 'subsample': 0.4361977233811782, 'alpha': 0.8026076381845835, 'lambda': 0.009308933954768672, 'gamma': 3.256363358939344e-07, 'min_child_weight': 18.821383776104874}. Best is trial 2 with value: 0.268444910149562.[0m
[32m[I 2023-01-30 12:07:19,914][0m Trial 3 finished with value: 29.205914102041312 and parameters: {'max_depth': 12, 'learning_rate': 0.017094403917353843, 'colsample_bytree': 0.22948802297384155, 'subsample': 0.44730585755534635, 'alpha': 0.015292131773238979, 'lambda': 5.965676317494847e-06, 'gamma': 0.00044528778884839724, 'min_child_weight': 338.98551770988314}. Best is trial 2 with value: 0.268444910149562.[0m
[32m[I 2023-01-30 12:08:44,444][0m Trial 4 finished with value: 0.31481635988838275 and parameters: {'max_depth': 8, 'learning_rate': 0.023072683131762008, 'colsample_bytree': 0.47102991741606304, 'subsample': 0.6352342739748388, 'alpha': 9.944425486443707, 'lambda': 2.1702458195047087e-06, 'gamma': 0.09353155629396856, 'min_child_weight': 18.469334745436925}. Best is trial 2 with value: 0.268444910149562.[0m
[32m[I 2023-01-30 12:08:45,382][0m Trial 5 finished with value: 29.205914102041312 and parameters: {'max_depth': 12, 'learning_rate': 0.006728704334767703, 'colsample_bytree': 0.4857337033199275, 'subsample': 0.7037918458958176, 'alpha': 0.06686109213200414, 'lambda': 0.03446930445975244, 'gamma': 2.183635020390231e-06, 'min_child_weight': 77.41831145784069}. Best is trial 2 with value: 0.268444910149562.[0m
[32m[I 2023-01-30 12:08:46,450][0m Trial 6 finished with value: 29.205914102041312 and parameters: {'max_depth': 4, 'learning_rate': 0.024309997179372503, 'colsample_bytree': 0.5841853923869278, 'subsample': 0.7667252048707697, 'alpha': 0.013337191036805442, 'lambda': 1.3636680397564094e-07, 'gamma': 0.0014997828175700684, 'min_child_weight': 322.655885902972}. Best is trial 2 with value: 0.268444910149562.[0m
[32m[I 2023-01-30 12:08:47,496][0m Trial 7 finished with value: 29.205914102041312 and parameters: {'max_depth': 6, 'learning_rate': 0.010926258610128152, 'colsample_bytree': 0.2607618918637006, 'subsample': 0.6028959703295853, 'alpha': 0.06206371578662345, 'lambda': 1.266992201665895e-08, 'gamma': 1.5789432269327715e-05, 'min_child_weight': 80.39289318891001}. Best is trial 2 with value: 0.268444910149562.[0m
[32m[I 2023-01-30 12:08:48,418][0m Trial 8 finished with value: 29.205914102041312 and parameters: {'max_depth': 11, 'learning_rate': 0.022246945550976716, 'colsample_bytree': 0.38348067034928734, 'subsample': 0.5786344453767411, 'alpha': 0.2103742118991652, 'lambda': 0.00021926407596498205, 'gamma': 0.036837608776384916, 'min_child_weight': 826.8193360446916}. Best is trial 2 with value: 0.268444910149562.[0m
