[32m[I 2023-01-30 09:55:53,576][0m Trial 70 finished with value: 18.180926482123805 and parameters: {'max_depth': 6, 'learning_rate': 0.010166602802558093, 'colsample_bytree': 0.5381167304192148, 'subsample': 0.6762891136900773, 'alpha': 0.31716416390786606, 'lambda': 1.8816461444681403e-06, 'gamma': 0.002033175297426722, 'min_child_weight': 24.90364297210151}. Best is trial 29 with value: 0.5921227647333768.[0m
[32m[I 2023-01-30 09:55:57,008][0m Trial 71 finished with value: 17.344776484890552 and parameters: {'max_depth': 5, 'learning_rate': 0.00821927079127993, 'colsample_bytree': 0.4995002831225495, 'subsample': 0.6955931566015967, 'alpha': 0.6405880665098778, 'lambda': 5.5808748479082536e-08, 'gamma': 0.00011041271472354478, 'min_child_weight': 14.229404051321955}. Best is trial 29 with value: 0.5921227647333768.[0m
[32m[I 2023-01-30 09:56:24,580][0m Trial 72 finished with value: 0.5927807523681109 and parameters: {'max_depth': 5, 'learning_rate': 0.013875535927995567, 'colsample_bytree': 0.5347402286607914, 'subsample': 0.6875495541729414, 'alpha': 0.18653176623345658, 'lambda': 1.3676328932945418e-06, 'gamma': 0.015938482481827613, 'min_child_weight': 11.591668971642171}. Best is trial 29 with value: 0.5921227647333768.[0m
[32m[I 2023-01-30 09:56:27,375][0m Trial 73 finished with value: 18.180926482123805 and parameters: {'max_depth': 5, 'learning_rate': 0.013354777022736445, 'colsample_bytree': 0.5559687014005613, 'subsample': 0.6648800397709085, 'alpha': 0.16175552036420016, 'lambda': 6.54913043849877e-07, 'gamma': 0.021287990593358876, 'min_child_weight': 17.178776395873406}. Best is trial 29 with value: 0.5921227647333768.[0m
[32m[I 2023-01-30 09:57:08,098][0m Trial 74 finished with value: 0.5897928603516032 and parameters: {'max_depth': 6, 'learning_rate': 0.009667162845282781, 'colsample_bytree': 0.5349705251632877, 'subsample': 0.6869034310761627, 'alpha': 0.4043687853597434, 'lambda': 1.1858619498575741e-06, 'gamma': 0.0009137847171753342, 'min_child_weight': 11.720247476027524}. Best is trial 74 with value: 0.5897928603516032.[0m
[32m[I 2023-01-30 09:57:27,296][0m Trial 75 finished with value: 0.5976454659411229 and parameters: {'max_depth': 6, 'learning_rate': 0.017055256934708704, 'colsample_bytree': 0.5332286194528579, 'subsample': 0.6881709834411984, 'alpha': 0.3164092148998597, 'lambda': 1.3476463050718593e-06, 'gamma': 0.00040664952566205867, 'min_child_weight': 11.421509071092807}. Best is trial 74 with value: 0.5897928603516032.[0m
[32m[I 2023-01-30 09:58:08,404][0m Trial 76 finished with value: 0.5948991602335131 and parameters: {'max_depth': 6, 'learning_rate': 0.018170050886975205, 'colsample_bytree': 0.5414996684949263, 'subsample': 0.6020646780060382, 'alpha': 0.18436671441188157, 'lambda': 1.3690420575796657e-06, 'gamma': 0.00023877253418328498, 'min_child_weight': 11.604395639623084}. Best is trial 74 with value: 0.5897928603516032.[0m
[32m[I 2023-01-30 09:58:11,304][0m Trial 77 finished with value: 18.180926482123805 and parameters: {'max_depth': 7, 'learning_rate': 0.0169468185365387, 'colsample_bytree': 0.512505593274672, 'subsample': 0.6079124240996706, 'alpha': 0.18693593403800585, 'lambda': 1.6655472944985805e-06, 'gamma': 0.0002448538862497239, 'min_child_weight': 14.036413842795561}. Best is trial 74 with value: 0.5897928603516032.[0m
[32m[I 2023-01-30 09:58:48,863][0m Trial 78 finished with value: 0.5979767867271124 and parameters: {'max_depth': 7, 'learning_rate': 0.018873067161108013, 'colsample_bytree': 0.5312977727938789, 'subsample': 0.5888934946711468, 'alpha': 0.09632347329798872, 'lambda': 3.7008882543607154e-07, 'gamma': 0.0010662927717088638, 'min_child_weight': 11.577635054112875}. Best is trial 74 with value: 0.5897928603516032.[0m
[32m[I 2023-01-30 09:58:52,556][0m Trial 79 finished with value: 18.180926482123805 and parameters: {'max_depth': 7, 'learning_rate': 0.020691913456889605, 'colsample_bytree': 0.498383661403586, 'subsample': 0.5945201342669595, 'alpha': 0.042191473896851635, 'lambda': 3.473082683480937e-07, 'gamma': 0.00023698737289554376, 'min_child_weight': 95.79027403567567}. Best is trial 74 with value: 0.5897928603516032.[0m
[32m[I 2023-01-30 10:03:18,229][0m Trial 80 finished with value: 0.6024101322434656 and parameters: {'max_depth': 6, 'learning_rate': 0.014373270543059535, 'colsample_bytree': 0.48618571623054224, 'subsample': 0.5577517355145198, 'alpha': 0.0970236390946908, 'lambda': 1.0078130284321876e-07, 'gamma': 0.13577727635826592, 'min_child_weight': 11.303335114643485}. Best is trial 74 with value: 0.5897928603516032.[0m
[32m[I 2023-01-30 10:03:24,853][0m Trial 81 finished with value: 18.180926482123805 and parameters: {'max_depth': 6, 'learning_rate': 0.01944311941912168, 'colsample_bytree': 0.5325766095690343, 'subsample': 0.6356105121440886, 'alpha': 0.2749040051792338, 'lambda': 3.179709186967658e-06, 'gamma': 0.0010231438768900458, 'min_child_weight': 16.36193727207663}. Best is trial 74 with value: 0.5897928603516032.[0m
[32m[I 2023-01-30 10:03:30,034][0m Trial 82 finished with value: 18.180926482123805 and parameters: {'max_depth': 8, 'learning_rate': 0.016517085092369103, 'colsample_bytree': 0.540894266042706, 'subsample': 0.5731105037527302, 'alpha': 0.4085628601235668, 'lambda': 8.918211139544122e-07, 'gamma': 0.0031306333364058037, 'min_child_weight': 14.19083473644754}. Best is trial 74 with value: 0.5897928603516032.[0m
[32m[I 2023-01-30 10:04:20,648][0m Trial 83 finished with value: 0.5926524185528756 and parameters: {'max_depth': 6, 'learning_rate': 0.01914954516192804, 'colsample_bytree': 0.5199322505322573, 'subsample': 0.6890702082724797, 'alpha': 0.30614982955151365, 'lambda': 2.0981009843431857e-08, 'gamma': 0.006491104854469693, 'min_child_weight': 11.726592829851459}. Best is trial 74 with value: 0.5897928603516032.[0m
[32m[I 2023-01-30 10:05:09,391][0m Trial 84 finished with value: 8.310634594485174 and parameters: {'max_depth': 7, 'learning_rate': 0.02415960925905341, 'colsample_bytree': 0.5172102919018281, 'subsample': 0.4735858316311581, 'alpha': 0.07936760849598543, 'lambda': 2.8637510244394523e-08, 'gamma': 0.008186558319152657, 'min_child_weight': 11.60140373108425}. Best is trial 74 with value: 0.5897928603516032.[0m
[32m[I 2023-01-30 10:05:13,531][0m Trial 85 finished with value: 18.180926482123805 and parameters: {'max_depth': 6, 'learning_rate': 0.021425340170717264, 'colsample_bytree': 0.5273101480768521, 'subsample': 0.6186988317420311, 'alpha': 0.15360483254407656, 'lambda': 1.717748837892702e-07, 'gamma': 0.0006366008831223504, 'min_child_weight': 18.65068892342178}. Best is trial 74 with value: 0.5897928603516032.[0m
[32m[I 2023-01-30 10:08:05,894][0m Trial 86 finished with value: 0.631963870162455 and parameters: {'max_depth': 7, 'learning_rate': 0.01847127574158132, 'colsample_bytree': 0.5085492663284675, 'subsample': 0.5311823833358106, 'alpha': 0.20260769738933104, 'lambda': 1.08030611107691e-08, 'gamma': 5.192519331992724e-05, 'min_child_weight': 11.413899968194418}. Best is trial 74 with value: 0.5897928603516032.[0m
[32m[I 2023-01-30 10:08:12,579][0m Trial 87 finished with value: 18.180926482123805 and parameters: {'max_depth': 7, 'learning_rate': 0.014483999065032657, 'colsample_bytree': 0.5480865826501515, 'subsample': 0.6885147937382552, 'alpha': 0.47271911201625766, 'lambda': 1.0088943325751454e-07, 'gamma': 0.0001979364202677441, 'min_child_weight': 16.023189310670165}. Best is trial 74 with value: 0.5897928603516032.[0m
[32m[I 2023-01-30 10:08:18,250][0m Trial 88 finished with value: 18.180926482123805 and parameters: {'max_depth': 6, 'learning_rate': 0.018035182747520306, 'colsample_bytree': 0.47866557599553444, 'subsample': 0.7130524769432124, 'alpha': 0.11083052697357224, 'lambda': 2.1266563272682776e-08, 'gamma': 0.016912069706191222, 'min_child_weight': 129.82072921533847}. Best is trial 74 with value: 0.5897928603516032.[0m
[32m[I 2023-01-30 10:08:54,588][0m Trial 89 finished with value: 0.5918684034361755 and parameters: {'max_depth': 6, 'learning_rate': 0.01601312244479701, 'colsample_bytree': 0.5965110038234894, 'subsample': 0.6551792363257831, 'alpha': 0.26271449208217124, 'lambda': 4.995672850184717e-07, 'gamma': 0.05159931262484088, 'min_child_weight': 10.01190540426025}. Best is trial 74 with value: 0.5897928603516032.[0m
[32m[I 2023-01-30 10:08:59,777][0m Trial 90 finished with value: 18.180926482123805 and parameters: {'max_depth': 6, 'learning_rate': 0.01602357348008259, 'colsample_bytree': 0.5807993459182598, 'subsample': 0.6966894824752049, 'alpha': 0.360713045811215, 'lambda': 5.267008540015116e-07, 'gamma': 0.07975269376833816, 'min_child_weight': 54.597995360599}. Best is trial 74 with value: 0.5897928603516032.[0m
[32m[I 2023-01-30 10:10:56,555][0m Trial 91 finished with value: 0.5918712976413069 and parameters: {'max_depth': 6, 'learning_rate': 0.020452101337686667, 'colsample_bytree': 0.591745123389903, 'subsample': 0.6549529706233599, 'alpha': 0.2543357359627583, 'lambda': 2.7084872470566966e-07, 'gamma': 0.033728559281753535, 'min_child_weight': 11.16277821002607}. Best is trial 74 with value: 0.5897928603516032.[0m
[32m[I 2023-01-30 10:11:53,712][0m Trial 92 finished with value: 0.5869595896035827 and parameters: {'max_depth': 6, 'learning_rate': 0.02024540984912946, 'colsample_bytree': 0.5975888996179896, 'subsample': 0.6575048175486246, 'alpha': 0.24935290886963773, 'lambda': 1.1941471125909462e-06, 'gamma': 0.0348640680952405, 'min_child_weight': 10.319846923028393}. Best is trial 92 with value: 0.5869595896035827.[0m
[32m[I 2023-01-30 10:12:37,048][0m Trial 93 finished with value: 0.5869653823589684 and parameters: {'max_depth': 6, 'learning_rate': 0.020239610981399647, 'colsample_bytree': 0.5828187342730249, 'subsample': 0.6579289738823864, 'alpha': 0.24884745583674606, 'lambda': 3.1087988800108416e-06, 'gamma': 0.0371105360787168, 'min_child_weight': 10.201781108752732}. Best is trial 92 with value: 0.5869595896035827.[0m
[32m[I 2023-01-30 10:13:27,139][0m Trial 94 finished with value: 0.5898404169272087 and parameters: {'max_depth': 6, 'learning_rate': 0.027452244293176203, 'colsample_bytree': 0.588953104082931, 'subsample': 0.6546288430259765, 'alpha': 0.2673626390302633, 'lambda': 4.400404535711307e-06, 'gamma': 0.03255893845462403, 'min_child_weight': 10.05822040302823}. Best is trial 92 with value: 0.5869595896035827.[0m
[32m[I 2023-01-30 10:14:13,509][0m Trial 95 finished with value: 0.5883383670958542 and parameters: {'max_depth': 6, 'learning_rate': 0.029687421946308055, 'colsample_bytree': 0.5978231604550588, 'subsample': 0.6585907280873621, 'alpha': 0.24339055328052647, 'lambda': 3.1886418579935577e-06, 'gamma': 0.023997252613133617, 'min_child_weight': 10.067819947199974}. Best is trial 92 with value: 0.5869595896035827.[0m
[32m[I 2023-01-30 10:14:34,758][0m Trial 96 finished with value: 0.5879306873692578 and parameters: {'max_depth': 6, 'learning_rate': 0.0289244074583434, 'colsample_bytree': 0.5950185012508722, 'subsample': 0.6572741487104484, 'alpha': 0.22966434568998667, 'lambda': 3.637918866231185e-06, 'gamma': 0.033107642268537726, 'min_child_weight': 10.019390366672976}. Best is trial 92 with value: 0.5869595896035827.[0m
[32m[I 2023-01-30 10:14:55,784][0m Trial 97 finished with value: 0.5885296206684513 and parameters: {'max_depth': 11, 'learning_rate': 0.02850688801854986, 'colsample_bytree': 0.5950592598178002, 'subsample': 0.6565057695084319, 'alpha': 0.24498892775806805, 'lambda': 6.54047954088316e-06, 'gamma': 0.030661129998462548, 'min_child_weight': 10.132842404517646}. Best is trial 92 with value: 0.5869595896035827.[0m
[32m[I 2023-01-30 10:15:24,109][0m Trial 98 finished with value: 0.585395265107781 and parameters: {'max_depth': 12, 'learning_rate': 0.02939580427901569, 'colsample_bytree': 0.5963189185715617, 'subsample': 0.639996009600059, 'alpha': 0.24102100641558274, 'lambda': 3.305324630020429e-06, 'gamma': 0.05252198052251905, 'min_child_weight': 10.026650207000175}. Best is trial 98 with value: 0.585395265107781.[0m
[32m[I 2023-01-30 10:15:46,952][0m Trial 99 finished with value: 0.5871549775324825 and parameters: {'max_depth': 12, 'learning_rate': 0.029909757868745824, 'colsample_bytree': 0.5988917914742861, 'subsample': 0.6526698043623385, 'alpha': 0.23391389576853452, 'lambda': 7.320487887638179e-06, 'gamma': 0.07491122179421458, 'min_child_weight': 10.115558937597562}. Best is trial 98 with value: 0.585395265107781.[0m
2023-01-30 10:15:46.953 | ERROR    | __main__:<module>:78 - need to call fit or load_model beforehand
Traceback (most recent call last):

> File "/Users/kevinmaikjablonka/git/kjappelbaum/gptchem/experiments/04_regression/henry/run_experiments.py", line 76, in <module>
    run_experiment(train_size, target, i + 22332642)
    │              │           │       └ 1
    │              │           └ ('logKH_CO2', 'CO2 Henry coefficient')
    │              └ 20
    └ <function run_experiment at 0x1033cb0d0>

  File "/Users/kevinmaikjablonka/git/kjappelbaum/gptchem/experiments/04_regression/henry/run_experiments.py", line 43, in run_experiment
    baseline_res = train_test_henry_regression_baseline(
                   └ <function train_test_henry_regression_baseline at 0x2ac8791f0>

  File "/Users/kevinmaikjablonka/git/kjappelbaum/gptchem/src/gptchem/baselines/henry.py", line 406, in train_test_henry_regression_baseline
    predictions = baseline.predict(X_test.values)
                  │        │       │      └ <property object at 0x29df00450>
                  │        │       └             Di        Df  ...  sum-D_mc_CRY-S-2-all  sum-D_mc_CRY-S-3-all
                  │        │         1640  21.55745  10.38341  ...                 58.56...
                  │        └ <function XGBRegressionBaseline.predict at 0x2ad662790>
                  └ <gptchem.models.xgboost.XGBRegressionBaseline object at 0x2ade9a820>

  File "/Users/kevinmaikjablonka/git/kjappelbaum/gptchem/src/gptchem/models/xgboost.py", line 208, in predict
    return self.model.predict(X_values)
           │    │     │       └ array([[ 21.55745,  10.38341,  21.54118, ...,  62.4    ,  58.56   ,
           │    │     │                 120.96   ],
           │    │     │                [  4.22229,   3.34094,   4.222...
           │    │     └ <function XGBModel.predict at 0x2ad63e820>
           │    └ XGBRegressor(alpha=0.24102100641558274, base_score=None, booster=None,
           │                   callbacks=None, colsample_bylevel=None, c...
           └ <gptchem.models.xgboost.XGBRegressionBaseline object at 0x2ade9a820>

  File "/Users/kevinmaikjablonka/miniconda3/envs/gptchem/lib/python3.9/site-packages/xgboost/sklearn.py", line 1109, in predict
    self.get_booster(), ntree_limit, iteration_range
    │    │              │            └ None
    │    │              └ None
    │    └ <function XGBModel.get_booster at 0x2ad63af70>
    └ XGBRegressor(alpha=0.24102100641558274, base_score=None, booster=None,
                   callbacks=None, colsample_bylevel=None, c...
  File "/Users/kevinmaikjablonka/miniconda3/envs/gptchem/lib/python3.9/site-packages/xgboost/sklearn.py", line 649, in get_booster
    raise NotFittedError("need to call fit or load_model beforehand")
          └ <class 'sklearn.exceptions.NotFittedError'>

sklearn.exceptions.NotFittedError: need to call fit or load_model beforehand
[32m[I 2023-01-30 10:15:47,163][0m A new study created in memory with name: no-name-bf44e817-322c-48ca-af77-cbfbff3393c6[0m
[32m[I 2023-01-30 10:15:51,116][0m Trial 0 finished with value: 28.45997790101497 and parameters: {'max_depth': 6, 'learning_rate': 0.005210791962875845, 'colsample_bytree': 0.3394136619287924, 'subsample': 0.6574222784102022, 'alpha': 0.02648277082222497, 'lambda': 1.4144875055738103e-05, 'gamma': 0.04500641923688874, 'min_child_weight': 260.3962433950421}. Best is trial 0 with value: 28.45997790101497.[0m
[32m[I 2023-01-30 10:15:55,736][0m Trial 1 finished with value: 28.45997790101497 and parameters: {'max_depth': 6, 'learning_rate': 0.021979238983249345, 'colsample_bytree': 0.23423485468909863, 'subsample': 0.4465474806143693, 'alpha': 0.015192846689395734, 'lambda': 1.053937511823679e-07, 'gamma': 0.0033136326180250014, 'min_child_weight': 644.7293908986641}. Best is trial 0 with value: 28.45997790101497.[0m
[32m[I 2023-01-30 10:16:20,879][0m Trial 2 finished with value: 0.2195281504016314 and parameters: {'max_depth': 9, 'learning_rate': 0.04472431548571135, 'colsample_bytree': 0.2882911980960603, 'subsample': 0.4361977233811782, 'alpha': 0.8026076381845835, 'lambda': 0.009308933954768672, 'gamma': 3.256363358939344e-07, 'min_child_weight': 18.821383776104874}. Best is trial 2 with value: 0.2195281504016314.[0m
[32m[I 2023-01-30 10:16:25,955][0m Trial 3 finished with value: 28.45997790101497 and parameters: {'max_depth': 12, 'learning_rate': 0.017094403917353843, 'colsample_bytree': 0.22948802297384155, 'subsample': 0.44730585755534635, 'alpha': 0.015292131773238979, 'lambda': 5.965676317494847e-06, 'gamma': 0.00044528778884839724, 'min_child_weight': 338.98551770988314}. Best is trial 2 with value: 0.2195281504016314.[0m
[32m[I 2023-01-30 10:18:08,917][0m Trial 4 finished with value: 0.29553787136088044 and parameters: {'max_depth': 8, 'learning_rate': 0.023072683131762008, 'colsample_bytree': 0.47102991741606304, 'subsample': 0.6352342739748388, 'alpha': 9.944425486443707, 'lambda': 2.1702458195047087e-06, 'gamma': 0.09353155629396856, 'min_child_weight': 18.469334745436925}. Best is trial 2 with value: 0.2195281504016314.[0m
[32m[I 2023-01-30 10:18:12,857][0m Trial 5 finished with value: 28.45997790101497 and parameters: {'max_depth': 12, 'learning_rate': 0.006728704334767703, 'colsample_bytree': 0.4857337033199275, 'subsample': 0.7037918458958176, 'alpha': 0.06686109213200414, 'lambda': 0.03446930445975244, 'gamma': 2.183635020390231e-06, 'min_child_weight': 77.41831145784069}. Best is trial 2 with value: 0.2195281504016314.[0m
[32m[I 2023-01-30 10:18:16,541][0m Trial 6 finished with value: 28.45997790101497 and parameters: {'max_depth': 4, 'learning_rate': 0.024309997179372503, 'colsample_bytree': 0.5841853923869278, 'subsample': 0.7667252048707697, 'alpha': 0.013337191036805442, 'lambda': 1.3636680397564094e-07, 'gamma': 0.0014997828175700684, 'min_child_weight': 322.655885902972}. Best is trial 2 with value: 0.2195281504016314.[0m
[32m[I 2023-01-30 10:18:19,878][0m Trial 7 finished with value: 28.45997790101497 and parameters: {'max_depth': 6, 'learning_rate': 0.010926258610128152, 'colsample_bytree': 0.2607618918637006, 'subsample': 0.6028959703295853, 'alpha': 0.06206371578662345, 'lambda': 1.266992201665895e-08, 'gamma': 1.5789432269327715e-05, 'min_child_weight': 80.39289318891001}. Best is trial 2 with value: 0.2195281504016314.[0m
[32m[I 2023-01-30 10:18:24,965][0m Trial 8 finished with value: 28.45997790101497 and parameters: {'max_depth': 11, 'learning_rate': 0.022246945550976716, 'colsample_bytree': 0.38348067034928734, 'subsample': 0.5786344453767411, 'alpha': 0.2103742118991652, 'lambda': 0.00021926407596498205, 'gamma': 0.036837608776384916, 'min_child_weight': 826.8193360446916}. Best is trial 2 with value: 0.2195281504016314.[0m
[32m[I 2023-01-30 10:18:29,689][0m Trial 9 finished with value: 28.45997790101497 and parameters: {'max_depth': 12, 'learning_rate': 0.040398899586500135, 'colsample_bytree': 0.40713570785418746, 'subsample': 0.4235077964948132, 'alpha': 1.6713931146681782, 'lambda': 0.05220786063595881, 'gamma': 6.757110406953963e-05, 'min_child_weight': 153.35914002613805}. Best is trial 2 with value: 0.2195281504016314.[0m
[32m[I 2023-01-30 10:18:58,436][0m Trial 10 finished with value: 0.19279841932373376 and parameters: {'max_depth': 9, 'learning_rate': 0.04816832914567595, 'colsample_bytree': 0.30938945494506476, 'subsample': 0.5236211488460568, 'alpha': 1.0756082087934706, 'lambda': 5.987070125610998, 'gamma': 1.0676973389236319e-08, 'min_child_weight': 10.247188554523198}. Best is trial 10 with value: 0.19279841932373376.[0m
[32m[I 2023-01-30 10:19:57,176][0m Trial 11 finished with value: 0.19434857797099137 and parameters: {'max_depth': 9, 'learning_rate': 0.04784455548984856, 'colsample_bytree': 0.3100217763470918, 'subsample': 0.5243516535756538, 'alpha': 1.2318833059244463, 'lambda': 9.718541847119443, 'gamma': 1.2536551007490072e-08, 'min_child_weight': 10.820984738272562}. Best is trial 10 with value: 0.19279841932373376.[0m
[32m[I 2023-01-30 10:20:56,500][0m Trial 12 finished with value: 0.2117569679575099 and parameters: {'max_depth': 9, 'learning_rate': 0.034937316478278, 'colsample_bytree': 0.3192098376511701, 'subsample': 0.5231852165736808, 'alpha': 3.0563111060842103, 'lambda': 8.599095516296309, 'gamma': 1.0206892217229506e-08, 'min_child_weight': 10.256484399738364}. Best is trial 10 with value: 0.19279841932373376.[0m
[32m[I 2023-01-30 10:21:00,505][0m Trial 13 finished with value: 28.45997790101497 and parameters: {'max_depth': 10, 'learning_rate': 0.048479343448574005, 'colsample_bytree': 0.35519137988412364, 'subsample': 0.5291175380795688, 'alpha': 0.4631425640446561, 'lambda': 4.775387507606958, 'gamma': 1.0153415350239514e-08, 'min_child_weight': 38.91001582664115}. Best is trial 10 with value: 0.19279841932373376.[0m
[32m[I 2023-01-30 10:21:50,644][0m Trial 14 finished with value: 0.20959111683933376 and parameters: {'max_depth': 8, 'learning_rate': 0.03184753289442927, 'colsample_bytree': 0.4268212488617268, 'subsample': 0.5178798847040464, 'alpha': 2.8608172101656963, 'lambda': 0.61606530442315, 'gamma': 2.421729485484976e-07, 'min_child_weight': 10.508693521079442}. Best is trial 10 with value: 0.19279841932373376.[0m
