[32m[I 2023-01-30 15:33:22,758][0m Trial 99 finished with value: 1.0832614134749508 and parameters: {'max_depth': 10, 'learning_rate': 0.014695806788122368, 'colsample_bytree': 0.353599626449121, 'subsample': 0.41615948510208783, 'alpha': 0.2834827763128969, 'lambda': 0.46376413872907823, 'gamma': 0.028524804968268876, 'min_child_weight': 15.089510355340108}. Best is trial 65 with value: 1.0398444358800825.[0m
2023-01-30 15:33:22.759 | ERROR    | __main__:<module>:78 - need to call fit or load_model beforehand
Traceback (most recent call last):

> File "/Users/kevinmaikjablonka/git/kjappelbaum/gptchem/experiments/04_regression/henry/run_experiments.py", line 76, in <module>
    run_experiment(train_size, target, i + 22332642)
    │              │           │       └ 1
    │              │           └ ('logKH_CO2', 'CO2 Henry coefficient')
    │              └ 200
    └ <function run_experiment at 0x1033cb0d0>

  File "/Users/kevinmaikjablonka/git/kjappelbaum/gptchem/experiments/04_regression/henry/run_experiments.py", line 43, in run_experiment
    baseline_res = train_test_henry_regression_baseline(
                   └ <function train_test_henry_regression_baseline at 0x2ac8791f0>

  File "/Users/kevinmaikjablonka/git/kjappelbaum/gptchem/src/gptchem/baselines/henry.py", line 406, in train_test_henry_regression_baseline
    predictions = baseline.predict(X_test.values)
                  │        │       │      └ <property object at 0x29df00450>
                  │        │       └             Di        Df  ...  sum-D_mc_CRY-S-2-all  sum-D_mc_CRY-S-3-all
                  │        │         4627  12.33039  11.48650  ...                 12.96...
                  │        └ <function XGBRegressionBaseline.predict at 0x2ad662790>
                  └ <gptchem.models.xgboost.XGBRegressionBaseline object at 0x2af994760>

  File "/Users/kevinmaikjablonka/git/kjappelbaum/gptchem/src/gptchem/models/xgboost.py", line 208, in predict
    return self.model.predict(X_values)
           │    │     │       └ array([[ 12.33039,  11.4865 ,  12.33039, ...,  10.32   ,  12.96   ,
           │    │     │                  27.48   ],
           │    │     │                [  4.28353,   4.03476,   4.283...
           │    │     └ <function XGBModel.predict at 0x2ad63e820>
           │    └ XGBRegressor(alpha=0.4327532896745748, base_score=None, booster=None,
           │                   callbacks=None, colsample_bylevel=None, co...
           └ <gptchem.models.xgboost.XGBRegressionBaseline object at 0x2af994760>

  File "/Users/kevinmaikjablonka/miniconda3/envs/gptchem/lib/python3.9/site-packages/xgboost/sklearn.py", line 1109, in predict
    self.get_booster(), ntree_limit, iteration_range
    │    │              │            └ None
    │    │              └ None
    │    └ <function XGBModel.get_booster at 0x2ad63af70>
    └ XGBRegressor(alpha=0.4327532896745748, base_score=None, booster=None,
                   callbacks=None, colsample_bylevel=None, co...
  File "/Users/kevinmaikjablonka/miniconda3/envs/gptchem/lib/python3.9/site-packages/xgboost/sklearn.py", line 649, in get_booster
    raise NotFittedError("need to call fit or load_model beforehand")
          └ <class 'sklearn.exceptions.NotFittedError'>

sklearn.exceptions.NotFittedError: need to call fit or load_model beforehand
[32m[I 2023-01-30 15:33:22,978][0m A new study created in memory with name: no-name-035c3002-344f-43c5-824d-3e2af55c1152[0m
[32m[I 2023-01-30 15:35:03,812][0m Trial 0 finished with value: 0.2400003630007054 and parameters: {'max_depth': 6, 'learning_rate': 0.005210791962875845, 'colsample_bytree': 0.3394136619287924, 'subsample': 0.6574222784102022, 'alpha': 0.02648277082222497, 'lambda': 1.4144875055738103e-05, 'gamma': 0.04500641923688874, 'min_child_weight': 260.3962433950421}. Best is trial 0 with value: 0.2400003630007054.[0m
[32m[I 2023-01-30 15:35:05,610][0m Trial 1 finished with value: 29.3997392629059 and parameters: {'max_depth': 6, 'learning_rate': 0.021979238983249345, 'colsample_bytree': 0.23423485468909863, 'subsample': 0.4465474806143693, 'alpha': 0.015192846689395734, 'lambda': 1.053937511823679e-07, 'gamma': 0.0033136326180250014, 'min_child_weight': 644.7293908986641}. Best is trial 0 with value: 0.2400003630007054.[0m
[32m[I 2023-01-30 15:35:25,810][0m Trial 2 finished with value: 0.12583081656165523 and parameters: {'max_depth': 9, 'learning_rate': 0.04472431548571135, 'colsample_bytree': 0.2882911980960603, 'subsample': 0.4361977233811782, 'alpha': 0.8026076381845835, 'lambda': 0.009308933954768672, 'gamma': 3.256363358939344e-07, 'min_child_weight': 18.821383776104874}. Best is trial 2 with value: 0.12583081656165523.[0m
[32m[I 2023-01-30 15:35:27,905][0m Trial 3 finished with value: 29.3997392629059 and parameters: {'max_depth': 12, 'learning_rate': 0.017094403917353843, 'colsample_bytree': 0.22948802297384155, 'subsample': 0.44730585755534635, 'alpha': 0.015292131773238979, 'lambda': 5.965676317494847e-06, 'gamma': 0.00044528778884839724, 'min_child_weight': 338.98551770988314}. Best is trial 2 with value: 0.12583081656165523.[0m
[32m[I 2023-01-30 15:37:44,401][0m Trial 4 finished with value: 0.15681160391107643 and parameters: {'max_depth': 8, 'learning_rate': 0.023072683131762008, 'colsample_bytree': 0.47102991741606304, 'subsample': 0.6352342739748388, 'alpha': 9.944425486443707, 'lambda': 2.1702458195047087e-06, 'gamma': 0.09353155629396856, 'min_child_weight': 18.469334745436925}. Best is trial 2 with value: 0.12583081656165523.[0m
[32m[I 2023-01-30 15:47:54,736][0m Trial 5 finished with value: 0.1529342333623689 and parameters: {'max_depth': 12, 'learning_rate': 0.006728704334767703, 'colsample_bytree': 0.4857337033199275, 'subsample': 0.7037918458958176, 'alpha': 0.06686109213200414, 'lambda': 0.03446930445975244, 'gamma': 2.183635020390231e-06, 'min_child_weight': 77.41831145784069}. Best is trial 2 with value: 0.12583081656165523.[0m
[32m[I 2023-01-30 15:48:02,021][0m Trial 6 finished with value: 24.19022716883779 and parameters: {'max_depth': 4, 'learning_rate': 0.024309997179372503, 'colsample_bytree': 0.5841853923869278, 'subsample': 0.7667252048707697, 'alpha': 0.013337191036805442, 'lambda': 1.3636680397564094e-07, 'gamma': 0.0014997828175700684, 'min_child_weight': 322.655885902972}. Best is trial 2 with value: 0.12583081656165523.[0m
[32m[I 2023-01-30 15:49:43,389][0m Trial 7 finished with value: 0.17103094279801723 and parameters: {'max_depth': 6, 'learning_rate': 0.010926258610128152, 'colsample_bytree': 0.2607618918637006, 'subsample': 0.6028959703295853, 'alpha': 0.06206371578662345, 'lambda': 1.266992201665895e-08, 'gamma': 1.5789432269327715e-05, 'min_child_weight': 80.39289318891001}. Best is trial 2 with value: 0.12583081656165523.[0m
[32m[I 2023-01-30 15:49:45,991][0m Trial 8 finished with value: 29.3997392629059 and parameters: {'max_depth': 11, 'learning_rate': 0.022246945550976716, 'colsample_bytree': 0.38348067034928734, 'subsample': 0.5786344453767411, 'alpha': 0.2103742118991652, 'lambda': 0.00021926407596498205, 'gamma': 0.036837608776384916, 'min_child_weight': 826.8193360446916}. Best is trial 2 with value: 0.12583081656165523.[0m
[32m[I 2023-01-30 15:50:02,528][0m Trial 9 finished with value: 0.23993107657841523 and parameters: {'max_depth': 12, 'learning_rate': 0.040398899586500135, 'colsample_bytree': 0.40713570785418746, 'subsample': 0.4235077964948132, 'alpha': 1.6713931146681782, 'lambda': 0.05220786063595881, 'gamma': 6.757110406953963e-05, 'min_child_weight': 153.35914002613805}. Best is trial 2 with value: 0.12583081656165523.[0m
[32m[I 2023-01-30 15:51:03,247][0m Trial 10 finished with value: 0.1143526880976478 and parameters: {'max_depth': 9, 'learning_rate': 0.04816832914567595, 'colsample_bytree': 0.30938945494506476, 'subsample': 0.5236211488460568, 'alpha': 1.0756082087934706, 'lambda': 5.987070125610998, 'gamma': 1.0676973389236319e-08, 'min_child_weight': 10.247188554523198}. Best is trial 10 with value: 0.1143526880976478.[0m
[32m[I 2023-01-30 15:51:54,388][0m Trial 11 finished with value: 0.11535531855173675 and parameters: {'max_depth': 9, 'learning_rate': 0.04784455548984856, 'colsample_bytree': 0.3100217763470918, 'subsample': 0.5243516535756538, 'alpha': 1.2318833059244463, 'lambda': 9.718541847119443, 'gamma': 1.2536551007490072e-08, 'min_child_weight': 10.820984738272562}. Best is trial 10 with value: 0.1143526880976478.[0m
[32m[I 2023-01-30 15:52:24,801][0m Trial 12 finished with value: 0.12148572398373562 and parameters: {'max_depth': 9, 'learning_rate': 0.034937316478278, 'colsample_bytree': 0.3192098376511701, 'subsample': 0.5231852165736808, 'alpha': 3.0563111060842103, 'lambda': 8.599095516296309, 'gamma': 1.0206892217229506e-08, 'min_child_weight': 10.256484399738364}. Best is trial 10 with value: 0.1143526880976478.[0m
[32m[I 2023-01-30 15:52:36,285][0m Trial 13 finished with value: 0.13896485689179464 and parameters: {'max_depth': 10, 'learning_rate': 0.048479343448574005, 'colsample_bytree': 0.35519137988412364, 'subsample': 0.5291175380795688, 'alpha': 0.4631425640446561, 'lambda': 4.775387507606958, 'gamma': 1.0153415350239514e-08, 'min_child_weight': 38.91001582664115}. Best is trial 10 with value: 0.1143526880976478.[0m
[32m[I 2023-01-30 15:52:53,653][0m Trial 14 finished with value: 0.1205551618943129 and parameters: {'max_depth': 8, 'learning_rate': 0.03184753289442927, 'colsample_bytree': 0.4268212488617268, 'subsample': 0.5178798847040464, 'alpha': 2.8608172101656963, 'lambda': 0.61606530442315, 'gamma': 2.421729485484976e-07, 'min_child_weight': 10.508693521079442}. Best is trial 10 with value: 0.1143526880976478.[0m
[32m[I 2023-01-30 15:53:22,018][0m Trial 15 finished with value: 0.19313164342779116 and parameters: {'max_depth': 10, 'learning_rate': 0.011271800805004284, 'colsample_bytree': 0.20123640386512495, 'subsample': 0.49825620767284706, 'alpha': 0.29950764690355297, 'lambda': 0.4805290548518761, 'gamma': 3.6929292409393804, 'min_child_weight': 31.815991218242004}. Best is trial 10 with value: 0.1143526880976478.[0m
[32m[I 2023-01-30 15:53:41,243][0m Trial 16 finished with value: 0.1394644652761206 and parameters: {'max_depth': 7, 'learning_rate': 0.0326217227638238, 'colsample_bytree': 0.29507222453496124, 'subsample': 0.5694183170109816, 'alpha': 1.0424146994971248, 'lambda': 0.0015560920436770752, 'gamma': 1.369018541905103e-07, 'min_child_weight': 40.93630048848842}. Best is trial 10 with value: 0.1143526880976478.[0m
[32m[I 2023-01-30 15:54:32,174][0m Trial 17 finished with value: 0.16160976681416767 and parameters: {'max_depth': 10, 'learning_rate': 0.014440883618056576, 'colsample_bytree': 0.37397157349312854, 'subsample': 0.4834996355109532, 'alpha': 9.307799649558884, 'lambda': 0.5311541964393339, 'gamma': 6.7910266831148706e-06, 'min_child_weight': 18.473792041406114}. Best is trial 10 with value: 0.1143526880976478.[0m
[32m[I 2023-01-30 15:54:44,837][0m Trial 18 finished with value: 0.12479287534174213 and parameters: {'max_depth': 8, 'learning_rate': 0.029079224155694586, 'colsample_bytree': 0.3049260872203813, 'subsample': 0.5600428001616802, 'alpha': 0.18269674634944189, 'lambda': 7.904587168600862, 'gamma': 6.534109547099479e-08, 'min_child_weight': 25.366654621177712}. Best is trial 10 with value: 0.1143526880976478.[0m
[32m[I 2023-01-30 15:55:02,018][0m Trial 19 finished with value: 0.14843531104215751 and parameters: {'max_depth': 4, 'learning_rate': 0.0492534334989642, 'colsample_bytree': 0.44493336669382566, 'subsample': 0.6330489937366258, 'alpha': 4.880436734907548, 'lambda': 0.00013959022342253122, 'gamma': 1.7210211484980376e-06, 'min_child_weight': 57.734383667517}. Best is trial 10 with value: 0.1143526880976478.[0m
[32m[I 2023-01-30 15:55:13,905][0m Trial 20 finished with value: 0.19565399330293393 and parameters: {'max_depth': 9, 'learning_rate': 0.040045226508988375, 'colsample_bytree': 0.5187502962527242, 'subsample': 0.6812600945711295, 'alpha': 0.6679658402055295, 'lambda': 0.12644974971016598, 'gamma': 3.8407518605327186e-08, 'min_child_weight': 140.28900292859026}. Best is trial 10 with value: 0.1143526880976478.[0m
[32m[I 2023-01-30 15:55:34,325][0m Trial 21 finished with value: 0.1160674401674288 and parameters: {'max_depth': 8, 'learning_rate': 0.02933559610413172, 'colsample_bytree': 0.431651015619991, 'subsample': 0.4869030465552767, 'alpha': 2.043311122970979, 'lambda': 0.8646789490451868, 'gamma': 5.168837325199125e-07, 'min_child_weight': 10.253897904057942}. Best is trial 10 with value: 0.1143526880976478.[0m
[32m[I 2023-01-30 15:55:54,300][0m Trial 22 finished with value: 0.11643908109877735 and parameters: {'max_depth': 7, 'learning_rate': 0.038751413572470535, 'colsample_bytree': 0.34860522286133694, 'subsample': 0.48591106891369873, 'alpha': 1.5454261777289302, 'lambda': 1.3802058274977587, 'gamma': 8.261584291299264e-07, 'min_child_weight': 13.666393337113218}. Best is trial 10 with value: 0.1143526880976478.[0m
[32m[I 2023-01-30 15:56:13,164][0m Trial 23 finished with value: 0.12226989693542471 and parameters: {'max_depth': 7, 'learning_rate': 0.027430223830264645, 'colsample_bytree': 0.5256155462418994, 'subsample': 0.40470526548469066, 'alpha': 2.085021701417217, 'lambda': 0.010170823111393154, 'gamma': 3.876092547344759e-08, 'min_child_weight': 14.65557142239511}. Best is trial 10 with value: 0.1143526880976478.[0m
[32m[I 2023-01-30 15:58:54,939][0m Trial 24 finished with value: 0.1359811615656974 and parameters: {'max_depth': 9, 'learning_rate': 0.049755500012589195, 'colsample_bytree': 0.2625142891473634, 'subsample': 0.4699625289771668, 'alpha': 3.8113021271868206, 'lambda': 1.5105776760498957, 'gamma': 2.2605500014449e-05, 'min_child_weight': 25.212803890173458}. Best is trial 10 with value: 0.1143526880976478.[0m
[32m[I 2023-01-30 15:59:38,428][0m Trial 25 finished with value: 0.11129723816538703 and parameters: {'max_depth': 8, 'learning_rate': 0.017609845147142585, 'colsample_bytree': 0.4034698130023132, 'subsample': 0.551201109266046, 'alpha': 1.1403188781637215, 'lambda': 0.1601477065850418, 'gamma': 1.7905097810302143e-08, 'min_child_weight': 10.28929074767445}. Best is trial 25 with value: 0.11129723816538703.[0m
[32m[I 2023-01-30 16:09:45,357][0m Trial 26 finished with value: 0.12580304613183516 and parameters: {'max_depth': 11, 'learning_rate': 0.008430419891874803, 'colsample_bytree': 0.39928712979784015, 'subsample': 0.5454331165166241, 'alpha': 0.5098394162292611, 'lambda': 0.1098411318308078, 'gamma': 1.7986796421170118e-08, 'min_child_weight': 24.460134749541485}. Best is trial 25 with value: 0.11129723816538703.[0m
[32m[I 2023-01-30 16:11:07,452][0m Trial 27 finished with value: 0.11323629375923434 and parameters: {'max_depth': 10, 'learning_rate': 0.017596192821376064, 'colsample_bytree': 0.33439742884267215, 'subsample': 0.5926724335668676, 'alpha': 1.1422983673319556, 'lambda': 0.0025447960472670065, 'gamma': 9.41196279874157e-08, 'min_child_weight': 14.707258324524663}. Best is trial 25 with value: 0.11129723816538703.[0m
[32m[I 2023-01-30 17:12:17,098][0m Trial 28 finished with value: 0.11167138480443636 and parameters: {'max_depth': 11, 'learning_rate': 0.017542079671415196, 'colsample_bytree': 0.33003430992514615, 'subsample': 0.5958086151545304, 'alpha': 0.13759159497005452, 'lambda': 0.0025689347143464407, 'gamma': 1.094099060906261e-07, 'min_child_weight': 14.808378172429716}. Best is trial 25 with value: 0.11129723816538703.[0m
[32m[I 2023-01-30 17:46:07,362][0m Trial 29 finished with value: 0.13893971561257817 and parameters: {'max_depth': 11, 'learning_rate': 0.017236793142547238, 'colsample_bytree': 0.34048435311530983, 'subsample': 0.5998588865794642, 'alpha': 0.11972991653058568, 'lambda': 0.0013042600776430385, 'gamma': 4.805825625721895e-06, 'min_child_weight': 44.50207714781911}. Best is trial 25 with value: 0.11129723816538703.[0m
