[32m[I 2023-01-29 19:00:08,759][0m Trial 38 finished with value: 3.52088339675882 and parameters: {'max_depth': 5, 'learning_rate': 0.010642390894851635, 'colsample_bytree': 0.26384162175498693, 'subsample': 0.6710132576676296, 'alpha': 0.27389603462420786, 'lambda': 0.04120149618552942, 'gamma': 0.6113604285942736, 'min_child_weight': 13.744552320280427}. Best is trial 31 with value: 0.29070256888984397.[0m
[32m[I 2023-01-29 19:01:57,080][0m Trial 39 finished with value: 1.5475827225486465 and parameters: {'max_depth': 9, 'learning_rate': 0.006979615537287444, 'colsample_bytree': 0.37833680911005607, 'subsample': 0.468123243086385, 'alpha': 4.008725667691385, 'lambda': 7.244770143357986e-05, 'gamma': 5.668554077520811e-07, 'min_child_weight': 10.101156622928956}. Best is trial 31 with value: 0.29070256888984397.[0m
[32m[I 2023-01-29 19:01:59,686][0m Trial 40 finished with value: 30.51861743445005 and parameters: {'max_depth': 4, 'learning_rate': 0.008064860942946483, 'colsample_bytree': 0.5154390688025007, 'subsample': 0.7476026333255951, 'alpha': 2.149883320262799, 'lambda': 0.3944902119615831, 'gamma': 1.2446095552135053e-05, 'min_child_weight': 16.342966949822763}. Best is trial 31 with value: 0.29070256888984397.[0m
[32m[I 2023-01-29 19:04:56,758][0m Trial 41 finished with value: 0.29658703786795726 and parameters: {'max_depth': 6, 'learning_rate': 0.0059475720378445755, 'colsample_bytree': 0.28842448223417655, 'subsample': 0.7668734484222404, 'alpha': 1.0006713882861182, 'lambda': 0.00014452309471420135, 'gamma': 9.959160737536031e-05, 'min_child_weight': 13.498543869557265}. Best is trial 31 with value: 0.29070256888984397.[0m
[32m[I 2023-01-29 19:06:47,196][0m Trial 42 finished with value: 0.29034761347805094 and parameters: {'max_depth': 5, 'learning_rate': 0.005745472418333478, 'colsample_bytree': 0.3138870987431046, 'subsample': 0.7768938069575723, 'alpha': 0.578018377185855, 'lambda': 2.122987422860074e-05, 'gamma': 0.0008811016970876528, 'min_child_weight': 12.492493085727972}. Best is trial 42 with value: 0.29034761347805094.[0m
[32m[I 2023-01-29 19:08:38,875][0m Trial 43 finished with value: 0.29165799246214563 and parameters: {'max_depth': 5, 'learning_rate': 0.025829990727669897, 'colsample_bytree': 0.31695189327207424, 'subsample': 0.7429709754493594, 'alpha': 0.5633105230697383, 'lambda': 0.0008465667549474733, 'gamma': 0.0005413285418093044, 'min_child_weight': 13.559991537437178}. Best is trial 42 with value: 0.29034761347805094.[0m
[32m[I 2023-01-29 19:09:13,308][0m Trial 44 finished with value: 0.29040762956935484 and parameters: {'max_depth': 5, 'learning_rate': 0.02907200839575586, 'colsample_bytree': 0.35685689528154363, 'subsample': 0.74216788390199, 'alpha': 0.5527412839017787, 'lambda': 0.004050405157810642, 'gamma': 0.0012007519804113078, 'min_child_weight': 12.932378220399102}. Best is trial 42 with value: 0.29034761347805094.[0m
[32m[I 2023-01-29 19:09:17,963][0m Trial 45 finished with value: 30.51861743445005 and parameters: {'max_depth': 5, 'learning_rate': 0.03375152709479592, 'colsample_bytree': 0.36038268744800495, 'subsample': 0.7841889554462561, 'alpha': 0.2689670934353351, 'lambda': 0.003373800217365714, 'gamma': 0.002642971840555874, 'min_child_weight': 22.003927617660274}. Best is trial 42 with value: 0.29034761347805094.[0m
[32m[I 2023-01-29 19:09:22,472][0m Trial 46 finished with value: 30.51861743445005 and parameters: {'max_depth': 7, 'learning_rate': 0.023730414595230336, 'colsample_bytree': 0.4393114861054024, 'subsample': 0.7780054696702323, 'alpha': 0.3730740300115936, 'lambda': 0.013916894763026844, 'gamma': 0.02145192043623489, 'min_child_weight': 16.34161352869034}. Best is trial 42 with value: 0.29034761347805094.[0m
[32m[I 2023-01-29 19:09:45,499][0m Trial 47 finished with value: 0.29012686029361184 and parameters: {'max_depth': 5, 'learning_rate': 0.03112249494802202, 'colsample_bytree': 0.599004833617883, 'subsample': 0.739648670573926, 'alpha': 0.5366198201652096, 'lambda': 2.4248095571700106e-05, 'gamma': 0.38637782525353437, 'min_child_weight': 12.036290695763233}. Best is trial 47 with value: 0.29012686029361184.[0m
[32m[I 2023-01-29 19:09:48,094][0m Trial 48 finished with value: 30.51861743445005 and parameters: {'max_depth': 5, 'learning_rate': 0.037024499026604964, 'colsample_bytree': 0.48900961810854376, 'subsample': 0.6945903308052493, 'alpha': 0.48272213608010645, 'lambda': 2.9477870298781852e-05, 'gamma': 0.4357386183849527, 'min_child_weight': 36.489570568431226}. Best is trial 47 with value: 0.29012686029361184.[0m
[32m[I 2023-01-29 19:10:05,571][0m Trial 49 finished with value: 0.28779466892313044 and parameters: {'max_depth': 5, 'learning_rate': 0.028905937006133912, 'colsample_bytree': 0.5975901654259774, 'subsample': 0.7353589244372475, 'alpha': 0.09757160500777746, 'lambda': 0.0007966996483319952, 'gamma': 1.4293980886294142, 'min_child_weight': 12.716252712683346}. Best is trial 49 with value: 0.28779466892313044.[0m
[32m[I 2023-01-29 19:10:08,457][0m Trial 50 finished with value: 30.51861743445005 and parameters: {'max_depth': 6, 'learning_rate': 0.029215545764668244, 'colsample_bytree': 0.5875088366948809, 'subsample': 0.7085476126917661, 'alpha': 0.07949081455171392, 'lambda': 0.17938351424357735, 'gamma': 1.5783521273922407, 'min_child_weight': 26.185502586786637}. Best is trial 49 with value: 0.28779466892313044.[0m
[32m[I 2023-01-29 19:10:29,482][0m Trial 51 finished with value: 0.289077679395751 and parameters: {'max_depth': 5, 'learning_rate': 0.033460394575319026, 'colsample_bytree': 0.5641537384774873, 'subsample': 0.7346129867891779, 'alpha': 0.031864454213776074, 'lambda': 0.0011852142023588582, 'gamma': 1.80042341925204, 'min_child_weight': 12.806316277811003}. Best is trial 49 with value: 0.28779466892313044.[0m
[32m[I 2023-01-29 19:10:53,304][0m Trial 52 finished with value: 0.28628855517979196 and parameters: {'max_depth': 5, 'learning_rate': 0.04184011695254335, 'colsample_bytree': 0.5985656119388517, 'subsample': 0.7323447629380466, 'alpha': 0.038768783054876035, 'lambda': 0.0012579667095759819, 'gamma': 1.8625932778453052, 'min_child_weight': 12.74379420591775}. Best is trial 52 with value: 0.28628855517979196.[0m
[32m[I 2023-01-29 19:11:24,335][0m Trial 53 finished with value: 0.28994034874095903 and parameters: {'max_depth': 6, 'learning_rate': 0.0470347811081674, 'colsample_bytree': 0.5999079889623872, 'subsample': 0.7284227561833971, 'alpha': 0.03393408207089684, 'lambda': 0.0013188261341960158, 'gamma': 3.109186623493632, 'min_child_weight': 13.130943372877196}. Best is trial 52 with value: 0.28628855517979196.[0m
[32m[I 2023-01-29 19:11:27,273][0m Trial 54 finished with value: 30.51861743445005 and parameters: {'max_depth': 6, 'learning_rate': 0.04787504169675812, 'colsample_bytree': 0.5711211996386386, 'subsample': 0.7322880896081141, 'alpha': 0.03634706273124286, 'lambda': 0.0009556267223170706, 'gamma': 1.5678850991414648, 'min_child_weight': 16.94246145100487}. Best is trial 52 with value: 0.28628855517979196.[0m
[32m[I 2023-01-29 19:11:30,326][0m Trial 55 finished with value: 30.51861743445005 and parameters: {'max_depth': 5, 'learning_rate': 0.04340151172649787, 'colsample_bytree': 0.552841467107201, 'subsample': 0.6984922016310502, 'alpha': 0.013949078258129903, 'lambda': 0.012623408971676731, 'gamma': 2.699077019153354, 'min_child_weight': 21.003469968050048}. Best is trial 52 with value: 0.28628855517979196.[0m
[32m[I 2023-01-29 19:11:58,920][0m Trial 56 finished with value: 0.29000935078434387 and parameters: {'max_depth': 12, 'learning_rate': 0.032717405694398405, 'colsample_bytree': 0.5920079121844625, 'subsample': 0.6824860954796089, 'alpha': 0.021432266442549804, 'lambda': 0.0001555653812593089, 'gamma': 0.2794036265523666, 'min_child_weight': 12.905757898525856}. Best is trial 52 with value: 0.28628855517979196.[0m
[32m[I 2023-01-29 19:12:25,381][0m Trial 57 finished with value: 0.29201738104738656 and parameters: {'max_depth': 12, 'learning_rate': 0.0328975043196997, 'colsample_bytree': 0.5998829407081977, 'subsample': 0.676376550094902, 'alpha': 0.02173282686685387, 'lambda': 0.0018634630524244004, 'gamma': 0.3112408884750831, 'min_child_weight': 12.553645040038079}. Best is trial 52 with value: 0.28628855517979196.[0m
[32m[I 2023-01-29 19:12:28,112][0m Trial 58 finished with value: 30.51861743445005 and parameters: {'max_depth': 9, 'learning_rate': 0.038368177808065666, 'colsample_bytree': 0.5424444959313368, 'subsample': 0.6130538220989635, 'alpha': 0.05185166611303807, 'lambda': 0.00014685569810421375, 'gamma': 9.809393367042142, 'min_child_weight': 361.416511889564}. Best is trial 52 with value: 0.28628855517979196.[0m
[32m[I 2023-01-29 19:12:31,736][0m Trial 59 finished with value: 30.51861743445005 and parameters: {'max_depth': 11, 'learning_rate': 0.04386255254295529, 'colsample_bytree': 0.5991984863050047, 'subsample': 0.7244193508012012, 'alpha': 0.034433182471368985, 'lambda': 0.03048584634376463, 'gamma': 0.1541902856916794, 'min_child_weight': 25.814860869838892}. Best is trial 52 with value: 0.28628855517979196.[0m
[32m[I 2023-01-29 19:12:34,914][0m Trial 60 finished with value: 30.51861743445005 and parameters: {'max_depth': 10, 'learning_rate': 0.0341785586367951, 'colsample_bytree': 0.5732566559685145, 'subsample': 0.5810851262401001, 'alpha': 0.010265975173101878, 'lambda': 0.0008153687081915023, 'gamma': 1.4240157724664617, 'min_child_weight': 18.376986538437116}. Best is trial 52 with value: 0.28628855517979196.[0m
[32m[I 2023-01-29 19:13:30,880][0m Trial 61 finished with value: 0.2882892991019979 and parameters: {'max_depth': 6, 'learning_rate': 0.02604203672990492, 'colsample_bytree': 0.5842683303109883, 'subsample': 0.7396389096964995, 'alpha': 0.05178423313979292, 'lambda': 0.0002330495195290524, 'gamma': 2.8386974135268868, 'min_child_weight': 12.333185000339027}. Best is trial 52 with value: 0.28628855517979196.[0m
[32m[I 2023-01-29 19:17:28,432][0m Trial 62 finished with value: 0.28755768326026193 and parameters: {'max_depth': 6, 'learning_rate': 0.025539832594586954, 'colsample_bytree': 0.5833761181384239, 'subsample': 0.690361295106173, 'alpha': 0.04587949908158973, 'lambda': 0.00018921005564844293, 'gamma': 3.4671742843596127, 'min_child_weight': 12.076963952370685}. Best is trial 52 with value: 0.28628855517979196.[0m
[32m[I 2023-01-29 19:18:04,157][0m Trial 63 finished with value: 30.51861743445005 and parameters: {'max_depth': 6, 'learning_rate': 0.02573952205598413, 'colsample_bytree': 0.5626172013717899, 'subsample': 0.6874351100837316, 'alpha': 0.05848820043131147, 'lambda': 0.00021775117222278483, 'gamma': 3.22505640288555, 'min_child_weight': 16.24745333691083}. Best is trial 52 with value: 0.28628855517979196.[0m
[32m[I 2023-01-29 19:18:33,267][0m Trial 64 finished with value: 29.28734051815922 and parameters: {'max_depth': 7, 'learning_rate': 0.02632217615814352, 'colsample_bytree': 0.526169317854016, 'subsample': 0.705436125581444, 'alpha': 0.030064689705533432, 'lambda': 4.443602757516696, 'gamma': 1.0669263917954033, 'min_child_weight': 15.01430279341161}. Best is trial 52 with value: 0.28628855517979196.[0m
[32m[I 2023-01-29 19:26:10,209][0m Trial 65 finished with value: 0.28863189807001616 and parameters: {'max_depth': 6, 'learning_rate': 0.03627672805001617, 'colsample_bytree': 0.5829672280169786, 'subsample': 0.6335847635291593, 'alpha': 0.043783244472399264, 'lambda': 0.0024879431430231327, 'gamma': 0.22711152570313956, 'min_child_weight': 11.680757258504515}. Best is trial 52 with value: 0.28628855517979196.[0m
[32m[I 2023-01-29 19:27:46,088][0m Trial 66 finished with value: 30.51861743445005 and parameters: {'max_depth': 6, 'learning_rate': 0.036486456733955445, 'colsample_bytree': 0.5800880753202647, 'subsample': 0.6364370742252987, 'alpha': 0.04579853141235513, 'lambda': 0.0069266926331841795, 'gamma': 4.338684300891035, 'min_child_weight': 123.6139492556202}. Best is trial 52 with value: 0.28628855517979196.[0m
[32m[I 2023-01-29 19:31:30,790][0m Trial 67 finished with value: 0.39581475150801404 and parameters: {'max_depth': 6, 'learning_rate': 0.04900551309577789, 'colsample_bytree': 0.5559123485628072, 'subsample': 0.523018787457888, 'alpha': 0.09516578617568773, 'lambda': 0.0021791732940490967, 'gamma': 2.410959176757629, 'min_child_weight': 11.519731578128482}. Best is trial 52 with value: 0.28628855517979196.[0m
[32m[I 2023-01-29 19:31:50,947][0m Trial 68 finished with value: 30.51861743445005 and parameters: {'max_depth': 7, 'learning_rate': 0.0407920343002859, 'colsample_bytree': 0.5251270001721493, 'subsample': 0.6547059084235406, 'alpha': 0.120629742167875, 'lambda': 0.0005584483934005464, 'gamma': 6.301691011628207, 'min_child_weight': 20.024912928761236}. Best is trial 52 with value: 0.28628855517979196.[0m
[32m[I 2023-01-29 19:32:01,146][0m Trial 69 finished with value: 30.51861743445005 and parameters: {'max_depth': 6, 'learning_rate': 0.021951771666272015, 'colsample_bytree': 0.5790715257128827, 'subsample': 0.6275237071001434, 'alpha': 0.04505631988369126, 'lambda': 0.0013177916951191665, 'gamma': 0.6946787299394911, 'min_child_weight': 23.53989941926357}. Best is trial 52 with value: 0.28628855517979196.[0m
[32m[I 2023-01-29 19:33:05,067][0m Trial 70 finished with value: 0.28403385755356225 and parameters: {'max_depth': 6, 'learning_rate': 0.04319523235025334, 'colsample_bytree': 0.5649852764792459, 'subsample': 0.7161304655864918, 'alpha': 0.05823931031261695, 'lambda': 7.422030690204333e-05, 'gamma': 0.07529993328895851, 'min_child_weight': 11.748285088789126}. Best is trial 70 with value: 0.28403385755356225.[0m
[32m[I 2023-01-29 19:33:26,153][0m Trial 71 finished with value: 27.87887951960271 and parameters: {'max_depth': 6, 'learning_rate': 0.04472722823121681, 'colsample_bytree': 0.5666022458495155, 'subsample': 0.7183147279726845, 'alpha': 0.0618427952001262, 'lambda': 0.00010229209165306319, 'gamma': 0.06021547310768445, 'min_child_weight': 15.432532266095382}. Best is trial 70 with value: 0.28403385755356225.[0m
[32m[I 2023-01-29 19:35:00,331][0m Trial 72 finished with value: 0.284023807606723 and parameters: {'max_depth': 7, 'learning_rate': 0.03945617037400821, 'colsample_bytree': 0.5441263400859849, 'subsample': 0.7294047491619922, 'alpha': 0.02800132798358703, 'lambda': 0.0024933535566407376, 'gamma': 0.1561495945824985, 'min_child_weight': 11.385119628878535}. Best is trial 72 with value: 0.284023807606723.[0m
[32m[I 2023-01-29 19:36:58,447][0m Trial 73 finished with value: 0.28534902413743246 and parameters: {'max_depth': 7, 'learning_rate': 0.035927213261581124, 'colsample_bytree': 0.5477449968878637, 'subsample': 0.709771990161594, 'alpha': 0.06503302008451621, 'lambda': 0.0029622750457585128, 'gamma': 0.2112496916109373, 'min_child_weight': 11.38573384392805}. Best is trial 72 with value: 0.284023807606723.[0m
[32m[I 2023-01-29 19:38:03,111][0m Trial 74 finished with value: 0.2845286565012619 and parameters: {'max_depth': 8, 'learning_rate': 0.040285297760026845, 'colsample_bytree': 0.5004746270439361, 'subsample': 0.7118167634956506, 'alpha': 0.0657762407959495, 'lambda': 0.007310397889569178, 'gamma': 0.10581235621556676, 'min_child_weight': 11.56354281780493}. Best is trial 72 with value: 0.284023807606723.[0m
[32m[I 2023-01-29 19:38:16,581][0m Trial 75 finished with value: 30.51861743445005 and parameters: {'max_depth': 8, 'learning_rate': 0.040426723662991874, 'colsample_bytree': 0.5048892814735306, 'subsample': 0.6966121561217612, 'alpha': 0.06564827801120274, 'lambda': 0.008347916965656493, 'gamma': 0.07877011002023376, 'min_child_weight': 726.2297323942764}. Best is trial 72 with value: 0.284023807606723.[0m
[32m[I 2023-01-29 19:39:35,551][0m Trial 76 finished with value: 0.2862468141148623 and parameters: {'max_depth': 7, 'learning_rate': 0.026849994177361024, 'colsample_bytree': 0.537909743852286, 'subsample': 0.7055530263521456, 'alpha': 0.11435170155913858, 'lambda': 0.025934639820502592, 'gamma': 0.1601751479976425, 'min_child_weight': 11.371566895413375}. Best is trial 72 with value: 0.284023807606723.[0m
[32m[I 2023-01-29 19:39:50,533][0m Trial 77 finished with value: 28.21732638555443 and parameters: {'max_depth': 8, 'learning_rate': 0.038946770751395195, 'colsample_bytree': 0.5419477247218922, 'subsample': 0.7144482354345767, 'alpha': 0.10827407110608697, 'lambda': 0.020613011753497792, 'gamma': 0.16692091373913365, 'min_child_weight': 15.180626534287468}. Best is trial 72 with value: 0.284023807606723.[0m
[32m[I 2023-01-29 19:40:45,371][0m Trial 78 finished with value: 0.28593373033032465 and parameters: {'max_depth': 8, 'learning_rate': 0.0307907811619308, 'colsample_bytree': 0.4964535658360844, 'subsample': 0.7497623209352108, 'alpha': 0.02472823326825889, 'lambda': 0.06752214938469081, 'gamma': 0.03769522596860345, 'min_child_weight': 10.197943517761678}. Best is trial 72 with value: 0.284023807606723.[0m
[32m[I 2023-01-29 19:41:28,942][0m Trial 79 finished with value: 0.2861373421471971 and parameters: {'max_depth': 8, 'learning_rate': 0.031033037710153755, 'colsample_bytree': 0.48545749989233244, 'subsample': 0.7501139266378296, 'alpha': 0.15651588992144572, 'lambda': 0.08314222244810344, 'gamma': 0.049717184391396954, 'min_child_weight': 10.894402874907938}. Best is trial 72 with value: 0.284023807606723.[0m
[32m[I 2023-01-29 19:41:37,390][0m Trial 80 finished with value: 30.51861743445005 and parameters: {'max_depth': 8, 'learning_rate': 0.04220816792090852, 'colsample_bytree': 0.4866750483473886, 'subsample': 0.7510906693309212, 'alpha': 0.025898601123880927, 'lambda': 0.11493617267388767, 'gamma': 0.04265358878547939, 'min_child_weight': 18.017188480102437}. Best is trial 72 with value: 0.284023807606723.[0m
[32m[I 2023-01-29 19:42:11,132][0m Trial 81 finished with value: 0.28645940591790464 and parameters: {'max_depth': 8, 'learning_rate': 0.02735665448107796, 'colsample_bytree': 0.49812989334628976, 'subsample': 0.7076229818942574, 'alpha': 0.16818569458737387, 'lambda': 0.08318958106705257, 'gamma': 0.010093459297606982, 'min_child_weight': 10.013728707252092}. Best is trial 72 with value: 0.284023807606723.[0m
[32m[I 2023-01-29 19:42:46,530][0m Trial 82 finished with value: 0.2853083651484078 and parameters: {'max_depth': 9, 'learning_rate': 0.03541036949821444, 'colsample_bytree': 0.5002882178730818, 'subsample': 0.7055949300359208, 'alpha': 0.18889370337566483, 'lambda': 0.06976905265803136, 'gamma': 0.006650111458311266, 'min_child_weight': 10.372011115399797}. Best is trial 72 with value: 0.284023807606723.[0m
[32m[I 2023-01-29 19:43:20,091][0m Trial 83 finished with value: 0.28547808223100124 and parameters: {'max_depth': 9, 'learning_rate': 0.03625742794076259, 'colsample_bytree': 0.47021232649233646, 'subsample': 0.7229464022684986, 'alpha': 0.17697933741754254, 'lambda': 0.33852542574023947, 'gamma': 0.01482476463298332, 'min_child_weight': 11.174810681970522}. Best is trial 72 with value: 0.284023807606723.[0m
[32m[I 2023-01-29 19:44:26,892][0m Trial 84 finished with value: 0.2877644339196995 and parameters: {'max_depth': 9, 'learning_rate': 0.03523451405608856, 'colsample_bytree': 0.5094170380233187, 'subsample': 0.6678359619036207, 'alpha': 0.16109658252588488, 'lambda': 0.46740663242111097, 'gamma': 0.014789075136459377, 'min_child_weight': 11.036478109048515}. Best is trial 72 with value: 0.284023807606723.[0m
[32m[I 2023-01-29 19:46:28,728][0m Trial 85 finished with value: 0.28574150458314573 and parameters: {'max_depth': 10, 'learning_rate': 0.037887472708256716, 'colsample_bytree': 0.47093540529729166, 'subsample': 0.7507851980835595, 'alpha': 0.19398429865971847, 'lambda': 0.2439625255355478, 'gamma': 0.006548780349661175, 'min_child_weight': 10.952003072113442}. Best is trial 72 with value: 0.284023807606723.[0m
[32m[I 2023-01-29 20:19:25,118][0m Trial 86 finished with value: 0.29177195174949666 and parameters: {'max_depth': 9, 'learning_rate': 0.038509367814227646, 'colsample_bytree': 0.4684127566390733, 'subsample': 0.7508396396631907, 'alpha': 0.1792380956331153, 'lambda': 0.7456345035613594, 'gamma': 0.004554040723057476, 'min_child_weight': 14.697666278864107}. Best is trial 72 with value: 0.284023807606723.[0m
[32m[I 2023-01-29 20:25:53,524][0m Trial 87 finished with value: 0.28635758002326284 and parameters: {'max_depth': 10, 'learning_rate': 0.03149879892237031, 'colsample_bytree': 0.46383243032358096, 'subsample': 0.7706591930298352, 'alpha': 0.23088858726409134, 'lambda': 0.9857434667083169, 'gamma': 0.006921440674158446, 'min_child_weight': 10.15910734268373}. Best is trial 72 with value: 0.284023807606723.[0m
[32m[I 2023-01-29 20:27:29,179][0m Trial 88 finished with value: 30.51861743445005 and parameters: {'max_depth': 10, 'learning_rate': 0.046061887489082805, 'colsample_bytree': 0.4449568532513848, 'subsample': 0.7880044925451113, 'alpha': 0.1970069058436685, 'lambda': 0.23220381719518432, 'gamma': 0.03896134223626699, 'min_child_weight': 67.03714513222918}. Best is trial 72 with value: 0.284023807606723.[0m
[32m[I 2023-01-29 20:29:05,074][0m Trial 89 finished with value: 30.51861743445005 and parameters: {'max_depth': 8, 'learning_rate': 0.035334205298089165, 'colsample_bytree': 0.474967300562321, 'subsample': 0.407014101990646, 'alpha': 0.1301808224881187, 'lambda': 0.0583018058761555, 'gamma': 0.016749243846777798, 'min_child_weight': 14.236122591367558}. Best is trial 72 with value: 0.284023807606723.[0m
