[32m[I 2023-01-30 12:26:47,187][0m Trial 58 finished with value: 1.2614021802064523 and parameters: {'max_depth': 10, 'learning_rate': 0.04591032944816553, 'colsample_bytree': 0.36733486511819213, 'subsample': 0.42680217030892065, 'alpha': 8.335804374409427, 'lambda': 1.848233921765189e-06, 'gamma': 0.051840280893662695, 'min_child_weight': 15.16959145613102}. Best is trial 32 with value: 1.2215995627799785.[0m
[32m[I 2023-01-30 12:26:55,726][0m Trial 59 finished with value: 1.3295772701633166 and parameters: {'max_depth': 11, 'learning_rate': 0.009143500159818976, 'colsample_bytree': 0.35837255398220513, 'subsample': 0.42960911464506224, 'alpha': 2.493628967878435, 'lambda': 2.989402327683781e-08, 'gamma': 0.0657252937674026, 'min_child_weight': 14.014851388883356}. Best is trial 32 with value: 1.2215995627799785.[0m
[32m[I 2023-01-30 12:26:56,818][0m Trial 60 finished with value: 16.820864554705008 and parameters: {'max_depth': 9, 'learning_rate': 0.04594473900909328, 'colsample_bytree': 0.3251195432551045, 'subsample': 0.48116308702723115, 'alpha': 9.056062228590445, 'lambda': 2.3420723532270254e-07, 'gamma': 0.00987576033293967, 'min_child_weight': 969.9890495911856}. Best is trial 32 with value: 1.2215995627799785.[0m
[32m[I 2023-01-30 12:27:01,401][0m Trial 61 finished with value: 1.3157328318465893 and parameters: {'max_depth': 10, 'learning_rate': 0.04046086309128025, 'colsample_bytree': 0.3001811852609939, 'subsample': 0.41751441175915893, 'alpha': 7.791399210921801, 'lambda': 1.8570667019562436e-06, 'gamma': 0.4547408006588454, 'min_child_weight': 20.532105577578047}. Best is trial 32 with value: 1.2215995627799785.[0m
[32m[I 2023-01-30 12:27:05,766][0m Trial 62 finished with value: 1.2540837829868658 and parameters: {'max_depth': 10, 'learning_rate': 0.0498986782047074, 'colsample_bytree': 0.39415441923391875, 'subsample': 0.4484798241641552, 'alpha': 4.689314417685839, 'lambda': 1.0752600787560664e-06, 'gamma': 1.4318489555851355e-07, 'min_child_weight': 17.478519427061563}. Best is trial 32 with value: 1.2215995627799785.[0m
[32m[I 2023-01-30 12:27:10,146][0m Trial 63 finished with value: 1.2707049708573142 and parameters: {'max_depth': 9, 'learning_rate': 0.04993769747479562, 'colsample_bytree': 0.39471211653699256, 'subsample': 0.46719829860063916, 'alpha': 4.903347666955316, 'lambda': 8.050235465319823e-07, 'gamma': 1.256791450995014e-07, 'min_child_weight': 16.137168307263373}. Best is trial 32 with value: 1.2215995627799785.[0m
[32m[I 2023-01-30 12:27:12,534][0m Trial 64 finished with value: 1.3018884429305402 and parameters: {'max_depth': 9, 'learning_rate': 0.04526749080127115, 'colsample_bytree': 0.4195443307721936, 'subsample': 0.43362597380529017, 'alpha': 3.7503398709605125, 'lambda': 1.1729780527633426e-07, 'gamma': 0.0006685324807990693, 'min_child_weight': 24.39881298601433}. Best is trial 32 with value: 1.2215995627799785.[0m
[32m[I 2023-01-30 12:27:15,527][0m Trial 65 finished with value: 1.2991088310998569 and parameters: {'max_depth': 5, 'learning_rate': 0.028980898805196956, 'colsample_bytree': 0.39864755406015473, 'subsample': 0.48681544684889516, 'alpha': 1.4944181783412538, 'lambda': 4.5187415678908406e-07, 'gamma': 0.003307365564129744, 'min_child_weight': 30.801850342667933}. Best is trial 32 with value: 1.2215995627799785.[0m
[32m[I 2023-01-30 12:27:19,742][0m Trial 66 finished with value: 1.2653064762497452 and parameters: {'max_depth': 10, 'learning_rate': 0.042371801825592366, 'colsample_bytree': 0.368841720766361, 'subsample': 0.4427366855718712, 'alpha': 2.7922094235251733, 'lambda': 2.8656482513122984e-08, 'gamma': 1.862094070722743e-07, 'min_child_weight': 17.275927781112465}. Best is trial 32 with value: 1.2215995627799785.[0m
[32m[I 2023-01-30 12:27:22,903][0m Trial 67 finished with value: 1.3626366309531668 and parameters: {'max_depth': 11, 'learning_rate': 0.03686841392412476, 'colsample_bytree': 0.3696595068860269, 'subsample': 0.41338711798057504, 'alpha': 2.061921230848979, 'lambda': 1.9111669277923656e-08, 'gamma': 1.6719485998901272e-07, 'min_child_weight': 11.515718844344633}. Best is trial 32 with value: 1.2215995627799785.[0m
[32m[I 2023-01-30 12:27:25,757][0m Trial 68 finished with value: 1.3298110137371113 and parameters: {'max_depth': 4, 'learning_rate': 0.04167606420695597, 'colsample_bytree': 0.33245576990720577, 'subsample': 0.44041728080817744, 'alpha': 0.959123019707043, 'lambda': 7.752018074612252e-08, 'gamma': 0.04512980162163018, 'min_child_weight': 15.243011592741038}. Best is trial 32 with value: 1.2215995627799785.[0m
[32m[I 2023-01-30 12:27:30,274][0m Trial 69 finished with value: 1.2672734918962014 and parameters: {'max_depth': 8, 'learning_rate': 0.03440037390671269, 'colsample_bytree': 0.4124687332390804, 'subsample': 0.40015059868698255, 'alpha': 4.70346762333031, 'lambda': 0.0005353465085285851, 'gamma': 2.2488254894801173e-08, 'min_child_weight': 16.9746558123921}. Best is trial 32 with value: 1.2215995627799785.[0m
[32m[I 2023-01-30 12:27:34,252][0m Trial 70 finished with value: 1.3558127629607213 and parameters: {'max_depth': 10, 'learning_rate': 0.01813728839125879, 'colsample_bytree': 0.37549447055381296, 'subsample': 0.4668497334037418, 'alpha': 0.01027099594258038, 'lambda': 5.198998067549176e-08, 'gamma': 7.777026400522355e-08, 'min_child_weight': 13.677411879283795}. Best is trial 32 with value: 1.2215995627799785.[0m
[32m[I 2023-01-30 12:27:36,921][0m Trial 71 finished with value: 1.2943313729808332 and parameters: {'max_depth': 10, 'learning_rate': 0.04756667711888627, 'colsample_bytree': 0.44854450011293684, 'subsample': 0.45401669200550954, 'alpha': 3.432139384645057, 'lambda': 1.6072311085474207e-06, 'gamma': 4.964971501676899e-06, 'min_child_weight': 23.059179772814325}. Best is trial 32 with value: 1.2215995627799785.[0m
[32m[I 2023-01-30 12:27:40,027][0m Trial 72 finished with value: 1.3169452681104141 and parameters: {'max_depth': 11, 'learning_rate': 0.04257789791209935, 'colsample_bytree': 0.38610512192904756, 'subsample': 0.5126175952176585, 'alpha': 3.0277760693165754, 'lambda': 0.004163820265376573, 'gamma': 1.2173458598601416e-06, 'min_child_weight': 18.62898482764026}. Best is trial 32 with value: 1.2215995627799785.[0m
[32m[I 2023-01-30 12:27:41,233][0m Trial 73 finished with value: 16.820864554705008 and parameters: {'max_depth': 10, 'learning_rate': 0.044640440063193364, 'colsample_bytree': 0.35506884743971606, 'subsample': 0.4313546525484885, 'alpha': 2.704042089766918, 'lambda': 8.123122801522232e-06, 'gamma': 5.470573160687236e-07, 'min_child_weight': 329.8827281932223}. Best is trial 32 with value: 1.2215995627799785.[0m
[32m[I 2023-01-30 12:27:44,585][0m Trial 74 finished with value: 1.2761599058528297 and parameters: {'max_depth': 9, 'learning_rate': 0.047868690081594605, 'colsample_bytree': 0.3377468100296365, 'subsample': 0.4953211600451629, 'alpha': 1.688748692892783, 'lambda': 0.0010606515191293232, 'gamma': 1.6453032405452128e-08, 'min_child_weight': 24.004718769497227}. Best is trial 32 with value: 1.2215995627799785.[0m
[32m[I 2023-01-30 12:27:45,698][0m Trial 75 finished with value: 16.820864554705008 and parameters: {'max_depth': 10, 'learning_rate': 0.04123530898651556, 'colsample_bytree': 0.24635190894937284, 'subsample': 0.7253934003668023, 'alpha': 1.2768157648753775, 'lambda': 3.198852066088669e-07, 'gamma': 0.35049863303477624, 'min_child_weight': 422.89261937190906}. Best is trial 32 with value: 1.2215995627799785.[0m
[32m[I 2023-01-30 12:27:50,234][0m Trial 76 finished with value: 1.2659587177685305 and parameters: {'max_depth': 6, 'learning_rate': 0.024858741739805148, 'colsample_bytree': 0.3090266522355236, 'subsample': 0.4725762881786816, 'alpha': 0.5310479999868042, 'lambda': 0.01627134573616838, 'gamma': 0.025872580936504283, 'min_child_weight': 19.5255385396722}. Best is trial 32 with value: 1.2215995627799785.[0m
[32m[I 2023-01-30 12:27:55,628][0m Trial 77 finished with value: 1.296690326218871 and parameters: {'max_depth': 7, 'learning_rate': 0.015856699364831455, 'colsample_bytree': 0.28511604036154503, 'subsample': 0.46980264379570524, 'alpha': 0.5486936931253905, 'lambda': 0.01085182373169177, 'gamma': 0.0167865001811715, 'min_child_weight': 18.31327849417168}. Best is trial 32 with value: 1.2215995627799785.[0m
[32m[I 2023-01-30 12:28:00,184][0m Trial 78 finished with value: 1.3188014007670754 and parameters: {'max_depth': 6, 'learning_rate': 0.025328693397921213, 'colsample_bytree': 0.3056633166837966, 'subsample': 0.4464651245926208, 'alpha': 0.40102900377634415, 'lambda': 0.836966354837214, 'gamma': 0.028469065371085095, 'min_child_weight': 15.117526115799762}. Best is trial 32 with value: 1.2215995627799785.[0m
[32m[I 2023-01-30 12:28:03,732][0m Trial 79 finished with value: 1.3511892976460833 and parameters: {'max_depth': 5, 'learning_rate': 0.0319930460024811, 'colsample_bytree': 0.26759227789115714, 'subsample': 0.47771074124629986, 'alpha': 0.75568506886574, 'lambda': 0.03764088604535921, 'gamma': 0.006761952434653319, 'min_child_weight': 12.064024866787292}. Best is trial 32 with value: 1.2215995627799785.[0m
[32m[I 2023-01-30 12:29:04,699][0m Trial 80 finished with value: 1.3075883438034783 and parameters: {'max_depth': 4, 'learning_rate': 0.021922073873812703, 'colsample_bytree': 0.3236816078559454, 'subsample': 0.42288283093429696, 'alpha': 7.502162424637805, 'lambda': 0.07063062544103972, 'gamma': 0.010743125752152692, 'min_child_weight': 27.351588321999227}. Best is trial 32 with value: 1.2215995627799785.[0m
[32m[I 2023-01-30 12:29:08,919][0m Trial 81 finished with value: 1.2585239099510825 and parameters: {'max_depth': 6, 'learning_rate': 0.037027845543778096, 'colsample_bytree': 0.29418727837824143, 'subsample': 0.46126407563285365, 'alpha': 0.27741785857319873, 'lambda': 1.8940955272114136e-05, 'gamma': 0.0021630735689592184, 'min_child_weight': 20.97465098862649}. Best is trial 32 with value: 1.2215995627799785.[0m
[32m[I 2023-01-30 12:29:15,792][0m Trial 82 finished with value: 1.2629310904603057 and parameters: {'max_depth': 6, 'learning_rate': 0.037126288658202, 'colsample_bytree': 0.2931365199296886, 'subsample': 0.4375767184896469, 'alpha': 0.15686816997336972, 'lambda': 2.2194272517171865e-05, 'gamma': 0.003295908299897441, 'min_child_weight': 20.19877377548797}. Best is trial 32 with value: 1.2215995627799785.[0m
[32m[I 2023-01-30 12:29:20,092][0m Trial 83 finished with value: 1.2987281107218012 and parameters: {'max_depth': 6, 'learning_rate': 0.03713074487741736, 'colsample_bytree': 0.2901243801855029, 'subsample': 0.4418912122719407, 'alpha': 0.11079564033355156, 'lambda': 2.2156138063503155e-05, 'gamma': 0.002167882219630464, 'min_child_weight': 34.90627301237634}. Best is trial 32 with value: 1.2215995627799785.[0m
[32m[I 2023-01-30 12:29:23,240][0m Trial 84 finished with value: 1.3151757092747238 and parameters: {'max_depth': 5, 'learning_rate': 0.03318201230648352, 'colsample_bytree': 0.26056531530391325, 'subsample': 0.4111800097664363, 'alpha': 0.23613304385613706, 'lambda': 6.337869631450282e-05, 'gamma': 0.0006912703355742496, 'min_child_weight': 13.100071380602289}. Best is trial 32 with value: 1.2215995627799785.[0m
[32m[I 2023-01-30 12:29:24,320][0m Trial 85 finished with value: 16.820864554705008 and parameters: {'max_depth': 7, 'learning_rate': 0.03752605568763659, 'colsample_bytree': 0.36081555481989114, 'subsample': 0.4596622115240239, 'alpha': 0.17913715194983368, 'lambda': 0.00012798067476455904, 'gamma': 0.00406037786822963, 'min_child_weight': 256.42301902150507}. Best is trial 32 with value: 1.2215995627799785.[0m
[32m[I 2023-01-30 12:29:27,121][0m Trial 86 finished with value: 1.254267716044352 and parameters: {'max_depth': 5, 'learning_rate': 0.04406030922675902, 'colsample_bytree': 0.3182042468941441, 'subsample': 0.4362045349652636, 'alpha': 0.045096287293679545, 'lambda': 0.00044640494294618914, 'gamma': 0.0023266698301324914, 'min_child_weight': 17.05623047940998}. Best is trial 32 with value: 1.2215995627799785.[0m
[32m[I 2023-01-30 12:29:30,239][0m Trial 87 finished with value: 1.2985474722153267 and parameters: {'max_depth': 5, 'learning_rate': 0.0298188618699144, 'colsample_bytree': 0.2976588234268784, 'subsample': 0.41897465509868625, 'alpha': 0.028848045734708585, 'lambda': 0.0005563824250216313, 'gamma': 0.001544827356053281, 'min_child_weight': 31.422960506076407}. Best is trial 32 with value: 1.2215995627799785.[0m
[32m[I 2023-01-30 12:29:33,077][0m Trial 88 finished with value: 1.263986699562365 and parameters: {'max_depth': 5, 'learning_rate': 0.044232801459539874, 'colsample_bytree': 0.31758965782911613, 'subsample': 0.4339042673839557, 'alpha': 0.020193278382950486, 'lambda': 0.0003159466654376213, 'gamma': 0.00018923873288199884, 'min_child_weight': 20.307950733743105}. Best is trial 32 with value: 1.2215995627799785.[0m
[32m[I 2023-01-30 12:29:34,151][0m Trial 89 finished with value: 16.820864554705008 and parameters: {'max_depth': 6, 'learning_rate': 0.03937987561347101, 'colsample_bytree': 0.2781085738848542, 'subsample': 0.5863346111145687, 'alpha': 0.07032598081874254, 'lambda': 0.0015828969697754976, 'gamma': 0.0005696251550158548, 'min_child_weight': 148.2065413111437}. Best is trial 32 with value: 1.2215995627799785.[0m
[32m[I 2023-01-30 12:29:42,177][0m Trial 90 finished with value: 4.183081624109567 and parameters: {'max_depth': 4, 'learning_rate': 0.027694917907623812, 'colsample_bytree': 0.25789216745016563, 'subsample': 0.4909838163758828, 'alpha': 0.04590515848748487, 'lambda': 1.8506444119774494e-05, 'gamma': 0.000998373753520304, 'min_child_weight': 47.76553998291087}. Best is trial 32 with value: 1.2215995627799785.[0m
[32m[I 2023-01-30 12:29:45,141][0m Trial 91 finished with value: 1.264503662576385 and parameters: {'max_depth': 5, 'learning_rate': 0.04410708330581297, 'colsample_bytree': 0.3121465084394854, 'subsample': 0.4358887291769431, 'alpha': 0.0340233874484987, 'lambda': 0.00031078028471741786, 'gamma': 0.00020095370681370901, 'min_child_weight': 20.894667034737985}. Best is trial 32 with value: 1.2215995627799785.[0m
[32m[I 2023-01-30 12:29:47,887][0m Trial 92 finished with value: 1.3106405437519144 and parameters: {'max_depth': 5, 'learning_rate': 0.04616056411461255, 'colsample_bytree': 0.32016012178650416, 'subsample': 0.4617521384268907, 'alpha': 0.018994149823442073, 'lambda': 5.145608472348582e-05, 'gamma': 4.701104390963492, 'min_child_weight': 14.798065643862042}. Best is trial 32 with value: 1.2215995627799785.[0m
[32m[I 2023-01-30 12:29:50,318][0m Trial 93 finished with value: 1.2950851961061307 and parameters: {'max_depth': 6, 'learning_rate': 0.040991168805360086, 'colsample_bytree': 0.33403546130973627, 'subsample': 0.42576389939520676, 'alpha': 0.2882269930144064, 'lambda': 0.00044204683382111033, 'gamma': 0.009012988508714086, 'min_child_weight': 24.956583008425177}. Best is trial 32 with value: 1.2215995627799785.[0m
[32m[I 2023-01-30 12:29:53,635][0m Trial 94 finished with value: 1.3567700124351698 and parameters: {'max_depth': 4, 'learning_rate': 0.03579757245889878, 'colsample_bytree': 0.4268420659621903, 'subsample': 0.6274935302863657, 'alpha': 0.04791312515455763, 'lambda': 0.00018867103951443034, 'gamma': 0.00204989554093726, 'min_child_weight': 17.254275949168473}. Best is trial 32 with value: 1.2215995627799785.[0m
[32m[I 2023-01-30 12:29:56,774][0m Trial 95 finished with value: 1.2270720588093778 and parameters: {'max_depth': 6, 'learning_rate': 0.04799932933067298, 'colsample_bytree': 0.3474460025849207, 'subsample': 0.4495605301631841, 'alpha': 0.01905887481654696, 'lambda': 8.715035422776029e-05, 'gamma': 0.00021967159160359012, 'min_child_weight': 19.788007203893248}. Best is trial 32 with value: 1.2215995627799785.[0m
[32m[I 2023-01-30 12:30:00,230][0m Trial 96 finished with value: 1.3088119435714107 and parameters: {'max_depth': 6, 'learning_rate': 0.048440031051578236, 'colsample_bytree': 0.3517033350845978, 'subsample': 0.44871878289593947, 'alpha': 0.12424852810926182, 'lambda': 9.719315565656609e-05, 'gamma': 0.004606141211946893, 'min_child_weight': 38.69578018050936}. Best is trial 32 with value: 1.2215995627799785.[0m
[32m[I 2023-01-30 12:30:04,253][0m Trial 97 finished with value: 1.4439080044936925 and parameters: {'max_depth': 7, 'learning_rate': 0.040403622235372534, 'colsample_bytree': 0.3432193177418556, 'subsample': 0.6671311252314311, 'alpha': 0.17357193179892727, 'lambda': 9.272748143575284e-06, 'gamma': 0.013994661139721008, 'min_child_weight': 10.821551769805952}. Best is trial 32 with value: 1.2215995627799785.[0m
[32m[I 2023-01-30 12:30:13,178][0m Trial 98 finished with value: 1.3004995088789404 and parameters: {'max_depth': 6, 'learning_rate': 0.005587152265459252, 'colsample_bytree': 0.4043893459537983, 'subsample': 0.40716552088633495, 'alpha': 0.3442322512206901, 'lambda': 3.658728763637405e-05, 'gamma': 0.0028185089146786618, 'min_child_weight': 23.24800734818172}. Best is trial 32 with value: 1.2215995627799785.[0m
[32m[I 2023-01-30 12:30:15,114][0m Trial 99 finished with value: 1.290131833024806 and parameters: {'max_depth': 7, 'learning_rate': 0.04774285894482679, 'colsample_bytree': 0.3793735008528233, 'subsample': 0.4794390443077901, 'alpha': 0.012683706352434137, 'lambda': 0.0010823841509476871, 'gamma': 2.428782593360026, 'min_child_weight': 28.708231968352845}. Best is trial 32 with value: 1.2215995627799785.[0m
2023-01-30 12:30:15.115 | ERROR    | __main__:<module>:78 - need to call fit or load_model beforehand
Traceback (most recent call last):

> File "/Users/kevinmaikjablonka/git/kjappelbaum/gptchem/experiments/04_regression/henry/run_experiments.py", line 76, in <module>
    run_experiment(train_size, target, i + 22332642)
    │              │           │       └ 1
    │              │           └ ('logKH_CO2', 'CO2 Henry coefficient')
    │              └ 100
    └ <function run_experiment at 0x1033cb0d0>

  File "/Users/kevinmaikjablonka/git/kjappelbaum/gptchem/experiments/04_regression/henry/run_experiments.py", line 43, in run_experiment
    baseline_res = train_test_henry_regression_baseline(
                   └ <function train_test_henry_regression_baseline at 0x2ac8791f0>

  File "/Users/kevinmaikjablonka/git/kjappelbaum/gptchem/src/gptchem/baselines/henry.py", line 406, in train_test_henry_regression_baseline
    predictions = baseline.predict(X_test.values)
                  │        │       │      └ <property object at 0x29df00450>
                  │        │       └            Di       Df  ...  sum-D_mc_CRY-S-2-all  sum-D_mc_CRY-S-3-all
                  │        │         4746  5.86305  5.34538  ...                 23.52    ...
                  │        └ <function XGBRegressionBaseline.predict at 0x2ad662790>
                  └ <gptchem.models.xgboost.XGBRegressionBaseline object at 0x2afa77790>

  File "/Users/kevinmaikjablonka/git/kjappelbaum/gptchem/src/gptchem/models/xgboost.py", line 208, in predict
    return self.model.predict(X_values)
           │    │     │       └ array([[  5.86305,   5.34538,   5.70782, ...,  25.44   ,  23.52   ,
           │    │     │                  74.4    ],
           │    │     │                [  6.55769,   3.80885,   6.521...
           │    │     └ <function XGBModel.predict at 0x2ad63e820>
           │    └ XGBRegressor(alpha=2.7010459381491647, base_score=None, booster=None,
           │                   callbacks=None, colsample_bylevel=None, co...
           └ <gptchem.models.xgboost.XGBRegressionBaseline object at 0x2afa77790>

  File "/Users/kevinmaikjablonka/miniconda3/envs/gptchem/lib/python3.9/site-packages/xgboost/sklearn.py", line 1109, in predict
    self.get_booster(), ntree_limit, iteration_range
    │    │              │            └ None
    │    │              └ None
    │    └ <function XGBModel.get_booster at 0x2ad63af70>
    └ XGBRegressor(alpha=2.7010459381491647, base_score=None, booster=None,
                   callbacks=None, colsample_bylevel=None, co...
  File "/Users/kevinmaikjablonka/miniconda3/envs/gptchem/lib/python3.9/site-packages/xgboost/sklearn.py", line 649, in get_booster
    raise NotFittedError("need to call fit or load_model beforehand")
          └ <class 'sklearn.exceptions.NotFittedError'>

sklearn.exceptions.NotFittedError: need to call fit or load_model beforehand
[32m[I 2023-01-30 12:30:15,319][0m A new study created in memory with name: no-name-c0cae391-842d-4a9b-8b2e-259d86f76e8a[0m
[32m[I 2023-01-30 12:30:16,531][0m Trial 0 finished with value: 29.274961132263776 and parameters: {'max_depth': 6, 'learning_rate': 0.005210791962875845, 'colsample_bytree': 0.3394136619287924, 'subsample': 0.6574222784102022, 'alpha': 0.02648277082222497, 'lambda': 1.4144875055738103e-05, 'gamma': 0.04500641923688874, 'min_child_weight': 260.3962433950421}. Best is trial 0 with value: 29.274961132263776.[0m
[32m[I 2023-01-30 12:30:17,603][0m Trial 1 finished with value: 29.274961132263776 and parameters: {'max_depth': 6, 'learning_rate': 0.021979238983249345, 'colsample_bytree': 0.23423485468909863, 'subsample': 0.4465474806143693, 'alpha': 0.015192846689395734, 'lambda': 1.053937511823679e-07, 'gamma': 0.0033136326180250014, 'min_child_weight': 644.7293908986641}. Best is trial 0 with value: 29.274961132263776.[0m
[32m[I 2023-01-30 12:30:26,217][0m Trial 2 finished with value: 0.18000455436673538 and parameters: {'max_depth': 9, 'learning_rate': 0.04472431548571135, 'colsample_bytree': 0.2882911980960603, 'subsample': 0.4361977233811782, 'alpha': 0.8026076381845835, 'lambda': 0.009308933954768672, 'gamma': 3.256363358939344e-07, 'min_child_weight': 18.821383776104874}. Best is trial 2 with value: 0.18000455436673538.[0m
