[32m[I 2023-01-30 12:18:22,774][0m Trial 61 finished with value: 0.275507387005407 and parameters: {'max_depth': 9, 'learning_rate': 0.040206869085489656, 'colsample_bytree': 0.298549707577966, 'subsample': 0.6292301257368967, 'alpha': 0.43482921317312134, 'lambda': 9.88636917953902, 'gamma': 1.3112456648692445e-08, 'min_child_weight': 15.09870865989404}. Best is trial 41 with value: 0.25792972622673316.[0m
[32m[I 2023-01-30 12:18:29,623][0m Trial 62 finished with value: 0.2543831172185099 and parameters: {'max_depth': 9, 'learning_rate': 0.04492800796357701, 'colsample_bytree': 0.31170729339562825, 'subsample': 0.5398189093790249, 'alpha': 0.09322312302019385, 'lambda': 1.91084680993552, 'gamma': 2.712652544242533e-08, 'min_child_weight': 10.107502555397883}. Best is trial 62 with value: 0.2543831172185099.[0m
[32m[I 2023-01-30 12:18:34,676][0m Trial 63 finished with value: 0.2608227808736369 and parameters: {'max_depth': 8, 'learning_rate': 0.04537769676219809, 'colsample_bytree': 0.2870471652554327, 'subsample': 0.5571529194579401, 'alpha': 0.08616030485747016, 'lambda': 1.9811617719365109, 'gamma': 2.5674497763776016e-08, 'min_child_weight': 12.137737923465872}. Best is trial 62 with value: 0.2543831172185099.[0m
[32m[I 2023-01-30 12:18:39,969][0m Trial 64 finished with value: 0.2589097174884497 and parameters: {'max_depth': 8, 'learning_rate': 0.04585890331995038, 'colsample_bytree': 0.26012437518534565, 'subsample': 0.5669290824813542, 'alpha': 0.0703171776865465, 'lambda': 0.25564284243239904, 'gamma': 1.8576981661400073e-07, 'min_child_weight': 11.603331452062077}. Best is trial 62 with value: 0.2543831172185099.[0m
[32m[I 2023-01-30 12:18:46,581][0m Trial 65 finished with value: 0.25125410871378745 and parameters: {'max_depth': 8, 'learning_rate': 0.0460196378638534, 'colsample_bytree': 0.25140764512628067, 'subsample': 0.5623720420257173, 'alpha': 0.07909083118089923, 'lambda': 0.27188677364975117, 'gamma': 2.8111246904639213e-08, 'min_child_weight': 10.06608977485719}. Best is trial 65 with value: 0.25125410871378745.[0m
[32m[I 2023-01-30 12:18:53,591][0m Trial 66 finished with value: 0.24859595774572463 and parameters: {'max_depth': 9, 'learning_rate': 0.04661768564507189, 'colsample_bytree': 0.25199248948630615, 'subsample': 0.5799520672922955, 'alpha': 0.046684353057020934, 'lambda': 0.14825602770916932, 'gamma': 2.1349255460311172e-07, 'min_child_weight': 10.829315215969096}. Best is trial 66 with value: 0.24859595774572463.[0m
[32m[I 2023-01-30 12:19:00,555][0m Trial 67 finished with value: 0.24535988976972295 and parameters: {'max_depth': 10, 'learning_rate': 0.046768707323491365, 'colsample_bytree': 0.2594850595390105, 'subsample': 0.582222868112741, 'alpha': 0.030938403135333022, 'lambda': 0.15273231867232823, 'gamma': 4.123842895385448e-08, 'min_child_weight': 10.093880476415995}. Best is trial 67 with value: 0.24535988976972295.[0m
[32m[I 2023-01-30 12:19:05,789][0m Trial 68 finished with value: 0.24282580938498252 and parameters: {'max_depth': 10, 'learning_rate': 0.04679856160318947, 'colsample_bytree': 0.22292263122708103, 'subsample': 0.6223661599452327, 'alpha': 0.029514740770500814, 'lambda': 0.16352610906620837, 'gamma': 5.072248370356225e-08, 'min_child_weight': 10.225104125838966}. Best is trial 68 with value: 0.24282580938498252.[0m
[32m[I 2023-01-30 12:19:16,336][0m Trial 69 finished with value: 0.24707018446780352 and parameters: {'max_depth': 10, 'learning_rate': 0.04755893945497467, 'colsample_bytree': 0.2208804562415004, 'subsample': 0.6175901088305604, 'alpha': 0.03829652038133673, 'lambda': 0.036253572206770335, 'gamma': 8.385108952020405e-07, 'min_child_weight': 10.045571158891642}. Best is trial 68 with value: 0.24282580938498252.[0m
[32m[I 2023-01-30 12:19:22,380][0m Trial 70 finished with value: 0.24063893267299835 and parameters: {'max_depth': 10, 'learning_rate': 0.0486268655419857, 'colsample_bytree': 0.22717385046118005, 'subsample': 0.6165541583067937, 'alpha': 0.01027099594258038, 'lambda': 0.04395564710690002, 'gamma': 7.741497475254739e-07, 'min_child_weight': 10.34999701046312}. Best is trial 70 with value: 0.24063893267299835.[0m
[32m[I 2023-01-30 12:19:29,075][0m Trial 71 finished with value: 0.2433277275192942 and parameters: {'max_depth': 10, 'learning_rate': 0.04718397737199267, 'colsample_bytree': 0.22812969462647814, 'subsample': 0.6123694683695441, 'alpha': 0.010707218979099535, 'lambda': 0.03530537676351751, 'gamma': 1.1236494193521467e-06, 'min_child_weight': 10.956291047779706}. Best is trial 70 with value: 0.24063893267299835.[0m
[32m[I 2023-01-30 12:19:35,373][0m Trial 72 finished with value: 0.24464566305924312 and parameters: {'max_depth': 10, 'learning_rate': 0.04963534984817504, 'colsample_bytree': 0.22272787432017846, 'subsample': 0.6180640776319438, 'alpha': 0.0110674139359169, 'lambda': 0.0213927211427747, 'gamma': 8.622076195475369e-07, 'min_child_weight': 10.39541923595872}. Best is trial 70 with value: 0.24063893267299835.[0m
[32m[I 2023-01-30 12:19:40,311][0m Trial 73 finished with value: 0.23723095788644163 and parameters: {'max_depth': 10, 'learning_rate': 0.04957788871275289, 'colsample_bytree': 0.22415940010862476, 'subsample': 0.6143162151441939, 'alpha': 0.010491726100375885, 'lambda': 0.017657358493696953, 'gamma': 7.744513370736603e-07, 'min_child_weight': 10.149240641385427}. Best is trial 73 with value: 0.23723095788644163.[0m
[32m[I 2023-01-30 12:19:45,854][0m Trial 74 finished with value: 0.23964283082035137 and parameters: {'max_depth': 10, 'learning_rate': 0.049148347720310855, 'colsample_bytree': 0.22601631064785677, 'subsample': 0.6187675324573844, 'alpha': 0.010140851075818188, 'lambda': 0.01582381462817385, 'gamma': 1.4370549424900433e-06, 'min_child_weight': 10.85393295430463}. Best is trial 73 with value: 0.23723095788644163.[0m
[32m[I 2023-01-30 12:19:51,410][0m Trial 75 finished with value: 0.23756804127661685 and parameters: {'max_depth': 10, 'learning_rate': 0.04908816179906708, 'colsample_bytree': 0.22253544561978653, 'subsample': 0.6133072070540639, 'alpha': 0.013106782684873267, 'lambda': 0.017778169222889814, 'gamma': 1.3663599592946595e-06, 'min_child_weight': 10.07443862085898}. Best is trial 73 with value: 0.23723095788644163.[0m
[32m[I 2023-01-30 12:19:54,703][0m Trial 76 finished with value: 0.2697273516255524 and parameters: {'max_depth': 11, 'learning_rate': 0.049427720659529516, 'colsample_bytree': 0.22625444483550858, 'subsample': 0.6554388649009981, 'alpha': 0.010339039949425451, 'lambda': 0.0015818276642260056, 'gamma': 2.588565462138818e-06, 'min_child_weight': 17.48967685683098}. Best is trial 73 with value: 0.23723095788644163.[0m
[32m[I 2023-01-30 12:20:01,072][0m Trial 77 finished with value: 0.24172889016805277 and parameters: {'max_depth': 10, 'learning_rate': 0.04052898476293796, 'colsample_bytree': 0.20959091272015912, 'subsample': 0.6527206237068214, 'alpha': 0.01988316768847457, 'lambda': 0.014838803612664932, 'gamma': 6.9236998584546945e-06, 'min_child_weight': 11.316797866900933}. Best is trial 73 with value: 0.23723095788644163.[0m
[32m[I 2023-01-30 12:20:05,274][0m Trial 78 finished with value: 0.2635887586759689 and parameters: {'max_depth': 10, 'learning_rate': 0.03915091984860675, 'colsample_bytree': 0.21076480696883707, 'subsample': 0.6539412837459354, 'alpha': 0.020608318751294066, 'lambda': 0.011632992635118663, 'gamma': 5.089016177378699e-06, 'min_child_weight': 15.692263392450984}. Best is trial 73 with value: 0.23723095788644163.[0m
[32m[I 2023-01-30 12:20:06,219][0m Trial 79 finished with value: 29.205914102041312 and parameters: {'max_depth': 11, 'learning_rate': 0.007464708930464552, 'colsample_bytree': 0.2340524932687757, 'subsample': 0.6114399801867404, 'alpha': 0.010003991349835983, 'lambda': 0.005190360299997662, 'gamma': 1.613981605919551e-05, 'min_child_weight': 408.1802998317569}. Best is trial 73 with value: 0.23723095788644163.[0m
[32m[I 2023-01-30 12:20:11,136][0m Trial 80 finished with value: 0.24708048032557706 and parameters: {'max_depth': 10, 'learning_rate': 0.04972878716463586, 'colsample_bytree': 0.2106340933894249, 'subsample': 0.6382267010926659, 'alpha': 0.013449792226868339, 'lambda': 0.016423090337376423, 'gamma': 1.172920004361818e-06, 'min_child_weight': 11.454912435663468}. Best is trial 73 with value: 0.23723095788644163.[0m
[32m[I 2023-01-30 12:20:17,315][0m Trial 81 finished with value: 0.23577066694999002 and parameters: {'max_depth': 10, 'learning_rate': 0.04061789524867144, 'colsample_bytree': 0.20076694995617791, 'subsample': 0.6710990428806883, 'alpha': 0.016691418471883077, 'lambda': 0.003243292695356352, 'gamma': 1.7443975305975757e-06, 'min_child_weight': 11.171437323488375}. Best is trial 81 with value: 0.23577066694999002.[0m
[32m[I 2023-01-30 12:20:18,339][0m Trial 82 finished with value: 29.205914102041312 and parameters: {'max_depth': 10, 'learning_rate': 0.040862426626928725, 'colsample_bytree': 0.23119304242241062, 'subsample': 0.6909369318721986, 'alpha': 0.01765319600975882, 'lambda': 0.0029773697177166124, 'gamma': 1.644578120509272e-06, 'min_child_weight': 113.16171539921908}. Best is trial 81 with value: 0.23577066694999002.[0m
[32m[I 2023-01-30 12:20:23,627][0m Trial 83 finished with value: 0.2502014342596473 and parameters: {'max_depth': 11, 'learning_rate': 0.03819970786003976, 'colsample_bytree': 0.2076217175199741, 'subsample': 0.6709645446710941, 'alpha': 0.023726452210549778, 'lambda': 0.00034976207399150215, 'gamma': 5.47790586406058e-07, 'min_child_weight': 12.894710372855686}. Best is trial 81 with value: 0.23577066694999002.[0m
[32m[I 2023-01-30 12:20:28,083][0m Trial 84 finished with value: 0.26354287784334046 and parameters: {'max_depth': 12, 'learning_rate': 0.04134041244055542, 'colsample_bytree': 0.22147610983812144, 'subsample': 0.647055069809488, 'alpha': 0.013106700437149253, 'lambda': 0.017957921286279144, 'gamma': 1.1814308370836916e-05, 'min_child_weight': 14.869401286851724}. Best is trial 81 with value: 0.23577066694999002.[0m
[32m[I 2023-01-30 12:20:33,431][0m Trial 85 finished with value: 0.24542176105162147 and parameters: {'max_depth': 10, 'learning_rate': 0.049514235559781475, 'colsample_bytree': 0.2010224600734326, 'subsample': 0.62139243138727, 'alpha': 0.015327327457643033, 'lambda': 0.0024634530274786157, 'gamma': 4.832482332330185e-06, 'min_child_weight': 11.111787462495096}. Best is trial 81 with value: 0.23577066694999002.[0m
[32m[I 2023-01-30 12:20:38,095][0m Trial 86 finished with value: 0.262341596356361 and parameters: {'max_depth': 11, 'learning_rate': 0.04138008940537737, 'colsample_bytree': 0.24209138337161532, 'subsample': 0.5981482269040802, 'alpha': 0.012268618424233185, 'lambda': 0.047408022711777895, 'gamma': 1.91721671482027e-06, 'min_child_weight': 13.010371829093136}. Best is trial 81 with value: 0.23577066694999002.[0m
[32m[I 2023-01-30 12:20:42,342][0m Trial 87 finished with value: 0.26913163385555194 and parameters: {'max_depth': 10, 'learning_rate': 0.03826383127374459, 'colsample_bytree': 0.21670629974543676, 'subsample': 0.6728958862922746, 'alpha': 0.016489132260557576, 'lambda': 0.00792472036731954, 'gamma': 7.188119291281459e-07, 'min_child_weight': 20.19346034717484}. Best is trial 81 with value: 0.23577066694999002.[0m
[32m[I 2023-01-30 12:20:47,296][0m Trial 88 finished with value: 0.2579716051123618 and parameters: {'max_depth': 10, 'learning_rate': 0.04690429813146476, 'colsample_bytree': 0.23360337989173716, 'subsample': 0.6419305676439541, 'alpha': 0.026489123709461892, 'lambda': 0.0006198763912571219, 'gamma': 1.7568951573078294e-05, 'min_child_weight': 14.38053501440774}. Best is trial 81 with value: 0.23577066694999002.[0m
[32m[I 2023-01-30 12:20:51,450][0m Trial 89 finished with value: 0.27268898681123255 and parameters: {'max_depth': 12, 'learning_rate': 0.044579071124256985, 'colsample_bytree': 0.5665595942161238, 'subsample': 0.6067084827295713, 'alpha': 0.011475505005760939, 'lambda': 0.021047611738011226, 'gamma': 4.2118263579777845e-07, 'min_child_weight': 16.29018682576578}. Best is trial 81 with value: 0.23577066694999002.[0m
[32m[I 2023-01-30 12:20:57,727][0m Trial 90 finished with value: 0.24933184617178697 and parameters: {'max_depth': 10, 'learning_rate': 0.03682785463435363, 'colsample_bytree': 0.2428368241983657, 'subsample': 0.6273444627118753, 'alpha': 0.014368285852610503, 'lambda': 0.0826039984982786, 'gamma': 1.2908940627096144e-06, 'min_child_weight': 11.27277164755308}. Best is trial 81 with value: 0.23577066694999002.[0m
[32m[I 2023-01-30 12:21:02,873][0m Trial 91 finished with value: 0.2436627843089288 and parameters: {'max_depth': 11, 'learning_rate': 0.04783605710447154, 'colsample_bytree': 0.26551068105362685, 'subsample': 0.5852506332097345, 'alpha': 0.028134714275381615, 'lambda': 0.05328722933869433, 'gamma': 3.567933137429843e-07, 'min_child_weight': 10.91494338594232}. Best is trial 81 with value: 0.23577066694999002.[0m
[32m[I 2023-01-30 12:21:07,441][0m Trial 92 finished with value: 0.25705551735227977 and parameters: {'max_depth': 11, 'learning_rate': 0.04996455877117343, 'colsample_bytree': 0.20070572949219753, 'subsample': 0.5927257421778281, 'alpha': 0.021521106905492953, 'lambda': 0.03810713946083313, 'gamma': 3.279418372080793e-07, 'min_child_weight': 12.648749485584577}. Best is trial 81 with value: 0.23577066694999002.[0m
[32m[I 2023-01-30 12:21:13,181][0m Trial 93 finished with value: 0.24351327992858368 and parameters: {'max_depth': 10, 'learning_rate': 0.04178260769110396, 'colsample_bytree': 0.22426758549054837, 'subsample': 0.6144450134916611, 'alpha': 0.027811249981925926, 'lambda': 0.0074190655484323185, 'gamma': 2.3384466546285306e-06, 'min_child_weight': 11.154962794902245}. Best is trial 81 with value: 0.23577066694999002.[0m
[32m[I 2023-01-30 12:21:14,203][0m Trial 94 finished with value: 29.205914102041312 and parameters: {'max_depth': 9, 'learning_rate': 0.04126929125282268, 'colsample_bytree': 0.2671584571871303, 'subsample': 0.6660701114036888, 'alpha': 0.031107377610851656, 'lambda': 0.007522366886571367, 'gamma': 2.307592051360767e-06, 'min_child_weight': 232.31059366443014}. Best is trial 81 with value: 0.23577066694999002.[0m
[32m[I 2023-01-30 12:21:18,984][0m Trial 95 finished with value: 0.2521431319666778 and parameters: {'max_depth': 11, 'learning_rate': 0.04250941924737197, 'colsample_bytree': 0.22794634214014733, 'subsample': 0.7065062413034496, 'alpha': 0.02486833931338098, 'lambda': 0.06640907810552148, 'gamma': 6.337194985841872e-06, 'min_child_weight': 13.995877311666097}. Best is trial 81 with value: 0.23577066694999002.[0m
[32m[I 2023-01-30 12:21:26,172][0m Trial 96 finished with value: 0.2700679093987911 and parameters: {'max_depth': 10, 'learning_rate': 0.01584795089815495, 'colsample_bytree': 0.2133822791178188, 'subsample': 0.6104582410277711, 'alpha': 0.018366017886258246, 'lambda': 0.0036956693460143916, 'gamma': 2.836836167493762e-05, 'min_child_weight': 18.409311132001054}. Best is trial 81 with value: 0.23577066694999002.[0m
[32m[I 2023-01-30 12:21:31,532][0m Trial 97 finished with value: 0.25103794672108903 and parameters: {'max_depth': 11, 'learning_rate': 0.03875363179033391, 'colsample_bytree': 0.2390378776509326, 'subsample': 0.5982198804871744, 'alpha': 0.015356594874754204, 'lambda': 0.013081842149773428, 'gamma': 3.6282956324250093e-06, 'min_child_weight': 12.233892157360856}. Best is trial 81 with value: 0.23577066694999002.[0m
[32m[I 2023-01-30 12:21:37,301][0m Trial 98 finished with value: 0.23976161456841175 and parameters: {'max_depth': 10, 'learning_rate': 0.03534031002271503, 'colsample_bytree': 0.2511053611788346, 'subsample': 0.6470687921766467, 'alpha': 0.029246720600553833, 'lambda': 0.0016907217755289593, 'gamma': 6.113904942503656e-07, 'min_child_weight': 11.173289120822433}. Best is trial 81 with value: 0.23577066694999002.[0m
[32m[I 2023-01-30 12:21:41,021][0m Trial 99 finished with value: 0.27256725358190076 and parameters: {'max_depth': 10, 'learning_rate': 0.036446982892161583, 'colsample_bytree': 0.24927615387305288, 'subsample': 0.6456760096404827, 'alpha': 0.03682937322709582, 'lambda': 9.30852730521471e-05, 'gamma': 7.656127000955467e-06, 'min_child_weight': 16.0358723373587}. Best is trial 81 with value: 0.23577066694999002.[0m
2023-01-30 12:21:41.022 | ERROR    | __main__:<module>:78 - need to call fit or load_model beforehand
Traceback (most recent call last):

> File "/Users/kevinmaikjablonka/git/kjappelbaum/gptchem/experiments/04_regression/henry/run_experiments.py", line 76, in <module>
    run_experiment(train_size, target, i + 22332642)
    │              │           │       └ 1
    │              │           └ ('logKH_CH4', 'CH4 Henry coefficient')
    │              └ 100
    └ <function run_experiment at 0x1033cb0d0>

  File "/Users/kevinmaikjablonka/git/kjappelbaum/gptchem/experiments/04_regression/henry/run_experiments.py", line 43, in run_experiment
    baseline_res = train_test_henry_regression_baseline(
                   └ <function train_test_henry_regression_baseline at 0x2ac8791f0>

  File "/Users/kevinmaikjablonka/git/kjappelbaum/gptchem/src/gptchem/baselines/henry.py", line 406, in train_test_henry_regression_baseline
    predictions = baseline.predict(X_test.values)
                  │        │       │      └ <property object at 0x29df00450>
                  │        │       └             Di        Df  ...  sum-D_mc_CRY-S-2-all  sum-D_mc_CRY-S-3-all
                  │        │         4611   4.14048   3.02919  ...                  9.76...
                  │        └ <function XGBRegressionBaseline.predict at 0x2ad662790>
                  └ <gptchem.models.xgboost.XGBRegressionBaseline object at 0x2afa85e80>

  File "/Users/kevinmaikjablonka/git/kjappelbaum/gptchem/src/gptchem/models/xgboost.py", line 208, in predict
    return self.model.predict(X_values)
           │    │     │       └ array([[  4.14048,   3.02919,   4.14048, ...,   5.04   ,   9.76   ,
           │    │     │                  26.24   ],
           │    │     │                [  4.19154,   2.64482,   4.161...
           │    │     └ <function XGBModel.predict at 0x2ad63e820>
           │    └ XGBRegressor(alpha=0.016691418471883077, base_score=None, booster=None,
           │                   callbacks=None, colsample_bylevel=None, ...
           └ <gptchem.models.xgboost.XGBRegressionBaseline object at 0x2afa85e80>

  File "/Users/kevinmaikjablonka/miniconda3/envs/gptchem/lib/python3.9/site-packages/xgboost/sklearn.py", line 1109, in predict
    self.get_booster(), ntree_limit, iteration_range
    │    │              │            └ None
    │    │              └ None
    │    └ <function XGBModel.get_booster at 0x2ad63af70>
    └ XGBRegressor(alpha=0.016691418471883077, base_score=None, booster=None,
                   callbacks=None, colsample_bylevel=None, ...
  File "/Users/kevinmaikjablonka/miniconda3/envs/gptchem/lib/python3.9/site-packages/xgboost/sklearn.py", line 649, in get_booster
    raise NotFittedError("need to call fit or load_model beforehand")
          └ <class 'sklearn.exceptions.NotFittedError'>

sklearn.exceptions.NotFittedError: need to call fit or load_model beforehand
[32m[I 2023-01-30 12:21:41,231][0m A new study created in memory with name: no-name-f0428314-489a-47f5-ab26-b1fd439e667f[0m
[32m[I 2023-01-30 12:21:42,198][0m Trial 0 finished with value: 16.820864554705008 and parameters: {'max_depth': 6, 'learning_rate': 0.005210791962875845, 'colsample_bytree': 0.3394136619287924, 'subsample': 0.6574222784102022, 'alpha': 0.02648277082222497, 'lambda': 1.4144875055738103e-05, 'gamma': 0.04500641923688874, 'min_child_weight': 260.3962433950421}. Best is trial 0 with value: 16.820864554705008.[0m
[32m[I 2023-01-30 12:21:43,188][0m Trial 1 finished with value: 16.820864554705008 and parameters: {'max_depth': 6, 'learning_rate': 0.021979238983249345, 'colsample_bytree': 0.23423485468909863, 'subsample': 0.4465474806143693, 'alpha': 0.015192846689395734, 'lambda': 1.053937511823679e-07, 'gamma': 0.0033136326180250014, 'min_child_weight': 644.7293908986641}. Best is trial 0 with value: 16.820864554705008.[0m
[32m[I 2023-01-30 12:21:46,494][0m Trial 2 finished with value: 1.2356257417834615 and parameters: {'max_depth': 9, 'learning_rate': 0.04472431548571135, 'colsample_bytree': 0.2882911980960603, 'subsample': 0.4361977233811782, 'alpha': 0.8026076381845835, 'lambda': 0.009308933954768672, 'gamma': 3.256363358939344e-07, 'min_child_weight': 18.821383776104874}. Best is trial 2 with value: 1.2356257417834615.[0m
[32m[I 2023-01-30 12:21:47,429][0m Trial 3 finished with value: 16.820864554705008 and parameters: {'max_depth': 12, 'learning_rate': 0.017094403917353843, 'colsample_bytree': 0.22948802297384155, 'subsample': 0.44730585755534635, 'alpha': 0.015292131773238979, 'lambda': 5.965676317494847e-06, 'gamma': 0.00044528778884839724, 'min_child_weight': 338.98551770988314}. Best is trial 2 with value: 1.2356257417834615.[0m
[32m[I 2023-01-30 12:21:53,339][0m Trial 4 finished with value: 1.3417293431147388 and parameters: {'max_depth': 8, 'learning_rate': 0.023072683131762008, 'colsample_bytree': 0.47102991741606304, 'subsample': 0.6352342739748388, 'alpha': 9.944425486443707, 'lambda': 2.1702458195047087e-06, 'gamma': 0.09353155629396856, 'min_child_weight': 18.469334745436925}. Best is trial 2 with value: 1.2356257417834615.[0m
[32m[I 2023-01-30 12:21:54,349][0m Trial 5 finished with value: 16.820864554705008 and parameters: {'max_depth': 12, 'learning_rate': 0.006728704334767703, 'colsample_bytree': 0.4857337033199275, 'subsample': 0.7037918458958176, 'alpha': 0.06686109213200414, 'lambda': 0.03446930445975244, 'gamma': 2.183635020390231e-06, 'min_child_weight': 77.41831145784069}. Best is trial 2 with value: 1.2356257417834615.[0m
