[32m[I 2023-01-30 08:31:37,288][0m Trial 43 finished with value: 1.0392345937574623 and parameters: {'max_depth': 9, 'learning_rate': 0.012181326631251706, 'colsample_bytree': 0.4539333620503335, 'subsample': 0.6945159764324452, 'alpha': 1.739034788282913, 'lambda': 0.10527139193107775, 'gamma': 0.26821076986612735, 'min_child_weight': 16.72555921046409}. Best is trial 41 with value: 1.002168979105042.[0m
[32m[I 2023-01-30 08:31:57,897][0m Trial 44 finished with value: 1.0686181016174998 and parameters: {'max_depth': 8, 'learning_rate': 0.019950201397074506, 'colsample_bytree': 0.3388285901317351, 'subsample': 0.4829676638412896, 'alpha': 3.207536591186528, 'lambda': 3.809411584108907e-08, 'gamma': 0.01664259663296396, 'min_child_weight': 13.800269366726667}. Best is trial 41 with value: 1.002168979105042.[0m
[32m[I 2023-01-30 08:32:10,133][0m Trial 45 finished with value: 1.0653399310434544 and parameters: {'max_depth': 12, 'learning_rate': 0.027497130712448026, 'colsample_bytree': 0.3960106330200863, 'subsample': 0.7233434987270864, 'alpha': 6.067476028172712, 'lambda': 2.166856344155647, 'gamma': 0.003114036234413418, 'min_child_weight': 43.0300990349357}. Best is trial 41 with value: 1.002168979105042.[0m
[32m[I 2023-01-30 08:32:30,200][0m Trial 46 finished with value: 1.0028382928393513 and parameters: {'max_depth': 7, 'learning_rate': 0.01603989221027536, 'colsample_bytree': 0.33333680394780313, 'subsample': 0.7769580686954813, 'alpha': 0.3313225228626161, 'lambda': 1.0986072880279574e-08, 'gamma': 3.7623655952653045e-07, 'min_child_weight': 30.94086440453281}. Best is trial 41 with value: 1.002168979105042.[0m
[32m[I 2023-01-30 08:32:54,971][0m Trial 47 finished with value: 1.0544498518459868 and parameters: {'max_depth': 10, 'learning_rate': 0.01568137331682035, 'colsample_bytree': 0.3267817802885404, 'subsample': 0.779243683876707, 'alpha': 0.04805108595101004, 'lambda': 1.1502901956315607e-08, 'gamma': 3.189920883935265e-07, 'min_child_weight': 12.205406750232257}. Best is trial 41 with value: 1.002168979105042.[0m
[32m[I 2023-01-30 08:33:22,599][0m Trial 48 finished with value: 1.112703455892083 and parameters: {'max_depth': 9, 'learning_rate': 0.009760690568897609, 'colsample_bytree': 0.36496239724253976, 'subsample': 0.7999874256514555, 'alpha': 0.33741402843153817, 'lambda': 7.696927258876735e-08, 'gamma': 6.164014189829695e-08, 'min_child_weight': 59.070074784605325}. Best is trial 41 with value: 1.002168979105042.[0m
[32m[I 2023-01-30 08:33:36,587][0m Trial 49 finished with value: 1.0216915714577506 and parameters: {'max_depth': 5, 'learning_rate': 0.022911213538868002, 'colsample_bytree': 0.23601338345114775, 'subsample': 0.7551210681902624, 'alpha': 0.2212993991853379, 'lambda': 3.404894728486447e-07, 'gamma': 1.4005784404650142e-08, 'min_child_weight': 24.58078319064182}. Best is trial 41 with value: 1.002168979105042.[0m
[32m[I 2023-01-30 08:33:37,746][0m Trial 50 finished with value: 17.458348387036438 and parameters: {'max_depth': 4, 'learning_rate': 0.023799976830121652, 'colsample_bytree': 0.20039004470002802, 'subsample': 0.7596451671506819, 'alpha': 0.227446411752053, 'lambda': 1.7924707712164228e-08, 'gamma': 1.6938429118810873e-08, 'min_child_weight': 420.1295845949009}. Best is trial 41 with value: 1.002168979105042.[0m
[32m[I 2023-01-30 08:33:49,959][0m Trial 51 finished with value: 1.0187942206033904 and parameters: {'max_depth': 5, 'learning_rate': 0.021934817557472144, 'colsample_bytree': 0.24041786978422827, 'subsample': 0.7833970298465665, 'alpha': 0.5152738771458367, 'lambda': 3.2140174316242124e-07, 'gamma': 1.0129754405061331e-08, 'min_child_weight': 27.229895255853872}. Best is trial 41 with value: 1.002168979105042.[0m
[32m[I 2023-01-30 08:33:59,778][0m Trial 52 finished with value: 1.043104189241729 and parameters: {'max_depth': 5, 'learning_rate': 0.021086556042271998, 'colsample_bytree': 0.23829917582153737, 'subsample': 0.7352734068088592, 'alpha': 0.6276974122421839, 'lambda': 2.8787062705564024e-08, 'gamma': 5.595783807902788e-08, 'min_child_weight': 34.23973652568366}. Best is trial 41 with value: 1.002168979105042.[0m
[32m[I 2023-01-30 08:34:59,854][0m Trial 53 finished with value: 1.0230882936842103 and parameters: {'max_depth': 5, 'learning_rate': 0.028530430240451887, 'colsample_bytree': 0.31465630265663974, 'subsample': 0.7779294939405856, 'alpha': 0.18000836733361203, 'lambda': 3.1774049883439087e-07, 'gamma': 1.0822583551845724e-07, 'min_child_weight': 24.70420817965072}. Best is trial 41 with value: 1.002168979105042.[0m
[32m[I 2023-01-30 08:35:24,731][0m Trial 54 finished with value: 1.0332994184083044 and parameters: {'max_depth': 4, 'learning_rate': 0.039048043207145146, 'colsample_bytree': 0.2282350791503184, 'subsample': 0.7484061132653976, 'alpha': 0.31784912390645903, 'lambda': 3.4534278200343025e-07, 'gamma': 1.1950700968299684e-08, 'min_child_weight': 28.87715583900075}. Best is trial 41 with value: 1.002168979105042.[0m
[32m[I 2023-01-30 08:35:36,060][0m Trial 55 finished with value: 1.0808079763767298 and parameters: {'max_depth': 5, 'learning_rate': 0.017028525865949225, 'colsample_bytree': 0.2467867207859764, 'subsample': 0.7798182358502664, 'alpha': 1.5551307966660801, 'lambda': 1.1724440813876996e-06, 'gamma': 3.628026542297945e-07, 'min_child_weight': 53.75689748788523}. Best is trial 41 with value: 1.002168979105042.[0m
[32m[I 2023-01-30 08:35:47,972][0m Trial 56 finished with value: 1.0580838722548596 and parameters: {'max_depth': 6, 'learning_rate': 0.02271269922499623, 'colsample_bytree': 0.2799417997696756, 'subsample': 0.7224699877830807, 'alpha': 0.10525153418747556, 'lambda': 5.4996005273298016e-08, 'gamma': 3.2772682052573253e-08, 'min_child_weight': 40.955884107262555}. Best is trial 41 with value: 1.002168979105042.[0m
[32m[I 2023-01-30 08:36:00,962][0m Trial 57 finished with value: 1.0164641421663227 and parameters: {'max_depth': 4, 'learning_rate': 0.021026923846381735, 'colsample_bytree': 0.3396400580443463, 'subsample': 0.698538596164297, 'alpha': 0.5587470540749405, 'lambda': 2.555205954034135e-08, 'gamma': 1.0599569743007448e-08, 'min_child_weight': 24.12618827225168}. Best is trial 41 with value: 1.002168979105042.[0m
[32m[I 2023-01-30 08:36:22,159][0m Trial 58 finished with value: 1.086544485659401 and parameters: {'max_depth': 4, 'learning_rate': 0.0321271295901844, 'colsample_bytree': 0.33682099110880065, 'subsample': 0.5836863056034687, 'alpha': 0.8804242518174423, 'lambda': 2.2827064439981263e-08, 'gamma': 1.9296838673527913e-07, 'min_child_weight': 14.760350453550036}. Best is trial 41 with value: 1.002168979105042.[0m
[32m[I 2023-01-30 08:36:49,411][0m Trial 59 finished with value: 1.0549898990201532 and parameters: {'max_depth': 4, 'learning_rate': 0.016456653538497627, 'colsample_bytree': 0.35089437111381117, 'subsample': 0.696501612666243, 'alpha': 0.5566774515859593, 'lambda': 8.965632578467434e-08, 'gamma': 1.3794141852556335e-06, 'min_child_weight': 18.99409079475996}. Best is trial 41 with value: 1.002168979105042.[0m
[32m[I 2023-01-30 08:37:02,377][0m Trial 60 finished with value: 1.2034546096481744 and parameters: {'max_depth': 4, 'learning_rate': 0.01856279862793666, 'colsample_bytree': 0.3050172157332185, 'subsample': 0.7353181407784978, 'alpha': 0.35430791363422925, 'lambda': 4.5746103551136567e-08, 'gamma': 8.412125207066149e-06, 'min_child_weight': 68.64008703317592}. Best is trial 41 with value: 1.002168979105042.[0m
[32m[I 2023-01-30 08:37:24,979][0m Trial 61 finished with value: 1.0064049289374115 and parameters: {'max_depth': 5, 'learning_rate': 0.025160540981832822, 'colsample_bytree': 0.4137974541811126, 'subsample': 0.7550171771179592, 'alpha': 0.2657727250082898, 'lambda': 1.0630990954327922e-08, 'gamma': 2.9651577200586445e-08, 'min_child_weight': 24.429049762782565}. Best is trial 41 with value: 1.002168979105042.[0m
[32m[I 2023-01-30 08:37:55,837][0m Trial 62 finished with value: 1.0236823467764045 and parameters: {'max_depth': 5, 'learning_rate': 0.025383765275477744, 'colsample_bytree': 0.4197959917388451, 'subsample': 0.7840396285720741, 'alpha': 0.5561713475730433, 'lambda': 1.015249360482917e-08, 'gamma': 3.8443476499967446e-08, 'min_child_weight': 23.031775257741685}. Best is trial 41 with value: 1.002168979105042.[0m
[32m[I 2023-01-30 08:39:15,750][0m Trial 63 finished with value: 1.012818533703531 and parameters: {'max_depth': 6, 'learning_rate': 0.020815238074521642, 'colsample_bytree': 0.41221856753971076, 'subsample': 0.7637075895691345, 'alpha': 0.26121176040472793, 'lambda': 1.811434780432645e-08, 'gamma': 2.1462141986374518e-08, 'min_child_weight': 29.178872299936497}. Best is trial 41 with value: 1.002168979105042.[0m
[32m[I 2023-01-30 08:40:14,922][0m Trial 64 finished with value: 1.0278505660274815 and parameters: {'max_depth': 6, 'learning_rate': 0.028928428680015376, 'colsample_bytree': 0.4418084702602246, 'subsample': 0.7629724859073889, 'alpha': 0.1495675823200943, 'lambda': 2.135808675535607e-08, 'gamma': 7.38269746560606e-07, 'min_child_weight': 37.994116460414375}. Best is trial 41 with value: 1.002168979105042.[0m
[32m[I 2023-01-30 08:41:03,553][0m Trial 65 finished with value: 1.022067095066348 and parameters: {'max_depth': 6, 'learning_rate': 0.02009520757735452, 'colsample_bytree': 0.40868128907141316, 'subsample': 0.7118030879361383, 'alpha': 0.4000405737532848, 'lambda': 1.5331022269275217e-07, 'gamma': 2.3075507924478734e-08, 'min_child_weight': 31.079188393915278}. Best is trial 41 with value: 1.002168979105042.[0m
[32m[I 2023-01-30 08:41:42,812][0m Trial 66 finished with value: 1.0383579268722545 and parameters: {'max_depth': 7, 'learning_rate': 0.018058675117938097, 'colsample_bytree': 0.39111230601864727, 'subsample': 0.7428823958216917, 'alpha': 0.25763809741534366, 'lambda': 2.161156372876059e-08, 'gamma': 9.336297652429616e-08, 'min_child_weight': 18.817497986359577}. Best is trial 41 with value: 1.002168979105042.[0m
[32m[I 2023-01-30 08:43:09,457][0m Trial 67 finished with value: 1.0524260663623175 and parameters: {'max_depth': 7, 'learning_rate': 0.013200369670783047, 'colsample_bytree': 0.32591526530784504, 'subsample': 0.7285466817644206, 'alpha': 0.7431097860681064, 'lambda': 1.0581591836228048e-08, 'gamma': 2.0222424620846242e-07, 'min_child_weight': 12.603089995120117}. Best is trial 41 with value: 1.002168979105042.[0m
[32m[I 2023-01-30 08:43:57,716][0m Trial 68 finished with value: 1.0216426173561597 and parameters: {'max_depth': 6, 'learning_rate': 0.015258444461352405, 'colsample_bytree': 0.35359934109774716, 'subsample': 0.7665450685039485, 'alpha': 0.1300148016617671, 'lambda': 5.5385537500513626e-08, 'gamma': 5.004565642490557e-08, 'min_child_weight': 22.004565669262956}. Best is trial 41 with value: 1.002168979105042.[0m
[32m[I 2023-01-30 08:44:33,407][0m Trial 69 finished with value: 1.0497058747520804 and parameters: {'max_depth': 7, 'learning_rate': 0.024704523480669618, 'colsample_bytree': 0.36644079171364624, 'subsample': 0.6868865437814604, 'alpha': 0.05375381474018674, 'lambda': 9.793895954375736e-08, 'gamma': 2.4630639555004814e-08, 'min_child_weight': 34.95245407051216}. Best is trial 41 with value: 1.002168979105042.[0m
[32m[I 2023-01-30 08:44:37,340][0m Trial 70 finished with value: 17.458348387036438 and parameters: {'max_depth': 8, 'learning_rate': 0.021276602218240643, 'colsample_bytree': 0.41190417493159254, 'subsample': 0.7041657896796789, 'alpha': 0.2702432447057228, 'lambda': 3.326868974263458e-08, 'gamma': 4.138725602940126e-06, 'min_child_weight': 142.29443811211226}. Best is trial 41 with value: 1.002168979105042.[0m
[32m[I 2023-01-30 08:45:14,462][0m Trial 71 finished with value: 0.9943324571329507 and parameters: {'max_depth': 5, 'learning_rate': 0.026773961382366127, 'colsample_bytree': 0.4768950083682858, 'subsample': 0.7897076198172611, 'alpha': 0.9515706967973134, 'lambda': 2.1736062790801874e-07, 'gamma': 1.0183730928032227e-08, 'min_child_weight': 26.808002212611463}. Best is trial 71 with value: 0.9943324571329507.[0m
[32m[I 2023-01-30 08:45:45,751][0m Trial 72 finished with value: 1.0067535535873344 and parameters: {'max_depth': 6, 'learning_rate': 0.033889641466709954, 'colsample_bytree': 0.48452069779270174, 'subsample': 0.7912659716083554, 'alpha': 1.297719508444023, 'lambda': 1.8282504415211646e-08, 'gamma': 6.467338413667455e-08, 'min_child_weight': 26.722161538329644}. Best is trial 71 with value: 0.9943324571329507.[0m
[32m[I 2023-01-30 08:46:20,245][0m Trial 73 finished with value: 1.0160640963936893 and parameters: {'max_depth': 5, 'learning_rate': 0.03548573967065428, 'colsample_bytree': 0.47315326613763037, 'subsample': 0.7960609037990606, 'alpha': 1.245163938467128, 'lambda': 1.5178848169251863e-07, 'gamma': 7.19969369189147e-08, 'min_child_weight': 26.11934187674144}. Best is trial 71 with value: 0.9943324571329507.[0m
[32m[I 2023-01-30 08:46:42,756][0m Trial 74 finished with value: 1.0077799527517637 and parameters: {'max_depth': 6, 'learning_rate': 0.045250405702857044, 'colsample_bytree': 0.48256185434441756, 'subsample': 0.7906300551331649, 'alpha': 1.702380796635724, 'lambda': 0.00016856481648782555, 'gamma': 7.925711219790619e-08, 'min_child_weight': 29.190175031422463}. Best is trial 71 with value: 0.9943324571329507.[0m
[32m[I 2023-01-30 08:47:22,609][0m Trial 75 finished with value: 1.0113389433733815 and parameters: {'max_depth': 6, 'learning_rate': 0.04236139559274158, 'colsample_bytree': 0.49056920612178284, 'subsample': 0.787117801532751, 'alpha': 2.26807863226401, 'lambda': 0.00012225663348606393, 'gamma': 1.983846460937345e-07, 'min_child_weight': 30.635951359671257}. Best is trial 71 with value: 0.9943324571329507.[0m
[32m[I 2023-01-30 08:48:00,343][0m Trial 76 finished with value: 1.0309642784891673 and parameters: {'max_depth': 6, 'learning_rate': 0.04491510319700287, 'colsample_bytree': 0.48444863813068245, 'subsample': 0.7888065004800854, 'alpha': 2.703558545482879, 'lambda': 1.4928349873946987e-05, 'gamma': 6.389115328990557e-07, 'min_child_weight': 20.14803651653831}. Best is trial 71 with value: 0.9943324571329507.[0m
[32m[I 2023-01-30 08:48:14,182][0m Trial 77 finished with value: 1.1710123825311551 and parameters: {'max_depth': 6, 'learning_rate': 0.047849450318084054, 'colsample_bytree': 0.529731963274599, 'subsample': 0.5237249682853904, 'alpha': 2.148181878315089, 'lambda': 3.97630813953641e-06, 'gamma': 2.2950911331328848e-07, 'min_child_weight': 47.86977657921953}. Best is trial 71 with value: 0.9943324571329507.[0m
[32m[I 2023-01-30 08:48:34,116][0m Trial 78 finished with value: 1.050920415473526 and parameters: {'max_depth': 6, 'learning_rate': 0.0412085250663169, 'colsample_bytree': 0.4964535658360844, 'subsample': 0.7728481016922965, 'alpha': 3.669621665226948, 'lambda': 0.00010239331075273212, 'gamma': 1.1990527509495748e-07, 'min_child_weight': 41.68701549285267}. Best is trial 71 with value: 0.9943324571329507.[0m
[32m[I 2023-01-30 08:48:55,827][0m Trial 79 finished with value: 1.0137070328222049 and parameters: {'max_depth': 5, 'learning_rate': 0.037564057952266645, 'colsample_bytree': 0.4608736667576689, 'subsample': 0.7999815453265908, 'alpha': 1.3805136534239941, 'lambda': 0.0012025942863106791, 'gamma': 4.557690504967471e-07, 'min_child_weight': 17.256821888625243}. Best is trial 71 with value: 0.9943324571329507.[0m
[32m[I 2023-01-30 08:49:52,910][0m Trial 80 finished with value: 1.0085636222452465 and parameters: {'max_depth': 6, 'learning_rate': 0.0429845107120037, 'colsample_bytree': 0.49426932041034927, 'subsample': 0.7860769950784829, 'alpha': 1.6316916202881069, 'lambda': 0.00017133878176003723, 'gamma': 1.8729179800848023e-06, 'min_child_weight': 31.128697546132596}. Best is trial 71 with value: 0.9943324571329507.[0m
[32m[I 2023-01-30 08:50:14,808][0m Trial 81 finished with value: 1.0052217961399508 and parameters: {'max_depth': 6, 'learning_rate': 0.043797723974445014, 'colsample_bytree': 0.4958042736351839, 'subsample': 0.7865093531210406, 'alpha': 1.7352380773603049, 'lambda': 0.00017369201060440456, 'gamma': 1.6030885935936758e-06, 'min_child_weight': 29.491722621630647}. Best is trial 71 with value: 0.9943324571329507.[0m
[32m[I 2023-01-30 08:50:17,651][0m Trial 82 finished with value: 17.458348387036438 and parameters: {'max_depth': 6, 'learning_rate': 0.04438411920544927, 'colsample_bytree': 0.49398716735475157, 'subsample': 0.7856012350517368, 'alpha': 1.7380280200918508, 'lambda': 0.00020336622881116282, 'gamma': 2.0442939586083284e-06, 'min_child_weight': 968.7073851439162}. Best is trial 71 with value: 0.9943324571329507.[0m
[32m[I 2023-01-30 08:50:33,727][0m Trial 83 finished with value: 1.0006376106277015 and parameters: {'max_depth': 7, 'learning_rate': 0.04582090074493121, 'colsample_bytree': 0.47367932799479273, 'subsample': 0.7899647783231539, 'alpha': 1.0215592724415585, 'lambda': 3.816953162921426e-05, 'gamma': 1.2134796887769343e-06, 'min_child_weight': 31.0033719385671}. Best is trial 71 with value: 0.9943324571329507.[0m
[32m[I 2023-01-30 08:50:52,492][0m Trial 84 finished with value: 1.028928252731237 and parameters: {'max_depth': 7, 'learning_rate': 0.04875334076184534, 'colsample_bytree': 0.4763989689428595, 'subsample': 0.7697273031584524, 'alpha': 1.029757286095561, 'lambda': 5.53342681919199e-05, 'gamma': 9.419725434440718e-07, 'min_child_weight': 37.3672633140054}. Best is trial 71 with value: 0.9943324571329507.[0m
[32m[I 2023-01-30 08:51:07,315][0m Trial 85 finished with value: 1.025542597612733 and parameters: {'max_depth': 7, 'learning_rate': 0.03633697361993412, 'colsample_bytree': 0.43585963077157464, 'subsample': 0.7896845837897706, 'alpha': 1.6742174259397475, 'lambda': 0.0004396739457060239, 'gamma': 6.490555239250703e-06, 'min_child_weight': 32.220880242445304}. Best is trial 71 with value: 0.9943324571329507.[0m
[32m[I 2023-01-30 08:51:30,611][0m Trial 86 finished with value: 1.0259189844755758 and parameters: {'max_depth': 7, 'learning_rate': 0.04560876003682401, 'colsample_bytree': 0.5236043097186096, 'subsample': 0.7759300484511208, 'alpha': 0.9544741910756007, 'lambda': 4.2850303285348744e-05, 'gamma': 2.9398363910245835e-05, 'min_child_weight': 20.66118544344477}. Best is trial 71 with value: 0.9943324571329507.[0m
[32m[I 2023-01-30 08:51:55,169][0m Trial 87 finished with value: 1.0544278348998697 and parameters: {'max_depth': 5, 'learning_rate': 0.032354555393247, 'colsample_bytree': 0.5670459267454542, 'subsample': 0.7565853831191549, 'alpha': 1.1032868021102742, 'lambda': 0.0025453018225047395, 'gamma': 8.816415121591625, 'min_child_weight': 26.390795009904156}. Best is trial 71 with value: 0.9943324571329507.[0m
[32m[I 2023-01-30 08:52:15,150][0m Trial 88 finished with value: 1.0661609310058258 and parameters: {'max_depth': 6, 'learning_rate': 0.03406601899499466, 'colsample_bytree': 0.502907384853775, 'subsample': 0.7939364448932095, 'alpha': 1.3250457945349206, 'lambda': 0.0002154258197754489, 'gamma': 2.156177731108851e-06, 'min_child_weight': 53.27590971620543}. Best is trial 71 with value: 0.9943324571329507.[0m
[32m[I 2023-01-30 08:52:33,860][0m Trial 89 finished with value: 1.0683950744704245 and parameters: {'max_depth': 5, 'learning_rate': 0.0389902822870549, 'colsample_bytree': 0.5361422699622612, 'subsample': 0.4045196750208437, 'alpha': 0.7451309621528386, 'lambda': 0.0006088365559839148, 'gamma': 1.2568684848245853e-06, 'min_child_weight': 23.11193524135041}. Best is trial 71 with value: 0.9943324571329507.[0m
[32m[I 2023-01-30 08:52:36,444][0m Trial 90 finished with value: 17.458348387036438 and parameters: {'max_depth': 7, 'learning_rate': 0.04224411061810822, 'colsample_bytree': 0.4618919946271067, 'subsample': 0.7757054053783907, 'alpha': 0.0124668011040643, 'lambda': 0.00010631729145814102, 'gamma': 4.5145981903853235e-07, 'min_child_weight': 291.9499178085322}. Best is trial 71 with value: 0.9943324571329507.[0m
[32m[I 2023-01-30 08:52:53,543][0m Trial 91 finished with value: 1.028069616121365 and parameters: {'max_depth': 6, 'learning_rate': 0.04275069626482367, 'colsample_bytree': 0.48246820148030695, 'subsample': 0.7863828064391465, 'alpha': 2.391350809529615, 'lambda': 0.00011261569072828793, 'gamma': 9.307765038908303e-08, 'min_child_weight': 32.25747436515977}. Best is trial 71 with value: 0.9943324571329507.[0m
[32m[I 2023-01-30 08:53:04,479][0m Trial 92 finished with value: 1.0450250852951086 and parameters: {'max_depth': 6, 'learning_rate': 0.049840858361388574, 'colsample_bytree': 0.5116952683459599, 'subsample': 0.7518227435873421, 'alpha': 1.8169955340255837, 'lambda': 3.399583844558325e-05, 'gamma': 2.841139454445859e-06, 'min_child_weight': 39.75122150123368}. Best is trial 71 with value: 0.9943324571329507.[0m
[32m[I 2023-01-30 08:53:19,886][0m Trial 93 finished with value: 1.0065612839379505 and parameters: {'max_depth': 6, 'learning_rate': 0.04671304851005397, 'colsample_bytree': 0.49682820902892266, 'subsample': 0.7992254671434796, 'alpha': 2.980590306485373, 'lambda': 0.0001803083375027657, 'gamma': 2.77287949491967e-07, 'min_child_weight': 30.535694231643365}. Best is trial 71 with value: 0.9943324571329507.[0m
[32m[I 2023-01-30 08:53:39,118][0m Trial 94 finished with value: 1.0646666261180022 and parameters: {'max_depth': 6, 'learning_rate': 0.03952105619903624, 'colsample_bytree': 0.4549037707146266, 'subsample': 0.7681379521213518, 'alpha': 2.8875790457276356, 'lambda': 2.6874778461542715e-05, 'gamma': 5.252852583848329e-07, 'min_child_weight': 44.120328827514584}. Best is trial 71 with value: 0.9943324571329507.[0m
