[32m[I 2023-01-29 18:25:01,479][0m Trial 94 finished with value: 17.4907083361109 and parameters: {'max_depth': 11, 'learning_rate': 0.005854787260242106, 'colsample_bytree': 0.3704194299897842, 'subsample': 0.5123047113337711, 'alpha': 0.8597683031151113, 'lambda': 0.0010872611389827506, 'gamma': 1.7773178741226291e-07, 'min_child_weight': 102.83110527360635}. Best is trial 0 with value: 17.4907083361109.[0m
[32m[I 2023-01-29 18:25:05,043][0m Trial 95 finished with value: 17.4907083361109 and parameters: {'max_depth': 10, 'learning_rate': 0.006261289533719938, 'colsample_bytree': 0.35548249087936235, 'subsample': 0.42581781178323064, 'alpha': 3.6354055275280506, 'lambda': 0.002557296657393946, 'gamma': 0.0005908962395744543, 'min_child_weight': 38.57532500152399}. Best is trial 0 with value: 17.4907083361109.[0m
[32m[I 2023-01-29 18:25:07,386][0m Trial 96 finished with value: 17.4907083361109 and parameters: {'max_depth': 7, 'learning_rate': 0.005738208629448838, 'colsample_bytree': 0.3305099096735961, 'subsample': 0.5340895388109801, 'alpha': 1.0668872325255223, 'lambda': 0.0025963310408017807, 'gamma': 0.0002213222597141752, 'min_child_weight': 54.39740352021177}. Best is trial 0 with value: 17.4907083361109.[0m
[32m[I 2023-01-29 18:25:09,599][0m Trial 97 finished with value: 17.4907083361109 and parameters: {'max_depth': 11, 'learning_rate': 0.007481468245383687, 'colsample_bytree': 0.39630025274430075, 'subsample': 0.5245294855117898, 'alpha': 0.5720446180458697, 'lambda': 0.008829614904829931, 'gamma': 3.3042843731579544e-08, 'min_child_weight': 68.9880777362787}. Best is trial 0 with value: 17.4907083361109.[0m
[32m[I 2023-01-29 18:25:12,488][0m Trial 98 finished with value: 17.4907083361109 and parameters: {'max_depth': 11, 'learning_rate': 0.006758236270132046, 'colsample_bytree': 0.4712107349284421, 'subsample': 0.5826591601276814, 'alpha': 0.7123487032176241, 'lambda': 0.0037753636040470185, 'gamma': 1.465594783115297e-05, 'min_child_weight': 85.56954934892029}. Best is trial 0 with value: 17.4907083361109.[0m
[32m[I 2023-01-29 18:25:16,008][0m Trial 99 finished with value: 17.4907083361109 and parameters: {'max_depth': 10, 'learning_rate': 0.0063505313416884965, 'colsample_bytree': 0.4437368540232647, 'subsample': 0.571509084843315, 'alpha': 1.0463825329788439, 'lambda': 0.0008722568584815898, 'gamma': 6.997908746464959e-06, 'min_child_weight': 109.26282096528558}. Best is trial 0 with value: 17.4907083361109.[0m
Uploaded file from /Users/kevinmaikjablonka/git/kjappelbaum/gptchem/experiments/04_regression/henry/out/20230129_181622/train.jsonl: file-4CGwOscHtdHW71s5gL8Gz5Oh
Upload progress:   0%|          | 0.00/3.88k [00:00<?, ?it/s]Upload progress: 100%|██████████| 3.88k/3.88k [00:00<00:00, 9.01Mit/s]
2023-01-29 18:27:35.339 | ERROR    | __main__:<module>:78 - ('logKH_CO2', 'CO2 Henry coefficient')
Traceback (most recent call last):

  File "/Users/kevinmaikjablonka/miniconda3/envs/gptchem/lib/python3.9/site-packages/pandas/core/indexes/base.py", line 3803, in get_loc
    return self._engine.get_loc(casted_key)
           │    │               └ ('logKH_CO2', 'CO2 Henry coefficient')
           │    └ <pandas._libs.properties.CachedProperty object at 0x299c683c0>
           └ Index(['Unnamed: 0', 'ASA [m^2/cm^3]', 'CellV [A^3]', 'Df', 'Di', 'Dif',
                    'NASA [m^2/cm^3]', 'POAV [cm^3/g]', 'POAVF', ...
  File "pandas/_libs/index.pyx", line 138, in pandas._libs.index.IndexEngine.get_loc
    cpdef get_loc(self, object val):
  File "pandas/_libs/index.pyx", line 165, in pandas._libs.index.IndexEngine.get_loc
    return self.mapping.get_item(val)
  File "pandas/_libs/hashtable_class_helper.pxi", line 5745, in pandas._libs.hashtable.PyObjectHashTable.get_item
  File "pandas/_libs/hashtable_class_helper.pxi", line 5753, in pandas._libs.hashtable.PyObjectHashTable.get_item

KeyError: ('logKH_CO2', 'CO2 Henry coefficient')


The above exception was the direct cause of the following exception:


Traceback (most recent call last):

> File "/Users/kevinmaikjablonka/git/kjappelbaum/gptchem/experiments/04_regression/henry/run_experiments.py", line 76, in <module>
    run_experiment(train_size, target, i + 22332642)
    │              │           │       └ 0
    │              │           └ ('logKH_CO2', 'CO2 Henry coefficient')
    │              └ 10
    └ <function run_experiment at 0x10549b0d0>

  File "/Users/kevinmaikjablonka/git/kjappelbaum/gptchem/experiments/04_regression/henry/run_experiments.py", line 58, in run_experiment
    gpt_metrics = get_regression_metrics(test[target], extracted)
                  │                      │    │        └ [-2.65, -4.8, -1.8, -2.52, -2.83, -2.0, -2.0, -1.0, -2.83, -2.55, -2.55, -5.0, -1.0, -2.0, -5.55, -2.55, -2.83, -2.55, -5.0, ...
                  │                      │    └ ('logKH_CO2', 'CO2 Henry coefficient')
                  │                      └       Unnamed: 0  ...                                              mofid
                  │                        2108        3150  ...  [Mn].[N][N][N].c1ccc(cn1)[CH]...
                  └ <function get_regression_metrics at 0x29d8dc280>

  File "/Users/kevinmaikjablonka/miniconda3/envs/gptchem/lib/python3.9/site-packages/pandas/core/frame.py", line 3805, in __getitem__
    indexer = self.columns.get_loc(key)
              │    │               └ ('logKH_CO2', 'CO2 Henry coefficient')
              │    └ <pandas._libs.properties.AxisProperty object at 0x29a43e610>
              └       Unnamed: 0  ...                                              mofid
                2108        3150  ...  [Mn].[N][N][N].c1ccc(cn1)[CH]...
  File "/Users/kevinmaikjablonka/miniconda3/envs/gptchem/lib/python3.9/site-packages/pandas/core/indexes/base.py", line 3805, in get_loc
    raise KeyError(key) from err
                   └ ('logKH_CO2', 'CO2 Henry coefficient')

KeyError: ('logKH_CO2', 'CO2 Henry coefficient')
[32m[I 2023-01-29 18:27:35,592][0m A new study created in memory with name: no-name-d47d49b9-f41e-4991-b2c2-0d4d34b8f860[0m
[32m[I 2023-01-29 18:27:42,501][0m Trial 0 finished with value: 30.51861743445005 and parameters: {'max_depth': 11, 'learning_rate': 0.03943180702221767, 'colsample_bytree': 0.48338277698454657, 'subsample': 0.6667880916971854, 'alpha': 0.07695356446858977, 'lambda': 0.0011960555391446264, 'gamma': 0.011558526456888882, 'min_child_weight': 591.1193593817245}. Best is trial 0 with value: 30.51861743445005.[0m
[32m[I 2023-01-29 18:27:47,536][0m Trial 1 finished with value: 30.51861743445005 and parameters: {'max_depth': 10, 'learning_rate': 0.041134316655128254, 'colsample_bytree': 0.22968076844783064, 'subsample': 0.4464499696175606, 'alpha': 7.181717181976198, 'lambda': 1.562370075120558e-07, 'gamma': 1.592922235503172e-07, 'min_child_weight': 31.920798758958732}. Best is trial 0 with value: 30.51861743445005.[0m
[32m[I 2023-01-29 18:27:50,495][0m Trial 2 finished with value: 30.51861743445005 and parameters: {'max_depth': 11, 'learning_rate': 0.018174141335350915, 'colsample_bytree': 0.5604454522456577, 'subsample': 0.7574852124218824, 'alpha': 3.4380016701469245, 'lambda': 0.5568909988317814, 'gamma': 7.527426349222389e-08, 'min_child_weight': 46.33736847648717}. Best is trial 0 with value: 30.51861743445005.[0m
[32m[I 2023-01-29 18:27:54,778][0m Trial 3 finished with value: 30.51861743445005 and parameters: {'max_depth': 9, 'learning_rate': 0.028378909616250787, 'colsample_bytree': 0.5801596986666466, 'subsample': 0.4947504468141251, 'alpha': 0.019466965890188696, 'lambda': 0.05971200399326978, 'gamma': 3.2188208036024255e-08, 'min_child_weight': 58.5928635790038}. Best is trial 0 with value: 30.51861743445005.[0m
[32m[I 2023-01-29 18:27:57,706][0m Trial 4 finished with value: 30.51861743445005 and parameters: {'max_depth': 11, 'learning_rate': 0.04162946890026078, 'colsample_bytree': 0.4633009018331788, 'subsample': 0.5171503376217323, 'alpha': 0.051964460566470146, 'lambda': 0.011806796342275164, 'gamma': 0.0009844669237292266, 'min_child_weight': 597.174798468189}. Best is trial 0 with value: 30.51861743445005.[0m
[32m[I 2023-01-29 18:28:02,769][0m Trial 5 finished with value: 30.51861743445005 and parameters: {'max_depth': 9, 'learning_rate': 0.030486391820450123, 'colsample_bytree': 0.3726677137700833, 'subsample': 0.6175143133497486, 'alpha': 0.37372578650240545, 'lambda': 3.336971520305419e-08, 'gamma': 0.7754828402642463, 'min_child_weight': 17.103074711611693}. Best is trial 0 with value: 30.51861743445005.[0m
[32m[I 2023-01-29 18:28:06,520][0m Trial 6 finished with value: 30.51861743445005 and parameters: {'max_depth': 4, 'learning_rate': 0.010624215152102963, 'colsample_bytree': 0.30490924992026125, 'subsample': 0.7437145829936807, 'alpha': 0.01471669543122012, 'lambda': 4.950734654876109, 'gamma': 3.905013417707782e-07, 'min_child_weight': 792.9791014070719}. Best is trial 0 with value: 30.51861743445005.[0m
[32m[I 2023-01-29 18:30:17,868][0m Trial 7 finished with value: 0.3323724080562034 and parameters: {'max_depth': 5, 'learning_rate': 0.021844647946310584, 'colsample_bytree': 0.2978935637565084, 'subsample': 0.6945899034698879, 'alpha': 2.9236678454672598, 'lambda': 0.00197230249454408, 'gamma': 0.005725354703365607, 'min_child_weight': 12.641216570962865}. Best is trial 7 with value: 0.3323724080562034.[0m
[32m[I 2023-01-29 18:30:22,208][0m Trial 8 finished with value: 30.51861743445005 and parameters: {'max_depth': 8, 'learning_rate': 0.04884455994741487, 'colsample_bytree': 0.4298111297108724, 'subsample': 0.7307760130513172, 'alpha': 0.20412995229328462, 'lambda': 0.001631687775345892, 'gamma': 0.13940883284270142, 'min_child_weight': 70.72254449717482}. Best is trial 7 with value: 0.3323724080562034.[0m
[32m[I 2023-01-29 18:30:29,404][0m Trial 9 finished with value: 30.51861743445005 and parameters: {'max_depth': 12, 'learning_rate': 0.014255449161794368, 'colsample_bytree': 0.4034724433109933, 'subsample': 0.6012725606067151, 'alpha': 0.02679408741335582, 'lambda': 0.00011088384699910948, 'gamma': 3.14909160330647e-06, 'min_child_weight': 360.1956870154361}. Best is trial 7 with value: 0.3323724080562034.[0m
[32m[I 2023-01-29 18:34:20,134][0m Trial 10 finished with value: 0.2925123445409025 and parameters: {'max_depth': 5, 'learning_rate': 0.006567809537515869, 'colsample_bytree': 0.21621561786557644, 'subsample': 0.7970940592228932, 'alpha': 1.3377133540080883, 'lambda': 1.0144403074360882e-05, 'gamma': 1.5627923896721316e-05, 'min_child_weight': 10.640987174643799}. Best is trial 10 with value: 0.2925123445409025.[0m
[32m[I 2023-01-29 18:41:11,783][0m Trial 11 finished with value: 0.33956909110742767 and parameters: {'max_depth': 5, 'learning_rate': 0.005543865511666535, 'colsample_bytree': 0.20765676745546233, 'subsample': 0.6834696849362206, 'alpha': 1.4466901926024043, 'lambda': 6.041790057262062e-06, 'gamma': 4.151987376386764e-05, 'min_child_weight': 13.873126188153087}. Best is trial 10 with value: 0.2925123445409025.[0m
[32m[I 2023-01-29 18:43:27,650][0m Trial 12 finished with value: 0.2924708469764592 and parameters: {'max_depth': 6, 'learning_rate': 0.005866792705150466, 'colsample_bytree': 0.2910589056855634, 'subsample': 0.793600856214006, 'alpha': 1.229291320063178, 'lambda': 1.1607426795989462e-05, 'gamma': 0.00013753625403400063, 'min_child_weight': 10.78902132681466}. Best is trial 12 with value: 0.2924708469764592.[0m
[32m[I 2023-01-29 18:43:31,953][0m Trial 13 finished with value: 30.51861743445005 and parameters: {'max_depth': 7, 'learning_rate': 0.005422737367983435, 'colsample_bytree': 0.2917798509828567, 'subsample': 0.7978228010594824, 'alpha': 0.6779098352750199, 'lambda': 5.508214574555719e-06, 'gamma': 3.8268457229600976e-05, 'min_child_weight': 173.1555108719887}. Best is trial 12 with value: 0.2924708469764592.[0m
[32m[I 2023-01-29 18:43:38,587][0m Trial 14 finished with value: 30.51861743445005 and parameters: {'max_depth': 6, 'learning_rate': 0.00810852828920434, 'colsample_bytree': 0.2533676735480054, 'subsample': 0.7916145209323586, 'alpha': 1.148197893820709, 'lambda': 1.3086313637286283e-05, 'gamma': 6.485156403203602e-05, 'min_child_weight': 25.97491109022437}. Best is trial 12 with value: 0.2924708469764592.[0m
[32m[I 2023-01-29 18:43:46,805][0m Trial 15 finished with value: 30.51861743445005 and parameters: {'max_depth': 6, 'learning_rate': 0.007455611469014283, 'colsample_bytree': 0.3540365674811706, 'subsample': 0.5486652629805829, 'alpha': 0.2782118277902271, 'lambda': 5.922197028605609e-07, 'gamma': 2.700834223045526e-06, 'min_child_weight': 177.37924521155963}. Best is trial 12 with value: 0.2924708469764592.[0m
[32m[I 2023-01-29 18:43:55,095][0m Trial 16 finished with value: 30.51861743445005 and parameters: {'max_depth': 4, 'learning_rate': 0.008129558517074439, 'colsample_bytree': 0.25804328607058596, 'subsample': 0.4044934556583538, 'alpha': 9.35511413122349, 'lambda': 5.3968385325747976e-05, 'gamma': 0.0002581467289011651, 'min_child_weight': 22.28790554543557}. Best is trial 12 with value: 0.2924708469764592.[0m
[32m[I 2023-01-29 18:47:35,472][0m Trial 17 finished with value: 0.32017019975270944 and parameters: {'max_depth': 7, 'learning_rate': 0.010613176832023383, 'colsample_bytree': 0.32971506955233526, 'subsample': 0.6369468342386365, 'alpha': 2.6349971966520904, 'lambda': 8.075318525680044e-07, 'gamma': 4.311350068377529e-06, 'min_child_weight': 10.962200626124082}. Best is trial 12 with value: 0.2924708469764592.[0m
[32m[I 2023-01-29 18:47:39,461][0m Trial 18 finished with value: 30.51861743445005 and parameters: {'max_depth': 6, 'learning_rate': 0.00609665355480582, 'colsample_bytree': 0.2706359850266361, 'subsample': 0.735024722114105, 'alpha': 0.6640731115806414, 'lambda': 1.5611060631108224e-08, 'gamma': 4.6441204017974815, 'min_child_weight': 121.93691450689178}. Best is trial 12 with value: 0.2924708469764592.[0m
[32m[I 2023-01-29 18:47:42,591][0m Trial 19 finished with value: 30.51861743445005 and parameters: {'max_depth': 5, 'learning_rate': 0.011924259172799117, 'colsample_bytree': 0.2010018672710816, 'subsample': 0.5549141775553947, 'alpha': 0.16001169325529843, 'lambda': 5.003708019138962e-05, 'gamma': 0.0013880734266108062, 'min_child_weight': 41.23949608090895}. Best is trial 12 with value: 0.2924708469764592.[0m
[32m[I 2023-01-29 18:49:30,595][0m Trial 20 finished with value: 0.2942808251465919 and parameters: {'max_depth': 7, 'learning_rate': 0.0077850600546384196, 'colsample_bytree': 0.3344033826157345, 'subsample': 0.7787164290127743, 'alpha': 1.5275184350938587, 'lambda': 1.211085262343386e-06, 'gamma': 0.00938475830895533, 'min_child_weight': 10.387701473876321}. Best is trial 12 with value: 0.2924708469764592.[0m
[32m[I 2023-01-29 18:51:14,935][0m Trial 21 finished with value: 0.29107815736413706 and parameters: {'max_depth': 7, 'learning_rate': 0.007105089611980685, 'colsample_bytree': 0.3427209444904343, 'subsample': 0.799554507508218, 'alpha': 1.2007671781415923, 'lambda': 1.2694915551190414e-06, 'gamma': 0.025186372273789746, 'min_child_weight': 10.607879666859288}. Best is trial 21 with value: 0.29107815736413706.[0m
[32m[I 2023-01-29 18:51:22,180][0m Trial 22 finished with value: 30.51861743445005 and parameters: {'max_depth': 8, 'learning_rate': 0.006154244550788296, 'colsample_bytree': 0.38251724651665014, 'subsample': 0.715303946209606, 'alpha': 0.7163613464791033, 'lambda': 1.9530717969812054e-07, 'gamma': 0.06503721856340454, 'min_child_weight': 19.232353976461866}. Best is trial 21 with value: 0.29107815736413706.[0m
[32m[I 2023-01-29 18:51:29,635][0m Trial 23 finished with value: 30.51861743445005 and parameters: {'max_depth': 6, 'learning_rate': 0.005005058086996893, 'colsample_bytree': 0.2473868532481614, 'subsample': 0.7653013803115853, 'alpha': 4.7746238586433, 'lambda': 8.34120266969191e-06, 'gamma': 0.0003600165174476428, 'min_child_weight': 18.56726039760106}. Best is trial 21 with value: 0.29107815736413706.[0m
[32m[I 2023-01-29 18:51:34,867][0m Trial 24 finished with value: 30.51861743445005 and parameters: {'max_depth': 8, 'learning_rate': 0.006712954417461807, 'colsample_bytree': 0.3112034428609751, 'subsample': 0.7989664364970983, 'alpha': 1.5966424313038188, 'lambda': 0.0004038405021004134, 'gamma': 1.5300645973556285e-05, 'min_child_weight': 30.481459800086032}. Best is trial 21 with value: 0.29107815736413706.[0m
[32m[I 2023-01-29 18:51:41,499][0m Trial 25 finished with value: 29.977582691367434 and parameters: {'max_depth': 5, 'learning_rate': 0.009038561781732998, 'colsample_bytree': 0.27923255697280513, 'subsample': 0.7049894717941194, 'alpha': 0.4104470474964245, 'lambda': 2.5021068559596863e-06, 'gamma': 0.10535253929440845, 'min_child_weight': 15.025973147169205}. Best is trial 21 with value: 0.29107815736413706.[0m
[32m[I 2023-01-29 18:53:07,718][0m Trial 26 finished with value: 0.2917088012677677 and parameters: {'max_depth': 4, 'learning_rate': 0.00966280561625084, 'colsample_bytree': 0.23180356548202405, 'subsample': 0.660690531219249, 'alpha': 1.0713228786008773, 'lambda': 2.2325523505595929e-07, 'gamma': 0.0002801020717103983, 'min_child_weight': 10.535602271994831}. Best is trial 21 with value: 0.29107815736413706.[0m
[32m[I 2023-01-29 18:53:14,914][0m Trial 27 finished with value: 30.51861743445005 and parameters: {'max_depth': 4, 'learning_rate': 0.01386587295560643, 'colsample_bytree': 0.3472877044948406, 'subsample': 0.6464937622404459, 'alpha': 0.8019079670961878, 'lambda': 8.458637801723708e-08, 'gamma': 0.0024410455294932316, 'min_child_weight': 24.628879945310235}. Best is trial 21 with value: 0.29107815736413706.[0m
[32m[I 2023-01-29 18:53:22,952][0m Trial 28 finished with value: 30.51861743445005 and parameters: {'max_depth': 7, 'learning_rate': 0.009685740817830347, 'colsample_bytree': 0.4139630479432678, 'subsample': 0.6597735128990185, 'alpha': 2.624775733115433, 'lambda': 1.0727567022820055e-08, 'gamma': 0.00017225158566395497, 'min_child_weight': 79.80484355215532}. Best is trial 21 with value: 0.29107815736413706.[0m
[32m[I 2023-01-29 18:53:29,412][0m Trial 29 finished with value: 30.51861743445005 and parameters: {'max_depth': 4, 'learning_rate': 0.012532722504445723, 'colsample_bytree': 0.5404638490578458, 'subsample': 0.5644900403597592, 'alpha': 0.42364096828579756, 'lambda': 3.387428836145091e-07, 'gamma': 0.030919580630071126, 'min_child_weight': 321.5925259189849}. Best is trial 21 with value: 0.29107815736413706.[0m
[32m[I 2023-01-29 18:53:32,378][0m Trial 30 finished with value: 30.51861743445005 and parameters: {'max_depth': 6, 'learning_rate': 0.00919557498074948, 'colsample_bytree': 0.23465123024094595, 'subsample': 0.683197044661036, 'alpha': 0.1378593906813921, 'lambda': 8.016942719575982e-08, 'gamma': 7.096078904262225, 'min_child_weight': 36.97773941285345}. Best is trial 21 with value: 0.29107815736413706.[0m
[32m[I 2023-01-29 18:55:15,818][0m Trial 31 finished with value: 0.29070256888984397 and parameters: {'max_depth': 5, 'learning_rate': 0.0068179177321602575, 'colsample_bytree': 0.21833857200783618, 'subsample': 0.764800081268095, 'alpha': 0.943166798138503, 'lambda': 4.0268574103542214e-05, 'gamma': 8.399583328983587e-06, 'min_child_weight': 10.65199878406326}. Best is trial 31 with value: 0.29070256888984397.[0m
[32m[I 2023-01-29 18:58:36,712][0m Trial 32 finished with value: 0.5307523256055589 and parameters: {'max_depth': 5, 'learning_rate': 0.007088433616764126, 'colsample_bytree': 0.2370207272885656, 'subsample': 0.7624459865957305, 'alpha': 5.5771967450020625, 'lambda': 2.4351263182158854e-05, 'gamma': 1.252050340528691e-06, 'min_child_weight': 14.46476823162277}. Best is trial 31 with value: 0.29070256888984397.[0m
[32m[I 2023-01-29 18:59:20,641][0m Trial 33 finished with value: 0.29104086618525005 and parameters: {'max_depth': 4, 'learning_rate': 0.006137369149186376, 'colsample_bytree': 0.2675878326749864, 'subsample': 0.756361237008237, 'alpha': 0.9650065230204032, 'lambda': 0.0003557555594817001, 'gamma': 0.0005249508218486309, 'min_child_weight': 10.101503006847501}. Best is trial 31 with value: 0.29070256888984397.[0m
[32m[I 2023-01-29 18:59:23,240][0m Trial 34 finished with value: 30.51861743445005 and parameters: {'max_depth': 4, 'learning_rate': 0.016398527673901906, 'colsample_bytree': 0.22888220900604134, 'subsample': 0.7175153391574446, 'alpha': 2.096673370220857, 'lambda': 0.00023624497648863462, 'gamma': 0.0008085031458038115, 'min_child_weight': 17.67369834422798}. Best is trial 31 with value: 0.29070256888984397.[0m
[32m[I 2023-01-29 18:59:26,148][0m Trial 35 finished with value: 30.51861743445005 and parameters: {'max_depth': 4, 'learning_rate': 0.008922977909373127, 'colsample_bytree': 0.27598915389275236, 'subsample': 0.7551312487044716, 'alpha': 0.8761869658077628, 'lambda': 0.0004909493500767825, 'gamma': 0.004482193752598462, 'min_child_weight': 29.351050814703804}. Best is trial 31 with value: 0.29070256888984397.[0m
[32m[I 2023-01-29 18:59:28,812][0m Trial 36 finished with value: 30.51861743445005 and parameters: {'max_depth': 10, 'learning_rate': 0.005022880190001995, 'colsample_bytree': 0.45963259438849235, 'subsample': 0.7648515502585681, 'alpha': 0.5016689612698394, 'lambda': 0.005362664206002549, 'gamma': 1.2546820072683304e-08, 'min_child_weight': 51.64391969568832}. Best is trial 31 with value: 0.29070256888984397.[0m
[32m[I 2023-01-29 18:59:31,985][0m Trial 37 finished with value: 30.51861743445005 and parameters: {'max_depth': 4, 'learning_rate': 0.01992619822870984, 'colsample_bytree': 0.32613235136233837, 'subsample': 0.7239092357728432, 'alpha': 0.08533793435610051, 'lambda': 2.1988489599377835e-06, 'gamma': 0.022174289751707703, 'min_child_weight': 20.827977414096996}. Best is trial 31 with value: 0.29070256888984397.[0m
