[32m[I 2023-01-30 05:00:39,357][0m Trial 26 finished with value: 28.166024641281496 and parameters: {'max_depth': 10, 'learning_rate': 0.008715036562437955, 'colsample_bytree': 0.36463945508004353, 'subsample': 0.5599161814725335, 'alpha': 0.3362075181203444, 'lambda': 9.468689347955006, 'gamma': 0.03891050197932714, 'min_child_weight': 100.47710185940018}. Best is trial 0 with value: 28.166024641281496.[0m
[32m[I 2023-01-30 05:00:42,058][0m Trial 27 finished with value: 28.166024641281496 and parameters: {'max_depth': 4, 'learning_rate': 0.005952072331355954, 'colsample_bytree': 0.530003401404091, 'subsample': 0.7058912791380674, 'alpha': 1.7636607757592888, 'lambda': 1.3076281710681504e-05, 'gamma': 8.652794268624542e-06, 'min_child_weight': 10.82521358564583}. Best is trial 0 with value: 28.166024641281496.[0m
[32m[I 2023-01-30 05:00:44,606][0m Trial 28 finished with value: 28.166024641281496 and parameters: {'max_depth': 9, 'learning_rate': 0.0060384440565091355, 'colsample_bytree': 0.43284481632753236, 'subsample': 0.7382383913763119, 'alpha': 9.061438041100622, 'lambda': 0.0006750745143388186, 'gamma': 7.9809298429541755, 'min_child_weight': 25.230130183874}. Best is trial 0 with value: 28.166024641281496.[0m
[32m[I 2023-01-30 05:00:48,157][0m Trial 29 finished with value: 28.166024641281496 and parameters: {'max_depth': 11, 'learning_rate': 0.009251395105392128, 'colsample_bytree': 0.38317648121782305, 'subsample': 0.5745615336644223, 'alpha': 4.139164570001021, 'lambda': 5.818571461879875, 'gamma': 0.0007343897904169923, 'min_child_weight': 68.11319962973158}. Best is trial 0 with value: 28.166024641281496.[0m
[32m[I 2023-01-30 05:00:50,490][0m Trial 30 finished with value: 28.166024641281496 and parameters: {'max_depth': 4, 'learning_rate': 0.012149830858035891, 'colsample_bytree': 0.3263640077196276, 'subsample': 0.6712965988394746, 'alpha': 1.0372216178955571, 'lambda': 0.1852784345281882, 'gamma': 4.863240556549978e-07, 'min_child_weight': 250.20335120378343}. Best is trial 0 with value: 28.166024641281496.[0m
[32m[I 2023-01-30 05:00:52,971][0m Trial 31 finished with value: 28.166024641281496 and parameters: {'max_depth': 9, 'learning_rate': 0.005861207829570665, 'colsample_bytree': 0.37614797193579713, 'subsample': 0.6924503362617376, 'alpha': 9.609175471105752, 'lambda': 0.2705491014252109, 'gamma': 9.522158951732235, 'min_child_weight': 10.631458232349132}. Best is trial 0 with value: 28.166024641281496.[0m
[32m[I 2023-01-30 05:00:55,047][0m Trial 32 finished with value: 28.166024641281496 and parameters: {'max_depth': 11, 'learning_rate': 0.008973086217793864, 'colsample_bytree': 0.5098589848270113, 'subsample': 0.7420953998160186, 'alpha': 5.206446178982096, 'lambda': 0.007883728743861361, 'gamma': 0.000954523937804888, 'min_child_weight': 19.432981160398455}. Best is trial 0 with value: 28.166024641281496.[0m
[32m[I 2023-01-30 05:00:57,692][0m Trial 33 finished with value: 28.166024641281496 and parameters: {'max_depth': 8, 'learning_rate': 0.012579426333065427, 'colsample_bytree': 0.32539440362989536, 'subsample': 0.6496963019501313, 'alpha': 1.2241321626745498, 'lambda': 0.7539047998506224, 'gamma': 2.1810686784924733e-07, 'min_child_weight': 239.64149117479758}. Best is trial 0 with value: 28.166024641281496.[0m
[32m[I 2023-01-30 05:00:59,932][0m Trial 34 finished with value: 28.166024641281496 and parameters: {'max_depth': 11, 'learning_rate': 0.012464157572807624, 'colsample_bytree': 0.3970928561128091, 'subsample': 0.6832982565927327, 'alpha': 3.657497724096215, 'lambda': 0.3709319127420668, 'gamma': 2.48362261444889e-08, 'min_child_weight': 258.9580546898395}. Best is trial 0 with value: 28.166024641281496.[0m
[32m[I 2023-01-30 05:01:02,424][0m Trial 35 finished with value: 28.166024641281496 and parameters: {'max_depth': 7, 'learning_rate': 0.038223249383644436, 'colsample_bytree': 0.578621602861193, 'subsample': 0.7708786441225179, 'alpha': 0.5831968009152626, 'lambda': 3.576755825983848e-06, 'gamma': 0.0001863127792740224, 'min_child_weight': 514.817543796549}. Best is trial 0 with value: 28.166024641281496.[0m
[32m[I 2023-01-30 05:01:04,768][0m Trial 36 finished with value: 28.166024641281496 and parameters: {'max_depth': 7, 'learning_rate': 0.027635700060125213, 'colsample_bytree': 0.4580190814772319, 'subsample': 0.7933726807044265, 'alpha': 0.25741696247065604, 'lambda': 6.172684250717465e-05, 'gamma': 0.3105603334014282, 'min_child_weight': 58.11757857976043}. Best is trial 0 with value: 28.166024641281496.[0m
[32m[I 2023-01-30 05:01:06,936][0m Trial 37 finished with value: 28.166024641281496 and parameters: {'max_depth': 5, 'learning_rate': 0.007307457831449807, 'colsample_bytree': 0.453933698390635, 'subsample': 0.6007358982836275, 'alpha': 0.40948805127692983, 'lambda': 2.114438617598298e-06, 'gamma': 1.4829546551214068, 'min_child_weight': 28.14376975307659}. Best is trial 0 with value: 28.166024641281496.[0m
[32m[I 2023-01-30 05:01:09,475][0m Trial 38 finished with value: 28.166024641281496 and parameters: {'max_depth': 10, 'learning_rate': 0.008060546764859377, 'colsample_bytree': 0.2746297952154106, 'subsample': 0.6333198070703698, 'alpha': 0.048668063830661815, 'lambda': 6.801699353192358e-08, 'gamma': 0.017791691358349907, 'min_child_weight': 100.10740255700038}. Best is trial 0 with value: 28.166024641281496.[0m
[32m[I 2023-01-30 05:01:12,289][0m Trial 39 finished with value: 28.166024641281496 and parameters: {'max_depth': 10, 'learning_rate': 0.0050577053929784085, 'colsample_bytree': 0.4995257211602139, 'subsample': 0.6198005302320019, 'alpha': 0.14826489124167083, 'lambda': 5.805185438221454e-06, 'gamma': 0.12383885470294179, 'min_child_weight': 133.39349412208932}. Best is trial 0 with value: 28.166024641281496.[0m
[32m[I 2023-01-30 05:01:15,704][0m Trial 40 finished with value: 28.166024641281496 and parameters: {'max_depth': 8, 'learning_rate': 0.006425010635272426, 'colsample_bytree': 0.5990702850167772, 'subsample': 0.5363581289609671, 'alpha': 0.019916361780994225, 'lambda': 0.0003856584648269447, 'gamma': 1.7564834097709663e-05, 'min_child_weight': 13.48291939145931}. Best is trial 0 with value: 28.166024641281496.[0m
[32m[I 2023-01-30 05:01:18,144][0m Trial 41 finished with value: 28.166024641281496 and parameters: {'max_depth': 9, 'learning_rate': 0.006984803425458604, 'colsample_bytree': 0.5359599689406775, 'subsample': 0.5856424099182209, 'alpha': 2.8319272307372096, 'lambda': 0.0009172284579037175, 'gamma': 1.6764490455052536, 'min_child_weight': 30.78847089855454}. Best is trial 0 with value: 28.166024641281496.[0m
[32m[I 2023-01-30 05:01:20,457][0m Trial 42 finished with value: 28.166024641281496 and parameters: {'max_depth': 10, 'learning_rate': 0.008663267632053454, 'colsample_bytree': 0.554388778411471, 'subsample': 0.5556973767149784, 'alpha': 0.3824093915356835, 'lambda': 1.3505662608446534e-05, 'gamma': 0.02258528896960789, 'min_child_weight': 98.76784333160371}. Best is trial 0 with value: 28.166024641281496.[0m
[32m[I 2023-01-30 05:01:23,436][0m Trial 43 finished with value: 28.166024641281496 and parameters: {'max_depth': 8, 'learning_rate': 0.005631681280699035, 'colsample_bytree': 0.5158431974823444, 'subsample': 0.5659822764499379, 'alpha': 5.650295296121803, 'lambda': 0.03301670775224521, 'gamma': 0.08421997130586377, 'min_child_weight': 114.13301630083359}. Best is trial 0 with value: 28.166024641281496.[0m
[32m[I 2023-01-30 05:01:25,755][0m Trial 44 finished with value: 28.166024641281496 and parameters: {'max_depth': 4, 'learning_rate': 0.006270656366544572, 'colsample_bytree': 0.4945263521019577, 'subsample': 0.7199635003092578, 'alpha': 2.0817826811583173, 'lambda': 1.6535779006586692e-05, 'gamma': 1.3055780052320615e-05, 'min_child_weight': 10.11688341814919}. Best is trial 0 with value: 28.166024641281496.[0m
[32m[I 2023-01-30 05:01:28,086][0m Trial 45 finished with value: 28.166024641281496 and parameters: {'max_depth': 6, 'learning_rate': 0.005603570033445084, 'colsample_bytree': 0.5284193065141829, 'subsample': 0.6988359091224259, 'alpha': 1.236042222710127, 'lambda': 0.00021336687323441475, 'gamma': 2.438237960924081e-06, 'min_child_weight': 17.56643608824262}. Best is trial 0 with value: 28.166024641281496.[0m
[32m[I 2023-01-30 05:01:30,856][0m Trial 46 finished with value: 28.166024641281496 and parameters: {'max_depth': 9, 'learning_rate': 0.006086237635422739, 'colsample_bytree': 0.4294630518345672, 'subsample': 0.7531832185825282, 'alpha': 7.340528858077881, 'lambda': 0.0007649753528916989, 'gamma': 4.979371895229918, 'min_child_weight': 26.22120051467737}. Best is trial 0 with value: 28.166024641281496.[0m
[32m[I 2023-01-30 05:01:33,291][0m Trial 47 finished with value: 28.166024641281496 and parameters: {'max_depth': 9, 'learning_rate': 0.006514370257616104, 'colsample_bytree': 0.4293379340060096, 'subsample': 0.4572098707886003, 'alpha': 7.574309521256922, 'lambda': 0.010520694398981349, 'gamma': 4.129779701226747, 'min_child_weight': 21.69237913146635}. Best is trial 0 with value: 28.166024641281496.[0m
[32m[I 2023-01-30 05:01:35,756][0m Trial 48 finished with value: 28.166024641281496 and parameters: {'max_depth': 12, 'learning_rate': 0.009112185371113487, 'colsample_bytree': 0.3898853861601781, 'subsample': 0.5859656746258164, 'alpha': 4.225573533812125, 'lambda': 3.210627377231739, 'gamma': 0.0003830231756902663, 'min_child_weight': 64.09344896631231}. Best is trial 0 with value: 28.166024641281496.[0m
[32m[I 2023-01-30 05:01:38,312][0m Trial 49 finished with value: 28.166024641281496 and parameters: {'max_depth': 11, 'learning_rate': 0.010438950332915939, 'colsample_bytree': 0.36849188283266354, 'subsample': 0.5342699317736564, 'alpha': 3.3144033433260347, 'lambda': 6.490268371319583, 'gamma': 0.0010788288480495167, 'min_child_weight': 15.468586130736119}. Best is trial 0 with value: 28.166024641281496.[0m
[32m[I 2023-01-30 05:01:41,040][0m Trial 50 finished with value: 28.166024641281496 and parameters: {'max_depth': 4, 'learning_rate': 0.018774055739128492, 'colsample_bytree': 0.3185626230040981, 'subsample': 0.6569038760661298, 'alpha': 1.038402741731806, 'lambda': 0.10780973611247828, 'gamma': 2.686288522490016e-07, 'min_child_weight': 218.984145551475}. Best is trial 0 with value: 28.166024641281496.[0m
[32m[I 2023-01-30 05:01:43,492][0m Trial 51 finished with value: 28.166024641281496 and parameters: {'max_depth': 4, 'learning_rate': 0.013163199331094368, 'colsample_bytree': 0.3772382096471206, 'subsample': 0.6869836320084003, 'alpha': 9.937557730721148, 'lambda': 0.2452256075252029, 'gamma': 8.827185268371778e-07, 'min_child_weight': 13.056275523390227}. Best is trial 0 with value: 28.166024641281496.[0m
[32m[I 2023-01-30 05:01:48,673][0m Trial 52 finished with value: 28.166024641281496 and parameters: {'max_depth': 11, 'learning_rate': 0.011425595466576805, 'colsample_bytree': 0.3338716779225744, 'subsample': 0.7510947185991798, 'alpha': 6.499228908693759, 'lambda': 0.00874136469578069, 'gamma': 0.001964875499549299, 'min_child_weight': 21.669774313082222}. Best is trial 0 with value: 28.166024641281496.[0m
[32m[I 2023-01-30 05:01:51,096][0m Trial 53 finished with value: 28.166024641281496 and parameters: {'max_depth': 11, 'learning_rate': 0.01752910923498215, 'colsample_bytree': 0.4090512762703107, 'subsample': 0.7330268642998421, 'alpha': 8.79906645346921, 'lambda': 1.1627431262639747, 'gamma': 0.000778938441041444, 'min_child_weight': 22.58882726928498}. Best is trial 0 with value: 28.166024641281496.[0m
[32m[I 2023-01-30 05:01:53,533][0m Trial 54 finished with value: 28.166024641281496 and parameters: {'max_depth': 12, 'learning_rate': 0.009629478262136342, 'colsample_bytree': 0.3262173014960551, 'subsample': 0.6470789773039797, 'alpha': 1.3341707894782835, 'lambda': 0.7288649496390869, 'gamma': 3.4743601381951435e-05, 'min_child_weight': 293.9864957417637}. Best is trial 0 with value: 28.166024641281496.[0m
[32m[I 2023-01-30 05:01:55,964][0m Trial 55 finished with value: 28.166024641281496 and parameters: {'max_depth': 8, 'learning_rate': 0.014119275324056716, 'colsample_bytree': 0.3438053654990712, 'subsample': 0.6747331165800554, 'alpha': 3.120207966864364, 'lambda': 0.1095181415478401, 'gamma': 2.878391364635409e-07, 'min_child_weight': 367.94588576370256}. Best is trial 0 with value: 28.166024641281496.[0m
[32m[I 2023-01-30 05:01:58,404][0m Trial 56 finished with value: 28.166024641281496 and parameters: {'max_depth': 6, 'learning_rate': 0.012039958038427301, 'colsample_bytree': 0.3003509488784533, 'subsample': 0.6899821621472293, 'alpha': 0.8480222749848547, 'lambda': 0.48316516200449305, 'gamma': 1.7268328393899664e-08, 'min_child_weight': 235.240254864769}. Best is trial 0 with value: 28.166024641281496.[0m
[32m[I 2023-01-30 05:02:00,837][0m Trial 57 finished with value: 28.166024641281496 and parameters: {'max_depth': 12, 'learning_rate': 0.012901530334806127, 'colsample_bytree': 0.39709113829118586, 'subsample': 0.6672166838780493, 'alpha': 5.213722204067891, 'lambda': 0.288543596830133, 'gamma': 4.752958032526189e-08, 'min_child_weight': 263.23835239731545}. Best is trial 0 with value: 28.166024641281496.[0m
[32m[I 2023-01-30 05:02:03,398][0m Trial 58 finished with value: 28.166024641281496 and parameters: {'max_depth': 7, 'learning_rate': 0.04591032944816553, 'colsample_bytree': 0.28295594102066535, 'subsample': 0.7713460377363919, 'alpha': 0.6124484816533831, 'lambda': 0.02069028929101755, 'gamma': 7.86787485786987e-08, 'min_child_weight': 583.8246746613335}. Best is trial 0 with value: 28.166024641281496.[0m
[32m[I 2023-01-30 05:02:05,671][0m Trial 59 finished with value: 28.166024641281496 and parameters: {'max_depth': 7, 'learning_rate': 0.038570149716612434, 'colsample_bytree': 0.21746774660955587, 'subsample': 0.768249674164626, 'alpha': 2.7516304587046756, 'lambda': 1.6601837591655688, 'gamma': 0.0002382312215455725, 'min_child_weight': 699.9556899756327}. Best is trial 0 with value: 28.166024641281496.[0m
[32m[I 2023-01-30 05:02:08,190][0m Trial 60 finished with value: 28.166024641281496 and parameters: {'max_depth': 7, 'learning_rate': 0.024587941246761974, 'colsample_bytree': 0.571264383292288, 'subsample': 0.778441655361638, 'alpha': 0.28460022877374885, 'lambda': 7.343293651386651e-05, 'gamma': 6.033640905246777e-08, 'min_child_weight': 490.4919466550294}. Best is trial 0 with value: 28.166024641281496.[0m
[32m[I 2023-01-30 05:02:10,822][0m Trial 61 finished with value: 28.166024641281496 and parameters: {'max_depth': 6, 'learning_rate': 0.029796631442055594, 'colsample_bytree': 0.45653919948532895, 'subsample': 0.7986984483520114, 'alpha': 0.5039529797676436, 'lambda': 9.736213576977306e-07, 'gamma': 0.6188122801461109, 'min_child_weight': 53.8071752849133}. Best is trial 0 with value: 28.166024641281496.[0m
[32m[I 2023-01-30 05:02:13,219][0m Trial 62 finished with value: 28.166024641281496 and parameters: {'max_depth': 5, 'learning_rate': 0.007851988078129033, 'colsample_bytree': 0.27498987236797884, 'subsample': 0.6315864835394233, 'alpha': 0.04803752808845379, 'lambda': 4.3297601998586614e-08, 'gamma': 0.12983421314282229, 'min_child_weight': 202.46088346782946}. Best is trial 0 with value: 28.166024641281496.[0m
[32m[I 2023-01-30 05:02:16,760][0m Trial 63 finished with value: 28.166024641281496 and parameters: {'max_depth': 6, 'learning_rate': 0.04093578072512311, 'colsample_bytree': 0.4618488402235956, 'subsample': 0.642749551789516, 'alpha': 0.08902876203491342, 'lambda': 1.275651706400442e-07, 'gamma': 0.00887506736926748, 'min_child_weight': 153.91042277454082}. Best is trial 0 with value: 28.166024641281496.[0m
[32m[I 2023-01-30 05:02:19,511][0m Trial 64 finished with value: 28.166024641281496 and parameters: {'max_depth': 5, 'learning_rate': 0.035399124836959464, 'colsample_bytree': 0.48643032793965474, 'subsample': 0.5949651405102332, 'alpha': 0.23261485227565779, 'lambda': 4.521527455499478e-06, 'gamma': 0.10642995478851774, 'min_child_weight': 127.24735849190117}. Best is trial 0 with value: 28.166024641281496.[0m
[32m[I 2023-01-30 05:02:22,075][0m Trial 65 finished with value: 28.166024641281496 and parameters: {'max_depth': 7, 'learning_rate': 0.005339240281782959, 'colsample_bytree': 0.23913255055113658, 'subsample': 0.6167628547542826, 'alpha': 0.04927952739585764, 'lambda': 7.676407909554444e-07, 'gamma': 0.19495662170828792, 'min_child_weight': 84.80159449002348}. Best is trial 0 with value: 28.166024641281496.[0m
[32m[I 2023-01-30 05:02:24,350][0m Trial 66 finished with value: 28.166024641281496 and parameters: {'max_depth': 8, 'learning_rate': 0.048603734857696805, 'colsample_bytree': 0.5913169509962529, 'subsample': 0.6083058366795393, 'alpha': 0.02024382802750028, 'lambda': 1.9330500106422635e-06, 'gamma': 0.0634804548831163, 'min_child_weight': 56.3171328816099}. Best is trial 0 with value: 28.166024641281496.[0m
[32m[I 2023-01-30 05:02:26,647][0m Trial 67 finished with value: 28.166024641281496 and parameters: {'max_depth': 7, 'learning_rate': 0.028168413799212703, 'colsample_bytree': 0.5701868202451821, 'subsample': 0.6279116514732593, 'alpha': 0.013959570516076209, 'lambda': 5.2325407605017844e-05, 'gamma': 4.9237355965999905e-05, 'min_child_weight': 134.39349152053774}. Best is trial 0 with value: 28.166024641281496.[0m
[32m[I 2023-01-30 05:02:32,649][0m Trial 68 finished with value: 28.166024641281496 and parameters: {'max_depth': 10, 'learning_rate': 0.007300546808914663, 'colsample_bytree': 0.5442458032470239, 'subsample': 0.5964554967404214, 'alpha': 0.019349152831330298, 'lambda': 0.0002399127292491426, 'gamma': 1.641374632290003, 'min_child_weight': 34.26982210469691}. Best is trial 0 with value: 28.166024641281496.[0m
[32m[I 2023-01-30 05:02:35,384][0m Trial 69 finished with value: 28.166024641281496 and parameters: {'max_depth': 8, 'learning_rate': 0.006802479630153637, 'colsample_bytree': 0.4455271375489369, 'subsample': 0.528068993838967, 'alpha': 0.17876006638278977, 'lambda': 4.031214264206966e-08, 'gamma': 2.2125451568612746, 'min_child_weight': 27.37552107224064}. Best is trial 0 with value: 28.166024641281496.[0m
[32m[I 2023-01-30 05:02:37,761][0m Trial 70 finished with value: 28.166024641281496 and parameters: {'max_depth': 10, 'learning_rate': 0.007756452123813235, 'colsample_bytree': 0.5471415880488644, 'subsample': 0.5470797899334984, 'alpha': 0.01027099594258038, 'lambda': 7.299920726829346e-06, 'gamma': 0.02107973364958998, 'min_child_weight': 34.71294130249946}. Best is trial 0 with value: 28.166024641281496.[0m
[32m[I 2023-01-30 05:02:40,305][0m Trial 71 finished with value: 28.166024641281496 and parameters: {'max_depth': 4, 'learning_rate': 0.01931103836632945, 'colsample_bytree': 0.36901678559964335, 'subsample': 0.45985062319532344, 'alpha': 7.202518631670342, 'lambda': 4.051603842972592, 'gamma': 1.6806896841522952e-06, 'min_child_weight': 15.517499680829456}. Best is trial 0 with value: 28.166024641281496.[0m
[32m[I 2023-01-30 05:02:42,790][0m Trial 72 finished with value: 28.166024641281496 and parameters: {'max_depth': 12, 'learning_rate': 0.011199087698682114, 'colsample_bytree': 0.41677338087430815, 'subsample': 0.7544036319319252, 'alpha': 7.102445165665117, 'lambda': 0.004480579484189401, 'gamma': 0.0019500748117109285, 'min_child_weight': 13.84665414267576}. Best is trial 0 with value: 28.166024641281496.[0m
[32m[I 2023-01-30 05:02:46,474][0m Trial 73 finished with value: 28.166024641281496 and parameters: {'max_depth': 11, 'learning_rate': 0.011036787293078087, 'colsample_bytree': 0.3864828832593009, 'subsample': 0.41796415710336066, 'alpha': 6.283633709356669, 'lambda': 0.08116245385072116, 'gamma': 4.288445650265157, 'min_child_weight': 20.874610178187954}. Best is trial 0 with value: 28.166024641281496.[0m
[32m[I 2023-01-30 05:02:48,878][0m Trial 74 finished with value: 28.166024641281496 and parameters: {'max_depth': 11, 'learning_rate': 0.01607864650893665, 'colsample_bytree': 0.35969425769749214, 'subsample': 0.4891596240486177, 'alpha': 9.47704849418722, 'lambda': 1.7494638719542244, 'gamma': 0.0004053497077175397, 'min_child_weight': 22.252663978322083}. Best is trial 0 with value: 28.166024641281496.[0m
[32m[I 2023-01-30 05:02:51,214][0m Trial 75 finished with value: 28.166024641281496 and parameters: {'max_depth': 12, 'learning_rate': 0.01900127421667359, 'colsample_bytree': 0.40996448048251105, 'subsample': 0.7322180325200507, 'alpha': 4.131077676778021, 'lambda': 2.874794409466936, 'gamma': 0.0026222697366771286, 'min_child_weight': 12.425234626288283}. Best is trial 0 with value: 28.166024641281496.[0m
[32m[I 2023-01-30 05:02:53,822][0m Trial 76 finished with value: 28.166024641281496 and parameters: {'max_depth': 12, 'learning_rate': 0.010264230624265526, 'colsample_bytree': 0.3291041334711095, 'subsample': 0.6586839467767172, 'alpha': 1.5265372501519703, 'lambda': 0.870332315978364, 'gamma': 0.0009279308768952786, 'min_child_weight': 311.49530508287086}. Best is trial 0 with value: 28.166024641281496.[0m
[32m[I 2023-01-30 05:02:56,407][0m Trial 77 finished with value: 28.166024641281496 and parameters: {'max_depth': 11, 'learning_rate': 0.009586662019851115, 'colsample_bytree': 0.3178954810428476, 'subsample': 0.6514203145262385, 'alpha': 3.6312780936548514, 'lambda': 5.981238717076333, 'gamma': 1.0980206519402063e-06, 'min_child_weight': 16.61927645360626}. Best is trial 0 with value: 28.166024641281496.[0m
