[32m[I 2023-01-29 18:22:47,375][0m Trial 41 finished with value: 17.4907083361109 and parameters: {'max_depth': 4, 'learning_rate': 0.007676835539606189, 'colsample_bytree': 0.5208482891389697, 'subsample': 0.6763296033221495, 'alpha': 0.29966173528599876, 'lambda': 0.014953693939271226, 'gamma': 1.2777773070083196, 'min_child_weight': 684.7736423409905}. Best is trial 0 with value: 17.4907083361109.[0m
[32m[I 2023-01-29 18:22:50,205][0m Trial 42 finished with value: 17.4907083361109 and parameters: {'max_depth': 5, 'learning_rate': 0.012243806680251578, 'colsample_bytree': 0.47968092951381835, 'subsample': 0.7425139760713275, 'alpha': 0.038023076266671174, 'lambda': 0.714096953419655, 'gamma': 0.005956269986452627, 'min_child_weight': 502.6975824111919}. Best is trial 0 with value: 17.4907083361109.[0m
[32m[I 2023-01-29 18:22:52,189][0m Trial 43 finished with value: 17.4907083361109 and parameters: {'max_depth': 9, 'learning_rate': 0.029675173770582368, 'colsample_bytree': 0.4368311618024099, 'subsample': 0.603862212110031, 'alpha': 0.020477983111488643, 'lambda': 0.004456196581967572, 'gamma': 0.00721418895158294, 'min_child_weight': 233.86528101101734}. Best is trial 0 with value: 17.4907083361109.[0m
[32m[I 2023-01-29 18:22:54,837][0m Trial 44 finished with value: 17.4907083361109 and parameters: {'max_depth': 8, 'learning_rate': 0.020697161319842783, 'colsample_bytree': 0.5524849100562995, 'subsample': 0.6660557014488423, 'alpha': 0.0109288411597525, 'lambda': 3.482334113790241, 'gamma': 0.15595483403204075, 'min_child_weight': 974.0644416999506}. Best is trial 0 with value: 17.4907083361109.[0m
[32m[I 2023-01-29 18:22:57,586][0m Trial 45 finished with value: 17.4907083361109 and parameters: {'max_depth': 6, 'learning_rate': 0.043967532592905055, 'colsample_bytree': 0.5738836085697476, 'subsample': 0.6933020238864105, 'alpha': 0.014840936221906098, 'lambda': 0.12513090094171514, 'gamma': 0.0016446831256981779, 'min_child_weight': 809.3282506977291}. Best is trial 0 with value: 17.4907083361109.[0m
[32m[I 2023-01-29 18:22:59,667][0m Trial 46 finished with value: 17.4907083361109 and parameters: {'max_depth': 4, 'learning_rate': 0.015090968312651117, 'colsample_bytree': 0.504323824744785, 'subsample': 0.7027006273331237, 'alpha': 0.3974217115576525, 'lambda': 0.007371414046008283, 'gamma': 0.1480778466793541, 'min_child_weight': 493.52024405129555}. Best is trial 0 with value: 17.4907083361109.[0m
[32m[I 2023-01-29 18:23:02,360][0m Trial 47 finished with value: 17.4907083361109 and parameters: {'max_depth': 4, 'learning_rate': 0.01200508529659143, 'colsample_bytree': 0.4798756061174377, 'subsample': 0.7349636846440496, 'alpha': 0.5812549144531246, 'lambda': 6.670442608024451, 'gamma': 0.08685669936344073, 'min_child_weight': 654.3168652024845}. Best is trial 0 with value: 17.4907083361109.[0m
[32m[I 2023-01-29 18:23:05,878][0m Trial 48 finished with value: 17.4907083361109 and parameters: {'max_depth': 9, 'learning_rate': 0.01961526670842178, 'colsample_bytree': 0.41986414517073384, 'subsample': 0.7650926642959767, 'alpha': 0.05892140597385504, 'lambda': 2.5565251538769393, 'gamma': 0.008407057364744045, 'min_child_weight': 330.2837822223406}. Best is trial 0 with value: 17.4907083361109.[0m
[32m[I 2023-01-29 18:23:09,046][0m Trial 49 finished with value: 17.4907083361109 and parameters: {'max_depth': 9, 'learning_rate': 0.016768879156149157, 'colsample_bytree': 0.39961147467761504, 'subsample': 0.774744600171147, 'alpha': 0.16746816881048568, 'lambda': 0.5252801544501141, 'gamma': 0.019578621007767784, 'min_child_weight': 967.8344167123261}. Best is trial 0 with value: 17.4907083361109.[0m
[32m[I 2023-01-29 18:23:12,512][0m Trial 50 finished with value: 17.4907083361109 and parameters: {'max_depth': 8, 'learning_rate': 0.04910883905786602, 'colsample_bytree': 0.5828134928083477, 'subsample': 0.7200093908902894, 'alpha': 0.06883302952008989, 'lambda': 9.090186259665238, 'gamma': 0.003812153770075459, 'min_child_weight': 988.3818836634348}. Best is trial 0 with value: 17.4907083361109.[0m
[32m[I 2023-01-29 18:23:15,800][0m Trial 51 finished with value: 17.4907083361109 and parameters: {'max_depth': 5, 'learning_rate': 0.03988678474967628, 'colsample_bytree': 0.5411779765185429, 'subsample': 0.7252417715877808, 'alpha': 0.016266179311573207, 'lambda': 1.5853222164834304, 'gamma': 0.6797831780779127, 'min_child_weight': 509.84779129330167}. Best is trial 0 with value: 17.4907083361109.[0m
[32m[I 2023-01-29 18:23:17,724][0m Trial 52 finished with value: 17.4907083361109 and parameters: {'max_depth': 12, 'learning_rate': 0.013496750685265926, 'colsample_bytree': 0.5344362578981235, 'subsample': 0.7432563258533885, 'alpha': 0.10060168234670208, 'lambda': 0.13551638351258127, 'gamma': 0.043070137883146564, 'min_child_weight': 581.4884677648585}. Best is trial 0 with value: 17.4907083361109.[0m
[32m[I 2023-01-29 18:23:19,728][0m Trial 53 finished with value: 17.4907083361109 and parameters: {'max_depth': 12, 'learning_rate': 0.01697885662406383, 'colsample_bytree': 0.5996848931820103, 'subsample': 0.7623189424202376, 'alpha': 0.08140037164875912, 'lambda': 0.2911390438260165, 'gamma': 0.3487601797261385, 'min_child_weight': 405.52314756377257}. Best is trial 0 with value: 17.4907083361109.[0m
[32m[I 2023-01-29 18:23:21,404][0m Trial 54 finished with value: 17.4907083361109 and parameters: {'max_depth': 5, 'learning_rate': 0.017611968375826258, 'colsample_bytree': 0.5594498459095792, 'subsample': 0.7122477074893417, 'alpha': 0.10822329581124093, 'lambda': 0.14782667013039244, 'gamma': 0.028524990035257942, 'min_child_weight': 304.53260774253636}. Best is trial 0 with value: 17.4907083361109.[0m
[32m[I 2023-01-29 18:23:23,593][0m Trial 55 finished with value: 17.4907083361109 and parameters: {'max_depth': 10, 'learning_rate': 0.019203087153858923, 'colsample_bytree': 0.5386869562393904, 'subsample': 0.7496342264101443, 'alpha': 0.10470203936615288, 'lambda': 0.07446462523421284, 'gamma': 0.025649882807180512, 'min_child_weight': 515.6595146383605}. Best is trial 0 with value: 17.4907083361109.[0m
[32m[I 2023-01-29 18:23:25,387][0m Trial 56 finished with value: 17.4907083361109 and parameters: {'max_depth': 12, 'learning_rate': 0.037710717933899116, 'colsample_bytree': 0.5766257904009002, 'subsample': 0.6624707383594838, 'alpha': 0.026087252325870936, 'lambda': 1.5829138669352294, 'gamma': 0.3016330508278637, 'min_child_weight': 411.7869914422067}. Best is trial 0 with value: 17.4907083361109.[0m
[32m[I 2023-01-29 18:23:27,099][0m Trial 57 finished with value: 17.4907083361109 and parameters: {'max_depth': 11, 'learning_rate': 0.033367105396933446, 'colsample_bytree': 0.5997777997150595, 'subsample': 0.6877262090291738, 'alpha': 0.02289028791627679, 'lambda': 1.1484531452274092, 'gamma': 3.4319140569097586, 'min_child_weight': 206.5826548732086}. Best is trial 0 with value: 17.4907083361109.[0m
[32m[I 2023-01-29 18:23:28,949][0m Trial 58 finished with value: 17.4907083361109 and parameters: {'max_depth': 5, 'learning_rate': 0.011310832998622703, 'colsample_bytree': 0.20519748618661024, 'subsample': 0.6578468197781718, 'alpha': 4.808649209993195, 'lambda': 3.866851772027793e-05, 'gamma': 2.21128962818597e-05, 'min_child_weight': 22.496956085279983}. Best is trial 0 with value: 17.4907083361109.[0m
[32m[I 2023-01-29 18:23:30,742][0m Trial 59 finished with value: 17.4907083361109 and parameters: {'max_depth': 11, 'learning_rate': 0.00897467229268297, 'colsample_bytree': 0.24532936503385927, 'subsample': 0.6201631171898173, 'alpha': 5.571864163469819, 'lambda': 0.0001935641464379367, 'gamma': 0.47346105732915916, 'min_child_weight': 165.8722293632302}. Best is trial 0 with value: 17.4907083361109.[0m
[32m[I 2023-01-29 18:23:32,274][0m Trial 60 finished with value: 17.4907083361109 and parameters: {'max_depth': 10, 'learning_rate': 0.024022385631136584, 'colsample_bytree': 0.44307973637227704, 'subsample': 0.48055900536752294, 'alpha': 3.342942494246582, 'lambda': 0.0004146030148003549, 'gamma': 0.00038639421770327904, 'min_child_weight': 15.81057616144858}. Best is trial 0 with value: 17.4907083361109.[0m
[32m[I 2023-01-29 18:23:33,909][0m Trial 61 finished with value: 17.4907083361109 and parameters: {'max_depth': 7, 'learning_rate': 0.02242282289398116, 'colsample_bytree': 0.3940164818860046, 'subsample': 0.4763079251219417, 'alpha': 0.19458248466672257, 'lambda': 5.4931076507287796e-05, 'gamma': 1.9510914102755315e-07, 'min_child_weight': 36.99431037943926}. Best is trial 0 with value: 17.4907083361109.[0m
[32m[I 2023-01-29 18:23:35,757][0m Trial 62 finished with value: 17.4907083361109 and parameters: {'max_depth': 11, 'learning_rate': 0.03116979890046297, 'colsample_bytree': 0.3297069799970459, 'subsample': 0.5063656494238276, 'alpha': 1.9031052086235791, 'lambda': 0.02705198587407252, 'gamma': 1.3982682996875545e-08, 'min_child_weight': 62.24500605254764}. Best is trial 0 with value: 17.4907083361109.[0m
[32m[I 2023-01-29 18:23:37,411][0m Trial 63 finished with value: 17.4907083361109 and parameters: {'max_depth': 10, 'learning_rate': 0.02615855291541713, 'colsample_bytree': 0.386482788117683, 'subsample': 0.5944908151864429, 'alpha': 1.9131699704863923, 'lambda': 2.3079102900603255e-06, 'gamma': 7.547788608052695e-07, 'min_child_weight': 137.2610463356515}. Best is trial 0 with value: 17.4907083361109.[0m
[32m[I 2023-01-29 18:23:38,833][0m Trial 64 finished with value: 17.4907083361109 and parameters: {'max_depth': 7, 'learning_rate': 0.0057142881519752975, 'colsample_bytree': 0.31357489702072877, 'subsample': 0.5229447480883701, 'alpha': 2.787770807278142, 'lambda': 0.0008300460137220942, 'gamma': 6.051652566869571e-08, 'min_child_weight': 44.33883604566273}. Best is trial 0 with value: 17.4907083361109.[0m
[32m[I 2023-01-29 18:23:40,733][0m Trial 65 finished with value: 17.4907083361109 and parameters: {'max_depth': 12, 'learning_rate': 0.006236859633537889, 'colsample_bytree': 0.36150994197582975, 'subsample': 0.5414514049025277, 'alpha': 1.0789397201830953, 'lambda': 0.00038698839074923115, 'gamma': 1.1876058329452814e-06, 'min_child_weight': 74.26816760927342}. Best is trial 0 with value: 17.4907083361109.[0m
[32m[I 2023-01-29 18:23:42,363][0m Trial 66 finished with value: 17.4907083361109 and parameters: {'max_depth': 11, 'learning_rate': 0.007033835360826025, 'colsample_bytree': 0.27054631018871317, 'subsample': 0.566099322233619, 'alpha': 2.2410319835641146, 'lambda': 0.00270556262680326, 'gamma': 0.0006969815063248338, 'min_child_weight': 50.595306381978965}. Best is trial 0 with value: 17.4907083361109.[0m
[32m[I 2023-01-29 18:23:44,684][0m Trial 67 finished with value: 17.4907083361109 and parameters: {'max_depth': 11, 'learning_rate': 0.005788873376726455, 'colsample_bytree': 0.46328327919447004, 'subsample': 0.6216354465280016, 'alpha': 7.659809395195244, 'lambda': 0.0010276337689979148, 'gamma': 2.9984912121779347e-05, 'min_child_weight': 98.60023668354111}. Best is trial 0 with value: 17.4907083361109.[0m
[32m[I 2023-01-29 18:23:46,353][0m Trial 68 finished with value: 17.4907083361109 and parameters: {'max_depth': 10, 'learning_rate': 0.0073659016050159724, 'colsample_bytree': 0.5210918143336339, 'subsample': 0.43694794242680146, 'alpha': 0.2612217178514711, 'lambda': 0.003054643026940859, 'gamma': 1.4253498656505847, 'min_child_weight': 719.5475961812205}. Best is trial 0 with value: 17.4907083361109.[0m
[32m[I 2023-01-29 18:23:47,863][0m Trial 69 finished with value: 17.4907083361109 and parameters: {'max_depth': 11, 'learning_rate': 0.007327419345839562, 'colsample_bytree': 0.4447550432733674, 'subsample': 0.5414003410064678, 'alpha': 0.5948185914937985, 'lambda': 0.009274171509834875, 'gamma': 0.00020368049741428896, 'min_child_weight': 157.39886024156255}. Best is trial 0 with value: 17.4907083361109.[0m
[32m[I 2023-01-29 18:23:49,225][0m Trial 70 finished with value: 17.4907083361109 and parameters: {'max_depth': 4, 'learning_rate': 0.006118848891057885, 'colsample_bytree': 0.47055689614808077, 'subsample': 0.5758991616768004, 'alpha': 0.04086362606503506, 'lambda': 0.04661435800429007, 'gamma': 7.328635548485415e-06, 'min_child_weight': 668.27926372769}. Best is trial 0 with value: 17.4907083361109.[0m
[32m[I 2023-01-29 18:23:51,010][0m Trial 71 finished with value: 17.4907083361109 and parameters: {'max_depth': 4, 'learning_rate': 0.044166875787059905, 'colsample_bytree': 0.5093109375822478, 'subsample': 0.7302231500279379, 'alpha': 0.06339546165101705, 'lambda': 3.9035682536476224, 'gamma': 0.012518175902355834, 'min_child_weight': 809.1968616622353}. Best is trial 0 with value: 17.4907083361109.[0m
[32m[I 2023-01-29 18:23:52,717][0m Trial 72 finished with value: 17.4907083361109 and parameters: {'max_depth': 4, 'learning_rate': 0.01509614734319813, 'colsample_bytree': 0.4826168430436806, 'subsample': 0.7777726892615122, 'alpha': 0.15556786906684883, 'lambda': 9.547278832988841, 'gamma': 0.062451074847854164, 'min_child_weight': 449.81106833709725}. Best is trial 0 with value: 17.4907083361109.[0m
[32m[I 2023-01-29 18:23:54,979][0m Trial 73 finished with value: 17.4907083361109 and parameters: {'max_depth': 9, 'learning_rate': 0.04981091218061304, 'colsample_bytree': 0.49985897621706044, 'subsample': 0.7420932310625031, 'alpha': 0.43298365891655893, 'lambda': 0.3861441923084718, 'gamma': 0.0640579085735403, 'min_child_weight': 508.3374501200953}. Best is trial 0 with value: 17.4907083361109.[0m
[32m[I 2023-01-29 18:23:56,585][0m Trial 74 finished with value: 17.4907083361109 and parameters: {'max_depth': 12, 'learning_rate': 0.01667369442525661, 'colsample_bytree': 0.5862733053944013, 'subsample': 0.7716837281754829, 'alpha': 0.0710750060139208, 'lambda': 2.611412637985072, 'gamma': 0.003160251375519204, 'min_child_weight': 365.2769060688725}. Best is trial 0 with value: 17.4907083361109.[0m
[32m[I 2023-01-29 18:23:58,195][0m Trial 75 finished with value: 17.4907083361109 and parameters: {'max_depth': 12, 'learning_rate': 0.012187248761586682, 'colsample_bytree': 0.4223917933238338, 'subsample': 0.7608627266037953, 'alpha': 0.08485221190021171, 'lambda': 0.33722949203469255, 'gamma': 0.014414830371817643, 'min_child_weight': 630.1065766718722}. Best is trial 0 with value: 17.4907083361109.[0m
[32m[I 2023-01-29 18:24:00,318][0m Trial 76 finished with value: 17.4907083361109 and parameters: {'max_depth': 9, 'learning_rate': 0.01603251521005936, 'colsample_bytree': 0.5569586013764347, 'subsample': 0.7156851852429501, 'alpha': 0.05590728247647708, 'lambda': 0.09582586365887603, 'gamma': 0.037718316862680255, 'min_child_weight': 326.08190367785693}. Best is trial 0 with value: 17.4907083361109.[0m
[32m[I 2023-01-29 18:24:04,132][0m Trial 77 finished with value: 17.4907083361109 and parameters: {'max_depth': 8, 'learning_rate': 0.01993724025389922, 'colsample_bytree': 0.5659505427292575, 'subsample': 0.7216831391315781, 'alpha': 0.13352676526697044, 'lambda': 0.2732035460849456, 'gamma': 0.022627456947634565, 'min_child_weight': 300.5751288160226}. Best is trial 0 with value: 17.4907083361109.[0m
[32m[I 2023-01-29 18:24:09,474][0m Trial 78 finished with value: 17.4907083361109 and parameters: {'max_depth': 10, 'learning_rate': 0.0414456439646026, 'colsample_bytree': 0.5404120840364182, 'subsample': 0.7548668920609256, 'alpha': 0.18061623221825002, 'lambda': 0.07472188289413047, 'gamma': 0.2327561421841756, 'min_child_weight': 909.2532173515053}. Best is trial 0 with value: 17.4907083361109.[0m
[32m[I 2023-01-29 18:24:15,991][0m Trial 79 finished with value: 17.4907083361109 and parameters: {'max_depth': 12, 'learning_rate': 0.038343632110321796, 'colsample_bytree': 0.5772522801619427, 'subsample': 0.746891006067878, 'alpha': 0.09753305860434504, 'lambda': 1.0055935402077685, 'gamma': 0.28631241879342406, 'min_child_weight': 401.3492483317693}. Best is trial 0 with value: 17.4907083361109.[0m
[32m[I 2023-01-29 18:24:18,460][0m Trial 80 finished with value: 17.4907083361109 and parameters: {'max_depth': 12, 'learning_rate': 0.03414422778961374, 'colsample_bytree': 0.5956436888956016, 'subsample': 0.6922833492620126, 'alpha': 0.025718025067061417, 'lambda': 1.5250938978186277, 'gamma': 0.8175698887413962, 'min_child_weight': 236.7990970070421}. Best is trial 0 with value: 17.4907083361109.[0m
[32m[I 2023-01-29 18:24:21,599][0m Trial 81 finished with value: 17.4907083361109 and parameters: {'max_depth': 5, 'learning_rate': 0.03626289770610948, 'colsample_bytree': 0.5339983030981019, 'subsample': 0.659400674483634, 'alpha': 0.04909565710803364, 'lambda': 5.0932896500510746e-08, 'gamma': 4.579495835988511, 'min_child_weight': 20.652262045859928}. Best is trial 0 with value: 17.4907083361109.[0m
[32m[I 2023-01-29 18:24:23,801][0m Trial 82 finished with value: 17.4907083361109 and parameters: {'max_depth': 12, 'learning_rate': 0.010819996961492549, 'colsample_bytree': 0.21999711201954078, 'subsample': 0.6535300439057459, 'alpha': 9.680807813515003, 'lambda': 1.819875587882284e-05, 'gamma': 2.9987294953159576, 'min_child_weight': 11.905283945823308}. Best is trial 0 with value: 17.4907083361109.[0m
[32m[I 2023-01-29 18:24:26,763][0m Trial 83 finished with value: 17.4907083361109 and parameters: {'max_depth': 12, 'learning_rate': 0.0093808983542522, 'colsample_bytree': 0.560983350575947, 'subsample': 0.6863464641189165, 'alpha': 4.822758518849555, 'lambda': 4.1757870978726106e-05, 'gamma': 2.257422886774974, 'min_child_weight': 394.4934263129171}. Best is trial 0 with value: 17.4907083361109.[0m
[32m[I 2023-01-29 18:24:29,148][0m Trial 84 finished with value: 17.4907083361109 and parameters: {'max_depth': 10, 'learning_rate': 0.03167807667521006, 'colsample_bytree': 0.2333229674314234, 'subsample': 0.6701010548874848, 'alpha': 4.3811745678590945, 'lambda': 0.00018660807465730936, 'gamma': 0.2655807481523792, 'min_child_weight': 14.05284232332145}. Best is trial 0 with value: 17.4907083361109.[0m
[32m[I 2023-01-29 18:24:30,949][0m Trial 85 finished with value: 17.4907083361109 and parameters: {'max_depth': 11, 'learning_rate': 0.01894789984253676, 'colsample_bytree': 0.20991504417061183, 'subsample': 0.6296197046621397, 'alpha': 6.68317127031155, 'lambda': 0.00021428826166589124, 'gamma': 0.9487909559540101, 'min_child_weight': 202.41394327979225}. Best is trial 0 with value: 17.4907083361109.[0m
[32m[I 2023-01-29 18:24:33,061][0m Trial 86 finished with value: 17.4907083361109 and parameters: {'max_depth': 6, 'learning_rate': 0.023455012969246663, 'colsample_bytree': 0.26408662236840447, 'subsample': 0.4431120480764909, 'alpha': 0.19555186413355413, 'lambda': 0.0001079829952031823, 'gamma': 4.539866914577862e-05, 'min_child_weight': 23.05345727120468}. Best is trial 0 with value: 17.4907083361109.[0m
[32m[I 2023-01-29 18:24:35,912][0m Trial 87 finished with value: 17.4907083361109 and parameters: {'max_depth': 11, 'learning_rate': 0.024549356958323436, 'colsample_bytree': 0.2891751199265877, 'subsample': 0.4698840287676884, 'alpha': 5.191971673793413, 'lambda': 3.38555199179213e-05, 'gamma': 1.4272267746874997e-08, 'min_child_weight': 31.53146794043061}. Best is trial 0 with value: 17.4907083361109.[0m
[32m[I 2023-01-29 18:24:39,341][0m Trial 88 finished with value: 17.4907083361109 and parameters: {'max_depth': 11, 'learning_rate': 0.027810048309887942, 'colsample_bytree': 0.20099357004906576, 'subsample': 0.6087642124131799, 'alpha': 3.0986598924497786, 'lambda': 2.294023054665669e-06, 'gamma': 1.7789190457587008e-07, 'min_child_weight': 15.654869181035947}. Best is trial 0 with value: 17.4907083361109.[0m
[32m[I 2023-01-29 18:24:41,829][0m Trial 89 finished with value: 17.4907083361109 and parameters: {'max_depth': 10, 'learning_rate': 0.03139013244726656, 'colsample_bytree': 0.3888981370111915, 'subsample': 0.4836528968330496, 'alpha': 2.1910212458711373, 'lambda': 1.6094622337694242e-05, 'gamma': 4.434386432770771e-07, 'min_child_weight': 25.699445771661093}. Best is trial 0 with value: 17.4907083361109.[0m
[32m[I 2023-01-29 18:24:44,999][0m Trial 90 finished with value: 17.4907083361109 and parameters: {'max_depth': 7, 'learning_rate': 0.02919442336549744, 'colsample_bytree': 0.2478164691185147, 'subsample': 0.5153942861625097, 'alpha': 2.5121351123683024, 'lambda': 0.0006028024388737041, 'gamma': 4.447575197458872e-08, 'min_child_weight': 54.536879839777704}. Best is trial 0 with value: 17.4907083361109.[0m
[32m[I 2023-01-29 18:24:47,827][0m Trial 91 finished with value: 17.4907083361109 and parameters: {'max_depth': 11, 'learning_rate': 0.005294095656391402, 'colsample_bytree': 0.32177267756981726, 'subsample': 0.5911945344936183, 'alpha': 1.283715663853895, 'lambda': 0.0011649209631580625, 'gamma': 7.612945992533153e-07, 'min_child_weight': 68.63071225516953}. Best is trial 0 with value: 17.4907083361109.[0m
[32m[I 2023-01-29 18:24:50,114][0m Trial 92 finished with value: 17.4907083361109 and parameters: {'max_depth': 10, 'learning_rate': 0.006917282052264384, 'colsample_bytree': 0.34938416344805934, 'subsample': 0.5439650696480874, 'alpha': 2.29086908038586, 'lambda': 8.757235948396698e-05, 'gamma': 1.083390267660916e-07, 'min_child_weight': 37.82505367255013}. Best is trial 0 with value: 17.4907083361109.[0m
[32m[I 2023-01-29 18:24:54,963][0m Trial 93 finished with value: 17.4907083361109 and parameters: {'max_depth': 11, 'learning_rate': 0.008667862060007055, 'colsample_bytree': 0.31520657373740485, 'subsample': 0.5518056944655395, 'alpha': 1.7594046825490204, 'lambda': 0.0002570843235748779, 'gamma': 1.2214007012153695e-06, 'min_child_weight': 76.81403244975385}. Best is trial 0 with value: 17.4907083361109.[0m
