[32m[I 2023-01-30 11:32:12,649][0m Trial 12 finished with value: 17.132903976416284 and parameters: {'max_depth': 9, 'learning_rate': 0.034937316478278, 'colsample_bytree': 0.3192098376511701, 'subsample': 0.5231817040927456, 'alpha': 1.4011361493525725, 'lambda': 8.599095516296309, 'gamma': 1.0429110743654737e-08, 'min_child_weight': 28.397589017517948}. Best is trial 2 with value: 1.294916417998764.[0m
[32m[I 2023-01-30 11:32:15,788][0m Trial 13 finished with value: 17.132903976416284 and parameters: {'max_depth': 10, 'learning_rate': 0.0322335182494066, 'colsample_bytree': 0.27951954841303184, 'subsample': 0.4921604616449984, 'alpha': 0.4631425640446561, 'lambda': 0.08371055048280006, 'gamma': 4.3172593866386154e-07, 'min_child_weight': 32.5292378521289}. Best is trial 2 with value: 1.294916417998764.[0m
[32m[I 2023-01-30 11:32:49,391][0m Trial 14 finished with value: 1.329127906591275 and parameters: {'max_depth': 8, 'learning_rate': 0.011945124891537722, 'colsample_bytree': 0.36920514499221296, 'subsample': 0.40962270189033745, 'alpha': 5.522229434291241, 'lambda': 0.0025150206788056057, 'gamma': 1.373150872271347e-07, 'min_child_weight': 10.591506975945201}. Best is trial 2 with value: 1.294916417998764.[0m
[32m[I 2023-01-30 11:32:52,552][0m Trial 15 finished with value: 17.132903976416284 and parameters: {'max_depth': 8, 'learning_rate': 0.010766420253884735, 'colsample_bytree': 0.39108884023488544, 'subsample': 0.4103240392453872, 'alpha': 7.698142725553745, 'lambda': 0.0018250552678595138, 'gamma': 3.6929292409393804, 'min_child_weight': 41.87607790812901}. Best is trial 2 with value: 1.294916417998764.[0m
[32m[I 2023-01-30 11:33:16,741][0m Trial 16 finished with value: 1.322876107098144 and parameters: {'max_depth': 7, 'learning_rate': 0.011185412046548262, 'colsample_bytree': 0.20174198452995343, 'subsample': 0.47639194104213767, 'alpha': 3.5895901347588732, 'lambda': 0.0013216556558916155, 'gamma': 3.306885353304435e-07, 'min_child_weight': 15.498843420002704}. Best is trial 2 with value: 1.294916417998764.[0m
[32m[I 2023-01-30 11:35:22,036][0m Trial 17 finished with value: 1.316927706786896 and parameters: {'max_depth': 7, 'learning_rate': 0.00827949794257387, 'colsample_bytree': 0.20473867818129388, 'subsample': 0.47974149356814993, 'alpha': 3.275301367377357, 'lambda': 0.00011185768204892412, 'gamma': 6.7910266831148706e-06, 'min_child_weight': 20.615130135460262}. Best is trial 2 with value: 1.294916417998764.[0m
[32m[I 2023-01-30 11:35:25,207][0m Trial 18 finished with value: 17.132903976416284 and parameters: {'max_depth': 5, 'learning_rate': 0.007783318279362739, 'colsample_bytree': 0.2561993439463753, 'subsample': 0.5691533360312656, 'alpha': 0.3968005039956652, 'lambda': 6.894101799317072e-05, 'gamma': 6.244804825885275e-06, 'min_child_weight': 53.019163915555936}. Best is trial 2 with value: 1.294916417998764.[0m
[32m[I 2023-01-30 11:37:27,566][0m Trial 19 finished with value: 1.3244881177702563 and parameters: {'max_depth': 7, 'learning_rate': 0.01637786717224993, 'colsample_bytree': 0.20606922198091535, 'subsample': 0.46701120798031237, 'alpha': 2.883958432692449, 'lambda': 0.3651323844460786, 'gamma': 3.0072587280670068e-05, 'min_child_weight': 21.6689828086906}. Best is trial 2 with value: 1.294916417998764.[0m
[32m[I 2023-01-30 11:37:55,410][0m Trial 20 finished with value: 17.132903976416284 and parameters: {'max_depth': 10, 'learning_rate': 0.007613347260383025, 'colsample_bytree': 0.44324782761363357, 'subsample': 0.5003001625389774, 'alpha': 0.21846169767257628, 'lambda': 0.00875731589941386, 'gamma': 8.170103926230455e-07, 'min_child_weight': 152.85950454216746}. Best is trial 2 with value: 1.294916417998764.[0m
[32m[I 2023-01-30 11:38:26,647][0m Trial 21 finished with value: 1.3194628758542029 and parameters: {'max_depth': 7, 'learning_rate': 0.012734102509557258, 'colsample_bytree': 0.2050948320347663, 'subsample': 0.47403587537425107, 'alpha': 3.1024016393299547, 'lambda': 0.0007284652319193823, 'gamma': 1.11699668005786e-07, 'min_child_weight': 15.86623769688147}. Best is trial 2 with value: 1.294916417998764.[0m
[32m[I 2023-01-30 11:46:26,737][0m Trial 22 finished with value: 1.3204434727409713 and parameters: {'max_depth': 7, 'learning_rate': 0.009193941913717888, 'colsample_bytree': 0.2847736777231097, 'subsample': 0.5383164537797016, 'alpha': 0.7790553544572004, 'lambda': 9.692631380355114e-05, 'gamma': 9.11066551907821e-08, 'min_child_weight': 25.30618382000682}. Best is trial 2 with value: 1.294916417998764.[0m
[32m[I 2023-01-30 11:46:30,366][0m Trial 23 finished with value: 17.132903976416284 and parameters: {'max_depth': 5, 'learning_rate': 0.01366819757584926, 'colsample_bytree': 0.23248428138209598, 'subsample': 0.4577790905885178, 'alpha': 2.958896993953714, 'lambda': 0.0005526643306216505, 'gamma': 2.2731734572128863e-06, 'min_child_weight': 49.611240660751704}. Best is trial 2 with value: 1.294916417998764.[0m
[32m[I 2023-01-30 11:47:56,073][0m Trial 24 finished with value: 1.3090095645621171 and parameters: {'max_depth': 8, 'learning_rate': 0.005712981274295046, 'colsample_bytree': 0.26490601743008046, 'subsample': 0.5525005567308656, 'alpha': 0.6963077726890051, 'lambda': 0.008656508967518779, 'gamma': 8.103442610712658e-08, 'min_child_weight': 14.002936227288647}. Best is trial 2 with value: 1.294916417998764.[0m
[32m[I 2023-01-30 11:47:58,805][0m Trial 25 finished with value: 17.132903976416284 and parameters: {'max_depth': 10, 'learning_rate': 0.005554610220809806, 'colsample_bytree': 0.27537107654267007, 'subsample': 0.5741879407416179, 'alpha': 0.8049187842976383, 'lambda': 0.5057605481103227, 'gamma': 5.013330208408955e-06, 'min_child_weight': 33.999291675818114}. Best is trial 2 with value: 1.294916417998764.[0m
[32m[I 2023-01-30 11:48:24,165][0m Trial 26 finished with value: 1.3153193169744894 and parameters: {'max_depth': 8, 'learning_rate': 0.006254391596263526, 'colsample_bytree': 0.34499981083745695, 'subsample': 0.548034881551003, 'alpha': 0.13899136267635845, 'lambda': 0.01217971182063755, 'gamma': 0.00017260745649856174, 'min_child_weight': 17.73741116805275}. Best is trial 2 with value: 1.294916417998764.[0m
[32m[I 2023-01-30 11:48:50,570][0m Trial 27 finished with value: 1.308667762085609 and parameters: {'max_depth': 9, 'learning_rate': 0.006735831112674091, 'colsample_bytree': 0.3448176310300739, 'subsample': 0.6388633644535329, 'alpha': 0.10738136210183223, 'lambda': 0.00822290956212604, 'gamma': 0.0001486633165376208, 'min_child_weight': 14.32022163957668}. Best is trial 2 with value: 1.294916417998764.[0m
[32m[I 2023-01-30 11:52:01,967][0m Trial 28 finished with value: 1.4778501029241922 and parameters: {'max_depth': 11, 'learning_rate': 0.006148930809617357, 'colsample_bytree': 0.3431463278568251, 'subsample': 0.7096994493134487, 'alpha': 0.06130434984418655, 'lambda': 0.3160203581695071, 'gamma': 5.8915237902072613e-08, 'min_child_weight': 12.17833502654239}. Best is trial 2 with value: 1.294916417998764.[0m
[32m[I 2023-01-30 11:52:46,175][0m Trial 29 finished with value: 1.3205652944386403 and parameters: {'max_depth': 9, 'learning_rate': 0.005021426650107261, 'colsample_bytree': 0.3593251888175038, 'subsample': 0.656699990609319, 'alpha': 0.12147260854554476, 'lambda': 0.007979697409915144, 'gamma': 0.007252341068421473, 'min_child_weight': 14.204257292273542}. Best is trial 2 with value: 1.294916417998764.[0m
[32m[I 2023-01-30 11:53:02,076][0m Trial 30 finished with value: 17.132903976416284 and parameters: {'max_depth': 10, 'learning_rate': 0.009144838902642304, 'colsample_bytree': 0.4127921771478724, 'subsample': 0.6105112269579205, 'alpha': 0.03256270185460634, 'lambda': 2.6919569715738745e-05, 'gamma': 0.35951023716536823, 'min_child_weight': 39.12833663290199}. Best is trial 2 with value: 1.294916417998764.[0m
[32m[I 2023-01-30 11:54:03,183][0m Trial 31 finished with value: 1.309414792734534 and parameters: {'max_depth': 8, 'learning_rate': 0.006523281859302593, 'colsample_bytree': 0.33481646194977915, 'subsample': 0.7011432690998196, 'alpha': 0.11683934053832341, 'lambda': 0.011400175040306505, 'gamma': 0.00013539388643203596, 'min_child_weight': 20.580236758577367}. Best is trial 2 with value: 1.294916417998764.[0m
[32m[I 2023-01-30 11:55:18,075][0m Trial 32 finished with value: 1.3130032195524262 and parameters: {'max_depth': 9, 'learning_rate': 0.006846614719186256, 'colsample_bytree': 0.3210133000172923, 'subsample': 0.7017818236416361, 'alpha': 0.5902632627968224, 'lambda': 0.0053728848166248325, 'gamma': 0.00038206103454661703, 'min_child_weight': 27.478532333967376}. Best is trial 2 with value: 1.294916417998764.[0m
[32m[I 2023-01-30 11:56:13,985][0m Trial 33 finished with value: 1.3932412142858641 and parameters: {'max_depth': 8, 'learning_rate': 0.005394394295065684, 'colsample_bytree': 0.2941132359147123, 'subsample': 0.7424084197208368, 'alpha': 0.2817424647441198, 'lambda': 0.13539962602508243, 'gamma': 0.0012442898945426873, 'min_child_weight': 14.405759126103886}. Best is trial 2 with value: 1.294916417998764.[0m
[32m[I 2023-01-30 11:56:29,936][0m Trial 34 finished with value: 1.3068364478828485 and parameters: {'max_depth': 9, 'learning_rate': 0.019973889324275736, 'colsample_bytree': 0.3336834842803439, 'subsample': 0.6545431873779851, 'alpha': 0.12419706704923747, 'lambda': 0.025409950909118923, 'gamma': 5.656994594829941e-05, 'min_child_weight': 22.6697896084489}. Best is trial 2 with value: 1.294916417998764.[0m
[32m[I 2023-01-30 11:56:33,014][0m Trial 35 finished with value: 17.132903976416284 and parameters: {'max_depth': 11, 'learning_rate': 0.018461510054283328, 'colsample_bytree': 0.2399491675202423, 'subsample': 0.6488966001902006, 'alpha': 0.027650067239504108, 'lambda': 0.029276115994121964, 'gamma': 1.0128276549348923e-06, 'min_child_weight': 62.22308950481364}. Best is trial 2 with value: 1.294916417998764.[0m
[32m[I 2023-01-30 11:57:02,864][0m Trial 36 finished with value: 1.3053102502603937 and parameters: {'max_depth': 9, 'learning_rate': 0.027635700060125213, 'colsample_bytree': 0.4337954009098991, 'subsample': 0.6241731955391054, 'alpha': 0.04235663015234961, 'lambda': 1.447985459568717, 'gamma': 0.00672419073293018, 'min_child_weight': 23.572873765877688}. Best is trial 2 with value: 1.294916417998764.[0m
[32m[I 2023-01-30 11:57:05,390][0m Trial 37 finished with value: 17.132903976416284 and parameters: {'max_depth': 9, 'learning_rate': 0.026780332818202617, 'colsample_bytree': 0.5223356832997155, 'subsample': 0.626723808018888, 'alpha': 0.04812667651123685, 'lambda': 2.790129883455209, 'gamma': 0.010700048378085613, 'min_child_weight': 144.4635942390975}. Best is trial 2 with value: 1.294916417998764.[0m
[32m[I 2023-01-30 11:57:26,264][0m Trial 38 finished with value: 1.3076295427035993 and parameters: {'max_depth': 10, 'learning_rate': 0.018871265911365884, 'colsample_bytree': 0.43734875750015434, 'subsample': 0.6733493858400041, 'alpha': 0.010109439340627125, 'lambda': 1.9535396800479123, 'gamma': 0.001090286223242386, 'min_child_weight': 25.293495185992583}. Best is trial 2 with value: 1.294916417998764.[0m
[32m[I 2023-01-30 11:57:30,525][0m Trial 39 finished with value: 17.132903976416284 and parameters: {'max_depth': 11, 'learning_rate': 0.018746576902267068, 'colsample_bytree': 0.43975272907647145, 'subsample': 0.6758957357672848, 'alpha': 0.018276222019320658, 'lambda': 1.424115891769351, 'gamma': 0.21658756778767746, 'min_child_weight': 79.68844595555501}. Best is trial 2 with value: 1.294916417998764.[0m
[32m[I 2023-01-30 11:58:22,173][0m Trial 40 finished with value: 1.3061487682720316 and parameters: {'max_depth': 10, 'learning_rate': 0.02763889660047799, 'colsample_bytree': 0.4950986967964968, 'subsample': 0.6715775266698625, 'alpha': 0.011314412091814609, 'lambda': 1.1802389185156, 'gamma': 0.0012608788074755703, 'min_child_weight': 23.31654938327422}. Best is trial 2 with value: 1.294916417998764.[0m
[32m[I 2023-01-30 11:58:50,875][0m Trial 41 finished with value: 17.132903976416284 and parameters: {'max_depth': 10, 'learning_rate': 0.028095702799204675, 'colsample_bytree': 0.5025933472017918, 'subsample': 0.6681426172958111, 'alpha': 0.011011466444245329, 'lambda': 0.9266062483058267, 'gamma': 0.0016030384122578958, 'min_child_weight': 450.356305835123}. Best is trial 2 with value: 1.294916417998764.[0m
[32m[I 2023-01-30 11:59:42,474][0m Trial 42 finished with value: 1.307995032365995 and parameters: {'max_depth': 10, 'learning_rate': 0.01991003709478631, 'colsample_bytree': 0.5435589832282439, 'subsample': 0.7344468627500943, 'alpha': 0.010096204750843092, 'lambda': 2.534660008672237, 'gamma': 0.030468174973441706, 'min_child_weight': 23.567250192082174}. Best is trial 2 with value: 1.294916417998764.[0m
[32m[I 2023-01-30 11:59:49,734][0m Trial 43 finished with value: 17.132903976416284 and parameters: {'max_depth': 10, 'learning_rate': 0.02497161094306906, 'colsample_bytree': 0.46490858855549366, 'subsample': 0.7997834948187909, 'alpha': 0.02022667663300967, 'lambda': 0.14993862043500988, 'gamma': 0.0009228282894771146, 'min_child_weight': 105.79180877137526}. Best is trial 2 with value: 1.294916417998764.[0m
[32m[I 2023-01-30 12:03:26,100][0m Trial 44 finished with value: 1.3254931401069925 and parameters: {'max_depth': 11, 'learning_rate': 0.031535891419379035, 'colsample_bytree': 0.4283347306211341, 'subsample': 0.6823763648739286, 'alpha': 0.03709694475129342, 'lambda': 3.1678874537078405, 'gamma': 0.003770782984385919, 'min_child_weight': 31.494670845246123}. Best is trial 2 with value: 1.294916417998764.[0m
[32m[I 2023-01-30 12:03:28,160][0m Trial 45 finished with value: 17.132903976416284 and parameters: {'max_depth': 9, 'learning_rate': 0.04057825857855674, 'colsample_bytree': 0.46896178905262464, 'subsample': 0.6159549487186263, 'alpha': 0.015623992279745631, 'lambda': 0.03329891903126208, 'gamma': 0.003970672669371311, 'min_child_weight': 38.39471824906664}. Best is trial 2 with value: 1.294916417998764.[0m
[32m[I 2023-01-30 12:03:34,637][0m Trial 46 finished with value: 1.3049584822921128 and parameters: {'max_depth': 12, 'learning_rate': 0.02092550726058685, 'colsample_bytree': 0.49307895749034264, 'subsample': 0.6010468046398, 'alpha': 0.02037492609185483, 'lambda': 0.8604604775036517, 'gamma': 3.858213841162631e-05, 'min_child_weight': 18.412481418818768}. Best is trial 2 with value: 1.294916417998764.[0m
[32m[I 2023-01-30 12:03:39,394][0m Trial 47 finished with value: 1.3048393660090885 and parameters: {'max_depth': 12, 'learning_rate': 0.036837012155769976, 'colsample_bytree': 0.5790227928309948, 'subsample': 0.592803283718742, 'alpha': 0.022343058277624204, 'lambda': 0.30976417205254914, 'gamma': 4.8439534451167826e-05, 'min_child_weight': 19.77112740924753}. Best is trial 2 with value: 1.294916417998764.[0m
[32m[I 2023-01-30 12:03:43,899][0m Trial 48 finished with value: 17.132903976416284 and parameters: {'max_depth': 12, 'learning_rate': 0.04225756477486212, 'colsample_bytree': 0.5390764322458034, 'subsample': 0.5938045090274894, 'alpha': 0.0236830498067767, 'lambda': 0.741122720638585, 'gamma': 1.3621533881979182e-05, 'min_child_weight': 47.765438495838666}. Best is trial 2 with value: 1.294916417998764.[0m
[32m[I 2023-01-30 12:03:45,561][0m Trial 49 finished with value: 17.132903976416284 and parameters: {'max_depth': 12, 'learning_rate': 0.037571905191666845, 'colsample_bytree': 0.5923547753320895, 'subsample': 0.5911461416380065, 'alpha': 0.04037508944541687, 'lambda': 0.19846476516563474, 'gamma': 3.182544647699164e-05, 'min_child_weight': 215.27499369776675}. Best is trial 2 with value: 1.294916417998764.[0m
[32m[I 2023-01-30 12:03:52,777][0m Trial 50 finished with value: 1.2972416582804962 and parameters: {'max_depth': 12, 'learning_rate': 0.03063820616225025, 'colsample_bytree': 0.5524074993797177, 'subsample': 0.4329563559810544, 'alpha': 0.015326202329005396, 'lambda': 0.08390573940191765, 'gamma': 0.00043963574474531844, 'min_child_weight': 18.413676466500707}. Best is trial 2 with value: 1.294916417998764.[0m
[32m[I 2023-01-30 12:04:00,413][0m Trial 51 finished with value: 1.3018008749436354 and parameters: {'max_depth': 12, 'learning_rate': 0.031181246043666504, 'colsample_bytree': 0.5697529245771191, 'subsample': 0.4251887016698201, 'alpha': 0.014491889792442321, 'lambda': 1.3525431878578085e-06, 'gamma': 0.0217128637767047, 'min_child_weight': 18.300093802306602}. Best is trial 2 with value: 1.294916417998764.[0m
[32m[I 2023-01-30 12:04:07,574][0m Trial 52 finished with value: 1.2955330203914543 and parameters: {'max_depth': 12, 'learning_rate': 0.03295216958762951, 'colsample_bytree': 0.5692447384909944, 'subsample': 0.4343255255720565, 'alpha': 0.015508584258610894, 'lambda': 2.141155058730342e-07, 'gamma': 0.06634159350155128, 'min_child_weight': 17.90796294928413}. Best is trial 2 with value: 1.294916417998764.[0m
[32m[I 2023-01-30 12:04:14,955][0m Trial 53 finished with value: 1.296518523385375 and parameters: {'max_depth': 12, 'learning_rate': 0.03277107976549302, 'colsample_bytree': 0.5742779535990379, 'subsample': 0.4270877619967859, 'alpha': 0.023113233914856354, 'lambda': 6.939093506071405e-07, 'gamma': 1.1866770608171482, 'min_child_weight': 17.29231907687326}. Best is trial 2 with value: 1.294916417998764.[0m
[32m[I 2023-01-30 12:04:17,490][0m Trial 54 finished with value: 1.2791393565799027 and parameters: {'max_depth': 12, 'learning_rate': 0.044847552098478745, 'colsample_bytree': 0.567104948398895, 'subsample': 0.4342646604556219, 'alpha': 0.014266046213502446, 'lambda': 9.382344042325542e-07, 'gamma': 3.1144381558188234, 'min_child_weight': 11.267851233530019}. Best is trial 54 with value: 1.2791393565799027.[0m
[32m[I 2023-01-30 12:04:19,781][0m Trial 55 finished with value: 1.297876099152591 and parameters: {'max_depth': 11, 'learning_rate': 0.04508074571231258, 'colsample_bytree': 0.5643086703947442, 'subsample': 0.43243196665105454, 'alpha': 0.01564492725845732, 'lambda': 6.144703297481717e-07, 'gamma': 4.421557930202404, 'min_child_weight': 12.272760555203607}. Best is trial 54 with value: 1.2791393565799027.[0m
[32m[I 2023-01-30 12:04:22,214][0m Trial 56 finished with value: 1.303779742014547 and parameters: {'max_depth': 11, 'learning_rate': 0.04486324960364774, 'colsample_bytree': 0.562453921181857, 'subsample': 0.4400268819738372, 'alpha': 1.7909025653812471, 'lambda': 1.9426924702628203e-07, 'gamma': 6.519357292742729, 'min_child_weight': 11.345913523890184}. Best is trial 54 with value: 1.2791393565799027.[0m
[32m[I 2023-01-30 12:04:24,710][0m Trial 57 finished with value: 1.257162911694591 and parameters: {'max_depth': 12, 'learning_rate': 0.04739659582531641, 'colsample_bytree': 0.5592292817020836, 'subsample': 0.40248891855551594, 'alpha': 0.02843161861929054, 'lambda': 4.3544704072410995e-07, 'gamma': 1.3799938207493783, 'min_child_weight': 10.119349130822211}. Best is trial 57 with value: 1.257162911694591.[0m
[32m[I 2023-01-30 12:04:26,822][0m Trial 58 finished with value: 1.2920312659636042 and parameters: {'max_depth': 12, 'learning_rate': 0.048130968040163945, 'colsample_bytree': 0.5467729733580776, 'subsample': 0.40082308777946757, 'alpha': 0.027685040790659095, 'lambda': 1.0573136889730859e-08, 'gamma': 1.2986630697571782, 'min_child_weight': 11.213211732690324}. Best is trial 57 with value: 1.257162911694591.[0m
[32m[I 2023-01-30 12:04:29,485][0m Trial 59 finished with value: 1.2579843976459912 and parameters: {'max_depth': 12, 'learning_rate': 0.048272636298419394, 'colsample_bytree': 0.5204358030007808, 'subsample': 0.4032824225048382, 'alpha': 0.0730867460108624, 'lambda': 1.0350778533451239e-08, 'gamma': 1.455146518379105, 'min_child_weight': 10.073747867545304}. Best is trial 57 with value: 1.257162911694591.[0m
[32m[I 2023-01-30 12:04:32,063][0m Trial 60 finished with value: 1.2845493078198786 and parameters: {'max_depth': 12, 'learning_rate': 0.04994888819121907, 'colsample_bytree': 0.5997783684640577, 'subsample': 0.41131325760652787, 'alpha': 0.07623762177903477, 'lambda': 2.234693562372656e-08, 'gamma': 0.8203114992539955, 'min_child_weight': 11.072477337831188}. Best is trial 57 with value: 1.257162911694591.[0m
[32m[I 2023-01-30 12:04:34,527][0m Trial 61 finished with value: 1.294147790242972 and parameters: {'max_depth': 12, 'learning_rate': 0.04746442831263277, 'colsample_bytree': 0.5988819557805545, 'subsample': 0.4029341327836893, 'alpha': 0.07758344375803551, 'lambda': 1.9096262992247143e-08, 'gamma': 0.827916700372891, 'min_child_weight': 12.184820969143267}. Best is trial 57 with value: 1.257162911694591.[0m
[32m[I 2023-01-30 12:04:37,341][0m Trial 62 finished with value: 1.2544219236649412 and parameters: {'max_depth': 11, 'learning_rate': 0.049961217981303506, 'colsample_bytree': 0.5946587678390437, 'subsample': 0.40193346459277307, 'alpha': 0.08540998266345924, 'lambda': 1.3493860621396263e-08, 'gamma': 1.5223458388162958, 'min_child_weight': 10.075949005009715}. Best is trial 62 with value: 1.2544219236649412.[0m
[32m[I 2023-01-30 12:04:39,860][0m Trial 63 finished with value: 1.2581899136711094 and parameters: {'max_depth': 11, 'learning_rate': 0.049954474585129416, 'colsample_bytree': 0.5883462523944768, 'subsample': 0.4067406471892828, 'alpha': 0.08144626472834578, 'lambda': 2.1082291235407324e-08, 'gamma': 1.02702072338255, 'min_child_weight': 10.242212725078168}. Best is trial 62 with value: 1.2544219236649412.[0m
