[32m[I 2023-01-29 22:08:57,659][0m Trial 31 finished with value: 0.9776859709185148 and parameters: {'max_depth': 8, 'learning_rate': 0.0068179177321602575, 'colsample_bytree': 0.5154202607287879, 'subsample': 0.766728878615004, 'alpha': 1.7996126432313, 'lambda': 1.728205524800446e-06, 'gamma': 0.005677712520855476, 'min_child_weight': 10.638125730001102}. Best is trial 20 with value: 0.972466188318767.[0m
[32m[I 2023-01-29 22:10:33,446][0m Trial 32 finished with value: 0.9817857253328788 and parameters: {'max_depth': 10, 'learning_rate': 0.006462559021684779, 'colsample_bytree': 0.5239485421133004, 'subsample': 0.7662563144583903, 'alpha': 2.0975760623095336, 'lambda': 5.693474102531646e-08, 'gamma': 0.020779352423450623, 'min_child_weight': 10.560915579537564}. Best is trial 20 with value: 0.972466188318767.[0m
[32m[I 2023-01-29 22:10:38,589][0m Trial 33 finished with value: 18.49041641985622 and parameters: {'max_depth': 7, 'learning_rate': 0.00805903239740108, 'colsample_bytree': 0.4368516835898274, 'subsample': 0.7150040086319672, 'alpha': 5.158132761423052, 'lambda': 3.477586461489498e-07, 'gamma': 0.002973318783483407, 'min_child_weight': 23.59010633951463}. Best is trial 20 with value: 0.972466188318767.[0m
[32m[I 2023-01-29 22:13:11,361][0m Trial 34 finished with value: 0.9814618630793346 and parameters: {'max_depth': 10, 'learning_rate': 0.010787079213478849, 'colsample_bytree': 0.5545204171824119, 'subsample': 0.7616328592435326, 'alpha': 1.112938195351679, 'lambda': 2.6131169081489172e-06, 'gamma': 0.00043851660527463473, 'min_child_weight': 13.94536023556939}. Best is trial 20 with value: 0.972466188318767.[0m
[32m[I 2023-01-29 22:13:18,882][0m Trial 35 finished with value: 18.49041641985622 and parameters: {'max_depth': 9, 'learning_rate': 0.007361129118810321, 'colsample_bytree': 0.4832061765552785, 'subsample': 0.7800710543481945, 'alpha': 3.9455297948745134, 'lambda': 1.0397045329113115e-08, 'gamma': 0.024054289037708173, 'min_child_weight': 17.77950350779281}. Best is trial 20 with value: 0.972466188318767.[0m
[32m[I 2023-01-29 22:13:23,014][0m Trial 36 finished with value: 18.49041641985622 and parameters: {'max_depth': 8, 'learning_rate': 0.005026012986793379, 'colsample_bytree': 0.3724703598374759, 'subsample': 0.7452555395863634, 'alpha': 6.345743924932315, 'lambda': 1.5940691431888846e-05, 'gamma': 1.2546820072683304e-08, 'min_child_weight': 51.14400743415973}. Best is trial 20 with value: 0.972466188318767.[0m
[32m[I 2023-01-29 22:13:27,537][0m Trial 37 finished with value: 18.49041641985622 and parameters: {'max_depth': 9, 'learning_rate': 0.01992619822870984, 'colsample_bytree': 0.3212087348364415, 'subsample': 0.4578986034601823, 'alpha': 2.8607610080818544, 'lambda': 5.411279803872307e-06, 'gamma': 0.3442485817204365, 'min_child_weight': 31.424264606068107}. Best is trial 20 with value: 0.972466188318767.[0m
[32m[I 2023-01-29 22:18:14,110][0m Trial 38 finished with value: 0.9896851383866455 and parameters: {'max_depth': 7, 'learning_rate': 0.008796075551546175, 'colsample_bytree': 0.5991857800756771, 'subsample': 0.7535772133023806, 'alpha': 1.638339291019868, 'lambda': 0.02313490859172262, 'gamma': 3.4849770405623993e-07, 'min_child_weight': 13.195039938942054}. Best is trial 20 with value: 0.972466188318767.[0m
[32m[I 2023-01-29 22:20:05,180][0m Trial 39 finished with value: 0.9723907703165636 and parameters: {'max_depth': 5, 'learning_rate': 0.006163101805777481, 'colsample_bytree': 0.22601055219107263, 'subsample': 0.6830398907869701, 'alpha': 0.275019706777924, 'lambda': 0.00010940353447314908, 'gamma': 0.005738790949381049, 'min_child_weight': 10.040442635817232}. Best is trial 39 with value: 0.9723907703165636.[0m
[32m[I 2023-01-29 22:20:11,832][0m Trial 40 finished with value: 18.49041641985622 and parameters: {'max_depth': 5, 'learning_rate': 0.012318135547094261, 'colsample_bytree': 0.2299837638703553, 'subsample': 0.6800279750069971, 'alpha': 0.1347002541240565, 'lambda': 0.0008945555520909892, 'gamma': 2.2194246400523054, 'min_child_weight': 20.154044250151916}. Best is trial 39 with value: 0.9723907703165636.[0m
[32m[I 2023-01-29 22:22:07,936][0m Trial 41 finished with value: 0.9738545571491486 and parameters: {'max_depth': 4, 'learning_rate': 0.006057843581951698, 'colsample_bytree': 0.27610209370775163, 'subsample': 0.7219668666315813, 'alpha': 0.29966173528599876, 'lambda': 0.00013823302254198296, 'gamma': 0.003213983344441411, 'min_child_weight': 10.671747834936722}. Best is trial 39 with value: 0.9723907703165636.[0m
[32m[I 2023-01-29 22:28:06,271][0m Trial 42 finished with value: 0.9917906862018798 and parameters: {'max_depth': 4, 'learning_rate': 0.0058475881108512795, 'colsample_bytree': 0.26542945485199787, 'subsample': 0.7234399788655981, 'alpha': 0.30496876573334236, 'lambda': 0.004479996071851993, 'gamma': 0.0004354908824107531, 'min_child_weight': 13.213355861787031}. Best is trial 39 with value: 0.9723907703165636.[0m
[32m[I 2023-01-29 22:28:11,277][0m Trial 43 finished with value: 18.49041641985622 and parameters: {'max_depth': 4, 'learning_rate': 0.025829990727669897, 'colsample_bytree': 0.24407460298004408, 'subsample': 0.6950056651612269, 'alpha': 0.22960193716291413, 'lambda': 0.00013615352589831388, 'gamma': 0.002568004999966004, 'min_child_weight': 16.51659665023512}. Best is trial 39 with value: 0.9723907703165636.[0m
[32m[I 2023-01-29 22:30:43,154][0m Trial 44 finished with value: 0.9775960693775584 and parameters: {'max_depth': 5, 'learning_rate': 0.005820565706076563, 'colsample_bytree': 0.21478828713723747, 'subsample': 0.7496353950034509, 'alpha': 0.44918181572195315, 'lambda': 0.0006650950843681445, 'gamma': 0.09896994616689757, 'min_child_weight': 12.6483466255844}. Best is trial 39 with value: 0.9723907703165636.[0m
[32m[I 2023-01-29 22:32:03,313][0m Trial 45 finished with value: 0.9833229361483186 and parameters: {'max_depth': 5, 'learning_rate': 0.007624356489751196, 'colsample_bytree': 0.275416538529351, 'subsample': 0.6263290502821329, 'alpha': 0.09285742084866809, 'lambda': 0.0001618877203239784, 'gamma': 0.00577884877380121, 'min_child_weight': 10.0866683952723}. Best is trial 39 with value: 0.9723907703165636.[0m
[32m[I 2023-01-29 22:32:10,511][0m Trial 46 finished with value: 18.269519981614632 and parameters: {'max_depth': 6, 'learning_rate': 0.006434317837769891, 'colsample_bytree': 0.22003432891021707, 'subsample': 0.7853848751841974, 'alpha': 0.0586117714213834, 'lambda': 0.1734500192516539, 'gamma': 0.00014378718473787038, 'min_child_weight': 15.570147416276304}. Best is trial 39 with value: 0.9723907703165636.[0m
[32m[I 2023-01-29 22:38:23,246][0m Trial 47 finished with value: 1.0055797663869117 and parameters: {'max_depth': 4, 'learning_rate': 0.00546081086929164, 'colsample_bytree': 0.3114882934896443, 'subsample': 0.6485450295950352, 'alpha': 0.1400159838764481, 'lambda': 4.59440409058077e-05, 'gamma': 0.03204388271819281, 'min_child_weight': 12.962811097548348}. Best is trial 39 with value: 0.9723907703165636.[0m
[32m[I 2023-01-29 22:38:30,283][0m Trial 48 finished with value: 18.49041641985622 and parameters: {'max_depth': 5, 'learning_rate': 0.03289211223603923, 'colsample_bytree': 0.28404356351663135, 'subsample': 0.7999590227201253, 'alpha': 0.35718393346631666, 'lambda': 3.00893062957809, 'gamma': 1.1506293963846505e-06, 'min_child_weight': 23.95931704999693}. Best is trial 39 with value: 0.9723907703165636.[0m
[32m[I 2023-01-29 22:38:37,053][0m Trial 49 finished with value: 18.49041641985622 and parameters: {'max_depth': 6, 'learning_rate': 0.008223458298036269, 'colsample_bytree': 0.33878892569085095, 'subsample': 0.6959120196432793, 'alpha': 0.027256401763625773, 'lambda': 7.879477896765247e-06, 'gamma': 1.0813779479192507e-05, 'min_child_weight': 36.58352616401413}. Best is trial 39 with value: 0.9723907703165636.[0m
[32m[I 2023-01-29 22:38:43,422][0m Trial 50 finished with value: 18.49041641985622 and parameters: {'max_depth': 4, 'learning_rate': 0.010442168229154093, 'colsample_bytree': 0.30541593550978563, 'subsample': 0.5909287705976679, 'alpha': 0.5980477488374245, 'lambda': 2.0385913334864236e-05, 'gamma': 0.0005750362262949564, 'min_child_weight': 784.8923346457168}. Best is trial 39 with value: 0.9723907703165636.[0m
[32m[I 2023-01-29 22:39:49,626][0m Trial 51 finished with value: 0.9764362545330348 and parameters: {'max_depth': 7, 'learning_rate': 0.006929030217942925, 'colsample_bytree': 0.24944648049797372, 'subsample': 0.7818315018076005, 'alpha': 1.0263886177845194, 'lambda': 1.6807772072706377e-06, 'gamma': 0.008211863298754042, 'min_child_weight': 11.432405867532593}. Best is trial 39 with value: 0.9723907703165636.[0m
[32m[I 2023-01-29 22:41:18,329][0m Trial 52 finished with value: 0.9705028341996137 and parameters: {'max_depth': 5, 'learning_rate': 0.006455214460284313, 'colsample_bytree': 0.35385512626112425, 'subsample': 0.7323447629380466, 'alpha': 0.24608824994517156, 'lambda': 4.581617519114034e-06, 'gamma': 0.01053435114608572, 'min_child_weight': 10.100562946380311}. Best is trial 52 with value: 0.9705028341996137.[0m
[32m[I 2023-01-29 22:41:25,036][0m Trial 53 finished with value: 18.49041641985622 and parameters: {'max_depth': 6, 'learning_rate': 0.005489990535661949, 'colsample_bytree': 0.3585908249485398, 'subsample': 0.7276819475702332, 'alpha': 0.20816653927974957, 'lambda': 7.702752260985965e-05, 'gamma': 0.0024286896721608512, 'min_child_weight': 17.678329667799318}. Best is trial 52 with value: 0.9705028341996137.[0m
[32m[I 2023-01-29 22:43:05,605][0m Trial 54 finished with value: 0.9765148086679233 and parameters: {'max_depth': 5, 'learning_rate': 0.006002723118343165, 'colsample_bytree': 0.3893092039558828, 'subsample': 0.7417971933145008, 'alpha': 0.2854767210940629, 'lambda': 0.003757748573689319, 'gamma': 0.05811220014408791, 'min_child_weight': 11.986527713082662}. Best is trial 52 with value: 0.9705028341996137.[0m
[32m[I 2023-01-29 22:45:12,799][0m Trial 55 finished with value: 9.251908155553835 and parameters: {'max_depth': 4, 'learning_rate': 0.007455359823957966, 'colsample_bytree': 0.2229879646530907, 'subsample': 0.7123726805916304, 'alpha': 0.5430889717760972, 'lambda': 5.083715445518549e-06, 'gamma': 0.1616030091365898, 'min_child_weight': 14.82727072067745}. Best is trial 52 with value: 0.9705028341996137.[0m
[32m[I 2023-01-29 22:46:28,441][0m Trial 56 finished with value: 0.97796722632322 and parameters: {'max_depth': 12, 'learning_rate': 0.006233467449699044, 'colsample_bytree': 0.35370427465316856, 'subsample': 0.6790638975482627, 'alpha': 0.17384322065946364, 'lambda': 5.377970595565112e-07, 'gamma': 0.0009057185773700955, 'min_child_weight': 10.047849648368302}. Best is trial 52 with value: 0.9705028341996137.[0m
[32m[I 2023-01-29 22:46:34,542][0m Trial 57 finished with value: 18.49041641985622 and parameters: {'max_depth': 5, 'learning_rate': 0.00853016702139098, 'colsample_bytree': 0.28588381045417605, 'subsample': 0.7537218606110345, 'alpha': 0.8163444510423088, 'lambda': 3.192006603647425e-05, 'gamma': 0.011871869925263958, 'min_child_weight': 20.177812478789026}. Best is trial 52 with value: 0.9705028341996137.[0m
[32m[I 2023-01-29 22:46:41,890][0m Trial 58 finished with value: 18.49041641985622 and parameters: {'max_depth': 5, 'learning_rate': 0.005153668877490418, 'colsample_bytree': 0.2073996617345058, 'subsample': 0.7816625897997217, 'alpha': 0.10942205882040237, 'lambda': 0.000504034092774519, 'gamma': 0.00016262815782386672, 'min_child_weight': 28.04471134295864}. Best is trial 52 with value: 0.9705028341996137.[0m
[32m[I 2023-01-29 22:49:55,987][0m Trial 59 finished with value: 0.9800953330684858 and parameters: {'max_depth': 6, 'learning_rate': 0.00989435815502663, 'colsample_bytree': 0.3369013687554304, 'subsample': 0.7250881992177635, 'alpha': 1.3481293732633253, 'lambda': 5.1129516788483164e-08, 'gamma': 6.443964474628678e-05, 'min_child_weight': 12.222958886490979}. Best is trial 52 with value: 0.9705028341996137.[0m
[32m[I 2023-01-29 22:50:03,875][0m Trial 60 finished with value: 18.49041641985622 and parameters: {'max_depth': 4, 'learning_rate': 0.007159354186064026, 'colsample_bytree': 0.2618595867046264, 'subsample': 0.6974785464490486, 'alpha': 0.40442299176022717, 'lambda': 1.1151129142908434e-05, 'gamma': 0.0049283382420580455, 'min_child_weight': 231.52061266594933}. Best is trial 52 with value: 0.9705028341996137.[0m
[32m[I 2023-01-29 22:52:21,746][0m Trial 61 finished with value: 0.9827988448574075 and parameters: {'max_depth': 8, 'learning_rate': 0.006868022003365172, 'colsample_bytree': 0.37034371601490307, 'subsample': 0.7763999766819234, 'alpha': 2.539480189436211, 'lambda': 9.207855332664414e-07, 'gamma': 0.03992759791379235, 'min_child_weight': 10.058945470158339}. Best is trial 52 with value: 0.9705028341996137.[0m
[32m[I 2023-01-29 22:58:21,321][0m Trial 62 finished with value: 0.9884773755784859 and parameters: {'max_depth': 7, 'learning_rate': 0.007737782707659526, 'colsample_bytree': 0.31827118993431963, 'subsample': 0.7642095481092364, 'alpha': 0.24645658055312866, 'lambda': 2.9214040355987765e-06, 'gamma': 0.01072105312619406, 'min_child_weight': 14.50819013270178}. Best is trial 52 with value: 0.9705028341996137.[0m
[32m[I 2023-01-29 23:01:12,109][0m Trial 63 finished with value: 0.982186649111726 and parameters: {'max_depth': 9, 'learning_rate': 0.006278575269440464, 'colsample_bytree': 0.4091318865295103, 'subsample': 0.7371704376665718, 'alpha': 1.3886154508184654, 'lambda': 2.47645955890906e-07, 'gamma': 0.0016879585471491793, 'min_child_weight': 12.227936883003443}. Best is trial 52 with value: 0.9705028341996137.[0m
[32m[I 2023-01-29 23:01:16,827][0m Trial 64 finished with value: 18.49041641985622 and parameters: {'max_depth': 6, 'learning_rate': 0.005728831284575596, 'colsample_bytree': 0.3021032470551854, 'subsample': 0.7897504410411229, 'alpha': 0.951748520981858, 'lambda': 1.4452272662344288e-06, 'gamma': 0.003974381432073869, 'min_child_weight': 119.88334519022509}. Best is trial 52 with value: 0.9705028341996137.[0m
[32m[I 2023-01-29 23:01:22,065][0m Trial 65 finished with value: 18.49041641985622 and parameters: {'max_depth': 8, 'learning_rate': 0.006596025492313559, 'colsample_bytree': 0.23306217327501286, 'subsample': 0.7676081589173105, 'alpha': 2.326472701778622, 'lambda': 3.334395645982905e-06, 'gamma': 0.012373159117373226, 'min_child_weight': 16.688485261207948}. Best is trial 52 with value: 0.9705028341996137.[0m
[32m[I 2023-01-29 23:02:55,847][0m Trial 66 finished with value: 1.0086825798455767 and parameters: {'max_depth': 7, 'learning_rate': 0.015053638293652864, 'colsample_bytree': 0.38758357733067217, 'subsample': 0.7540201272919728, 'alpha': 3.5276711576125406, 'lambda': 7.838175747709057e-05, 'gamma': 0.20519590615344346, 'min_child_weight': 11.18687734936524}. Best is trial 52 with value: 0.9705028341996137.[0m
[32m[I 2023-01-29 23:06:52,058][0m Trial 67 finished with value: 0.9847488661333873 and parameters: {'max_depth': 11, 'learning_rate': 0.007907129570079038, 'colsample_bytree': 0.20024385382858684, 'subsample': 0.7938256818592018, 'alpha': 0.4926503666742475, 'lambda': 9.523582604986079e-08, 'gamma': 0.0008863840090337922, 'min_child_weight': 14.5672657253994}. Best is trial 52 with value: 0.9705028341996137.[0m
[32m[I 2023-01-29 23:06:55,528][0m Trial 68 finished with value: 18.49041641985622 and parameters: {'max_depth': 5, 'learning_rate': 0.005350164026790234, 'colsample_bytree': 0.4194684301760267, 'subsample': 0.5970141301565931, 'alpha': 1.6152107730182006, 'lambda': 9.139322415562859e-06, 'gamma': 0.06815395013133417, 'min_child_weight': 20.513361932467514}. Best is trial 52 with value: 0.9705028341996137.[0m
[32m[I 2023-01-29 23:07:33,744][0m Trial 69 finished with value: 0.9714109799924204 and parameters: {'max_depth': 6, 'learning_rate': 0.00696921141771499, 'colsample_bytree': 0.35919829825215444, 'subsample': 0.7714773760504801, 'alpha': 0.3312126406530592, 'lambda': 0.0002459152644202837, 'gamma': 1.965737633971796e-05, 'min_child_weight': 11.641955658295526}. Best is trial 52 with value: 0.9705028341996137.[0m
[32m[I 2023-01-29 23:07:36,961][0m Trial 70 finished with value: 18.49041641985622 and parameters: {'max_depth': 6, 'learning_rate': 0.008748553407497328, 'colsample_bytree': 0.36234564822656995, 'subsample': 0.7349637815550631, 'alpha': 0.6878162274097342, 'lambda': 0.00019464369890211867, 'gamma': 1.6210041680734637e-06, 'min_child_weight': 470.876848783447}. Best is trial 52 with value: 0.9705028341996137.[0m
[32m[I 2023-01-29 23:08:15,989][0m Trial 71 finished with value: 0.9704909319860086 and parameters: {'max_depth': 6, 'learning_rate': 0.007097186170557463, 'colsample_bytree': 0.3806989326560294, 'subsample': 0.7684526599399546, 'alpha': 0.18671777682792123, 'lambda': 0.002081873029759471, 'gamma': 5.663818567743986e-06, 'min_child_weight': 11.595911437912969}. Best is trial 71 with value: 0.9704909319860086.[0m
[32m[I 2023-01-29 23:08:56,849][0m Trial 72 finished with value: 0.9685779510572262 and parameters: {'max_depth': 6, 'learning_rate': 0.00706417767833562, 'colsample_bytree': 0.3442004517756696, 'subsample': 0.7781372733170778, 'alpha': 0.17740808071206718, 'lambda': 0.0025498747392269172, 'gamma': 1.7018835086985926e-05, 'min_child_weight': 11.934729554868698}. Best is trial 72 with value: 0.9685779510572262.[0m
[32m[I 2023-01-29 23:09:59,103][0m Trial 73 finished with value: 0.9794931829318253 and parameters: {'max_depth': 6, 'learning_rate': 0.007095975182452938, 'colsample_bytree': 0.3459941949253722, 'subsample': 0.7060769740608639, 'alpha': 0.1795711053130248, 'lambda': 0.00176841346295403, 'gamma': 2.5655841093863154e-05, 'min_child_weight': 11.416113520636353}. Best is trial 72 with value: 0.9685779510572262.[0m
[32m[I 2023-01-29 23:12:23,833][0m Trial 74 finished with value: 0.981097150361158 and parameters: {'max_depth': 6, 'learning_rate': 0.00605459002153646, 'colsample_bytree': 0.3839142751574574, 'subsample': 0.7566338573443211, 'alpha': 0.34729771245069385, 'lambda': 0.011815839388148225, 'gamma': 9.44488800482867e-06, 'min_child_weight': 13.744494499890157}. Best is trial 72 with value: 0.9685779510572262.[0m
[32m[I 2023-01-29 23:12:27,321][0m Trial 75 finished with value: 18.15446632121879 and parameters: {'max_depth': 7, 'learning_rate': 0.009699408963150564, 'colsample_bytree': 0.3989596613430838, 'subsample': 0.7443692062021372, 'alpha': 0.06180074207048041, 'lambda': 0.0033526095393594142, 'gamma': 4.59270004493917e-06, 'min_child_weight': 15.954630350008738}. Best is trial 72 with value: 0.9685779510572262.[0m
[32m[I 2023-01-29 23:12:31,155][0m Trial 76 finished with value: 18.49041641985622 and parameters: {'max_depth': 6, 'learning_rate': 0.008388887148541871, 'colsample_bytree': 0.3337945251373265, 'subsample': 0.774075029877494, 'alpha': 0.1158244419602933, 'lambda': 0.009054873184167318, 'gamma': 7.008323106492904e-07, 'min_child_weight': 18.26236336274823}. Best is trial 72 with value: 0.9685779510572262.[0m
[32m[I 2023-01-29 23:12:38,476][0m Trial 77 finished with value: 18.242145967187973 and parameters: {'max_depth': 7, 'learning_rate': 0.007298216856419498, 'colsample_bytree': 0.3800424438241729, 'subsample': 0.5237249682853904, 'alpha': 0.27532243699290815, 'lambda': 0.0004407185562687069, 'gamma': 3.0665621449764755e-05, 'min_child_weight': 12.055722444480939}. Best is trial 72 with value: 0.9685779510572262.[0m
[32m[I 2023-01-29 23:12:42,340][0m Trial 78 finished with value: 18.49041641985622 and parameters: {'max_depth': 5, 'learning_rate': 0.006296705014533786, 'colsample_bytree': 0.34693762599111555, 'subsample': 0.7867777919525585, 'alpha': 0.15024122912993707, 'lambda': 0.0008004855991007381, 'gamma': 1.537498913798522e-07, 'min_child_weight': 76.95558570518438}. Best is trial 72 with value: 0.9685779510572262.[0m
[32m[I 2023-01-29 23:13:09,846][0m Trial 79 finished with value: 0.9769652082383621 and parameters: {'max_depth': 7, 'learning_rate': 0.044388068112891255, 'colsample_bytree': 0.36548445935193924, 'subsample': 0.7245058987154368, 'alpha': 0.196361938892089, 'lambda': 0.0014050243541046696, 'gamma': 6.958133106379222e-05, 'min_child_weight': 13.599097560950767}. Best is trial 72 with value: 0.9685779510572262.[0m
[32m[I 2023-01-29 23:13:13,357][0m Trial 80 finished with value: 18.49041641985622 and parameters: {'max_depth': 6, 'learning_rate': 0.00563342138531519, 'colsample_bytree': 0.3227575255740155, 'subsample': 0.7728257076749445, 'alpha': 0.23678831050837365, 'lambda': 0.049243633696408766, 'gamma': 0.021033982957591648, 'min_child_weight': 22.213349171049742}. Best is trial 72 with value: 0.9685779510572262.[0m
[32m[I 2023-01-29 23:13:42,757][0m Trial 81 finished with value: 0.9756406543604615 and parameters: {'max_depth': 5, 'learning_rate': 0.006537483262192179, 'colsample_bytree': 0.27583278256947524, 'subsample': 0.7983027180166196, 'alpha': 0.11841288967629943, 'lambda': 0.00010247189335906208, 'gamma': 7.097017655727854e-06, 'min_child_weight': 10.01036778833136}. Best is trial 72 with value: 0.9685779510572262.[0m
[32m[I 2023-01-29 23:14:37,619][0m Trial 82 finished with value: 0.9711319217050389 and parameters: {'max_depth': 5, 'learning_rate': 0.006742543177824285, 'colsample_bytree': 0.275759908689363, 'subsample': 0.760470476481342, 'alpha': 0.038241492545129964, 'lambda': 0.00032504874480668235, 'gamma': 7.097375890345725e-06, 'min_child_weight': 11.163232491173543}. Best is trial 72 with value: 0.9685779510572262.[0m
