[32m[I 2023-01-29 23:09:12,682][0m Trial 29 finished with value: 1.2475526323274344 and parameters: {'max_depth': 7, 'learning_rate': 0.017373113411877805, 'colsample_bytree': 0.5404638490578458, 'subsample': 0.6673684238762991, 'alpha': 1.8085167918078922, 'lambda': 0.0006871365934810821, 'gamma': 0.9180848996492342, 'min_child_weight': 321.5925259189849}. Best is trial 24 with value: 0.7454819429334204.[0m
[32m[I 2023-01-29 23:12:17,870][0m Trial 30 finished with value: 0.7481884555166185 and parameters: {'max_depth': 6, 'learning_rate': 0.00919557498074948, 'colsample_bytree': 0.48815755315493836, 'subsample': 0.7559846204937574, 'alpha': 0.08797840360122423, 'lambda': 2.9840940032842726e-07, 'gamma': 0.017716018125407882, 'min_child_weight': 15.089305583188885}. Best is trial 24 with value: 0.7454819429334204.[0m
[32m[I 2023-01-29 23:16:30,654][0m Trial 31 finished with value: 0.7456390925677228 and parameters: {'max_depth': 7, 'learning_rate': 0.007171104441392241, 'colsample_bytree': 0.3292591308410945, 'subsample': 0.7792130256314725, 'alpha': 0.8772347914539244, 'lambda': 1.8919505675685262e-06, 'gamma': 0.005677712520855476, 'min_child_weight': 10.638121559253197}. Best is trial 24 with value: 0.7454819429334204.[0m
[32m[I 2023-01-29 23:20:28,940][0m Trial 32 finished with value: 0.7563375817299367 and parameters: {'max_depth': 7, 'learning_rate': 0.007088433616764126, 'colsample_bytree': 0.3234269673851954, 'subsample': 0.7738062944939644, 'alpha': 0.6273390827529817, 'lambda': 2.6862100480522033e-06, 'gamma': 0.0030777562225631646, 'min_child_weight': 14.45909507504727}. Best is trial 24 with value: 0.7454819429334204.[0m
[32m[I 2023-01-29 23:27:06,229][0m Trial 33 finished with value: 0.7474142680675449 and parameters: {'max_depth': 8, 'learning_rate': 0.005511145082639624, 'colsample_bytree': 0.40201812137487736, 'subsample': 0.7986713568491774, 'alpha': 0.9650065230204032, 'lambda': 4.8829996054528004e-08, 'gamma': 0.025026164829766214, 'min_child_weight': 10.099306630652086}. Best is trial 24 with value: 0.7454819429334204.[0m
[32m[I 2023-01-29 23:34:24,564][0m Trial 34 finished with value: 0.7603957324776849 and parameters: {'max_depth': 10, 'learning_rate': 0.0055290676498991245, 'colsample_bytree': 0.4032849613565655, 'subsample': 0.7326894517835285, 'alpha': 0.8298623294937737, 'lambda': 4.609415640104855e-08, 'gamma': 0.0004663293853864773, 'min_child_weight': 25.043683772364634}. Best is trial 24 with value: 0.7454819429334204.[0m
[32m[I 2023-01-29 23:40:16,182][0m Trial 35 finished with value: 0.7568891406340226 and parameters: {'max_depth': 8, 'learning_rate': 0.006145182275379648, 'colsample_bytree': 0.23807095870401815, 'subsample': 0.7705835889181991, 'alpha': 2.433235969987151, 'lambda': 1.0451659488693532e-08, 'gamma': 0.00011623825031029553, 'min_child_weight': 17.800279792846496}. Best is trial 24 with value: 0.7454819429334204.[0m
[32m[I 2023-01-29 23:47:03,185][0m Trial 36 finished with value: 0.7819881830268273 and parameters: {'max_depth': 9, 'learning_rate': 0.005032052264896336, 'colsample_bytree': 0.43127955253042877, 'subsample': 0.7396003599968521, 'alpha': 4.237176458401901, 'lambda': 2.1726032758621294e-07, 'gamma': 0.4009119331685785, 'min_child_weight': 50.91833097653731}. Best is trial 24 with value: 0.7454819429334204.[0m
[32m[I 2023-01-29 23:53:45,887][0m Trial 37 finished with value: 0.7643120945865473 and parameters: {'max_depth': 10, 'learning_rate': 0.008452288243597918, 'colsample_bytree': 0.4607270936993307, 'subsample': 0.6717344533376985, 'alpha': 0.4755962811525203, 'lambda': 4.928373858832315e-08, 'gamma': 0.0031463822457419048, 'min_child_weight': 31.3041549813192}. Best is trial 24 with value: 0.7454819429334204.[0m
[32m[I 2023-01-29 23:55:48,442][0m Trial 38 finished with value: 0.7504452215221494 and parameters: {'max_depth': 6, 'learning_rate': 0.020641355208308315, 'colsample_bytree': 0.37598054410915854, 'subsample': 0.7536389956281532, 'alpha': 0.2553053066873727, 'lambda': 0.02313490859172262, 'gamma': 0.0008533175326864843, 'min_child_weight': 13.1748438606925}. Best is trial 24 with value: 0.7454819429334204.[0m
[32m[I 2023-01-29 23:58:03,787][0m Trial 39 finished with value: 0.757540856710452 and parameters: {'max_depth': 9, 'learning_rate': 0.010429772918518841, 'colsample_bytree': 0.2877926523757637, 'subsample': 0.468123243086385, 'alpha': 0.11908886166400551, 'lambda': 2.1118218690124962e-05, 'gamma': 1.4489485072222884e-05, 'min_child_weight': 10.040566738304072}. Best is trial 24 with value: 0.7454819429334204.[0m
[32m[I 2023-01-30 00:05:07,316][0m Trial 40 finished with value: 0.7628772611035342 and parameters: {'max_depth': 8, 'learning_rate': 0.005942387815318962, 'colsample_bytree': 0.31762805594795773, 'subsample': 0.7794143137398549, 'alpha': 6.373531606165513, 'lambda': 3.400832535973217e-07, 'gamma': 1.525939646231702e-08, 'min_child_weight': 20.154044250151916}. Best is trial 24 with value: 0.7454819429334204.[0m
[32m[I 2023-01-30 00:09:36,153][0m Trial 41 finished with value: 0.7468155082022224 and parameters: {'max_depth': 7, 'learning_rate': 0.00709327323418313, 'colsample_bytree': 0.35234067495513355, 'subsample': 0.785286927718998, 'alpha': 1.0052046906214964, 'lambda': 4.154312392205239e-06, 'gamma': 0.03314794297808093, 'min_child_weight': 13.498543869557265}. Best is trial 24 with value: 0.7454819429334204.[0m
[32m[I 2023-01-30 00:11:37,647][0m Trial 42 finished with value: 0.7441718780509 and parameters: {'max_depth': 7, 'learning_rate': 0.0287520267997695, 'colsample_bytree': 0.3841574506357476, 'subsample': 0.7851830251059736, 'alpha': 0.8082976728309391, 'lambda': 2.731862356967203e-06, 'gamma': 0.05340188035256211, 'min_child_weight': 13.190368004408587}. Best is trial 42 with value: 0.7441718780509.[0m
[32m[I 2023-01-30 00:13:28,643][0m Trial 43 finished with value: 0.7617262082131784 and parameters: {'max_depth': 7, 'learning_rate': 0.030432936442155643, 'colsample_bytree': 0.3769404667578638, 'subsample': 0.7472414128212213, 'alpha': 3.159403855777384, 'lambda': 3.7464858206913253e-06, 'gamma': 0.10441648180671027, 'min_child_weight': 13.554797764583247}. Best is trial 42 with value: 0.7441718780509.[0m
[32m[I 2023-01-30 00:15:07,917][0m Trial 44 finished with value: 0.7619477006775961 and parameters: {'max_depth': 6, 'learning_rate': 0.02410237160605763, 'colsample_bytree': 0.35997674385162703, 'subsample': 0.7182391967802234, 'alpha': 0.33512857042942945, 'lambda': 9.266077211097074e-05, 'gamma': 0.299871316624917, 'min_child_weight': 17.044531215273548}. Best is trial 42 with value: 0.7441718780509.[0m
[32m[I 2023-01-30 00:16:15,774][0m Trial 45 finished with value: 0.7586711696823267 and parameters: {'max_depth': 5, 'learning_rate': 0.03363785345522771, 'colsample_bytree': 0.30662912767635203, 'subsample': 0.6933020238864105, 'alpha': 1.7577465439836133, 'lambda': 1.054952570705608e-05, 'gamma': 0.00577884877380121, 'min_child_weight': 12.88099319722055}. Best is trial 42 with value: 0.7441718780509.[0m
[32m[I 2023-01-30 00:18:29,559][0m Trial 46 finished with value: 0.7757916450056908 and parameters: {'max_depth': 6, 'learning_rate': 0.014711402060594365, 'colsample_bytree': 0.4204704279920098, 'subsample': 0.781085038193016, 'alpha': 0.8420822413799531, 'lambda': 0.0005005668390366485, 'gamma': 2.3126762662661196, 'min_child_weight': 21.57975896606368}. Best is trial 42 with value: 0.7441718780509.[0m
[32m[I 2023-01-30 00:21:21,045][0m Trial 47 finished with value: 0.751038960970981 and parameters: {'max_depth': 5, 'learning_rate': 0.012530104641344198, 'colsample_bytree': 0.23964873431978367, 'subsample': 0.7524649925115822, 'alpha': 0.4107386910553769, 'lambda': 0.004204651808069014, 'gamma': 0.05724673927294331, 'min_child_weight': 12.941478508774404}. Best is trial 42 with value: 0.7441718780509.[0m
[32m[I 2023-01-30 00:23:01,535][0m Trial 48 finished with value: 0.7721421640885664 and parameters: {'max_depth': 7, 'learning_rate': 0.03472355510056095, 'colsample_bytree': 0.29868835948021827, 'subsample': 0.7825824765929659, 'alpha': 1.1974401125924372, 'lambda': 0.858783454483709, 'gamma': 5.931574577194596e-07, 'min_child_weight': 36.59687301346889}. Best is trial 42 with value: 0.7441718780509.[0m
[32m[I 2023-01-30 00:25:16,488][0m Trial 49 finished with value: 0.7634155339126778 and parameters: {'max_depth': 8, 'learning_rate': 0.025188218523771427, 'colsample_bytree': 0.38420492537391776, 'subsample': 0.7256834794324251, 'alpha': 2.0963373430141754, 'lambda': 2.9096141860078927e-06, 'gamma': 0.00017150355159944116, 'min_child_weight': 24.76977570354669}. Best is trial 42 with value: 0.7441718780509.[0m
[32m[I 2023-01-30 00:28:06,565][0m Trial 50 finished with value: 0.7800532024954352 and parameters: {'max_depth': 4, 'learning_rate': 0.006618224782757697, 'colsample_bytree': 0.3548148234627175, 'subsample': 0.5647132320855983, 'alpha': 0.7104049689732628, 'lambda': 2.589509425436534e-05, 'gamma': 0.0006906077656670806, 'min_child_weight': 16.63055046948521}. Best is trial 42 with value: 0.7441718780509.[0m
[32m[I 2023-01-30 00:35:23,251][0m Trial 51 finished with value: 0.7441294319644804 and parameters: {'max_depth': 7, 'learning_rate': 0.005460122424727953, 'colsample_bytree': 0.4511600414652994, 'subsample': 0.7970056406046114, 'alpha': 1.0172475013822235, 'lambda': 1.0432856144398805e-05, 'gamma': 0.04834410586634404, 'min_child_weight': 11.881165857251995}. Best is trial 51 with value: 0.7441294319644804.[0m
[32m[I 2023-01-30 00:36:43,946][0m Trial 52 finished with value: 0.7551411862167254 and parameters: {'max_depth': 7, 'learning_rate': 0.04184011695254335, 'colsample_bytree': 0.45256880838899743, 'subsample': 0.787702729353061, 'alpha': 1.125183283411452, 'lambda': 8.443292024942451e-06, 'gamma': 0.043485695573694784, 'min_child_weight': 12.070944089749236}. Best is trial 51 with value: 0.7441294319644804.[0m
[32m[I 2023-01-30 00:36:48,448][0m Trial 53 finished with value: 17.41571414687497 and parameters: {'max_depth': 7, 'learning_rate': 0.0075079121523952755, 'colsample_bytree': 0.3308928297958994, 'subsample': 0.7657390523417216, 'alpha': 0.03816109707307643, 'lambda': 1.6147136651850493e-06, 'gamma': 0.004022566673708794, 'min_child_weight': 933.1993351307684}. Best is trial 51 with value: 0.7441294319644804.[0m
[32m[I 2023-01-30 00:41:46,134][0m Trial 54 finished with value: 0.7497154608060208 and parameters: {'max_depth': 6, 'learning_rate': 0.005839214196381455, 'colsample_bytree': 0.4759639392373457, 'subsample': 0.7998147372707747, 'alpha': 1.460379120536953, 'lambda': 0.0001328133883940186, 'gamma': 0.4036886499851632, 'min_child_weight': 11.993969483339606}. Best is trial 51 with value: 0.7441294319644804.[0m
[32m[I 2023-01-30 00:45:02,903][0m Trial 55 finished with value: 0.7540430128948585 and parameters: {'max_depth': 7, 'learning_rate': 0.008656967096512575, 'colsample_bytree': 0.49606267182027536, 'subsample': 0.7423597593820938, 'alpha': 0.5461925313012038, 'lambda': 6.802943414030675e-06, 'gamma': 0.002046716487470121, 'min_child_weight': 15.344971195292228}. Best is trial 51 with value: 0.7441294319644804.[0m
[32m[I 2023-01-30 00:54:00,908][0m Trial 56 finished with value: 0.7525925046468362 and parameters: {'max_depth': 12, 'learning_rate': 0.006636659517532526, 'colsample_bytree': 0.4474475463519868, 'subsample': 0.7693105077886426, 'alpha': 2.675712966616263, 'lambda': 5.441720992302795e-07, 'gamma': 0.010574072152263865, 'min_child_weight': 18.668110044646077}. Best is trial 51 with value: 0.7441294319644804.[0m
[32m[I 2023-01-30 01:01:25,338][0m Trial 57 finished with value: 0.7617740981842798 and parameters: {'max_depth': 6, 'learning_rate': 0.007705324469174804, 'colsample_bytree': 0.5290976882149153, 'subsample': 0.5190557824848883, 'alpha': 0.23908238459228062, 'lambda': 5.2045142325579796e-05, 'gamma': 7.535702046819291e-05, 'min_child_weight': 11.918123939840338}. Best is trial 51 with value: 0.7441294319644804.[0m
[32m[I 2023-01-30 01:02:41,117][0m Trial 58 finished with value: 1.2474198261290468 and parameters: {'max_depth': 7, 'learning_rate': 0.00997728044729883, 'colsample_bytree': 0.2651872980695615, 'subsample': 0.7866750058766888, 'alpha': 0.97839026442221, 'lambda': 1.8285147134944506e-05, 'gamma': 1.7583018508057345e-05, 'min_child_weight': 361.416511889564}. Best is trial 51 with value: 0.7441294319644804.[0m
[32m[I 2023-01-30 01:08:09,334][0m Trial 59 finished with value: 0.7708339646414595 and parameters: {'max_depth': 5, 'learning_rate': 0.01136442161304235, 'colsample_bytree': 0.3419805305431947, 'subsample': 0.5939147071427393, 'alpha': 1.5455511553498011, 'lambda': 5.431286666015337e-06, 'gamma': 0.21503385064257122, 'min_child_weight': 26.59259237935264}. Best is trial 51 with value: 0.7441294319644804.[0m
[32m[I 2023-01-30 01:21:33,160][0m Trial 60 finished with value: 0.7580376249986097 and parameters: {'max_depth': 8, 'learning_rate': 0.00510365589461235, 'colsample_bytree': 0.28645784938154634, 'subsample': 0.7036921751513712, 'alpha': 3.5305856343429705, 'lambda': 1.4087098687088846e-06, 'gamma': 0.007030353918700441, 'min_child_weight': 15.81057616144858}. Best is trial 51 with value: 0.7441294319644804.[0m
[32m[I 2023-01-30 01:28:34,926][0m Trial 61 finished with value: 0.7493665943330582 and parameters: {'max_depth': 8, 'learning_rate': 0.005468257080294144, 'colsample_bytree': 0.39746878612998887, 'subsample': 0.7998967968309162, 'alpha': 0.9987369436606353, 'lambda': 1.136857957930979e-07, 'gamma': 0.02307623092893648, 'min_child_weight': 10.058339191042354}. Best is trial 51 with value: 0.7441294319644804.[0m
[32m[I 2023-01-30 01:38:29,975][0m Trial 62 finished with value: 0.744263119259891 and parameters: {'max_depth': 7, 'learning_rate': 0.007106644615333672, 'colsample_bytree': 0.41279953684101217, 'subsample': 0.7880082402543046, 'alpha': 0.7592915612039071, 'lambda': 2.2262059945008166e-08, 'gamma': 0.08769691868320867, 'min_child_weight': 11.754857012085495}. Best is trial 51 with value: 0.7441294319644804.[0m
[32m[I 2023-01-30 01:49:07,595][0m Trial 63 finished with value: 0.749039980470698 and parameters: {'max_depth': 7, 'learning_rate': 0.00712285323383344, 'colsample_bytree': 0.598806347336068, 'subsample': 0.7589949857829525, 'alpha': 0.011848911747345415, 'lambda': 4.705368901487836e-07, 'gamma': 0.08263294961868733, 'min_child_weight': 11.88959071788953}. Best is trial 51 with value: 0.7441294319644804.[0m
[32m[I 2023-01-30 01:59:39,206][0m Trial 64 finished with value: 0.7491481457334823 and parameters: {'max_depth': 6, 'learning_rate': 0.006353117529813888, 'colsample_bytree': 0.4386646802537101, 'subsample': 0.7846598849174026, 'alpha': 0.737328463208752, 'lambda': 2.4107641295140805e-06, 'gamma': 0.6896907038256923, 'min_child_weight': 14.742274162346968}. Best is trial 51 with value: 0.7441294319644804.[0m
[32m[I 2023-01-30 02:09:50,136][0m Trial 65 finished with value: 0.8303701829369619 and parameters: {'max_depth': 7, 'learning_rate': 0.008148452333747874, 'colsample_bytree': 0.40926221770898663, 'subsample': 0.7730616172475651, 'alpha': 1.3540472384546396, 'lambda': 2.6781408284440977e-08, 'gamma': 0.028339126088545986, 'min_child_weight': 122.78119565617884}. Best is trial 51 with value: 0.7441294319644804.[0m
[32m[I 2023-01-30 02:16:44,574][0m Trial 66 finished with value: 0.7497962102959117 and parameters: {'max_depth': 6, 'learning_rate': 0.007225956891557752, 'colsample_bytree': 0.41442713902739736, 'subsample': 0.7471212820441173, 'alpha': 0.5125191580615351, 'lambda': 0.00025270954451866377, 'gamma': 0.20251241747487758, 'min_child_weight': 11.498516707264486}. Best is trial 51 with value: 0.7441294319644804.[0m
[32m[I 2023-01-30 02:21:05,539][0m Trial 67 finished with value: 0.7699776740438178 and parameters: {'max_depth': 7, 'learning_rate': 0.01809729395249412, 'colsample_bytree': 0.3698002349666836, 'subsample': 0.7299858453837789, 'alpha': 2.1692110295478186, 'lambda': 8.213949702461618e-07, 'gamma': 2.1375437353851234, 'min_child_weight': 21.58984642630857}. Best is trial 51 with value: 0.7441294319644804.[0m
[32m[I 2023-01-30 02:27:03,445][0m Trial 68 finished with value: 0.7483850419880891 and parameters: {'max_depth': 8, 'learning_rate': 0.0068157607965663915, 'colsample_bytree': 0.3928757697052495, 'subsample': 0.7662753652436525, 'alpha': 0.5937966624325473, 'lambda': 4.5738067855059585e-05, 'gamma': 0.04498050107074957, 'min_child_weight': 14.37194925460724}. Best is trial 51 with value: 0.7441294319644804.[0m
[32m[I 2023-01-30 02:31:38,799][0m Trial 69 finished with value: 0.7492924551282353 and parameters: {'max_depth': 6, 'learning_rate': 0.005871036021295582, 'colsample_bytree': 0.3457855540556334, 'subsample': 0.7861720058271094, 'alpha': 0.4217999904068853, 'lambda': 1.278216841642375e-05, 'gamma': 0.0016255090125708146, 'min_child_weight': 18.845868124158216}. Best is trial 51 with value: 0.7441294319644804.[0m
[32m[I 2023-01-30 02:37:19,881][0m Trial 70 finished with value: 0.7455667791805429 and parameters: {'max_depth': 7, 'learning_rate': 0.006283903508085554, 'colsample_bytree': 0.3233976861877488, 'subsample': 0.759735937657725, 'alpha': 0.7878592138541303, 'lambda': 1.9560521207889626e-07, 'gamma': 0.011634017314759451, 'min_child_weight': 11.451110934179475}. Best is trial 51 with value: 0.7441294319644804.[0m
[32m[I 2023-01-30 02:43:29,593][0m Trial 71 finished with value: 0.7433723461925552 and parameters: {'max_depth': 7, 'learning_rate': 0.0063224659941786, 'colsample_bytree': 0.31751541507885633, 'subsample': 0.7591660223666433, 'alpha': 0.7727321876316349, 'lambda': 1.818593209651311e-07, 'gamma': 0.01177259387613857, 'min_child_weight': 11.558663821207897}. Best is trial 71 with value: 0.7433723461925552.[0m
[32m[I 2023-01-30 02:49:35,245][0m Trial 72 finished with value: 0.7470518043691167 and parameters: {'max_depth': 7, 'learning_rate': 0.006473224216123156, 'colsample_bytree': 0.3232918444808394, 'subsample': 0.7602519600490599, 'alpha': 0.30930608659289344, 'lambda': 8.051655360285049e-08, 'gamma': 0.014172260826024097, 'min_child_weight': 11.33696808702327}. Best is trial 71 with value: 0.7433723461925552.[0m
[32m[I 2023-01-30 02:57:11,529][0m Trial 73 finished with value: 0.7468716017490731 and parameters: {'max_depth': 7, 'learning_rate': 0.005777440760175404, 'colsample_bytree': 0.3063322322791889, 'subsample': 0.740399033374015, 'alpha': 0.742069190453308, 'lambda': 2.1765666127792206e-07, 'gamma': 0.005667127312586194, 'min_child_weight': 10.063843761929895}. Best is trial 71 with value: 0.7433723461925552.[0m
[32m[I 2023-01-30 03:04:30,274][0m Trial 74 finished with value: 0.7484849341753492 and parameters: {'max_depth': 8, 'learning_rate': 0.005297782583190912, 'colsample_bytree': 0.2829877774801511, 'subsample': 0.7761895481318051, 'alpha': 1.6579324250875778, 'lambda': 2.9086222811197873e-08, 'gamma': 0.0716681745821023, 'min_child_weight': 15.93956492512818}. Best is trial 71 with value: 0.7433723461925552.[0m
[32m[I 2023-01-30 03:08:35,572][0m Trial 75 finished with value: 0.7493631315424173 and parameters: {'max_depth': 6, 'learning_rate': 0.006196795053952421, 'colsample_bytree': 0.3181863172511908, 'subsample': 0.7237343335446812, 'alpha': 0.17388777361643865, 'lambda': 7.18649274781054e-08, 'gamma': 0.14983332168089297, 'min_child_weight': 11.368661749021143}. Best is trial 71 with value: 0.7433723461925552.[0m
[32m[I 2023-01-30 03:11:50,395][0m Trial 76 finished with value: 0.7707213950377321 and parameters: {'max_depth': 7, 'learning_rate': 0.008686674091949337, 'colsample_bytree': 0.3361004772613325, 'subsample': 0.423299488197203, 'alpha': 1.3327904447998005, 'lambda': 1.403577208934542e-08, 'gamma': 0.0005478284626804781, 'min_child_weight': 12.681623988503931}. Best is trial 71 with value: 0.7433723461925552.[0m
[32m[I 2023-01-30 03:15:45,960][0m Trial 77 finished with value: 0.7511591464587253 and parameters: {'max_depth': 8, 'learning_rate': 0.007759102081384927, 'colsample_bytree': 0.2939235135277758, 'subsample': 0.7558049333562575, 'alpha': 0.8396934261562424, 'lambda': 1.877507583658566e-07, 'gamma': 0.0010544958158922363, 'min_child_weight': 17.23755497099864}. Best is trial 71 with value: 0.7433723461925552.[0m
[32m[I 2023-01-30 03:16:29,382][0m Trial 78 finished with value: 0.7499823977585445 and parameters: {'max_depth': 6, 'learning_rate': 0.04769493133894551, 'colsample_bytree': 0.25613237619716933, 'subsample': 0.7928528873614022, 'alpha': 0.609501182271807, 'lambda': 3.3574164716098486e-07, 'gamma': 0.0001931828829979513, 'min_child_weight': 14.039131236451095}. Best is trial 71 with value: 0.7433723461925552.[0m
[32m[I 2023-01-30 03:21:54,954][0m Trial 79 finished with value: 0.8030927631708646 and parameters: {'max_depth': 7, 'learning_rate': 0.005742117693318812, 'colsample_bytree': 0.27256135166536993, 'subsample': 0.6531447307951836, 'alpha': 1.1598068442557128, 'lambda': 1.5416656407332744e-06, 'gamma': 4.358348700520837e-05, 'min_child_weight': 74.10324211634104}. Best is trial 71 with value: 0.7433723461925552.[0m
[32m[I 2023-01-30 03:27:07,283][0m Trial 80 finished with value: 0.7807187525675984 and parameters: {'max_depth': 9, 'learning_rate': 0.005378271607034086, 'colsample_bytree': 0.3138832409449456, 'subsample': 0.7724525143897293, 'alpha': 0.4797032875419356, 'lambda': 7.629547046732275e-07, 'gamma': 0.002638130381190121, 'min_child_weight': 60.31980215943581}. Best is trial 71 with value: 0.7433723461925552.[0m
