[32m[I 2023-01-30 14:31:15,259][0m Trial 0 finished with value: 16.83201013088795 and parameters: {'max_depth': 6, 'learning_rate': 0.005210791962875845, 'colsample_bytree': 0.3394136619287924, 'subsample': 0.6574222784102022, 'alpha': 0.02648277082222497, 'lambda': 1.4144875055738103e-05, 'gamma': 0.04500641923688874, 'min_child_weight': 260.3962433950421}. Best is trial 0 with value: 16.83201013088795.[0m
[32m[I 2023-01-30 14:31:17,153][0m Trial 1 finished with value: 16.83201013088795 and parameters: {'max_depth': 6, 'learning_rate': 0.021979238983249345, 'colsample_bytree': 0.23423485468909863, 'subsample': 0.4465474806143693, 'alpha': 0.015192846689395734, 'lambda': 1.053937511823679e-07, 'gamma': 0.0033136326180250014, 'min_child_weight': 644.7293908986641}. Best is trial 0 with value: 16.83201013088795.[0m
[32m[I 2023-01-30 14:31:24,986][0m Trial 2 finished with value: 1.102160526920785 and parameters: {'max_depth': 9, 'learning_rate': 0.04472431548571135, 'colsample_bytree': 0.2882911980960603, 'subsample': 0.4361977233811782, 'alpha': 0.8026076381845835, 'lambda': 0.009308933954768672, 'gamma': 3.256363358939344e-07, 'min_child_weight': 18.821383776104874}. Best is trial 2 with value: 1.102160526920785.[0m
[32m[I 2023-01-30 14:31:27,926][0m Trial 3 finished with value: 16.83201013088795 and parameters: {'max_depth': 12, 'learning_rate': 0.017094403917353843, 'colsample_bytree': 0.22948802297384155, 'subsample': 0.44730585755534635, 'alpha': 0.015292131773238979, 'lambda': 5.965676317494847e-06, 'gamma': 0.00044528778884839724, 'min_child_weight': 338.98551770988314}. Best is trial 2 with value: 1.102160526920785.[0m
[32m[I 2023-01-30 14:32:00,530][0m Trial 4 finished with value: 1.1156067481173773 and parameters: {'max_depth': 8, 'learning_rate': 0.023072683131762008, 'colsample_bytree': 0.47102991741606304, 'subsample': 0.6352342739748388, 'alpha': 9.944425486443707, 'lambda': 2.1702458195047087e-06, 'gamma': 0.09353155629396856, 'min_child_weight': 18.469334745436925}. Best is trial 2 with value: 1.102160526920785.[0m
[32m[I 2023-01-30 14:32:20,942][0m Trial 5 finished with value: 1.3174502333819658 and parameters: {'max_depth': 12, 'learning_rate': 0.006728704334767703, 'colsample_bytree': 0.4857337033199275, 'subsample': 0.7037918458958176, 'alpha': 0.06686109213200414, 'lambda': 0.03446930445975244, 'gamma': 2.183635020390231e-06, 'min_child_weight': 77.41831145784069}. Best is trial 2 with value: 1.102160526920785.[0m
[32m[I 2023-01-30 14:32:23,618][0m Trial 6 finished with value: 16.83201013088795 and parameters: {'max_depth': 4, 'learning_rate': 0.024309997179372503, 'colsample_bytree': 0.5841853923869278, 'subsample': 0.7667252048707697, 'alpha': 0.013337191036805442, 'lambda': 1.3636680397564094e-07, 'gamma': 0.0014997828175700684, 'min_child_weight': 322.655885902972}. Best is trial 2 with value: 1.102160526920785.[0m
[32m[I 2023-01-30 14:32:38,698][0m Trial 7 finished with value: 1.3160047594386033 and parameters: {'max_depth': 6, 'learning_rate': 0.010926258610128152, 'colsample_bytree': 0.2607618918637006, 'subsample': 0.6028959703295853, 'alpha': 0.06206371578662345, 'lambda': 1.266992201665895e-08, 'gamma': 1.5789432269327715e-05, 'min_child_weight': 80.39289318891001}. Best is trial 2 with value: 1.102160526920785.[0m
[32m[I 2023-01-30 14:32:40,981][0m Trial 8 finished with value: 16.83201013088795 and parameters: {'max_depth': 11, 'learning_rate': 0.022246945550976716, 'colsample_bytree': 0.38348067034928734, 'subsample': 0.5786344453767411, 'alpha': 0.2103742118991652, 'lambda': 0.00021926407596498205, 'gamma': 0.036837608776384916, 'min_child_weight': 826.8193360446916}. Best is trial 2 with value: 1.102160526920785.[0m
[32m[I 2023-01-30 14:32:44,025][0m Trial 9 finished with value: 16.83201013088795 and parameters: {'max_depth': 12, 'learning_rate': 0.040398899586500135, 'colsample_bytree': 0.40713570785418746, 'subsample': 0.4235077964948132, 'alpha': 1.6713931146681782, 'lambda': 0.05220786063595881, 'gamma': 6.757110406953963e-05, 'min_child_weight': 153.35914002613805}. Best is trial 2 with value: 1.102160526920785.[0m
[32m[I 2023-01-30 14:33:01,569][0m Trial 10 finished with value: 1.1044144354440981 and parameters: {'max_depth': 9, 'learning_rate': 0.04816832914567595, 'colsample_bytree': 0.30938945494506476, 'subsample': 0.5236211488460568, 'alpha': 1.0756082087934706, 'lambda': 5.987070125610998, 'gamma': 1.0676973389236319e-08, 'min_child_weight': 10.247188554523198}. Best is trial 2 with value: 1.102160526920785.[0m
[32m[I 2023-01-30 14:33:16,011][0m Trial 11 finished with value: 1.1119924647159576 and parameters: {'max_depth': 9, 'learning_rate': 0.04784455548984856, 'colsample_bytree': 0.3100217763470918, 'subsample': 0.5243516535756538, 'alpha': 1.2318833059244463, 'lambda': 9.718541847119443, 'gamma': 1.2536551007490072e-08, 'min_child_weight': 10.820984738272562}. Best is trial 2 with value: 1.102160526920785.[0m
[32m[I 2023-01-30 14:33:26,702][0m Trial 12 finished with value: 1.0691923663965335 and parameters: {'max_depth': 9, 'learning_rate': 0.034937316478278, 'colsample_bytree': 0.3187680493361686, 'subsample': 0.5231817040927456, 'alpha': 0.8339767408389259, 'lambda': 8.599095516296309, 'gamma': 1.0429110743654737e-08, 'min_child_weight': 28.397589017517948}. Best is trial 12 with value: 1.0691923663965335.[0m
[32m[I 2023-01-30 14:33:41,281][0m Trial 13 finished with value: 1.0918699809122265 and parameters: {'max_depth': 10, 'learning_rate': 0.0322335182494066, 'colsample_bytree': 0.36928894532727996, 'subsample': 0.4921604616449984, 'alpha': 0.42435987998715435, 'lambda': 0.08444994096261446, 'gamma': 4.3172593866386154e-07, 'min_child_weight': 36.20915307301406}. Best is trial 12 with value: 1.0691923663965335.[0m
[32m[I 2023-01-30 14:34:01,539][0m Trial 14 finished with value: 1.100040909834863 and parameters: {'max_depth': 10, 'learning_rate': 0.03163819938873763, 'colsample_bytree': 0.3991590630362156, 'subsample': 0.5178798847040464, 'alpha': 0.28268503154875335, 'lambda': 0.45183433748072405, 'gamma': 2.4018916538078194e-07, 'min_child_weight': 36.758881685523065}. Best is trial 12 with value: 1.0691923663965335.[0m
[32m[I 2023-01-30 14:34:23,597][0m Trial 15 finished with value: 1.1777555967841298 and parameters: {'max_depth': 8, 'learning_rate': 0.012502584352624102, 'colsample_bytree': 0.3576581352361704, 'subsample': 0.4979623773851068, 'alpha': 3.3965901616436427, 'lambda': 0.0015255992027333114, 'gamma': 3.6929292409393804, 'min_child_weight': 40.01410624171075}. Best is trial 12 with value: 1.0691923663965335.[0m
[32m[I 2023-01-30 14:34:31,596][0m Trial 16 finished with value: 1.0985131750372008 and parameters: {'max_depth': 10, 'learning_rate': 0.03277504912303213, 'colsample_bytree': 0.46765320566198954, 'subsample': 0.5690679016355393, 'alpha': 0.12969273381498292, 'lambda': 0.6025800989821818, 'gamma': 1.369018541905103e-07, 'min_child_weight': 36.12744426714893}. Best is trial 12 with value: 1.0691923663965335.[0m
[32m[I 2023-01-30 14:34:36,950][0m Trial 17 finished with value: 1.3110698202547657 and parameters: {'max_depth': 7, 'learning_rate': 0.03219726798155154, 'colsample_bytree': 0.20473867818129388, 'subsample': 0.4834996355109532, 'alpha': 0.4879671758442249, 'lambda': 0.5368354609454824, 'gamma': 6.7910266831148706e-06, 'min_child_weight': 54.04943473572871}. Best is trial 12 with value: 1.0691923663965335.[0m
[32m[I 2023-01-30 14:34:55,382][0m Trial 18 finished with value: 1.1163404206984455 and parameters: {'max_depth': 10, 'learning_rate': 0.015666989871566728, 'colsample_bytree': 0.43803577482269196, 'subsample': 0.559697098217068, 'alpha': 3.145261013695419, 'lambda': 0.0005051898790027264, 'gamma': 6.498171176487971e-08, 'min_child_weight': 23.150970306422387}. Best is trial 12 with value: 1.0691923663965335.[0m
[32m[I 2023-01-30 14:34:57,305][0m Trial 19 finished with value: 16.83201013088795 and parameters: {'max_depth': 11, 'learning_rate': 0.028859558670757048, 'colsample_bytree': 0.3472895080839045, 'subsample': 0.4034263699302477, 'alpha': 0.38807847754911245, 'lambda': 1.6349383467924976, 'gamma': 1.414108452580916e-06, 'min_child_weight': 133.45661115312282}. Best is trial 12 with value: 1.0691923663965335.[0m
[32m[I 2023-01-30 14:35:23,512][0m Trial 20 finished with value: 1.119844553005948 and parameters: {'max_depth': 8, 'learning_rate': 0.01661986576593797, 'colsample_bytree': 0.5559055339608177, 'subsample': 0.46511814722441197, 'alpha': 2.9935647796638243, 'lambda': 0.059546066170062, 'gamma': 7.742252470420011e-05, 'min_child_weight': 25.381501047471172}. Best is trial 12 with value: 1.0691923663965335.[0m
[32m[I 2023-01-30 14:35:40,518][0m Trial 21 finished with value: 1.1084140268289935 and parameters: {'max_depth': 10, 'learning_rate': 0.0341688388414813, 'colsample_bytree': 0.5241578742845818, 'subsample': 0.55874749323945, 'alpha': 0.13407341527124644, 'lambda': 0.6276459915946212, 'gamma': 8.689223982848719e-08, 'min_child_weight': 46.48690329606055}. Best is trial 12 with value: 1.0691923663965335.[0m
[32m[I 2023-01-30 14:35:49,058][0m Trial 22 finished with value: 1.1204158353169804 and parameters: {'max_depth': 11, 'learning_rate': 0.037512479033303646, 'colsample_bytree': 0.43138305305920166, 'subsample': 0.6140277713599755, 'alpha': 0.12795239081550855, 'lambda': 0.19977556786114642, 'gamma': 5.901041331579714e-07, 'min_child_weight': 28.29862965878817}. Best is trial 12 with value: 1.0691923663965335.[0m
[32m[I 2023-01-30 14:36:01,890][0m Trial 23 finished with value: 1.0851922087307875 and parameters: {'max_depth': 10, 'learning_rate': 0.027430223830264645, 'colsample_bytree': 0.48629314593235795, 'subsample': 0.5504919417299806, 'alpha': 0.5942667839825, 'lambda': 0.008988140146986717, 'gamma': 4.2261601873669295e-08, 'min_child_weight': 13.577736608607047}. Best is trial 12 with value: 1.0691923663965335.[0m
[32m[I 2023-01-30 14:36:18,949][0m Trial 24 finished with value: 1.0637893091758053 and parameters: {'max_depth': 9, 'learning_rate': 0.02704453130641356, 'colsample_bytree': 0.49724054257291217, 'subsample': 0.5376544508933304, 'alpha': 0.6963077726890051, 'lambda': 0.003986031614346633, 'gamma': 2.5595455479100855e-08, 'min_child_weight': 16.439386516472567}. Best is trial 24 with value: 1.0637893091758053.[0m
[32m[I 2023-01-30 14:36:32,433][0m Trial 25 finished with value: 1.0921687278340404 and parameters: {'max_depth': 9, 'learning_rate': 0.026532635928624437, 'colsample_bytree': 0.5295405081576328, 'subsample': 0.5396684031290099, 'alpha': 0.5810251755232455, 'lambda': 0.0069776093017872055, 'gamma': 3.7577252826559354e-08, 'min_child_weight': 12.981982678471105}. Best is trial 24 with value: 1.0637893091758053.[0m
[32m[I 2023-01-30 14:36:51,676][0m Trial 26 finished with value: 1.0828585974226177 and parameters: {'max_depth': 7, 'learning_rate': 0.019578481028722252, 'colsample_bytree': 0.48353627873819127, 'subsample': 0.6594251418028382, 'alpha': 1.9782378032469463, 'lambda': 6.215647144313507e-05, 'gamma': 1.9817664608207135e-08, 'min_child_weight': 15.422256487474343}. Best is trial 24 with value: 1.0637893091758053.[0m
[32m[I 2023-01-30 14:37:14,623][0m Trial 27 finished with value: 1.1203393300541076 and parameters: {'max_depth': 7, 'learning_rate': 0.018908154189835623, 'colsample_bytree': 0.530003401404091, 'subsample': 0.6806785879054225, 'alpha': 6.700704960500069, 'lambda': 6.665197878213097e-05, 'gamma': 1.0835958417398279e-08, 'min_child_weight': 16.763585744526473}. Best is trial 24 with value: 1.0637893091758053.[0m
[32m[I 2023-01-30 14:37:38,561][0m Trial 28 finished with value: 1.1294926811958672 and parameters: {'max_depth': 4, 'learning_rate': 0.01378635673556732, 'colsample_bytree': 0.44570625578432593, 'subsample': 0.7445514499461989, 'alpha': 2.081077526604813, 'lambda': 7.617775461086831e-05, 'gamma': 4.85579596590432e-06, 'min_child_weight': 59.91283557671309}. Best is trial 24 with value: 1.0637893091758053.[0m
[32m[I 2023-01-30 14:38:08,249][0m Trial 29 finished with value: 1.1222184138880444 and parameters: {'max_depth': 5, 'learning_rate': 0.008358449496579544, 'colsample_bytree': 0.5046323963807022, 'subsample': 0.6493944454057519, 'alpha': 4.950132959209287, 'lambda': 1.8261047973913406e-05, 'gamma': 2.439049784010111e-05, 'min_child_weight': 23.29742353553255}. Best is trial 24 with value: 1.0637893091758053.[0m
[32m[I 2023-01-30 14:44:15,049][0m Trial 30 finished with value: 1.060040356736053 and parameters: {'max_depth': 7, 'learning_rate': 0.019226166419151945, 'colsample_bytree': 0.5887651427305591, 'subsample': 0.7076506705857916, 'alpha': 1.6514118307523247, 'lambda': 0.0014473769294008577, 'gamma': 7.932425694123291e-07, 'min_child_weight': 15.699448597478044}. Best is trial 30 with value: 1.060040356736053.[0m
[32m[I 2023-01-30 14:45:04,099][0m Trial 31 finished with value: 1.087551965298535 and parameters: {'max_depth': 7, 'learning_rate': 0.01924205315664053, 'colsample_bytree': 0.5960220813200794, 'subsample': 0.7097503876311381, 'alpha': 1.474510009055375, 'lambda': 0.0015260099033791716, 'gamma': 3.2006210247238835e-08, 'min_child_weight': 14.792501691462705}. Best is trial 30 with value: 1.060040356736053.[0m
[32m[I 2023-01-30 14:50:02,951][0m Trial 32 finished with value: 1.1268592007705633 and parameters: {'max_depth': 8, 'learning_rate': 0.020434451632591836, 'colsample_bytree': 0.5747359917732253, 'subsample': 0.6778539022024896, 'alpha': 0.8683269504510464, 'lambda': 1.8409042895279826e-06, 'gamma': 1.3540213384673386e-06, 'min_child_weight': 21.344252722739917}. Best is trial 30 with value: 1.060040356736053.[0m
[32m[I 2023-01-30 14:51:05,782][0m Trial 33 finished with value: 1.1215967673803946 and parameters: {'max_depth': 6, 'learning_rate': 0.025060490661071005, 'colsample_bytree': 0.5583237030093066, 'subsample': 0.7941897019015807, 'alpha': 0.858095297566034, 'lambda': 0.001919749835758873, 'gamma': 1.3096735790535747e-07, 'min_child_weight': 10.262448144313574}. Best is trial 30 with value: 1.060040356736053.[0m
[32m[I 2023-01-30 14:52:39,746][0m Trial 34 finished with value: 1.118896866954029 and parameters: {'max_depth': 7, 'learning_rate': 0.03900271079730071, 'colsample_bytree': 0.33115426024796696, 'subsample': 0.6203405961353036, 'alpha': 2.100867483599688, 'lambda': 4.112096659306425e-05, 'gamma': 2.425104067511161e-08, 'min_child_weight': 28.30725122676336}. Best is trial 30 with value: 1.060040356736053.[0m
[32m[I 2023-01-30 14:53:12,270][0m Trial 35 finished with value: 1.1220631187554644 and parameters: {'max_depth': 5, 'learning_rate': 0.014975669936566677, 'colsample_bytree': 0.5525919471066998, 'subsample': 0.7305718470911096, 'alpha': 5.0699188229889405, 'lambda': 0.0003600368161820794, 'gamma': 4.913781678671007e-07, 'min_child_weight': 17.441524256421562}. Best is trial 30 with value: 1.060040356736053.[0m
[32m[I 2023-01-30 14:55:52,496][0m Trial 36 finished with value: 1.0822436241613123 and parameters: {'max_depth': 7, 'learning_rate': 0.005189345787277624, 'colsample_bytree': 0.276354757882877, 'subsample': 0.6713892759172585, 'alpha': 0.7038067969177864, 'lambda': 1.0449755023948081e-05, 'gamma': 1.7210363886473993e-07, 'min_child_weight': 13.516880610410736}. Best is trial 30 with value: 1.060040356736053.[0m
[32m[I 2023-01-30 14:58:34,191][0m Trial 37 finished with value: 1.087161935686141 and parameters: {'max_depth': 8, 'learning_rate': 0.006892018956686274, 'colsample_bytree': 0.2735959415044841, 'subsample': 0.5867042811162111, 'alpha': 0.6960848638585053, 'lambda': 2.49882776198403e-06, 'gamma': 2.7846437232941804e-06, 'min_child_weight': 12.62984045022381}. Best is trial 30 with value: 1.060040356736053.[0m
[32m[I 2023-01-30 14:58:59,980][0m Trial 38 finished with value: 1.1014689538874187 and parameters: {'max_depth': 9, 'learning_rate': 0.010584425634247845, 'colsample_bytree': 0.2264838850808548, 'subsample': 0.6868866469214666, 'alpha': 0.24783530368901652, 'lambda': 9.62245833309709e-07, 'gamma': 1.721207091986513e-07, 'min_child_weight': 19.333334666772625}. Best is trial 30 with value: 1.060040356736053.[0m
[32m[I 2023-01-30 14:59:01,871][0m Trial 39 finished with value: 16.83201013088795 and parameters: {'max_depth': 6, 'learning_rate': 0.0050577053929784085, 'colsample_bytree': 0.2440284572775358, 'subsample': 0.6404359679788154, 'alpha': 0.0311988751659159, 'lambda': 8.63274344394616e-06, 'gamma': 0.0006301252878955018, 'min_child_weight': 205.79848606029097}. Best is trial 30 with value: 1.060040356736053.[0m
[32m[I 2023-01-30 15:14:23,761][0m Trial 40 finished with value: 1.1344415663665228 and parameters: {'max_depth': 5, 'learning_rate': 0.009464781601157338, 'colsample_bytree': 0.2980083313619461, 'subsample': 0.7163685710562151, 'alpha': 1.1217563201508036, 'lambda': 6.024916210806357e-08, 'gamma': 0.008402052955311469, 'min_child_weight': 29.592860035490386}. Best is trial 30 with value: 1.060040356736053.[0m
[32m[I 2023-01-30 15:19:36,657][0m Trial 41 finished with value: 1.0906068495543384 and parameters: {'max_depth': 7, 'learning_rate': 0.005888008231763865, 'colsample_bytree': 0.2771800460768454, 'subsample': 0.6540942767741473, 'alpha': 2.2792138401618733, 'lambda': 3.2870079286528644e-07, 'gamma': 6.009302912462398e-08, 'min_child_weight': 15.66210876687736}. Best is trial 30 with value: 1.060040356736053.[0m
[32m[I 2023-01-30 15:19:54,281][0m Trial 42 finished with value: 1.098042407784416 and parameters: {'max_depth': 8, 'learning_rate': 0.021568823887052554, 'colsample_bytree': 0.32774583881943087, 'subsample': 0.6661526798505998, 'alpha': 1.4294454948317372, 'lambda': 0.0001391586195238295, 'gamma': 7.071126287984707e-07, 'min_child_weight': 17.845669365391583}. Best is trial 30 with value: 1.060040356736053.[0m
[32m[I 2023-01-30 15:20:39,076][0m Trial 43 finished with value: 1.124080032940733 and parameters: {'max_depth': 7, 'learning_rate': 0.017722422428716446, 'colsample_bytree': 0.5057983619701397, 'subsample': 0.7596299513410375, 'alpha': 0.8085497557915724, 'lambda': 1.8348896646878644e-05, 'gamma': 2.0177568783357432e-08, 'min_child_weight': 13.22502477331813}. Best is trial 30 with value: 1.060040356736053.[0m
[32m[I 2023-01-30 15:21:00,171][0m Trial 44 finished with value: 1.1062500973722695 and parameters: {'max_depth': 6, 'learning_rate': 0.012730269212076812, 'colsample_bytree': 0.40773949277438526, 'subsample': 0.6961142351665268, 'alpha': 0.40237015138495585, 'lambda': 0.0041086212349842706, 'gamma': 2.1858534426008554e-07, 'min_child_weight': 20.493904616004322}. Best is trial 30 with value: 1.060040356736053.[0m
[32m[I 2023-01-30 15:21:01,747][0m Trial 45 finished with value: 16.83201013088795 and parameters: {'max_depth': 9, 'learning_rate': 0.023586358463852593, 'colsample_bytree': 0.4576296640941578, 'subsample': 0.5906298622964096, 'alpha': 1.1046817548873487, 'lambda': 0.00046330611538433455, 'gamma': 1.0813648248485104e-08, 'min_child_weight': 455.09216784342107}. Best is trial 30 with value: 1.060040356736053.[0m
[32m[I 2023-01-30 15:21:16,275][0m Trial 46 finished with value: 1.0807752216266284 and parameters: {'max_depth': 8, 'learning_rate': 0.02942226183542746, 'colsample_bytree': 0.4891649162101034, 'subsample': 0.6230794913058417, 'alpha': 0.19792589768716096, 'lambda': 0.025645961829871004, 'gamma': 1.2929670642015265, 'min_child_weight': 10.1228295293517}. Best is trial 30 with value: 1.060040356736053.[0m
[32m[I 2023-01-30 15:21:27,747][0m Trial 47 finished with value: 1.08382631422984 and parameters: {'max_depth': 8, 'learning_rate': 0.04284761034700877, 'colsample_bytree': 0.25874031381745516, 'subsample': 0.6210760515428028, 'alpha': 0.08688136900871017, 'lambda': 2.620433444697063, 'gamma': 0.6437421938351988, 'min_child_weight': 10.402483769667311}. Best is trial 30 with value: 1.060040356736053.[0m
[32m[I 2023-01-30 15:21:33,705][0m Trial 48 finished with value: 1.3117336383578202 and parameters: {'max_depth': 9, 'learning_rate': 0.035935712650697865, 'colsample_bytree': 0.4146240586237122, 'subsample': 0.5062794419551886, 'alpha': 0.19289306416417948, 'lambda': 0.020001873924956472, 'gamma': 8.042655626438865, 'min_child_weight': 82.37067206883873}. Best is trial 30 with value: 1.060040356736053.[0m
[32m[I 2023-01-30 15:21:47,553][0m Trial 49 finished with value: 1.059751347749637 and parameters: {'max_depth': 8, 'learning_rate': 0.028101384042193565, 'colsample_bytree': 0.36849188283266354, 'subsample': 0.47497855354820706, 'alpha': 0.32498402618398675, 'lambda': 0.00313660914132835, 'gamma': 0.06183796184041892, 'min_child_weight': 12.002585793232576}. Best is trial 49 with value: 1.059751347749637.[0m
[32m[I 2023-01-30 15:21:58,235][0m Trial 50 finished with value: 1.0829111222322114 and parameters: {'max_depth': 9, 'learning_rate': 0.030096403191617112, 'colsample_bytree': 0.38599140619800343, 'subsample': 0.465492333830081, 'alpha': 0.31478810940775254, 'lambda': 0.021955226494889766, 'gamma': 0.17320283432942624, 'min_child_weight': 12.458089704445358}. Best is trial 49 with value: 1.059751347749637.[0m
[32m[I 2023-01-30 15:22:08,124][0m Trial 51 finished with value: 1.1030084778133802 and parameters: {'max_depth': 8, 'learning_rate': 0.025951472795268837, 'colsample_bytree': 0.3678123523899118, 'subsample': 0.47493113803145914, 'alpha': 0.2151643927367435, 'lambda': 0.0008218509835503141, 'gamma': 1.0479465583615344, 'min_child_weight': 11.593936731077525}. Best is trial 49 with value: 1.059751347749637.[0m
