[32m[I 2023-01-30 15:35:43,159][0m Trial 86 finished with value: 0.9738850644498729 and parameters: {'max_depth': 9, 'learning_rate': 0.025353542230000498, 'colsample_bytree': 0.3064562976917487, 'subsample': 0.6053949102666047, 'alpha': 0.043044360659856395, 'lambda': 6.304921192191447e-08, 'gamma': 0.0016013121285557595, 'min_child_weight': 12.672279874704005}. Best is trial 63 with value: 0.9621660552355641.[0m
[32m[I 2023-01-30 15:36:49,798][0m Trial 87 finished with value: 0.9750128402266192 and parameters: {'max_depth': 9, 'learning_rate': 0.0250546548054003, 'colsample_bytree': 0.3074322913310377, 'subsample': 0.6187146866905857, 'alpha': 0.036857326813557655, 'lambda': 6.357009992778425e-08, 'gamma': 0.0016887748820710127, 'min_child_weight': 12.590598118985179}. Best is trial 63 with value: 0.9621660552355641.[0m
[32m[I 2023-01-30 15:37:28,610][0m Trial 88 finished with value: 0.9821440187437265 and parameters: {'max_depth': 9, 'learning_rate': 0.023490609692347616, 'colsample_bytree': 0.3068122802581444, 'subsample': 0.6100938625567012, 'alpha': 0.04178605253925991, 'lambda': 2.6982355626630207e-08, 'gamma': 0.000602825712227879, 'min_child_weight': 12.991326575568985}. Best is trial 63 with value: 0.9621660552355641.[0m
[32m[I 2023-01-30 15:38:08,637][0m Trial 89 finished with value: 0.9873399149328008 and parameters: {'max_depth': 9, 'learning_rate': 0.025337706192463623, 'colsample_bytree': 0.33914946327418016, 'subsample': 0.6213002637421055, 'alpha': 0.06896238365697817, 'lambda': 2.754032802670962e-07, 'gamma': 0.003867240500998155, 'min_child_weight': 11.543419005050245}. Best is trial 63 with value: 0.9621660552355641.[0m
[32m[I 2023-01-30 15:38:35,217][0m Trial 90 finished with value: 0.9876945286322067 and parameters: {'max_depth': 6, 'learning_rate': 0.02112795679720935, 'colsample_bytree': 0.25172777885053355, 'subsample': 0.6054995495171244, 'alpha': 0.05200181402039107, 'lambda': 1.0153679685629543e-07, 'gamma': 0.0015638623832544866, 'min_child_weight': 10.128581928504865}. Best is trial 63 with value: 0.9621660552355641.[0m
[32m[I 2023-01-30 15:45:26,865][0m Trial 91 finished with value: 0.9889930306942342 and parameters: {'max_depth': 8, 'learning_rate': 0.027468758754405204, 'colsample_bytree': 0.2770484182044959, 'subsample': 0.5911945344936183, 'alpha': 0.02793387906736301, 'lambda': 5.970796192479187e-08, 'gamma': 0.011989748090896956, 'min_child_weight': 12.624549074431258}. Best is trial 63 with value: 0.9621660552355641.[0m
[32m[I 2023-01-30 15:46:17,820][0m Trial 92 finished with value: 0.9768768608089052 and parameters: {'max_depth': 9, 'learning_rate': 0.028978039442100968, 'colsample_bytree': 0.3113325079279164, 'subsample': 0.6428315347599561, 'alpha': 0.010072523720947347, 'lambda': 1.6584014108610233e-08, 'gamma': 0.002254092881003657, 'min_child_weight': 16.167802611969485}. Best is trial 63 with value: 0.9621660552355641.[0m
[32m[I 2023-01-30 15:48:25,973][0m Trial 93 finished with value: 0.9763052158901843 and parameters: {'max_depth': 9, 'learning_rate': 0.029050837014078984, 'colsample_bytree': 0.3158116021079049, 'subsample': 0.641308986818663, 'alpha': 0.010328261235595335, 'lambda': 1.5320694262744347e-08, 'gamma': 0.00194220068305507, 'min_child_weight': 15.720329614442756}. Best is trial 63 with value: 0.9621660552355641.[0m
[32m[I 2023-01-30 15:49:18,605][0m Trial 94 finished with value: 0.9750562539311579 and parameters: {'max_depth': 9, 'learning_rate': 0.029849931032311126, 'colsample_bytree': 0.315701726814429, 'subsample': 0.6430907352730062, 'alpha': 0.011408500609720708, 'lambda': 1.522285708202156e-08, 'gamma': 0.0021948036591132973, 'min_child_weight': 16.096458629839802}. Best is trial 63 with value: 0.9621660552355641.[0m
[32m[I 2023-01-30 15:50:23,852][0m Trial 95 finished with value: 0.9699977039225967 and parameters: {'max_depth': 9, 'learning_rate': 0.02907035275469282, 'colsample_bytree': 0.3127472396065078, 'subsample': 0.64523989104086, 'alpha': 0.012290099197004198, 'lambda': 1.7199357524753794e-08, 'gamma': 0.0014386192294451791, 'min_child_weight': 16.23018844143826}. Best is trial 63 with value: 0.9621660552355641.[0m
[32m[I 2023-01-30 15:50:53,450][0m Trial 96 finished with value: 0.9889596304440145 and parameters: {'max_depth': 9, 'learning_rate': 0.03189166359385646, 'colsample_bytree': 0.3089819937353438, 'subsample': 0.643486685251423, 'alpha': 0.01282590831712928, 'lambda': 2.876250840686078e-08, 'gamma': 0.0011796483379293212, 'min_child_weight': 18.16894379299274}. Best is trial 63 with value: 0.9621660552355641.[0m
[32m[I 2023-01-30 15:51:16,287][0m Trial 97 finished with value: 1.0042747175391287 and parameters: {'max_depth': 9, 'learning_rate': 0.029096984032503218, 'colsample_bytree': 0.2626921428479577, 'subsample': 0.6589106687178589, 'alpha': 0.01577475435499006, 'lambda': 3.881896118112579e-08, 'gamma': 0.0005446626582769603, 'min_child_weight': 23.12707252656867}. Best is trial 63 with value: 0.9621660552355641.[0m
[32m[I 2023-01-30 15:51:49,274][0m Trial 98 finished with value: 0.987050414448045 and parameters: {'max_depth': 9, 'learning_rate': 0.024502290027412166, 'colsample_bytree': 0.28528998737752514, 'subsample': 0.6356890989995972, 'alpha': 0.025245140078868408, 'lambda': 1.9043000928332292e-08, 'gamma': 0.0017811504113938036, 'min_child_weight': 15.636139541144864}. Best is trial 63 with value: 0.9621660552355641.[0m
[32m[I 2023-01-30 15:51:52,001][0m Trial 99 finished with value: 17.32118847701899 and parameters: {'max_depth': 9, 'learning_rate': 0.03088780225240936, 'colsample_bytree': 0.315074878756137, 'subsample': 0.6473987247405653, 'alpha': 0.041957678226870694, 'lambda': 8.784363405248241e-08, 'gamma': 0.0009241645970137607, 'min_child_weight': 686.674517470454}. Best is trial 63 with value: 0.9621660552355641.[0m
Uploaded file from /Users/kevinmaikjablonka/git/kjappelbaum/gptchem/experiments/04_regression/henry/out/20230130_134753/train.jsonl: file-YNMSpxHvUbdkDlBJOTigsYwR
Upload progress:   0%|          | 0.00/135k [00:00<?, ?it/s]Upload progress: 100%|██████████| 135k/135k [00:00<00:00, 263Mit/s]
2023-01-30 16:10:16.773 | ERROR    | __main__:<module>:78 - ('logKH_CO2', 'CO2 Henry coefficient')
Traceback (most recent call last):

  File "/Users/kevinmaikjablonka/miniconda3/envs/gptchem/lib/python3.9/site-packages/pandas/core/indexes/base.py", line 3803, in get_loc
    return self._engine.get_loc(casted_key)
           │    │               └ ('logKH_CO2', 'CO2 Henry coefficient')
           │    └ <pandas._libs.properties.CachedProperty object at 0x299c683c0>
           └ Index(['Unnamed: 0', 'ASA [m^2/cm^3]', 'CellV [A^3]', 'Df', 'Di', 'Dif',
                    'NASA [m^2/cm^3]', 'POAV [cm^3/g]', 'POAVF', ...
  File "pandas/_libs/index.pyx", line 138, in pandas._libs.index.IndexEngine.get_loc
    cpdef get_loc(self, object val):
  File "pandas/_libs/index.pyx", line 165, in pandas._libs.index.IndexEngine.get_loc
    return self.mapping.get_item(val)
  File "pandas/_libs/hashtable_class_helper.pxi", line 5745, in pandas._libs.hashtable.PyObjectHashTable.get_item
  File "pandas/_libs/hashtable_class_helper.pxi", line 5753, in pandas._libs.hashtable.PyObjectHashTable.get_item

KeyError: ('logKH_CO2', 'CO2 Henry coefficient')


The above exception was the direct cause of the following exception:


Traceback (most recent call last):

> File "/Users/kevinmaikjablonka/git/kjappelbaum/gptchem/experiments/04_regression/henry/run_experiments.py", line 76, in <module>
    run_experiment(train_size, target, i + 22332642)
    │              │           │       └ 0
    │              │           └ ('logKH_CO2', 'CO2 Henry coefficient')
    │              └ 500
    └ <function run_experiment at 0x10549b0d0>

  File "/Users/kevinmaikjablonka/git/kjappelbaum/gptchem/experiments/04_regression/henry/run_experiments.py", line 58, in run_experiment
    gpt_metrics = get_regression_metrics(test[target], extracted)
                  │                      │    │        └ [-3.8, -4.04, -4.23, -2.35, -4.4, -3.56, -3.56, -3.35, -3.56, -3.8, -2.74, -3.8, -4.4, -3.56, -1.73, -3.35, -4.16, -3.86, -4....
                  │                      │    └ ('logKH_CO2', 'CO2 Henry coefficient')
                  │                      └       Unnamed: 0  ...                                              mofid
                  │                        3897        6057  ...  [Co].[O-]C(=O)c1cc(cc(c1)C(=O...
                  └ <function get_regression_metrics at 0x29d8dc280>

  File "/Users/kevinmaikjablonka/miniconda3/envs/gptchem/lib/python3.9/site-packages/pandas/core/frame.py", line 3805, in __getitem__
    indexer = self.columns.get_loc(key)
              │    │               └ ('logKH_CO2', 'CO2 Henry coefficient')
              │    └ <pandas._libs.properties.AxisProperty object at 0x29a43e610>
              └       Unnamed: 0  ...                                              mofid
                3897        6057  ...  [Co].[O-]C(=O)c1cc(cc(c1)C(=O...
  File "/Users/kevinmaikjablonka/miniconda3/envs/gptchem/lib/python3.9/site-packages/pandas/core/indexes/base.py", line 3805, in get_loc
    raise KeyError(key) from err
                   └ ('logKH_CO2', 'CO2 Henry coefficient')

KeyError: ('logKH_CO2', 'CO2 Henry coefficient')
[32m[I 2023-01-30 16:10:17,012][0m A new study created in memory with name: no-name-98c9ff2b-ed9f-4762-bfe7-cd780a780e0d[0m
[32m[I 2023-01-30 16:10:21,693][0m Trial 0 finished with value: 29.569174625938977 and parameters: {'max_depth': 11, 'learning_rate': 0.03943180702221767, 'colsample_bytree': 0.48338277698454657, 'subsample': 0.6667880916971854, 'alpha': 0.07695356446858977, 'lambda': 0.0011960555391446264, 'gamma': 0.011558526456888882, 'min_child_weight': 591.1193593817245}. Best is trial 0 with value: 29.569174625938977.[0m
[32m[I 2023-01-30 16:36:07,090][0m Trial 1 finished with value: 0.12139262383968621 and parameters: {'max_depth': 10, 'learning_rate': 0.041134316655128254, 'colsample_bytree': 0.22968076844783064, 'subsample': 0.4464499696175606, 'alpha': 7.181717181976198, 'lambda': 1.562370075120558e-07, 'gamma': 1.592922235503172e-07, 'min_child_weight': 31.920798758958732}. Best is trial 1 with value: 0.12139262383968621.[0m
[32m[I 2023-01-30 18:19:57,786][0m Trial 2 finished with value: 0.10834879697492503 and parameters: {'max_depth': 11, 'learning_rate': 0.018174141335350915, 'colsample_bytree': 0.5604454522456577, 'subsample': 0.7574852124218824, 'alpha': 3.4380016701469245, 'lambda': 0.5568909988317814, 'gamma': 7.527426349222389e-08, 'min_child_weight': 46.33736847648717}. Best is trial 2 with value: 0.10834879697492503.[0m
