[32m[I 2023-01-30 05:10:36,637][0m Trial 21 finished with value: 28.648270130924296 and parameters: {'max_depth': 5, 'learning_rate': 0.005032040461114765, 'colsample_bytree': 0.4541953736439387, 'subsample': 0.7149940892225515, 'alpha': 2.007711454020773, 'lambda': 3.471814656915809e-06, 'gamma': 0.27117808891233314, 'min_child_weight': 39.22650802608807}. Best is trial 0 with value: 28.648270130924296.[0m
[32m[I 2023-01-30 05:10:39,085][0m Trial 22 finished with value: 28.648270130924296 and parameters: {'max_depth': 10, 'learning_rate': 0.0070357205599098005, 'colsample_bytree': 0.34860522286133694, 'subsample': 0.6145647954502296, 'alpha': 0.13213777541753416, 'lambda': 0.0014938042933571945, 'gamma': 0.914463366505968, 'min_child_weight': 45.18038096781}. Best is trial 0 with value: 28.648270130924296.[0m
[32m[I 2023-01-30 05:10:45,896][0m Trial 23 finished with value: 28.648270130924296 and parameters: {'max_depth': 10, 'learning_rate': 0.008324710518319267, 'colsample_bytree': 0.5549654634463678, 'subsample': 0.5494389156124619, 'alpha': 0.4378746344308204, 'lambda': 2.6057545565619602e-05, 'gamma': 0.01326420425108214, 'min_child_weight': 122.29190017182744}. Best is trial 0 with value: 28.648270130924296.[0m
[32m[I 2023-01-30 05:13:54,441][0m Trial 24 finished with value: 0.17784912886079035 and parameters: {'max_depth': 5, 'learning_rate': 0.005712981274295046, 'colsample_bytree': 0.5247300635449552, 'subsample': 0.7247948292695597, 'alpha': 2.287342857383788, 'lambda': 1.2240933436961838e-05, 'gamma': 8.136319563956004e-06, 'min_child_weight': 10.89401728403563}. Best is trial 24 with value: 0.17784912886079035.[0m
[32m[I 2023-01-30 05:16:46,169][0m Trial 25 finished with value: 0.2097386578584179 and parameters: {'max_depth': 5, 'learning_rate': 0.006085366628332075, 'colsample_bytree': 0.4462561691118646, 'subsample': 0.7196036577376242, 'alpha': 3.6599779371488363, 'lambda': 0.00047829686260069125, 'gamma': 0.9821126450585297, 'min_child_weight': 10.520231700769228}. Best is trial 24 with value: 0.17784912886079035.[0m
[32m[I 2023-01-30 05:16:48,462][0m Trial 26 finished with value: 28.648270130924296 and parameters: {'max_depth': 4, 'learning_rate': 0.008430419891874803, 'colsample_bytree': 0.5223703140761151, 'subsample': 0.7176900812339055, 'alpha': 5.776820575387804, 'lambda': 9.468689347955006, 'gamma': 5.3122875715813796e-06, 'min_child_weight': 24.47165469689411}. Best is trial 24 with value: 0.17784912886079035.[0m
[32m[I 2023-01-30 05:21:11,654][0m Trial 27 finished with value: 0.19637073454683945 and parameters: {'max_depth': 5, 'learning_rate': 0.006044686689551462, 'colsample_bytree': 0.4316389026151337, 'subsample': 0.7442186033654484, 'alpha': 3.2281023432799736, 'lambda': 0.0006332988308305145, 'gamma': 2.3721531895136886e-07, 'min_child_weight': 10.353871245815144}. Best is trial 24 with value: 0.17784912886079035.[0m
[32m[I 2023-01-30 05:24:48,414][0m Trial 28 finished with value: 0.19452397244212777 and parameters: {'max_depth': 5, 'learning_rate': 0.006165228013464288, 'colsample_bytree': 0.44425127115447005, 'subsample': 0.7483498280522963, 'alpha': 3.1277685878230153, 'lambda': 0.0005900573305585903, 'gamma': 2.2322291602240775e-07, 'min_child_weight': 11.049783725011007}. Best is trial 24 with value: 0.17784912886079035.[0m
[32m[I 2023-01-30 05:26:47,615][0m Trial 29 finished with value: 0.17101890923691887 and parameters: {'max_depth': 4, 'learning_rate': 0.005859750919996294, 'colsample_bytree': 0.509562688777141, 'subsample': 0.7486435302699196, 'alpha': 1.588354964415388, 'lambda': 0.20877725375644648, 'gamma': 9.407637742272555e-08, 'min_child_weight': 10.920233715464983}. Best is trial 29 with value: 0.17101890923691887.[0m
[32m[I 2023-01-30 05:26:50,614][0m Trial 30 finished with value: 27.36982968579277 and parameters: {'max_depth': 4, 'learning_rate': 0.012016417219788035, 'colsample_bytree': 0.5054698374483929, 'subsample': 0.6887438671108658, 'alpha': 1.3781002821679837, 'lambda': 0.5379143074991638, 'gamma': 2.4683032895265297e-08, 'min_child_weight': 14.115845897856065}. Best is trial 29 with value: 0.17101890923691887.[0m
[32m[I 2023-01-30 05:29:42,859][0m Trial 31 finished with value: 0.19163338680773218 and parameters: {'max_depth': 5, 'learning_rate': 0.006026487261916117, 'colsample_bytree': 0.5243961230458595, 'subsample': 0.7513345855614614, 'alpha': 3.096749779453795, 'lambda': 0.2705491014252109, 'gamma': 1.6387907846118443e-07, 'min_child_weight': 10.259390132143828}. Best is trial 29 with value: 0.17101890923691887.[0m
[32m[I 2023-01-30 05:29:46,130][0m Trial 32 finished with value: 28.648270130924296 and parameters: {'max_depth': 4, 'learning_rate': 0.006035669896292699, 'colsample_bytree': 0.530722897978372, 'subsample': 0.7523036387997317, 'alpha': 2.8969567486354237, 'lambda': 0.25483321566160305, 'gamma': 1.6924841818851143e-07, 'min_child_weight': 28.32312250523191}. Best is trial 29 with value: 0.17101890923691887.[0m
[32m[I 2023-01-30 05:32:55,469][0m Trial 33 finished with value: 0.17597317785417105 and parameters: {'max_depth': 6, 'learning_rate': 0.008708817362822184, 'colsample_bytree': 0.5873205224806674, 'subsample': 0.7941897019015807, 'alpha': 1.2148240836077366, 'lambda': 0.023125712663998405, 'gamma': 9.416300707758431e-07, 'min_child_weight': 14.654535456673148}. Best is trial 29 with value: 0.17101890923691887.[0m
[32m[I 2023-01-30 05:32:57,729][0m Trial 34 finished with value: 28.648270130924296 and parameters: {'max_depth': 6, 'learning_rate': 0.008564821861046188, 'colsample_bytree': 0.5989226766699818, 'subsample': 0.7985962498226631, 'alpha': 1.037219692737984, 'lambda': 0.025409950909118923, 'gamma': 1.0399957798585037e-06, 'min_child_weight': 17.679105867419608}. Best is trial 29 with value: 0.17101890923691887.[0m
[32m[I 2023-01-30 05:37:50,420][0m Trial 35 finished with value: 0.2957415125218983 and parameters: {'max_depth': 6, 'learning_rate': 0.00933715274249667, 'colsample_bytree': 0.5639749553399693, 'subsample': 0.7708786441225179, 'alpha': 5.505631392213174, 'lambda': 0.1920005577558639, 'gamma': 6.947301611105043e-08, 'min_child_weight': 14.088536075897432}. Best is trial 29 with value: 0.17101890923691887.[0m
[32m[I 2023-01-30 05:37:53,100][0m Trial 36 finished with value: 28.648270130924296 and parameters: {'max_depth': 7, 'learning_rate': 0.013134224531317098, 'colsample_bytree': 0.5211117468402611, 'subsample': 0.7321367805842672, 'alpha': 1.0935628329575022, 'lambda': 0.00921832765059126, 'gamma': 8.894256198910888e-07, 'min_child_weight': 23.301138065632493}. Best is trial 29 with value: 0.17101890923691887.[0m
[32m[I 2023-01-30 05:40:09,656][0m Trial 37 finished with value: 0.22449182649684224 and parameters: {'max_depth': 4, 'learning_rate': 0.005774814010164288, 'colsample_bytree': 0.500154752788254, 'subsample': 0.6887951859254621, 'alpha': 2.0994266296945163, 'lambda': 2.7539075448276042, 'gamma': 9.918847845121767e-06, 'min_child_weight': 13.708422694395}. Best is trial 29 with value: 0.17101890923691887.[0m
[32m[I 2023-01-30 05:40:11,658][0m Trial 38 finished with value: 28.648270130924296 and parameters: {'max_depth': 5, 'learning_rate': 0.006865850600822417, 'colsample_bytree': 0.5781942601823636, 'subsample': 0.7664736187985901, 'alpha': 9.951287066938034, 'lambda': 0.0944266024275427, 'gamma': 7.718237811681502e-08, 'min_child_weight': 30.08304210412518}. Best is trial 29 with value: 0.17101890923691887.[0m
[32m[I 2023-01-30 05:40:12,990][0m Trial 39 finished with value: 28.648270130924296 and parameters: {'max_depth': 4, 'learning_rate': 0.007774485578592191, 'colsample_bytree': 0.5398397772674255, 'subsample': 0.6327145885088415, 'alpha': 6.058612215685413, 'lambda': 0.00895780180036358, 'gamma': 1.8569104042562535e-06, 'min_child_weight': 19.617417927579478}. Best is trial 29 with value: 0.17101890923691887.[0m
[32m[I 2023-01-30 05:40:16,166][0m Trial 40 finished with value: 27.615791725908725 and parameters: {'max_depth': 8, 'learning_rate': 0.00925022243963598, 'colsample_bytree': 0.5997097838454566, 'subsample': 0.766435219807064, 'alpha': 0.4519503958440087, 'lambda': 0.020543590167800867, 'gamma': 3.55235437426938e-05, 'min_child_weight': 15.47850011994042}. Best is trial 29 with value: 0.17101890923691887.[0m
[32m[I 2023-01-30 05:41:52,662][0m Trial 41 finished with value: 0.23131399809124398 and parameters: {'max_depth': 5, 'learning_rate': 0.006373505205440846, 'colsample_bytree': 0.49838102486927494, 'subsample': 0.73659902867793, 'alpha': 4.351515045117702, 'lambda': 0.7823099254936289, 'gamma': 4.6372714923066546e-07, 'min_child_weight': 10.129732474343845}. Best is trial 29 with value: 0.17101890923691887.[0m
[32m[I 2023-01-30 05:54:20,631][0m Trial 42 finished with value: 0.1833060046858327 and parameters: {'max_depth': 5, 'learning_rate': 0.005520528404250729, 'colsample_bytree': 0.46535539440638096, 'subsample': 0.7992469169597457, 'alpha': 2.5669889273725146, 'lambda': 0.15571552975211034, 'gamma': 4.42493484089663e-06, 'min_child_weight': 11.666550520869642}. Best is trial 29 with value: 0.17101890923691887.[0m
[32m[I 2023-01-30 06:39:24,580][0m Trial 43 finished with value: 0.17846829709796777 and parameters: {'max_depth': 6, 'learning_rate': 0.005620760683828818, 'colsample_bytree': 0.46687643457374467, 'subsample': 0.7997834948187909, 'alpha': 2.176812607160875, 'lambda': 0.10350315816969606, 'gamma': 5.3898107296300645e-06, 'min_child_weight': 12.585925769691523}. Best is trial 29 with value: 0.17101890923691887.[0m
[32m[I 2023-01-30 06:39:26,838][0m Trial 44 finished with value: 28.648270130924296 and parameters: {'max_depth': 6, 'learning_rate': 0.005351725444712244, 'colsample_bytree': 0.47731056546869816, 'subsample': 0.7806333592967569, 'alpha': 0.9753997239676847, 'lambda': 1.5165649249644202, 'gamma': 0.0004744895840750283, 'min_child_weight': 20.257881117797385}. Best is trial 29 with value: 0.17101890923691887.[0m
[32m[I 2023-01-30 06:45:37,050][0m Trial 45 finished with value: 0.1786069003218038 and parameters: {'max_depth': 6, 'learning_rate': 0.0055514061143755655, 'colsample_bytree': 0.46076944089021277, 'subsample': 0.798417134428974, 'alpha': 2.187831880744881, 'lambda': 0.14025628998207507, 'gamma': 4.551194815304389e-06, 'min_child_weight': 12.789585342266367}. Best is trial 29 with value: 0.17101890923691887.[0m
[32m[I 2023-01-30 06:45:44,572][0m Trial 46 finished with value: 28.648270130924296 and parameters: {'max_depth': 6, 'learning_rate': 0.006903178280698453, 'colsample_bytree': 0.39320531393562297, 'subsample': 0.774757846688389, 'alpha': 1.558559815093841, 'lambda': 0.05723494930548217, 'gamma': 3.858213841162631e-05, 'min_child_weight': 64.07581195969911}. Best is trial 29 with value: 0.17101890923691887.[0m
[32m[I 2023-01-30 06:45:59,652][0m Trial 47 finished with value: 28.648270130924296 and parameters: {'max_depth': 7, 'learning_rate': 0.005555645490947785, 'colsample_bytree': 0.4888534581012782, 'subsample': 0.761169077357045, 'alpha': 1.281587102452426, 'lambda': 5.112904468645867, 'gamma': 1.522396562691641e-05, 'min_child_weight': 16.23619284352893}. Best is trial 29 with value: 0.17101890923691887.[0m
[32m[I 2023-01-30 08:23:06,473][0m Trial 48 finished with value: 0.19439831165812288 and parameters: {'max_depth': 6, 'learning_rate': 0.006734231742448019, 'colsample_bytree': 0.5696786608369778, 'subsample': 0.6973887434660573, 'alpha': 2.1474848814407466, 'lambda': 7.524323761474996e-06, 'gamma': 3.091461719456852e-06, 'min_child_weight': 13.017530795653474}. Best is trial 29 with value: 0.17101890923691887.[0m
[32m[I 2023-01-30 08:23:08,333][0m Trial 49 finished with value: 28.648270130924296 and parameters: {'max_depth': 8, 'learning_rate': 0.0077633008699062225, 'colsample_bytree': 0.5436320905272476, 'subsample': 0.7878146508194955, 'alpha': 0.7962854143988456, 'lambda': 0.005101093373262852, 'gamma': 9.24043283950649e-07, 'min_child_weight': 33.23426845417104}. Best is trial 29 with value: 0.17101890923691887.[0m
[32m[I 2023-01-30 08:23:09,940][0m Trial 50 finished with value: 28.648270130924296 and parameters: {'max_depth': 6, 'learning_rate': 0.018560506388344503, 'colsample_bytree': 0.41553791876796564, 'subsample': 0.7272474670967841, 'alpha': 4.512339017883932, 'lambda': 0.6697894166434493, 'gamma': 4.130969666913896e-08, 'min_child_weight': 22.84582761370569}. Best is trial 29 with value: 0.17101890923691887.[0m
[32m[I 2023-01-30 08:28:49,777][0m Trial 51 finished with value: 0.18137846073465017 and parameters: {'max_depth': 4, 'learning_rate': 0.005454570430331431, 'colsample_bytree': 0.4522907048302292, 'subsample': 0.7979906901790996, 'alpha': 2.385643360861127, 'lambda': 0.08718762174761742, 'gamma': 5.354364108370654e-06, 'min_child_weight': 12.96035163842103}. Best is trial 29 with value: 0.17101890923691887.[0m
[32m[I 2023-01-30 08:31:54,370][0m Trial 52 finished with value: 0.1780827501919025 and parameters: {'max_depth': 4, 'learning_rate': 0.005544986121802495, 'colsample_bytree': 0.46029861992485016, 'subsample': 0.7982683374739801, 'alpha': 1.7923928855995548, 'lambda': 0.07825613755946106, 'gamma': 1.049892190960735e-08, 'min_child_weight': 13.184770184300671}. Best is trial 29 with value: 0.17101890923691887.[0m
[32m[I 2023-01-30 08:31:56,409][0m Trial 53 finished with value: 28.648270130924296 and parameters: {'max_depth': 4, 'learning_rate': 0.005070956091946882, 'colsample_bytree': 0.5068873500960899, 'subsample': 0.4029651324244277, 'alpha': 1.644108113682633, 'lambda': 0.019933870064179415, 'gamma': 1.012845999223614e-08, 'min_child_weight': 15.929870203200958}. Best is trial 29 with value: 0.17101890923691887.[0m
[32m[I 2023-01-30 08:31:58,283][0m Trial 54 finished with value: 28.648270130924296 and parameters: {'max_depth': 7, 'learning_rate': 0.006588207840961841, 'colsample_bytree': 0.462404692745931, 'subsample': 0.779894074202827, 'alpha': 0.5538854577213224, 'lambda': 0.048657079853051954, 'gamma': 4.839647648186971e-07, 'min_child_weight': 19.19073783746755}. Best is trial 29 with value: 0.17101890923691887.[0m
[32m[I 2023-01-30 08:32:34,640][0m Trial 55 finished with value: 0.16967998058958142 and parameters: {'max_depth': 4, 'learning_rate': 0.007364553551750699, 'colsample_bytree': 0.4382367163943796, 'subsample': 0.762439293717851, 'alpha': 0.9061361721172397, 'lambda': 0.5080345757382273, 'gamma': 7.089199513091849e-08, 'min_child_weight': 11.95149416786806}. Best is trial 55 with value: 0.16967998058958142.[0m
[32m[I 2023-01-30 08:32:36,497][0m Trial 56 finished with value: 28.648270130924296 and parameters: {'max_depth': 4, 'learning_rate': 0.0074611289052667566, 'colsample_bytree': 0.43413900195401434, 'subsample': 0.7551329824776097, 'alpha': 0.31467075153965507, 'lambda': 0.47702604399684123, 'gamma': 6.158472632187303e-08, 'min_child_weight': 235.240254864769}. Best is trial 55 with value: 0.16967998058958142.[0m
[32m[I 2023-01-30 08:32:38,462][0m Trial 57 finished with value: 28.648270130924296 and parameters: {'max_depth': 4, 'learning_rate': 0.00914097193464612, 'colsample_bytree': 0.3744544646024829, 'subsample': 0.7030895463557091, 'alpha': 0.8235714834258597, 'lambda': 1.8392557690782447, 'gamma': 2.672283627994864e-08, 'min_child_weight': 15.86451450125857}. Best is trial 55 with value: 0.16967998058958142.[0m
[32m[I 2023-01-30 08:32:40,475][0m Trial 58 finished with value: 28.648270130924296 and parameters: {'max_depth': 5, 'learning_rate': 0.010586734329218672, 'colsample_bytree': 0.48412896476649103, 'subsample': 0.7773186696119135, 'alpha': 1.3394697083252365, 'lambda': 0.00414335106216087, 'gamma': 7.86787485786987e-08, 'min_child_weight': 58.45257149368027}. Best is trial 55 with value: 0.16967998058958142.[0m
[32m[I 2023-01-30 08:32:42,734][0m Trial 59 finished with value: 28.648270130924296 and parameters: {'max_depth': 4, 'learning_rate': 0.006421231276987325, 'colsample_bytree': 0.40093515284046966, 'subsample': 0.46760968686925586, 'alpha': 1.6930698937279614, 'lambda': 0.00017007117187053605, 'gamma': 1.0192339351527236e-08, 'min_child_weight': 25.17825893147}. Best is trial 55 with value: 0.16967998058958142.[0m
[32m[I 2023-01-30 08:32:52,945][0m Trial 60 finished with value: 22.130446926118108 and parameters: {'max_depth': 5, 'learning_rate': 0.008148864084770797, 'colsample_bytree': 0.5140972082724797, 'subsample': 0.5822106168460184, 'alpha': 7.794758143345848, 'lambda': 2.5069342896999614e-08, 'gamma': 1.631576102340164e-06, 'min_child_weight': 12.4832322915061}. Best is trial 55 with value: 0.16967998058958142.[0m
[32m[I 2023-01-30 08:35:53,533][0m Trial 61 finished with value: 0.1769800419271204 and parameters: {'max_depth': 6, 'learning_rate': 0.0057165510062689075, 'colsample_bytree': 0.4702993001090042, 'subsample': 0.7918263162553608, 'alpha': 2.0018078751431694, 'lambda': 0.1428634634893786, 'gamma': 1.2510388115982466e-07, 'min_child_weight': 12.110568240597319}. Best is trial 55 with value: 0.16967998058958142.[0m
[32m[I 2023-01-30 08:35:54,520][0m Trial 62 finished with value: 28.648270130924296 and parameters: {'max_depth': 4, 'learning_rate': 0.007245791844022427, 'colsample_bytree': 0.424980029381661, 'subsample': 0.7602840490086593, 'alpha': 1.109660712085033, 'lambda': 0.3394881538839207, 'gamma': 3.675324335170335e-07, 'min_child_weight': 17.631876451941405}. Best is trial 55 with value: 0.16967998058958142.[0m
[32m[I 2023-01-30 08:40:58,363][0m Trial 63 finished with value: 0.1740031828188326 and parameters: {'max_depth': 5, 'learning_rate': 0.005799648328319048, 'colsample_bytree': 0.4916392572934114, 'subsample': 0.7856490718019175, 'alpha': 1.8172832558650656, 'lambda': 1.1363174467199113, 'gamma': 1.256791450995014e-07, 'min_child_weight': 11.79005551481606}. Best is trial 55 with value: 0.16967998058958142.[0m
[32m[I 2023-01-30 08:41:02,790][0m Trial 64 finished with value: 28.648270130924296 and parameters: {'max_depth': 5, 'learning_rate': 0.005033610010869404, 'colsample_bytree': 0.48729135777055754, 'subsample': 0.7337311304818364, 'alpha': 0.7462017651994199, 'lambda': 0.9285363789100768, 'gamma': 2.321586000548029e-08, 'min_child_weight': 21.37657531330675}. Best is trial 55 with value: 0.16967998058958142.[0m
[32m[I 2023-01-30 08:42:19,489][0m Trial 65 finished with value: 0.21491353293494359 and parameters: {'max_depth': 9, 'learning_rate': 0.04711246893897427, 'colsample_bytree': 0.5495905585813708, 'subsample': 0.7846333937856592, 'alpha': 4.030797117367535, 'lambda': 8.635666212182946, 'gamma': 1.4668359764570432e-07, 'min_child_weight': 11.626921834607431}. Best is trial 55 with value: 0.16967998058958142.[0m
[32m[I 2023-01-30 08:42:27,595][0m Trial 66 finished with value: 28.389704213572905 and parameters: {'max_depth': 4, 'learning_rate': 0.005897184854022458, 'colsample_bytree': 0.4405090546097028, 'subsample': 0.7419680671621235, 'alpha': 1.744801730256258, 'lambda': 4.314227375470097, 'gamma': 1.0351214294501086e-07, 'min_child_weight': 15.084808535361073}. Best is trial 55 with value: 0.16967998058958142.[0m
[32m[I 2023-01-30 08:44:05,687][0m Trial 67 finished with value: 0.16887798986643712 and parameters: {'max_depth': 5, 'learning_rate': 0.006451081418965397, 'colsample_bytree': 0.5340476464097593, 'subsample': 0.7100380145295137, 'alpha': 0.545173685965427, 'lambda': 1.2536463032327876, 'gamma': 4.5107552005489474e-08, 'min_child_weight': 10.15001682270506}. Best is trial 67 with value: 0.16887798986643712.[0m
[32m[I 2023-01-30 08:45:30,643][0m Trial 68 finished with value: 0.16881512269374396 and parameters: {'max_depth': 5, 'learning_rate': 0.006437986868904402, 'colsample_bytree': 0.5329642316498259, 'subsample': 0.6693149352760601, 'alpha': 0.3377168962931525, 'lambda': 5.5230496342872664e-05, 'gamma': 3.568732051354339e-08, 'min_child_weight': 10.12873352717577}. Best is trial 68 with value: 0.16881512269374396.[0m
[32m[I 2023-01-30 08:46:12,148][0m Trial 69 finished with value: 0.1690108682618769 and parameters: {'max_depth': 5, 'learning_rate': 0.01156040131276611, 'colsample_bytree': 0.5733009350362729, 'subsample': 0.6754004760820045, 'alpha': 0.2005836811462312, 'lambda': 7.289751934351766e-05, 'gamma': 4.0247343252774844e-08, 'min_child_weight': 10.045969946117339}. Best is trial 68 with value: 0.16881512269374396.[0m
[32m[I 2023-01-30 08:46:57,308][0m Trial 70 finished with value: 0.16899921489080375 and parameters: {'max_depth': 5, 'learning_rate': 0.012343835260093288, 'colsample_bytree': 0.5802236486499952, 'subsample': 0.6641214735596508, 'alpha': 0.205793541941992, 'lambda': 8.337808817746233e-05, 'gamma': 3.507685477529834e-08, 'min_child_weight': 10.352994478789581}. Best is trial 68 with value: 0.16881512269374396.[0m
[32m[I 2023-01-30 08:47:55,091][0m Trial 71 finished with value: 0.16929774096174902 and parameters: {'max_depth': 5, 'learning_rate': 0.011974493480935168, 'colsample_bytree': 0.5874234370493301, 'subsample': 0.6592958749618373, 'alpha': 0.2274826288086669, 'lambda': 5.228369415626885e-05, 'gamma': 4.008599233164673e-08, 'min_child_weight': 10.956352395268011}. Best is trial 68 with value: 0.16881512269374396.[0m
[32m[I 2023-01-30 08:48:29,959][0m Trial 72 finished with value: 0.16894109442230598 and parameters: {'max_depth': 5, 'learning_rate': 0.013738429567756305, 'colsample_bytree': 0.5666267865820215, 'subsample': 0.6548400069916207, 'alpha': 0.21915484414909175, 'lambda': 5.729203303106295e-05, 'gamma': 4.55538805478548e-08, 'min_child_weight': 10.399157039665985}. Best is trial 68 with value: 0.16881512269374396.[0m
