[32m[I 2023-01-30 12:30:28,230][0m Trial 3 finished with value: 29.274961132263776 and parameters: {'max_depth': 12, 'learning_rate': 0.017094403917353843, 'colsample_bytree': 0.22948802297384155, 'subsample': 0.44730585755534635, 'alpha': 0.015292131773238979, 'lambda': 5.965676317494847e-06, 'gamma': 0.00044528778884839724, 'min_child_weight': 338.98551770988314}. Best is trial 2 with value: 0.18000455436673538.[0m
[32m[I 2023-01-30 12:32:01,436][0m Trial 4 finished with value: 0.2391713434894133 and parameters: {'max_depth': 8, 'learning_rate': 0.023072683131762008, 'colsample_bytree': 0.47102991741606304, 'subsample': 0.6352342739748388, 'alpha': 9.944425486443707, 'lambda': 2.1702458195047087e-06, 'gamma': 0.09353155629396856, 'min_child_weight': 18.469334745436925}. Best is trial 2 with value: 0.18000455436673538.[0m
[32m[I 2023-01-30 12:32:12,288][0m Trial 5 finished with value: 0.24748195362187325 and parameters: {'max_depth': 12, 'learning_rate': 0.006728704334767703, 'colsample_bytree': 0.4857337033199275, 'subsample': 0.7037918458958176, 'alpha': 0.06686109213200414, 'lambda': 0.03446930445975244, 'gamma': 2.183635020390231e-06, 'min_child_weight': 77.41831145784069}. Best is trial 2 with value: 0.18000455436673538.[0m
[32m[I 2023-01-30 12:32:13,425][0m Trial 6 finished with value: 29.274961132263776 and parameters: {'max_depth': 4, 'learning_rate': 0.024309997179372503, 'colsample_bytree': 0.5841853923869278, 'subsample': 0.7667252048707697, 'alpha': 0.013337191036805442, 'lambda': 1.3636680397564094e-07, 'gamma': 0.0014997828175700684, 'min_child_weight': 322.655885902972}. Best is trial 2 with value: 0.18000455436673538.[0m
[32m[I 2023-01-30 12:32:19,660][0m Trial 7 finished with value: 0.24763066520540183 and parameters: {'max_depth': 6, 'learning_rate': 0.010926258610128152, 'colsample_bytree': 0.2607618918637006, 'subsample': 0.6028959703295853, 'alpha': 0.06206371578662345, 'lambda': 1.266992201665895e-08, 'gamma': 1.5789432269327715e-05, 'min_child_weight': 80.39289318891001}. Best is trial 2 with value: 0.18000455436673538.[0m
[32m[I 2023-01-30 12:32:20,785][0m Trial 8 finished with value: 29.274961132263776 and parameters: {'max_depth': 11, 'learning_rate': 0.022246945550976716, 'colsample_bytree': 0.38348067034928734, 'subsample': 0.5786344453767411, 'alpha': 0.2103742118991652, 'lambda': 0.00021926407596498205, 'gamma': 0.036837608776384916, 'min_child_weight': 826.8193360446916}. Best is trial 2 with value: 0.18000455436673538.[0m
[32m[I 2023-01-30 12:32:21,946][0m Trial 9 finished with value: 29.274961132263776 and parameters: {'max_depth': 12, 'learning_rate': 0.040398899586500135, 'colsample_bytree': 0.40713570785418746, 'subsample': 0.4235077964948132, 'alpha': 1.6713931146681782, 'lambda': 0.05220786063595881, 'gamma': 6.757110406953963e-05, 'min_child_weight': 153.35914002613805}. Best is trial 2 with value: 0.18000455436673538.[0m
[32m[I 2023-01-30 12:32:37,088][0m Trial 10 finished with value: 0.17085374077546453 and parameters: {'max_depth': 9, 'learning_rate': 0.04816832914567595, 'colsample_bytree': 0.30938945494506476, 'subsample': 0.5236211488460568, 'alpha': 1.0756082087934706, 'lambda': 5.987070125610998, 'gamma': 1.0676973389236319e-08, 'min_child_weight': 10.247188554523198}. Best is trial 10 with value: 0.17085374077546453.[0m
[32m[I 2023-01-30 12:32:56,282][0m Trial 11 finished with value: 0.1701218752139732 and parameters: {'max_depth': 9, 'learning_rate': 0.04784455548984856, 'colsample_bytree': 0.3100217763470918, 'subsample': 0.5243516535756538, 'alpha': 1.2318833059244463, 'lambda': 9.718541847119443, 'gamma': 1.2536551007490072e-08, 'min_child_weight': 10.820984738272562}. Best is trial 11 with value: 0.1701218752139732.[0m
[32m[I 2023-01-30 12:34:42,136][0m Trial 12 finished with value: 0.18822203415030395 and parameters: {'max_depth': 9, 'learning_rate': 0.034937316478278, 'colsample_bytree': 0.3192098376511701, 'subsample': 0.5231852165736808, 'alpha': 3.0563111060842103, 'lambda': 8.599095516296309, 'gamma': 1.0206892217229506e-08, 'min_child_weight': 10.256484399738364}. Best is trial 11 with value: 0.1701218752139732.[0m
[32m[I 2023-01-30 12:37:05,646][0m Trial 13 finished with value: 0.1923927069500624 and parameters: {'max_depth': 10, 'learning_rate': 0.048479343448574005, 'colsample_bytree': 0.35519137988412364, 'subsample': 0.5291175380795688, 'alpha': 0.4631425640446561, 'lambda': 4.775387507606958, 'gamma': 1.0153415350239514e-08, 'min_child_weight': 38.91001582664115}. Best is trial 11 with value: 0.1701218752139732.[0m
[32m[I 2023-01-30 12:37:41,376][0m Trial 14 finished with value: 0.18561653427292504 and parameters: {'max_depth': 8, 'learning_rate': 0.03184753289442927, 'colsample_bytree': 0.4268212488617268, 'subsample': 0.5178798847040464, 'alpha': 2.8608172101656963, 'lambda': 0.61606530442315, 'gamma': 2.421729485484976e-07, 'min_child_weight': 10.508693521079442}. Best is trial 11 with value: 0.1701218752139732.[0m
[32m[I 2023-01-30 12:37:56,494][0m Trial 15 finished with value: 0.24197416904133387 and parameters: {'max_depth': 10, 'learning_rate': 0.011271800805004284, 'colsample_bytree': 0.20123640386512495, 'subsample': 0.49825620767284706, 'alpha': 0.29950764690355297, 'lambda': 0.4805290548518761, 'gamma': 3.6929292409393804, 'min_child_weight': 31.815991218242004}. Best is trial 11 with value: 0.1701218752139732.[0m
[32m[I 2023-01-30 12:39:24,231][0m Trial 16 finished with value: 0.19656920751569626 and parameters: {'max_depth': 7, 'learning_rate': 0.0326217227638238, 'colsample_bytree': 0.29507222453496124, 'subsample': 0.5694183170109816, 'alpha': 1.0424146994971248, 'lambda': 0.0015560920436770752, 'gamma': 1.369018541905103e-07, 'min_child_weight': 40.93630048848842}. Best is trial 11 with value: 0.1701218752139732.[0m
[32m[I 2023-01-30 12:40:28,692][0m Trial 17 finished with value: 0.23345410480399637 and parameters: {'max_depth': 10, 'learning_rate': 0.014440883618056576, 'colsample_bytree': 0.37397157349312854, 'subsample': 0.4834996355109532, 'alpha': 9.307799649558884, 'lambda': 0.5311541964393339, 'gamma': 6.7910266831148706e-06, 'min_child_weight': 18.473792041406114}. Best is trial 11 with value: 0.1701218752139732.[0m
[32m[I 2023-01-30 12:42:03,513][0m Trial 18 finished with value: 0.18026236257178613 and parameters: {'max_depth': 8, 'learning_rate': 0.029079224155694586, 'colsample_bytree': 0.3049260872203813, 'subsample': 0.5600428001616802, 'alpha': 0.18269674634944189, 'lambda': 7.904587168600862, 'gamma': 6.534109547099479e-08, 'min_child_weight': 25.366654621177712}. Best is trial 11 with value: 0.1701218752139732.[0m
[32m[I 2023-01-30 12:42:17,663][0m Trial 19 finished with value: 0.24571824547704893 and parameters: {'max_depth': 4, 'learning_rate': 0.0492534334989642, 'colsample_bytree': 0.44493336669382566, 'subsample': 0.6330489937366258, 'alpha': 4.880436734907548, 'lambda': 0.00013959022342253122, 'gamma': 1.7210211484980376e-06, 'min_child_weight': 57.734383667517}. Best is trial 11 with value: 0.1701218752139732.[0m
[32m[I 2023-01-30 12:42:20,530][0m Trial 20 finished with value: 29.274961132263776 and parameters: {'max_depth': 9, 'learning_rate': 0.040045226508988375, 'colsample_bytree': 0.5187502962527242, 'subsample': 0.6812600945711295, 'alpha': 0.6679658402055295, 'lambda': 0.12644974971016598, 'gamma': 3.8407518605327186e-08, 'min_child_weight': 140.28900292859026}. Best is trial 11 with value: 0.1701218752139732.[0m
[32m[I 2023-01-30 12:44:33,649][0m Trial 21 finished with value: 0.17982175644083026 and parameters: {'max_depth': 9, 'learning_rate': 0.0426137359157636, 'colsample_bytree': 0.2786701584434453, 'subsample': 0.40980882917255945, 'alpha': 1.171129008973425, 'lambda': 0.004254472432286354, 'gamma': 5.855501532410078e-07, 'min_child_weight': 15.86623769688147}. Best is trial 11 with value: 0.1701218752139732.[0m
[32m[I 2023-01-30 12:45:00,812][0m Trial 22 finished with value: 0.18039853343971302 and parameters: {'max_depth': 9, 'learning_rate': 0.038751413572470535, 'colsample_bytree': 0.268361275546598, 'subsample': 0.40210307877293383, 'alpha': 1.529381095111677, 'lambda': 0.002405068935599027, 'gamma': 8.261584291299264e-07, 'min_child_weight': 13.666393337113218}. Best is trial 11 with value: 0.1701218752139732.[0m
[32m[I 2023-01-30 12:45:23,880][0m Trial 23 finished with value: 0.17912818072931994 and parameters: {'max_depth': 11, 'learning_rate': 0.02827873564027474, 'colsample_bytree': 0.3334054639423082, 'subsample': 0.47190438101199095, 'alpha': 1.7689806525516114, 'lambda': 1.4648584399749787, 'gamma': 3.518084114042245e-08, 'min_child_weight': 14.808310925453045}. Best is trial 11 with value: 0.1701218752139732.[0m
[32m[I 2023-01-30 12:47:02,389][0m Trial 24 finished with value: 0.20656468471039338 and parameters: {'max_depth': 11, 'learning_rate': 0.0263022653228023, 'colsample_bytree': 0.3407229510740327, 'subsample': 0.47495811639922714, 'alpha': 2.799223233194453, 'lambda': 1.5105776760498957, 'gamma': 5.484437681490002e-08, 'min_child_weight': 27.35056010258323}. Best is trial 11 with value: 0.1701218752139732.[0m
[32m[I 2023-01-30 12:47:55,713][0m Trial 25 finished with value: 0.16489122221463598 and parameters: {'max_depth': 11, 'learning_rate': 0.018423030211350597, 'colsample_bytree': 0.33124024482405434, 'subsample': 0.5393551256448269, 'alpha': 0.4835695136212187, 'lambda': 0.1601477065850418, 'gamma': 1.7905097810302143e-08, 'min_child_weight': 10.28929074767445}. Best is trial 25 with value: 0.16489122221463598.[0m
[32m[I 2023-01-30 12:50:07,164][0m Trial 26 finished with value: 0.16821644394281332 and parameters: {'max_depth': 7, 'learning_rate': 0.008430419891874803, 'colsample_bytree': 0.36463945508004353, 'subsample': 0.5454331165166241, 'alpha': 0.5098394162292611, 'lambda': 0.1098411318308078, 'gamma': 1.0706732773108837e-05, 'min_child_weight': 11.190414522293917}. Best is trial 25 with value: 0.16489122221463598.[0m
[32m[I 2023-01-30 12:50:52,442][0m Trial 27 finished with value: 0.18916670405840721 and parameters: {'max_depth': 7, 'learning_rate': 0.008137378686529011, 'colsample_bytree': 0.3814738390663529, 'subsample': 0.546912562340152, 'alpha': 0.11114922721271389, 'lambda': 0.08670010662762434, 'gamma': 2.1254069195296205e-05, 'min_child_weight': 24.391498095539713}. Best is trial 25 with value: 0.16489122221463598.[0m
[32m[I 2023-01-30 12:52:47,842][0m Trial 28 finished with value: 0.16954953694524622 and parameters: {'max_depth': 5, 'learning_rate': 0.018002729391845457, 'colsample_bytree': 0.405830143931449, 'subsample': 0.5958086151545304, 'alpha': 0.4710209124449122, 'lambda': 0.0210779840301222, 'gamma': 5.4599825668308176e-05, 'min_child_weight': 12.767283905733883}. Best is trial 25 with value: 0.16489122221463598.[0m
[32m[I 2023-01-30 12:53:27,255][0m Trial 29 finished with value: 0.20802132470428805 and parameters: {'max_depth': 5, 'learning_rate': 0.005051161901563855, 'colsample_bytree': 0.4142354571406887, 'subsample': 0.5998588865794642, 'alpha': 0.5898828232855949, 'lambda': 0.01450828370975862, 'gamma': 0.00011021162924097693, 'min_child_weight': 44.50207714781911}. Best is trial 25 with value: 0.16489122221463598.[0m
[32m[I 2023-01-30 12:53:43,592][0m Trial 30 finished with value: 0.18649387825476413 and parameters: {'max_depth': 5, 'learning_rate': 0.01721552433299952, 'colsample_bytree': 0.35669175131521336, 'subsample': 0.5991612025112847, 'alpha': 0.3678272252832532, 'lambda': 6.923220357565348e-05, 'gamma': 0.011253527907526076, 'min_child_weight': 22.243182299665246}. Best is trial 25 with value: 0.16489122221463598.[0m
[32m[I 2023-01-30 12:56:08,227][0m Trial 31 finished with value: 0.1721768627316922 and parameters: {'max_depth': 7, 'learning_rate': 0.013602163775233515, 'colsample_bytree': 0.44874233123752627, 'subsample': 0.5394178822879794, 'alpha': 0.24778394408295856, 'lambda': 0.1648778446388394, 'gamma': 5.547802621490094e-06, 'min_child_weight': 13.378681609588519}. Best is trial 25 with value: 0.16489122221463598.[0m
[32m[I 2023-01-30 12:56:26,109][0m Trial 32 finished with value: 0.16696841320102812 and parameters: {'max_depth': 5, 'learning_rate': 0.019384152979316397, 'colsample_bytree': 0.3527515793930458, 'subsample': 0.6297412202107812, 'alpha': 0.14157966231108568, 'lambda': 0.021503368293199748, 'gamma': 0.00038206103454661703, 'min_child_weight': 13.140997053825624}. Best is trial 25 with value: 0.16489122221463598.[0m
[32m[I 2023-01-30 12:58:21,347][0m Trial 33 finished with value: 0.16329866293188455 and parameters: {'max_depth': 5, 'learning_rate': 0.011948088918436375, 'colsample_bytree': 0.3974788905052362, 'subsample': 0.6401284322301549, 'alpha': 0.13182516892103838, 'lambda': 0.0006750233514362312, 'gamma': 0.0005176210713652387, 'min_child_weight': 13.734424330344337}. Best is trial 33 with value: 0.16329866293188455.[0m
[32m[I 2023-01-30 12:58:48,348][0m Trial 34 finished with value: 0.17072863815226322 and parameters: {'max_depth': 6, 'learning_rate': 0.010370207816952418, 'colsample_bytree': 0.3684649718315892, 'subsample': 0.6542487634800104, 'alpha': 0.10924806670696786, 'lambda': 0.001408665536146947, 'gamma': 0.00047704695574587243, 'min_child_weight': 17.679105867419608}. Best is trial 33 with value: 0.16329866293188455.[0m
[32m[I 2023-01-30 12:58:50,956][0m Trial 35 finished with value: 29.274961132263776 and parameters: {'max_depth': 5, 'learning_rate': 0.008330863766266275, 'colsample_bytree': 0.3386894718339862, 'subsample': 0.7122788739123971, 'alpha': 0.029023686469087862, 'lambda': 0.0006161861743175538, 'gamma': 0.005139362805386339, 'min_child_weight': 502.35620877563537}. Best is trial 33 with value: 0.16329866293188455.[0m
[32m[I 2023-01-30 13:06:20,155][0m Trial 36 finished with value: 0.17553512017304523 and parameters: {'max_depth': 4, 'learning_rate': 0.019795619359247972, 'colsample_bytree': 0.3929620144245053, 'subsample': 0.6254132918461537, 'alpha': 0.10602225564888092, 'lambda': 2.2397715414044343e-05, 'gamma': 0.000956725907271896, 'min_child_weight': 20.193061893019014}. Best is trial 33 with value: 0.16329866293188455.[0m
[32m[I 2023-01-30 13:13:59,559][0m Trial 37 finished with value: 0.19239416972912168 and parameters: {'max_depth': 6, 'learning_rate': 0.00679834753945991, 'colsample_bytree': 0.4944414564652673, 'subsample': 0.6775590104540893, 'alpha': 0.03456151611105326, 'lambda': 0.007121746857050759, 'gamma': 0.0002007659261741847, 'min_child_weight': 34.297358029379005}. Best is trial 33 with value: 0.16329866293188455.[0m
[32m[I 2023-01-30 13:17:15,344][0m Trial 38 finished with value: 0.1637617481471602 and parameters: {'max_depth': 7, 'learning_rate': 0.013135785801565568, 'colsample_bytree': 0.23910652874692806, 'subsample': 0.721935968858062, 'alpha': 0.15494258520170093, 'lambda': 0.0005987299958857511, 'gamma': 0.00690986320614094, 'min_child_weight': 13.869975714041695}. Best is trial 33 with value: 0.16329866293188455.[0m
[32m[I 2023-01-30 13:17:35,099][0m Trial 39 finished with value: 0.20538930192715094 and parameters: {'max_depth': 6, 'learning_rate': 0.012837630037922949, 'colsample_bytree': 0.2426092539339586, 'subsample': 0.7622879329878218, 'alpha': 0.1563671951774368, 'lambda': 7.864946403330104e-07, 'gamma': 0.6340964023722069, 'min_child_weight': 51.38506302520204}. Best is trial 33 with value: 0.16329866293188455.[0m
[32m[I 2023-01-30 13:18:04,731][0m Trial 40 finished with value: 0.16755112707429717 and parameters: {'max_depth': 4, 'learning_rate': 0.015295737394698812, 'colsample_bytree': 0.21385964763061507, 'subsample': 0.7271859082831252, 'alpha': 0.05502229280536928, 'lambda': 0.0006812471454179981, 'gamma': 0.0705209279053763, 'min_child_weight': 16.43029909476158}. Best is trial 33 with value: 0.16329866293188455.[0m
[32m[I 2023-01-30 13:18:41,005][0m Trial 41 finished with value: 0.17371696151788601 and parameters: {'max_depth': 4, 'learning_rate': 0.01557552021734735, 'colsample_bytree': 0.22471523854122918, 'subsample': 0.725724984286284, 'alpha': 0.05424727343631567, 'lambda': 0.0003985870121574377, 'gamma': 0.3213406007739813, 'min_child_weight': 15.749901195313601}. Best is trial 33 with value: 0.16329866293188455.[0m
[32m[I 2023-01-30 13:19:07,025][0m Trial 42 finished with value: 0.16834219373936965 and parameters: {'max_depth': 5, 'learning_rate': 0.019570327069605535, 'colsample_bytree': 0.2476401478520054, 'subsample': 0.797276054305416, 'alpha': 0.050828309066944286, 'lambda': 5.77110889781038e-05, 'gamma': 0.026970610232330685, 'min_child_weight': 20.32825956705162}. Best is trial 33 with value: 0.16329866293188455.[0m
[32m[I 2023-01-30 13:20:04,362][0m Trial 43 finished with value: 0.16104779526510632 and parameters: {'max_depth': 4, 'learning_rate': 0.01153801580564439, 'colsample_bytree': 0.22681673596325813, 'subsample': 0.7400443713093665, 'alpha': 0.02022667663300967, 'lambda': 0.0007946217876882675, 'gamma': 0.0033788121732192472, 'min_child_weight': 13.242286110332971}. Best is trial 43 with value: 0.16104779526510632.[0m
[32m[I 2023-01-30 13:20:06,835][0m Trial 44 finished with value: 29.274961132263776 and parameters: {'max_depth': 5, 'learning_rate': 0.012363463300510594, 'colsample_bytree': 0.2690199688969648, 'subsample': 0.758582431378337, 'alpha': 0.08011335240724578, 'lambda': 1.1848182515892952e-05, 'gamma': 0.0014383466676024575, 'min_child_weight': 202.94467789585005}. Best is trial 43 with value: 0.16104779526510632.[0m
[32m[I 2023-01-30 13:22:02,559][0m Trial 45 finished with value: 0.15850437905175244 and parameters: {'max_depth': 4, 'learning_rate': 0.009505612249929766, 'colsample_bytree': 0.25443656088803357, 'subsample': 0.6775053430367413, 'alpha': 0.011672989825123114, 'lambda': 0.004994238397515874, 'gamma': 0.004422924494881803, 'min_child_weight': 12.97683941394919}. Best is trial 45 with value: 0.15850437905175244.[0m
[32m[I 2023-01-30 13:22:37,695][0m Trial 46 finished with value: 0.16257120876673967 and parameters: {'max_depth': 4, 'learning_rate': 0.009693835920782403, 'colsample_bytree': 0.2467686020702324, 'subsample': 0.6884417744655347, 'alpha': 0.011046051490093675, 'lambda': 0.005438780147955127, 'gamma': 0.00491954165179529, 'min_child_weight': 12.36987122799272}. Best is trial 45 with value: 0.15850437905175244.[0m
[32m[I 2023-01-30 13:23:11,689][0m Trial 47 finished with value: 0.1850601809957317 and parameters: {'max_depth': 4, 'learning_rate': 0.009940639095119198, 'colsample_bytree': 0.2532788699850457, 'subsample': 0.6847274110310205, 'alpha': 0.01033942091084092, 'lambda': 0.004603251556412639, 'gamma': 0.003859253814578033, 'min_child_weight': 28.05990624676479}. Best is trial 45 with value: 0.15850437905175244.[0m
[32m[I 2023-01-30 13:23:29,560][0m Trial 48 finished with value: 0.24731994799715787 and parameters: {'max_depth': 4, 'learning_rate': 0.009112185371113487, 'colsample_bytree': 0.22689294930284384, 'subsample': 0.6600114088509373, 'alpha': 0.0175716340836503, 'lambda': 0.00019699093179999558, 'gamma': 0.013200448624287575, 'min_child_weight': 82.37067206883873}. Best is trial 45 with value: 0.15850437905175244.[0m
[32m[I 2023-01-30 13:24:41,684][0m Trial 49 finished with value: 0.17228766192177428 and parameters: {'max_depth': 4, 'learning_rate': 0.0058585569763265075, 'colsample_bytree': 0.590914997198207, 'subsample': 0.7469086745159028, 'alpha': 0.014491694798539042, 'lambda': 0.0008431606592960371, 'gamma': 0.008881875540340518, 'min_child_weight': 21.81257543631144}. Best is trial 45 with value: 0.15850437905175244.[0m
[32m[I 2023-01-30 13:25:06,961][0m Trial 50 finished with value: 0.18674213378402396 and parameters: {'max_depth': 4, 'learning_rate': 0.012112504164332813, 'colsample_bytree': 0.20861638548493386, 'subsample': 0.7069815633441464, 'alpha': 0.021198397945007854, 'lambda': 0.003013540369800883, 'gamma': 0.17386759285463776, 'min_child_weight': 32.926434227929846}. Best is trial 45 with value: 0.15850437905175244.[0m
[32m[I 2023-01-30 13:26:00,466][0m Trial 51 finished with value: 0.159514482350369 and parameters: {'max_depth': 5, 'learning_rate': 0.009531148337717696, 'colsample_bytree': 0.29173095993810433, 'subsample': 0.6535975212009463, 'alpha': 0.012202295412032882, 'lambda': 0.007441747840918304, 'gamma': 0.001997398173666223, 'min_child_weight': 11.648710902651628}. Best is trial 45 with value: 0.15850437905175244.[0m
[32m[I 2023-01-30 13:27:16,711][0m Trial 52 finished with value: 0.15730461570123205 and parameters: {'max_depth': 5, 'learning_rate': 0.00709226835892457, 'colsample_bytree': 0.2855066513585602, 'subsample': 0.6516395900512579, 'alpha': 0.011607052972674094, 'lambda': 0.007754037633952217, 'gamma': 0.0025511720616620435, 'min_child_weight': 11.930164381073773}. Best is trial 52 with value: 0.15730461570123205.[0m
[32m[I 2023-01-30 13:28:26,460][0m Trial 53 finished with value: 0.15813973846604595 and parameters: {'max_depth': 5, 'learning_rate': 0.007321062062289465, 'colsample_bytree': 0.2865021605338197, 'subsample': 0.6577538638977051, 'alpha': 0.012190104361611971, 'lambda': 0.007219259606856647, 'gamma': 0.0016645716475651117, 'min_child_weight': 11.948511916055512}. Best is trial 52 with value: 0.15730461570123205.[0m
[32m[I 2023-01-30 13:29:13,567][0m Trial 54 finished with value: 0.1727667463610717 and parameters: {'max_depth': 6, 'learning_rate': 0.00751028534670493, 'colsample_bytree': 0.2862913333208037, 'subsample': 0.6920551293019321, 'alpha': 0.01018484780147052, 'lambda': 0.010598730778046583, 'gamma': 0.0023759270886835335, 'min_child_weight': 18.162171396797653}. Best is trial 52 with value: 0.15730461570123205.[0m
