[32m[I 2023-01-30 13:25:46,383][0m Trial 90 finished with value: 0.09792267741515562 and parameters: {'max_depth': 7, 'learning_rate': 0.012255529637285453, 'colsample_bytree': 0.5258182933162451, 'subsample': 0.7563692469746214, 'alpha': 0.15702460994951473, 'lambda': 4.639637536656746e-05, 'gamma': 0.0009497122100733102, 'min_child_weight': 14.138436797220969}. Best is trial 68 with value: 0.09581604045077814.[0m
[32m[I 2023-01-30 13:27:02,779][0m Trial 91 finished with value: 0.09769053766866086 and parameters: {'max_depth': 8, 'learning_rate': 0.014017124509726083, 'colsample_bytree': 0.5923895819043417, 'subsample': 0.788405737926722, 'alpha': 0.04028932943090997, 'lambda': 0.0006710362875807744, 'gamma': 0.019704231912147065, 'min_child_weight': 10.098323145104175}. Best is trial 68 with value: 0.09581604045077814.[0m
[32m[I 2023-01-30 13:28:24,646][0m Trial 92 finished with value: 0.10027867203250077 and parameters: {'max_depth': 8, 'learning_rate': 0.012395379601357113, 'colsample_bytree': 0.5748668774459268, 'subsample': 0.7352342322617742, 'alpha': 0.05221799088176391, 'lambda': 0.00014985219682522142, 'gamma': 0.3550367425736421, 'min_child_weight': 13.937423302768075}. Best is trial 68 with value: 0.09581604045077814.[0m
[32m[I 2023-01-30 13:29:46,009][0m Trial 93 finished with value: 0.09643479635987347 and parameters: {'max_depth': 8, 'learning_rate': 0.010648612338299168, 'colsample_bytree': 0.5613087004939181, 'subsample': 0.7846763517944595, 'alpha': 0.07006371095397512, 'lambda': 2.890574680414168e-05, 'gamma': 0.06454729484275315, 'min_child_weight': 10.993418175725951}. Best is trial 68 with value: 0.09581604045077814.[0m
[32m[I 2023-01-30 13:31:05,293][0m Trial 94 finished with value: 0.09794838061959828 and parameters: {'max_depth': 8, 'learning_rate': 0.01116977051595133, 'colsample_bytree': 0.5589572448943461, 'subsample': 0.7830421729496433, 'alpha': 0.07015948009232191, 'lambda': 2.5484090579908945e-05, 'gamma': 0.00017403640991207604, 'min_child_weight': 16.689865862106622}. Best is trial 68 with value: 0.09581604045077814.[0m
[32m[I 2023-01-30 13:34:17,646][0m Trial 95 finished with value: 0.09577256590448198 and parameters: {'max_depth': 8, 'learning_rate': 0.009457137954196261, 'colsample_bytree': 0.5431589564490564, 'subsample': 0.751182216870945, 'alpha': 0.09821588740956777, 'lambda': 6.641484062416979e-05, 'gamma': 0.0026080763983442152, 'min_child_weight': 11.276076553861591}. Best is trial 95 with value: 0.09577256590448198.[0m
[32m[I 2023-01-30 13:37:40,405][0m Trial 96 finished with value: 0.09657333653372145 and parameters: {'max_depth': 7, 'learning_rate': 0.010178249133177488, 'colsample_bytree': 0.537685814996418, 'subsample': 0.7651107949729121, 'alpha': 0.1037139255596797, 'lambda': 7.171430140581674e-05, 'gamma': 0.0028591869850350506, 'min_child_weight': 13.88372130972658}. Best is trial 95 with value: 0.09577256590448198.[0m
[32m[I 2023-01-30 13:39:43,104][0m Trial 97 finished with value: 0.1029447356330793 and parameters: {'max_depth': 7, 'learning_rate': 0.01044144406274372, 'colsample_bytree': 0.5447890812903223, 'subsample': 0.7852782735904693, 'alpha': 0.11484348854791919, 'lambda': 0.00026566003776846026, 'gamma': 0.002699593649000593, 'min_child_weight': 22.959964787144607}. Best is trial 95 with value: 0.09577256590448198.[0m
[32m[I 2023-01-30 13:45:04,086][0m Trial 98 finished with value: 0.09728615609830586 and parameters: {'max_depth': 7, 'learning_rate': 0.009641366913723602, 'colsample_bytree': 0.5151455338064606, 'subsample': 0.7642166909679968, 'alpha': 0.14085280414480536, 'lambda': 0.002070253745940898, 'gamma': 0.008770063317667687, 'min_child_weight': 14.387930740741908}. Best is trial 95 with value: 0.09577256590448198.[0m
[32m[I 2023-01-30 13:47:51,472][0m Trial 99 finished with value: 0.09749823815374245 and parameters: {'max_depth': 7, 'learning_rate': 0.011688093126906097, 'colsample_bytree': 0.5554902658941092, 'subsample': 0.777494008606599, 'alpha': 0.1928353326482981, 'lambda': 0.00020160216901674447, 'gamma': 0.001225895783366816, 'min_child_weight': 13.593707974685291}. Best is trial 95 with value: 0.09577256590448198.[0m
Uploaded file from /Users/kevinmaikjablonka/git/kjappelbaum/gptchem/experiments/04_regression/henry/out/20230130_085603/train.jsonl: file-FalUQApyuTTvtfp6YOzBLDWF
Upload progress:   0%|          | 0.00/142k [00:00<?, ?it/s]Upload progress: 100%|██████████| 142k/142k [00:00<00:00, 155Mit/s]
2023-01-30 14:04:09.688 | ERROR    | __main__:<module>:78 - ('logKH_CH4', 'CH4 Henry coefficient')
Traceback (most recent call last):

  File "/Users/kevinmaikjablonka/miniconda3/envs/gptchem/lib/python3.9/site-packages/pandas/core/indexes/base.py", line 3803, in get_loc
    return self._engine.get_loc(casted_key)
           │    │               └ ('logKH_CH4', 'CH4 Henry coefficient')
           │    └ <pandas._libs.properties.CachedProperty object at 0x299c683c0>
           └ Index(['Unnamed: 0', 'ASA [m^2/cm^3]', 'CellV [A^3]', 'Df', 'Di', 'Dif',
                    'NASA [m^2/cm^3]', 'POAV [cm^3/g]', 'POAVF', ...
  File "pandas/_libs/index.pyx", line 138, in pandas._libs.index.IndexEngine.get_loc
    cpdef get_loc(self, object val):
  File "pandas/_libs/index.pyx", line 165, in pandas._libs.index.IndexEngine.get_loc
    return self.mapping.get_item(val)
  File "pandas/_libs/hashtable_class_helper.pxi", line 5745, in pandas._libs.hashtable.PyObjectHashTable.get_item
  File "pandas/_libs/hashtable_class_helper.pxi", line 5753, in pandas._libs.hashtable.PyObjectHashTable.get_item

KeyError: ('logKH_CH4', 'CH4 Henry coefficient')


The above exception was the direct cause of the following exception:


Traceback (most recent call last):

> File "/Users/kevinmaikjablonka/git/kjappelbaum/gptchem/experiments/04_regression/henry/run_experiments.py", line 76, in <module>
    run_experiment(train_size, target, i + 22332642)
    │              │           │       └ 0
    │              │           └ ('logKH_CH4', 'CH4 Henry coefficient')
    │              └ 500
    └ <function run_experiment at 0x10549b0d0>

  File "/Users/kevinmaikjablonka/git/kjappelbaum/gptchem/experiments/04_regression/henry/run_experiments.py", line 58, in run_experiment
    gpt_metrics = get_regression_metrics(test[target], extracted)
                  │                      │    │        └ [-4.5, -4.5, -5.12, -4.55, -5.55, -5.55, -4.95, -4.92, -4.55, -4.69, -4.5, -4.81, -5.0, -5.08, -4.23, -4.55, -5.01, -4.55, -5...
                  │                      │    └ ('logKH_CH4', 'CH4 Henry coefficient')
                  │                      └       Unnamed: 0  ...                                              mofid
                  │                        3798        5861  ...  [Ni].[O-]C(=O)c1cc2ccccc2c(c1...
                  └ <function get_regression_metrics at 0x29d8dc280>

  File "/Users/kevinmaikjablonka/miniconda3/envs/gptchem/lib/python3.9/site-packages/pandas/core/frame.py", line 3805, in __getitem__
    indexer = self.columns.get_loc(key)
              │    │               └ ('logKH_CH4', 'CH4 Henry coefficient')
              │    └ <pandas._libs.properties.AxisProperty object at 0x29a43e610>
              └       Unnamed: 0  ...                                              mofid
                3798        5861  ...  [Ni].[O-]C(=O)c1cc2ccccc2c(c1...
  File "/Users/kevinmaikjablonka/miniconda3/envs/gptchem/lib/python3.9/site-packages/pandas/core/indexes/base.py", line 3805, in get_loc
    raise KeyError(key) from err
                   └ ('logKH_CH4', 'CH4 Henry coefficient')

KeyError: ('logKH_CH4', 'CH4 Henry coefficient')
[32m[I 2023-01-30 14:04:09,942][0m A new study created in memory with name: no-name-0b9b5be4-1bfe-4d39-80ed-1ae00abb03ff[0m
[32m[I 2023-01-30 14:04:12,154][0m Trial 0 finished with value: 17.32118847701899 and parameters: {'max_depth': 11, 'learning_rate': 0.03943180702221767, 'colsample_bytree': 0.48338277698454657, 'subsample': 0.6667880916971854, 'alpha': 0.07695356446858977, 'lambda': 0.0011960555391446264, 'gamma': 0.011558526456888882, 'min_child_weight': 591.1193593817245}. Best is trial 0 with value: 17.32118847701899.[0m
[32m[I 2023-01-30 14:04:29,705][0m Trial 1 finished with value: 1.038580132177593 and parameters: {'max_depth': 10, 'learning_rate': 0.041134316655128254, 'colsample_bytree': 0.22968076844783064, 'subsample': 0.4464499696175606, 'alpha': 7.181717181976198, 'lambda': 1.562370075120558e-07, 'gamma': 1.592922235503172e-07, 'min_child_weight': 31.920798758958732}. Best is trial 1 with value: 1.038580132177593.[0m
[32m[I 2023-01-30 14:04:50,593][0m Trial 2 finished with value: 1.0255104525051815 and parameters: {'max_depth': 11, 'learning_rate': 0.018174141335350915, 'colsample_bytree': 0.5604454522456577, 'subsample': 0.7574852124218824, 'alpha': 3.4380016701469245, 'lambda': 0.5568909988317814, 'gamma': 7.527426349222389e-08, 'min_child_weight': 46.33736847648717}. Best is trial 2 with value: 1.0255104525051815.[0m
[32m[I 2023-01-30 14:05:08,520][0m Trial 3 finished with value: 1.0564891059008343 and parameters: {'max_depth': 9, 'learning_rate': 0.028378909616250787, 'colsample_bytree': 0.5801596986666466, 'subsample': 0.4947504468141251, 'alpha': 0.019466965890188696, 'lambda': 0.05971200399326978, 'gamma': 3.2188208036024255e-08, 'min_child_weight': 58.5928635790038}. Best is trial 2 with value: 1.0255104525051815.[0m
[32m[I 2023-01-30 14:05:10,495][0m Trial 4 finished with value: 17.32118847701899 and parameters: {'max_depth': 11, 'learning_rate': 0.04162946890026078, 'colsample_bytree': 0.4633009018331788, 'subsample': 0.5171503376217323, 'alpha': 0.051964460566470146, 'lambda': 0.011806796342275164, 'gamma': 0.0009844669237292266, 'min_child_weight': 597.174798468189}. Best is trial 2 with value: 1.0255104525051815.[0m
[32m[I 2023-01-30 14:05:38,752][0m Trial 5 finished with value: 0.9916725010074536 and parameters: {'max_depth': 9, 'learning_rate': 0.030486391820450123, 'colsample_bytree': 0.3726677137700833, 'subsample': 0.6175143133497486, 'alpha': 0.37372578650240545, 'lambda': 3.336971520305419e-08, 'gamma': 0.7754828402642463, 'min_child_weight': 17.103074711611693}. Best is trial 5 with value: 0.9916725010074536.[0m
[32m[I 2023-01-30 14:05:41,336][0m Trial 6 finished with value: 17.32118847701899 and parameters: {'max_depth': 4, 'learning_rate': 0.010624215152102963, 'colsample_bytree': 0.30490924992026125, 'subsample': 0.7437145829936807, 'alpha': 0.01471669543122012, 'lambda': 4.950734654876109, 'gamma': 3.905013417707782e-07, 'min_child_weight': 792.9791014070719}. Best is trial 5 with value: 0.9916725010074536.[0m
[32m[I 2023-01-30 14:06:09,186][0m Trial 7 finished with value: 1.0152433072945617 and parameters: {'max_depth': 5, 'learning_rate': 0.021844647946310584, 'colsample_bytree': 0.2978935637565084, 'subsample': 0.6945899034698879, 'alpha': 2.9236678454672598, 'lambda': 0.00197230249454408, 'gamma': 0.005725354703365607, 'min_child_weight': 12.641216570962865}. Best is trial 5 with value: 0.9916725010074536.[0m
[32m[I 2023-01-30 14:06:23,739][0m Trial 8 finished with value: 1.0313144706029131 and parameters: {'max_depth': 8, 'learning_rate': 0.04884455994741487, 'colsample_bytree': 0.4298111297108724, 'subsample': 0.7307760130513172, 'alpha': 0.20412995229328462, 'lambda': 0.001631687775345892, 'gamma': 0.13940883284270142, 'min_child_weight': 70.72254449717482}. Best is trial 5 with value: 0.9916725010074536.[0m
[32m[I 2023-01-30 14:06:25,582][0m Trial 9 finished with value: 17.32118847701899 and parameters: {'max_depth': 12, 'learning_rate': 0.014255449161794368, 'colsample_bytree': 0.4034724433109933, 'subsample': 0.6012725606067151, 'alpha': 0.02679408741335582, 'lambda': 0.00011088384699910948, 'gamma': 3.14909160330647e-06, 'min_child_weight': 360.1956870154361}. Best is trial 5 with value: 0.9916725010074536.[0m
[32m[I 2023-01-30 14:07:39,427][0m Trial 10 finished with value: 1.0445439274582544 and parameters: {'max_depth': 7, 'learning_rate': 0.006567809537515869, 'colsample_bytree': 0.3300498911468356, 'subsample': 0.5961200841462971, 'alpha': 0.7294193966837471, 'lambda': 1.3729035283279038e-08, 'gamma': 7.188899402945899, 'min_child_weight': 10.654856277387132}. Best is trial 5 with value: 0.9916725010074536.[0m
[32m[I 2023-01-30 14:12:12,196][0m Trial 11 finished with value: 0.9885982855664096 and parameters: {'max_depth': 5, 'learning_rate': 0.024406347613551423, 'colsample_bytree': 0.32112721885806683, 'subsample': 0.6468524139781597, 'alpha': 1.0113871592119053, 'lambda': 5.605559602148849e-06, 'gamma': 0.8821411339569268, 'min_child_weight': 13.873126188153087}. Best is trial 11 with value: 0.9885982855664096.[0m
[32m[I 2023-01-30 14:12:37,294][0m Trial 12 finished with value: 1.0331389059235438 and parameters: {'max_depth': 6, 'learning_rate': 0.02678952706954039, 'colsample_bytree': 0.355619269641281, 'subsample': 0.6147700857519732, 'alpha': 0.7820976963412712, 'lambda': 4.1508776221963675e-06, 'gamma': 8.32055392634568, 'min_child_weight': 20.69294591998578}. Best is trial 11 with value: 0.9885982855664096.[0m
[32m[I 2023-01-30 14:12:45,093][0m Trial 13 finished with value: 1.310196717974317 and parameters: {'max_depth': 8, 'learning_rate': 0.027280662897835643, 'colsample_bytree': 0.2337477895521881, 'subsample': 0.5530491115932749, 'alpha': 0.3379226766215213, 'lambda': 5.508214574555719e-06, 'gamma': 0.18096006767716072, 'min_child_weight': 157.89596106256653}. Best is trial 11 with value: 0.9885982855664096.[0m
[32m[I 2023-01-30 14:13:23,053][0m Trial 14 finished with value: 1.0028504016637203 and parameters: {'max_depth': 6, 'learning_rate': 0.013943939263886668, 'colsample_bytree': 0.3658947850009293, 'subsample': 0.6549204608027459, 'alpha': 1.2396119492319075, 'lambda': 6.029928241348475e-07, 'gamma': 0.2749973887414403, 'min_child_weight': 19.803211350925984}. Best is trial 11 with value: 0.9885982855664096.[0m
[32m[I 2023-01-30 14:13:31,794][0m Trial 15 finished with value: 1.3104106559708235 and parameters: {'max_depth': 4, 'learning_rate': 0.03147351419752317, 'colsample_bytree': 0.2921581839763787, 'subsample': 0.41027113547316285, 'alpha': 0.2765752991335783, 'lambda': 1.0862384260052345e-08, 'gamma': 9.635051372998643e-05, 'min_child_weight': 121.81654084603888}. Best is trial 11 with value: 0.9885982855664096.[0m
[32m[I 2023-01-30 14:14:57,891][0m Trial 16 finished with value: 0.996294774676671 and parameters: {'max_depth': 9, 'learning_rate': 0.019934602669358512, 'colsample_bytree': 0.5183122738013084, 'subsample': 0.6420195167067131, 'alpha': 0.10904913465357112, 'lambda': 5.3968385325747976e-05, 'gamma': 8.128464530141402e-05, 'min_child_weight': 25.913538821801872}. Best is trial 11 with value: 0.9885982855664096.[0m
[32m[I 2023-01-30 14:15:19,874][0m Trial 17 finished with value: 1.3105698006629196 and parameters: {'max_depth': 7, 'learning_rate': 0.010051452455049781, 'colsample_bytree': 0.2601185246905539, 'subsample': 0.5667807770461615, 'alpha': 1.7845727233171025, 'lambda': 2.758389301301102e-07, 'gamma': 1.324985879920095, 'min_child_weight': 215.34812060245}. Best is trial 11 with value: 0.9885982855664096.[0m
[32m[I 2023-01-30 14:17:33,997][0m Trial 18 finished with value: 0.9912096987622098 and parameters: {'max_depth': 9, 'learning_rate': 0.03330464844720126, 'colsample_bytree': 0.3800050871474141, 'subsample': 0.6959241599168378, 'alpha': 0.5139533753275087, 'lambda': 1.572982982786465e-05, 'gamma': 0.022440082929193948, 'min_child_weight': 15.007217891750765}. Best is trial 11 with value: 0.9885982855664096.[0m
[32m[I 2023-01-30 14:18:11,560][0m Trial 19 finished with value: 1.0235945978677763 and parameters: {'max_depth': 6, 'learning_rate': 0.022633920910620973, 'colsample_bytree': 0.4222080338793226, 'subsample': 0.7902332994072868, 'alpha': 9.188742493132546, 'lambda': 1.0452856849518163e-05, 'gamma': 0.014452684610997265, 'min_child_weight': 39.207937929252836}. Best is trial 11 with value: 0.9885982855664096.[0m
[32m[I 2023-01-30 14:23:00,969][0m Trial 20 finished with value: 0.9966421041696517 and parameters: {'max_depth': 5, 'learning_rate': 0.00565460468051765, 'colsample_bytree': 0.33512845312400924, 'subsample': 0.7002666722254302, 'alpha': 0.14825330026178277, 'lambda': 2.1690281459137383e-05, 'gamma': 0.046196490801987664, 'min_child_weight': 10.387701473876321}. Best is trial 11 with value: 0.9885982855664096.[0m
[32m[I 2023-01-30 14:28:36,998][0m Trial 21 finished with value: 1.0083976906856968 and parameters: {'max_depth': 9, 'learning_rate': 0.03364075334076785, 'colsample_bytree': 0.3777605395315492, 'subsample': 0.696090583130375, 'alpha': 0.5131033094865425, 'lambda': 1.1330527841715422e-06, 'gamma': 0.7614691977309723, 'min_child_weight': 17.52273118635178}. Best is trial 11 with value: 0.9885982855664096.[0m
[32m[I 2023-01-30 14:29:44,252][0m Trial 22 finished with value: 0.9857194442215599 and parameters: {'max_depth': 8, 'learning_rate': 0.03352298665806971, 'colsample_bytree': 0.38897817266049844, 'subsample': 0.6250726810788254, 'alpha': 0.5042553656068601, 'lambda': 1.0371811370964537e-07, 'gamma': 0.0012478219817458145, 'min_child_weight': 15.370227032514928}. Best is trial 22 with value: 0.9857194442215599.[0m
[32m[I 2023-01-30 14:30:05,352][0m Trial 23 finished with value: 0.9986681912845462 and parameters: {'max_depth': 8, 'learning_rate': 0.02374998526133564, 'colsample_bytree': 0.4525357337108942, 'subsample': 0.6692779273277054, 'alpha': 1.216872491381821, 'lambda': 1.0683096743236835e-07, 'gamma': 0.0014858408554310671, 'min_child_weight': 28.3733619327523}. Best is trial 22 with value: 0.9857194442215599.[0m
[32m[I 2023-01-30 14:30:48,007][0m Trial 24 finished with value: 0.9796516967360642 and parameters: {'max_depth': 10, 'learning_rate': 0.04827537377504886, 'colsample_bytree': 0.40578499634842885, 'subsample': 0.571423689733867, 'alpha': 0.5701014996151497, 'lambda': 0.00023474082015910512, 'gamma': 1.4155994184324302e-05, 'min_child_weight': 14.775923949552727}. Best is trial 24 with value: 0.9796516967360642.[0m
[32m[I 2023-01-30 14:31:01,431][0m Trial 25 finished with value: 1.0594269972142762 and parameters: {'max_depth': 10, 'learning_rate': 0.049475544073754235, 'colsample_bytree': 0.49705867851782837, 'subsample': 0.5544671808582505, 'alpha': 2.4073060496166234, 'lambda': 0.00012423902922119797, 'gamma': 8.74535717494694e-06, 'min_child_weight': 64.92833337940607}. Best is trial 24 with value: 0.9796516967360642.[0m
[32m[I 2023-01-30 14:31:19,164][0m Trial 26 finished with value: 1.0283902401056637 and parameters: {'max_depth': 7, 'learning_rate': 0.03908041047184461, 'colsample_bytree': 0.20061410902956317, 'subsample': 0.516501321126462, 'alpha': 5.002511065935771, 'lambda': 1.7612147199125115e-06, 'gamma': 9.574095584059206e-06, 'min_child_weight': 24.45593544410975}. Best is trial 24 with value: 0.9796516967360642.[0m
[32m[I 2023-01-30 14:31:39,573][0m Trial 27 finished with value: 1.0052313179950325 and parameters: {'max_depth': 12, 'learning_rate': 0.03588381774276992, 'colsample_bytree': 0.41294279285590685, 'subsample': 0.6324507690218752, 'alpha': 1.180566833264254, 'lambda': 0.00036304080836226067, 'gamma': 1.1122303342775243e-06, 'min_child_weight': 38.09584378795972}. Best is trial 24 with value: 0.9796516967360642.[0m
[32m[I 2023-01-30 14:32:28,507][0m Trial 28 finished with value: 1.0043371962708836 and parameters: {'max_depth': 10, 'learning_rate': 0.016727247433408834, 'colsample_bytree': 0.3353463566501275, 'subsample': 0.5759953516383222, 'alpha': 0.7431080065982806, 'lambda': 8.513056042132496e-08, 'gamma': 4.0475983980232114e-05, 'min_child_weight': 13.807875289392538}. Best is trial 24 with value: 0.9796516967360642.[0m
[32m[I 2023-01-30 14:32:49,198][0m Trial 29 finished with value: 1.010088830621421 and parameters: {'max_depth': 5, 'learning_rate': 0.043575294618972096, 'colsample_bytree': 0.4422148836848824, 'subsample': 0.531966469105639, 'alpha': 0.19862305125203056, 'lambda': 0.0006871365934810821, 'gamma': 0.0005530812699698203, 'min_child_weight': 10.412545125109778}. Best is trial 24 with value: 0.9796516967360642.[0m
[32m[I 2023-01-30 14:33:14,489][0m Trial 30 finished with value: 1.0838762668673967 and parameters: {'max_depth': 10, 'learning_rate': 0.02482759095844786, 'colsample_bytree': 0.4811795514728564, 'subsample': 0.6637606873170303, 'alpha': 0.0611782166132927, 'lambda': 0.004639847214830577, 'gamma': 0.003410687404980405, 'min_child_weight': 86.04533921697859}. Best is trial 24 with value: 0.9796516967360642.[0m
[32m[I 2023-01-30 14:33:56,716][0m Trial 31 finished with value: 1.0104044889806354 and parameters: {'max_depth': 8, 'learning_rate': 0.03556596126388488, 'colsample_bytree': 0.39592194366916444, 'subsample': 0.718515438783633, 'alpha': 0.45278031068352914, 'lambda': 3.136027608261449e-05, 'gamma': 0.0193397241794115, 'min_child_weight': 13.747686552690729}. Best is trial 24 with value: 0.9796516967360642.[0m
[32m[I 2023-01-30 14:34:18,670][0m Trial 32 finished with value: 0.9883153610516675 and parameters: {'max_depth': 11, 'learning_rate': 0.04280798633827166, 'colsample_bytree': 0.39259734071138963, 'subsample': 0.6772752875223431, 'alpha': 0.6692547378656891, 'lambda': 2.9738443384275762e-06, 'gamma': 0.0002518592866341104, 'min_child_weight': 16.27781327812582}. Best is trial 24 with value: 0.9796516967360642.[0m
[32m[I 2023-01-30 14:34:35,727][0m Trial 33 finished with value: 0.9939138596795466 and parameters: {'max_depth': 11, 'learning_rate': 0.043414052816807464, 'colsample_bytree': 0.34658371694774515, 'subsample': 0.592220289808546, 'alpha': 1.812336106085991, 'lambda': 2.404644705839976e-06, 'gamma': 0.00032152377816730294, 'min_child_weight': 32.72900489804707}. Best is trial 24 with value: 0.9796516967360642.[0m
