[32m[I 2023-01-30 13:30:23,038][0m Trial 55 finished with value: 0.1601799068635401 and parameters: {'max_depth': 4, 'learning_rate': 0.00600819004343986, 'colsample_bytree': 0.27912587435204816, 'subsample': 0.6592936964797179, 'alpha': 0.020572519358300814, 'lambda': 0.045567660352811803, 'gamma': 0.022878497606884842, 'min_child_weight': 11.822316908600706}. Best is trial 52 with value: 0.15730461570123205.[0m
[32m[I 2023-01-30 13:31:41,496][0m Trial 56 finished with value: 0.1591065691844284 and parameters: {'max_depth': 5, 'learning_rate': 0.006141233639586967, 'colsample_bytree': 0.2993552144958939, 'subsample': 0.6610567594193887, 'alpha': 0.022330956067713615, 'lambda': 0.04427809307453034, 'gamma': 0.02097894953451917, 'min_child_weight': 11.464282183958153}. Best is trial 52 with value: 0.15730461570123205.[0m
[32m[I 2023-01-30 13:34:21,994][0m Trial 57 finished with value: 0.15696506396316182 and parameters: {'max_depth': 6, 'learning_rate': 0.005752557079695218, 'colsample_bytree': 0.3026098933145663, 'subsample': 0.6600110601588491, 'alpha': 0.03909770735024972, 'lambda': 0.03725597360330994, 'gamma': 0.020055479204087758, 'min_child_weight': 10.05539324754799}. Best is trial 57 with value: 0.15696506396316182.[0m
[32m[I 2023-01-30 13:37:21,789][0m Trial 58 finished with value: 0.15882005270464478 and parameters: {'max_depth': 6, 'learning_rate': 0.005572445841547927, 'colsample_bytree': 0.300231395846147, 'subsample': 0.6158050234720293, 'alpha': 0.031722003033500826, 'lambda': 0.029569372825684948, 'gamma': 0.051840280893662695, 'min_child_weight': 10.590222264625682}. Best is trial 57 with value: 0.15696506396316182.[0m
[32m[I 2023-01-30 13:39:40,990][0m Trial 59 finished with value: 0.1622146858102948 and parameters: {'max_depth': 6, 'learning_rate': 0.005632851074906338, 'colsample_bytree': 0.32040663621140314, 'subsample': 0.6187325383053662, 'alpha': 0.03636450252877528, 'lambda': 0.2944717959798831, 'gamma': 0.06378048593140456, 'min_child_weight': 10.06777294800271}. Best is trial 57 with value: 0.15696506396316182.[0m
[32m[I 2023-01-30 13:39:42,505][0m Trial 60 finished with value: 29.274961132263776 and parameters: {'max_depth': 6, 'learning_rate': 0.006915799077226214, 'colsample_bytree': 0.30587656609288705, 'subsample': 0.6138308842210135, 'alpha': 0.026728586965473932, 'lambda': 0.033688904757075915, 'gamma': 1.5206475590670587, 'min_child_weight': 969.9890495911856}. Best is trial 57 with value: 0.15696506396316182.[0m
[32m[I 2023-01-30 13:42:27,397][0m Trial 61 finished with value: 0.17173550642907814 and parameters: {'max_depth': 5, 'learning_rate': 0.006292321685844218, 'colsample_bytree': 0.29398321182307413, 'subsample': 0.6469902514628714, 'alpha': 0.014320647249011734, 'lambda': 0.011535089422042483, 'gamma': 0.0014853242479094724, 'min_child_weight': 16.330651757473703}. Best is trial 57 with value: 0.15696506396316182.[0m
[32m[I 2023-01-30 13:45:18,391][0m Trial 62 finished with value: 0.15798514376526684 and parameters: {'max_depth': 5, 'learning_rate': 0.007242943363316392, 'colsample_bytree': 0.262083039832648, 'subsample': 0.6722623125440276, 'alpha': 0.04297770079445683, 'lambda': 0.05705138135880864, 'gamma': 0.15186700709827822, 'min_child_weight': 10.064921996140809}. Best is trial 57 with value: 0.15696506396316182.[0m
[32m[I 2023-01-30 13:48:02,934][0m Trial 63 finished with value: 0.15608029427686487 and parameters: {'max_depth': 6, 'learning_rate': 0.005362485941721046, 'colsample_bytree': 0.26400004225576534, 'subsample': 0.6707412577893016, 'alpha': 0.040188677270902, 'lambda': 0.0651260914600751, 'gamma': 0.01927098703367068, 'min_child_weight': 10.207417327232006}. Best is trial 63 with value: 0.15608029427686487.[0m
[32m[I 2023-01-30 13:50:09,497][0m Trial 64 finished with value: 0.1601320033617631 and parameters: {'max_depth': 6, 'learning_rate': 0.005376239482606258, 'colsample_bytree': 0.26534287206001195, 'subsample': 0.6703455143113435, 'alpha': 0.03780689541613213, 'lambda': 0.0788292120771048, 'gamma': 0.10642995478851774, 'min_child_weight': 10.154195053811131}. Best is trial 63 with value: 0.15608029427686487.[0m
[32m[I 2023-01-30 13:54:14,637][0m Trial 65 finished with value: 0.17503019868510833 and parameters: {'max_depth': 6, 'learning_rate': 0.0072473192462892844, 'colsample_bytree': 0.31677193383783137, 'subsample': 0.5819674220871532, 'alpha': 0.07904896300226152, 'lambda': 0.2787421273476421, 'gamma': 0.20419703889861768, 'min_child_weight': 14.864534047850677}. Best is trial 63 with value: 0.15608029427686487.[0m
[32m[I 2023-01-30 13:54:55,708][0m Trial 66 finished with value: 0.1741804567533635 and parameters: {'max_depth': 7, 'learning_rate': 0.005306188179649113, 'colsample_bytree': 0.2715444931217897, 'subsample': 0.6981328787057195, 'alpha': 0.01693960264940779, 'lambda': 1.616068001198427, 'gamma': 0.03855656118927778, 'min_child_weight': 18.17972503173618}. Best is trial 63 with value: 0.15608029427686487.[0m
[32m[I 2023-01-30 13:55:17,477][0m Trial 67 finished with value: 0.1714868533226869 and parameters: {'max_depth': 5, 'learning_rate': 0.007620086442379558, 'colsample_bytree': 0.2550759993711132, 'subsample': 0.6081263584744953, 'alpha': 0.04424084712945355, 'lambda': 0.019532348456542427, 'gamma': 0.49226125005168514, 'min_child_weight': 10.093126502729765}. Best is trial 63 with value: 0.15608029427686487.[0m
[32m[I 2023-01-30 13:55:43,831][0m Trial 68 finished with value: 0.16061692011542772 and parameters: {'max_depth': 6, 'learning_rate': 0.006240672355286169, 'colsample_bytree': 0.2783410202016664, 'subsample': 0.6734291003362444, 'alpha': 0.029218490623173877, 'lambda': 0.002015470661151793, 'gamma': 0.01518052713824021, 'min_child_weight': 12.181821109619182}. Best is trial 63 with value: 0.15608029427686487.[0m
[32m[I 2023-01-30 13:56:00,256][0m Trial 69 finished with value: 0.1814560369565031 and parameters: {'max_depth': 8, 'learning_rate': 0.006549606099072429, 'colsample_bytree': 0.3220097372449512, 'subsample': 0.6405870414637959, 'alpha': 0.07605017301833061, 'lambda': 0.9101253896919375, 'gamma': 0.0008796948303327035, 'min_child_weight': 23.985103272425302}. Best is trial 63 with value: 0.15608029427686487.[0m
[32m[I 2023-01-30 13:56:16,681][0m Trial 70 finished with value: 0.1701972313922338 and parameters: {'max_depth': 5, 'learning_rate': 0.005618531673840547, 'colsample_bytree': 0.2572159031620091, 'subsample': 0.5884674661261226, 'alpha': 0.013072427293986801, 'lambda': 0.07506604707497218, 'gamma': 0.05140968945622746, 'min_child_weight': 15.210010965344422}. Best is trial 63 with value: 0.15608029427686487.[0m
[32m[I 2023-01-30 13:58:03,964][0m Trial 71 finished with value: 0.16145392519007798 and parameters: {'max_depth': 5, 'learning_rate': 0.005090790071509414, 'colsample_bytree': 0.302634560835088, 'subsample': 0.667466754385899, 'alpha': 0.022707513462629822, 'lambda': 0.040326543168103815, 'gamma': 0.12277367187098684, 'min_child_weight': 11.476388405116134}. Best is trial 63 with value: 0.15608029427686487.[0m
[32m[I 2023-01-30 13:58:22,369][0m Trial 72 finished with value: 0.16044096962407053 and parameters: {'max_depth': 5, 'learning_rate': 0.007099885253269771, 'colsample_bytree': 0.28514953593754594, 'subsample': 0.6444315026143811, 'alpha': 0.017294498620752892, 'lambda': 0.03563377691802978, 'gamma': 0.030927559851533105, 'min_child_weight': 11.584145751423085}. Best is trial 63 with value: 0.15608029427686487.[0m
[32m[I 2023-01-30 13:58:42,164][0m Trial 73 finished with value: 0.16395905929658564 and parameters: {'max_depth': 6, 'learning_rate': 0.007933916017002758, 'colsample_bytree': 0.2988801013473198, 'subsample': 0.6662314204743734, 'alpha': 0.024605830372169006, 'lambda': 0.23386762870152492, 'gamma': 0.017426137661871458, 'min_child_weight': 13.884846574379885}. Best is trial 63 with value: 0.15608029427686487.[0m
[32m[I 2023-01-30 13:58:55,997][0m Trial 74 finished with value: 0.19084033655690957 and parameters: {'max_depth': 6, 'learning_rate': 0.009006247830535037, 'colsample_bytree': 0.31229839899653067, 'subsample': 0.6234334529143102, 'alpha': 0.03238541035097345, 'lambda': 0.022472885494006386, 'gamma': 1.1767404369135728, 'min_child_weight': 11.143795520162039}. Best is trial 63 with value: 0.15608029427686487.[0m
[32m[I 2023-01-30 13:59:01,977][0m Trial 75 finished with value: 24.786332273105764 and parameters: {'max_depth': 7, 'learning_rate': 0.006445782553791802, 'colsample_bytree': 0.2648949959777364, 'subsample': 0.6346072283789604, 'alpha': 0.042793181273787236, 'lambda': 0.07219035170159482, 'gamma': 0.007757560141808458, 'min_child_weight': 114.11473467490733}. Best is trial 63 with value: 0.15608029427686487.[0m
[32m[I 2023-01-30 13:59:20,249][0m Trial 76 finished with value: 0.16568037075294068 and parameters: {'max_depth': 5, 'learning_rate': 0.005719712436753705, 'colsample_bytree': 0.32642536533583194, 'subsample': 0.6983318246547029, 'alpha': 0.01604574647422929, 'lambda': 2.651222717909214e-08, 'gamma': 0.0001787746643119048, 'min_child_weight': 15.533621029997098}. Best is trial 63 with value: 0.15608029427686487.[0m
[32m[I 2023-01-30 13:59:44,364][0m Trial 77 finished with value: 0.17377332031676745 and parameters: {'max_depth': 5, 'learning_rate': 0.0060526684880774905, 'colsample_bytree': 0.2366196531965804, 'subsample': 0.6820345778133143, 'alpha': 0.025070678941783824, 'lambda': 0.0036034863272265635, 'gamma': 0.0006812250607226338, 'min_child_weight': 19.71044557783051}. Best is trial 63 with value: 0.15608029427686487.[0m
[32m[I 2023-01-30 14:00:04,074][0m Trial 78 finished with value: 0.24709591537853637 and parameters: {'max_depth': 6, 'learning_rate': 0.008619488013402184, 'colsample_bytree': 0.5608664510998144, 'subsample': 0.6538182897800574, 'alpha': 0.012146201314230595, 'lambda': 0.013689467590668133, 'gamma': 9.91075341743359, 'min_child_weight': 12.405932906413389}. Best is trial 63 with value: 0.15608029427686487.[0m
[32m[I 2023-01-30 14:00:04,939][0m Trial 79 finished with value: 29.274961132263776 and parameters: {'max_depth': 5, 'learning_rate': 0.006725633718473832, 'colsample_bytree': 0.34243113448084, 'subsample': 0.7082928729120986, 'alpha': 0.042191473896851635, 'lambda': 0.1428799167126929, 'gamma': 0.2266998205847542, 'min_child_weight': 408.1802998317569}. Best is trial 63 with value: 0.15608029427686487.[0m
[32m[I 2023-01-30 14:00:57,902][0m Trial 80 finished with value: 0.1725816251032679 and parameters: {'max_depth': 7, 'learning_rate': 0.005391246628318094, 'colsample_bytree': 0.2775028556744759, 'subsample': 0.6326242804091473, 'alpha': 0.06584477364765659, 'lambda': 0.0013052845523255955, 'gamma': 0.09228467834282662, 'min_child_weight': 17.19529758178817}. Best is trial 63 with value: 0.15608029427686487.[0m
[32m[I 2023-01-30 14:01:30,896][0m Trial 81 finished with value: 0.15719882978679126 and parameters: {'max_depth': 5, 'learning_rate': 0.007769490332658348, 'colsample_bytree': 0.2871397398507862, 'subsample': 0.6513206540095282, 'alpha': 0.013772384792108516, 'lambda': 0.006833224012477442, 'gamma': 0.002006770304656663, 'min_child_weight': 11.119441461138821}. Best is trial 63 with value: 0.15608029427686487.[0m
[32m[I 2023-01-30 14:02:06,353][0m Trial 82 finished with value: 0.15336232093075533 and parameters: {'max_depth': 5, 'learning_rate': 0.007762706635602901, 'colsample_bytree': 0.29048625129524475, 'subsample': 0.6456260180740943, 'alpha': 0.01778537004943979, 'lambda': 0.007757479693006753, 'gamma': 0.0024558873134608015, 'min_child_weight': 10.06802073076559}. Best is trial 82 with value: 0.15336232093075533.[0m
[32m[I 2023-01-30 14:02:31,437][0m Trial 83 finished with value: 0.16924592038279862 and parameters: {'max_depth': 6, 'learning_rate': 0.007826601032528411, 'colsample_bytree': 0.2875329996236799, 'subsample': 0.6470042253116203, 'alpha': 0.014820970877285266, 'lambda': 0.008023949659983706, 'gamma': 0.002718370960019665, 'min_child_weight': 14.064619669467236}. Best is trial 82 with value: 0.15336232093075533.[0m
[32m[I 2023-01-30 14:03:02,191][0m Trial 84 finished with value: 0.15321260347241072 and parameters: {'max_depth': 5, 'learning_rate': 0.007128817388930059, 'colsample_bytree': 0.2594353930311526, 'subsample': 0.6769415642999943, 'alpha': 0.018020469755437713, 'lambda': 0.023386053374431847, 'gamma': 0.0002643738988099097, 'min_child_weight': 10.439943608137744}. Best is trial 84 with value: 0.15321260347241072.[0m
[32m[I 2023-01-30 14:03:31,598][0m Trial 85 finished with value: 0.15965465553754293 and parameters: {'max_depth': 4, 'learning_rate': 0.0072385246585704565, 'colsample_bytree': 0.2574229142406498, 'subsample': 0.6755828502658698, 'alpha': 0.019345595282724122, 'lambda': 0.0026596755855268564, 'gamma': 4.734468202064783e-05, 'min_child_weight': 12.653452241729036}. Best is trial 84 with value: 0.15321260347241072.[0m
[32m[I 2023-01-30 14:03:52,764][0m Trial 86 finished with value: 0.16520448260066117 and parameters: {'max_depth': 5, 'learning_rate': 0.008673003961470279, 'colsample_bytree': 0.22091473070431772, 'subsample': 0.7178122299517313, 'alpha': 0.012709365262450959, 'lambda': 0.004634333890398342, 'gamma': 0.00023801174938249458, 'min_child_weight': 14.74553481087561}. Best is trial 84 with value: 0.15321260347241072.[0m
[32m[I 2023-01-30 14:03:53,515][0m Trial 87 finished with value: 29.274961132263776 and parameters: {'max_depth': 5, 'learning_rate': 0.008123200783079022, 'colsample_bytree': 0.2386651085809241, 'subsample': 0.6922467488493802, 'alpha': 0.010201318234859195, 'lambda': 0.016601733658157466, 'gamma': 0.00010773847073574118, 'min_child_weight': 236.94699176564873}. Best is trial 84 with value: 0.15321260347241072.[0m
[32m[I 2023-01-30 14:04:28,347][0m Trial 88 finished with value: 0.15429038259931688 and parameters: {'max_depth': 4, 'learning_rate': 0.010619619847612678, 'colsample_bytree': 0.24866127186396927, 'subsample': 0.6794591023633303, 'alpha': 0.017167256630205366, 'lambda': 0.00896951611286374, 'gamma': 0.0011653649144836595, 'min_child_weight': 10.19778266831587}. Best is trial 84 with value: 0.15321260347241072.[0m
[32m[I 2023-01-30 14:05:38,014][0m Trial 89 finished with value: 0.1564381871454669 and parameters: {'max_depth': 4, 'learning_rate': 0.007451167840820077, 'colsample_bytree': 0.2721717234091773, 'subsample': 0.7003824572701671, 'alpha': 0.01777871466091354, 'lambda': 0.009506661482273839, 'gamma': 0.0010183370114619586, 'min_child_weight': 10.014469561400846}. Best is trial 84 with value: 0.15321260347241072.[0m
[32m[I 2023-01-30 14:06:41,951][0m Trial 90 finished with value: 0.15085750395082215 and parameters: {'max_depth': 4, 'learning_rate': 0.010780495157287443, 'colsample_bytree': 0.2702148375639679, 'subsample': 0.7311743258225576, 'alpha': 0.0177584552947153, 'lambda': 0.05779128668204217, 'gamma': 0.00031206587908988887, 'min_child_weight': 10.259955036686696}. Best is trial 90 with value: 0.15085750395082215.[0m
[32m[I 2023-01-30 14:07:35,905][0m Trial 91 finished with value: 0.15243026982867086 and parameters: {'max_depth': 4, 'learning_rate': 0.010534734759265604, 'colsample_bytree': 0.26866923410301863, 'subsample': 0.729169294479842, 'alpha': 0.018039577196388764, 'lambda': 0.10489137507578371, 'gamma': 0.00035034295518898137, 'min_child_weight': 10.258868543247758}. Best is trial 90 with value: 0.15085750395082215.[0m
[32m[I 2023-01-30 14:12:35,606][0m Trial 92 finished with value: 0.15342847821937688 and parameters: {'max_depth': 4, 'learning_rate': 0.01048901434126774, 'colsample_bytree': 0.2720069122219397, 'subsample': 0.7357994539622893, 'alpha': 0.01762406045998052, 'lambda': 0.13504098662117367, 'gamma': 0.0003215623084670668, 'min_child_weight': 10.966750419626226}. Best is trial 90 with value: 0.15085750395082215.[0m
[32m[I 2023-01-30 14:13:24,704][0m Trial 93 finished with value: 0.15572717252456406 and parameters: {'max_depth': 4, 'learning_rate': 0.010602026597819704, 'colsample_bytree': 0.2479742666447632, 'subsample': 0.735082342366209, 'alpha': 0.018870111421010926, 'lambda': 0.45608631300629837, 'gamma': 0.0003401375119693347, 'min_child_weight': 11.021486094786693}. Best is trial 90 with value: 0.15085750395082215.[0m
[32m[I 2023-01-30 14:15:35,164][0m Trial 94 finished with value: 0.15523289648943142 and parameters: {'max_depth': 4, 'learning_rate': 0.014140563357543025, 'colsample_bytree': 0.24975570993719423, 'subsample': 0.7420481336321249, 'alpha': 0.017930304030111848, 'lambda': 2.332228416873265, 'gamma': 3.670773819717639e-05, 'min_child_weight': 10.0406211345313}. Best is trial 90 with value: 0.15085750395082215.[0m
[32m[I 2023-01-30 14:18:11,941][0m Trial 95 finished with value: 0.15991804951899735 and parameters: {'max_depth': 4, 'learning_rate': 0.010157886791373066, 'colsample_bytree': 0.21556858537190854, 'subsample': 0.7758572768770117, 'alpha': 0.019351737713393487, 'lambda': 0.514947221685765, 'gamma': 3.211396521018799e-05, 'min_child_weight': 13.5167236758451}. Best is trial 90 with value: 0.15085750395082215.[0m
[32m[I 2023-01-30 14:20:55,289][0m Trial 96 finished with value: 0.17139472935058878 and parameters: {'max_depth': 4, 'learning_rate': 0.011319131144709877, 'colsample_bytree': 0.24634944108774617, 'subsample': 0.736493315641268, 'alpha': 0.027809697090425852, 'lambda': 3.1508900433005884, 'gamma': 0.0002726216254063028, 'min_child_weight': 17.15736665255298}. Best is trial 90 with value: 0.15085750395082215.[0m
[32m[I 2023-01-30 14:29:50,816][0m Trial 97 finished with value: 0.15492388277060312 and parameters: {'max_depth': 4, 'learning_rate': 0.011024540972531362, 'colsample_bytree': 0.23239202150224617, 'subsample': 0.7508052945763084, 'alpha': 0.017416751706686127, 'lambda': 3.0142707330954828, 'gamma': 0.00010660786367509347, 'min_child_weight': 11.009967719919041}. Best is trial 90 with value: 0.15085750395082215.[0m
[32m[I 2023-01-30 14:30:06,829][0m Trial 98 finished with value: 0.24582088476598146 and parameters: {'max_depth': 4, 'learning_rate': 0.010778850977940596, 'colsample_bytree': 0.23068652548313578, 'subsample': 0.775796062738887, 'alpha': 0.02424614016122575, 'lambda': 3.8191578546049922, 'gamma': 0.00010089830695093118, 'min_child_weight': 67.41018425494516}. Best is trial 90 with value: 0.15085750395082215.[0m
[32m[I 2023-01-30 14:31:12,681][0m Trial 99 finished with value: 0.15694767611295418 and parameters: {'max_depth': 4, 'learning_rate': 0.014389940979352856, 'colsample_bytree': 0.20533177074676728, 'subsample': 0.7512353399745779, 'alpha': 0.015849091729674726, 'lambda': 0.8213256528754812, 'gamma': 2.081445645375055e-05, 'min_child_weight': 10.99776848857038}. Best is trial 90 with value: 0.15085750395082215.[0m
2023-01-30 14:31:12.683 | ERROR    | __main__:<module>:78 - need to call fit or load_model beforehand
Traceback (most recent call last):

> File "/Users/kevinmaikjablonka/git/kjappelbaum/gptchem/experiments/04_regression/henry/run_experiments.py", line 76, in <module>
    run_experiment(train_size, target, i + 22332642)
    │              │           │       └ 1
    │              │           └ ('logKH_CH4', 'CH4 Henry coefficient')
    │              └ 200
    └ <function run_experiment at 0x1033cb0d0>

  File "/Users/kevinmaikjablonka/git/kjappelbaum/gptchem/experiments/04_regression/henry/run_experiments.py", line 43, in run_experiment
    baseline_res = train_test_henry_regression_baseline(
                   └ <function train_test_henry_regression_baseline at 0x2ac8791f0>

  File "/Users/kevinmaikjablonka/git/kjappelbaum/gptchem/src/gptchem/baselines/henry.py", line 406, in train_test_henry_regression_baseline
    predictions = baseline.predict(X_test.values)
                  │        │       │      └ <property object at 0x29df00450>
                  │        │       └            Di       Df  ...  sum-D_mc_CRY-S-2-all  sum-D_mc_CRY-S-3-all
                  │        │         4747  5.88152  5.35243  ...                 23.52    ...
                  │        └ <function XGBRegressionBaseline.predict at 0x2ad662790>
                  └ <gptchem.models.xgboost.XGBRegressionBaseline object at 0x2afb99b20>

  File "/Users/kevinmaikjablonka/git/kjappelbaum/gptchem/src/gptchem/models/xgboost.py", line 208, in predict
    return self.model.predict(X_values)
           │    │     │       └ array([[  5.88152,   5.35243,   5.87056, ...,  25.44   ,  23.52   ,
           │    │     │                  74.4    ],
           │    │     │                [  4.36937,   2.99196,   4.369...
           │    │     └ <function XGBModel.predict at 0x2ad63e820>
           │    └ XGBRegressor(alpha=0.0177584552947153, base_score=None, booster=None,
           │                   callbacks=None, colsample_bylevel=None, co...
           └ <gptchem.models.xgboost.XGBRegressionBaseline object at 0x2afb99b20>

  File "/Users/kevinmaikjablonka/miniconda3/envs/gptchem/lib/python3.9/site-packages/xgboost/sklearn.py", line 1109, in predict
    self.get_booster(), ntree_limit, iteration_range
    │    │              │            └ None
    │    │              └ None
    │    └ <function XGBModel.get_booster at 0x2ad63af70>
    └ XGBRegressor(alpha=0.0177584552947153, base_score=None, booster=None,
                   callbacks=None, colsample_bylevel=None, co...
  File "/Users/kevinmaikjablonka/miniconda3/envs/gptchem/lib/python3.9/site-packages/xgboost/sklearn.py", line 649, in get_booster
    raise NotFittedError("need to call fit or load_model beforehand")
          └ <class 'sklearn.exceptions.NotFittedError'>

sklearn.exceptions.NotFittedError: need to call fit or load_model beforehand
[32m[I 2023-01-30 14:31:12,918][0m A new study created in memory with name: no-name-acf2be6c-1a49-466f-b432-9f4de19b0637[0m
