[32m[I 2023-01-29 20:36:40,647][0m Trial 90 finished with value: 0.2882537764368349 and parameters: {'max_depth': 9, 'learning_rate': 0.030317769211766772, 'colsample_bytree': 0.4540037571813329, 'subsample': 0.7577130672114223, 'alpha': 0.3359473189542597, 'lambda': 2.038144421031866, 'gamma': 0.10380845915969655, 'min_child_weight': 11.221893447414491}. Best is trial 72 with value: 0.284023807606723.[0m
[32m[I 2023-01-29 20:44:13,653][0m Trial 91 finished with value: 0.2866955114588982 and parameters: {'max_depth': 7, 'learning_rate': 0.03148012855650096, 'colsample_bytree': 0.5254541450600749, 'subsample': 0.7229477111950879, 'alpha': 0.2216792518947459, 'lambda': 0.030084676462168218, 'gamma': 0.04832841348270773, 'min_child_weight': 11.23276457403276}. Best is trial 72 with value: 0.284023807606723.[0m
[32m[I 2023-01-29 20:50:26,045][0m Trial 92 finished with value: 0.2845290733157553 and parameters: {'max_depth': 11, 'learning_rate': 0.0378867509333893, 'colsample_bytree': 0.4772409059251184, 'subsample': 0.7102112203769949, 'alpha': 0.0708462375809917, 'lambda': 0.2122800806227761, 'gamma': 0.002287358792941679, 'min_child_weight': 10.065072691541374}. Best is trial 72 with value: 0.284023807606723.[0m
[32m[I 2023-01-29 21:11:23,449][0m Trial 93 finished with value: 0.7791744686828224 and parameters: {'max_depth': 11, 'learning_rate': 0.03868717883040917, 'colsample_bytree': 0.4272339504320228, 'subsample': 0.7168537008055184, 'alpha': 0.07237088637936541, 'lambda': 0.24461318414826208, 'gamma': 0.002633317041262685, 'min_child_weight': 14.25602806144132}. Best is trial 72 with value: 0.284023807606723.[0m
[32m[I 2023-01-29 21:16:31,569][0m Trial 94 finished with value: 0.285878245319778 and parameters: {'max_depth': 8, 'learning_rate': 0.049689186642362465, 'colsample_bytree': 0.4755683229872456, 'subsample': 0.7464822397722125, 'alpha': 0.1473507028576867, 'lambda': 0.1444996919101352, 'gamma': 0.009397034835340014, 'min_child_weight': 10.299927560501217}. Best is trial 72 with value: 0.284023807606723.[0m
[32m[I 2023-01-29 21:18:06,883][0m Trial 95 finished with value: 30.51861743445005 and parameters: {'max_depth': 9, 'learning_rate': 0.04607941949133461, 'colsample_bytree': 0.4976284741267459, 'subsample': 0.7002632768141202, 'alpha': 0.017801056483539635, 'lambda': 1.37084297247263, 'gamma': 0.026548173038561423, 'min_child_weight': 16.883865425326086}. Best is trial 72 with value: 0.284023807606723.[0m
[32m[I 2023-01-29 21:24:09,654][0m Trial 96 finished with value: 0.28465850687843336 and parameters: {'max_depth': 10, 'learning_rate': 0.049744722300984416, 'colsample_bytree': 0.47178298827838616, 'subsample': 0.7269554042279481, 'alpha': 0.09529165208751725, 'lambda': 0.1519682616742302, 'gamma': 0.006990507183582446, 'min_child_weight': 10.243363911144835}. Best is trial 72 with value: 0.284023807606723.[0m
[32m[I 2023-01-29 21:30:10,033][0m Trial 97 finished with value: 0.2841573120286395 and parameters: {'max_depth': 10, 'learning_rate': 0.04937290777171807, 'colsample_bytree': 0.4779237626618621, 'subsample': 0.7110918103622238, 'alpha': 0.14045339850716537, 'lambda': 0.1423623288277843, 'gamma': 0.00856209882372818, 'min_child_weight': 10.062289202427628}. Best is trial 72 with value: 0.284023807606723.[0m
[32m[I 2023-01-29 21:31:46,076][0m Trial 98 finished with value: 30.51861743445005 and parameters: {'max_depth': 10, 'learning_rate': 0.043177887023197165, 'colsample_bytree': 0.47651288162415695, 'subsample': 0.6778839807465067, 'alpha': 0.08367891091447408, 'lambda': 0.31027556683994073, 'gamma': 0.0017877327644422684, 'min_child_weight': 19.435599752151546}. Best is trial 72 with value: 0.284023807606723.[0m
[32m[I 2023-01-29 21:38:00,705][0m Trial 99 finished with value: 0.2929889220467418 and parameters: {'max_depth': 11, 'learning_rate': 0.040189594153684595, 'colsample_bytree': 0.4182824762274988, 'subsample': 0.7269759567482469, 'alpha': 0.0966221077983786, 'lambda': 3.0282315609832247, 'gamma': 0.005500055829393591, 'min_child_weight': 13.8854976551765}. Best is trial 72 with value: 0.284023807606723.[0m
Uploaded file from /Users/kevinmaikjablonka/git/kjappelbaum/gptchem/experiments/04_regression/henry/out/20230129_182516/train.jsonl: file-4tlvVqF9HwnFc4BXSCiOj6sa
Upload progress:   0%|          | 0.00/5.32k [00:00<?, ?it/s]Upload progress: 100%|██████████| 5.32k/5.32k [00:00<00:00, 11.2Mit/s]
2023-01-29 21:42:09.384 | ERROR    | __main__:<module>:78 - This model's maximum context length is 2049 tokens, however you requested 3643 tokens (3633 in your prompt; 10 for the completion). Please reduce your prompt; or completion length.
Traceback (most recent call last):

> File "/Users/kevinmaikjablonka/git/kjappelbaum/gptchem/experiments/04_regression/henry/run_experiments.py", line 76, in <module>
    run_experiment(train_size, target, i + 22332642)
    │              │           │       └ 0
    │              │           └ ('logKH_CH4', 'CH4 Henry coefficient')
    │              └ 20
    └ <function run_experiment at 0x10549b0d0>

  File "/Users/kevinmaikjablonka/git/kjappelbaum/gptchem/experiments/04_regression/henry/run_experiments.py", line 54, in run_experiment
    completions = querier(test_formatted)
                  │       └                                                  prompt  ...                                     representation
                  │         4045  What is...
                  └ gptchem.querier.Querier(modelname='ada:ft-lsmoepfl-2023-01-29-20-41-58', max_tokens=10)

  File "/Users/kevinmaikjablonka/git/kjappelbaum/gptchem/src/gptchem/querier.py", line 123, in __call__
    return self.query(df, temperature, logprobs)
           │    │     │   │            └ None
           │    │     │   └ 0
           │    │     └                                                  prompt  ...                                     representation
           │    │       4045  What is...
           │    └ <function Querier.query at 0x29f72b0d0>
           └ gptchem.querier.Querier(modelname='ada:ft-lsmoepfl-2023-01-29-20-41-58', max_tokens=10)

  File "/Users/kevinmaikjablonka/git/kjappelbaum/gptchem/src/gptchem/querier.py", line 98, in query
    completions_ = openai.Completion.create(
                   │      │          └ <classmethod object at 0x29f020af0>
                   │      └ <class 'openai.api_resources.completion.Completion'>
                   └ <module 'openai' from '/Users/kevinmaikjablonka/miniconda3/envs/gptchem/lib/python3.9/site-packages/openai/__init__.py'>

  File "/Users/kevinmaikjablonka/miniconda3/envs/gptchem/lib/python3.9/site-packages/openai/api_resources/completion.py", line 25, in create
    return super().create(*args, **kwargs)
                           │       └ {'model': 'ada:ft-lsmoepfl-2023-01-29-20-41-58', 'prompt': ['What is the CH4 Henry coefficient of Cc1cc(cc(c1)C(=O)[O-])C(=O)...
                           └ ()
  File "/Users/kevinmaikjablonka/miniconda3/envs/gptchem/lib/python3.9/site-packages/openai/api_resources/abstract/engine_api_resource.py", line 153, in create
    response, _, api_key = requestor.request(
                           │         └ <function APIRequestor.request at 0x29f6e3f70>
                           └ <openai.api_requestor.APIRequestor object at 0x2a13a4a60>
  File "/Users/kevinmaikjablonka/miniconda3/envs/gptchem/lib/python3.9/site-packages/openai/api_requestor.py", line 226, in request
    resp, got_stream = self._interpret_response(result, stream)
                       │    │                   │       └ False
                       │    │                   └ <Response [400]>
                       │    └ <function APIRequestor._interpret_response at 0x29f6e8430>
                       └ <openai.api_requestor.APIRequestor object at 0x2a13a4a60>
  File "/Users/kevinmaikjablonka/miniconda3/envs/gptchem/lib/python3.9/site-packages/openai/api_requestor.py", line 599, in _interpret_response
    self._interpret_response_line(
    │    └ <function APIRequestor._interpret_response_line at 0x29f6e8550>
    └ <openai.api_requestor.APIRequestor object at 0x2a13a4a60>
  File "/Users/kevinmaikjablonka/miniconda3/envs/gptchem/lib/python3.9/site-packages/openai/api_requestor.py", line 655, in _interpret_response_line
    raise self.handle_error_response(
          │    └ <function APIRequestor.handle_error_response at 0x29f6e80d0>
          └ <openai.api_requestor.APIRequestor object at 0x2a13a4a60>

openai.error.InvalidRequestError: This model's maximum context length is 2049 tokens, however you requested 3643 tokens (3633 in your prompt; 10 for the completion). Please reduce your prompt; or completion length.
[32m[I 2023-01-29 21:42:09,571][0m A new study created in memory with name: no-name-eb246e9f-ab04-436b-88f2-fc1f10525c86[0m
[32m[I 2023-01-29 21:42:23,429][0m Trial 0 finished with value: 18.49041641985622 and parameters: {'max_depth': 11, 'learning_rate': 0.03943180702221767, 'colsample_bytree': 0.48338277698454657, 'subsample': 0.6667880916971854, 'alpha': 0.07695356446858977, 'lambda': 0.0011960555391446264, 'gamma': 0.011558526456888882, 'min_child_weight': 591.1193593817245}. Best is trial 0 with value: 18.49041641985622.[0m
[32m[I 2023-01-29 21:42:30,344][0m Trial 1 finished with value: 18.49041641985622 and parameters: {'max_depth': 10, 'learning_rate': 0.041134316655128254, 'colsample_bytree': 0.22968076844783064, 'subsample': 0.4464499696175606, 'alpha': 7.181717181976198, 'lambda': 1.562370075120558e-07, 'gamma': 1.592922235503172e-07, 'min_child_weight': 31.920798758958732}. Best is trial 0 with value: 18.49041641985622.[0m
[32m[I 2023-01-29 21:42:37,863][0m Trial 2 finished with value: 18.49041641985622 and parameters: {'max_depth': 11, 'learning_rate': 0.018174141335350915, 'colsample_bytree': 0.5604454522456577, 'subsample': 0.7574852124218824, 'alpha': 3.4380016701469245, 'lambda': 0.5568909988317814, 'gamma': 7.527426349222389e-08, 'min_child_weight': 46.33736847648717}. Best is trial 0 with value: 18.49041641985622.[0m
[32m[I 2023-01-29 21:42:48,629][0m Trial 3 finished with value: 18.49041641985622 and parameters: {'max_depth': 9, 'learning_rate': 0.028378909616250787, 'colsample_bytree': 0.5801596986666466, 'subsample': 0.4947504468141251, 'alpha': 0.019466965890188696, 'lambda': 0.05971200399326978, 'gamma': 3.2188208036024255e-08, 'min_child_weight': 58.5928635790038}. Best is trial 0 with value: 18.49041641985622.[0m
[32m[I 2023-01-29 21:42:55,336][0m Trial 4 finished with value: 18.49041641985622 and parameters: {'max_depth': 11, 'learning_rate': 0.04162946890026078, 'colsample_bytree': 0.4633009018331788, 'subsample': 0.5171503376217323, 'alpha': 0.051964460566470146, 'lambda': 0.011806796342275164, 'gamma': 0.0009844669237292266, 'min_child_weight': 597.174798468189}. Best is trial 0 with value: 18.49041641985622.[0m
[32m[I 2023-01-29 21:43:01,753][0m Trial 5 finished with value: 18.49041641985622 and parameters: {'max_depth': 9, 'learning_rate': 0.030486391820450123, 'colsample_bytree': 0.3726677137700833, 'subsample': 0.6175143133497486, 'alpha': 0.37372578650240545, 'lambda': 3.336971520305419e-08, 'gamma': 0.7754828402642463, 'min_child_weight': 17.103074711611693}. Best is trial 0 with value: 18.49041641985622.[0m
[32m[I 2023-01-29 21:43:08,097][0m Trial 6 finished with value: 18.49041641985622 and parameters: {'max_depth': 4, 'learning_rate': 0.010624215152102963, 'colsample_bytree': 0.30490924992026125, 'subsample': 0.7437145829936807, 'alpha': 0.01471669543122012, 'lambda': 4.950734654876109, 'gamma': 3.905013417707782e-07, 'min_child_weight': 792.9791014070719}. Best is trial 0 with value: 18.49041641985622.[0m
[32m[I 2023-01-29 21:45:32,272][0m Trial 7 finished with value: 1.0104345349550399 and parameters: {'max_depth': 5, 'learning_rate': 0.021844647946310584, 'colsample_bytree': 0.2978935637565084, 'subsample': 0.6945899034698879, 'alpha': 2.9236678454672598, 'lambda': 0.00197230249454408, 'gamma': 0.005725354703365607, 'min_child_weight': 12.641216570962865}. Best is trial 7 with value: 1.0104345349550399.[0m
[32m[I 2023-01-29 21:45:36,401][0m Trial 8 finished with value: 18.49041641985622 and parameters: {'max_depth': 8, 'learning_rate': 0.04884455994741487, 'colsample_bytree': 0.4298111297108724, 'subsample': 0.7307760130513172, 'alpha': 0.20412995229328462, 'lambda': 0.001631687775345892, 'gamma': 0.13940883284270142, 'min_child_weight': 70.72254449717482}. Best is trial 7 with value: 1.0104345349550399.[0m
[32m[I 2023-01-29 21:45:40,597][0m Trial 9 finished with value: 18.49041641985622 and parameters: {'max_depth': 12, 'learning_rate': 0.014255449161794368, 'colsample_bytree': 0.4034724433109933, 'subsample': 0.6012725606067151, 'alpha': 0.02679408741335582, 'lambda': 0.00011088384699910948, 'gamma': 3.14909160330647e-06, 'min_child_weight': 360.1956870154361}. Best is trial 7 with value: 1.0104345349550399.[0m
[32m[I 2023-01-29 21:46:51,502][0m Trial 10 finished with value: 0.9759358740014304 and parameters: {'max_depth': 5, 'learning_rate': 0.006567809537515869, 'colsample_bytree': 0.21621561786557644, 'subsample': 0.7970940592228932, 'alpha': 1.3377133540080883, 'lambda': 1.0144403074360882e-05, 'gamma': 1.5627923896721316e-05, 'min_child_weight': 10.640987174643799}. Best is trial 10 with value: 0.9759358740014304.[0m
[32m[I 2023-01-29 21:56:44,982][0m Trial 11 finished with value: 1.0351581403024457 and parameters: {'max_depth': 5, 'learning_rate': 0.005543865511666535, 'colsample_bytree': 0.20765676745546233, 'subsample': 0.6834696849362206, 'alpha': 1.4466901926024043, 'lambda': 6.041790057262062e-06, 'gamma': 4.151987376386764e-05, 'min_child_weight': 13.873126188153087}. Best is trial 10 with value: 0.9759358740014304.[0m
[32m[I 2023-01-29 21:59:23,464][0m Trial 12 finished with value: 0.9775396377074431 and parameters: {'max_depth': 6, 'learning_rate': 0.005866792705150466, 'colsample_bytree': 0.2910589056855634, 'subsample': 0.793600856214006, 'alpha': 1.229291320063178, 'lambda': 1.1607426795989462e-05, 'gamma': 0.00013753625403400063, 'min_child_weight': 10.78902132681466}. Best is trial 10 with value: 0.9759358740014304.[0m
[32m[I 2023-01-29 21:59:29,559][0m Trial 13 finished with value: 18.49041641985622 and parameters: {'max_depth': 7, 'learning_rate': 0.005422737367983435, 'colsample_bytree': 0.2917798509828567, 'subsample': 0.7978228010594824, 'alpha': 0.6779098352750199, 'lambda': 5.508214574555719e-06, 'gamma': 3.8268457229600976e-05, 'min_child_weight': 173.1555108719887}. Best is trial 10 with value: 0.9759358740014304.[0m
[32m[I 2023-01-29 21:59:34,946][0m Trial 14 finished with value: 18.49041641985622 and parameters: {'max_depth': 6, 'learning_rate': 0.00810852828920434, 'colsample_bytree': 0.2533676735480054, 'subsample': 0.7916145209323586, 'alpha': 1.148197893820709, 'lambda': 1.3086313637286283e-05, 'gamma': 6.485156403203602e-05, 'min_child_weight': 25.97491109022437}. Best is trial 10 with value: 0.9759358740014304.[0m
[32m[I 2023-01-29 21:59:40,043][0m Trial 15 finished with value: 18.49041641985622 and parameters: {'max_depth': 6, 'learning_rate': 0.007455611469014283, 'colsample_bytree': 0.3540365674811706, 'subsample': 0.5486652629805829, 'alpha': 0.2782118277902271, 'lambda': 5.922197028605609e-07, 'gamma': 2.700834223045526e-06, 'min_child_weight': 177.37924521155963}. Best is trial 10 with value: 0.9759358740014304.[0m
[32m[I 2023-01-29 21:59:49,076][0m Trial 16 finished with value: 18.49041641985622 and parameters: {'max_depth': 4, 'learning_rate': 0.008129558517074439, 'colsample_bytree': 0.25804328607058596, 'subsample': 0.4044934556583538, 'alpha': 9.35511413122349, 'lambda': 5.3968385325747976e-05, 'gamma': 0.0002581467289011651, 'min_child_weight': 22.28790554543557}. Best is trial 10 with value: 0.9759358740014304.[0m
[32m[I 2023-01-29 22:01:52,946][0m Trial 17 finished with value: 0.9870156763147456 and parameters: {'max_depth': 7, 'learning_rate': 0.010613176832023383, 'colsample_bytree': 0.32971506955233526, 'subsample': 0.6369468342386365, 'alpha': 2.6349971966520904, 'lambda': 8.075318525680044e-07, 'gamma': 4.311350068377529e-06, 'min_child_weight': 10.962200626124082}. Best is trial 10 with value: 0.9759358740014304.[0m
[32m[I 2023-01-29 22:02:00,151][0m Trial 18 finished with value: 18.49041641985622 and parameters: {'max_depth': 6, 'learning_rate': 0.00609665355480582, 'colsample_bytree': 0.2706359850266361, 'subsample': 0.735024722114105, 'alpha': 0.6640731115806414, 'lambda': 1.5611060631108224e-08, 'gamma': 4.6441204017974815, 'min_child_weight': 121.93691450689178}. Best is trial 10 with value: 0.9759358740014304.[0m
[32m[I 2023-01-29 22:02:07,565][0m Trial 19 finished with value: 18.49041641985622 and parameters: {'max_depth': 5, 'learning_rate': 0.011924259172799117, 'colsample_bytree': 0.2010018672710816, 'subsample': 0.5549141775553947, 'alpha': 0.16001169325529843, 'lambda': 5.003708019138962e-05, 'gamma': 0.0013880734266108062, 'min_child_weight': 41.23949608090895}. Best is trial 10 with value: 0.9759358740014304.[0m
[32m[I 2023-01-29 22:04:01,070][0m Trial 20 finished with value: 0.972466188318767 and parameters: {'max_depth': 7, 'learning_rate': 0.0077850600546384196, 'colsample_bytree': 0.3344033826157345, 'subsample': 0.7787164290127743, 'alpha': 1.5275184350938587, 'lambda': 1.211085262343386e-06, 'gamma': 0.00938475830895533, 'min_child_weight': 10.387701473876321}. Best is trial 20 with value: 0.972466188318767.[0m
[32m[I 2023-01-29 22:05:39,216][0m Trial 21 finished with value: 0.9735366059624058 and parameters: {'max_depth': 7, 'learning_rate': 0.007105089611980685, 'colsample_bytree': 0.3427209444904343, 'subsample': 0.799554507508218, 'alpha': 1.2007671781415923, 'lambda': 1.2694915551190414e-06, 'gamma': 0.025186372273789746, 'min_child_weight': 10.607879666859288}. Best is trial 20 with value: 0.972466188318767.[0m
[32m[I 2023-01-29 22:05:44,172][0m Trial 22 finished with value: 18.49041641985622 and parameters: {'max_depth': 8, 'learning_rate': 0.007184837729365644, 'colsample_bytree': 0.3454887585499884, 'subsample': 0.715303946209606, 'alpha': 0.5398924466638375, 'lambda': 8.849496265834538e-07, 'gamma': 0.05143218868693453, 'min_child_weight': 20.50936844302949}. Best is trial 20 with value: 0.972466188318767.[0m
[32m[I 2023-01-29 22:05:50,767][0m Trial 23 finished with value: 18.49041641985622 and parameters: {'max_depth': 7, 'learning_rate': 0.009343502050142324, 'colsample_bytree': 0.3921122215323411, 'subsample': 0.7653013803115853, 'alpha': 4.7746238586433, 'lambda': 1.1371755701992488e-07, 'gamma': 0.09035751502869786, 'min_child_weight': 16.057156809884894}. Best is trial 20 with value: 0.972466188318767.[0m
[32m[I 2023-01-29 22:07:02,170][0m Trial 24 finished with value: 0.9761382369183483 and parameters: {'max_depth': 8, 'learning_rate': 0.006712954417461807, 'colsample_bytree': 0.5206609999605205, 'subsample': 0.7690292016592315, 'alpha': 1.5966424313038188, 'lambda': 1.6856961782115233e-06, 'gamma': 0.00967537663015661, 'min_child_weight': 10.320927169569961}. Best is trial 20 with value: 0.972466188318767.[0m
[32m[I 2023-01-29 22:07:06,859][0m Trial 25 finished with value: 18.49041641985622 and parameters: {'max_depth': 7, 'learning_rate': 0.0050797409664415745, 'colsample_bytree': 0.3238997259203088, 'subsample': 0.7063622685972627, 'alpha': 1.9877867838340897, 'lambda': 1.402801239570662e-07, 'gamma': 0.718457754185942, 'min_child_weight': 28.690180269140836}. Best is trial 20 with value: 0.972466188318767.[0m
[32m[I 2023-01-29 22:07:12,087][0m Trial 26 finished with value: 18.49041641985622 and parameters: {'max_depth': 5, 'learning_rate': 0.01335786053491023, 'colsample_bytree': 0.41533303492637896, 'subsample': 0.6635674268030441, 'alpha': 4.619159009127918, 'lambda': 0.0002831658250105926, 'gamma': 0.0012598652270616366, 'min_child_weight': 18.53417454543069}. Best is trial 20 with value: 0.972466188318767.[0m
[32m[I 2023-01-29 22:07:18,065][0m Trial 27 finished with value: 18.49041641985622 and parameters: {'max_depth': 9, 'learning_rate': 0.009297046177080213, 'colsample_bytree': 0.4528940899993335, 'subsample': 0.7745408068298019, 'alpha': 0.8019079670961878, 'lambda': 2.5774703261740242e-06, 'gamma': 0.01583095896822679, 'min_child_weight': 79.48179237506167}. Best is trial 20 with value: 0.972466188318767.[0m
[32m[I 2023-01-29 22:07:23,236][0m Trial 28 finished with value: 18.49041641985622 and parameters: {'max_depth': 8, 'learning_rate': 0.016727247433408834, 'colsample_bytree': 0.23766564766726955, 'subsample': 0.7375550904295902, 'alpha': 0.42599430255779863, 'lambda': 2.8886303672021896e-05, 'gamma': 0.4084231642723784, 'min_child_weight': 35.56619179465345}. Best is trial 20 with value: 0.972466188318767.[0m
[32m[I 2023-01-29 22:07:28,220][0m Trial 29 finished with value: 18.49041641985622 and parameters: {'max_depth': 4, 'learning_rate': 0.009130172263774322, 'colsample_bytree': 0.3744315525153706, 'subsample': 0.6586002174546706, 'alpha': 0.8749299496048358, 'lambda': 0.00029799068266411175, 'gamma': 1.3912381030133506e-05, 'min_child_weight': 321.5925259189849}. Best is trial 20 with value: 0.972466188318767.[0m
[32m[I 2023-01-29 22:07:33,634][0m Trial 30 finished with value: 18.2631568206925 and parameters: {'max_depth': 6, 'learning_rate': 0.006551971556767107, 'colsample_bytree': 0.48815755315493836, 'subsample': 0.7963307485649582, 'alpha': 0.08600804596969248, 'lambda': 2.716337075735055e-07, 'gamma': 7.096078904262225, 'min_child_weight': 15.089305583188885}. Best is trial 20 with value: 0.972466188318767.[0m
