[32m[I 2023-01-30 10:21:55,845][0m Trial 15 finished with value: 28.45997790101497 and parameters: {'max_depth': 10, 'learning_rate': 0.011271800805004284, 'colsample_bytree': 0.20123640386512495, 'subsample': 0.49825620767284706, 'alpha': 0.29950764690355297, 'lambda': 0.4805290548518761, 'gamma': 3.6929292409393804, 'min_child_weight': 31.815991218242004}. Best is trial 10 with value: 0.19279841932373376.[0m
[32m[I 2023-01-30 10:22:00,765][0m Trial 16 finished with value: 28.45997790101497 and parameters: {'max_depth': 7, 'learning_rate': 0.0326217227638238, 'colsample_bytree': 0.29507222453496124, 'subsample': 0.5694183170109816, 'alpha': 1.0424146994971248, 'lambda': 0.0015560920436770752, 'gamma': 1.369018541905103e-07, 'min_child_weight': 40.93630048848842}. Best is trial 10 with value: 0.19279841932373376.[0m
[32m[I 2023-01-30 10:25:27,159][0m Trial 17 finished with value: 0.32186303691315815 and parameters: {'max_depth': 10, 'learning_rate': 0.014440883618056576, 'colsample_bytree': 0.37397157349312854, 'subsample': 0.4834996355109532, 'alpha': 9.307799649558884, 'lambda': 0.5311541964393339, 'gamma': 6.7910266831148706e-06, 'min_child_weight': 18.473792041406114}. Best is trial 10 with value: 0.19279841932373376.[0m
[32m[I 2023-01-30 10:26:35,508][0m Trial 18 finished with value: 0.22225801281430163 and parameters: {'max_depth': 8, 'learning_rate': 0.029079224155694586, 'colsample_bytree': 0.3049260872203813, 'subsample': 0.5600428001616802, 'alpha': 0.18269674634944189, 'lambda': 7.904587168600862, 'gamma': 6.534109547099479e-08, 'min_child_weight': 25.366654621177712}. Best is trial 10 with value: 0.19279841932373376.[0m
[32m[I 2023-01-30 10:26:39,648][0m Trial 19 finished with value: 28.45997790101497 and parameters: {'max_depth': 4, 'learning_rate': 0.0492534334989642, 'colsample_bytree': 0.44493336669382566, 'subsample': 0.6330489937366258, 'alpha': 4.880436734907548, 'lambda': 0.00013959022342253122, 'gamma': 1.7210211484980376e-06, 'min_child_weight': 57.734383667517}. Best is trial 10 with value: 0.19279841932373376.[0m
[32m[I 2023-01-30 10:26:44,148][0m Trial 20 finished with value: 28.45997790101497 and parameters: {'max_depth': 9, 'learning_rate': 0.040045226508988375, 'colsample_bytree': 0.5187502962527242, 'subsample': 0.6812600945711295, 'alpha': 0.6679658402055295, 'lambda': 0.12644974971016598, 'gamma': 3.8407518605327186e-08, 'min_child_weight': 140.28900292859026}. Best is trial 10 with value: 0.19279841932373376.[0m
[32m[I 2023-01-30 10:27:25,873][0m Trial 21 finished with value: 0.20526143347246673 and parameters: {'max_depth': 8, 'learning_rate': 0.02933559610413172, 'colsample_bytree': 0.431651015619991, 'subsample': 0.4869030465552767, 'alpha': 2.043311122970979, 'lambda': 0.8646789490451868, 'gamma': 5.168837325199125e-07, 'min_child_weight': 10.253897904057942}. Best is trial 10 with value: 0.19279841932373376.[0m
[32m[I 2023-01-30 10:27:41,619][0m Trial 22 finished with value: 0.21960402244788052 and parameters: {'max_depth': 7, 'learning_rate': 0.038751413572470535, 'colsample_bytree': 0.34860522286133694, 'subsample': 0.48591106891369873, 'alpha': 1.5454261777289302, 'lambda': 1.3802058274977587, 'gamma': 8.261584291299264e-07, 'min_child_weight': 13.666393337113218}. Best is trial 10 with value: 0.19279841932373376.[0m
[32m[I 2023-01-30 10:28:26,721][0m Trial 23 finished with value: 0.2224913298061765 and parameters: {'max_depth': 7, 'learning_rate': 0.027430223830264645, 'colsample_bytree': 0.5256155462418994, 'subsample': 0.40470526548469066, 'alpha': 2.085021701417217, 'lambda': 0.010170823111393154, 'gamma': 3.876092547344759e-08, 'min_child_weight': 14.65557142239511}. Best is trial 10 with value: 0.19279841932373376.[0m
[32m[I 2023-01-30 10:28:37,319][0m Trial 24 finished with value: 21.512124138063214 and parameters: {'max_depth': 9, 'learning_rate': 0.049755500012589195, 'colsample_bytree': 0.2625142891473634, 'subsample': 0.4699625289771668, 'alpha': 3.8113021271868206, 'lambda': 1.5105776760498957, 'gamma': 2.2605500014449e-05, 'min_child_weight': 25.212803890173458}. Best is trial 10 with value: 0.19279841932373376.[0m
[32m[I 2023-01-30 10:29:37,389][0m Trial 25 finished with value: 0.19383818698687943 and parameters: {'max_depth': 8, 'learning_rate': 0.017609845147142585, 'colsample_bytree': 0.4034698130023132, 'subsample': 0.551201109266046, 'alpha': 1.1403188781637215, 'lambda': 0.1601477065850418, 'gamma': 1.7905097810302143e-08, 'min_child_weight': 10.28929074767445}. Best is trial 10 with value: 0.19279841932373376.[0m
[32m[I 2023-01-30 10:33:20,728][0m Trial 26 finished with value: 0.22130556045364017 and parameters: {'max_depth': 11, 'learning_rate': 0.008430419891874803, 'colsample_bytree': 0.39928712979784015, 'subsample': 0.5454331165166241, 'alpha': 0.5098394162292611, 'lambda': 0.1098411318308078, 'gamma': 1.7986796421170118e-08, 'min_child_weight': 24.460134749541485}. Best is trial 10 with value: 0.19279841932373376.[0m
[32m[I 2023-01-30 10:34:14,051][0m Trial 27 finished with value: 0.21528472355945816 and parameters: {'max_depth': 10, 'learning_rate': 0.017596192821376064, 'colsample_bytree': 0.33439742884267215, 'subsample': 0.5926724335668676, 'alpha': 1.1422983673319556, 'lambda': 0.0025447960472670065, 'gamma': 9.41196279874157e-08, 'min_child_weight': 14.707258324524663}. Best is trial 10 with value: 0.19279841932373376.[0m
[32m[I 2023-01-30 10:34:47,675][0m Trial 28 finished with value: 0.21475026009793444 and parameters: {'max_depth': 7, 'learning_rate': 0.01378635673556732, 'colsample_bytree': 0.2744550802402146, 'subsample': 0.6033261047421306, 'alpha': 0.13759159497005452, 'lambda': 3.0647094726077135, 'gamma': 4.923472514363224e-06, 'min_child_weight': 14.169823845774433}. Best is trial 10 with value: 0.19279841932373376.[0m
[32m[I 2023-01-30 10:34:53,898][0m Trial 29 finished with value: 28.45997790101497 and parameters: {'max_depth': 5, 'learning_rate': 0.005446743232539219, 'colsample_bytree': 0.3212022898356064, 'subsample': 0.546287183791905, 'alpha': 5.656689206573397, 'lambda': 0.22701994827814392, 'gamma': 0.0001237623051362931, 'min_child_weight': 44.50207714781911}. Best is trial 10 with value: 0.19279841932373376.[0m
[32m[I 2023-01-30 10:36:26,387][0m Trial 30 finished with value: 0.22092274995057282 and parameters: {'max_depth': 11, 'learning_rate': 0.018521009957495973, 'colsample_bytree': 0.3638237863942025, 'subsample': 0.5160655782822418, 'alpha': 0.3678272252832532, 'lambda': 6.923220357565348e-05, 'gamma': 1.248535775615973e-07, 'min_child_weight': 21.0073744456277}. Best is trial 10 with value: 0.19279841932373376.[0m
[32m[I 2023-01-30 10:37:08,485][0m Trial 31 finished with value: 0.20467722616639988 and parameters: {'max_depth': 8, 'learning_rate': 0.03602809538511879, 'colsample_bytree': 0.43473952868815163, 'subsample': 0.4634502306156581, 'alpha': 1.1532144866679497, 'lambda': 9.972871664567654, 'gamma': 7.507594510346604e-07, 'min_child_weight': 10.282268138667238}. Best is trial 10 with value: 0.19279841932373376.[0m
[32m[I 2023-01-30 10:37:59,299][0m Trial 32 finished with value: 0.22092468622084538 and parameters: {'max_depth': 8, 'learning_rate': 0.03676197016421889, 'colsample_bytree': 0.4715109771587871, 'subsample': 0.4578917988601513, 'alpha': 0.9917027516633603, 'lambda': 8.680299070832332, 'gamma': 3.437983771224301e-08, 'min_child_weight': 12.975560785909476}. Best is trial 10 with value: 0.19279841932373376.[0m
[32m[I 2023-01-30 10:38:28,036][0m Trial 33 finished with value: 0.1874404116653012 and parameters: {'max_depth': 9, 'learning_rate': 0.043395286681246814, 'colsample_bytree': 0.39357185366719, 'subsample': 0.5038437869912997, 'alpha': 0.6785359111718899, 'lambda': 2.4855733492316414, 'gamma': 4.2931233325698717e-07, 'min_child_weight': 10.262448144313574}. Best is trial 33 with value: 0.1874404116653012.[0m
[32m[I 2023-01-30 10:38:48,711][0m Trial 34 finished with value: 0.22034395173521926 and parameters: {'max_depth': 9, 'learning_rate': 0.04394751445004393, 'colsample_bytree': 0.3970928561128091, 'subsample': 0.5436781443007727, 'alpha': 0.6948031010392365, 'lambda': 2.2473353211454716, 'gamma': 2.454448082971284e-07, 'min_child_weight': 17.679105867419608}. Best is trial 33 with value: 0.1874404116653012.[0m
[32m[I 2023-01-30 10:39:00,598][0m Trial 35 finished with value: 28.45997790101497 and parameters: {'max_depth': 9, 'learning_rate': 0.04254145794633992, 'colsample_bytree': 0.24030499828858753, 'subsample': 0.5049393459394106, 'alpha': 0.7331839380771712, 'lambda': 0.022209876470826728, 'gamma': 1.0820597473058563e-08, 'min_child_weight': 502.35620877563537}. Best is trial 33 with value: 0.1874404116653012.[0m
[32m[I 2023-01-30 10:39:42,728][0m Trial 36 finished with value: 28.45997790101497 and parameters: {'max_depth': 9, 'learning_rate': 0.011162218394456481, 'colsample_bytree': 0.3335549387812802, 'subsample': 0.4312447917604601, 'alpha': 0.30254806624838354, 'lambda': 0.26680250696405367, 'gamma': 1.570894202726277e-07, 'min_child_weight': 31.65712626453903}. Best is trial 33 with value: 0.1874404116653012.[0m
[32m[I 2023-01-30 10:40:27,555][0m Trial 37 finished with value: 0.22075511175617782 and parameters: {'max_depth': 10, 'learning_rate': 0.025778576399460056, 'colsample_bytree': 0.3058571973504527, 'subsample': 0.635460942435642, 'alpha': 1.4753710411864918, 'lambda': 2.621057935383622, 'gamma': 3.910459962622476e-08, 'min_child_weight': 17.317003660688627}. Best is trial 33 with value: 0.1874404116653012.[0m
[32m[I 2023-01-30 10:40:55,743][0m Trial 38 finished with value: 0.20486195321251582 and parameters: {'max_depth': 6, 'learning_rate': 0.021180179643988165, 'colsample_bytree': 0.2789493762854624, 'subsample': 0.5766619063649328, 'alpha': 0.4971398365641543, 'lambda': 0.0038202496220784026, 'gamma': 1.4367185805468572e-06, 'min_child_weight': 12.330698757176021}. Best is trial 33 with value: 0.1874404116653012.[0m
[32m[I 2023-01-30 10:42:01,390][0m Trial 39 finished with value: 0.22077714511562982 and parameters: {'max_depth': 8, 'learning_rate': 0.008448926509704172, 'colsample_bytree': 0.3800197082867056, 'subsample': 0.7368462017159787, 'alpha': 0.11634478516801082, 'lambda': 7.864946403330104e-07, 'gamma': 0.027317946898371876, 'min_child_weight': 21.23873296807842}. Best is trial 33 with value: 0.1874404116653012.[0m
[32m[I 2023-01-30 10:42:03,989][0m Trial 40 finished with value: 28.45997790101497 and parameters: {'max_depth': 11, 'learning_rate': 0.019567301441668447, 'colsample_bytree': 0.45721144147870707, 'subsample': 0.6203319987427914, 'alpha': 0.02254085317144654, 'lambda': 0.0006350733122275717, 'gamma': 0.0010204140040016463, 'min_child_weight': 169.12743281054597}. Best is trial 33 with value: 0.1874404116653012.[0m
[32m[I 2023-01-30 10:42:31,631][0m Trial 41 finished with value: 0.20539942339981193 and parameters: {'max_depth': 8, 'learning_rate': 0.034441558811693605, 'colsample_bytree': 0.41778568493956747, 'subsample': 0.4582755944254029, 'alpha': 1.1370413586922399, 'lambda': 9.634676975577415, 'gamma': 4.373084396253945e-07, 'min_child_weight': 10.12039089530647}. Best is trial 33 with value: 0.1874404116653012.[0m
[32m[I 2023-01-30 10:42:44,502][0m Trial 42 finished with value: 0.22012686522756053 and parameters: {'max_depth': 9, 'learning_rate': 0.04479792553544327, 'colsample_bytree': 0.5066551212714941, 'subsample': 0.47242667656794574, 'alpha': 2.446809690509528, 'lambda': 2.4608635336592273, 'gamma': 2.6369170014700913e-08, 'min_child_weight': 13.113057587920293}. Best is trial 33 with value: 0.1874404116653012.[0m
[32m[I 2023-01-30 10:42:58,820][0m Trial 43 finished with value: 0.2062028094113754 and parameters: {'max_depth': 7, 'learning_rate': 0.03719023548613111, 'colsample_bytree': 0.5469792031091729, 'subsample': 0.7997834948187909, 'alpha': 0.7799302768633737, 'lambda': 0.09114448956684709, 'gamma': 3.4900558971713296e-06, 'min_child_weight': 16.777208138072513}. Best is trial 33 with value: 0.1874404116653012.[0m
[32m[I 2023-01-30 10:43:30,410][0m Trial 44 finished with value: 0.19825986800653497 and parameters: {'max_depth': 9, 'learning_rate': 0.04380167891758218, 'colsample_bytree': 0.488362158502898, 'subsample': 0.5333099742997668, 'alpha': 1.3220357209029703, 'lambda': 1.0819613751761867, 'gamma': 8.40171015246969e-07, 'min_child_weight': 11.153642114077607}. Best is trial 33 with value: 0.1874404116653012.[0m
[32m[I 2023-01-30 10:44:07,392][0m Trial 45 finished with value: 0.20493489334371376 and parameters: {'max_depth': 10, 'learning_rate': 0.042436294273088815, 'colsample_bytree': 0.4908451642918623, 'subsample': 0.5335987341141751, 'alpha': 1.6833076697193932, 'lambda': 0.28455688040949345, 'gamma': 7.561189888759212e-08, 'min_child_weight': 12.143640987142035}. Best is trial 33 with value: 0.1874404116653012.[0m
[32m[I 2023-01-30 10:44:26,132][0m Trial 46 finished with value: 0.22026352466871452 and parameters: {'max_depth': 9, 'learning_rate': 0.03169074181064832, 'colsample_bytree': 0.5883519535488992, 'subsample': 0.5054809360898598, 'alpha': 0.5774838139957671, 'lambda': 0.01899749379112471, 'gamma': 1.2684861994016934e-05, 'min_child_weight': 15.758521632898384}. Best is trial 33 with value: 0.1874404116653012.[0m
[32m[I 2023-01-30 10:44:55,752][0m Trial 47 finished with value: 0.22036244132236393 and parameters: {'max_depth': 10, 'learning_rate': 0.04657145849684032, 'colsample_bytree': 0.5595430004054466, 'subsample': 0.5593480698887535, 'alpha': 0.39322933002770466, 'lambda': 1.1577570908542352, 'gamma': 1.901729777697233e-08, 'min_child_weight': 23.3691380423434}. Best is trial 33 with value: 0.1874404116653012.[0m
[32m[I 2023-01-30 10:49:02,544][0m Trial 48 finished with value: 0.2178854727579374 and parameters: {'max_depth': 8, 'learning_rate': 0.015237865238482494, 'colsample_bytree': 0.23775631965042274, 'subsample': 0.5340438063032652, 'alpha': 3.4388064783291283, 'lambda': 0.05124439237324473, 'gamma': 0.009615917744675496, 'min_child_weight': 11.79110153274471}. Best is trial 33 with value: 0.1874404116653012.[0m
[32m[I 2023-01-30 10:49:05,978][0m Trial 49 finished with value: 28.45997790101497 and parameters: {'max_depth': 9, 'learning_rate': 0.025126237328012203, 'colsample_bytree': 0.2162732808307123, 'subsample': 0.5911461416380065, 'alpha': 0.22134327741050047, 'lambda': 4.1196428459106755, 'gamma': 3.637029974727716e-07, 'min_child_weight': 33.16479547970449}. Best is trial 33 with value: 0.1874404116653012.[0m
[32m[I 2023-01-30 10:49:22,585][0m Trial 50 finished with value: 28.45997790101497 and parameters: {'max_depth': 10, 'learning_rate': 0.040432054584364226, 'colsample_bytree': 0.4549926984638932, 'subsample': 0.5617395143383124, 'alpha': 0.8579299816342778, 'lambda': 2.682142713672245e-05, 'gamma': 3.80004134598363e-05, 'min_child_weight': 84.72033684494183}. Best is trial 33 with value: 0.1874404116653012.[0m
[32m[I 2023-01-30 10:49:35,026][0m Trial 51 finished with value: 0.20607619627225163 and parameters: {'max_depth': 8, 'learning_rate': 0.04979793387625687, 'colsample_bytree': 0.44136248813335677, 'subsample': 0.44331695960257067, 'alpha': 1.2996649038719001, 'lambda': 0.7363503109448227, 'gamma': 1.1917492489763146e-06, 'min_child_weight': 10.40193847952946}. Best is trial 33 with value: 0.1874404116653012.[0m
[32m[I 2023-01-30 10:49:54,464][0m Trial 52 finished with value: 0.21596864469925597 and parameters: {'max_depth': 9, 'learning_rate': 0.03477259382120831, 'colsample_bytree': 0.47868396481954567, 'subsample': 0.5101794352263825, 'alpha': 1.8982337543835135, 'lambda': 4.66210198688299, 'gamma': 0.1865154464362733, 'min_child_weight': 10.037008985764727}. Best is trial 33 with value: 0.1874404116653012.[0m
[32m[I 2023-01-30 10:50:09,514][0m Trial 53 finished with value: 0.21154182896375037 and parameters: {'max_depth': 8, 'learning_rate': 0.045070256447684885, 'colsample_bytree': 0.4058520273622832, 'subsample': 0.4885750158861926, 'alpha': 0.8953113232236688, 'lambda': 9.977539943865334, 'gamma': 1.0600901684579145e-08, 'min_child_weight': 11.64172332589851}. Best is trial 33 with value: 0.1874404116653012.[0m
[32m[I 2023-01-30 10:50:44,409][0m Trial 54 finished with value: 0.2214855782274026 and parameters: {'max_depth': 7, 'learning_rate': 0.031029592985163564, 'colsample_bytree': 0.36184181840447616, 'subsample': 0.526444012112511, 'alpha': 2.3582834634936063, 'lambda': 0.41184983838946626, 'gamma': 6.38989889221923e-07, 'min_child_weight': 19.65992644009199}. Best is trial 33 with value: 0.1874404116653012.[0m
[32m[I 2023-01-30 10:50:52,654][0m Trial 55 finished with value: 0.22075887772311034 and parameters: {'max_depth': 9, 'learning_rate': 0.039051558708271816, 'colsample_bytree': 0.4973090592754499, 'subsample': 0.49606616610777987, 'alpha': 1.312909387782967, 'lambda': 1.1416871067539378, 'gamma': 0.00014137836012777924, 'min_child_weight': 15.109240779562773}. Best is trial 33 with value: 0.1874404116653012.[0m
[32m[I 2023-01-30 10:51:04,089][0m Trial 56 finished with value: 28.45997790101497 and parameters: {'max_depth': 9, 'learning_rate': 0.035955069834571404, 'colsample_bytree': 0.4205383576077063, 'subsample': 0.4777877827000859, 'alpha': 0.5933832770709921, 'lambda': 1.0455864091691698e-08, 'gamma': 6.810790096134107e-08, 'min_child_weight': 235.240254864769}. Best is trial 33 with value: 0.1874404116653012.[0m
[32m[I 2023-01-30 10:51:17,466][0m Trial 57 finished with value: 28.45997790101497 and parameters: {'max_depth': 8, 'learning_rate': 0.012901530334806127, 'colsample_bytree': 0.3828988776205268, 'subsample': 0.4057656718590464, 'alpha': 2.7692053965577954, 'lambda': 4.629024777837862, 'gamma': 2.749459870654516e-06, 'min_child_weight': 55.55563658111275}. Best is trial 33 with value: 0.1874404116653012.[0m
[32m[I 2023-01-30 10:52:05,977][0m Trial 58 finished with value: 0.23219772047695536 and parameters: {'max_depth': 10, 'learning_rate': 0.041580015827061396, 'colsample_bytree': 0.3465516880513418, 'subsample': 0.5192611158733527, 'alpha': 5.219101579780684, 'lambda': 0.16154326491560225, 'gamma': 2.7184372041259883e-07, 'min_child_weight': 11.992862953267073}. Best is trial 33 with value: 0.1874404116653012.[0m
[32m[I 2023-01-30 10:52:08,637][0m Trial 59 finished with value: 28.45997790101497 and parameters: {'max_depth': 6, 'learning_rate': 0.04553781508144232, 'colsample_bytree': 0.4419241156598524, 'subsample': 0.45950038702034157, 'alpha': 1.0031723240580073, 'lambda': 0.6339244452003244, 'gamma': 8.15538563425689e-06, 'min_child_weight': 29.799805210490405}. Best is trial 33 with value: 0.1874404116653012.[0m
[32m[I 2023-01-30 10:52:11,368][0m Trial 60 finished with value: 28.45997790101497 and parameters: {'max_depth': 8, 'learning_rate': 0.023031979970989082, 'colsample_bytree': 0.32227324022404885, 'subsample': 0.5541130080971096, 'alpha': 0.38566962540202776, 'lambda': 1.5310573647584147, 'gamma': 9.252041148265382, 'min_child_weight': 969.9890495911856}. Best is trial 33 with value: 0.1874404116653012.[0m
[32m[I 2023-01-30 10:52:26,956][0m Trial 61 finished with value: 0.19948959086406998 and parameters: {'max_depth': 5, 'learning_rate': 0.02048959181299019, 'colsample_bytree': 0.29492770967007365, 'subsample': 0.5741370466756954, 'alpha': 0.49597544569444985, 'lambda': 0.004184145580105473, 'gamma': 1.502607949520165e-06, 'min_child_weight': 12.234000227606394}. Best is trial 33 with value: 0.1874404116653012.[0m
[32m[I 2023-01-30 10:52:54,589][0m Trial 62 finished with value: 0.22003488749714245 and parameters: {'max_depth': 5, 'learning_rate': 0.020905285893004333, 'colsample_bytree': 0.2919970657067574, 'subsample': 0.5818527413499527, 'alpha': 1.3468672525162664, 'lambda': 4.184702009700506, 'gamma': 1.6955082315155076e-07, 'min_child_weight': 15.305556134322773}. Best is trial 33 with value: 0.1874404116653012.[0m
[32m[I 2023-01-30 10:53:30,302][0m Trial 63 finished with value: 0.19219377022703268 and parameters: {'max_depth': 5, 'learning_rate': 0.01629533138536013, 'colsample_bytree': 0.2697178594363259, 'subsample': 0.5358445282131585, 'alpha': 0.45750933461419147, 'lambda': 0.0009569361783148851, 'gamma': 6.446708761326467e-08, 'min_child_weight': 11.636237963598857}. Best is trial 33 with value: 0.1874404116653012.[0m
[32m[I 2023-01-30 10:53:56,371][0m Trial 64 finished with value: 0.22053830722395876 and parameters: {'max_depth': 5, 'learning_rate': 0.016995092821229196, 'colsample_bytree': 0.25251719010537177, 'subsample': 0.6101651860373071, 'alpha': 0.24910678746988388, 'lambda': 0.00010086397674601515, 'gamma': 5.277280087243063e-08, 'min_child_weight': 18.388633612970672}. Best is trial 33 with value: 0.1874404116653012.[0m
[32m[I 2023-01-30 10:55:33,234][0m Trial 65 finished with value: 0.22022865781041817 and parameters: {'max_depth': 4, 'learning_rate': 0.0119901288653462, 'colsample_bytree': 0.30618281263744485, 'subsample': 0.5414597277373971, 'alpha': 0.5998656461205488, 'lambda': 0.0006229015644687717, 'gamma': 1.9618804011732236e-08, 'min_child_weight': 14.366954946994369}. Best is trial 33 with value: 0.1874404116653012.[0m
[32m[I 2023-01-30 10:56:08,957][0m Trial 66 finished with value: 0.19495729050289598 and parameters: {'max_depth': 5, 'learning_rate': 0.01613010554827273, 'colsample_bytree': 0.2646992687320545, 'subsample': 0.5660642249440352, 'alpha': 0.4444073166878534, 'lambda': 0.007878772170212952, 'gamma': 1.4414616074226585e-07, 'min_child_weight': 11.630761557119724}. Best is trial 33 with value: 0.1874404116653012.[0m
