[32m[I 2023-01-30 14:34:51,858][0m Trial 34 finished with value: 0.9821339583211284 and parameters: {'max_depth': 12, 'learning_rate': 0.04965604819019938, 'colsample_bytree': 0.31364567200671234, 'subsample': 0.4784266721275397, 'alpha': 0.8298623294937737, 'lambda': 3.780071580538416e-07, 'gamma': 2.1409380162727342e-05, 'min_child_weight': 21.181480085051263}. Best is trial 24 with value: 0.9796516967360642.[0m
[32m[I 2023-01-30 14:35:14,226][0m Trial 35 finished with value: 1.011515137471213 and parameters: {'max_depth': 12, 'learning_rate': 0.04976738402684719, 'colsample_bytree': 0.5462066820861178, 'subsample': 0.4793931025300903, 'alpha': 0.25233231176211096, 'lambda': 3.8377571465711543e-07, 'gamma': 0.00011623825031029553, 'min_child_weight': 21.96872935595725}. Best is trial 24 with value: 0.9796516967360642.[0m
[32m[I 2023-01-30 14:35:40,058][0m Trial 36 finished with value: 1.039081145893844 and parameters: {'max_depth': 11, 'learning_rate': 0.040052150993025525, 'colsample_bytree': 0.26970315988752014, 'subsample': 0.4677064951997597, 'alpha': 4.237176458401901, 'lambda': 0.09146859307847525, 'gamma': 1.886490938040829e-05, 'min_child_weight': 49.99191403310653}. Best is trial 24 with value: 0.9796516967360642.[0m
[32m[I 2023-01-30 14:35:52,458][0m Trial 37 finished with value: 1.0160540716585285 and parameters: {'max_depth': 11, 'learning_rate': 0.043969695999738226, 'colsample_bytree': 0.389256248259648, 'subsample': 0.42851272297566545, 'alpha': 0.1132165617323981, 'lambda': 3.40802179596713e-08, 'gamma': 2.4550769109590114e-06, 'min_child_weight': 31.561048905226997}. Best is trial 24 with value: 0.9796516967360642.[0m
[32m[I 2023-01-30 14:36:10,042][0m Trial 38 finished with value: 0.9925992575031858 and parameters: {'max_depth': 12, 'learning_rate': 0.038096075042519266, 'colsample_bytree': 0.47688279834137715, 'subsample': 0.44278148199471645, 'alpha': 0.5764617173885278, 'lambda': 5.521607542600746e-08, 'gamma': 1.1242095302234166e-08, 'min_child_weight': 19.62798938058783}. Best is trial 24 with value: 0.9796516967360642.[0m
[32m[I 2023-01-30 14:36:24,525][0m Trial 39 finished with value: 1.0273664778060714 and parameters: {'max_depth': 10, 'learning_rate': 0.029139254942284778, 'colsample_bytree': 0.4405781637151436, 'subsample': 0.5111792878873321, 'alpha': 1.9201139552334539, 'lambda': 1.9063462128179808e-07, 'gamma': 0.002343469837197568, 'min_child_weight': 45.49037135840414}. Best is trial 24 with value: 0.9796516967360642.[0m
[32m[I 2023-01-30 14:36:42,756][0m Trial 40 finished with value: 1.0156556761654036 and parameters: {'max_depth': 11, 'learning_rate': 0.04459948053047256, 'colsample_bytree': 0.41371797488915674, 'subsample': 0.6741415416866627, 'alpha': 0.3376784176177167, 'lambda': 8.512396823276161e-07, 'gamma': 1.9094074464302343e-07, 'min_child_weight': 17.597686241115486}. Best is trial 24 with value: 0.9796516967360642.[0m
[32m[I 2023-01-30 14:37:05,044][0m Trial 41 finished with value: 0.9928141065865767 and parameters: {'max_depth': 12, 'learning_rate': 0.038643469330517655, 'colsample_bytree': 0.31869588542033794, 'subsample': 0.6261055723512914, 'alpha': 0.9931987491327398, 'lambda': 5.438951651128401e-06, 'gamma': 0.00018153444895612842, 'min_child_weight': 12.528883965478654}. Best is trial 24 with value: 0.9796516967360642.[0m
[32m[I 2023-01-30 14:37:39,425][0m Trial 42 finished with value: 0.9923583141135073 and parameters: {'max_depth': 11, 'learning_rate': 0.03180695095034293, 'colsample_bytree': 0.3080916826206001, 'subsample': 0.6507628698031424, 'alpha': 0.9714545164814392, 'lambda': 0.00018646564395585538, 'gamma': 3.758541671203969e-05, 'min_child_weight': 15.17650341429479}. Best is trial 24 with value: 0.9796516967360642.[0m
[32m[I 2023-01-30 14:37:55,280][0m Trial 43 finished with value: 1.01553572044021 and parameters: {'max_depth': 12, 'learning_rate': 0.04677672538722909, 'colsample_bytree': 0.2747618233482242, 'subsample': 0.7597685137594721, 'alpha': 0.6319537284315945, 'lambda': 0.014300198308497934, 'gamma': 5.383547558289549e-06, 'min_child_weight': 23.805921814464494}. Best is trial 24 with value: 0.9796516967360642.[0m
[32m[I 2023-01-30 14:38:22,071][0m Trial 44 finished with value: 0.991117194130179 and parameters: {'max_depth': 10, 'learning_rate': 0.035581885846015286, 'colsample_bytree': 0.35837226081574813, 'subsample': 0.6101972181208819, 'alpha': 0.4430375286919868, 'lambda': 4.1982540837233704e-07, 'gamma': 0.0004209250669265716, 'min_child_weight': 12.427341534455957}. Best is trial 24 with value: 0.9796516967360642.[0m
[32m[I 2023-01-30 14:44:40,869][0m Trial 45 finished with value: 1.0302046750389446 and parameters: {'max_depth': 11, 'learning_rate': 0.02609790038364204, 'colsample_bytree': 0.3980169700905302, 'subsample': 0.5350367493208317, 'alpha': 1.5137669655843804, 'lambda': 2.6553555916904314, 'gamma': 8.495699260966356e-07, 'min_child_weight': 17.648194343138492}. Best is trial 24 with value: 0.9796516967360642.[0m
[32m[I 2023-01-30 14:50:43,780][0m Trial 46 finished with value: 0.9940567895083868 and parameters: {'max_depth': 9, 'learning_rate': 0.020025347849479992, 'colsample_bytree': 0.2469357191959236, 'subsample': 0.5844160810313159, 'alpha': 0.8640725557137905, 'lambda': 2.0086826351679477e-06, 'gamma': 2.4958685693118114e-05, 'min_child_weight': 10.233115519475747}. Best is trial 24 with value: 0.9796516967360642.[0m
[32m[I 2023-01-30 14:52:45,885][0m Trial 47 finished with value: 1.0145672102983592 and parameters: {'max_depth': 11, 'learning_rate': 0.029982018066107945, 'colsample_bytree': 0.599004833617883, 'subsample': 0.6793501390699233, 'alpha': 2.8004295718586483, 'lambda': 4.235206555777735e-05, 'gamma': 0.0007623524834541146, 'min_child_weight': 15.382569217229063}. Best is trial 24 with value: 0.9796516967360642.[0m
[32m[I 2023-01-30 14:53:05,709][0m Trial 48 finished with value: 1.0014208783899552 and parameters: {'max_depth': 4, 'learning_rate': 0.042105971677752936, 'colsample_bytree': 0.29026880116481946, 'subsample': 0.6394019020360118, 'alpha': 0.26193138792632664, 'lambda': 8.556440082944173e-06, 'gamma': 0.004545112333221196, 'min_child_weight': 27.087152480723734}. Best is trial 24 with value: 0.9796516967360642.[0m
[32m[I 2023-01-30 14:53:31,134][0m Trial 49 finished with value: 1.310820418145273 and parameters: {'max_depth': 6, 'learning_rate': 0.008223458298036269, 'colsample_bytree': 0.31532652513516324, 'subsample': 0.720699216822134, 'alpha': 0.3854372813733197, 'lambda': 2.0724083625236507e-08, 'gamma': 8.878832329094144e-08, 'min_child_weight': 212.66641598097877}. Best is trial 24 with value: 0.9796516967360642.[0m
[32m[I 2023-01-30 14:53:36,051][0m Trial 50 finished with value: 17.32118847701899 and parameters: {'max_depth': 10, 'learning_rate': 0.028400526992054295, 'colsample_bytree': 0.34599173177049225, 'subsample': 0.4880208456283983, 'alpha': 0.16002613697488663, 'lambda': 1.7093844191971968e-07, 'gamma': 3.1732636719323395, 'min_child_weight': 420.1295845949009}. Best is trial 24 with value: 0.9796516967360642.[0m
[32m[I 2023-01-30 14:55:19,581][0m Trial 51 finished with value: 0.9979042054489483 and parameters: {'max_depth': 10, 'learning_rate': 0.03567769352434686, 'colsample_bytree': 0.3586593646670334, 'subsample': 0.6082482907691877, 'alpha': 0.45444032599556017, 'lambda': 4.4029152829547137e-07, 'gamma': 0.0003713740542231589, 'min_child_weight': 12.107412797995345}. Best is trial 24 with value: 0.9796516967360642.[0m
[32m[I 2023-01-30 14:56:00,612][0m Trial 52 finished with value: 0.9979596503301875 and parameters: {'max_depth': 10, 'learning_rate': 0.04633523783257996, 'colsample_bytree': 0.3721439686463771, 'subsample': 0.6130512893623069, 'alpha': 0.7410862806126226, 'lambda': 3.2022085886860622e-06, 'gamma': 0.051412734416103084, 'min_child_weight': 12.957884132119993}. Best is trial 24 with value: 0.9796516967360642.[0m
[32m[I 2023-01-30 14:58:07,539][0m Trial 53 finished with value: 0.9786024054649884 and parameters: {'max_depth': 7, 'learning_rate': 0.03400608366096696, 'colsample_bytree': 0.3570567071588319, 'subsample': 0.6302007398919033, 'alpha': 0.3962899679478719, 'lambda': 1.0029877566755245e-06, 'gamma': 7.665432972239078e-05, 'min_child_weight': 21.384061028369263}. Best is trial 53 with value: 0.9786024054649884.[0m
[32m[I 2023-01-30 14:59:02,134][0m Trial 54 finished with value: 0.9958806920187551 and parameters: {'max_depth': 7, 'learning_rate': 0.013739671458664598, 'colsample_bytree': 0.323099987323924, 'subsample': 0.6515980887413153, 'alpha': 0.03634706273124286, 'lambda': 1.0124445191663677e-06, 'gamma': 5.376982182108853e-05, 'min_child_weight': 21.3140725430241}. Best is trial 53 with value: 0.9786024054649884.[0m
[32m[I 2023-01-30 15:14:17,653][0m Trial 55 finished with value: 0.991335025378989 and parameters: {'max_depth': 8, 'learning_rate': 0.03263134138749061, 'colsample_bytree': 0.38084671857845825, 'subsample': 0.6861468841943399, 'alpha': 0.5942381005292645, 'lambda': 4.3491742343528056e-08, 'gamma': 0.0001883712567660278, 'min_child_weight': 33.121760333409064}. Best is trial 53 with value: 0.9786024054649884.[0m
[32m[I 2023-01-30 15:18:17,970][0m Trial 56 finished with value: 1.0129134641352215 and parameters: {'max_depth': 5, 'learning_rate': 0.04054230129754709, 'colsample_bytree': 0.2913512472918293, 'subsample': 0.40322188108343227, 'alpha': 1.2435979083306714, 'lambda': 1.0114411263849981e-05, 'gamma': 1.4525578243439976e-05, 'min_child_weight': 16.844371724677604}. Best is trial 53 with value: 0.9786024054649884.[0m
[32m[I 2023-01-30 15:18:35,881][0m Trial 57 finished with value: 0.9966307146799922 and parameters: {'max_depth': 7, 'learning_rate': 0.049125102382970645, 'colsample_bytree': 0.4061416507293675, 'subsample': 0.6236008686718288, 'alpha': 0.3243071856638389, 'lambda': 6.316915844509539e-05, 'gamma': 4.685674177564067e-06, 'min_child_weight': 18.56221229412919}. Best is trial 53 with value: 0.9786024054649884.[0m
[32m[I 2023-01-30 15:19:50,870][0m Trial 58 finished with value: 1.004869671395022 and parameters: {'max_depth': 6, 'learning_rate': 0.020997461996062016, 'colsample_bytree': 0.42365048416822704, 'subsample': 0.5527431421652529, 'alpha': 0.8804242518174423, 'lambda': 1.0507461644732897e-07, 'gamma': 1.1969297433211919e-06, 'min_child_weight': 23.827234362808046}. Best is trial 53 with value: 0.9786024054649884.[0m
[32m[I 2023-01-30 15:20:22,480][0m Trial 59 finished with value: 1.0134891539458468 and parameters: {'max_depth': 8, 'learning_rate': 0.0179475891489793, 'colsample_bytree': 0.3401111437351158, 'subsample': 0.6612354762932495, 'alpha': 1.4703880707866976, 'lambda': 1.3059770025984776e-06, 'gamma': 0.0011416245758113755, 'min_child_weight': 29.303997108837535}. Best is trial 53 with value: 0.9786024054649884.[0m
[32m[I 2023-01-30 15:20:50,082][0m Trial 60 finished with value: 0.9912582191284581 and parameters: {'max_depth': 9, 'learning_rate': 0.037925362880074406, 'colsample_bytree': 0.3627543264254068, 'subsample': 0.7074023554234156, 'alpha': 0.22345967304643036, 'lambda': 2.3806066809308452e-07, 'gamma': 7.864056895377333e-05, 'min_child_weight': 39.79805886755594}. Best is trial 53 with value: 0.9786024054649884.[0m
[32m[I 2023-01-30 15:21:16,147][0m Trial 61 finished with value: 0.9819186111475757 and parameters: {'max_depth': 9, 'learning_rate': 0.03495588099135194, 'colsample_bytree': 0.35996118765204876, 'subsample': 0.5965672676935961, 'alpha': 0.4141603493283666, 'lambda': 6.071174318097022e-07, 'gamma': 0.00018351000229346908, 'min_child_weight': 11.569253049521972}. Best is trial 53 with value: 0.9786024054649884.[0m
[32m[I 2023-01-30 15:21:32,216][0m Trial 62 finished with value: 1.0050725445642308 and parameters: {'max_depth': 9, 'learning_rate': 0.03376908212215709, 'colsample_bytree': 0.3857055357589718, 'subsample': 0.5704736274166121, 'alpha': 0.6272089016031819, 'lambda': 3.1475902768727137e-06, 'gamma': 2.153823227736455e-05, 'min_child_weight': 15.295916665772303}. Best is trial 53 with value: 0.9786024054649884.[0m
[32m[I 2023-01-30 15:21:54,746][0m Trial 63 finished with value: 0.9621660552355641 and parameters: {'max_depth': 8, 'learning_rate': 0.02527576198499461, 'colsample_bytree': 0.34870065448707166, 'subsample': 0.5958972575536949, 'alpha': 0.011848911747345415, 'lambda': 8.556741272986297e-07, 'gamma': 0.0071528468582722025, 'min_child_weight': 11.112482109615629}. Best is trial 63 with value: 0.9621660552355641.[0m
[32m[I 2023-01-30 15:22:17,002][0m Trial 64 finished with value: 0.9810492314294995 and parameters: {'max_depth': 8, 'learning_rate': 0.030886378489752224, 'colsample_bytree': 0.35188884962294587, 'subsample': 0.5974681733928271, 'alpha': 0.01801529273252919, 'lambda': 7.324976233381355e-08, 'gamma': 0.007965083872215558, 'min_child_weight': 11.527736182551564}. Best is trial 63 with value: 0.9621660552355641.[0m
[32m[I 2023-01-30 15:22:38,999][0m Trial 65 finished with value: 0.9769837196693019 and parameters: {'max_depth': 8, 'learning_rate': 0.026852218233971215, 'colsample_bytree': 0.3483709195004143, 'subsample': 0.5978972631288358, 'alpha': 0.010663036038493208, 'lambda': 1.5273539199986047e-08, 'gamma': 0.005040861335798333, 'min_child_weight': 11.447761251028615}. Best is trial 63 with value: 0.9621660552355641.[0m
[32m[I 2023-01-30 15:23:03,109][0m Trial 66 finished with value: 0.9702407602798804 and parameters: {'max_depth': 8, 'learning_rate': 0.02677955043480311, 'colsample_bytree': 0.3500220040813154, 'subsample': 0.5939538504226128, 'alpha': 0.01495915297368332, 'lambda': 1.524630138628223e-08, 'gamma': 0.00985475969387177, 'min_child_weight': 11.436241680623866}. Best is trial 63 with value: 0.9621660552355641.[0m
[32m[I 2023-01-30 15:23:29,074][0m Trial 67 finished with value: 0.9664291195157446 and parameters: {'max_depth': 8, 'learning_rate': 0.02651163170472081, 'colsample_bytree': 0.3503201988398051, 'subsample': 0.5968178674388377, 'alpha': 0.013340238893618019, 'lambda': 1.712490640823029e-08, 'gamma': 0.00868189072471156, 'min_child_weight': 11.393378762591492}. Best is trial 63 with value: 0.9621660552355641.[0m
[32m[I 2023-01-30 15:23:52,985][0m Trial 68 finished with value: 0.98906259296696 and parameters: {'max_depth': 8, 'learning_rate': 0.025707277317863073, 'colsample_bytree': 0.3463108322787689, 'subsample': 0.5542042036897108, 'alpha': 0.0111328201612928, 'lambda': 1.9172565925793624e-08, 'gamma': 0.009405925061000076, 'min_child_weight': 10.274134909011368}. Best is trial 63 with value: 0.9621660552355641.[0m
[32m[I 2023-01-30 15:24:13,273][0m Trial 69 finished with value: 0.9994266303448682 and parameters: {'max_depth': 7, 'learning_rate': 0.023257507250873794, 'colsample_bytree': 0.33079304679180727, 'subsample': 0.5824471990936038, 'alpha': 0.021710751051432605, 'lambda': 1.1969821208428201e-08, 'gamma': 0.08548570998040253, 'min_child_weight': 11.502218159406858}. Best is trial 63 with value: 0.9621660552355641.[0m
[32m[I 2023-01-30 15:24:34,607][0m Trial 70 finished with value: 0.9787448581410889 and parameters: {'max_depth': 8, 'learning_rate': 0.02710606055397384, 'colsample_bytree': 0.30074199787865286, 'subsample': 0.5960881908142195, 'alpha': 0.014374213373172217, 'lambda': 6.100230918177025e-08, 'gamma': 0.008828076740679808, 'min_child_weight': 13.66810094370777}. Best is trial 63 with value: 0.9621660552355641.[0m
[32m[I 2023-01-30 15:24:53,319][0m Trial 71 finished with value: 0.9878327514850085 and parameters: {'max_depth': 8, 'learning_rate': 0.028196296324917717, 'colsample_bytree': 0.2998817358824306, 'subsample': 0.5647831942638253, 'alpha': 0.013792256168445413, 'lambda': 2.315480882091906e-08, 'gamma': 0.02847638429570545, 'min_child_weight': 13.511345854590258}. Best is trial 63 with value: 0.9621660552355641.[0m
[32m[I 2023-01-30 15:25:20,820][0m Trial 72 finished with value: 0.9802654777393297 and parameters: {'max_depth': 8, 'learning_rate': 0.02642001098161752, 'colsample_bytree': 0.3501674707750513, 'subsample': 0.5962958562550255, 'alpha': 0.010008525058357538, 'lambda': 1.0050241517050705e-08, 'gamma': 0.008804630841078945, 'min_child_weight': 11.474290487606453}. Best is trial 63 with value: 0.9621660552355641.[0m
[32m[I 2023-01-30 15:25:48,330][0m Trial 73 finished with value: 0.9779286290804862 and parameters: {'max_depth': 7, 'learning_rate': 0.02266903358947184, 'colsample_bytree': 0.36962508771326347, 'subsample': 0.5847823306532373, 'alpha': 0.010185002184217586, 'lambda': 1.0128224089017394e-08, 'gamma': 0.0023525035648140923, 'min_child_weight': 10.063843761929895}. Best is trial 63 with value: 0.9621660552355641.[0m
[32m[I 2023-01-30 15:26:58,274][0m Trial 74 finished with value: 0.9732490329192702 and parameters: {'max_depth': 7, 'learning_rate': 0.021217603005010546, 'colsample_bytree': 0.37843648970234184, 'subsample': 0.5831529201817385, 'alpha': 0.026297523600231566, 'lambda': 2.5159810610377958e-08, 'gamma': 0.0032055991337523694, 'min_child_weight': 13.91708742564424}. Best is trial 63 with value: 0.9621660552355641.[0m
[32m[I 2023-01-30 15:27:20,003][0m Trial 75 finished with value: 1.0056989399543423 and parameters: {'max_depth': 7, 'learning_rate': 0.021858226149954293, 'colsample_bytree': 0.37277429608190005, 'subsample': 0.5408553690826305, 'alpha': 0.03300147665798398, 'lambda': 3.258313041781301e-08, 'gamma': 0.0027634141128181655, 'min_child_weight': 13.653965493633224}. Best is trial 63 with value: 0.9621660552355641.[0m
[32m[I 2023-01-30 15:27:44,253][0m Trial 76 finished with value: 0.9812284671630055 and parameters: {'max_depth': 7, 'learning_rate': 0.018276533358690422, 'colsample_bytree': 0.33026161979089513, 'subsample': 0.5867574195806617, 'alpha': 0.013998719786773948, 'lambda': 4.9687902513717273e-08, 'gamma': 0.005069725770628662, 'min_child_weight': 10.365820581239378}. Best is trial 63 with value: 0.9621660552355641.[0m
[32m[I 2023-01-30 15:28:07,207][0m Trial 77 finished with value: 0.9846502739809122 and parameters: {'max_depth': 7, 'learning_rate': 0.024128543776901778, 'colsample_bytree': 0.36815031153733707, 'subsample': 0.6373820353395454, 'alpha': 0.017259020455742048, 'lambda': 1.8219252609468452e-08, 'gamma': 0.0019314262254090128, 'min_child_weight': 19.380266322902447}. Best is trial 63 with value: 0.9621660552355641.[0m
[32m[I 2023-01-30 15:29:20,553][0m Trial 78 finished with value: 1.1453359837564772 and parameters: {'max_depth': 7, 'learning_rate': 0.01921792911091475, 'colsample_bytree': 0.28263337768982344, 'subsample': 0.6166249102603191, 'alpha': 0.02316854688484121, 'lambda': 2.9626427455771366e-08, 'gamma': 0.014767606997925082, 'min_child_weight': 125.11428769312076}. Best is trial 63 with value: 0.9621660552355641.[0m
[32m[I 2023-01-30 15:29:59,221][0m Trial 79 finished with value: 0.9881450024220587 and parameters: {'max_depth': 8, 'learning_rate': 0.01609906048407775, 'colsample_bytree': 0.3239599723519232, 'subsample': 0.5778215398265301, 'alpha': 0.029799627072024208, 'lambda': 6.801913788670828e-08, 'gamma': 0.2567938349717203, 'min_child_weight': 13.990236115006546}. Best is trial 63 with value: 0.9621660552355641.[0m
[32m[I 2023-01-30 15:31:53,595][0m Trial 80 finished with value: 0.9893089546113799 and parameters: {'max_depth': 6, 'learning_rate': 0.02235768291548969, 'colsample_bytree': 0.3359255124228514, 'subsample': 0.5648828431845613, 'alpha': 0.012395335399616259, 'lambda': 1.1800818324190899e-07, 'gamma': 0.03832132437521206, 'min_child_weight': 15.969999534550292}. Best is trial 63 with value: 0.9621660552355641.[0m
[32m[I 2023-01-30 15:31:57,828][0m Trial 81 finished with value: 17.32118847701899 and parameters: {'max_depth': 8, 'learning_rate': 0.024735780810662796, 'colsample_bytree': 0.408708031393089, 'subsample': 0.6037753013100972, 'alpha': 0.01712625479495633, 'lambda': 1.0913286919946195e-08, 'gamma': 0.0008323881875677972, 'min_child_weight': 840.2674145021057}. Best is trial 63 with value: 0.9621660552355641.[0m
[32m[I 2023-01-30 15:32:54,725][0m Trial 82 finished with value: 0.986548313965591 and parameters: {'max_depth': 7, 'learning_rate': 0.021011906769075883, 'colsample_bytree': 0.37890628553715455, 'subsample': 0.5419834227605066, 'alpha': 0.015699955577721064, 'lambda': 3.996105612259029e-08, 'gamma': 0.0865847546836976, 'min_child_weight': 14.1231951025016}. Best is trial 63 with value: 0.9621660552355641.[0m
[32m[I 2023-01-30 15:34:03,922][0m Trial 83 finished with value: 0.9866936998823841 and parameters: {'max_depth': 8, 'learning_rate': 0.027357998216292326, 'colsample_bytree': 0.39729915157751655, 'subsample': 0.6299502779960925, 'alpha': 0.023556284791245156, 'lambda': 1.6664345676442914e-08, 'gamma': 0.0034801554721937537, 'min_child_weight': 11.799757837700605}. Best is trial 63 with value: 0.9621660552355641.[0m
[32m[I 2023-01-30 15:34:59,319][0m Trial 84 finished with value: 0.9850858634003913 and parameters: {'max_depth': 8, 'learning_rate': 0.014774818957241694, 'colsample_bytree': 0.4328619759093497, 'subsample': 0.573938799905495, 'alpha': 0.012001769562318415, 'lambda': 1.634026692309087e-07, 'gamma': 0.016814209476174, 'min_child_weight': 10.323454166904032}. Best is trial 63 with value: 0.9621660552355641.[0m
[32m[I 2023-01-30 15:35:16,806][0m Trial 85 finished with value: 0.9868680557142072 and parameters: {'max_depth': 7, 'learning_rate': 0.029922279609227293, 'colsample_bytree': 0.3700296772680677, 'subsample': 0.5891031503868658, 'alpha': 0.02016393109873824, 'lambda': 0.09748838805313916, 'gamma': 0.006548780349661175, 'min_child_weight': 17.284864493376638}. Best is trial 63 with value: 0.9621660552355641.[0m
