[32m[I 2023-01-29 23:43:58,154][0m Trial 26 finished with value: 0.24093014349104358 and parameters: {'max_depth': 4, 'learning_rate': 0.00966280561625084, 'colsample_bytree': 0.23180356548202405, 'subsample': 0.660690531219249, 'alpha': 1.0713228786008773, 'lambda': 2.2325523505595929e-07, 'gamma': 0.0002801020717103983, 'min_child_weight': 10.535602271994831}. Best is trial 26 with value: 0.24093014349104358.[0m
[32m[I 2023-01-29 23:45:25,977][0m Trial 27 finished with value: 0.32670485485420436 and parameters: {'max_depth': 4, 'learning_rate': 0.01386587295560643, 'colsample_bytree': 0.5133318779157822, 'subsample': 0.6464937622404459, 'alpha': 2.4584244745539134, 'lambda': 8.458637801723708e-08, 'gamma': 0.0024410455294932316, 'min_child_weight': 24.628879945310235}. Best is trial 26 with value: 0.24093014349104358.[0m
[32m[I 2023-01-29 23:45:29,876][0m Trial 28 finished with value: 30.53621294381453 and parameters: {'max_depth': 4, 'learning_rate': 0.009685740817830347, 'colsample_bytree': 0.22086770719554855, 'subsample': 0.5840399275843208, 'alpha': 0.6695250277762836, 'lambda': 1.0727567022820055e-08, 'gamma': 5.837319402234805e-07, 'min_child_weight': 80.11530451783071}. Best is trial 26 with value: 0.24093014349104358.[0m
[32m[I 2023-01-29 23:45:33,681][0m Trial 29 finished with value: 30.53621294381453 and parameters: {'max_depth': 5, 'learning_rate': 0.012532722504445723, 'colsample_bytree': 0.4229695967407877, 'subsample': 0.6673684238762991, 'alpha': 4.2199493570198765, 'lambda': 3.387428836145091e-07, 'gamma': 0.030919580630071126, 'min_child_weight': 321.5925259189849}. Best is trial 26 with value: 0.24093014349104358.[0m
[32m[I 2023-01-29 23:45:37,724][0m Trial 30 finished with value: 30.53621294381453 and parameters: {'max_depth': 7, 'learning_rate': 0.006865603411114883, 'colsample_bytree': 0.2434080438743449, 'subsample': 0.6587068998004052, 'alpha': 0.08600804596969248, 'lambda': 7.45018227786957e-08, 'gamma': 9.653201969371793e-06, 'min_child_weight': 37.05045925884932}. Best is trial 26 with value: 0.24093014349104358.[0m
[32m[I 2023-01-29 23:46:35,653][0m Trial 31 finished with value: 0.2440961111628679 and parameters: {'max_depth': 6, 'learning_rate': 0.008892524253803533, 'colsample_bytree': 0.350496195104337, 'subsample': 0.764800081268095, 'alpha': 0.943166798138503, 'lambda': 4.0268574103542214e-05, 'gamma': 0.00040059032674484194, 'min_child_weight': 10.65199878406326}. Best is trial 26 with value: 0.24093014349104358.[0m
[32m[I 2023-01-29 23:47:31,252][0m Trial 32 finished with value: 0.24503633526000476 and parameters: {'max_depth': 5, 'learning_rate': 0.009257912550238497, 'colsample_bytree': 0.3422754431319303, 'subsample': 0.7624459865957305, 'alpha': 0.46077304551488774, 'lambda': 2.4351263182158854e-05, 'gamma': 0.0005087244630761454, 'min_child_weight': 15.16667542647887}. Best is trial 26 with value: 0.24093014349104358.[0m
[32m[I 2023-01-29 23:49:03,669][0m Trial 33 finished with value: 0.24166689503275754 and parameters: {'max_depth': 4, 'learning_rate': 0.0068575693837246, 'colsample_bytree': 0.23038807623916763, 'subsample': 0.7576530247203103, 'alpha': 0.9544104620649598, 'lambda': 0.0003557555594817001, 'gamma': 0.002572059687519614, 'min_child_weight': 10.101503006847501}. Best is trial 26 with value: 0.24093014349104358.[0m
[32m[I 2023-01-29 23:49:49,373][0m Trial 34 finished with value: 0.3271706146295422 and parameters: {'max_depth': 4, 'learning_rate': 0.017451829858463684, 'colsample_bytree': 0.20265673723152874, 'subsample': 0.7175153391574446, 'alpha': 1.989201176067313, 'lambda': 0.00031235074377100613, 'gamma': 0.003923671707710158, 'min_child_weight': 20.047520133574444}. Best is trial 26 with value: 0.24093014349104358.[0m
[32m[I 2023-01-29 23:55:02,335][0m Trial 35 finished with value: 0.3190420365560197 and parameters: {'max_depth': 4, 'learning_rate': 0.006764034573809919, 'colsample_bytree': 0.229401848686126, 'subsample': 0.7431926584466143, 'alpha': 6.024798382150926, 'lambda': 0.021179725423450244, 'gamma': 0.016957173989019206, 'min_child_weight': 14.289646396522482}. Best is trial 26 with value: 0.24093014349104358.[0m
[32m[I 2023-01-29 23:55:06,695][0m Trial 36 finished with value: 30.53621294381453 and parameters: {'max_depth': 9, 'learning_rate': 0.0071830021407279865, 'colsample_bytree': 0.2249840671030469, 'subsample': 0.6804239818376566, 'alpha': 1.029993817440972, 'lambda': 1.7406878960113327e-06, 'gamma': 0.4009119331685785, 'min_child_weight': 51.88849058943799}. Best is trial 26 with value: 0.24093014349104358.[0m
[32m[I 2023-01-29 23:55:28,769][0m Trial 37 finished with value: 0.3262207247665228 and parameters: {'max_depth': 10, 'learning_rate': 0.02104680636062464, 'colsample_bytree': 0.5309586315840645, 'subsample': 0.7724115782420146, 'alpha': 0.24898430770535931, 'lambda': 0.00025163638638752117, 'gamma': 0.0015454275969216228, 'min_child_weight': 30.889776223042002}. Best is trial 26 with value: 0.24093014349104358.[0m
[32m[I 2023-01-29 23:56:23,911][0m Trial 38 finished with value: 0.2524711046987228 and parameters: {'max_depth': 4, 'learning_rate': 0.010528983921819468, 'colsample_bytree': 0.2657546595857882, 'subsample': 0.7427028652032115, 'alpha': 2.1466413113354568, 'lambda': 0.005027924542119876, 'gamma': 9.002023518603192e-07, 'min_child_weight': 13.261968522597959}. Best is trial 26 with value: 0.24093014349104358.[0m
[32m[I 2023-01-29 23:57:20,050][0m Trial 39 finished with value: 0.27498932096806966 and parameters: {'max_depth': 5, 'learning_rate': 0.005020499083408298, 'colsample_bytree': 0.24560844145094046, 'subsample': 0.468123243086385, 'alpha': 0.14467988605930815, 'lambda': 2.6221999912838726e-06, 'gamma': 8.729909382367376e-08, 'min_child_weight': 10.040146995331861}. Best is trial 26 with value: 0.24093014349104358.[0m
[32m[I 2023-01-29 23:57:38,449][0m Trial 40 finished with value: 0.3246205277939972 and parameters: {'max_depth': 4, 'learning_rate': 0.011768594698096638, 'colsample_bytree': 0.4684401761924307, 'subsample': 0.7242067834821089, 'alpha': 0.5072360930732166, 'lambda': 0.3944902119615831, 'gamma': 1.525939646231702e-08, 'min_child_weight': 17.628609537483896}. Best is trial 26 with value: 0.24093014349104358.[0m
[32m[I 2023-01-29 23:58:24,629][0m Trial 41 finished with value: 0.24352270082345973 and parameters: {'max_depth': 6, 'learning_rate': 0.009215476881045997, 'colsample_bytree': 0.35743120515979654, 'subsample': 0.7553170733280488, 'alpha': 0.9113285550274216, 'lambda': 0.0007445329539117893, 'gamma': 0.0001367210326266037, 'min_child_weight': 11.352520917437248}. Best is trial 26 with value: 0.24093014349104358.[0m
[32m[I 2023-01-29 23:59:13,476][0m Trial 42 finished with value: 0.243061857036294 and parameters: {'max_depth': 5, 'learning_rate': 0.008507113081209293, 'colsample_bytree': 0.3892037123668721, 'subsample': 0.7541600033596481, 'alpha': 0.8760660944861153, 'lambda': 0.0008731852071719101, 'gamma': 0.00010158400702692023, 'min_child_weight': 13.289708718433738}. Best is trial 26 with value: 0.24093014349104358.[0m
[32m[I 2023-01-30 00:01:11,530][0m Trial 43 finished with value: 0.2961473109304274 and parameters: {'max_depth': 5, 'learning_rate': 0.00795838851151106, 'colsample_bytree': 0.43382144113732524, 'subsample': 0.7797923607784524, 'alpha': 3.3941004672998933, 'lambda': 0.005023496944054252, 'gamma': 1.7222251126518698e-05, 'min_child_weight': 16.557303395189862}. Best is trial 26 with value: 0.24093014349104358.[0m
[32m[I 2023-01-30 00:02:57,764][0m Trial 44 finished with value: 0.24882927945581618 and parameters: {'max_depth': 5, 'learning_rate': 0.0065340867934511005, 'colsample_bytree': 0.39195421257861907, 'subsample': 0.698837352315156, 'alpha': 1.828321061127713, 'lambda': 0.00010164749839959582, 'gamma': 0.0010010822978903558, 'min_child_weight': 12.627730994355334}. Best is trial 26 with value: 0.24093014349104358.[0m
[32m[I 2023-01-30 00:03:15,752][0m Trial 45 finished with value: 0.32515101389878054 and parameters: {'max_depth': 4, 'learning_rate': 0.03058161737673838, 'colsample_bytree': 0.5906013866659946, 'subsample': 0.6189372389278127, 'alpha': 0.8821236169564016, 'lambda': 0.0026249947588583497, 'gamma': 6.190296511272261e-05, 'min_child_weight': 23.418295735725945}. Best is trial 26 with value: 0.24093014349104358.[0m
[32m[I 2023-01-30 00:04:26,202][0m Trial 46 finished with value: 0.24193031048460628 and parameters: {'max_depth': 12, 'learning_rate': 0.005755264003534371, 'colsample_bytree': 0.31626834712152024, 'subsample': 0.745225033311158, 'alpha': 0.33072551094909913, 'lambda': 0.027839165716522837, 'gamma': 0.006093165353050605, 'min_child_weight': 13.466112463862558}. Best is trial 26 with value: 0.24093014349104358.[0m
[32m[I 2023-01-30 00:05:42,097][0m Trial 47 finished with value: 0.26167126861110096 and parameters: {'max_depth': 11, 'learning_rate': 0.0055439667603584125, 'colsample_bytree': 0.3114882934896443, 'subsample': 0.7773552431863127, 'alpha': 0.32100321453891517, 'lambda': 0.2344939013691573, 'gamma': 0.022175056911360794, 'min_child_weight': 16.993866547016513}. Best is trial 26 with value: 0.24093014349104358.[0m
[32m[I 2023-01-30 00:06:32,128][0m Trial 48 finished with value: 0.32629322136272537 and parameters: {'max_depth': 12, 'learning_rate': 0.0060245808102724905, 'colsample_bytree': 0.28404356351663135, 'subsample': 0.7999761116905256, 'alpha': 0.48953642680899295, 'lambda': 3.00893062957809, 'gamma': 0.00634637187615893, 'min_child_weight': 27.301435814934656}. Best is trial 26 with value: 0.24093014349104358.[0m
[32m[I 2023-01-30 00:07:51,982][0m Trial 49 finished with value: 0.24670905206302143 and parameters: {'max_depth': 10, 'learning_rate': 0.007099171067931521, 'colsample_bytree': 0.31913099729014827, 'subsample': 0.734342935313558, 'alpha': 1.405565899466272, 'lambda': 2.930778345194029e-07, 'gamma': 0.038271676969001356, 'min_child_weight': 12.568446994525152}. Best is trial 26 with value: 0.24093014349104358.[0m
[32m[I 2023-01-30 00:08:43,096][0m Trial 50 finished with value: 0.32564708084695376 and parameters: {'max_depth': 10, 'learning_rate': 0.005632358964336531, 'colsample_bytree': 0.21786451898240694, 'subsample': 0.6884193709716101, 'alpha': 0.11223981535521638, 'lambda': 0.025286773075177793, 'gamma': 0.2805110473175999, 'min_child_weight': 21.821169479937137}. Best is trial 26 with value: 0.24093014349104358.[0m
[32m[I 2023-01-30 00:09:24,909][0m Trial 51 finished with value: 0.2404239886298502 and parameters: {'max_depth': 9, 'learning_rate': 0.00846623975219056, 'colsample_bytree': 0.366885998748977, 'subsample': 0.7520362012398775, 'alpha': 0.031864454213776074, 'lambda': 0.1182658578799091, 'gamma': 0.00019632369236581606, 'min_child_weight': 13.39046868058557}. Best is trial 51 with value: 0.2404239886298502.[0m
[32m[I 2023-01-30 00:10:16,883][0m Trial 52 finished with value: 0.23831650876038032 and parameters: {'max_depth': 9, 'learning_rate': 0.007717683196306357, 'colsample_bytree': 0.37309598391629345, 'subsample': 0.7811166363326247, 'alpha': 0.012649291801572003, 'lambda': 0.064632152797696, 'gamma': 0.0027089126489206247, 'min_child_weight': 10.100562946380311}. Best is trial 52 with value: 0.23831650876038032.[0m
[32m[I 2023-01-30 00:10:20,007][0m Trial 53 finished with value: 30.53621294381453 and parameters: {'max_depth': 9, 'learning_rate': 0.009930766061425074, 'colsample_bytree': 0.4006811499172153, 'subsample': 0.7473124672417252, 'alpha': 0.012352891471125555, 'lambda': 0.07848808589862838, 'gamma': 0.0036522172478005007, 'min_child_weight': 933.3731625581563}. Best is trial 52 with value: 0.23831650876038032.[0m
[32m[I 2023-01-30 00:11:16,048][0m Trial 54 finished with value: 0.2430741858367364 and parameters: {'max_depth': 9, 'learning_rate': 0.007549205934860972, 'colsample_bytree': 0.3664281994838009, 'subsample': 0.7811340550560586, 'alpha': 0.03634706273124286, 'lambda': 1.3518525594007402, 'gamma': 0.0006599388388205172, 'min_child_weight': 15.260406032409424}. Best is trial 52 with value: 0.23831650876038032.[0m
[32m[I 2023-01-30 00:12:04,766][0m Trial 55 finished with value: 0.24244322352499173 and parameters: {'max_depth': 12, 'learning_rate': 0.006295281073953938, 'colsample_bytree': 0.37136452047387664, 'subsample': 0.7123726805916304, 'alpha': 0.028022902054270323, 'lambda': 0.10955445900548345, 'gamma': 0.00016926336858822267, 'min_child_weight': 12.984715622754226}. Best is trial 52 with value: 0.23831650876038032.[0m
[32m[I 2023-01-30 00:12:54,428][0m Trial 56 finished with value: 0.23264231705233307 and parameters: {'max_depth': 10, 'learning_rate': 0.008229109851287083, 'colsample_bytree': 0.2379305049113341, 'subsample': 0.7817662419195461, 'alpha': 0.01925649184782315, 'lambda': 0.01967131197910864, 'gamma': 0.0021346990894566304, 'min_child_weight': 10.047849648368302}. Best is trial 56 with value: 0.23264231705233307.[0m
[32m[I 2023-01-30 00:13:34,689][0m Trial 57 finished with value: 0.23422666615809468 and parameters: {'max_depth': 10, 'learning_rate': 0.008366126714688992, 'colsample_bytree': 0.26336832180235115, 'subsample': 0.7843224265969706, 'alpha': 0.016740588370865443, 'lambda': 0.008618434327028189, 'gamma': 3.12501784175373e-05, 'min_child_weight': 10.062879550448747}. Best is trial 56 with value: 0.23264231705233307.[0m
[32m[I 2023-01-30 00:13:38,448][0m Trial 58 finished with value: 30.53621294381453 and parameters: {'max_depth': 10, 'learning_rate': 0.011250518001459188, 'colsample_bytree': 0.26011506211932384, 'subsample': 0.7873200810417735, 'alpha': 0.017880099228251522, 'lambda': 0.010190356287673289, 'gamma': 2.8067124122675992e-05, 'min_child_weight': 361.416511889564}. Best is trial 56 with value: 0.23264231705233307.[0m
[32m[I 2023-01-30 00:13:59,863][0m Trial 59 finished with value: 0.32513684429661377 and parameters: {'max_depth': 11, 'learning_rate': 0.012891341313834915, 'colsample_bytree': 0.2985406354742763, 'subsample': 0.7707571122059573, 'alpha': 0.050192417771287134, 'lambda': 0.17564505242653777, 'gamma': 1.286296064318825e-06, 'min_child_weight': 19.110097590888547}. Best is trial 56 with value: 0.23264231705233307.[0m
[32m[I 2023-01-30 00:15:01,449][0m Trial 60 finished with value: 0.26195201984020616 and parameters: {'max_depth': 9, 'learning_rate': 0.008272246399144445, 'colsample_bytree': 0.23825146694869104, 'subsample': 0.5487260880426502, 'alpha': 0.010192850890457579, 'lambda': 0.8748728334657998, 'gamma': 1.112672972686789e-05, 'min_child_weight': 11.701196140423031}. Best is trial 56 with value: 0.23264231705233307.[0m
[32m[I 2023-01-30 00:15:41,550][0m Trial 61 finished with value: 0.2325809549609319 and parameters: {'max_depth': 9, 'learning_rate': 0.008603297104114007, 'colsample_bytree': 0.2141742225813173, 'subsample': 0.7857444816921375, 'alpha': 0.021142638316566507, 'lambda': 0.05782637032400249, 'gamma': 4.542289544234764e-06, 'min_child_weight': 10.060307931593513}. Best is trial 61 with value: 0.2325809549609319.[0m
[32m[I 2023-01-30 00:16:13,707][0m Trial 62 finished with value: 0.23842543038281408 and parameters: {'max_depth': 9, 'learning_rate': 0.010145632535466671, 'colsample_bytree': 0.21276419949173608, 'subsample': 0.7857584778239043, 'alpha': 0.022070129792470347, 'lambda': 0.010220990037920335, 'gamma': 4.401868729778439e-06, 'min_child_weight': 11.719293805606503}. Best is trial 61 with value: 0.2325809549609319.[0m
[32m[I 2023-01-30 00:16:52,012][0m Trial 63 finished with value: 0.24419487482653163 and parameters: {'max_depth': 9, 'learning_rate': 0.010257062480513378, 'colsample_bytree': 0.2107502064518425, 'subsample': 0.7868842371240179, 'alpha': 0.020931140607375297, 'lambda': 0.04443302642937717, 'gamma': 4.158400053068857e-06, 'min_child_weight': 15.678876820724847}. Best is trial 61 with value: 0.2325809549609319.[0m
[32m[I 2023-01-30 00:17:27,458][0m Trial 64 finished with value: 0.23617208263208744 and parameters: {'max_depth': 10, 'learning_rate': 0.011025991097782718, 'colsample_bytree': 0.27599478257655463, 'subsample': 0.7308764085539398, 'alpha': 0.015867275104371612, 'lambda': 0.009407732057341665, 'gamma': 8.0953514839024e-06, 'min_child_weight': 11.953994102524048}. Best is trial 61 with value: 0.2325809549609319.[0m
[32m[I 2023-01-30 00:17:56,924][0m Trial 65 finished with value: 0.23600766846259602 and parameters: {'max_depth': 10, 'learning_rate': 0.014243678052572687, 'colsample_bytree': 0.2752775741088009, 'subsample': 0.724294455815321, 'alpha': 0.017377691158552023, 'lambda': 0.0157423572517443, 'gamma': 2.5851475752765113e-07, 'min_child_weight': 11.802524205857626}. Best is trial 61 with value: 0.2325809549609319.[0m
[32m[I 2023-01-30 00:18:36,646][0m Trial 66 finished with value: 0.22290049849768884 and parameters: {'max_depth': 10, 'learning_rate': 0.015354437301167933, 'colsample_bytree': 0.2793530496386408, 'subsample': 0.7310409910540807, 'alpha': 0.01610526799291042, 'lambda': 0.010514412241182497, 'gamma': 2.266323173688469e-07, 'min_child_weight': 11.882309687751793}. Best is trial 66 with value: 0.22290049849768884.[0m
[32m[I 2023-01-30 00:18:41,399][0m Trial 67 finished with value: 30.53621294381453 and parameters: {'max_depth': 11, 'learning_rate': 0.015280730099541312, 'colsample_bytree': 0.2785638702541373, 'subsample': 0.7269209807990967, 'alpha': 0.015230722187378481, 'lambda': 0.004526711384306165, 'gamma': 2.1584463515278604e-07, 'min_child_weight': 117.49964878002764}. Best is trial 66 with value: 0.22290049849768884.[0m
[32m[I 2023-01-30 00:19:00,103][0m Trial 68 finished with value: 0.32475700656441286 and parameters: {'max_depth': 10, 'learning_rate': 0.01629912356988495, 'colsample_bytree': 0.2634688030375391, 'subsample': 0.7072519240077575, 'alpha': 0.05156293417986325, 'lambda': 0.0490214747121074, 'gamma': 2.0363382046194884e-07, 'min_child_weight': 20.235814651708093}. Best is trial 66 with value: 0.22290049849768884.[0m
[32m[I 2023-01-30 00:19:19,057][0m Trial 69 finished with value: 0.32498328092669926 and parameters: {'max_depth': 10, 'learning_rate': 0.013429168854848982, 'colsample_bytree': 0.2874236222787318, 'subsample': 0.5199816416117615, 'alpha': 0.04026709810805239, 'lambda': 0.014823057290217935, 'gamma': 4.331817814609502e-08, 'min_child_weight': 16.518388822674805}. Best is trial 66 with value: 0.22290049849768884.[0m
[32m[I 2023-01-30 00:19:48,232][0m Trial 70 finished with value: 0.23116967780934675 and parameters: {'max_depth': 10, 'learning_rate': 0.01116181958130297, 'colsample_bytree': 0.27377381476232515, 'subsample': 0.7336213133336679, 'alpha': 0.010151891987277274, 'lambda': 0.0017217816933566726, 'gamma': 1.7564890955581307e-06, 'min_child_weight': 10.07297506378275}. Best is trial 66 with value: 0.22290049849768884.[0m
[32m[I 2023-01-30 00:20:11,386][0m Trial 71 finished with value: 0.23286720683904968 and parameters: {'max_depth': 10, 'learning_rate': 0.014690410728273555, 'colsample_bytree': 0.27364275043164954, 'subsample': 0.7666840147313879, 'alpha': 0.010040054380976174, 'lambda': 0.0014537653006569424, 'gamma': 1.632246086682655e-06, 'min_child_weight': 11.80113432189457}. Best is trial 66 with value: 0.22290049849768884.[0m
[32m[I 2023-01-30 00:20:43,599][0m Trial 72 finished with value: 0.22338610880851745 and parameters: {'max_depth': 10, 'learning_rate': 0.015079225125334968, 'colsample_bytree': 0.27443690069742416, 'subsample': 0.7327055558472206, 'alpha': 0.010006009468000905, 'lambda': 0.0019283753777231349, 'gamma': 1.659168471388424e-06, 'min_child_weight': 11.768668825762237}. Best is trial 66 with value: 0.22290049849768884.[0m
[32m[I 2023-01-30 00:21:15,409][0m Trial 73 finished with value: 0.2411451374331574 and parameters: {'max_depth': 11, 'learning_rate': 0.020036147456120833, 'colsample_bytree': 0.25371009521010696, 'subsample': 0.7670649034965104, 'alpha': 0.010130734787562603, 'lambda': 0.0025515481390696805, 'gamma': 2.2376976941450303e-06, 'min_child_weight': 14.736561759403257}. Best is trial 66 with value: 0.22290049849768884.[0m
[32m[I 2023-01-30 00:22:04,992][0m Trial 74 finished with value: 0.2231540587943645 and parameters: {'max_depth': 10, 'learning_rate': 0.01516972708848156, 'colsample_bytree': 0.29242197538967796, 'subsample': 0.7199842772060051, 'alpha': 0.02245385869284136, 'lambda': 0.0012811259466012947, 'gamma': 3.9590509188957294e-07, 'min_child_weight': 11.540379459462448}. Best is trial 66 with value: 0.22290049849768884.[0m
[32m[I 2023-01-30 00:22:55,802][0m Trial 75 finished with value: 0.2517957754158443 and parameters: {'max_depth': 10, 'learning_rate': 0.018570650190390395, 'colsample_bytree': 0.29702545721530615, 'subsample': 0.6765918998080497, 'alpha': 0.024294597191402048, 'lambda': 0.0012070777633598029, 'gamma': 5.747295782419773e-07, 'min_child_weight': 14.409754237346355}. Best is trial 66 with value: 0.22290049849768884.[0m
[32m[I 2023-01-30 00:23:20,053][0m Trial 76 finished with value: 0.3250215535706023 and parameters: {'max_depth': 11, 'learning_rate': 0.02472226361656408, 'colsample_bytree': 0.24154451162057736, 'subsample': 0.7363392241013851, 'alpha': 0.012765912168835289, 'lambda': 0.0018087840296802538, 'gamma': 1.0263056001043271e-07, 'min_child_weight': 18.28232897390571}. Best is trial 66 with value: 0.22290049849768884.[0m
[32m[I 2023-01-30 00:23:48,623][0m Trial 77 finished with value: 0.23194817299797021 and parameters: {'max_depth': 10, 'learning_rate': 0.015230877825703473, 'colsample_bytree': 0.25827173508942347, 'subsample': 0.7607670157834471, 'alpha': 0.01316475325278559, 'lambda': 0.00014527407770700097, 'gamma': 2.065847169730739e-06, 'min_child_weight': 11.598201528144624}. Best is trial 66 with value: 0.22290049849768884.[0m
