[32m[I 2023-01-29 23:15:21,451][0m Trial 83 finished with value: 0.9706036409301477 and parameters: {'max_depth': 5, 'learning_rate': 0.006875815750298553, 'colsample_bytree': 0.3545191135494455, 'subsample': 0.7592499923125081, 'alpha': 0.04374693456990315, 'lambda': 0.00025720050447814775, 'gamma': 2.236255444229635e-06, 'min_child_weight': 11.547629644512128}. Best is trial 72 with value: 0.9685779510572262.[0m
[32m[I 2023-01-29 23:16:00,992][0m Trial 84 finished with value: 0.9695407551845969 and parameters: {'max_depth': 5, 'learning_rate': 0.007806466249653361, 'colsample_bytree': 0.3498529981380242, 'subsample': 0.7511964097025202, 'alpha': 0.029446809868483734, 'lambda': 0.00027728782445123225, 'gamma': 2.0425826156525435e-05, 'min_child_weight': 11.780443433682343}. Best is trial 72 with value: 0.9685779510572262.[0m
[32m[I 2023-01-29 23:16:41,774][0m Trial 85 finished with value: 0.9693094004255318 and parameters: {'max_depth': 5, 'learning_rate': 0.007678043651394234, 'colsample_bytree': 0.35526328122487383, 'subsample': 0.7581907220356856, 'alpha': 0.027932348852455036, 'lambda': 0.0025458216942611475, 'gamma': 2.7231259401940577e-06, 'min_child_weight': 11.873519050177727}. Best is trial 72 with value: 0.9685779510572262.[0m
[32m[I 2023-01-29 23:16:46,003][0m Trial 86 finished with value: 18.21745024330904 and parameters: {'max_depth': 5, 'learning_rate': 0.007868097357553472, 'colsample_bytree': 0.35251214144234305, 'subsample': 0.7577990814585633, 'alpha': 0.02697821041455658, 'lambda': 0.000258775047685589, 'gamma': 2.326835772934779e-06, 'min_child_weight': 15.428721803125155}. Best is trial 72 with value: 0.9685779510572262.[0m
[32m[I 2023-01-29 23:16:49,468][0m Trial 87 finished with value: 18.49041641985622 and parameters: {'max_depth': 5, 'learning_rate': 0.008908304116237973, 'colsample_bytree': 0.3995111444266015, 'subsample': 0.7466572031051404, 'alpha': 0.03435547342328785, 'lambda': 0.006602430817610068, 'gamma': 1.9303254325102266e-05, 'min_child_weight': 18.742679216012313}. Best is trial 72 with value: 0.9685779510572262.[0m
[32m[I 2023-01-29 23:17:41,127][0m Trial 88 finished with value: 0.9718733762792846 and parameters: {'max_depth': 5, 'learning_rate': 0.011670862808650366, 'colsample_bytree': 0.37573724115169305, 'subsample': 0.7335401732583092, 'alpha': 0.01037139467050554, 'lambda': 0.0025670703836385986, 'gamma': 4.802425452179829e-06, 'min_child_weight': 12.686284696365338}. Best is trial 72 with value: 0.9685779510572262.[0m
[32m[I 2023-01-29 23:18:20,989][0m Trial 89 finished with value: 0.9707715312206181 and parameters: {'max_depth': 5, 'learning_rate': 0.01290106658330746, 'colsample_bytree': 0.4346876976168167, 'subsample': 0.7338467433396209, 'alpha': 0.03643584487226062, 'lambda': 0.0028665323077806167, 'gamma': 5.295170673327533e-06, 'min_child_weight': 12.881192567934193}. Best is trial 72 with value: 0.9685779510572262.[0m
[32m[I 2023-01-29 23:18:38,573][0m Trial 90 finished with value: 0.9704774813846567 and parameters: {'max_depth': 5, 'learning_rate': 0.01636886795675122, 'colsample_bytree': 0.431651361011159, 'subsample': 0.76206931267813, 'alpha': 0.018458069066316158, 'lambda': 0.0015361085380148974, 'gamma': 7.598668162420658e-07, 'min_child_weight': 11.609284806137437}. Best is trial 72 with value: 0.9685779510572262.[0m
[32m[I 2023-01-29 23:18:57,888][0m Trial 91 finished with value: 0.9695342690355926 and parameters: {'max_depth': 5, 'learning_rate': 0.01726300455038863, 'colsample_bytree': 0.45424478552118464, 'subsample': 0.7645645846711303, 'alpha': 0.04007545397014321, 'lambda': 0.0011825617097727436, 'gamma': 5.596248005491452e-07, 'min_child_weight': 11.502147962178904}. Best is trial 72 with value: 0.9685779510572262.[0m
[32m[I 2023-01-29 23:19:39,849][0m Trial 92 finished with value: 0.9836980139511651 and parameters: {'max_depth': 5, 'learning_rate': 0.020670525400600475, 'colsample_bytree': 0.4440054329641732, 'subsample': 0.7593677718933199, 'alpha': 0.04046343428251622, 'lambda': 0.0010630124461541088, 'gamma': 4.4368181456625966e-07, 'min_child_weight': 13.84256542179045}. Best is trial 72 with value: 0.9685779510572262.[0m
[32m[I 2023-01-29 23:19:44,142][0m Trial 93 finished with value: 18.49041641985622 and parameters: {'max_depth': 4, 'learning_rate': 0.01742536101451508, 'colsample_bytree': 0.4653504505209198, 'subsample': 0.745724857879797, 'alpha': 0.016676345313301914, 'lambda': 0.018231719247833063, 'gamma': 1.5810766100839634e-07, 'min_child_weight': 16.691536662492137}. Best is trial 72 with value: 0.9685779510572262.[0m
[32m[I 2023-01-29 23:20:10,810][0m Trial 94 finished with value: 0.9660151752850469 and parameters: {'max_depth': 5, 'learning_rate': 0.015954155283889014, 'colsample_bytree': 0.4228780799923426, 'subsample': 0.715987599583617, 'alpha': 0.021133291292637784, 'lambda': 0.005632924068234831, 'gamma': 1.3009847042609098e-06, 'min_child_weight': 11.411814400273222}. Best is trial 94 with value: 0.9660151752850469.[0m
[32m[I 2023-01-29 23:20:44,419][0m Trial 95 finished with value: 0.9777940444781776 and parameters: {'max_depth': 5, 'learning_rate': 0.018776201486745095, 'colsample_bytree': 0.4286602029640029, 'subsample': 0.7166006379921113, 'alpha': 0.020443103620497633, 'lambda': 0.00576238188710361, 'gamma': 1.0569444087350128e-06, 'min_child_weight': 12.767926792323715}. Best is trial 94 with value: 0.9660151752850469.[0m
[32m[I 2023-01-29 23:20:57,681][0m Trial 96 finished with value: 14.693661461043789 and parameters: {'max_depth': 5, 'learning_rate': 0.013636109214136159, 'colsample_bytree': 0.46026936832973303, 'subsample': 0.7059442746046882, 'alpha': 0.019585678407899956, 'lambda': 0.0019150797419093546, 'gamma': 2.8233720022828974e-06, 'min_child_weight': 14.400466937591776}. Best is trial 94 with value: 0.9660151752850469.[0m
[32m[I 2023-01-29 23:21:26,029][0m Trial 97 finished with value: 0.9616120130242607 and parameters: {'max_depth': 4, 'learning_rate': 0.016050241284980504, 'colsample_bytree': 0.42063219187076134, 'subsample': 0.730522145961129, 'alpha': 0.02302893643729432, 'lambda': 0.04205646897698268, 'gamma': 2.7096898271720843e-07, 'min_child_weight': 11.795895203009147}. Best is trial 97 with value: 0.9616120130242607.[0m
[32m[I 2023-01-29 23:21:48,225][0m Trial 98 finished with value: 0.97034964301171 and parameters: {'max_depth': 4, 'learning_rate': 0.016846327607666144, 'colsample_bytree': 0.41732650833411505, 'subsample': 0.7509030990046447, 'alpha': 0.022771447533188945, 'lambda': 0.12576958386132417, 'gamma': 6.611156943891277e-08, 'min_child_weight': 11.361182806261672}. Best is trial 97 with value: 0.9616120130242607.[0m
[32m[I 2023-01-29 23:21:52,122][0m Trial 99 finished with value: 18.49041641985622 and parameters: {'max_depth': 4, 'learning_rate': 0.015801656713560274, 'colsample_bytree': 0.4221304633691726, 'subsample': 0.7401345506670007, 'alpha': 0.01229224085810408, 'lambda': 0.28479017236705834, 'gamma': 4.855195462035283e-08, 'min_child_weight': 18.532026683310754}. Best is trial 97 with value: 0.9616120130242607.[0m
Uploaded file from /Users/kevinmaikjablonka/git/kjappelbaum/gptchem/experiments/04_regression/henry/out/20230129_213801/train.jsonl: file-OoTLlaOJsKayLJpoS2hixsyB
Upload progress:   0%|          | 0.00/6.14k [00:00<?, ?it/s]Upload progress: 100%|██████████| 6.14k/6.14k [00:00<00:00, 13.6Mit/s]
2023-01-29 23:24:00.667 | ERROR    | __main__:<module>:78 - ('logKH_CO2', 'CO2 Henry coefficient')
Traceback (most recent call last):

  File "/Users/kevinmaikjablonka/miniconda3/envs/gptchem/lib/python3.9/site-packages/pandas/core/indexes/base.py", line 3803, in get_loc
    return self._engine.get_loc(casted_key)
           │    │               └ ('logKH_CO2', 'CO2 Henry coefficient')
           │    └ <pandas._libs.properties.CachedProperty object at 0x299c683c0>
           └ Index(['Unnamed: 0', 'ASA [m^2/cm^3]', 'CellV [A^3]', 'Df', 'Di', 'Dif',
                    'NASA [m^2/cm^3]', 'POAV [cm^3/g]', 'POAVF', ...
  File "pandas/_libs/index.pyx", line 138, in pandas._libs.index.IndexEngine.get_loc
    cpdef get_loc(self, object val):
  File "pandas/_libs/index.pyx", line 165, in pandas._libs.index.IndexEngine.get_loc
    return self.mapping.get_item(val)
  File "pandas/_libs/hashtable_class_helper.pxi", line 5745, in pandas._libs.hashtable.PyObjectHashTable.get_item
  File "pandas/_libs/hashtable_class_helper.pxi", line 5753, in pandas._libs.hashtable.PyObjectHashTable.get_item

KeyError: ('logKH_CO2', 'CO2 Henry coefficient')


The above exception was the direct cause of the following exception:


Traceback (most recent call last):

> File "/Users/kevinmaikjablonka/git/kjappelbaum/gptchem/experiments/04_regression/henry/run_experiments.py", line 76, in <module>
    run_experiment(train_size, target, i + 22332642)
    │              │           │       └ 0
    │              │           └ ('logKH_CO2', 'CO2 Henry coefficient')
    │              └ 20
    └ <function run_experiment at 0x10549b0d0>

  File "/Users/kevinmaikjablonka/git/kjappelbaum/gptchem/experiments/04_regression/henry/run_experiments.py", line 58, in run_experiment
    gpt_metrics = get_regression_metrics(test[target], extracted)
                  │                      │    │        └ [-5.55, -3.5, -3.5, -4.8, -3.55, -3.5, -5.0, -3.5, -2.55, -2.55, -3.5, -3.5, -2.55, -3.5, -3.5, -4.5, -3.5, -3.5, -4.8, -3.5,...
                  │                      │    └ ('logKH_CO2', 'CO2 Henry coefficient')
                  │                      └       Unnamed: 0  ...                                              mofid
                  │                        3915        6094  ...  [Mn].[O-]C(=O)c1cc(cc(c1)n1cn...
                  └ <function get_regression_metrics at 0x29d8dc280>

  File "/Users/kevinmaikjablonka/miniconda3/envs/gptchem/lib/python3.9/site-packages/pandas/core/frame.py", line 3805, in __getitem__
    indexer = self.columns.get_loc(key)
              │    │               └ ('logKH_CO2', 'CO2 Henry coefficient')
              │    └ <pandas._libs.properties.AxisProperty object at 0x29a43e610>
              └       Unnamed: 0  ...                                              mofid
                3915        6094  ...  [Mn].[O-]C(=O)c1cc(cc(c1)n1cn...
  File "/Users/kevinmaikjablonka/miniconda3/envs/gptchem/lib/python3.9/site-packages/pandas/core/indexes/base.py", line 3805, in get_loc
    raise KeyError(key) from err
                   └ ('logKH_CO2', 'CO2 Henry coefficient')

KeyError: ('logKH_CO2', 'CO2 Henry coefficient')
[32m[I 2023-01-29 23:24:00,898][0m A new study created in memory with name: no-name-e8921358-66c3-4427-b259-42813e06bf79[0m
[32m[I 2023-01-29 23:24:22,639][0m Trial 0 finished with value: 30.53621294381453 and parameters: {'max_depth': 11, 'learning_rate': 0.03943180702221767, 'colsample_bytree': 0.48338277698454657, 'subsample': 0.6667880916971854, 'alpha': 0.07695356446858977, 'lambda': 0.0011960555391446264, 'gamma': 0.011558526456888882, 'min_child_weight': 591.1193593817245}. Best is trial 0 with value: 30.53621294381453.[0m
[32m[I 2023-01-29 23:24:29,144][0m Trial 1 finished with value: 30.53621294381453 and parameters: {'max_depth': 10, 'learning_rate': 0.041134316655128254, 'colsample_bytree': 0.22968076844783064, 'subsample': 0.4464499696175606, 'alpha': 7.181717181976198, 'lambda': 1.562370075120558e-07, 'gamma': 1.592922235503172e-07, 'min_child_weight': 31.920798758958732}. Best is trial 0 with value: 30.53621294381453.[0m
[32m[I 2023-01-29 23:24:33,688][0m Trial 2 finished with value: 30.53621294381453 and parameters: {'max_depth': 11, 'learning_rate': 0.018174141335350915, 'colsample_bytree': 0.5604454522456577, 'subsample': 0.7574852124218824, 'alpha': 3.4380016701469245, 'lambda': 0.5568909988317814, 'gamma': 7.527426349222389e-08, 'min_child_weight': 46.33736847648717}. Best is trial 0 with value: 30.53621294381453.[0m
[32m[I 2023-01-29 23:24:37,635][0m Trial 3 finished with value: 30.53621294381453 and parameters: {'max_depth': 9, 'learning_rate': 0.028378909616250787, 'colsample_bytree': 0.5801596986666466, 'subsample': 0.4947504468141251, 'alpha': 0.019466965890188696, 'lambda': 0.05971200399326978, 'gamma': 3.2188208036024255e-08, 'min_child_weight': 58.5928635790038}. Best is trial 0 with value: 30.53621294381453.[0m
[32m[I 2023-01-29 23:24:41,547][0m Trial 4 finished with value: 30.53621294381453 and parameters: {'max_depth': 11, 'learning_rate': 0.04162946890026078, 'colsample_bytree': 0.4633009018331788, 'subsample': 0.5171503376217323, 'alpha': 0.051964460566470146, 'lambda': 0.011806796342275164, 'gamma': 0.0009844669237292266, 'min_child_weight': 597.174798468189}. Best is trial 0 with value: 30.53621294381453.[0m
[32m[I 2023-01-29 23:24:54,265][0m Trial 5 finished with value: 0.32362256286997004 and parameters: {'max_depth': 9, 'learning_rate': 0.030486391820450123, 'colsample_bytree': 0.3726677137700833, 'subsample': 0.6175143133497486, 'alpha': 0.37372578650240545, 'lambda': 3.336971520305419e-08, 'gamma': 0.7754828402642463, 'min_child_weight': 17.103074711611693}. Best is trial 5 with value: 0.32362256286997004.[0m
[32m[I 2023-01-29 23:24:58,022][0m Trial 6 finished with value: 30.53621294381453 and parameters: {'max_depth': 4, 'learning_rate': 0.010624215152102963, 'colsample_bytree': 0.30490924992026125, 'subsample': 0.7437145829936807, 'alpha': 0.01471669543122012, 'lambda': 4.950734654876109, 'gamma': 3.905013417707782e-07, 'min_child_weight': 792.9791014070719}. Best is trial 5 with value: 0.32362256286997004.[0m
[32m[I 2023-01-29 23:25:33,957][0m Trial 7 finished with value: 0.2676368599126161 and parameters: {'max_depth': 5, 'learning_rate': 0.021844647946310584, 'colsample_bytree': 0.2978935637565084, 'subsample': 0.6945899034698879, 'alpha': 2.9236678454672598, 'lambda': 0.00197230249454408, 'gamma': 0.005725354703365607, 'min_child_weight': 12.641216570962865}. Best is trial 7 with value: 0.2676368599126161.[0m
[32m[I 2023-01-29 23:25:37,375][0m Trial 8 finished with value: 30.53621294381453 and parameters: {'max_depth': 8, 'learning_rate': 0.04884455994741487, 'colsample_bytree': 0.4298111297108724, 'subsample': 0.7307760130513172, 'alpha': 0.20412995229328462, 'lambda': 0.001631687775345892, 'gamma': 0.13940883284270142, 'min_child_weight': 70.72254449717482}. Best is trial 7 with value: 0.2676368599126161.[0m
[32m[I 2023-01-29 23:25:41,063][0m Trial 9 finished with value: 30.53621294381453 and parameters: {'max_depth': 12, 'learning_rate': 0.014255449161794368, 'colsample_bytree': 0.4034724433109933, 'subsample': 0.6012725606067151, 'alpha': 0.02679408741335582, 'lambda': 0.00011088384699910948, 'gamma': 3.14909160330647e-06, 'min_child_weight': 360.1956870154361}. Best is trial 7 with value: 0.2676368599126161.[0m
[32m[I 2023-01-29 23:27:24,669][0m Trial 10 finished with value: 0.24165546949961764 and parameters: {'max_depth': 5, 'learning_rate': 0.006567809537515869, 'colsample_bytree': 0.21621561786557644, 'subsample': 0.7970940592228932, 'alpha': 1.3377133540080883, 'lambda': 1.0144403074360882e-05, 'gamma': 1.5627923896721316e-05, 'min_child_weight': 10.640987174643799}. Best is trial 10 with value: 0.24165546949961764.[0m
[32m[I 2023-01-29 23:28:38,654][0m Trial 11 finished with value: 0.2689176963719886 and parameters: {'max_depth': 5, 'learning_rate': 0.005543865511666535, 'colsample_bytree': 0.20765676745546233, 'subsample': 0.6834696849362206, 'alpha': 1.4466901926024043, 'lambda': 6.041790057262062e-06, 'gamma': 4.151987376386764e-05, 'min_child_weight': 13.873126188153087}. Best is trial 10 with value: 0.24165546949961764.[0m
[32m[I 2023-01-29 23:30:13,183][0m Trial 12 finished with value: 0.2443005198088432 and parameters: {'max_depth': 6, 'learning_rate': 0.005866792705150466, 'colsample_bytree': 0.2910589056855634, 'subsample': 0.793600856214006, 'alpha': 1.229291320063178, 'lambda': 1.1607426795989462e-05, 'gamma': 0.00013753625403400063, 'min_child_weight': 10.78902132681466}. Best is trial 10 with value: 0.24165546949961764.[0m
[32m[I 2023-01-29 23:30:17,882][0m Trial 13 finished with value: 30.53621294381453 and parameters: {'max_depth': 7, 'learning_rate': 0.005422737367983435, 'colsample_bytree': 0.2917798509828567, 'subsample': 0.7978228010594824, 'alpha': 0.6779098352750199, 'lambda': 5.508214574555719e-06, 'gamma': 3.8268457229600976e-05, 'min_child_weight': 173.1555108719887}. Best is trial 10 with value: 0.24165546949961764.[0m
[32m[I 2023-01-29 23:31:01,723][0m Trial 14 finished with value: 0.32605436519135333 and parameters: {'max_depth': 6, 'learning_rate': 0.00810852828920434, 'colsample_bytree': 0.2533676735480054, 'subsample': 0.7916145209323586, 'alpha': 1.148197893820709, 'lambda': 1.3086313637286283e-05, 'gamma': 6.485156403203602e-05, 'min_child_weight': 25.97491109022437}. Best is trial 10 with value: 0.24165546949961764.[0m
[32m[I 2023-01-29 23:31:05,990][0m Trial 15 finished with value: 30.53621294381453 and parameters: {'max_depth': 6, 'learning_rate': 0.007455611469014283, 'colsample_bytree': 0.3540365674811706, 'subsample': 0.5486652629805829, 'alpha': 0.2782118277902271, 'lambda': 5.922197028605609e-07, 'gamma': 2.700834223045526e-06, 'min_child_weight': 177.37924521155963}. Best is trial 10 with value: 0.24165546949961764.[0m
[32m[I 2023-01-29 23:31:24,592][0m Trial 16 finished with value: 26.674548325755516 and parameters: {'max_depth': 4, 'learning_rate': 0.008129558517074439, 'colsample_bytree': 0.25804328607058596, 'subsample': 0.4044934556583538, 'alpha': 9.35511413122349, 'lambda': 5.3968385325747976e-05, 'gamma': 0.0002581467289011651, 'min_child_weight': 22.28790554543557}. Best is trial 10 with value: 0.24165546949961764.[0m
[32m[I 2023-01-29 23:32:59,975][0m Trial 17 finished with value: 0.25505424727702647 and parameters: {'max_depth': 7, 'learning_rate': 0.010613176832023383, 'colsample_bytree': 0.32971506955233526, 'subsample': 0.6369468342386365, 'alpha': 2.6349971966520904, 'lambda': 8.075318525680044e-07, 'gamma': 4.311350068377529e-06, 'min_child_weight': 10.962200626124082}. Best is trial 10 with value: 0.24165546949961764.[0m
[32m[I 2023-01-29 23:33:05,000][0m Trial 18 finished with value: 30.53621294381453 and parameters: {'max_depth': 6, 'learning_rate': 0.00609665355480582, 'colsample_bytree': 0.2706359850266361, 'subsample': 0.735024722114105, 'alpha': 0.6640731115806414, 'lambda': 1.5611060631108224e-08, 'gamma': 4.6441204017974815, 'min_child_weight': 121.93691450689178}. Best is trial 10 with value: 0.24165546949961764.[0m
[32m[I 2023-01-29 23:33:10,434][0m Trial 19 finished with value: 30.53621294381453 and parameters: {'max_depth': 5, 'learning_rate': 0.011924259172799117, 'colsample_bytree': 0.2010018672710816, 'subsample': 0.5549141775553947, 'alpha': 0.16001169325529843, 'lambda': 5.003708019138962e-05, 'gamma': 0.0013880734266108062, 'min_child_weight': 41.23949608090895}. Best is trial 10 with value: 0.24165546949961764.[0m
[32m[I 2023-01-29 23:35:01,365][0m Trial 20 finished with value: 0.24535370493326408 and parameters: {'max_depth': 7, 'learning_rate': 0.0077850600546384196, 'colsample_bytree': 0.3344033826157345, 'subsample': 0.7787164290127743, 'alpha': 1.5275184350938587, 'lambda': 1.211085262343386e-06, 'gamma': 0.00938475830895533, 'min_child_weight': 10.387701473876321}. Best is trial 10 with value: 0.24165546949961764.[0m
[32m[I 2023-01-29 23:36:22,885][0m Trial 21 finished with value: 0.24288091858438404 and parameters: {'max_depth': 7, 'learning_rate': 0.007105089611980685, 'colsample_bytree': 0.3427209444904343, 'subsample': 0.799554507508218, 'alpha': 1.2007671781415923, 'lambda': 1.2694915551190414e-06, 'gamma': 0.025186372273789746, 'min_child_weight': 10.607879666859288}. Best is trial 10 with value: 0.24165546949961764.[0m
[32m[I 2023-01-29 23:37:07,800][0m Trial 22 finished with value: 0.3257933086806892 and parameters: {'max_depth': 8, 'learning_rate': 0.006154244550788296, 'colsample_bytree': 0.38251724651665014, 'subsample': 0.715303946209606, 'alpha': 0.7163613464791033, 'lambda': 1.9530717969812054e-07, 'gamma': 0.06503721856340454, 'min_child_weight': 19.232353976461866}. Best is trial 10 with value: 0.24165546949961764.[0m
[32m[I 2023-01-29 23:40:22,168][0m Trial 23 finished with value: 0.33799444288976843 and parameters: {'max_depth': 6, 'learning_rate': 0.005005058086996893, 'colsample_bytree': 0.2473868532481614, 'subsample': 0.7653013803115853, 'alpha': 4.7746238586433, 'lambda': 8.34120266969191e-06, 'gamma': 0.0003600165174476428, 'min_child_weight': 18.56726039760106}. Best is trial 10 with value: 0.24165546949961764.[0m
[32m[I 2023-01-29 23:41:46,383][0m Trial 24 finished with value: 0.3277804545166999 and parameters: {'max_depth': 8, 'learning_rate': 0.006712954417461807, 'colsample_bytree': 0.3112034428609751, 'subsample': 0.7989664364970983, 'alpha': 1.5966424313038188, 'lambda': 0.0004038405021004134, 'gamma': 1.5300645973556285e-05, 'min_child_weight': 30.481459800086032}. Best is trial 10 with value: 0.24165546949961764.[0m
[32m[I 2023-01-29 23:42:56,338][0m Trial 25 finished with value: 0.2693894774281242 and parameters: {'max_depth': 5, 'learning_rate': 0.009038561781732998, 'colsample_bytree': 0.27923255697280513, 'subsample': 0.7049894717941194, 'alpha': 0.4104470474964245, 'lambda': 2.5021068559596863e-06, 'gamma': 0.10535253929440845, 'min_child_weight': 15.025973147169205}. Best is trial 10 with value: 0.24165546949961764.[0m
