[32m[I 2023-01-29 18:11:56,734][0m Trial 84 finished with value: 0.09912629816216295 and parameters: {'max_depth': 4, 'learning_rate': 0.03101404926596033, 'colsample_bytree': 0.4219631283188455, 'subsample': 0.5110181913005228, 'alpha': 0.046827675432100854, 'lambda': 0.38271662781604704, 'gamma': 2.3514938144162042e-07, 'min_child_weight': 13.971322381955849}. Best is trial 42 with value: 0.0962182271097927.[0m
[32m[I 2023-01-29 18:13:07,936][0m Trial 85 finished with value: 0.09815005014988287 and parameters: {'max_depth': 5, 'learning_rate': 0.02050197372002897, 'colsample_bytree': 0.4623142529919679, 'subsample': 0.40300532194475736, 'alpha': 0.03025447051178598, 'lambda': 0.0400633006950964, 'gamma': 1.193598056438657e-07, 'min_child_weight': 11.121944243686706}. Best is trial 42 with value: 0.0962182271097927.[0m
[32m[I 2023-01-29 18:15:17,601][0m Trial 86 finished with value: 0.09873238399932367 and parameters: {'max_depth': 5, 'learning_rate': 0.017927360203338776, 'colsample_bytree': 0.5678972924225836, 'subsample': 0.43685250898167577, 'alpha': 0.021644621320142013, 'lambda': 0.03811696956192995, 'gamma': 1.898997551022658e-08, 'min_child_weight': 11.138166074488897}. Best is trial 42 with value: 0.0962182271097927.[0m
[32m[I 2023-01-29 18:16:28,136][0m Trial 87 finished with value: 0.09879127266811794 and parameters: {'max_depth': 5, 'learning_rate': 0.020260367510002705, 'colsample_bytree': 0.49563666545525226, 'subsample': 0.40011943829020546, 'alpha': 0.02902513562943312, 'lambda': 0.16598068719599843, 'gamma': 1.147437638079009e-07, 'min_child_weight': 17.41115166736716}. Best is trial 42 with value: 0.0962182271097927.[0m
[32m[I 2023-01-29 18:16:48,497][0m Trial 88 finished with value: 0.09928392838571964 and parameters: {'max_depth': 6, 'learning_rate': 0.02316061989969971, 'colsample_bytree': 0.5180629044568581, 'subsample': 0.42236239712475754, 'alpha': 0.024032936196277565, 'lambda': 0.013553435814373281, 'gamma': 4.775171383843063e-07, 'min_child_weight': 14.809355883655142}. Best is trial 42 with value: 0.0962182271097927.[0m
[32m[I 2023-01-29 18:17:06,712][0m Trial 89 finished with value: 0.10909686419982041 and parameters: {'max_depth': 5, 'learning_rate': 0.018730242263450526, 'colsample_bytree': 0.5044341842947645, 'subsample': 0.4090031215766773, 'alpha': 0.013362406458007152, 'lambda': 0.00033741727637604104, 'gamma': 4.3044335424422285e-08, 'min_child_weight': 29.03670046175745}. Best is trial 42 with value: 0.0962182271097927.[0m
[32m[I 2023-01-29 18:17:48,489][0m Trial 90 finished with value: 0.10054867856528393 and parameters: {'max_depth': 6, 'learning_rate': 0.013904564412918425, 'colsample_bytree': 0.5315403846867542, 'subsample': 0.44823435832388875, 'alpha': 0.017413190799999378, 'lambda': 0.007919289355026636, 'gamma': 1.4911390686200888e-07, 'min_child_weight': 22.692135833414035}. Best is trial 42 with value: 0.0962182271097927.[0m
[32m[I 2023-01-29 18:18:11,497][0m Trial 91 finished with value: 0.1011115168751074 and parameters: {'max_depth': 4, 'learning_rate': 0.025965048445509828, 'colsample_bytree': 0.46296867151463234, 'subsample': 0.6685283610445539, 'alpha': 0.03289574180773479, 'lambda': 0.0008164027040828522, 'gamma': 1.5419623503046744e-08, 'min_child_weight': 12.50329460598763}. Best is trial 42 with value: 0.0962182271097927.[0m
[32m[I 2023-01-29 18:18:39,556][0m Trial 92 finished with value: 0.09922134863764136 and parameters: {'max_depth': 4, 'learning_rate': 0.021970637963424095, 'colsample_bytree': 0.4584821078841382, 'subsample': 0.4875543414319222, 'alpha': 0.019951444400061576, 'lambda': 0.002654986494479767, 'gamma': 1.6067438267101496e-06, 'min_child_weight': 11.291018613411001}. Best is trial 42 with value: 0.0962182271097927.[0m
[32m[I 2023-01-29 18:19:30,337][0m Trial 93 finished with value: 0.0990763001073928 and parameters: {'max_depth': 4, 'learning_rate': 0.020514111373969326, 'colsample_bytree': 0.43148593939431956, 'subsample': 0.641308986818663, 'alpha': 0.04826758148277673, 'lambda': 0.9624258884303728, 'gamma': 2.6332628369626142e-08, 'min_child_weight': 12.93095209068109}. Best is trial 42 with value: 0.0962182271097927.[0m
[32m[I 2023-01-29 18:20:09,591][0m Trial 94 finished with value: 0.09855282359742894 and parameters: {'max_depth': 5, 'learning_rate': 0.023546586139338816, 'colsample_bytree': 0.4794236386549655, 'subsample': 0.429088291376444, 'alpha': 0.21832276640311335, 'lambda': 0.018154726491141963, 'gamma': 8.830764430598939e-07, 'min_child_weight': 10.283580180150647}. Best is trial 42 with value: 0.0962182271097927.[0m
[32m[I 2023-01-29 18:21:46,281][0m Trial 95 finished with value: 0.10002803821897517 and parameters: {'max_depth': 5, 'learning_rate': 0.02375606238638711, 'colsample_bytree': 0.47645170802779174, 'subsample': 0.42759188708990825, 'alpha': 0.23202804299296512, 'lambda': 0.04324658373517027, 'gamma': 2.258070252770374e-07, 'min_child_weight': 14.86496519757187}. Best is trial 42 with value: 0.0962182271097927.[0m
[32m[I 2023-01-29 18:22:56,297][0m Trial 96 finished with value: 0.10005964702536449 and parameters: {'max_depth': 5, 'learning_rate': 0.017252717727604963, 'colsample_bytree': 0.48457562876166793, 'subsample': 0.41404843571465544, 'alpha': 0.15127605211221182, 'lambda': 0.017930416700426412, 'gamma': 6.710898847927766e-08, 'min_child_weight': 10.23945038747762}. Best is trial 42 with value: 0.0962182271097927.[0m
[32m[I 2023-01-29 18:23:55,705][0m Trial 97 finished with value: 0.09956114024246812 and parameters: {'max_depth': 7, 'learning_rate': 0.02088321883377127, 'colsample_bytree': 0.5057481653774859, 'subsample': 0.4362058051701445, 'alpha': 0.30023378168902787, 'lambda': 0.10097736934247141, 'gamma': 7.232101243331268e-07, 'min_child_weight': 19.474062590135063}. Best is trial 42 with value: 0.0962182271097927.[0m
[32m[I 2023-01-29 18:25:30,756][0m Trial 98 finished with value: 0.09791088090559624 and parameters: {'max_depth': 6, 'learning_rate': 0.01874502080243595, 'colsample_bytree': 0.4439587437979264, 'subsample': 0.42570679761302344, 'alpha': 0.11916389603146497, 'lambda': 0.2641688534624582, 'gamma': 0.0052383435094550575, 'min_child_weight': 12.85904416425303}. Best is trial 42 with value: 0.0962182271097927.[0m
[32m[I 2023-01-29 18:27:02,442][0m Trial 99 finished with value: 0.09872320242739818 and parameters: {'max_depth': 7, 'learning_rate': 0.018428078212559713, 'colsample_bytree': 0.46890212087279515, 'subsample': 0.41278720222870074, 'alpha': 0.12936450117229065, 'lambda': 0.3479187969963998, 'gamma': 0.004982353008378232, 'min_child_weight': 16.651660908663086}. Best is trial 42 with value: 0.0962182271097927.[0m
2023-01-29 18:27:02.444 | ERROR    | __main__:<module>:78 - need to call fit or load_model beforehand
Traceback (most recent call last):

> File "/Users/kevinmaikjablonka/git/kjappelbaum/gptchem/experiments/04_regression/henry/run_experiments.py", line 76, in <module>
    run_experiment(train_size, target, i + 22332642)
    │              │           │       └ 0
    │              │           └ ('logKH_CH4', 'CH4 Henry coefficient')
    │              └ 1000
    └ <function run_experiment at 0x1033cb0d0>

  File "/Users/kevinmaikjablonka/git/kjappelbaum/gptchem/experiments/04_regression/henry/run_experiments.py", line 43, in run_experiment
    baseline_res = train_test_henry_regression_baseline(
                   └ <function train_test_henry_regression_baseline at 0x2ac8791f0>

  File "/Users/kevinmaikjablonka/git/kjappelbaum/gptchem/src/gptchem/baselines/henry.py", line 406, in train_test_henry_regression_baseline
    predictions = baseline.predict(X_test.values)
                  │        │       │      └ <property object at 0x29df00450>
                  │        │       └            Di       Df  ...  sum-D_mc_CRY-S-2-all  sum-D_mc_CRY-S-3-all
                  │        │         4546  6.82504  4.15814  ...                 11.88    ...
                  │        └ <function XGBRegressionBaseline.predict at 0x2ad662790>
                  └ <gptchem.models.xgboost.XGBRegressionBaseline object at 0x2af9c3790>

  File "/Users/kevinmaikjablonka/git/kjappelbaum/gptchem/src/gptchem/models/xgboost.py", line 208, in predict
    return self.model.predict(X_values)
           │    │     │       └ array([[  6.82504,   4.15814,   6.82504, ...,  12.76   ,  11.88   ,
           │    │     │                  24.64   ],
           │    │     │                [  4.19127,   3.03146,   4.191...
           │    │     └ <function XGBModel.predict at 0x2ad63e820>
           │    └ XGBRegressor(alpha=0.029432780137915903, base_score=None, booster=None,
           │                   callbacks=None, colsample_bylevel=None, ...
           └ <gptchem.models.xgboost.XGBRegressionBaseline object at 0x2af9c3790>

  File "/Users/kevinmaikjablonka/miniconda3/envs/gptchem/lib/python3.9/site-packages/xgboost/sklearn.py", line 1109, in predict
    self.get_booster(), ntree_limit, iteration_range
    │    │              │            └ None
    │    │              └ None
    │    └ <function XGBModel.get_booster at 0x2ad63af70>
    └ XGBRegressor(alpha=0.029432780137915903, base_score=None, booster=None,
                   callbacks=None, colsample_bylevel=None, ...
  File "/Users/kevinmaikjablonka/miniconda3/envs/gptchem/lib/python3.9/site-packages/xgboost/sklearn.py", line 649, in get_booster
    raise NotFittedError("need to call fit or load_model beforehand")
          └ <class 'sklearn.exceptions.NotFittedError'>

sklearn.exceptions.NotFittedError: need to call fit or load_model beforehand
[32m[I 2023-01-29 18:27:02,655][0m A new study created in memory with name: no-name-9b3a225a-ac09-48be-93fa-cd384af23bd1[0m
[32m[I 2023-01-29 18:27:05,060][0m Trial 0 finished with value: 17.41571414687497 and parameters: {'max_depth': 11, 'learning_rate': 0.03943180702221767, 'colsample_bytree': 0.48338277698454657, 'subsample': 0.6667880916971854, 'alpha': 0.07695356446858977, 'lambda': 0.0011960555391446264, 'gamma': 0.011558526456888882, 'min_child_weight': 591.1193593817245}. Best is trial 0 with value: 17.41571414687497.[0m
[32m[I 2023-01-29 18:28:18,442][0m Trial 1 finished with value: 0.7931962631793481 and parameters: {'max_depth': 10, 'learning_rate': 0.041134316655128254, 'colsample_bytree': 0.22968076844783064, 'subsample': 0.4464499696175606, 'alpha': 7.181717181976198, 'lambda': 1.562370075120558e-07, 'gamma': 1.592922235503172e-07, 'min_child_weight': 31.920798758958732}. Best is trial 1 with value: 0.7931962631793481.[0m
[32m[I 2023-01-29 18:34:47,875][0m Trial 2 finished with value: 0.769648808400954 and parameters: {'max_depth': 11, 'learning_rate': 0.018174141335350915, 'colsample_bytree': 0.5604454522456577, 'subsample': 0.7574852124218824, 'alpha': 3.4380016701469245, 'lambda': 0.5568909988317814, 'gamma': 7.527426349222389e-08, 'min_child_weight': 46.33736847648717}. Best is trial 2 with value: 0.769648808400954.[0m
[32m[I 2023-01-29 18:37:25,942][0m Trial 3 finished with value: 0.7871808349347933 and parameters: {'max_depth': 9, 'learning_rate': 0.028378909616250787, 'colsample_bytree': 0.5801596986666466, 'subsample': 0.4947504468141251, 'alpha': 0.019466965890188696, 'lambda': 0.05971200399326978, 'gamma': 3.2188208036024255e-08, 'min_child_weight': 58.5928635790038}. Best is trial 2 with value: 0.769648808400954.[0m
[32m[I 2023-01-29 18:37:28,577][0m Trial 4 finished with value: 17.41571414687497 and parameters: {'max_depth': 11, 'learning_rate': 0.04162946890026078, 'colsample_bytree': 0.4633009018331788, 'subsample': 0.5171503376217323, 'alpha': 0.051964460566470146, 'lambda': 0.011806796342275164, 'gamma': 0.0009844669237292266, 'min_child_weight': 597.174798468189}. Best is trial 2 with value: 0.769648808400954.[0m
[32m[I 2023-01-29 18:39:02,394][0m Trial 5 finished with value: 0.7609318045230129 and parameters: {'max_depth': 9, 'learning_rate': 0.030486391820450123, 'colsample_bytree': 0.3726677137700833, 'subsample': 0.6175143133497486, 'alpha': 0.37372578650240545, 'lambda': 3.336971520305419e-08, 'gamma': 0.7754828402642463, 'min_child_weight': 17.103074711611693}. Best is trial 5 with value: 0.7609318045230129.[0m
[32m[I 2023-01-29 18:39:03,989][0m Trial 6 finished with value: 17.41571414687497 and parameters: {'max_depth': 4, 'learning_rate': 0.010624215152102963, 'colsample_bytree': 0.30490924992026125, 'subsample': 0.7437145829936807, 'alpha': 0.01471669543122012, 'lambda': 4.950734654876109, 'gamma': 3.905013417707782e-07, 'min_child_weight': 792.9791014070719}. Best is trial 5 with value: 0.7609318045230129.[0m
[32m[I 2023-01-29 18:41:31,868][0m Trial 7 finished with value: 0.7538905566028197 and parameters: {'max_depth': 5, 'learning_rate': 0.021844647946310584, 'colsample_bytree': 0.2978935637565084, 'subsample': 0.6945899034698879, 'alpha': 2.9236678454672598, 'lambda': 0.00197230249454408, 'gamma': 0.005725354703365607, 'min_child_weight': 12.641216570962865}. Best is trial 7 with value: 0.7538905566028197.[0m
[32m[I 2023-01-29 18:43:57,245][0m Trial 8 finished with value: 0.7923671310969842 and parameters: {'max_depth': 8, 'learning_rate': 0.04884455994741487, 'colsample_bytree': 0.4298111297108724, 'subsample': 0.7307760130513172, 'alpha': 0.20412995229328462, 'lambda': 0.001631687775345892, 'gamma': 0.13940883284270142, 'min_child_weight': 70.72254449717482}. Best is trial 7 with value: 0.7538905566028197.[0m
[32m[I 2023-01-29 18:44:55,947][0m Trial 9 finished with value: 1.2472471764940303 and parameters: {'max_depth': 12, 'learning_rate': 0.014255449161794368, 'colsample_bytree': 0.4034724433109933, 'subsample': 0.6012725606067151, 'alpha': 0.02679408741335582, 'lambda': 0.00011088384699910948, 'gamma': 3.14909160330647e-06, 'min_child_weight': 360.1956870154361}. Best is trial 7 with value: 0.7538905566028197.[0m
[32m[I 2023-01-29 18:53:04,984][0m Trial 10 finished with value: 0.7488568350989634 and parameters: {'max_depth': 5, 'learning_rate': 0.006567809537515869, 'colsample_bytree': 0.21621561786557644, 'subsample': 0.7970940592228932, 'alpha': 1.3377133540080883, 'lambda': 1.0144403074360882e-05, 'gamma': 1.5627923896721316e-05, 'min_child_weight': 10.640987174643799}. Best is trial 10 with value: 0.7488568350989634.[0m
[32m[I 2023-01-29 18:58:08,003][0m Trial 11 finished with value: 0.7542883815124661 and parameters: {'max_depth': 5, 'learning_rate': 0.005543865511666535, 'colsample_bytree': 0.20765676745546233, 'subsample': 0.6834696849362206, 'alpha': 1.4466901926024043, 'lambda': 6.041790057262062e-06, 'gamma': 4.151987376386764e-05, 'min_child_weight': 13.873126188153087}. Best is trial 10 with value: 0.7488568350989634.[0m
[32m[I 2023-01-29 19:01:53,586][0m Trial 12 finished with value: 0.7461365470453799 and parameters: {'max_depth': 6, 'learning_rate': 0.005866792705150466, 'colsample_bytree': 0.2910589056855634, 'subsample': 0.793600856214006, 'alpha': 1.229291320063178, 'lambda': 1.1607426795989462e-05, 'gamma': 0.00013753625403400063, 'min_child_weight': 10.78902132681466}. Best is trial 12 with value: 0.7461365470453799.[0m
[32m[I 2023-01-29 19:07:22,095][0m Trial 13 finished with value: 0.8853131672330802 and parameters: {'max_depth': 7, 'learning_rate': 0.005422737367983435, 'colsample_bytree': 0.2917798509828567, 'subsample': 0.7978228010594824, 'alpha': 0.6779098352750199, 'lambda': 5.508214574555719e-06, 'gamma': 3.8268457229600976e-05, 'min_child_weight': 173.1555108719887}. Best is trial 12 with value: 0.7461365470453799.[0m
[32m[I 2023-01-29 19:12:05,173][0m Trial 14 finished with value: 0.7669407657126094 and parameters: {'max_depth': 6, 'learning_rate': 0.00810852828920434, 'colsample_bytree': 0.2533676735480054, 'subsample': 0.7916145209323586, 'alpha': 1.148197893820709, 'lambda': 1.3086313637286283e-05, 'gamma': 6.485156403203602e-05, 'min_child_weight': 25.97491109022437}. Best is trial 12 with value: 0.7461365470453799.[0m
[32m[I 2023-01-29 19:30:55,744][0m Trial 15 finished with value: 0.9596029601798716 and parameters: {'max_depth': 6, 'learning_rate': 0.007455611469014283, 'colsample_bytree': 0.3540365674811706, 'subsample': 0.5486652629805829, 'alpha': 0.2782118277902271, 'lambda': 5.922197028605609e-07, 'gamma': 2.700834223045526e-06, 'min_child_weight': 177.37924521155963}. Best is trial 12 with value: 0.7461365470453799.[0m
[32m[I 2023-01-29 20:05:20,200][0m Trial 16 finished with value: 0.8072400257656135 and parameters: {'max_depth': 4, 'learning_rate': 0.008129558517074439, 'colsample_bytree': 0.25804328607058596, 'subsample': 0.4044934556583538, 'alpha': 9.35511413122349, 'lambda': 5.3968385325747976e-05, 'gamma': 0.0002581467289011651, 'min_child_weight': 22.28790554543557}. Best is trial 12 with value: 0.7461365470453799.[0m
[32m[I 2023-01-29 21:33:35,684][0m Trial 17 finished with value: 0.7551576335919425 and parameters: {'max_depth': 7, 'learning_rate': 0.010613176832023383, 'colsample_bytree': 0.32971506955233526, 'subsample': 0.6369468342386365, 'alpha': 2.6349971966520904, 'lambda': 8.075318525680044e-07, 'gamma': 4.311350068377529e-06, 'min_child_weight': 10.962200626124082}. Best is trial 12 with value: 0.7461365470453799.[0m
[32m[I 2023-01-29 21:46:49,237][0m Trial 18 finished with value: 0.8786292546008907 and parameters: {'max_depth': 6, 'learning_rate': 0.00609665355480582, 'colsample_bytree': 0.2706359850266361, 'subsample': 0.735024722114105, 'alpha': 0.6640731115806414, 'lambda': 1.5611060631108224e-08, 'gamma': 4.6441204017974815, 'min_child_weight': 121.93691450689178}. Best is trial 12 with value: 0.7461365470453799.[0m
[32m[I 2023-01-29 21:50:30,647][0m Trial 19 finished with value: 0.7826688776782973 and parameters: {'max_depth': 5, 'learning_rate': 0.011924259172799117, 'colsample_bytree': 0.2010018672710816, 'subsample': 0.5549141775553947, 'alpha': 0.16001169325529843, 'lambda': 5.003708019138962e-05, 'gamma': 0.0013880734266108062, 'min_child_weight': 41.23949608090895}. Best is trial 12 with value: 0.7461365470453799.[0m
[32m[I 2023-01-29 22:00:32,486][0m Trial 20 finished with value: 0.7478221799691559 and parameters: {'max_depth': 7, 'learning_rate': 0.0077850600546384196, 'colsample_bytree': 0.3344033826157345, 'subsample': 0.7787164290127743, 'alpha': 1.5275184350938587, 'lambda': 1.211085262343386e-06, 'gamma': 0.00938475830895533, 'min_child_weight': 10.387701473876321}. Best is trial 12 with value: 0.7461365470453799.[0m
[32m[I 2023-01-29 22:08:55,590][0m Trial 21 finished with value: 0.7475941159611739 and parameters: {'max_depth': 7, 'learning_rate': 0.007105089611980685, 'colsample_bytree': 0.3427209444904343, 'subsample': 0.799554507508218, 'alpha': 1.2007671781415923, 'lambda': 1.2694915551190414e-06, 'gamma': 0.025186372273789746, 'min_child_weight': 10.607879666859288}. Best is trial 12 with value: 0.7461365470453799.[0m
[32m[I 2023-01-29 22:13:21,176][0m Trial 22 finished with value: 0.7621460625896874 and parameters: {'max_depth': 7, 'learning_rate': 0.009133350932340141, 'colsample_bytree': 0.3451005703729928, 'subsample': 0.713543828509556, 'alpha': 0.5398924466638375, 'lambda': 8.849496265834538e-07, 'gamma': 0.05143218868693453, 'min_child_weight': 20.50936844302949}. Best is trial 12 with value: 0.7461365470453799.[0m
[32m[I 2023-01-29 22:29:32,037][0m Trial 23 finished with value: 0.7510939143052058 and parameters: {'max_depth': 8, 'learning_rate': 0.005010222283636901, 'colsample_bytree': 0.3872758519396821, 'subsample': 0.7653013803115853, 'alpha': 4.559519541007355, 'lambda': 1.1371755701992488e-07, 'gamma': 0.01313852815118751, 'min_child_weight': 16.057156809884894}. Best is trial 12 with value: 0.7461365470453799.[0m
[32m[I 2023-01-29 22:41:10,273][0m Trial 24 finished with value: 0.7454819429334204 and parameters: {'max_depth': 7, 'learning_rate': 0.006866885309737644, 'colsample_bytree': 0.32924623061794617, 'subsample': 0.7681370400931046, 'alpha': 1.492174903257795, 'lambda': 1.8807565848883844e-06, 'gamma': 0.0005034040995014333, 'min_child_weight': 10.320862229646911}. Best is trial 24 with value: 0.7454819429334204.[0m
[32m[I 2023-01-29 22:52:10,968][0m Trial 25 finished with value: 0.7640321911684314 and parameters: {'max_depth': 9, 'learning_rate': 0.006754590356888094, 'colsample_bytree': 0.4253664057859452, 'subsample': 0.7150468681265784, 'alpha': 2.0522083120742303, 'lambda': 0.00021093207582931534, 'gamma': 0.000352458418961926, 'min_child_weight': 29.006777100296702}. Best is trial 24 with value: 0.7454819429334204.[0m
[32m[I 2023-01-29 22:57:41,946][0m Trial 26 finished with value: 0.7568431727007823 and parameters: {'max_depth': 8, 'learning_rate': 0.013522529384353693, 'colsample_bytree': 0.3109376431766298, 'subsample': 0.761376924901042, 'alpha': 5.171513354160605, 'lambda': 2.6848681598439706e-06, 'gamma': 0.11445441777833155, 'min_child_weight': 18.682065295569547}. Best is trial 24 with value: 0.7454819429334204.[0m
[32m[I 2023-01-29 23:03:36,881][0m Trial 27 finished with value: 0.8004550778675904 and parameters: {'max_depth': 6, 'learning_rate': 0.009532106914766886, 'colsample_bytree': 0.3642548109902911, 'subsample': 0.6464937622404459, 'alpha': 0.9137854627670291, 'lambda': 1.237917805321738e-07, 'gamma': 0.0016972457258767058, 'min_child_weight': 79.17533936456755}. Best is trial 24 with value: 0.7454819429334204.[0m
[32m[I 2023-01-29 23:08:54,017][0m Trial 28 finished with value: 0.7713118970312138 and parameters: {'max_depth': 8, 'learning_rate': 0.006182814403793601, 'colsample_bytree': 0.27720893893166854, 'subsample': 0.7067576309914394, 'alpha': 0.3980079372158582, 'lambda': 2.8886303672021896e-05, 'gamma': 0.0003016530381526153, 'min_child_weight': 35.49979477288387}. Best is trial 24 with value: 0.7454819429334204.[0m
