[32m[I 2023-01-30 03:00:36,347][0m Trial 62 finished with value: 0.20842655574166574 and parameters: {'max_depth': 6, 'learning_rate': 0.03442632488114334, 'colsample_bytree': 0.2016649833257192, 'subsample': 0.788550536934824, 'alpha': 1.5578771570182177, 'lambda': 6.074067728087782, 'gamma': 9.962285967517261e-07, 'min_child_weight': 12.343208938090811}. Best is trial 51 with value: 0.2030307048336062.[0m
[32m[I 2023-01-30 03:01:05,149][0m Trial 63 finished with value: 0.21483835851776584 and parameters: {'max_depth': 5, 'learning_rate': 0.03846080374825813, 'colsample_bytree': 0.24631091650079084, 'subsample': 0.7712161445914274, 'alpha': 0.011848911747345415, 'lambda': 2.387862730383549, 'gamma': 0.00011960120043635874, 'min_child_weight': 17.570319892599958}. Best is trial 51 with value: 0.2030307048336062.[0m
[32m[I 2023-01-30 03:01:08,697][0m Trial 64 finished with value: 29.999743227807745 and parameters: {'max_depth': 7, 'learning_rate': 0.005990426079775043, 'colsample_bytree': 0.23000414185193926, 'subsample': 0.7890674897253218, 'alpha': 1.7439488245363026, 'lambda': 0.5830130410519636, 'gamma': 2.975808785729489e-06, 'min_child_weight': 664.9966065213601}. Best is trial 51 with value: 0.2030307048336062.[0m
[32m[I 2023-01-30 03:01:42,156][0m Trial 65 finished with value: 0.2009556298920765 and parameters: {'max_depth': 6, 'learning_rate': 0.03287742397251008, 'colsample_bytree': 0.2922227227878408, 'subsample': 0.7601145648061022, 'alpha': 0.5967470494162969, 'lambda': 8.715879003100424, 'gamma': 1.241018464862061e-07, 'min_child_weight': 11.52333542499643}. Best is trial 65 with value: 0.2009556298920765.[0m
[32m[I 2023-01-30 03:02:00,296][0m Trial 66 finished with value: 0.21824086407691282 and parameters: {'max_depth': 6, 'learning_rate': 0.04512674830082684, 'colsample_bytree': 0.29549027456748106, 'subsample': 0.6364370742252987, 'alpha': 0.7728139838364834, 'lambda': 9.254994963062952, 'gamma': 1.5339247623217452e-07, 'min_child_weight': 14.686584696504083}. Best is trial 65 with value: 0.2009556298920765.[0m
[32m[I 2023-01-30 03:03:19,781][0m Trial 67 finished with value: 0.20833006049043057 and parameters: {'max_depth': 4, 'learning_rate': 0.006670745386212476, 'colsample_bytree': 0.39514811249642645, 'subsample': 0.7611489763909705, 'alpha': 0.6213123073936611, 'lambda': 0.00016590455853620286, 'gamma': 7.2092715774151e-08, 'min_child_weight': 11.077751260210418}. Best is trial 65 with value: 0.2009556298920765.[0m
[32m[I 2023-01-30 03:04:02,553][0m Trial 68 finished with value: 0.2559933138111726 and parameters: {'max_depth': 7, 'learning_rate': 0.00836903323276018, 'colsample_bytree': 0.3237287006628828, 'subsample': 0.7376193661997805, 'alpha': 2.1571403533276614, 'lambda': 0.05605355035113921, 'gamma': 1.271877809919902e-08, 'min_child_weight': 22.97469204219228}. Best is trial 65 with value: 0.2009556298920765.[0m
[32m[I 2023-01-30 03:05:30,958][0m Trial 69 finished with value: 0.2337115965771011 and parameters: {'max_depth': 8, 'learning_rate': 0.005146438496225501, 'colsample_bytree': 0.3541118542217349, 'subsample': 0.7753464476895273, 'alpha': 0.4904766404250811, 'lambda': 3.614263519900204e-05, 'gamma': 0.0018704473833813758, 'min_child_weight': 18.91250590632858}. Best is trial 65 with value: 0.2009556298920765.[0m
[32m[I 2023-01-30 03:11:08,909][0m Trial 70 finished with value: 0.2767296459488554 and parameters: {'max_depth': 5, 'learning_rate': 0.0071593959514306945, 'colsample_bytree': 0.3718604376303938, 'subsample': 0.7517470284008909, 'alpha': 1.238979814102242, 'lambda': 1.7485962540793143e-05, 'gamma': 4.471519321799546e-08, 'min_child_weight': 65.40406932846813}. Best is trial 65 with value: 0.2009556298920765.[0m
[32m[I 2023-01-30 03:11:33,440][0m Trial 71 finished with value: 0.19800850144289064 and parameters: {'max_depth': 6, 'learning_rate': 0.031120014351249153, 'colsample_bytree': 0.26343972321157694, 'subsample': 0.7981268981688573, 'alpha': 0.8615672655980678, 'lambda': 1.6227270603138655, 'gamma': 3.8290623749314765e-07, 'min_child_weight': 11.972095951445457}. Best is trial 71 with value: 0.19800850144289064.[0m
[32m[I 2023-01-30 03:11:59,056][0m Trial 72 finished with value: 0.19684926564167254 and parameters: {'max_depth': 6, 'learning_rate': 0.03858479603935975, 'colsample_bytree': 0.26778660573812063, 'subsample': 0.7873333900840767, 'alpha': 0.9447254836136236, 'lambda': 1.6739357268842006, 'gamma': 2.784581200067584e-07, 'min_child_weight': 11.358425709886006}. Best is trial 72 with value: 0.19684926564167254.[0m
[32m[I 2023-01-30 03:12:24,389][0m Trial 73 finished with value: 0.20808116008915575 and parameters: {'max_depth': 6, 'learning_rate': 0.039783345757800834, 'colsample_bytree': 0.2694915666750118, 'subsample': 0.7791836014513378, 'alpha': 0.894444211309665, 'lambda': 1.3196315855056249, 'gamma': 4.052691767054829e-07, 'min_child_weight': 14.481145798172982}. Best is trial 72 with value: 0.19684926564167254.[0m
[32m[I 2023-01-30 03:12:31,682][0m Trial 74 finished with value: 29.999743227807745 and parameters: {'max_depth': 6, 'learning_rate': 0.03044818767612666, 'colsample_bytree': 0.2587096108574095, 'subsample': 0.7640088525043089, 'alpha': 0.5990332984597739, 'lambda': 0.2843065688465968, 'gamma': 1.2148912138907066e-07, 'min_child_weight': 90.87480359771838}. Best is trial 72 with value: 0.19684926564167254.[0m
[32m[I 2023-01-30 03:12:55,257][0m Trial 75 finished with value: 0.23093996866771188 and parameters: {'max_depth': 7, 'learning_rate': 0.024682992615786627, 'colsample_bytree': 0.2817164374086397, 'subsample': 0.4169496182480112, 'alpha': 0.4097523507118218, 'lambda': 1.1276344620109855, 'gamma': 3.19283452876619e-07, 'min_child_weight': 11.895054703322101}. Best is trial 72 with value: 0.19684926564167254.[0m
[32m[I 2023-01-30 03:13:26,654][0m Trial 76 finished with value: 0.19837309361916494 and parameters: {'max_depth': 8, 'learning_rate': 0.04306301714098624, 'colsample_bytree': 0.30501765028575095, 'subsample': 0.78826647357826, 'alpha': 0.2793710804111174, 'lambda': 7.694596559610526, 'gamma': 2.4366241830036356e-08, 'min_child_weight': 11.192829545090394}. Best is trial 72 with value: 0.19684926564167254.[0m
[32m[I 2023-01-30 03:13:46,713][0m Trial 77 finished with value: 0.21858419351200603 and parameters: {'max_depth': 8, 'learning_rate': 0.03746968409877412, 'colsample_bytree': 0.3045182068195119, 'subsample': 0.7899319629000178, 'alpha': 0.11159565402100316, 'lambda': 0.8113397282822861, 'gamma': 2.5958325626063215e-08, 'min_child_weight': 16.929345709309644}. Best is trial 72 with value: 0.19684926564167254.[0m
[32m[I 2023-01-30 03:14:05,390][0m Trial 78 finished with value: 0.20917534369474305 and parameters: {'max_depth': 9, 'learning_rate': 0.043866115069074896, 'colsample_bytree': 0.31107867875484585, 'subsample': 0.7262355327131768, 'alpha': 0.3177602155054589, 'lambda': 2.009985311364556, 'gamma': 1.984249297202784e-08, 'min_child_weight': 13.989833159995026}. Best is trial 72 with value: 0.19684926564167254.[0m
[32m[I 2023-01-30 03:14:51,481][0m Trial 79 finished with value: 0.20256380062941154 and parameters: {'max_depth': 8, 'learning_rate': 0.03193592691363318, 'colsample_bytree': 0.33691786932535944, 'subsample': 0.770972877644922, 'alpha': 0.18853016244050835, 'lambda': 8.303152751573192, 'gamma': 8.548455925327318e-07, 'min_child_weight': 11.241717726121113}. Best is trial 72 with value: 0.19684926564167254.[0m
[32m[I 2023-01-30 03:15:24,995][0m Trial 80 finished with value: 0.20147074556351247 and parameters: {'max_depth': 8, 'learning_rate': 0.029202191253174182, 'colsample_bytree': 0.2951531205004693, 'subsample': 0.7415971884990564, 'alpha': 0.21994931650131191, 'lambda': 9.895017449185005, 'gamma': 5.456472453942678e-07, 'min_child_weight': 11.567351729842349}. Best is trial 72 with value: 0.19684926564167254.[0m
[32m[I 2023-01-30 03:15:53,648][0m Trial 81 finished with value: 0.20091934012913396 and parameters: {'max_depth': 8, 'learning_rate': 0.03241692468570941, 'colsample_bytree': 0.29138210079745164, 'subsample': 0.7686174349717098, 'alpha': 0.22289778151796938, 'lambda': 8.106447026454477, 'gamma': 5.536522487776905e-07, 'min_child_weight': 11.618253465164802}. Best is trial 72 with value: 0.19684926564167254.[0m
[32m[I 2023-01-30 03:16:24,468][0m Trial 82 finished with value: 0.20166003067101274 and parameters: {'max_depth': 8, 'learning_rate': 0.03204947070544568, 'colsample_bytree': 0.2899397982376663, 'subsample': 0.7461763206010312, 'alpha': 0.24313741860811536, 'lambda': 9.674189717612252, 'gamma': 5.949032893643038e-07, 'min_child_weight': 11.91968568620002}. Best is trial 72 with value: 0.19684926564167254.[0m
[32m[I 2023-01-30 03:16:52,696][0m Trial 83 finished with value: 0.2058220062286727 and parameters: {'max_depth': 8, 'learning_rate': 0.03224838526078311, 'colsample_bytree': 0.29446297740428906, 'subsample': 0.7069830607922372, 'alpha': 0.2199948629746606, 'lambda': 9.602228755065736, 'gamma': 5.979132166583301e-07, 'min_child_weight': 12.318797126380932}. Best is trial 72 with value: 0.19684926564167254.[0m
[32m[I 2023-01-30 03:17:22,522][0m Trial 84 finished with value: 0.21291020537928818 and parameters: {'max_depth': 9, 'learning_rate': 0.028785104220217815, 'colsample_bytree': 0.27650515291371125, 'subsample': 0.7408430728721236, 'alpha': 0.22176097642019896, 'lambda': 4.248664137194565, 'gamma': 2.2865417924268414e-07, 'min_child_weight': 15.021200960259918}. Best is trial 72 with value: 0.19684926564167254.[0m
[32m[I 2023-01-30 03:17:37,553][0m Trial 85 finished with value: 0.24232285440981866 and parameters: {'max_depth': 10, 'learning_rate': 0.03546908102950684, 'colsample_bytree': 0.28532192923812905, 'subsample': 0.757536522236412, 'alpha': 0.15736922871657316, 'lambda': 6.276767764242974, 'gamma': 7.898886545510939e-08, 'min_child_weight': 20.35593789740272}. Best is trial 72 with value: 0.19684926564167254.[0m
[32m[I 2023-01-30 03:18:07,741][0m Trial 86 finished with value: 0.20023704421084676 and parameters: {'max_depth': 8, 'learning_rate': 0.02811375097892248, 'colsample_bytree': 0.30188777677432826, 'subsample': 0.7692103126291607, 'alpha': 0.049722296344240975, 'lambda': 4.8906977799662865, 'gamma': 8.632602459693217e-07, 'min_child_weight': 11.385862676269703}. Best is trial 72 with value: 0.19684926564167254.[0m
[32m[I 2023-01-30 03:18:42,085][0m Trial 87 finished with value: 0.20892597244532035 and parameters: {'max_depth': 9, 'learning_rate': 0.02945620828463205, 'colsample_bytree': 0.3238909763840429, 'subsample': 0.6808869811464937, 'alpha': 0.07030079034792149, 'lambda': 1.9393541595806192, 'gamma': 8.548857243812432e-07, 'min_child_weight': 13.280835199008886}. Best is trial 72 with value: 0.19684926564167254.[0m
[32m[I 2023-01-30 03:19:09,803][0m Trial 88 finished with value: 0.2177107683497586 and parameters: {'max_depth': 8, 'learning_rate': 0.026375975433667084, 'colsample_bytree': 0.30034940533370946, 'subsample': 0.749150760551155, 'alpha': 0.040790428488298294, 'lambda': 9.683927738871656, 'gamma': 4.949405327567351e-07, 'min_child_weight': 16.559832248767197}. Best is trial 72 with value: 0.19684926564167254.[0m
[32m[I 2023-01-30 03:19:13,762][0m Trial 89 finished with value: 29.999743227807745 and parameters: {'max_depth': 8, 'learning_rate': 0.03261789622120685, 'colsample_bytree': 0.31134383229018336, 'subsample': 0.7245803342554036, 'alpha': 0.26780402195579933, 'lambda': 0.1721850023165347, 'gamma': 1.0608817322193832e-07, 'min_child_weight': 477.54005409923343}. Best is trial 72 with value: 0.19684926564167254.[0m
[32m[I 2023-01-30 03:19:44,563][0m Trial 90 finished with value: 0.20124671995376944 and parameters: {'max_depth': 9, 'learning_rate': 0.023789785847374456, 'colsample_bytree': 0.2663624492559247, 'subsample': 0.7669238874495258, 'alpha': 0.17261379439770197, 'lambda': 3.353960319226626, 'gamma': 2.2711496753069668e-07, 'min_child_weight': 11.386472983815649}. Best is trial 72 with value: 0.19684926564167254.[0m
[32m[I 2023-01-30 03:20:13,387][0m Trial 91 finished with value: 0.20328234492170622 and parameters: {'max_depth': 9, 'learning_rate': 0.02748771183995118, 'colsample_bytree': 0.2626951450684555, 'subsample': 0.7622768989311078, 'alpha': 0.18252421251119907, 'lambda': 3.546793378214872, 'gamma': 2.639868759007147e-07, 'min_child_weight': 11.242968397902931}. Best is trial 72 with value: 0.19684926564167254.[0m
[32m[I 2023-01-30 03:20:53,320][0m Trial 92 finished with value: 0.20194440908147054 and parameters: {'max_depth': 11, 'learning_rate': 0.023200214650325363, 'colsample_bytree': 0.2888569389780982, 'subsample': 0.7693961246609899, 'alpha': 0.25895276451682, 'lambda': 5.110383493358042, 'gamma': 4.7152724003764774e-08, 'min_child_weight': 13.28808465237101}. Best is trial 72 with value: 0.19684926564167254.[0m
[32m[I 2023-01-30 03:21:33,061][0m Trial 93 finished with value: 0.20707019197555604 and parameters: {'max_depth': 10, 'learning_rate': 0.023796563226053388, 'colsample_bytree': 0.2877698839044039, 'subsample': 0.7390891730846442, 'alpha': 0.11072150071381492, 'lambda': 4.758311695413555, 'gamma': 4.340039509295999e-08, 'min_child_weight': 13.338224872122263}. Best is trial 72 with value: 0.19684926564167254.[0m
[32m[I 2023-01-30 03:22:02,867][0m Trial 94 finished with value: 0.2154161051768285 and parameters: {'max_depth': 11, 'learning_rate': 0.021071206246562866, 'colsample_bytree': 0.272274895134399, 'subsample': 0.7504605752683248, 'alpha': 0.2518991912846484, 'lambda': 0.780828239177382, 'gamma': 1.8850583068946579e-07, 'min_child_weight': 15.504862593604662}. Best is trial 72 with value: 0.19684926564167254.[0m
[32m[I 2023-01-30 03:22:28,841][0m Trial 95 finished with value: 0.22342400459673506 and parameters: {'max_depth': 12, 'learning_rate': 0.03772334836367315, 'colsample_bytree': 0.2382560076806997, 'subsample': 0.7690154826148116, 'alpha': 0.37270808456524246, 'lambda': 2.006465387414458, 'gamma': 1.731672500209624e-08, 'min_child_weight': 18.242321999358033}. Best is trial 72 with value: 0.19684926564167254.[0m
[32m[I 2023-01-30 03:23:41,395][0m Trial 96 finished with value: 0.2062677854261719 and parameters: {'max_depth': 10, 'learning_rate': 0.0198533259969744, 'colsample_bytree': 0.29945246648496454, 'subsample': 0.7127617517630979, 'alpha': 0.12308706699999604, 'lambda': 3.1361170566583527, 'gamma': 5.6995647325772775e-08, 'min_child_weight': 12.952221249034316}. Best is trial 72 with value: 0.19684926564167254.[0m
[32m[I 2023-01-30 03:24:26,373][0m Trial 97 finished with value: 0.2021261538931439 and parameters: {'max_depth': 11, 'learning_rate': 0.04080877191149961, 'colsample_bytree': 0.46345815784790845, 'subsample': 0.7919725410189332, 'alpha': 0.1373935521674829, 'lambda': 1.2887101268000447, 'gamma': 9.125647075322502e-08, 'min_child_weight': 10.080066994464676}. Best is trial 72 with value: 0.19684926564167254.[0m
[32m[I 2023-01-30 03:25:05,642][0m Trial 98 finished with value: 0.1998474721879468 and parameters: {'max_depth': 8, 'learning_rate': 0.0251197174820692, 'colsample_bytree': 0.2672151056640205, 'subsample': 0.7737061506312101, 'alpha': 0.3067004186063047, 'lambda': 6.056906221047742, 'gamma': 3.1497405234474014e-08, 'min_child_weight': 11.308869571846518}. Best is trial 72 with value: 0.19684926564167254.[0m
[32m[I 2023-01-30 03:25:33,079][0m Trial 99 finished with value: 0.20474805060382933 and parameters: {'max_depth': 9, 'learning_rate': 0.025476877906361148, 'colsample_bytree': 0.25204011261334375, 'subsample': 0.7769074755970944, 'alpha': 0.08188896443417572, 'lambda': 0.4812353029121391, 'gamma': 2.4866065855634918e-08, 'min_child_weight': 11.346094524336683}. Best is trial 72 with value: 0.19684926564167254.[0m
Uploaded file from /Users/kevinmaikjablonka/git/kjappelbaum/gptchem/experiments/04_regression/henry/out/20230130_012153/train.jsonl: file-vuAur3yH6mVjm2Uwt7OcnbHZ
Upload progress:   0%|          | 0.00/34.9k [00:00<?, ?it/s]Upload progress: 100%|██████████| 34.9k/34.9k [00:00<00:00, 75.8Mit/s]
2023-01-30 03:29:47.807 | ERROR    | __main__:<module>:78 - ('logKH_CH4', 'CH4 Henry coefficient')
Traceback (most recent call last):

  File "/Users/kevinmaikjablonka/miniconda3/envs/gptchem/lib/python3.9/site-packages/pandas/core/indexes/base.py", line 3803, in get_loc
    return self._engine.get_loc(casted_key)
           │    │               └ ('logKH_CH4', 'CH4 Henry coefficient')
           │    └ <pandas._libs.properties.CachedProperty object at 0x299c683c0>
           └ Index(['Unnamed: 0', 'ASA [m^2/cm^3]', 'CellV [A^3]', 'Df', 'Di', 'Dif',
                    'NASA [m^2/cm^3]', 'POAV [cm^3/g]', 'POAVF', ...
  File "pandas/_libs/index.pyx", line 138, in pandas._libs.index.IndexEngine.get_loc
    cpdef get_loc(self, object val):
  File "pandas/_libs/index.pyx", line 165, in pandas._libs.index.IndexEngine.get_loc
    return self.mapping.get_item(val)
  File "pandas/_libs/hashtable_class_helper.pxi", line 5745, in pandas._libs.hashtable.PyObjectHashTable.get_item
  File "pandas/_libs/hashtable_class_helper.pxi", line 5753, in pandas._libs.hashtable.PyObjectHashTable.get_item

KeyError: ('logKH_CH4', 'CH4 Henry coefficient')


The above exception was the direct cause of the following exception:


Traceback (most recent call last):

> File "/Users/kevinmaikjablonka/git/kjappelbaum/gptchem/experiments/04_regression/henry/run_experiments.py", line 76, in <module>
    run_experiment(train_size, target, i + 22332642)
    │              │           │       └ 0
    │              │           └ ('logKH_CH4', 'CH4 Henry coefficient')
    │              └ 100
    └ <function run_experiment at 0x10549b0d0>

  File "/Users/kevinmaikjablonka/git/kjappelbaum/gptchem/experiments/04_regression/henry/run_experiments.py", line 58, in run_experiment
    gpt_metrics = get_regression_metrics(test[target], extracted)
                  │                      │    │        └ [-5.32, -4.81, -4.8, -5.08, -4.81, -4.8, -5.32, -4.74, -4.81, -4.74, -4.81, -4.81, -5.27, -4.81, -4.74, -4.81, -4.81, -4.81, ...
                  │                      │    └ ('logKH_CH4', 'CH4 Henry coefficient')
                  │                      └       Unnamed: 0  ...                                              mofid
                  │                        3043        4620  ...               [Gd].[La].[O-]C(...
                  └ <function get_regression_metrics at 0x29d8dc280>

  File "/Users/kevinmaikjablonka/miniconda3/envs/gptchem/lib/python3.9/site-packages/pandas/core/frame.py", line 3805, in __getitem__
    indexer = self.columns.get_loc(key)
              │    │               └ ('logKH_CH4', 'CH4 Henry coefficient')
              │    └ <pandas._libs.properties.AxisProperty object at 0x29a43e610>
              └       Unnamed: 0  ...                                              mofid
                3043        4620  ...               [Gd].[La].[O-]C(...
  File "/Users/kevinmaikjablonka/miniconda3/envs/gptchem/lib/python3.9/site-packages/pandas/core/indexes/base.py", line 3805, in get_loc
    raise KeyError(key) from err
                   └ ('logKH_CH4', 'CH4 Henry coefficient')

KeyError: ('logKH_CH4', 'CH4 Henry coefficient')
[32m[I 2023-01-30 03:29:48,036][0m A new study created in memory with name: no-name-4bde4b66-e217-4a94-94f6-e91dc26eaa82[0m
[32m[I 2023-01-30 03:29:51,725][0m Trial 0 finished with value: 17.83832251068587 and parameters: {'max_depth': 11, 'learning_rate': 0.03943180702221767, 'colsample_bytree': 0.48338277698454657, 'subsample': 0.6667880916971854, 'alpha': 0.07695356446858977, 'lambda': 0.0011960555391446264, 'gamma': 0.011558526456888882, 'min_child_weight': 591.1193593817245}. Best is trial 0 with value: 17.83832251068587.[0m
[32m[I 2023-01-30 03:30:15,970][0m Trial 1 finished with value: 1.0065436910318344 and parameters: {'max_depth': 10, 'learning_rate': 0.041134316655128254, 'colsample_bytree': 0.22968076844783064, 'subsample': 0.4464499696175606, 'alpha': 7.181717181976198, 'lambda': 1.562370075120558e-07, 'gamma': 1.592922235503172e-07, 'min_child_weight': 31.920798758958732}. Best is trial 1 with value: 1.0065436910318344.[0m
[32m[I 2023-01-30 03:30:35,867][0m Trial 2 finished with value: 1.0069789567432363 and parameters: {'max_depth': 11, 'learning_rate': 0.018174141335350915, 'colsample_bytree': 0.5604454522456577, 'subsample': 0.7574852124218824, 'alpha': 3.4380016701469245, 'lambda': 0.5568909988317814, 'gamma': 7.527426349222389e-08, 'min_child_weight': 46.33736847648717}. Best is trial 1 with value: 1.0065436910318344.[0m
[32m[I 2023-01-30 03:30:39,671][0m Trial 3 finished with value: 17.83832251068587 and parameters: {'max_depth': 9, 'learning_rate': 0.028378909616250787, 'colsample_bytree': 0.5801596986666466, 'subsample': 0.4947504468141251, 'alpha': 0.019466965890188696, 'lambda': 0.05971200399326978, 'gamma': 3.2188208036024255e-08, 'min_child_weight': 58.5928635790038}. Best is trial 1 with value: 1.0065436910318344.[0m
[32m[I 2023-01-30 03:30:43,839][0m Trial 4 finished with value: 17.83832251068587 and parameters: {'max_depth': 11, 'learning_rate': 0.04162946890026078, 'colsample_bytree': 0.4633009018331788, 'subsample': 0.5171503376217323, 'alpha': 0.051964460566470146, 'lambda': 0.011806796342275164, 'gamma': 0.0009844669237292266, 'min_child_weight': 597.174798468189}. Best is trial 1 with value: 1.0065436910318344.[0m
[32m[I 2023-01-30 03:31:04,531][0m Trial 5 finished with value: 0.873207798761006 and parameters: {'max_depth': 9, 'learning_rate': 0.030486391820450123, 'colsample_bytree': 0.3726677137700833, 'subsample': 0.6175143133497486, 'alpha': 0.37372578650240545, 'lambda': 3.336971520305419e-08, 'gamma': 0.7754828402642463, 'min_child_weight': 17.103074711611693}. Best is trial 5 with value: 0.873207798761006.[0m
