[32m[I 2023-01-15 17:34:31,664][0m Trial 99 finished with value: 0.4 and parameters: {'n_estimators': 4611, 'max_depth': 22, 'learning_rate': 0.0010462575794567437, 'colsample_bytree': 0.5416270491248226, 'subsample': 0.00010447207731815145, 'alpha': 2.1645682715494662e-08, 'lambda': 0.0011231777468786498}. Best is trial 0 with value: 0.4.[0m
╒═════════════════════════╤═══════════╤══════════════════╤═════════╤═════════════╤═════════╤═════════╤═════════╕
│ name                    │ class     │ transform        │ prior   │ trainable   │ shape   │ dtype   │   value │
╞═════════════════════════╪═══════════╪══════════════════╪═════════╪═════════════╪═════════╪═════════╪═════════╡
│ GPR.mean_function.c     │ Parameter │ Identity         │         │ True        │ ()      │ float64 │ 1.18569 │
├─────────────────────────┼───────────┼──────────────────┼─────────┼─────────────┼─────────┼─────────┼─────────┤
│ GPR.kernel.variance     │ Parameter │ Softplus         │         │ True        │ ()      │ float64 │ 3.08006 │
├─────────────────────────┼───────────┼──────────────────┼─────────┼─────────────┼─────────┼─────────┼─────────┤
│ GPR.likelihood.variance │ Parameter │ Softplus + Shift │         │ True        │ ()      │ float64 │ 0       │
╘═════════════════════════╧═══════════╧══════════════════╧═════════╧═════════════╧═════════╧═════════╧═════════╛
Loading model that can be used for inference only
Using a Transformer with 25.82 M parameters
Upload progress:   0%|          | 0.00/1.33k [00:00<?, ?it/s]Upload progress: 100%|██████████| 1.33k/1.33k [00:00<00:00, 1.44Mit/s]
/Users/kevinmaikjablonka/miniconda3/envs/gptchem/lib/python3.9/site-packages/keras/initializers/initializers_v2.py:120: UserWarning: The initializer TruncatedNormal is unseeded and being called multiple times, which will return identical values  each time (even if the initializer is unseeded). Please update your code to provide a seed to the initializer, or avoid using the same initalizer instance more than once.
  warnings.warn(
WARNING:tensorflow:Gradients do not exist for variables ['weave_layer_3/kernel:0', 'weave_layer_3/Variable:0', 'weave_layer_3/kernel:0', 'weave_layer_3/Variable:0', 'weave_layer_3/kernel:0', 'weave_layer_3/Variable:0', 'weave_layer_3/batch_normalization_3/gamma:0', 'weave_layer_3/batch_normalization_3/beta:0', 'weave_layer_3/batch_normalization_4/gamma:0', 'weave_layer_3/batch_normalization_4/beta:0', 'weave_layer_3/batch_normalization_5/gamma:0', 'weave_layer_3/batch_normalization_5/beta:0'] when minimizing the loss. If you're using `model.compile()`, did you forget to provide a `loss` argument?
WARNING:tensorflow:Gradients do not exist for variables ['weave_layer_3/kernel:0', 'weave_layer_3/Variable:0', 'weave_layer_3/kernel:0', 'weave_layer_3/Variable:0', 'weave_layer_3/kernel:0', 'weave_layer_3/Variable:0', 'weave_layer_3/batch_normalization_3/gamma:0', 'weave_layer_3/batch_normalization_3/beta:0', 'weave_layer_3/batch_normalization_4/gamma:0', 'weave_layer_3/batch_normalization_4/beta:0', 'weave_layer_3/batch_normalization_5/gamma:0', 'weave_layer_3/batch_normalization_5/beta:0'] when minimizing the loss. If you're using `model.compile()`, did you forget to provide a `loss` argument?
WARNING:tensorflow:Gradients do not exist for variables ['weave_layer_3/kernel:0', 'weave_layer_3/Variable:0', 'weave_layer_3/kernel:0', 'weave_layer_3/Variable:0', 'weave_layer_3/kernel:0', 'weave_layer_3/Variable:0', 'weave_layer_3/batch_normalization_3/gamma:0', 'weave_layer_3/batch_normalization_3/beta:0', 'weave_layer_3/batch_normalization_4/gamma:0', 'weave_layer_3/batch_normalization_4/beta:0', 'weave_layer_3/batch_normalization_5/gamma:0', 'weave_layer_3/batch_normalization_5/beta:0'] when minimizing the loss. If you're using `model.compile()`, did you forget to provide a `loss` argument?
/Users/kevinmaikjablonka/miniconda3/envs/gptchem/lib/python3.9/site-packages/tensorflow/python/framework/indexed_slices.py:444: UserWarning: Converting sparse IndexedSlices(IndexedSlices(indices=Tensor("gradient_tape/private__graph_conv_keras_model_1/graph_pool_3/Reshape_14:0", shape=(454,), dtype=int32), values=Tensor("gradient_tape/private__graph_conv_keras_model_1/graph_pool_3/Reshape_13:0", shape=(454, 64), dtype=float32), dense_shape=Tensor("gradient_tape/private__graph_conv_keras_model_1/graph_pool_3/Cast_4:0", shape=(2,), dtype=int32))) to a dense Tensor of unknown shape. This may consume a large amount of memory.
  warnings.warn(
/Users/kevinmaikjablonka/miniconda3/envs/gptchem/lib/python3.9/site-packages/tensorflow/python/framework/indexed_slices.py:444: UserWarning: Converting sparse IndexedSlices(IndexedSlices(indices=Tensor("gradient_tape/private__graph_conv_keras_model_1/graph_pool_3/Reshape_17:0", shape=(1662,), dtype=int32), values=Tensor("gradient_tape/private__graph_conv_keras_model_1/graph_pool_3/Reshape_16:0", shape=(1662, 64), dtype=float32), dense_shape=Tensor("gradient_tape/private__graph_conv_keras_model_1/graph_pool_3/Cast_5:0", shape=(2,), dtype=int32))) to a dense Tensor of unknown shape. This may consume a large amount of memory.
  warnings.warn(
/Users/kevinmaikjablonka/miniconda3/envs/gptchem/lib/python3.9/site-packages/tensorflow/python/framework/indexed_slices.py:444: UserWarning: Converting sparse IndexedSlices(IndexedSlices(indices=Tensor("gradient_tape/private__graph_conv_keras_model_1/graph_pool_3/Reshape_20:0", shape=(1122,), dtype=int32), values=Tensor("gradient_tape/private__graph_conv_keras_model_1/graph_pool_3/Reshape_19:0", shape=(1122, 64), dtype=float32), dense_shape=Tensor("gradient_tape/private__graph_conv_keras_model_1/graph_pool_3/Cast_6:0", shape=(2,), dtype=int32))) to a dense Tensor of unknown shape. This may consume a large amount of memory.
  warnings.warn(
/Users/kevinmaikjablonka/miniconda3/envs/gptchem/lib/python3.9/site-packages/tensorflow/python/framework/indexed_slices.py:444: UserWarning: Converting sparse IndexedSlices(IndexedSlices(indices=Tensor("gradient_tape/private__graph_conv_keras_model_1/graph_pool_3/Reshape_23:0", shape=(260,), dtype=int32), values=Tensor("gradient_tape/private__graph_conv_keras_model_1/graph_pool_3/Reshape_22:0", shape=(260, 64), dtype=float32), dense_shape=Tensor("gradient_tape/private__graph_conv_keras_model_1/graph_pool_3/Cast_7:0", shape=(2,), dtype=int32))) to a dense Tensor of unknown shape. This may consume a large amount of memory.
  warnings.warn(
/Users/kevinmaikjablonka/miniconda3/envs/gptchem/lib/python3.9/site-packages/tensorflow/python/framework/indexed_slices.py:444: UserWarning: Converting sparse IndexedSlices(IndexedSlices(indices=Tensor("gradient_tape/private__graph_conv_keras_model_1/graph_conv_3/Reshape_11:0", shape=(454,), dtype=int32), values=Tensor("gradient_tape/private__graph_conv_keras_model_1/graph_conv_3/Reshape_10:0", shape=(454, 64), dtype=float32), dense_shape=Tensor("gradient_tape/private__graph_conv_keras_model_1/graph_conv_3/Cast:0", shape=(2,), dtype=int32))) to a dense Tensor of unknown shape. This may consume a large amount of memory.
  warnings.warn(
/Users/kevinmaikjablonka/miniconda3/envs/gptchem/lib/python3.9/site-packages/tensorflow/python/framework/indexed_slices.py:444: UserWarning: Converting sparse IndexedSlices(IndexedSlices(indices=Tensor("gradient_tape/private__graph_conv_keras_model_1/graph_conv_3/Reshape_13:0", shape=(1662,), dtype=int32), values=Tensor("gradient_tape/private__graph_conv_keras_model_1/graph_conv_3/Reshape_12:0", shape=(1662, 64), dtype=float32), dense_shape=Tensor("gradient_tape/private__graph_conv_keras_model_1/graph_conv_3/Cast_1:0", shape=(2,), dtype=int32))) to a dense Tensor of unknown shape. This may consume a large amount of memory.
  warnings.warn(
/Users/kevinmaikjablonka/miniconda3/envs/gptchem/lib/python3.9/site-packages/tensorflow/python/framework/indexed_slices.py:444: UserWarning: Converting sparse IndexedSlices(IndexedSlices(indices=Tensor("gradient_tape/private__graph_conv_keras_model_1/graph_conv_3/Reshape_15:0", shape=(1122,), dtype=int32), values=Tensor("gradient_tape/private__graph_conv_keras_model_1/graph_conv_3/Reshape_14:0", shape=(1122, 64), dtype=float32), dense_shape=Tensor("gradient_tape/private__graph_conv_keras_model_1/graph_conv_3/Cast_2:0", shape=(2,), dtype=int32))) to a dense Tensor of unknown shape. This may consume a large amount of memory.
  warnings.warn(
/Users/kevinmaikjablonka/miniconda3/envs/gptchem/lib/python3.9/site-packages/tensorflow/python/framework/indexed_slices.py:444: UserWarning: Converting sparse IndexedSlices(IndexedSlices(indices=Tensor("gradient_tape/private__graph_conv_keras_model_1/graph_conv_3/Reshape_17:0", shape=(260,), dtype=int32), values=Tensor("gradient_tape/private__graph_conv_keras_model_1/graph_conv_3/Reshape_16:0", shape=(260, 64), dtype=float32), dense_shape=Tensor("gradient_tape/private__graph_conv_keras_model_1/graph_conv_3/Cast_3:0", shape=(2,), dtype=int32))) to a dense Tensor of unknown shape. This may consume a large amount of memory.
  warnings.warn(
/Users/kevinmaikjablonka/miniconda3/envs/gptchem/lib/python3.9/site-packages/tensorflow/python/framework/indexed_slices.py:444: UserWarning: Converting sparse IndexedSlices(IndexedSlices(indices=Tensor("gradient_tape/private__graph_conv_keras_model_1/graph_conv_3/Reshape_19:0", shape=(0,), dtype=int32), values=Tensor("gradient_tape/private__graph_conv_keras_model_1/graph_conv_3/Reshape_18:0", shape=(0, 64), dtype=float32), dense_shape=Tensor("gradient_tape/private__graph_conv_keras_model_1/graph_conv_3/Cast_4:0", shape=(2,), dtype=int32))) to a dense Tensor of unknown shape. This may consume a large amount of memory.
  warnings.warn(
/Users/kevinmaikjablonka/miniconda3/envs/gptchem/lib/python3.9/site-packages/tensorflow/python/framework/indexed_slices.py:444: UserWarning: Converting sparse IndexedSlices(IndexedSlices(indices=Tensor("gradient_tape/private__graph_conv_keras_model_1/graph_conv_3/Reshape_21:0", shape=(0,), dtype=int32), values=Tensor("gradient_tape/private__graph_conv_keras_model_1/graph_conv_3/Reshape_20:0", shape=(0, 64), dtype=float32), dense_shape=Tensor("gradient_tape/private__graph_conv_keras_model_1/graph_conv_3/Cast_5:0", shape=(2,), dtype=int32))) to a dense Tensor of unknown shape. This may consume a large amount of memory.
  warnings.warn(
/Users/kevinmaikjablonka/miniconda3/envs/gptchem/lib/python3.9/site-packages/tensorflow/python/framework/indexed_slices.py:444: UserWarning: Converting sparse IndexedSlices(IndexedSlices(indices=Tensor("gradient_tape/private__graph_conv_keras_model_1/graph_conv_3/Reshape_23:0", shape=(0,), dtype=int32), values=Tensor("gradient_tape/private__graph_conv_keras_model_1/graph_conv_3/Reshape_22:0", shape=(0, 64), dtype=float32), dense_shape=Tensor("gradient_tape/private__graph_conv_keras_model_1/graph_conv_3/Cast_6:0", shape=(2,), dtype=int32))) to a dense Tensor of unknown shape. This may consume a large amount of memory.
  warnings.warn(
/Users/kevinmaikjablonka/miniconda3/envs/gptchem/lib/python3.9/site-packages/tensorflow/python/framework/indexed_slices.py:444: UserWarning: Converting sparse IndexedSlices(IndexedSlices(indices=Tensor("gradient_tape/private__graph_conv_keras_model_1/graph_conv_3/Reshape_25:0", shape=(0,), dtype=int32), values=Tensor("gradient_tape/private__graph_conv_keras_model_1/graph_conv_3/Reshape_24:0", shape=(0, 64), dtype=float32), dense_shape=Tensor("gradient_tape/private__graph_conv_keras_model_1/graph_conv_3/Cast_7:0", shape=(2,), dtype=int32))) to a dense Tensor of unknown shape. This may consume a large amount of memory.
  warnings.warn(
/Users/kevinmaikjablonka/miniconda3/envs/gptchem/lib/python3.9/site-packages/tensorflow/python/framework/indexed_slices.py:444: UserWarning: Converting sparse IndexedSlices(IndexedSlices(indices=Tensor("gradient_tape/private__graph_conv_keras_model_1/graph_conv_3/Reshape_27:0", shape=(0,), dtype=int32), values=Tensor("gradient_tape/private__graph_conv_keras_model_1/graph_conv_3/Reshape_26:0", shape=(0, 64), dtype=float32), dense_shape=Tensor("gradient_tape/private__graph_conv_keras_model_1/graph_conv_3/Cast_8:0", shape=(2,), dtype=int32))) to a dense Tensor of unknown shape. This may consume a large amount of memory.
  warnings.warn(
/Users/kevinmaikjablonka/miniconda3/envs/gptchem/lib/python3.9/site-packages/tensorflow/python/framework/indexed_slices.py:444: UserWarning: Converting sparse IndexedSlices(IndexedSlices(indices=Tensor("gradient_tape/private__graph_conv_keras_model_1/graph_conv_3/Reshape_29:0", shape=(0,), dtype=int32), values=Tensor("gradient_tape/private__graph_conv_keras_model_1/graph_conv_3/Reshape_28:0", shape=(0, 64), dtype=float32), dense_shape=Tensor("gradient_tape/private__graph_conv_keras_model_1/graph_conv_3/Cast_9:0", shape=(2,), dtype=int32))) to a dense Tensor of unknown shape. This may consume a large amount of memory.
  warnings.warn(
/Users/kevinmaikjablonka/miniconda3/envs/gptchem/lib/python3.9/site-packages/tensorflow/python/framework/indexed_slices.py:444: UserWarning: Converting sparse IndexedSlices(IndexedSlices(indices=Tensor("gradient_tape/private__graph_conv_keras_model_1/graph_pool_2/Reshape_14:0", shape=(454,), dtype=int32), values=Tensor("gradient_tape/private__graph_conv_keras_model_1/graph_pool_2/Reshape_13:0", shape=(454, 64), dtype=float32), dense_shape=Tensor("gradient_tape/private__graph_conv_keras_model_1/graph_pool_2/Cast_4:0", shape=(2,), dtype=int32))) to a dense Tensor of unknown shape. This may consume a large amount of memory.
  warnings.warn(
/Users/kevinmaikjablonka/miniconda3/envs/gptchem/lib/python3.9/site-packages/tensorflow/python/framework/indexed_slices.py:444: UserWarning: Converting sparse IndexedSlices(IndexedSlices(indices=Tensor("gradient_tape/private__graph_conv_keras_model_1/graph_pool_2/Reshape_17:0", shape=(1662,), dtype=int32), values=Tensor("gradient_tape/private__graph_conv_keras_model_1/graph_pool_2/Reshape_16:0", shape=(1662, 64), dtype=float32), dense_shape=Tensor("gradient_tape/private__graph_conv_keras_model_1/graph_pool_2/Cast_5:0", shape=(2,), dtype=int32))) to a dense Tensor of unknown shape. This may consume a large amount of memory.
  warnings.warn(
/Users/kevinmaikjablonka/miniconda3/envs/gptchem/lib/python3.9/site-packages/tensorflow/python/framework/indexed_slices.py:444: UserWarning: Converting sparse IndexedSlices(IndexedSlices(indices=Tensor("gradient_tape/private__graph_conv_keras_model_1/graph_pool_2/Reshape_20:0", shape=(1122,), dtype=int32), values=Tensor("gradient_tape/private__graph_conv_keras_model_1/graph_pool_2/Reshape_19:0", shape=(1122, 64), dtype=float32), dense_shape=Tensor("gradient_tape/private__graph_conv_keras_model_1/graph_pool_2/Cast_6:0", shape=(2,), dtype=int32))) to a dense Tensor of unknown shape. This may consume a large amount of memory.
  warnings.warn(
/Users/kevinmaikjablonka/miniconda3/envs/gptchem/lib/python3.9/site-packages/tensorflow/python/framework/indexed_slices.py:444: UserWarning: Converting sparse IndexedSlices(IndexedSlices(indices=Tensor("gradient_tape/private__graph_conv_keras_model_1/graph_pool_2/Reshape_23:0", shape=(260,), dtype=int32), values=Tensor("gradient_tape/private__graph_conv_keras_model_1/graph_pool_2/Reshape_22:0", shape=(260, 64), dtype=float32), dense_shape=Tensor("gradient_tape/private__graph_conv_keras_model_1/graph_pool_2/Cast_7:0", shape=(2,), dtype=int32))) to a dense Tensor of unknown shape. This may consume a large amount of memory.
  warnings.warn(
/Users/kevinmaikjablonka/miniconda3/envs/gptchem/lib/python3.9/site-packages/tensorflow/python/framework/indexed_slices.py:444: UserWarning: Converting sparse IndexedSlices(IndexedSlices(indices=Tensor("gradient_tape/private__graph_conv_keras_model_1/graph_pool_3/Reshape_14:0", shape=(None,), dtype=int32), values=Tensor("gradient_tape/private__graph_conv_keras_model_1/graph_pool_3/Reshape_13:0", shape=(None, 64), dtype=float32), dense_shape=Tensor("gradient_tape/private__graph_conv_keras_model_1/graph_pool_3/Cast_4:0", shape=(2,), dtype=int32))) to a dense Tensor of unknown shape. This may consume a large amount of memory.
  warnings.warn(
/Users/kevinmaikjablonka/miniconda3/envs/gptchem/lib/python3.9/site-packages/tensorflow/python/framework/indexed_slices.py:444: UserWarning: Converting sparse IndexedSlices(IndexedSlices(indices=Tensor("gradient_tape/private__graph_conv_keras_model_1/graph_pool_3/Reshape_17:0", shape=(None,), dtype=int32), values=Tensor("gradient_tape/private__graph_conv_keras_model_1/graph_pool_3/Reshape_16:0", shape=(None, 64), dtype=float32), dense_shape=Tensor("gradient_tape/private__graph_conv_keras_model_1/graph_pool_3/Cast_5:0", shape=(2,), dtype=int32))) to a dense Tensor of unknown shape. This may consume a large amount of memory.
  warnings.warn(
/Users/kevinmaikjablonka/miniconda3/envs/gptchem/lib/python3.9/site-packages/tensorflow/python/framework/indexed_slices.py:444: UserWarning: Converting sparse IndexedSlices(IndexedSlices(indices=Tensor("gradient_tape/private__graph_conv_keras_model_1/graph_pool_3/Reshape_20:0", shape=(None,), dtype=int32), values=Tensor("gradient_tape/private__graph_conv_keras_model_1/graph_pool_3/Reshape_19:0", shape=(None, 64), dtype=float32), dense_shape=Tensor("gradient_tape/private__graph_conv_keras_model_1/graph_pool_3/Cast_6:0", shape=(2,), dtype=int32))) to a dense Tensor of unknown shape. This may consume a large amount of memory.
  warnings.warn(
/Users/kevinmaikjablonka/miniconda3/envs/gptchem/lib/python3.9/site-packages/tensorflow/python/framework/indexed_slices.py:444: UserWarning: Converting sparse IndexedSlices(IndexedSlices(indices=Tensor("gradient_tape/private__graph_conv_keras_model_1/graph_pool_3/Reshape_23:0", shape=(None,), dtype=int32), values=Tensor("gradient_tape/private__graph_conv_keras_model_1/graph_pool_3/Reshape_22:0", shape=(None, 64), dtype=float32), dense_shape=Tensor("gradient_tape/private__graph_conv_keras_model_1/graph_pool_3/Cast_7:0", shape=(2,), dtype=int32))) to a dense Tensor of unknown shape. This may consume a large amount of memory.
  warnings.warn(
/Users/kevinmaikjablonka/miniconda3/envs/gptchem/lib/python3.9/site-packages/tensorflow/python/framework/indexed_slices.py:444: UserWarning: Converting sparse IndexedSlices(IndexedSlices(indices=Tensor("gradient_tape/private__graph_conv_keras_model_1/graph_conv_3/Reshape_11:0", shape=(None,), dtype=int32), values=Tensor("gradient_tape/private__graph_conv_keras_model_1/graph_conv_3/Reshape_10:0", shape=(None, 64), dtype=float32), dense_shape=Tensor("gradient_tape/private__graph_conv_keras_model_1/graph_conv_3/Cast:0", shape=(2,), dtype=int32))) to a dense Tensor of unknown shape. This may consume a large amount of memory.
  warnings.warn(
/Users/kevinmaikjablonka/miniconda3/envs/gptchem/lib/python3.9/site-packages/tensorflow/python/framework/indexed_slices.py:444: UserWarning: Converting sparse IndexedSlices(IndexedSlices(indices=Tensor("gradient_tape/private__graph_conv_keras_model_1/graph_conv_3/Reshape_13:0", shape=(None,), dtype=int32), values=Tensor("gradient_tape/private__graph_conv_keras_model_1/graph_conv_3/Reshape_12:0", shape=(None, 64), dtype=float32), dense_shape=Tensor("gradient_tape/private__graph_conv_keras_model_1/graph_conv_3/Cast_1:0", shape=(2,), dtype=int32))) to a dense Tensor of unknown shape. This may consume a large amount of memory.
  warnings.warn(
/Users/kevinmaikjablonka/miniconda3/envs/gptchem/lib/python3.9/site-packages/tensorflow/python/framework/indexed_slices.py:444: UserWarning: Converting sparse IndexedSlices(IndexedSlices(indices=Tensor("gradient_tape/private__graph_conv_keras_model_1/graph_conv_3/Reshape_15:0", shape=(None,), dtype=int32), values=Tensor("gradient_tape/private__graph_conv_keras_model_1/graph_conv_3/Reshape_14:0", shape=(None, 64), dtype=float32), dense_shape=Tensor("gradient_tape/private__graph_conv_keras_model_1/graph_conv_3/Cast_2:0", shape=(2,), dtype=int32))) to a dense Tensor of unknown shape. This may consume a large amount of memory.
  warnings.warn(
/Users/kevinmaikjablonka/miniconda3/envs/gptchem/lib/python3.9/site-packages/tensorflow/python/framework/indexed_slices.py:444: UserWarning: Converting sparse IndexedSlices(IndexedSlices(indices=Tensor("gradient_tape/private__graph_conv_keras_model_1/graph_conv_3/Reshape_17:0", shape=(None,), dtype=int32), values=Tensor("gradient_tape/private__graph_conv_keras_model_1/graph_conv_3/Reshape_16:0", shape=(None, 64), dtype=float32), dense_shape=Tensor("gradient_tape/private__graph_conv_keras_model_1/graph_conv_3/Cast_3:0", shape=(2,), dtype=int32))) to a dense Tensor of unknown shape. This may consume a large amount of memory.
  warnings.warn(
/Users/kevinmaikjablonka/miniconda3/envs/gptchem/lib/python3.9/site-packages/tensorflow/python/framework/indexed_slices.py:444: UserWarning: Converting sparse IndexedSlices(IndexedSlices(indices=Tensor("gradient_tape/private__graph_conv_keras_model_1/graph_pool_2/Reshape_14:0", shape=(None,), dtype=int32), values=Tensor("gradient_tape/private__graph_conv_keras_model_1/graph_pool_2/Reshape_13:0", shape=(None, 64), dtype=float32), dense_shape=Tensor("gradient_tape/private__graph_conv_keras_model_1/graph_pool_2/Cast_4:0", shape=(2,), dtype=int32))) to a dense Tensor of unknown shape. This may consume a large amount of memory.
  warnings.warn(
/Users/kevinmaikjablonka/miniconda3/envs/gptchem/lib/python3.9/site-packages/tensorflow/python/framework/indexed_slices.py:444: UserWarning: Converting sparse IndexedSlices(IndexedSlices(indices=Tensor("gradient_tape/private__graph_conv_keras_model_1/graph_pool_2/Reshape_17:0", shape=(None,), dtype=int32), values=Tensor("gradient_tape/private__graph_conv_keras_model_1/graph_pool_2/Reshape_16:0", shape=(None, 64), dtype=float32), dense_shape=Tensor("gradient_tape/private__graph_conv_keras_model_1/graph_pool_2/Cast_5:0", shape=(2,), dtype=int32))) to a dense Tensor of unknown shape. This may consume a large amount of memory.
  warnings.warn(
/Users/kevinmaikjablonka/miniconda3/envs/gptchem/lib/python3.9/site-p