[32m[I 2023-01-15 17:54:36,114][0m Trial 99 finished with value: 0.39999999999999997 and parameters: {'n_estimators': 475, 'max_depth': 8, 'learning_rate': 0.009219543732255739, 'colsample_bytree': 0.29040161500426326, 'subsample': 0.00043188315736045056, 'alpha': 3.0326288934397825, 'lambda': 2.454446073709312e-06}. Best is trial 1 with value: 0.6.[0m
Uploaded file from /Users/kevinmaikjablonka/git/kjappelbaum/gptchem/experiments/03_classification/solubility/out/20230115_174532/train.jsonl: file-vmu6iWNGHErbB7xUBNgM35r7
Train size: 10, Accuracy: 0.6607142857142857, Baseline ESOL: 0.875
╒═════════════════════════╤═══════════╤══════════════════╤═════════╤═════════════╤═════════╤═════════╤══════════╕
│ name                    │ class     │ transform        │ prior   │ trainable   │ shape   │ dtype   │    value │
╞═════════════════════════╪═══════════╪══════════════════╪═════════╪═════════════╪═════════╪═════════╪══════════╡
│ GPR.mean_function.c     │ Parameter │ Identity         │         │ True        │ ()      │ float64 │ -0.14164 │
├─────────────────────────┼───────────┼──────────────────┼─────────┼─────────────┼─────────┼─────────┼──────────┤
│ GPR.kernel.variance     │ Parameter │ Softplus         │         │ True        │ ()      │ float64 │  1.33237 │
├─────────────────────────┼───────────┼──────────────────┼─────────┼─────────────┼─────────┼─────────┼──────────┤
│ GPR.likelihood.variance │ Parameter │ Softplus + Shift │         │ True        │ ()      │ float64 │  0.40077 │
╘═════════════════════════╧═══════════╧══════════════════╧═════════╧═════════════╧═════════╧═════════╧══════════╛
Loading model that can be used for inference only
Using a Transformer with 25.82 M parameters
Upload progress:   0%|          | 0.00/2.21k [00:00<?, ?it/s]Upload progress: 100%|██████████| 2.21k/2.21k [00:00<00:00, 4.62Mit/s]
/Users/kevinmaikjablonka/miniconda3/envs/gptchem/lib/python3.9/site-packages/keras/initializers/initializers_v2.py:120: UserWarning: The initializer TruncatedNormal is unseeded and being called multiple times, which will return identical values  each time (even if the initializer is unseeded). Please update your code to provide a seed to the initializer, or avoid using the same initalizer instance more than once.
  warnings.warn(
WARNING:tensorflow:Gradients do not exist for variables ['weave_layer_7/kernel:0', 'weave_layer_7/Variable:0', 'weave_layer_7/kernel:0', 'weave_layer_7/Variable:0', 'weave_layer_7/kernel:0', 'weave_layer_7/Variable:0', 'weave_layer_7/batch_normalization_3/gamma:0', 'weave_layer_7/batch_normalization_3/beta:0', 'weave_layer_7/batch_normalization_4/gamma:0', 'weave_layer_7/batch_normalization_4/beta:0', 'weave_layer_7/batch_normalization_5/gamma:0', 'weave_layer_7/batch_normalization_5/beta:0'] when minimizing the loss. If you're using `model.compile()`, did you forget to provide a `loss` argument?
WARNING:tensorflow:Gradients do not exist for variables ['weave_layer_7/kernel:0', 'weave_layer_7/Variable:0', 'weave_layer_7/kernel:0', 'weave_layer_7/Variable:0', 'weave_layer_7/kernel:0', 'weave_layer_7/Variable:0', 'weave_layer_7/batch_normalization_3/gamma:0', 'weave_layer_7/batch_normalization_3/beta:0', 'weave_layer_7/batch_normalization_4/gamma:0', 'weave_layer_7/batch_normalization_4/beta:0', 'weave_layer_7/batch_normalization_5/gamma:0', 'weave_layer_7/batch_normalization_5/beta:0'] when minimizing the loss. If you're using `model.compile()`, did you forget to provide a `loss` argument?
WARNING:tensorflow:Gradients do not exist for variables ['weave_layer_7/kernel:0', 'weave_layer_7/Variable:0', 'weave_layer_7/kernel:0', 'weave_layer_7/Variable:0', 'weave_layer_7/kernel:0', 'weave_layer_7/Variable:0', 'weave_layer_7/batch_normalization_3/gamma:0', 'weave_layer_7/batch_normalization_3/beta:0', 'weave_layer_7/batch_normalization_4/gamma:0', 'weave_layer_7/batch_normalization_4/beta:0', 'weave_layer_7/batch_normalization_5/gamma:0', 'weave_layer_7/batch_normalization_5/beta:0'] when minimizing the loss. If you're using `model.compile()`, did you forget to provide a `loss` argument?
/Users/kevinmaikjablonka/miniconda3/envs/gptchem/lib/python3.9/site-packages/tensorflow/python/framework/indexed_slices.py:444: UserWarning: Converting sparse IndexedSlices(IndexedSlices(indices=Tensor("gradient_tape/private__graph_conv_keras_model_3/graph_pool_7/Reshape_14:0", shape=(422,), dtype=int32), values=Tensor("gradient_tape/private__graph_conv_keras_model_3/graph_pool_7/Reshape_13:0", shape=(422, 64), dtype=float32), dense_shape=Tensor("gradient_tape/private__graph_conv_keras_model_3/graph_pool_7/Cast_4:0", shape=(2,), dtype=int32))) to a dense Tensor of unknown shape. This may consume a large amount of memory.
  warnings.warn(
/Users/kevinmaikjablonka/miniconda3/envs/gptchem/lib/python3.9/site-packages/tensorflow/python/framework/indexed_slices.py:444: UserWarning: Converting sparse IndexedSlices(IndexedSlices(indices=Tensor("gradient_tape/private__graph_conv_keras_model_3/graph_pool_7/Reshape_17:0", shape=(1046,), dtype=int32), values=Tensor("gradient_tape/private__graph_conv_keras_model_3/graph_pool_7/Reshape_16:0", shape=(1046, 64), dtype=float32), dense_shape=Tensor("gradient_tape/private__graph_conv_keras_model_3/graph_pool_7/Cast_5:0", shape=(2,), dtype=int32))) to a dense Tensor of unknown shape. This may consume a large amount of memory.
  warnings.warn(
/Users/kevinmaikjablonka/miniconda3/envs/gptchem/lib/python3.9/site-packages/tensorflow/python/framework/indexed_slices.py:444: UserWarning: Converting sparse IndexedSlices(IndexedSlices(indices=Tensor("gradient_tape/private__graph_conv_keras_model_3/graph_pool_7/Reshape_20:0", shape=(960,), dtype=int32), values=Tensor("gradient_tape/private__graph_conv_keras_model_3/graph_pool_7/Reshape_19:0", shape=(960, 64), dtype=float32), dense_shape=Tensor("gradient_tape/private__graph_conv_keras_model_3/graph_pool_7/Cast_6:0", shape=(2,), dtype=int32))) to a dense Tensor of unknown shape. This may consume a large amount of memory.
  warnings.warn(
/Users/kevinmaikjablonka/miniconda3/envs/gptchem/lib/python3.9/site-packages/tensorflow/python/framework/indexed_slices.py:444: UserWarning: Converting sparse IndexedSlices(IndexedSlices(indices=Tensor("gradient_tape/private__graph_conv_keras_model_3/graph_pool_7/Reshape_23:0", shape=(156,), dtype=int32), values=Tensor("gradient_tape/private__graph_conv_keras_model_3/graph_pool_7/Reshape_22:0", shape=(156, 64), dtype=float32), dense_shape=Tensor("gradient_tape/private__graph_conv_keras_model_3/graph_pool_7/Cast_7:0", shape=(2,), dtype=int32))) to a dense Tensor of unknown shape. This may consume a large amount of memory.
  warnings.warn(
/Users/kevinmaikjablonka/miniconda3/envs/gptchem/lib/python3.9/site-packages/tensorflow/python/framework/indexed_slices.py:444: UserWarning: Converting sparse IndexedSlices(IndexedSlices(indices=Tensor("gradient_tape/private__graph_conv_keras_model_3/graph_conv_7/Reshape_11:0", shape=(422,), dtype=int32), values=Tensor("gradient_tape/private__graph_conv_keras_model_3/graph_conv_7/Reshape_10:0", shape=(422, 64), dtype=float32), dense_shape=Tensor("gradient_tape/private__graph_conv_keras_model_3/graph_conv_7/Cast:0", shape=(2,), dtype=int32))) to a dense Tensor of unknown shape. This may consume a large amount of memory.
  warnings.warn(
/Users/kevinmaikjablonka/miniconda3/envs/gptchem/lib/python3.9/site-packages/tensorflow/python/framework/indexed_slices.py:444: UserWarning: Converting sparse IndexedSlices(IndexedSlices(indices=Tensor("gradient_tape/private__graph_conv_keras_model_3/graph_conv_7/Reshape_13:0", shape=(1046,), dtype=int32), values=Tensor("gradient_tape/private__graph_conv_keras_model_3/graph_conv_7/Reshape_12:0", shape=(1046, 64), dtype=float32), dense_shape=Tensor("gradient_tape/private__graph_conv_keras_model_3/graph_conv_7/Cast_1:0", shape=(2,), dtype=int32))) to a dense Tensor of unknown shape. This may consume a large amount of memory.
  warnings.warn(
/Users/kevinmaikjablonka/miniconda3/envs/gptchem/lib/python3.9/site-packages/tensorflow/python/framework/indexed_slices.py:444: UserWarning: Converting sparse IndexedSlices(IndexedSlices(indices=Tensor("gradient_tape/private__graph_conv_keras_model_3/graph_conv_7/Reshape_15:0", shape=(960,), dtype=int32), values=Tensor("gradient_tape/private__graph_conv_keras_model_3/graph_conv_7/Reshape_14:0", shape=(960, 64), dtype=float32), dense_shape=Tensor("gradient_tape/private__graph_conv_keras_model_3/graph_conv_7/Cast_2:0", shape=(2,), dtype=int32))) to a dense Tensor of unknown shape. This may consume a large amount of memory.
  warnings.warn(
/Users/kevinmaikjablonka/miniconda3/envs/gptchem/lib/python3.9/site-packages/tensorflow/python/framework/indexed_slices.py:444: UserWarning: Converting sparse IndexedSlices(IndexedSlices(indices=Tensor("gradient_tape/private__graph_conv_keras_model_3/graph_conv_7/Reshape_17:0", shape=(156,), dtype=int32), values=Tensor("gradient_tape/private__graph_conv_keras_model_3/graph_conv_7/Reshape_16:0", shape=(156, 64), dtype=float32), dense_shape=Tensor("gradient_tape/private__graph_conv_keras_model_3/graph_conv_7/Cast_3:0", shape=(2,), dtype=int32))) to a dense Tensor of unknown shape. This may consume a large amount of memory.
  warnings.warn(
/Users/kevinmaikjablonka/miniconda3/envs/gptchem/lib/python3.9/site-packages/tensorflow/python/framework/indexed_slices.py:444: UserWarning: Converting sparse IndexedSlices(IndexedSlices(indices=Tensor("gradient_tape/private__graph_conv_keras_model_3/graph_conv_7/Reshape_19:0", shape=(0,), dtype=int32), values=Tensor("gradient_tape/private__graph_conv_keras_model_3/graph_conv_7/Reshape_18:0", shape=(0, 64), dtype=float32), dense_shape=Tensor("gradient_tape/private__graph_conv_keras_model_3/graph_conv_7/Cast_4:0", shape=(2,), dtype=int32))) to a dense Tensor of unknown shape. This may consume a large amount of memory.
  warnings.warn(
/Users/kevinmaikjablonka/miniconda3/envs/gptchem/lib/python3.9/site-packages/tensorflow/python/framework/indexed_slices.py:444: UserWarning: Converting sparse IndexedSlices(IndexedSlices(indices=Tensor("gradient_tape/private__graph_conv_keras_model_3/graph_conv_7/Reshape_21:0", shape=(0,), dtype=int32), values=Tensor("gradient_tape/private__graph_conv_keras_model_3/graph_conv_7/Reshape_20:0", shape=(0, 64), dtype=float32), dense_shape=Tensor("gradient_tape/private__graph_conv_keras_model_3/graph_conv_7/Cast_5:0", shape=(2,), dtype=int32))) to a dense Tensor of unknown shape. This may consume a large amount of memory.
  warnings.warn(
/Users/kevinmaikjablonka/miniconda3/envs/gptchem/lib/python3.9/site-packages/tensorflow/python/framework/indexed_slices.py:444: UserWarning: Converting sparse IndexedSlices(IndexedSlices(indices=Tensor("gradient_tape/private__graph_conv_keras_model_3/graph_conv_7/Reshape_23:0", shape=(0,), dtype=int32), values=Tensor("gradient_tape/private__graph_conv_keras_model_3/graph_conv_7/Reshape_22:0", shape=(0, 64), dtype=float32), dense_shape=Tensor("gradient_tape/private__graph_conv_keras_model_3/graph_conv_7/Cast_6:0", shape=(2,), dtype=int32))) to a dense Tensor of unknown shape. This may consume a large amount of memory.
  warnings.warn(
/Users/kevinmaikjablonka/miniconda3/envs/gptchem/lib/python3.9/site-packages/tensorflow/python/framework/indexed_slices.py:444: UserWarning: Converting sparse IndexedSlices(IndexedSlices(indices=Tensor("gradient_tape/private__graph_conv_keras_model_3/graph_conv_7/Reshape_25:0", shape=(0,), dtype=int32), values=Tensor("gradient_tape/private__graph_conv_keras_model_3/graph_conv_7/Reshape_24:0", shape=(0, 64), dtype=float32), dense_shape=Tensor("gradient_tape/private__graph_conv_keras_model_3/graph_conv_7/Cast_7:0", shape=(2,), dtype=int32))) to a dense Tensor of unknown shape. This may consume a large amount of memory.
  warnings.warn(
/Users/kevinmaikjablonka/miniconda3/envs/gptchem/lib/python3.9/site-packages/tensorflow/python/framework/indexed_slices.py:444: UserWarning: Converting sparse IndexedSlices(IndexedSlices(indices=Tensor("gradient_tape/private__graph_conv_keras_model_3/graph_conv_7/Reshape_27:0", shape=(0,), dtype=int32), values=Tensor("gradient_tape/private__graph_conv_keras_model_3/graph_conv_7/Reshape_26:0", shape=(0, 64), dtype=float32), dense_shape=Tensor("gradient_tape/private__graph_conv_keras_model_3/graph_conv_7/Cast_8:0", shape=(2,), dtype=int32))) to a dense Tensor of unknown shape. This may consume a large amount of memory.
  warnings.warn(
/Users/kevinmaikjablonka/miniconda3/envs/gptchem/lib/python3.9/site-packages/tensorflow/python/framework/indexed_slices.py:444: UserWarning: Converting sparse IndexedSlices(IndexedSlices(indices=Tensor("gradient_tape/private__graph_conv_keras_model_3/graph_conv_7/Reshape_29:0", shape=(0,), dtype=int32), values=Tensor("gradient_tape/private__graph_conv_keras_model_3/graph_conv_7/Reshape_28:0", shape=(0, 64), dtype=float32), dense_shape=Tensor("gradient_tape/private__graph_conv_keras_model_3/graph_conv_7/Cast_9:0", shape=(2,), dtype=int32))) to a dense Tensor of unknown shape. This may consume a large amount of memory.
  warnings.warn(
/Users/kevinmaikjablonka/miniconda3/envs/gptchem/lib/python3.9/site-packages/tensorflow/python/framework/indexed_slices.py:444: UserWarning: Converting sparse IndexedSlices(IndexedSlices(indices=Tensor("gradient_tape/private__graph_conv_keras_model_3/graph_pool_6/Reshape_14:0", shape=(422,), dtype=int32), values=Tensor("gradient_tape/private__graph_conv_keras_model_3/graph_pool_6/Reshape_13:0", shape=(422, 64), dtype=float32), dense_shape=Tensor("gradient_tape/private__graph_conv_keras_model_3/graph_pool_6/Cast_4:0", shape=(2,), dtype=int32))) to a dense Tensor of unknown shape. This may consume a large amount of memory.
  warnings.warn(
/Users/kevinmaikjablonka/miniconda3/envs/gptchem/lib/python3.9/site-packages/tensorflow/python/framework/indexed_slices.py:444: UserWarning: Converting sparse IndexedSlices(IndexedSlices(indices=Tensor("gradient_tape/private__graph_conv_keras_model_3/graph_pool_6/Reshape_17:0", shape=(1046,), dtype=int32), values=Tensor("gradient_tape/private__graph_conv_keras_model_3/graph_pool_6/Reshape_16:0", shape=(1046, 64), dtype=float32), dense_shape=Tensor("gradient_tape/private__graph_conv_keras_model_3/graph_pool_6/Cast_5:0", shape=(2,), dtype=int32))) to a dense Tensor of unknown shape. This may consume a large amount of memory.
  warnings.warn(
/Users/kevinmaikjablonka/miniconda3/envs/gptchem/lib/python3.9/site-packages/tensorflow/python/framework/indexed_slices.py:444: UserWarning: Converting sparse IndexedSlices(IndexedSlices(indices=Tensor("gradient_tape/private__graph_conv_keras_model_3/graph_pool_6/Reshape_20:0", shape=(960,), dtype=int32), values=Tensor("gradient_tape/private__graph_conv_keras_model_3/graph_pool_6/Reshape_19:0", shape=(960, 64), dtype=float32), dense_shape=Tensor("gradient_tape/private__graph_conv_keras_model_3/graph_pool_6/Cast_6:0", shape=(2,), dtype=int32))) to a dense Tensor of unknown shape. This may consume a large amount of memory.
  warnings.warn(
/Users/kevinmaikjablonka/miniconda3/envs/gptchem/lib/python3.9/site-packages/tensorflow/python/framework/indexed_slices.py:444: UserWarning: Converting sparse IndexedSlices(IndexedSlices(indices=Tensor("gradient_tape/private__graph_conv_keras_model_3/graph_pool_6/Reshape_23:0", shape=(156,), dtype=int32), values=Tensor("gradient_tape/private__graph_conv_keras_model_3/graph_pool_6/Reshape_22:0", shape=(156, 64), dtype=float32), dense_shape=Tensor("gradient_tape/private__graph_conv_keras_model_3/graph_pool_6/Cast_7:0", shape=(2,), dtype=int32))) to a dense Tensor of unknown shape. This may consume a large amount of memory.
  warnings.warn(
/Users/kevinmaikjablonka/miniconda3/envs/gptchem/lib/python3.9/site-packages/tensorflow/python/framework/indexed_slices.py:444: UserWarning: Converting sparse IndexedSlices(IndexedSlices(indices=Tensor("gradient_tape/private__graph_conv_keras_model_3/graph_pool_7/Reshape_14:0", shape=(None,), dtype=int32), values=Tensor("gradient_tape/private__graph_conv_keras_model_3/graph_pool_7/Reshape_13:0", shape=(None, 64), dtype=float32), dense_shape=Tensor("gradient_tape/private__graph_conv_keras_model_3/graph_pool_7/Cast_4:0", shape=(2,), dtype=int32))) to a dense Tensor of unknown shape. This may consume a large amount of memory.
  warnings.warn(
/Users/kevinmaikjablonka/miniconda3/envs/gptchem/lib/python3.9/site-packages/tensorflow/python/framework/indexed_slices.py:444: UserWarning: Converting sparse IndexedSlices(IndexedSlices(indices=Tensor("gradient_tape/private__graph_conv_keras_model_3/graph_pool_7/Reshape_17:0", shape=(None,), dtype=int32), values=Tensor("gradient_tape/private__graph_conv_keras_model_3/graph_pool_7/Reshape_16:0", shape=(None, 64), dtype=float32), dense_shape=Tensor("gradient_tape/private__graph_conv_keras_model_3/graph_pool_7/Cast_5:0", shape=(2,), dtype=int32))) to a dense Tensor of unknown shape. This may consume a large amount of memory.
  warnings.warn(
/Users/kevinmaikjablonka/miniconda3/envs/gptchem/lib/python3.9/site-packages/tensorflow/python/framework/indexed_slices.py:444: UserWarning: Converting sparse IndexedSlices(IndexedSlices(indices=Tensor("gradient_tape/private__graph_conv_keras_model_3/graph_pool_7/Reshape_20:0", shape=(None,), dtype=int32), values=Tensor("gradient_tape/private__graph_conv_keras_model_3/graph_pool_7/Reshape_19:0", shape=(None, 64), dtype=float32), dense_shape=Tensor("gradient_tape/private__graph_conv_keras_model_3/graph_pool_7/Cast_6:0", shape=(2,), dtype=int32))) to a dense Tensor of unknown shape. This may consume a large amount of memory.
  warnings.warn(
/Users/kevinmaikjablonka/miniconda3/envs/gptchem/lib/python3.9/site-packages/tensorflow/python/framework/indexed_slices.py:444: UserWarning: Converting sparse IndexedSlices(IndexedSlices(indices=Tensor("gradient_tape/private__graph_conv_keras_model_3/graph_pool_7/Reshape_23:0", shape=(None,), dtype=int32), values=Tensor("gradient_tape/private__graph_conv_keras_model_3/graph_pool_7/Reshape_22:0", shape=(None, 64), dtype=float32), dense_shape=Tensor("gradient_tape/private__graph_conv_keras_model_3/graph_pool_7/Cast_7:0", shape=(2,), dtype=int32))) to a dense Tensor of unknown shape. This may consume a large amount of memory.
  warnings.warn(
/Users/kevinmaikjablonka/miniconda3/envs/gptchem/lib/python3.9/site-packages/tensorflow/python/framework/indexed_slices.py:444: UserWarning: Converting sparse IndexedSlices(IndexedSlices(indices=Tensor("gradient_tape/private__graph_conv_keras_model_3/graph_conv_7/Reshape_11:0", shape=(None,), dtype=int32), values=Tensor("gradient_tape/private__graph_conv_keras_model_3/graph_conv_7/Reshape_10:0", shape=(None, 64), dtype=float32), dense_shape=Tensor("gradient_tape/private__graph_conv_keras_model_3/graph_conv_7/Cast:0", shape=(2,), dtype=int32))) to a dense Tensor of unknown shape. This may consume a large amount of memory.
  warnings.warn(
/Users/kevinmaikjablonka/miniconda3/envs/gptchem/lib/python3.9/site-packages/tensorflow/python/framework/indexed_slices.py:444: UserWarning: Converting sparse IndexedSlices(IndexedSlices(indices=Tensor("gradient_tape/private__graph_conv_keras_model_3/graph_conv_7/Reshape_13:0", shape=(None,), dtype=int32), values=Tensor("gradient_tape/private__graph_conv_keras_model_3/graph_conv_7/Reshape_12:0", shape=(None, 64), dtype=float32), dense_shape=Tensor("gradient_tape/private__graph_conv_keras_model_3/graph_conv_7/Cast_1:0", shape=(2,), dtype=int32))) to a dense Tensor of unknown shape. This may consume a large amount of memory.
  warnings.warn(
/Users/kevinmaikjablonka/miniconda3/envs/gptchem/lib/python3.9/site-packages/tensorflow/python/framework/indexed_slices.py:444: UserWarning: Converting sparse IndexedSlices(IndexedSlices(indices=Tensor("gradient_tape/private__graph_conv_keras_model_3/graph_conv_7/Reshape_15:0", shape=(None,), dtype=int32), values=Tensor("gradient_tape/private__graph_conv_keras_model_3/graph_conv_7/Reshape_14:0", shape=(None, 64), dtype=float32), dense_shape=Tensor("gradient_tape/private__graph_conv_keras_model_3/graph_conv_7/Cast_2:0", shape=(2,), dtype=int32))) to a dense Tensor of unknown shape. This may consume a large amount of memory.
  warnings.warn(
/Users/kevinmaikjablonka/miniconda3/envs/gptchem/lib/python3.9/site-packages/tensorflow/python/framework/indexed_slices.py:444: UserWarning: Converting sparse IndexedSlices(IndexedSlices(indices=Tensor("gradient_tape/private__graph_conv_keras_model_3/graph_conv_7/Reshape_17:0", shape=(None,), dtype=int32), values=Tensor("gradient_tape/private__graph_conv_keras_model_3/graph_conv_7/Reshape_16:0", shape=(None, 64), dtype=float32), dense_shape=Tensor("gradient_tape/private__graph_conv_keras_model_3/graph_conv_7/Cast_3:0", shape=(2,), dtype=int32))) to a dense Tensor of unknown shape. This may consume a large amount of memory.
  warnings.warn(
/Users/kevinmaikjablonka/miniconda3/envs/gptchem/lib/python3.9/site-packages/tensorflow/python/framework/indexed_slices.py:444: UserWarning: Converting sparse IndexedSlices(IndexedSlices(indices=Tensor("gradient_tape/private__graph_conv_keras_model_3/graph_pool_6/Reshape_14:0", shape=(None,), dtype=int32), values=Tensor("gradient_tape/private__graph_conv_keras_model_3/graph_pool_6/Reshape_13:0", shape=(None, 64), dtype=float32), dense_shape=Tensor("gradient_tape/private__graph_conv_keras_model_3/graph_pool_6/Cast_4:0", shape=(2,), dtype=int32))) to a dense Tensor of unknown shape. This may consume a large amount of memory.
  warnings.warn(
/Users/kevinmaikjablonka/miniconda3/envs/gptchem/lib/python3.9/site-packages/tensorflow/python/framework/indexed_slices.py:444: UserWarning: Converting sparse IndexedSlices(IndexedSlices(indices=Tensor("gradient_tape/private__graph_conv_keras_model_3/graph_pool_6/Reshape_17:0", shape=(None,), dtype=int32), values=Tensor("gradient_tape/private__graph_conv_keras_model_3/graph_pool_6/Reshape_16:0", shape=(None, 64), dtype=float32), dense_shape=Tensor("gradient_tap