/Users/kevinmaikjablonka/miniconda3/envs/gptchem/lib/python3.9/site-packages/keras/initializers/initializers_v2.py:120: UserWarning: The initializer TruncatedNormal is unseeded and being called multiple times, which will return identical values  each time (even if the initializer is unseeded). Please update your code to provide a seed to the initializer, or avoid using the same initalizer instance more than once.
  warnings.warn(
WARNING:tensorflow:Gradients do not exist for variables ['weave_layer_1/kernel:0', 'weave_layer_1/Variable:0', 'weave_layer_1/kernel:0', 'weave_layer_1/Variable:0', 'weave_layer_1/kernel:0', 'weave_layer_1/Variable:0', 'weave_layer_1/batch_normalization_3/gamma:0', 'weave_layer_1/batch_normalization_3/beta:0', 'weave_layer_1/batch_normalization_4/gamma:0', 'weave_layer_1/batch_normalization_4/beta:0', 'weave_layer_1/batch_normalization_5/gamma:0', 'weave_layer_1/batch_normalization_5/beta:0'] when minimizing the loss. If you're using `model.compile()`, did you forget to provide a `loss` argument?
WARNING:tensorflow:Gradients do not exist for variables ['weave_layer_1/kernel:0', 'weave_layer_1/Variable:0', 'weave_layer_1/kernel:0', 'weave_layer_1/Variable:0', 'weave_layer_1/kernel:0', 'weave_layer_1/Variable:0', 'weave_layer_1/batch_normalization_3/gamma:0', 'weave_layer_1/batch_normalization_3/beta:0', 'weave_layer_1/batch_normalization_4/gamma:0', 'weave_layer_1/batch_normalization_4/beta:0', 'weave_layer_1/batch_normalization_5/gamma:0', 'weave_layer_1/batch_normalization_5/beta:0'] when minimizing the loss. If you're using `model.compile()`, did you forget to provide a `loss` argument?
2023-01-15 17:26:13.149332: W tensorflow/core/platform/profile_utils/cpu_utils.cc:128] Failed to get CPU frequency: 0 Hz
WARNING:tensorflow:Gradients do not exist for variables ['weave_layer_1/kernel:0', 'weave_layer_1/Variable:0', 'weave_layer_1/kernel:0', 'weave_layer_1/Variable:0', 'weave_layer_1/kernel:0', 'weave_layer_1/Variable:0', 'weave_layer_1/batch_normalization_3/gamma:0', 'weave_layer_1/batch_normalization_3/beta:0', 'weave_layer_1/batch_normalization_4/gamma:0', 'weave_layer_1/batch_normalization_4/beta:0', 'weave_layer_1/batch_normalization_5/gamma:0', 'weave_layer_1/batch_normalization_5/beta:0'] when minimizing the loss. If you're using `model.compile()`, did you forget to provide a `loss` argument?
/Users/kevinmaikjablonka/miniconda3/envs/gptchem/lib/python3.9/site-packages/tensorflow/python/framework/indexed_slices.py:444: UserWarning: Converting sparse IndexedSlices(IndexedSlices(indices=Tensor("gradient_tape/private__graph_conv_keras_model/graph_pool_1/Reshape_14:0", shape=(419,), dtype=int32), values=Tensor("gradient_tape/private__graph_conv_keras_model/graph_pool_1/Reshape_13:0", shape=(419, 64), dtype=float32), dense_shape=Tensor("gradient_tape/private__graph_conv_keras_model/graph_pool_1/Cast_4:0", shape=(2,), dtype=int32))) to a dense Tensor of unknown shape. This may consume a large amount of memory.
  warnings.warn(
/Users/kevinmaikjablonka/miniconda3/envs/gptchem/lib/python3.9/site-packages/tensorflow/python/framework/indexed_slices.py:444: UserWarning: Converting sparse IndexedSlices(IndexedSlices(indices=Tensor("gradient_tape/private__graph_conv_keras_model/graph_pool_1/Reshape_17:0", shape=(1152,), dtype=int32), values=Tensor("gradient_tape/private__graph_conv_keras_model/graph_pool_1/Reshape_16:0", shape=(1152, 64), dtype=float32), dense_shape=Tensor("gradient_tape/private__graph_conv_keras_model/graph_pool_1/Cast_5:0", shape=(2,), dtype=int32))) to a dense Tensor of unknown shape. This may consume a large amount of memory.
  warnings.warn(
/Users/kevinmaikjablonka/miniconda3/envs/gptchem/lib/python3.9/site-packages/tensorflow/python/framework/indexed_slices.py:444: UserWarning: Converting sparse IndexedSlices(IndexedSlices(indices=Tensor("gradient_tape/private__graph_conv_keras_model/graph_pool_1/Reshape_20:0", shape=(1023,), dtype=int32), values=Tensor("gradient_tape/private__graph_conv_keras_model/graph_pool_1/Reshape_19:0", shape=(1023, 64), dtype=float32), dense_shape=Tensor("gradient_tape/private__graph_conv_keras_model/graph_pool_1/Cast_6:0", shape=(2,), dtype=int32))) to a dense Tensor of unknown shape. This may consume a large amount of memory.
  warnings.warn(
/Users/kevinmaikjablonka/miniconda3/envs/gptchem/lib/python3.9/site-packages/tensorflow/python/framework/indexed_slices.py:444: UserWarning: Converting sparse IndexedSlices(IndexedSlices(indices=Tensor("gradient_tape/private__graph_conv_keras_model/graph_pool_1/Reshape_23:0", shape=(104,), dtype=int32), values=Tensor("gradient_tape/private__graph_conv_keras_model/graph_pool_1/Reshape_22:0", shape=(104, 64), dtype=float32), dense_shape=Tensor("gradient_tape/private__graph_conv_keras_model/graph_pool_1/Cast_7:0", shape=(2,), dtype=int32))) to a dense Tensor of unknown shape. This may consume a large amount of memory.
  warnings.warn(
/Users/kevinmaikjablonka/miniconda3/envs/gptchem/lib/python3.9/site-packages/tensorflow/python/framework/indexed_slices.py:444: UserWarning: Converting sparse IndexedSlices(IndexedSlices(indices=Tensor("gradient_tape/private__graph_conv_keras_model/graph_conv_1/Reshape_11:0", shape=(419,), dtype=int32), values=Tensor("gradient_tape/private__graph_conv_keras_model/graph_conv_1/Reshape_10:0", shape=(419, 64), dtype=float32), dense_shape=Tensor("gradient_tape/private__graph_conv_keras_model/graph_conv_1/Cast:0", shape=(2,), dtype=int32))) to a dense Tensor of unknown shape. This may consume a large amount of memory.
  warnings.warn(
/Users/kevinmaikjablonka/miniconda3/envs/gptchem/lib/python3.9/site-packages/tensorflow/python/framework/indexed_slices.py:444: UserWarning: Converting sparse IndexedSlices(IndexedSlices(indices=Tensor("gradient_tape/private__graph_conv_keras_model/graph_conv_1/Reshape_13:0", shape=(1152,), dtype=int32), values=Tensor("gradient_tape/private__graph_conv_keras_model/graph_conv_1/Reshape_12:0", shape=(1152, 64), dtype=float32), dense_shape=Tensor("gradient_tape/private__graph_conv_keras_model/graph_conv_1/Cast_1:0", shape=(2,), dtype=int32))) to a dense Tensor of unknown shape. This may consume a large amount of memory.
  warnings.warn(
/Users/kevinmaikjablonka/miniconda3/envs/gptchem/lib/python3.9/site-packages/tensorflow/python/framework/indexed_slices.py:444: UserWarning: Converting sparse IndexedSlices(IndexedSlices(indices=Tensor("gradient_tape/private__graph_conv_keras_model/graph_conv_1/Reshape_15:0", shape=(1023,), dtype=int32), values=Tensor("gradient_tape/private__graph_conv_keras_model/graph_conv_1/Reshape_14:0", shape=(1023, 64), dtype=float32), dense_shape=Tensor("gradient_tape/private__graph_conv_keras_model/graph_conv_1/Cast_2:0", shape=(2,), dtype=int32))) to a dense Tensor of unknown shape. This may consume a large amount of memory.
  warnings.warn(
/Users/kevinmaikjablonka/miniconda3/envs/gptchem/lib/python3.9/site-packages/tensorflow/python/framework/indexed_slices.py:444: UserWarning: Converting sparse IndexedSlices(IndexedSlices(indices=Tensor("gradient_tape/private__graph_conv_keras_model/graph_conv_1/Reshape_17:0", shape=(104,), dtype=int32), values=Tensor("gradient_tape/private__graph_conv_keras_model/graph_conv_1/Reshape_16:0", shape=(104, 64), dtype=float32), dense_shape=Tensor("gradient_tape/private__graph_conv_keras_model/graph_conv_1/Cast_3:0", shape=(2,), dtype=int32))) to a dense Tensor of unknown shape. This may consume a large amount of memory.
  warnings.warn(
/Users/kevinmaikjablonka/miniconda3/envs/gptchem/lib/python3.9/site-packages/tensorflow/python/framework/indexed_slices.py:444: UserWarning: Converting sparse IndexedSlices(IndexedSlices(indices=Tensor("gradient_tape/private__graph_conv_keras_model/graph_conv_1/Reshape_19:0", shape=(0,), dtype=int32), values=Tensor("gradient_tape/private__graph_conv_keras_model/graph_conv_1/Reshape_18:0", shape=(0, 64), dtype=float32), dense_shape=Tensor("gradient_tape/private__graph_conv_keras_model/graph_conv_1/Cast_4:0", shape=(2,), dtype=int32))) to a dense Tensor of unknown shape. This may consume a large amount of memory.
  warnings.warn(
/Users/kevinmaikjablonka/miniconda3/envs/gptchem/lib/python3.9/site-packages/tensorflow/python/framework/indexed_slices.py:444: UserWarning: Converting sparse IndexedSlices(IndexedSlices(indices=Tensor("gradient_tape/private__graph_conv_keras_model/graph_conv_1/Reshape_21:0", shape=(0,), dtype=int32), values=Tensor("gradient_tape/private__graph_conv_keras_model/graph_conv_1/Reshape_20:0", shape=(0, 64), dtype=float32), dense_shape=Tensor("gradient_tape/private__graph_conv_keras_model/graph_conv_1/Cast_5:0", shape=(2,), dtype=int32))) to a dense Tensor of unknown shape. This may consume a large amount of memory.
  warnings.warn(
/Users/kevinmaikjablonka/miniconda3/envs/gptchem/lib/python3.9/site-packages/tensorflow/python/framework/indexed_slices.py:444: UserWarning: Converting sparse IndexedSlices(IndexedSlices(indices=Tensor("gradient_tape/private__graph_conv_keras_model/graph_conv_1/Reshape_23:0", shape=(0,), dtype=int32), values=Tensor("gradient_tape/private__graph_conv_keras_model/graph_conv_1/Reshape_22:0", shape=(0, 64), dtype=float32), dense_shape=Tensor("gradient_tape/private__graph_conv_keras_model/graph_conv_1/Cast_6:0", shape=(2,), dtype=int32))) to a dense Tensor of unknown shape. This may consume a large amount of memory.
  warnings.warn(
/Users/kevinmaikjablonka/miniconda3/envs/gptchem/lib/python3.9/site-packages/tensorflow/python/framework/indexed_slices.py:444: UserWarning: Converting sparse IndexedSlices(IndexedSlices(indices=Tensor("gradient_tape/private__graph_conv_keras_model/graph_conv_1/Reshape_25:0", shape=(0,), dtype=int32), values=Tensor("gradient_tape/private__graph_conv_keras_model/graph_conv_1/Reshape_24:0", shape=(0, 64), dtype=float32), dense_shape=Tensor("gradient_tape/private__graph_conv_keras_model/graph_conv_1/Cast_7:0", shape=(2,), dtype=int32))) to a dense Tensor of unknown shape. This may consume a large amount of memory.
  warnings.warn(
/Users/kevinmaikjablonka/miniconda3/envs/gptchem/lib/python3.9/site-packages/tensorflow/python/framework/indexed_slices.py:444: UserWarning: Converting sparse IndexedSlices(IndexedSlices(indices=Tensor("gradient_tape/private__graph_conv_keras_model/graph_conv_1/Reshape_27:0", shape=(0,), dtype=int32), values=Tensor("gradient_tape/private__graph_conv_keras_model/graph_conv_1/Reshape_26:0", shape=(0, 64), dtype=float32), dense_shape=Tensor("gradient_tape/private__graph_conv_keras_model/graph_conv_1/Cast_8:0", shape=(2,), dtype=int32))) to a dense Tensor of unknown shape. This may consume a large amount of memory.
  warnings.warn(
/Users/kevinmaikjablonka/miniconda3/envs/gptchem/lib/python3.9/site-packages/tensorflow/python/framework/indexed_slices.py:444: UserWarning: Converting sparse IndexedSlices(IndexedSlices(indices=Tensor("gradient_tape/private__graph_conv_keras_model/graph_conv_1/Reshape_29:0", shape=(0,), dtype=int32), values=Tensor("gradient_tape/private__graph_conv_keras_model/graph_conv_1/Reshape_28:0", shape=(0, 64), dtype=float32), dense_shape=Tensor("gradient_tape/private__graph_conv_keras_model/graph_conv_1/Cast_9:0", shape=(2,), dtype=int32))) to a dense Tensor of unknown shape. This may consume a large amount of memory.
  warnings.warn(
/Users/kevinmaikjablonka/miniconda3/envs/gptchem/lib/python3.9/site-packages/tensorflow/python/framework/indexed_slices.py:444: UserWarning: Converting sparse IndexedSlices(IndexedSlices(indices=Tensor("gradient_tape/private__graph_conv_keras_model/graph_pool/Reshape_14:0", shape=(419,), dtype=int32), values=Tensor("gradient_tape/private__graph_conv_keras_model/graph_pool/Reshape_13:0", shape=(419, 64), dtype=float32), dense_shape=Tensor("gradient_tape/private__graph_conv_keras_model/graph_pool/Cast_4:0", shape=(2,), dtype=int32))) to a dense Tensor of unknown shape. This may consume a large amount of memory.
  warnings.warn(
/Users/kevinmaikjablonka/miniconda3/envs/gptchem/lib/python3.9/site-packages/tensorflow/python/framework/indexed_slices.py:444: UserWarning: Converting sparse IndexedSlices(IndexedSlices(indices=Tensor("gradient_tape/private__graph_conv_keras_model/graph_pool/Reshape_17:0", shape=(1152,), dtype=int32), values=Tensor("gradient_tape/private__graph_conv_keras_model/graph_pool/Reshape_16:0", shape=(1152, 64), dtype=float32), dense_shape=Tensor("gradient_tape/private__graph_conv_keras_model/graph_pool/Cast_5:0", shape=(2,), dtype=int32))) to a dense Tensor of unknown shape. This may consume a large amount of memory.
  warnings.warn(
/Users/kevinmaikjablonka/miniconda3/envs/gptchem/lib/python3.9/site-packages/tensorflow/python/framework/indexed_slices.py:444: UserWarning: Converting sparse IndexedSlices(IndexedSlices(indices=Tensor("gradient_tape/private__graph_conv_keras_model/graph_pool/Reshape_20:0", shape=(1023,), dtype=int32), values=Tensor("gradient_tape/private__graph_conv_keras_model/graph_pool/Reshape_19:0", shape=(1023, 64), dtype=float32), dense_shape=Tensor("gradient_tape/private__graph_conv_keras_model/graph_pool/Cast_6:0", shape=(2,), dtype=int32))) to a dense Tensor of unknown shape. This may consume a large amount of memory.
  warnings.warn(
/Users/kevinmaikjablonka/miniconda3/envs/gptchem/lib/python3.9/site-packages/tensorflow/python/framework/indexed_slices.py:444: UserWarning: Converting sparse IndexedSlices(IndexedSlices(indices=Tensor("gradient_tape/private__graph_conv_keras_model/graph_pool/Reshape_23:0", shape=(104,), dtype=int32), values=Tensor("gradient_tape/private__graph_conv_keras_model/graph_pool/Reshape_22:0", shape=(104, 64), dtype=float32), dense_shape=Tensor("gradient_tape/private__graph_conv_keras_model/graph_pool/Cast_7:0", shape=(2,), dtype=int32))) to a dense Tensor of unknown shape. This may consume a large amount of memory.
  warnings.warn(
/Users/kevinmaikjablonka/miniconda3/envs/gptchem/lib/python3.9/site-packages/tensorflow/python/framework/indexed_slices.py:444: UserWarning: Converting sparse IndexedSlices(IndexedSlices(indices=Tensor("gradient_tape/private__graph_conv_keras_model/graph_pool_1/Reshape_14:0", shape=(None,), dtype=int32), values=Tensor("gradient_tape/private__graph_conv_keras_model/graph_pool_1/Reshape_13:0", shape=(None, 64), dtype=float32), dense_shape=Tensor("gradient_tape/private__graph_conv_keras_model/graph_pool_1/Cast_4:0", shape=(2,), dtype=int32))) to a dense Tensor of unknown shape. This may consume a large amount of memory.
  warnings.warn(
/Users/kevinmaikjablonka/miniconda3/envs/gptchem/lib/python3.9/site-packages/tensorflow/python/framework/indexed_slices.py:444: UserWarning: Converting sparse IndexedSlices(IndexedSlices(indices=Tensor("gradient_tape/private__graph_conv_keras_model/graph_pool_1/Reshape_17:0", shape=(None,), dtype=int32), values=Tensor("gradient_tape/private__graph_conv_keras_model/graph_pool_1/Reshape_16:0", shape=(None, 64), dtype=float32), dense_shape=Tensor("gradient_tape/private__graph_conv_keras_model/graph_pool_1/Cast_5:0", shape=(2,), dtype=int32))) to a dense Tensor of unknown shape. This may consume a large amount of memory.
  warnings.warn(
/Users/kevinmaikjablonka/miniconda3/envs/gptchem/lib/python3.9/site-packages/tensorflow/python/framework/indexed_slices.py:444: UserWarning: Converting sparse IndexedSlices(IndexedSlices(indices=Tensor("gradient_tape/private__graph_conv_keras_model/graph_pool_1/Reshape_20:0", shape=(None,), dtype=int32), values=Tensor("gradient_tape/private__graph_conv_keras_model/graph_pool_1/Reshape_19:0", shape=(None, 64), dtype=float32), dense_shape=Tensor("gradient_tape/private__graph_conv_keras_model/graph_pool_1/Cast_6:0", shape=(2,), dtype=int32))) to a dense Tensor of unknown shape. This may consume a large amount of memory.
  warnings.warn(
/Users/kevinmaikjablonka/miniconda3/envs/gptchem/lib/python3.9/site-packages/tensorflow/python/framework/indexed_slices.py:444: UserWarning: Converting sparse IndexedSlices(IndexedSlices(indices=Tensor("gradient_tape/private__graph_conv_keras_model/graph_conv_1/Reshape_11:0", shape=(None,), dtype=int32), values=Tensor("gradient_tape/private__graph_conv_keras_model/graph_conv_1/Reshape_10:0", shape=(None, 64), dtype=float32), dense_shape=Tensor("gradient_tape/private__graph_conv_keras_model/graph_conv_1/Cast:0", shape=(2,), dtype=int32))) to a dense Tensor of unknown shape. This may consume a large amount of memory.
  warnings.warn(
/Users/kevinmaikjablonka/miniconda3/envs/gptchem/lib/python3.9/site-packages/tensorflow/python/framework/indexed_slices.py:444: UserWarning: Converting sparse IndexedSlices(IndexedSlices(indices=Tensor("gradient_tape/private__graph_conv_keras_model/graph_conv_1/Reshape_13:0", shape=(None,), dtype=int32), values=Tensor("gradient_tape/private__graph_conv_keras_model/graph_conv_1/Reshape_12:0", shape=(None, 64), dtype=float32), dense_shape=Tensor("gradient_tape/private__graph_conv_keras_model/graph_conv_1/Cast_1:0", shape=(2,), dtype=int32))) to a dense Tensor of unknown shape. This may consume a large amount of memory.
  warnings.warn(
/Users/kevinmaikjablonka/miniconda3/envs/gptchem/lib/python3.9/site-packages/tensorflow/python/framework/indexed_slices.py:444: UserWarning: Converting sparse IndexedSlices(IndexedSlices(indices=Tensor("gradient_tape/private__graph_conv_keras_model/graph_conv_1/Reshape_15:0", shape=(None,), dtype=int32), values=Tensor("gradient_tape/private__graph_conv_keras_model/graph_conv_1/Reshape_14:0", shape=(None, 64), dtype=float32), dense_shape=Tensor("gradient_tape/private__graph_conv_keras_model/graph_conv_1/Cast_2:0", shape=(2,), dtype=int32))) to a dense Tensor of unknown shape. This may consume a large amount of memory.
  warnings.warn(
/Users/kevinmaikjablonka/miniconda3/envs/gptchem/lib/python3.9/site-packages/tensorflow/python/framework/indexed_slices.py:444: UserWarning: Converting sparse IndexedSlices(IndexedSlices(indices=Tensor("gradient_tape/private__graph_conv_keras_model/graph_pool/Reshape_14:0", shape=(None,), dtype=int32), values=Tensor("gradient_tape/private__graph_conv_keras_model/graph_pool/Reshape_13:0", shape=(None, 64), dtype=float32), dense_shape=Tensor("gradient_tape/private__graph_conv_keras_model/graph_pool/Cast_4:0", shape=(2,), dtype=int32))) to a dense Tensor of unknown shape. This may consume a large amount of memory.
  warnings.warn(
/Users/kevinmaikjablonka/miniconda3/envs/gptchem/lib/python3.9/site-packages/tensorflow/python/framework/indexed_slices.py:444: UserWarning: Converting sparse IndexedSlices(IndexedSlices(indices=Tensor("gradient_tape/private__graph_conv_keras_model/graph_pool/Reshape_17:0", shape=(None,), dtype=int32), values=Tensor("gradient_tape/private__graph_conv_keras_model/graph_pool/Reshape_16:0", shape=(None, 64), dtype=float32), dense_shape=Tensor("gradient_tape/private__graph_conv_keras_model/graph_pool/Cast_5:0", shape=(2,), dtype=int32))) to a dense Tensor of unknown shape. This may consume a large amount of memory.
  warnings.warn(
/Users/kevinmaikjablonka/miniconda3/envs/gptchem/lib/python3.9/site-packages/tensorflow/python/framework/indexed_slices.py:444: UserWarning: Converting sparse IndexedSlices(IndexedSlices(indices=Tensor("gradient_tape/private__graph_conv_keras_model/graph_pool/Reshape_20:0", shape=(None,), dtype=int32), values=Tensor("gradient_tape/private__graph_conv_keras_model/graph_pool/Reshape_19:0", shape=(None, 64), dtype=float32), dense_shape=Tensor("gradient_tape/private__graph_conv_keras_model/graph_pool/Cast_6:0", shape=(2,), dtype=int32))) to a dense Tensor of unknown shape. This may consume a large amount of memory.
  warnings.warn(
/Users/kevinmaikjablonka/miniconda3/envs/gptchem/lib/python3.9/site-packages/tensorflow/python/framework/indexed_slices.py:444: UserWarning: Converting sparse IndexedSlices(IndexedSlices(indices=Tensor("gradient_tape/private__graph_conv_keras_model/graph_pool_1/Reshape_23:0", shape=(None,), dtype=int32), values=Tensor("gradient_tape/private__graph_conv_keras_model/graph_pool_1/Reshape_22:0", shape=(None, 64), dtype=float32), dense_shape=Tensor("gradient_tape/private__graph_conv_keras_model/graph_pool_1/Cast_7:0", shape=(2,), dtype=int32))) to a dense Tensor of unknown shape. This may consume a large amount of memory.
  warnings.warn(
/Users/kevinmaikjablonka/miniconda3/envs/gptchem/lib/python3.9/site-packages/tensorflow/python/framework/indexed_slices.py:444: UserWarning: Converting sparse IndexedSlices(IndexedSlices(indices=Tensor("gradient_tape/private__graph_conv_keras_model/graph_conv_1/Reshape_17:0", shape=(None,), dtype=int32), values=Tensor("gradient_tape/private__graph_conv_keras_model/graph_conv_1/Reshape_16:0", shape=(None, 64), dtype=float32), dense_shape=Tensor("gradient_tape/private__graph_conv_keras_model/graph_conv_1/Cast_3:0", shape=(2,), dtype=int32))) to a dense Tensor of unknown shape. This may consume a large amount of memory.
  warnings.warn(
/Users/kevinmaikjablonka/miniconda3/envs/gptchem/lib/python3.9/site-packages/tensorflow/python/framework/indexed_slices.py:444: UserWarning: Converting sparse IndexedSlices(IndexedSlices(indices=Tensor("gradient_tape/private__graph_conv_keras_model/graph_pool/Reshape_23:0", shape=(None,), dtype=int32), values=Tensor("gradient_tape/private__graph_conv_keras_model/graph_pool/Reshape_22:0", shape=(None, 64), dtype=float32), dense_shape=Tensor("gradient_tape/private__graph_conv_keras_model/graph_pool/Cast_7:0", shape=(2,), dtype=int32))) to a dense Tensor of unknown shape. This may consume a large amount of memory.
  warnings.warn(
[32m[I 2023-01-15 17:26:23,715][0m A new study created in memory with name: no-name-fc2ec082-7313-427b-88f0-ad5103a37108[0m
/Users/kevinmaikjablonka/git/kjappelbaum/gptchem/src/gptchem/baselines/xgboost.py:38: FutureWarning: suggest_loguniform has been deprecated in v3.0.0. This feature will be removed in v6.0.0. See https://github.com/optuna/optuna/releases/tag/v3.0.0. Use :func:`~optuna.trial.Trial.suggest_float` instead.
  "learning_rate": trial.suggest_logunifor