[32m[I 2023-01-15 17:45:29,367][0m Trial 99 finished with value: 0.39999999999999997 and parameters: {'n_estimators': 5872, 'max_depth': 48, 'learning_rate': 0.007117094325879307, 'colsample_bytree': 0.4683591296968096, 'subsample': 0.000232234141340582, 'alpha': 3.269232572908589e-08, 'lambda': 0.049740337383613796}. Best is trial 0 with value: 0.39999999999999997.[0m
Uploaded file from /Users/kevinmaikjablonka/git/kjappelbaum/gptchem/experiments/03_classification/solubility/out/20230115_173437/train.jsonl: file-F0vjyEPVEoVkppjFIGAVkoFX
Train size: 10, Accuracy: 0.5714285714285714, Baseline ESOL: 0.8214285714285714
╒═════════════════════════╤═══════════╤══════════════════╤═════════╤═════════════╤═════════╤═════════╤═════════╕
│ name                    │ class     │ transform        │ prior   │ trainable   │ shape   │ dtype   │   value │
╞═════════════════════════╪═══════════╪══════════════════╪═════════╪═════════════╪═════════╪═════════╪═════════╡
│ GPR.mean_function.c     │ Parameter │ Identity         │         │ True        │ ()      │ float64 │ 0.09738 │
├─────────────────────────┼───────────┼──────────────────┼─────────┼─────────────┼─────────┼─────────┼─────────┤
│ GPR.kernel.variance     │ Parameter │ Softplus         │         │ True        │ ()      │ float64 │ 0.86124 │
├─────────────────────────┼───────────┼──────────────────┼─────────┼─────────────┼─────────┼─────────┼─────────┤
│ GPR.likelihood.variance │ Parameter │ Softplus + Shift │         │ True        │ ()      │ float64 │ 0.5703  │
╘═════════════════════════╧═══════════╧══════════════════╧═════════╧═════════════╧═════════╧═════════╧═════════╛
Loading model that can be used for inference only
Using a Transformer with 25.82 M parameters
Upload progress:   0%|          | 0.00/2.88k [00:00<?, ?it/s]Upload progress: 100%|██████████| 2.88k/2.88k [00:00<00:00, 3.98Mit/s]
/Users/kevinmaikjablonka/miniconda3/envs/gptchem/lib/python3.9/site-packages/keras/initializers/initializers_v2.py:120: UserWarning: The initializer TruncatedNormal is unseeded and being called multiple times, which will return identical values  each time (even if the initializer is unseeded). Please update your code to provide a seed to the initializer, or avoid using the same initalizer instance more than once.
  warnings.warn(
WARNING:tensorflow:Gradients do not exist for variables ['weave_layer_5/kernel:0', 'weave_layer_5/Variable:0', 'weave_layer_5/kernel:0', 'weave_layer_5/Variable:0', 'weave_layer_5/kernel:0', 'weave_layer_5/Variable:0', 'weave_layer_5/batch_normalization_3/gamma:0', 'weave_layer_5/batch_normalization_3/beta:0', 'weave_layer_5/batch_normalization_4/gamma:0', 'weave_layer_5/batch_normalization_4/beta:0', 'weave_layer_5/batch_normalization_5/gamma:0', 'weave_layer_5/batch_normalization_5/beta:0'] when minimizing the loss. If you're using `model.compile()`, did you forget to provide a `loss` argument?
WARNING:tensorflow:Gradients do not exist for variables ['weave_layer_5/kernel:0', 'weave_layer_5/Variable:0', 'weave_layer_5/kernel:0', 'weave_layer_5/Variable:0', 'weave_layer_5/kernel:0', 'weave_layer_5/Variable:0', 'weave_layer_5/batch_normalization_3/gamma:0', 'weave_layer_5/batch_normalization_3/beta:0', 'weave_layer_5/batch_normalization_4/gamma:0', 'weave_layer_5/batch_normalization_4/beta:0', 'weave_layer_5/batch_normalization_5/gamma:0', 'weave_layer_5/batch_normalization_5/beta:0'] when minimizing the loss. If you're using `model.compile()`, did you forget to provide a `loss` argument?
WARNING:tensorflow:Gradients do not exist for variables ['weave_layer_5/kernel:0', 'weave_layer_5/Variable:0', 'weave_layer_5/kernel:0', 'weave_layer_5/Variable:0', 'weave_layer_5/kernel:0', 'weave_layer_5/Variable:0', 'weave_layer_5/batch_normalization_3/gamma:0', 'weave_layer_5/batch_normalization_3/beta:0', 'weave_layer_5/batch_normalization_4/gamma:0', 'weave_layer_5/batch_normalization_4/beta:0', 'weave_layer_5/batch_normalization_5/gamma:0', 'weave_layer_5/batch_normalization_5/beta:0'] when minimizing the loss. If you're using `model.compile()`, did you forget to provide a `loss` argument?
WARNING:tensorflow:5 out of the last 5 calls to <function KerasModel._compute_model at 0x2cc823430> triggered tf.function retracing. Tracing is expensive and the excessive number of tracings could be due to (1) creating @tf.function repeatedly in a loop, (2) passing tensors with different shapes, (3) passing Python objects instead of tensors. For (1), please define your @tf.function outside of the loop. For (2), @tf.function has reduce_retracing=True option that can avoid unnecessary retracing. For (3), please refer to https://www.tensorflow.org/guide/function#controlling_retracing and https://www.tensorflow.org/api_docs/python/tf/function for  more details.
/Users/kevinmaikjablonka/miniconda3/envs/gptchem/lib/python3.9/site-packages/tensorflow/python/framework/indexed_slices.py:444: UserWarning: Converting sparse IndexedSlices(IndexedSlices(indices=Tensor("gradient_tape/private__graph_conv_keras_model_2/graph_pool_5/Reshape_14:0", shape=(527,), dtype=int32), values=Tensor("gradient_tape/private__graph_conv_keras_model_2/graph_pool_5/Reshape_13:0", shape=(527, 64), dtype=float32), dense_shape=Tensor("gradient_tape/private__graph_conv_keras_model_2/graph_pool_5/Cast_4:0", shape=(2,), dtype=int32))) to a dense Tensor of unknown shape. This may consume a large amount of memory.
  warnings.warn(
/Users/kevinmaikjablonka/miniconda3/envs/gptchem/lib/python3.9/site-packages/tensorflow/python/framework/indexed_slices.py:444: UserWarning: Converting sparse IndexedSlices(IndexedSlices(indices=Tensor("gradient_tape/private__graph_conv_keras_model_2/graph_pool_5/Reshape_17:0", shape=(1104,), dtype=int32), values=Tensor("gradient_tape/private__graph_conv_keras_model_2/graph_pool_5/Reshape_16:0", shape=(1104, 64), dtype=float32), dense_shape=Tensor("gradient_tape/private__graph_conv_keras_model_2/graph_pool_5/Cast_5:0", shape=(2,), dtype=int32))) to a dense Tensor of unknown shape. This may consume a large amount of memory.
  warnings.warn(
/Users/kevinmaikjablonka/miniconda3/envs/gptchem/lib/python3.9/site-packages/tensorflow/python/framework/indexed_slices.py:444: UserWarning: Converting sparse IndexedSlices(IndexedSlices(indices=Tensor("gradient_tape/private__graph_conv_keras_model_2/graph_pool_5/Reshape_20:0", shape=(1359,), dtype=int32), values=Tensor("gradient_tape/private__graph_conv_keras_model_2/graph_pool_5/Reshape_19:0", shape=(1359, 64), dtype=float32), dense_shape=Tensor("gradient_tape/private__graph_conv_keras_model_2/graph_pool_5/Cast_6:0", shape=(2,), dtype=int32))) to a dense Tensor of unknown shape. This may consume a large amount of memory.
  warnings.warn(
/Users/kevinmaikjablonka/miniconda3/envs/gptchem/lib/python3.9/site-packages/tensorflow/python/framework/indexed_slices.py:444: UserWarning: Converting sparse IndexedSlices(IndexedSlices(indices=Tensor("gradient_tape/private__graph_conv_keras_model_2/graph_pool_5/Reshape_23:0", shape=(256,), dtype=int32), values=Tensor("gradient_tape/private__graph_conv_keras_model_2/graph_pool_5/Reshape_22:0", shape=(256, 64), dtype=float32), dense_shape=Tensor("gradient_tape/private__graph_conv_keras_model_2/graph_pool_5/Cast_7:0", shape=(2,), dtype=int32))) to a dense Tensor of unknown shape. This may consume a large amount of memory.
  warnings.warn(
/Users/kevinmaikjablonka/miniconda3/envs/gptchem/lib/python3.9/site-packages/tensorflow/python/framework/indexed_slices.py:444: UserWarning: Converting sparse IndexedSlices(IndexedSlices(indices=Tensor("gradient_tape/private__graph_conv_keras_model_2/graph_conv_5/Reshape_11:0", shape=(527,), dtype=int32), values=Tensor("gradient_tape/private__graph_conv_keras_model_2/graph_conv_5/Reshape_10:0", shape=(527, 64), dtype=float32), dense_shape=Tensor("gradient_tape/private__graph_conv_keras_model_2/graph_conv_5/Cast:0", shape=(2,), dtype=int32))) to a dense Tensor of unknown shape. This may consume a large amount of memory.
  warnings.warn(
/Users/kevinmaikjablonka/miniconda3/envs/gptchem/lib/python3.9/site-packages/tensorflow/python/framework/indexed_slices.py:444: UserWarning: Converting sparse IndexedSlices(IndexedSlices(indices=Tensor("gradient_tape/private__graph_conv_keras_model_2/graph_conv_5/Reshape_13:0", shape=(1104,), dtype=int32), values=Tensor("gradient_tape/private__graph_conv_keras_model_2/graph_conv_5/Reshape_12:0", shape=(1104, 64), dtype=float32), dense_shape=Tensor("gradient_tape/private__graph_conv_keras_model_2/graph_conv_5/Cast_1:0", shape=(2,), dtype=int32))) to a dense Tensor of unknown shape. This may consume a large amount of memory.
  warnings.warn(
/Users/kevinmaikjablonka/miniconda3/envs/gptchem/lib/python3.9/site-packages/tensorflow/python/framework/indexed_slices.py:444: UserWarning: Converting sparse IndexedSlices(IndexedSlices(indices=Tensor("gradient_tape/private__graph_conv_keras_model_2/graph_conv_5/Reshape_15:0", shape=(1359,), dtype=int32), values=Tensor("gradient_tape/private__graph_conv_keras_model_2/graph_conv_5/Reshape_14:0", shape=(1359, 64), dtype=float32), dense_shape=Tensor("gradient_tape/private__graph_conv_keras_model_2/graph_conv_5/Cast_2:0", shape=(2,), dtype=int32))) to a dense Tensor of unknown shape. This may consume a large amount of memory.
  warnings.warn(
/Users/kevinmaikjablonka/miniconda3/envs/gptchem/lib/python3.9/site-packages/tensorflow/python/framework/indexed_slices.py:444: UserWarning: Converting sparse IndexedSlices(IndexedSlices(indices=Tensor("gradient_tape/private__graph_conv_keras_model_2/graph_conv_5/Reshape_17:0", shape=(256,), dtype=int32), values=Tensor("gradient_tape/private__graph_conv_keras_model_2/graph_conv_5/Reshape_16:0", shape=(256, 64), dtype=float32), dense_shape=Tensor("gradient_tape/private__graph_conv_keras_model_2/graph_conv_5/Cast_3:0", shape=(2,), dtype=int32))) to a dense Tensor of unknown shape. This may consume a large amount of memory.
  warnings.warn(
/Users/kevinmaikjablonka/miniconda3/envs/gptchem/lib/python3.9/site-packages/tensorflow/python/framework/indexed_slices.py:444: UserWarning: Converting sparse IndexedSlices(IndexedSlices(indices=Tensor("gradient_tape/private__graph_conv_keras_model_2/graph_conv_5/Reshape_19:0", shape=(0,), dtype=int32), values=Tensor("gradient_tape/private__graph_conv_keras_model_2/graph_conv_5/Reshape_18:0", shape=(0, 64), dtype=float32), dense_shape=Tensor("gradient_tape/private__graph_conv_keras_model_2/graph_conv_5/Cast_4:0", shape=(2,), dtype=int32))) to a dense Tensor of unknown shape. This may consume a large amount of memory.
  warnings.warn(
/Users/kevinmaikjablonka/miniconda3/envs/gptchem/lib/python3.9/site-packages/tensorflow/python/framework/indexed_slices.py:444: UserWarning: Converting sparse IndexedSlices(IndexedSlices(indices=Tensor("gradient_tape/private__graph_conv_keras_model_2/graph_conv_5/Reshape_21:0", shape=(0,), dtype=int32), values=Tensor("gradient_tape/private__graph_conv_keras_model_2/graph_conv_5/Reshape_20:0", shape=(0, 64), dtype=float32), dense_shape=Tensor("gradient_tape/private__graph_conv_keras_model_2/graph_conv_5/Cast_5:0", shape=(2,), dtype=int32))) to a dense Tensor of unknown shape. This may consume a large amount of memory.
  warnings.warn(
/Users/kevinmaikjablonka/miniconda3/envs/gptchem/lib/python3.9/site-packages/tensorflow/python/framework/indexed_slices.py:444: UserWarning: Converting sparse IndexedSlices(IndexedSlices(indices=Tensor("gradient_tape/private__graph_conv_keras_model_2/graph_conv_5/Reshape_23:0", shape=(0,), dtype=int32), values=Tensor("gradient_tape/private__graph_conv_keras_model_2/graph_conv_5/Reshape_22:0", shape=(0, 64), dtype=float32), dense_shape=Tensor("gradient_tape/private__graph_conv_keras_model_2/graph_conv_5/Cast_6:0", shape=(2,), dtype=int32))) to a dense Tensor of unknown shape. This may consume a large amount of memory.
  warnings.warn(
/Users/kevinmaikjablonka/miniconda3/envs/gptchem/lib/python3.9/site-packages/tensorflow/python/framework/indexed_slices.py:444: UserWarning: Converting sparse IndexedSlices(IndexedSlices(indices=Tensor("gradient_tape/private__graph_conv_keras_model_2/graph_conv_5/Reshape_25:0", shape=(0,), dtype=int32), values=Tensor("gradient_tape/private__graph_conv_keras_model_2/graph_conv_5/Reshape_24:0", shape=(0, 64), dtype=float32), dense_shape=Tensor("gradient_tape/private__graph_conv_keras_model_2/graph_conv_5/Cast_7:0", shape=(2,), dtype=int32))) to a dense Tensor of unknown shape. This may consume a large amount of memory.
  warnings.warn(
/Users/kevinmaikjablonka/miniconda3/envs/gptchem/lib/python3.9/site-packages/tensorflow/python/framework/indexed_slices.py:444: UserWarning: Converting sparse IndexedSlices(IndexedSlices(indices=Tensor("gradient_tape/private__graph_conv_keras_model_2/graph_conv_5/Reshape_27:0", shape=(0,), dtype=int32), values=Tensor("gradient_tape/private__graph_conv_keras_model_2/graph_conv_5/Reshape_26:0", shape=(0, 64), dtype=float32), dense_shape=Tensor("gradient_tape/private__graph_conv_keras_model_2/graph_conv_5/Cast_8:0", shape=(2,), dtype=int32))) to a dense Tensor of unknown shape. This may consume a large amount of memory.
  warnings.warn(
/Users/kevinmaikjablonka/miniconda3/envs/gptchem/lib/python3.9/site-packages/tensorflow/python/framework/indexed_slices.py:444: UserWarning: Converting sparse IndexedSlices(IndexedSlices(indices=Tensor("gradient_tape/private__graph_conv_keras_model_2/graph_conv_5/Reshape_29:0", shape=(0,), dtype=int32), values=Tensor("gradient_tape/private__graph_conv_keras_model_2/graph_conv_5/Reshape_28:0", shape=(0, 64), dtype=float32), dense_shape=Tensor("gradient_tape/private__graph_conv_keras_model_2/graph_conv_5/Cast_9:0", shape=(2,), dtype=int32))) to a dense Tensor of unknown shape. This may consume a large amount of memory.
  warnings.warn(
/Users/kevinmaikjablonka/miniconda3/envs/gptchem/lib/python3.9/site-packages/tensorflow/python/framework/indexed_slices.py:444: UserWarning: Converting sparse IndexedSlices(IndexedSlices(indices=Tensor("gradient_tape/private__graph_conv_keras_model_2/graph_pool_4/Reshape_14:0", shape=(527,), dtype=int32), values=Tensor("gradient_tape/private__graph_conv_keras_model_2/graph_pool_4/Reshape_13:0", shape=(527, 64), dtype=float32), dense_shape=Tensor("gradient_tape/private__graph_conv_keras_model_2/graph_pool_4/Cast_4:0", shape=(2,), dtype=int32))) to a dense Tensor of unknown shape. This may consume a large amount of memory.
  warnings.warn(
/Users/kevinmaikjablonka/miniconda3/envs/gptchem/lib/python3.9/site-packages/tensorflow/python/framework/indexed_slices.py:444: UserWarning: Converting sparse IndexedSlices(IndexedSlices(indices=Tensor("gradient_tape/private__graph_conv_keras_model_2/graph_pool_4/Reshape_17:0", shape=(1104,), dtype=int32), values=Tensor("gradient_tape/private__graph_conv_keras_model_2/graph_pool_4/Reshape_16:0", shape=(1104, 64), dtype=float32), dense_shape=Tensor("gradient_tape/private__graph_conv_keras_model_2/graph_pool_4/Cast_5:0", shape=(2,), dtype=int32))) to a dense Tensor of unknown shape. This may consume a large amount of memory.
  warnings.warn(
/Users/kevinmaikjablonka/miniconda3/envs/gptchem/lib/python3.9/site-packages/tensorflow/python/framework/indexed_slices.py:444: UserWarning: Converting sparse IndexedSlices(IndexedSlices(indices=Tensor("gradient_tape/private__graph_conv_keras_model_2/graph_pool_4/Reshape_20:0", shape=(1359,), dtype=int32), values=Tensor("gradient_tape/private__graph_conv_keras_model_2/graph_pool_4/Reshape_19:0", shape=(1359, 64), dtype=float32), dense_shape=Tensor("gradient_tape/private__graph_conv_keras_model_2/graph_pool_4/Cast_6:0", shape=(2,), dtype=int32))) to a dense Tensor of unknown shape. This may consume a large amount of memory.
  warnings.warn(
/Users/kevinmaikjablonka/miniconda3/envs/gptchem/lib/python3.9/site-packages/tensorflow/python/framework/indexed_slices.py:444: UserWarning: Converting sparse IndexedSlices(IndexedSlices(indices=Tensor("gradient_tape/private__graph_conv_keras_model_2/graph_pool_4/Reshape_23:0", shape=(256,), dtype=int32), values=Tensor("gradient_tape/private__graph_conv_keras_model_2/graph_pool_4/Reshape_22:0", shape=(256, 64), dtype=float32), dense_shape=Tensor("gradient_tape/private__graph_conv_keras_model_2/graph_pool_4/Cast_7:0", shape=(2,), dtype=int32))) to a dense Tensor of unknown shape. This may consume a large amount of memory.
  warnings.warn(
/Users/kevinmaikjablonka/miniconda3/envs/gptchem/lib/python3.9/site-packages/tensorflow/python/framework/indexed_slices.py:444: UserWarning: Converting sparse IndexedSlices(IndexedSlices(indices=Tensor("gradient_tape/private__graph_conv_keras_model_2/graph_pool_5/Reshape_14:0", shape=(None,), dtype=int32), values=Tensor("gradient_tape/private__graph_conv_keras_model_2/graph_pool_5/Reshape_13:0", shape=(None, 64), dtype=float32), dense_shape=Tensor("gradient_tape/private__graph_conv_keras_model_2/graph_pool_5/Cast_4:0", shape=(2,), dtype=int32))) to a dense Tensor of unknown shape. This may consume a large amount of memory.
  warnings.warn(
/Users/kevinmaikjablonka/miniconda3/envs/gptchem/lib/python3.9/site-packages/tensorflow/python/framework/indexed_slices.py:444: UserWarning: Converting sparse IndexedSlices(IndexedSlices(indices=Tensor("gradient_tape/private__graph_conv_keras_model_2/graph_pool_5/Reshape_17:0", shape=(None,), dtype=int32), values=Tensor("gradient_tape/private__graph_conv_keras_model_2/graph_pool_5/Reshape_16:0", shape=(None, 64), dtype=float32), dense_shape=Tensor("gradient_tape/private__graph_conv_keras_model_2/graph_pool_5/Cast_5:0", shape=(2,), dtype=int32))) to a dense Tensor of unknown shape. This may consume a large amount of memory.
  warnings.warn(
/Users/kevinmaikjablonka/miniconda3/envs/gptchem/lib/python3.9/site-packages/tensorflow/python/framework/indexed_slices.py:444: UserWarning: Converting sparse IndexedSlices(IndexedSlices(indices=Tensor("gradient_tape/private__graph_conv_keras_model_2/graph_conv_5/Reshape_11:0", shape=(None,), dtype=int32), values=Tensor("gradient_tape/private__graph_conv_keras_model_2/graph_conv_5/Reshape_10:0", shape=(None, 64), dtype=float32), dense_shape=Tensor("gradient_tape/private__graph_conv_keras_model_2/graph_conv_5/Cast:0", shape=(2,), dtype=int32))) to a dense Tensor of unknown shape. This may consume a large amount of memory.
  warnings.warn(
/Users/kevinmaikjablonka/miniconda3/envs/gptchem/lib/python3.9/site-packages/tensorflow/python/framework/indexed_slices.py:444: UserWarning: Converting sparse IndexedSlices(IndexedSlices(indices=Tensor("gradient_tape/private__graph_conv_keras_model_2/graph_conv_5/Reshape_13:0", shape=(None,), dtype=int32), values=Tensor("gradient_tape/private__graph_conv_keras_model_2/graph_conv_5/Reshape_12:0", shape=(None, 64), dtype=float32), dense_shape=Tensor("gradient_tape/private__graph_conv_keras_model_2/graph_conv_5/Cast_1:0", shape=(2,), dtype=int32))) to a dense Tensor of unknown shape. This may consume a large amount of memory.
  warnings.warn(
/Users/kevinmaikjablonka/miniconda3/envs/gptchem/lib/python3.9/site-packages/tensorflow/python/framework/indexed_slices.py:444: UserWarning: Converting sparse IndexedSlices(IndexedSlices(indices=Tensor("gradient_tape/private__graph_conv_keras_model_2/graph_pool_4/Reshape_14:0", shape=(None,), dtype=int32), values=Tensor("gradient_tape/private__graph_conv_keras_model_2/graph_pool_4/Reshape_13:0", shape=(None, 64), dtype=float32), dense_shape=Tensor("gradient_tape/private__graph_conv_keras_model_2/graph_pool_4/Cast_4:0", shape=(2,), dtype=int32))) to a dense Tensor of unknown shape. This may consume a large amount of memory.
  warnings.warn(
/Users/kevinmaikjablonka/miniconda3/envs/gptchem/lib/python3.9/site-packages/tensorflow/python/framework/indexed_slices.py:444: UserWarning: Converting sparse IndexedSlices(IndexedSlices(indices=Tensor("gradient_tape/private__graph_conv_keras_model_2/graph_pool_4/Reshape_17:0", shape=(None,), dtype=int32), values=Tensor("gradient_tape/private__graph_conv_keras_model_2/graph_pool_4/Reshape_16:0", shape=(None, 64), dtype=float32), dense_shape=Tensor("gradient_tape/private__graph_conv_keras_model_2/graph_pool_4/Cast_5:0", shape=(2,), dtype=int32))) to a dense Tensor of unknown shape. This may consume a large amount of memory.
  warnings.warn(
/Users/kevinmaikjablonka/miniconda3/envs/gptchem/lib/python3.9/site-packages/tensorflow/python/framework/indexed_slices.py:444: UserWarning: Converting sparse IndexedSlices(IndexedSlices(indices=Tensor("gradient_tape/private__graph_conv_keras_model_2/graph_pool_5/Reshape_20:0", shape=(None,), dtype=int32), values=Tensor("gradient_tape/private__graph_conv_keras_model_2/graph_pool_5/Reshape_19:0", shape=(None, 64), dtype=float32), dense_shape=Tensor("gradient_tape/private__graph_conv_keras_model_2/graph_pool_5/Cast_6:0", shape=(2,), dtype=int32))) to a dense Tensor of unknown shape. This may consume a large amount of memory.
  warnings.warn(
/Users/kevinmaikjablonka/miniconda3/envs/gptchem/lib/python3.9/site-packages/tensorflow/python/framework/indexed_slices.py:444: UserWarning: Converting sparse IndexedSlices(IndexedSlices(indices=Tensor("gradient_tape/private__graph_conv_keras_model_2/graph_conv_5/Reshape_15:0", shape=(None,), dtype=int32), values=Tensor("gradient_tape/private__graph_conv_keras_model_2/graph_conv_5/Reshape_14:0", shape=(None, 64), dtype=float32), dense_shape=Tensor("gradient_tape/private__graph_conv_keras_model_2/graph_conv_5/Cast_2:0", shape=(2,), dtype=int32))) to a dense Tensor of unknown shape. This may consume a large amount of memory.
  warnings.warn(
/Users/kevinmaikjablonka/miniconda3/envs/gptchem/lib/python3.9/site-packages/tensorflow/python/framework/indexed_slices.py:444: UserWarning: Converting sparse IndexedSlices(IndexedSlices(indices=Tensor("gradient_tape/private__graph_conv_keras_model_2/graph_pool_4/Reshape_20:0", shape=(None,), dtype=int32), values=Tensor("gradient_tape/private__graph_conv_keras_model_2/graph_pool_4/Reshape_19:0", shape=(None, 64), dt