[32m[I 2023-01-31 02:39:15,231][0m Trial 35 finished with value: 0.36924347136428154 and parameters: {'max_depth': 6, 'learning_rate': 0.02057464581453459, 'colsample_bytree': 0.5232934471595463, 'subsample': 0.7768050234260269, 'alpha': 1.4685330382265889, 'lambda': 2.3755532273085202e-07, 'gamma': 3.684117884376382e-06, 'min_child_weight': 18.499949613118787}. Best is trial 34 with value: 0.36260250785563.[0m
[32m[I 2023-01-31 02:40:30,328][0m Trial 36 finished with value: 0.48139916411071865 and parameters: {'max_depth': 6, 'learning_rate': 0.01922405337643597, 'colsample_bytree': 0.5741561698075967, 'subsample': 0.7710807583578392, 'alpha': 2.6023006537007243, 'lambda': 3.753128322900688e-08, 'gamma': 9.885020302778241e-08, 'min_child_weight': 64.87458024644201}. Best is trial 34 with value: 0.36260250785563.[0m
[32m[I 2023-01-31 02:41:43,924][0m Trial 37 finished with value: 0.3782786469479026 and parameters: {'max_depth': 8, 'learning_rate': 0.015344850492467775, 'colsample_bytree': 0.4919051748672093, 'subsample': 0.7947767134720329, 'alpha': 0.8490566604856875, 'lambda': 1.4143723720322376e-07, 'gamma': 5.373541021746049e-07, 'min_child_weight': 12.786089169333419}. Best is trial 34 with value: 0.36260250785563.[0m
[32m[I 2023-01-31 02:43:01,489][0m Trial 38 finished with value: 0.40790966902264525 and parameters: {'max_depth': 5, 'learning_rate': 0.02294639926067889, 'colsample_bytree': 0.5748721677977469, 'subsample': 0.7480221917774253, 'alpha': 3.8752638254550407, 'lambda': 1.1876777178541845e-06, 'gamma': 6.492797794677796e-06, 'min_child_weight': 39.64291601361534}. Best is trial 34 with value: 0.36260250785563.[0m
[32m[I 2023-01-31 02:43:42,666][0m Trial 39 finished with value: 0.3697870891689042 and parameters: {'max_depth': 7, 'learning_rate': 0.02883580247235106, 'colsample_bytree': 0.522179271814754, 'subsample': 0.719462163072669, 'alpha': 0.5387973090978078, 'lambda': 4.5144215010522e-08, 'gamma': 6.92183211482152e-05, 'min_child_weight': 25.982811380377505}. Best is trial 34 with value: 0.36260250785563.[0m
[32m[I 2023-01-31 02:45:24,574][0m Trial 40 finished with value: 0.4235398227129359 and parameters: {'max_depth': 6, 'learning_rate': 0.017718042772626605, 'colsample_bytree': 0.5997961141674394, 'subsample': 0.7774126807883764, 'alpha': 1.9897278832013412, 'lambda': 5.497582743747343e-07, 'gamma': 0.0003542159261757186, 'min_child_weight': 48.4989877606386}. Best is trial 34 with value: 0.36260250785563.[0m
[32m[I 2023-01-31 02:46:18,350][0m Trial 41 finished with value: 0.3702071108819417 and parameters: {'max_depth': 6, 'learning_rate': 0.020393740147072098, 'colsample_bytree': 0.5358832906729115, 'subsample': 0.779418202310037, 'alpha': 1.447922195048896, 'lambda': 2.635261884735634e-07, 'gamma': 2.8856627075024164e-06, 'min_child_weight': 18.41743761243919}. Best is trial 34 with value: 0.36260250785563.[0m
[32m[I 2023-01-31 02:47:15,022][0m Trial 42 finished with value: 0.3618215447660914 and parameters: {'max_depth': 7, 'learning_rate': 0.020312208901012038, 'colsample_bytree': 0.5113611478032691, 'subsample': 0.7521333461863007, 'alpha': 1.0597735161035888, 'lambda': 1.4359807921442981e-07, 'gamma': 7.484861881530272e-06, 'min_child_weight': 20.105914327134098}. Best is trial 42 with value: 0.3618215447660914.[0m
[32m[I 2023-01-31 02:48:13,301][0m Trial 43 finished with value: 0.36252815444725706 and parameters: {'max_depth': 7, 'learning_rate': 0.02291515754218208, 'colsample_bytree': 0.49138808146760127, 'subsample': 0.7380877875594252, 'alpha': 1.0710147880377228, 'lambda': 8.054901941995758e-08, 'gamma': 8.97959258135508e-06, 'min_child_weight': 23.431365315276306}. Best is trial 42 with value: 0.3618215447660914.[0m
[32m[I 2023-01-31 02:49:16,268][0m Trial 44 finished with value: 0.3678355985003391 and parameters: {'max_depth': 8, 'learning_rate': 0.015433802220279465, 'colsample_bytree': 0.49459695684210775, 'subsample': 0.7268429381342135, 'alpha': 0.833560366512596, 'lambda': 2.188768480858034e-08, 'gamma': 1.1916861156517108e-06, 'min_child_weight': 12.541129721647064}. Best is trial 42 with value: 0.3618215447660914.[0m
[32m[I 2023-01-31 02:50:02,843][0m Trial 45 finished with value: 0.3659761968178149 and parameters: {'max_depth': 7, 'learning_rate': 0.024137361467468605, 'colsample_bytree': 0.4604472733049324, 'subsample': 0.7550165231333895, 'alpha': 0.4610321705488612, 'lambda': 1.117704776476021e-07, 'gamma': 5.571639845136162e-06, 'min_child_weight': 23.262196872857203}. Best is trial 42 with value: 0.3618215447660914.[0m
[32m[I 2023-01-31 02:50:54,066][0m Trial 46 finished with value: 0.37051736817224207 and parameters: {'max_depth': 7, 'learning_rate': 0.01840540656346892, 'colsample_bytree': 0.47017003269172375, 'subsample': 0.7099025940647335, 'alpha': 0.478660364623758, 'lambda': 1.1729845811750088e-08, 'gamma': 8.278101284504649e-06, 'min_child_weight': 22.75795304255203}. Best is trial 42 with value: 0.3618215447660914.[0m
[32m[I 2023-01-31 02:51:34,359][0m Trial 47 finished with value: 0.38668186326408766 and parameters: {'max_depth': 9, 'learning_rate': 0.030690884753856236, 'colsample_bytree': 0.4532841127780661, 'subsample': 0.7863195886357539, 'alpha': 0.7058206806798636, 'lambda': 1.0043435152716239e-07, 'gamma': 5.750982036566566e-06, 'min_child_weight': 35.334121871447}. Best is trial 42 with value: 0.3618215447660914.[0m
[32m[I 2023-01-31 02:52:43,307][0m Trial 48 finished with value: 0.3585429300763098 and parameters: {'max_depth': 8, 'learning_rate': 0.01701605877448136, 'colsample_bytree': 0.4867685039273277, 'subsample': 0.7351611500382369, 'alpha': 0.4827999185267037, 'lambda': 2.4854486604020556e-08, 'gamma': 3.132332939353677e-05, 'min_child_weight': 22.004125686781585}. Best is trial 48 with value: 0.3585429300763098.[0m
[32m[I 2023-01-31 02:53:50,279][0m Trial 49 finished with value: 0.4664397038372141 and parameters: {'max_depth': 8, 'learning_rate': 0.01630146935862336, 'colsample_bytree': 0.4897832715476927, 'subsample': 0.7619450784959614, 'alpha': 0.39100968379110623, 'lambda': 2.5098555843700557e-08, 'gamma': 3.579832323833568e-05, 'min_child_weight': 59.71347090038961}. Best is trial 48 with value: 0.3585429300763098.[0m
[32m[I 2023-01-31 02:55:02,291][0m Trial 50 finished with value: 0.36661960453117015 and parameters: {'max_depth': 9, 'learning_rate': 0.013789285069495312, 'colsample_bytree': 0.44078104093949305, 'subsample': 0.7323943927423696, 'alpha': 0.4432655300828365, 'lambda': 1.3988018697576043e-07, 'gamma': 0.00010690634295136534, 'min_child_weight': 24.05753567376509}. Best is trial 48 with value: 0.3585429300763098.[0m
[32m[I 2023-01-31 02:56:11,724][0m Trial 51 finished with value: 0.366787288180661 and parameters: {'max_depth': 9, 'learning_rate': 0.013745348889647529, 'colsample_bytree': 0.4377649432418334, 'subsample': 0.737630998833145, 'alpha': 0.4543789036028336, 'lambda': 1.271400804926855e-07, 'gamma': 6.978086717613216e-05, 'min_child_weight': 23.613893108062815}. Best is trial 48 with value: 0.3585429300763098.[0m
[32m[I 2023-01-31 02:57:23,539][0m Trial 52 finished with value: 0.36102140239369634 and parameters: {'max_depth': 7, 'learning_rate': 0.02006575793394572, 'colsample_bytree': 0.45330168893938494, 'subsample': 0.7103016599242956, 'alpha': 0.6246663488278906, 'lambda': 3.8381891061825015e-08, 'gamma': 0.00017226153098022872, 'min_child_weight': 20.015903755331856}. Best is trial 48 with value: 0.3585429300763098.[0m
[32m[I 2023-01-31 02:58:18,178][0m Trial 53 finished with value: 0.3617007708081357 and parameters: {'max_depth': 7, 'learning_rate': 0.02022270993539753, 'colsample_bytree': 0.46213006959477065, 'subsample': 0.7105013285020834, 'alpha': 0.6257339394087922, 'lambda': 3.7484823275983274e-08, 'gamma': 0.0003052154044277871, 'min_child_weight': 20.30073428101235}. Best is trial 48 with value: 0.3585429300763098.[0m
[32m[I 2023-01-31 02:59:05,664][0m Trial 54 finished with value: 0.3636324718121583 and parameters: {'max_depth': 7, 'learning_rate': 0.01988958783091974, 'colsample_bytree': 0.4868739917557082, 'subsample': 0.7117108534189237, 'alpha': 0.6629904334491171, 'lambda': 1.0180148940824972e-08, 'gamma': 0.0005276036288135348, 'min_child_weight': 19.33671860465406}. Best is trial 48 with value: 0.3585429300763098.[0m
[32m[I 2023-01-31 03:00:07,052][0m Trial 55 finished with value: 0.3729831438666726 and parameters: {'max_depth': 8, 'learning_rate': 0.017170581515331892, 'colsample_bytree': 0.41618474511973225, 'subsample': 0.709913493884017, 'alpha': 1.01925576427206, 'lambda': 4.4393754536681374e-08, 'gamma': 0.00025970888568811284, 'min_child_weight': 11.860712460556169}. Best is trial 48 with value: 0.3585429300763098.[0m
[32m[I 2023-01-31 03:00:55,960][0m Trial 56 finished with value: 0.39213031100600154 and parameters: {'max_depth': 8, 'learning_rate': 0.0214548915400067, 'colsample_bytree': 0.5026883129400834, 'subsample': 0.6731693365140448, 'alpha': 0.6465026468659252, 'lambda': 3.4714904694507916e-08, 'gamma': 0.0001346850738802915, 'min_child_weight': 33.88292663142869}. Best is trial 48 with value: 0.3585429300763098.[0m
[32m[I 2023-01-31 03:01:40,545][0m Trial 57 finished with value: 0.3679115329689937 and parameters: {'max_depth': 7, 'learning_rate': 0.02178863451381087, 'colsample_bytree': 0.4642258201985982, 'subsample': 0.6905821542961303, 'alpha': 0.3429793639789669, 'lambda': 1.959262861248585e-08, 'gamma': 0.0007344497050604166, 'min_child_weight': 15.149583758580036}. Best is trial 48 with value: 0.3585429300763098.[0m
[32m[I 2023-01-31 03:02:38,489][0m Trial 58 finished with value: 0.3727455057810603 and parameters: {'max_depth': 8, 'learning_rate': 0.019321069553581132, 'colsample_bytree': 0.4781808176980771, 'subsample': 0.7869077058228735, 'alpha': 0.22946420498262812, 'lambda': 3.3900262947411045e-07, 'gamma': 0.007669073264005705, 'min_child_weight': 16.731155354406702}. Best is trial 48 with value: 0.3585429300763098.[0m
[32m[I 2023-01-31 03:03:51,150][0m Trial 59 finished with value: 0.3710374649283787 and parameters: {'max_depth': 7, 'learning_rate': 0.01710220296243097, 'colsample_bytree': 0.5132489564577366, 'subsample': 0.7624138611091631, 'alpha': 0.9021047851665268, 'lambda': 2.3850745642243338e-08, 'gamma': 3.336704480683186e-05, 'min_child_weight': 28.027199312545946}. Best is trial 48 with value: 0.3585429300763098.[0m
[32m[I 2023-01-31 03:04:47,106][0m Trial 60 finished with value: 0.3621988661270489 and parameters: {'max_depth': 8, 'learning_rate': 0.022424881788244252, 'colsample_bytree': 0.540954095005699, 'subsample': 0.6598336840351915, 'alpha': 0.5518897631021384, 'lambda': 6.309787953782329e-08, 'gamma': 0.00016779435935123312, 'min_child_weight': 20.728207299601756}. Best is trial 48 with value: 0.3585429300763098.[0m
[32m[I 2023-01-31 03:05:44,272][0m Trial 61 finished with value: 0.36011683221755636 and parameters: {'max_depth': 8, 'learning_rate': 0.022684237031496544, 'colsample_bytree': 0.5396440510592538, 'subsample': 0.7179301238136971, 'alpha': 0.6144197074404663, 'lambda': 6.181611667855752e-08, 'gamma': 0.00021975996758649474, 'min_child_weight': 20.28616692538176}. Best is trial 48 with value: 0.3585429300763098.[0m
[32m[I 2023-01-31 03:06:25,732][0m Trial 62 finished with value: 0.36785131771269025 and parameters: {'max_depth': 8, 'learning_rate': 0.022383818385473507, 'colsample_bytree': 0.5427171754124878, 'subsample': 0.661602021638124, 'alpha': 0.6221595562160575, 'lambda': 5.381530065884648e-08, 'gamma': 0.00019157312734035216, 'min_child_weight': 17.323639615522058}. Best is trial 48 with value: 0.3585429300763098.[0m
[32m[I 2023-01-31 03:07:17,955][0m Trial 63 finished with value: 0.36348932233842196 and parameters: {'max_depth': 8, 'learning_rate': 0.02406962271305948, 'colsample_bytree': 0.5391743782989392, 'subsample': 0.6841109764455926, 'alpha': 1.2760291720563646, 'lambda': 6.952348468095092e-08, 'gamma': 0.00034865418421735524, 'min_child_weight': 20.383045090254857}. Best is trial 48 with value: 0.3585429300763098.[0m
[32m[I 2023-01-31 03:08:33,013][0m Trial 64 finished with value: 0.3716402707416203 and parameters: {'max_depth': 9, 'learning_rate': 0.018445814917567662, 'colsample_bytree': 0.49801545065916414, 'subsample': 0.7157210288574938, 'alpha': 0.5598399389486839, 'lambda': 1.7772553317168287e-08, 'gamma': 7.287410893588683e-05, 'min_child_weight': 10.206793749717121}. Best is trial 48 with value: 0.3585429300763098.[0m
[32m[I 2023-01-31 03:20:26,585][0m Trial 65 finished with value: 0.37499820376850257 and parameters: {'max_depth': 7, 'learning_rate': 0.02104064296534478, 'colsample_bytree': 0.5144306797506205, 'subsample': 0.6998414561631793, 'alpha': 0.3775964602033197, 'lambda': 1.0179642995298752e-08, 'gamma': 0.0012142915178333378, 'min_child_weight': 27.077154953067105}. Best is trial 48 with value: 0.3585429300763098.[0m
[32m[I 2023-01-31 03:33:59,329][0m Trial 66 finished with value: 0.3716506570152093 and parameters: {'max_depth': 8, 'learning_rate': 0.02239103535087025, 'colsample_bytree': 0.45144836467416183, 'subsample': 0.7337227269422084, 'alpha': 1.078862903813757, 'lambda': 1.5331555395068115e-07, 'gamma': 0.00016018550217294396, 'min_child_weight': 13.754922258892496}. Best is trial 48 with value: 0.3585429300763098.[0m
[32m[I 2023-01-31 03:45:04,399][0m Trial 67 finished with value: 0.38136110780853605 and parameters: {'max_depth': 7, 'learning_rate': 0.025347322317001396, 'colsample_bytree': 0.48178807221650655, 'subsample': 0.7206596004113844, 'alpha': 0.30212252885055346, 'lambda': 7.607591864177494e-08, 'gamma': 0.0007507129108283563, 'min_child_weight': 30.82439863098562}. Best is trial 48 with value: 0.3585429300763098.[0m
[32m[I 2023-01-31 03:54:25,796][0m Trial 68 finished with value: 0.3622408775375868 and parameters: {'max_depth': 9, 'learning_rate': 0.027884339436120092, 'colsample_bytree': 0.5186318604881472, 'subsample': 0.684374388245114, 'alpha': 0.7904542774377127, 'lambda': 3.1754950925161347e-08, 'gamma': 4.440287803294422e-05, 'min_child_weight': 17.15579341452648}. Best is trial 48 with value: 0.3585429300763098.[0m
[32m[I 2023-01-31 03:55:07,302][0m Trial 69 finished with value: 0.37073949738697015 and parameters: {'max_depth': 10, 'learning_rate': 0.027064173545838375, 'colsample_bytree': 0.5269057327008543, 'subsample': 0.6597183083002273, 'alpha': 0.7777644419035464, 'lambda': 3.731404332126913e-08, 'gamma': 4.386581173018597e-05, 'min_child_weight': 15.108703840628968}. Best is trial 48 with value: 0.3585429300763098.[0m
[32m[I 2023-01-31 03:56:18,586][0m Trial 70 finished with value: 0.36990255369563074 and parameters: {'max_depth': 9, 'learning_rate': 0.018185275177058608, 'colsample_bytree': 0.5457056331024948, 'subsample': 0.68308582916353, 'alpha': 0.2520252092955608, 'lambda': 1.8960242433619307e-08, 'gamma': 0.00024718482943497145, 'min_child_weight': 11.924250161630246}. Best is trial 48 with value: 0.3585429300763098.[0m
[32m[I 2023-01-31 03:57:00,663][0m Trial 71 finished with value: 0.36816695734223004 and parameters: {'max_depth': 8, 'learning_rate': 0.02332419244478416, 'colsample_bytree': 0.5118937768881747, 'subsample': 0.7006837279255487, 'alpha': 0.5766375731642491, 'lambda': 1.8128069006281335e-07, 'gamma': 1.0753107248368362e-05, 'min_child_weight': 16.764375258619445}. Best is trial 48 with value: 0.3585429300763098.[0m
[32m[I 2023-01-31 03:57:56,248][0m Trial 72 finished with value: 0.3596505178785972 and parameters: {'max_depth': 9, 'learning_rate': 0.020421265802724305, 'colsample_bytree': 0.4978669312102974, 'subsample': 0.7457603475436487, 'alpha': 0.770355708919753, 'lambda': 6.937766749744949e-08, 'gamma': 2.1263975764723388e-05, 'min_child_weight': 20.17696645271227}. Best is trial 48 with value: 0.3585429300763098.[0m
[32m[I 2023-01-31 03:58:57,505][0m Trial 73 finished with value: 0.35987924996031617 and parameters: {'max_depth': 10, 'learning_rate': 0.02006181950469742, 'colsample_bytree': 0.5308312558545234, 'subsample': 0.7513265099448068, 'alpha': 0.7386167330047418, 'lambda': 4.508456594478692e-08, 'gamma': 6.0093820958490515e-05, 'min_child_weight': 20.34132462749262}. Best is trial 48 with value: 0.3585429300763098.[0m
[32m[I 2023-01-31 04:00:09,233][0m Trial 74 finished with value: 0.3599373100684191 and parameters: {'max_depth': 11, 'learning_rate': 0.02006563078858381, 'colsample_bytree': 0.5326092385434037, 'subsample': 0.7493538666703846, 'alpha': 1.6438108449201623, 'lambda': 4.1676648658741677e-07, 'gamma': 2.6012281864625865e-05, 'min_child_weight': 20.823637053934362}. Best is trial 48 with value: 0.3585429300763098.[0m
[32m[I 2023-01-31 04:01:11,398][0m Trial 75 finished with value: 0.36282824841590766 and parameters: {'max_depth': 11, 'learning_rate': 0.019985806092075304, 'colsample_bytree': 0.504488324737952, 'subsample': 0.7517902738884751, 'alpha': 1.4831076188472887, 'lambda': 4.630502835996533e-07, 'gamma': 2.227384268553429e-05, 'min_child_weight': 19.715580306814346}. Best is trial 48 with value: 0.3585429300763098.[0m
[32m[I 2023-01-31 04:02:36,811][0m Trial 76 finished with value: 0.3669850792939656 and parameters: {'max_depth': 12, 'learning_rate': 0.01676464182013906, 'colsample_bytree': 0.5311816234006619, 'subsample': 0.763903817514582, 'alpha': 1.2590518119168257, 'lambda': 2.131242999587048e-07, 'gamma': 7.113622567391626e-05, 'min_child_weight': 26.78894272573003}. Best is trial 48 with value: 0.3585429300763098.[0m
[32m[I 2023-01-31 04:03:50,498][0m Trial 77 finished with value: 0.37794459377771245 and parameters: {'max_depth': 11, 'learning_rate': 0.019039514523119225, 'colsample_bytree': 0.47595720349843706, 'subsample': 0.7491507417176045, 'alpha': 1.738463367166895, 'lambda': 7.796649447842777e-07, 'gamma': 2.551273178280016e-05, 'min_child_weight': 31.65455992272415}. Best is trial 48 with value: 0.3585429300763098.[0m
[32m[I 2023-01-31 04:04:50,834][0m Trial 78 finished with value: 0.3693775765573386 and parameters: {'max_depth': 10, 'learning_rate': 0.020916030843292677, 'colsample_bytree': 0.5263983621316038, 'subsample': 0.7410899792755348, 'alpha': 0.7369246958148007, 'lambda': 3.82191082939338e-08, 'gamma': 1.321830968352345e-05, 'min_child_weight': 13.431639694810563}. Best is trial 48 with value: 0.3585429300763098.[0m
[32m[I 2023-01-31 04:05:55,468][0m Trial 79 finished with value: 0.36761762105817947 and parameters: {'max_depth': 10, 'learning_rate': 0.01589182604681008, 'colsample_bytree': 0.49640161112993103, 'subsample': 0.7225431743983458, 'alpha': 0.9387094017208316, 'lambda': 3.932386407520757e-07, 'gamma': 2.6549104690088073e-05, 'min_child_weight': 15.686898324956397}. Best is trial 48 with value: 0.3585429300763098.[0m
[32m[I 2023-01-31 04:17:41,428][0m Trial 80 finished with value: 0.3758648521409286 and parameters: {'max_depth': 10, 'learning_rate': 0.017519818038341475, 'colsample_bytree': 0.5654433449947853, 'subsample': 0.7713345445738795, 'alpha': 1.18962810133211, 'lambda': 1.527267660097615e-08, 'gamma': 0.00012219856777321894, 'min_child_weight': 11.268399727091646}. Best is trial 48 with value: 0.3585429300763098.[0m
[32m[I 2023-01-31 04:34:18,322][0m Trial 81 finished with value: 0.36230364605774845 and parameters: {'max_depth': 11, 'learning_rate': 0.020513154817602228, 'colsample_bytree': 0.5463212081766438, 'subsample': 0.7267905776187571, 'alpha': 0.5430441781089597, 'lambda': 7.818542387259461e-08, 'gamma': 0.00010979109736393743, 'min_child_weight': 21.40246725110052}. Best is trial 48 with value: 0.3585429300763098.[0m
[32m[I 2023-01-31 04:47:57,333][0m Trial 82 finished with value: 0.35785394723452624 and parameters: {'max_depth': 9, 'learning_rate': 0.021766323145012385, 'colsample_bytree': 0.5324432731049783, 'subsample': 0.7525697066143145, 'alpha': 0.651326285036962, 'lambda': 1.9557102338682438e-07, 'gamma': 0.00040582675790520943, 'min_child_weight': 20.105541963754906}. Best is trial 82 with value: 0.35785394723452624.[0m
[32m[I 2023-01-31 04:53:14,677][0m Trial 83 finished with value: 0.3637853538497599 and parameters: {'max_depth': 9, 'learning_rate': 0.024817897474046408, 'colsample_bytree': 0.5197793113569203, 'subsample': 0.7510028434414369, 'alpha': 0.6606332497079681, 'lambda': 1.6187980069925434e-07, 'gamma': 0.00035627444133634134, 'min_child_weight': 25.181593879524694}. Best is trial 82 with value: 0.35785394723452624.[0m
[32m[I 2023-01-31 04:54:23,774][0m Trial 84 finished with value: 0.35875916820190706 and parameters: {'max_depth': 10, 'learning_rate': 0.01928546935638893, 'colsample_bytree': 0.5310194987841321, 'subsample': 0.7427695069961074, 'alpha': 0.9536413398456364, 'lambda': 2.2349253640400037e-07, 'gamma': 5.912593337939462e-05, 'min_child_weight': 18.705842486407125}. Best is trial 82 with value: 0.35785394723452624.[0m
[32m[I 2023-01-31 04:55:15,407][0m Trial 85 finished with value: 0.3594147364378884 and parameters: {'max_depth': 11, 'learning_rate': 0.019012215642672248, 'colsample_bytree': 0.5598783406974176, 'subsample': 0.7373344396831353, 'alpha': 0.4041547954412912, 'lambda': 3.0308733104000214e-07, 'gamma': 5.68964166343541e-05, 'min_child_weight': 18.57012647526698}. Best is trial 82 with value: 0.35785394723452624.[0m
[32m[I 2023-01-31 04:56:18,935][0m Trial 86 finished with value: 0.35858536631922294 and parameters: {'max_depth': 12, 'learning_rate': 0.018702726372106272, 'colsample_bytree': 0.5543281559787303, 'subsample': 0.738502183433223, 'alpha': 0.4688510943280528, 'lambda': 5.694745802483051e-07, 'gamma': 5.8866842661798e-05, 'min_child_weight': 18.030077341023453}. Best is trial 82 with value: 0.35785394723452624.[0m
