[32m[I 2023-01-31 04:57:26,243][0m Trial 87 finished with value: 0.36630316173620325 and parameters: {'max_depth': 12, 'learning_rate': 0.01873741940293879, 'colsample_bytree': 0.5645757231464599, 'subsample': 0.7387081406040897, 'alpha': 0.4067078346317396, 'lambda': 2.709489951562705e-06, 'gamma': 7.309976115257588e-05, 'min_child_weight': 13.956955696758174}. Best is trial 82 with value: 0.35785394723452624.[0m
[32m[I 2023-01-31 04:58:47,272][0m Trial 88 finished with value: 0.36367154418935055 and parameters: {'max_depth': 12, 'learning_rate': 0.015164188230726645, 'colsample_bytree': 0.5527854555818748, 'subsample': 0.7591858518855327, 'alpha': 0.4861098053856196, 'lambda': 6.786830069650996e-07, 'gamma': 1.558185045418402e-05, 'min_child_weight': 18.116609348442008}. Best is trial 82 with value: 0.35785394723452624.[0m
[32m[I 2023-01-31 05:00:02,028][0m Trial 89 finished with value: 0.36660716150699274 and parameters: {'max_depth': 11, 'learning_rate': 0.018181071012009466, 'colsample_bytree': 0.5743043655979201, 'subsample': 0.7424617988949961, 'alpha': 0.744055126683614, 'lambda': 1.7303035471061945e-06, 'gamma': 3.725996215372741e-05, 'min_child_weight': 15.914393338452301}. Best is trial 82 with value: 0.35785394723452624.[0m
[32m[I 2023-01-31 05:01:15,249][0m Trial 90 finished with value: 0.3639516716463803 and parameters: {'max_depth': 11, 'learning_rate': 0.01638645589602022, 'colsample_bytree': 0.5328265991591994, 'subsample': 0.7696953475824121, 'alpha': 0.32090389822930526, 'lambda': 2.763060501617763e-07, 'gamma': 4.5469704908499215e-05, 'min_child_weight': 26.060835195018605}. Best is trial 82 with value: 0.35785394723452624.[0m
[32m[I 2023-01-31 05:02:28,376][0m Trial 91 finished with value: 0.3548084947387154 and parameters: {'max_depth': 10, 'learning_rate': 0.019097058907402927, 'colsample_bytree': 0.5539619563791472, 'subsample': 0.7266531451970097, 'alpha': 0.3717867816962645, 'lambda': 3.6701533689763e-07, 'gamma': 5.7859984744208434e-05, 'min_child_weight': 21.931735387154905}. Best is trial 91 with value: 0.3548084947387154.[0m
[32m[I 2023-01-31 05:03:29,101][0m Trial 92 finished with value: 0.3632889078923669 and parameters: {'max_depth': 10, 'learning_rate': 0.01915247789227583, 'colsample_bytree': 0.5528922071211035, 'subsample': 0.7358516076451133, 'alpha': 0.40867039699456875, 'lambda': 1.0860911240169996e-06, 'gamma': 9.498816265149898e-05, 'min_child_weight': 17.756913331713612}. Best is trial 91 with value: 0.3548084947387154.[0m
[32m[I 2023-01-31 05:04:27,884][0m Trial 93 finished with value: 0.3656897334881357 and parameters: {'max_depth': 10, 'learning_rate': 0.017687838648041722, 'colsample_bytree': 0.5858131081719063, 'subsample': 0.7268147323879088, 'alpha': 0.5009915560294336, 'lambda': 4.127218978441962e-07, 'gamma': 2.0911760181525482e-05, 'min_child_weight': 22.368130971542563}. Best is trial 91 with value: 0.3548084947387154.[0m
[32m[I 2023-01-31 05:05:24,520][0m Trial 94 finished with value: 0.3621357659698969 and parameters: {'max_depth': 12, 'learning_rate': 0.023596265389641123, 'colsample_bytree': 0.538871869842001, 'subsample': 0.7599159147520106, 'alpha': 0.9702140556386014, 'lambda': 9.5317206948995e-08, 'gamma': 5.852180824368936e-05, 'min_child_weight': 24.802637590989907}. Best is trial 91 with value: 0.3548084947387154.[0m
[32m[I 2023-01-31 05:06:22,606][0m Trial 95 finished with value: 0.3571766695198674 and parameters: {'max_depth': 11, 'learning_rate': 0.02148167633192276, 'colsample_bytree': 0.5652112436351233, 'subsample': 0.7451663398228463, 'alpha': 0.3846333035336477, 'lambda': 2.791397408115279e-07, 'gamma': 9.81914368042655e-06, 'min_child_weight': 18.57573088902319}. Best is trial 91 with value: 0.3548084947387154.[0m
[32m[I 2023-01-31 05:07:22,487][0m Trial 96 finished with value: 0.36874610706660543 and parameters: {'max_depth': 11, 'learning_rate': 0.021604209095233726, 'colsample_bytree': 0.5618882209322529, 'subsample': 0.7788744638899874, 'alpha': 0.36136695134107855, 'lambda': 6.172645181865194e-07, 'gamma': 2.6501567876478032e-05, 'min_child_weight': 14.556428241503182}. Best is trial 91 with value: 0.3548084947387154.[0m
[32m[I 2023-01-31 05:08:19,228][0m Trial 97 finished with value: 0.3561580286495284 and parameters: {'max_depth': 11, 'learning_rate': 0.021384152195629547, 'colsample_bytree': 0.5682107754645217, 'subsample': 0.7454168949324623, 'alpha': 0.2752607424060489, 'lambda': 2.0906143966622283e-07, 'gamma': 1.0407456266050234e-05, 'min_child_weight': 18.241894899054003}. Best is trial 91 with value: 0.3548084947387154.[0m
[32m[I 2023-01-31 05:09:11,569][0m Trial 98 finished with value: 0.3732504075903832 and parameters: {'max_depth': 10, 'learning_rate': 0.02136977353887908, 'colsample_bytree': 0.581880972408375, 'subsample': 0.7327560581039466, 'alpha': 0.2573149285379463, 'lambda': 2.3377292369914605e-07, 'gamma': 1.2124734627845278e-05, 'min_child_weight': 12.530015387046651}. Best is trial 91 with value: 0.3548084947387154.[0m
[32m[I 2023-01-31 05:10:12,971][0m Trial 99 finished with value: 0.3696497436085843 and parameters: {'max_depth': 11, 'learning_rate': 0.019189972489515948, 'colsample_bytree': 0.5643269519115213, 'subsample': 0.7691823692279108, 'alpha': 0.2881814162782375, 'lambda': 1.6595196757612847e-06, 'gamma': 8.876753303668013e-06, 'min_child_weight': 10.931495440282717}. Best is trial 91 with value: 0.3548084947387154.[0m
╒═════════════════════════╤═══════════╤══════════════════╤═════════╤═════════════╤═════════╤═════════╤══════════╕
│ name                    │ class     │ transform        │ prior   │ trainable   │ shape   │ dtype   │    value │
╞═════════════════════════╪═══════════╪══════════════════╪═════════╪═════════════╪═════════╪═════════╪══════════╡
│ GPR.mean_function.c     │ Parameter │ Identity         │         │ True        │ ()      │ float64 │ -2.77461 │
├─────────────────────────┼───────────┼──────────────────┼─────────┼─────────────┼─────────┼─────────┼──────────┤
│ GPR.kernel.variance     │ Parameter │ Softplus         │         │ True        │ ()      │ float64 │  7.11557 │
├─────────────────────────┼───────────┼──────────────────┼─────────┼─────────────┼─────────┼─────────┼──────────┤
│ GPR.likelihood.variance │ Parameter │ Softplus + Shift │         │ True        │ ()      │ float64 │  0.02748 │
╘═════════════════════════╧═══════════╧══════════════════╧═════════╧═════════════╧═════════╧═════════╧══════════╛
Upload progress:   0%|          | 0.00/133k [00:00<?, ?it/s]Upload progress: 100%|██████████| 133k/133k [00:00<00:00, 96.9Mit/s]
2023-01-31 05:10:16.151 | DEBUG    | gptchem.tuner:tune:188 - Requested fine tuning. {
  "created_at": 1675138216,
  "events": [
    {
      "created_at": 1675138216,
      "level": "info",
      "message": "Created fine-tune: ft-kn1T1hzgc53h8DZJt9r0eedh",
      "object": "fine-tune-event"
    }
  ],
  "fine_tuned_model": null,
  "hyperparams": {
    "batch_size": null,
    "learning_rate_multiplier": 0.02,
    "n_epochs": 8,
    "prompt_loss_weight": 0.01
  },
  "id": "ft-kn1T1hzgc53h8DZJt9r0eedh",
  "model": "ada",
  "object": "fine-tune",
  "organization_id": "org-TFRJXw3PPQocOWbu71eI2t9U",
  "result_files": [],
  "status": "pending",
  "training_files": [
    {
      "bytes": 133033,
      "created_at": 1675138215,
      "filename": "/home/kevin/Documents/gptchem/experiments/04_regression/solubility/out/20230131_051014/train.jsonl",
      "id": "file-p825eRQze0ed1RLQ2qusSI3K",
      "object": "file",
      "purpose": "fine-tune",
      "status": "uploaded",
      "status_details": null
    }
  ],
  "updated_at": 1675138216,
  "validation_files": []
}
2023-01-31 05:10:16.321 | DEBUG    | gptchem.tuner:get_ft_model_name:29 - Fine tuning status: pending
2023-01-31 05:12:16.857 | DEBUG    | gptchem.tuner:get_ft_model_name:29 - Fine tuning status: pending
2023-01-31 05:14:17.399 | DEBUG    | gptchem.tuner:get_ft_model_name:29 - Fine tuning status: pending
2023-01-31 05:16:17.894 | DEBUG    | gptchem.tuner:get_ft_model_name:29 - Fine tuning status: pending
2023-01-31 05:18:18.432 | DEBUG    | gptchem.tuner:get_ft_model_name:29 - Fine tuning status: pending
2023-01-31 05:20:18.960 | DEBUG    | gptchem.tuner:get_ft_model_name:29 - Fine tuning status: pending
2023-01-31 05:22:19.473 | DEBUG    | gptchem.tuner:get_ft_model_name:29 - Fine tuning status: running
2023-01-31 05:24:19.986 | DEBUG    | gptchem.tuner:get_ft_model_name:29 - Fine tuning status: running
2023-01-31 05:26:20.464 | DEBUG    | gptchem.tuner:get_ft_model_name:29 - Fine tuning status: running
2023-01-31 05:28:21.010 | DEBUG    | gptchem.tuner:get_ft_model_name:29 - Fine tuning status: running
2023-01-31 05:30:21.535 | DEBUG    | gptchem.tuner:get_ft_model_name:29 - Fine tuning status: running
2023-01-31 05:32:22.069 | DEBUG    | gptchem.tuner:get_ft_model_name:29 - Fine tuning status: running
2023-01-31 05:34:22.580 | DEBUG    | gptchem.tuner:get_ft_model_name:29 - Fine tuning status: running
2023-01-31 05:36:23.082 | DEBUG    | gptchem.tuner:get_ft_model_name:29 - Fine tuning status: running
2023-01-31 05:38:23.614 | DEBUG    | gptchem.tuner:get_ft_model_name:29 - Fine tuning status: running
2023-01-31 05:40:24.151 | DEBUG    | gptchem.tuner:get_ft_model_name:29 - Fine tuning status: succeeded
2023-01-31 05:40:24.152 | DEBUG    | gptchem.tuner:tune:207 - Fine tuning completed. {'base_model': 'ada', 'batch_size': None, 'n_epochs': 8, 'learning_rate_multiplier': 0.02, 'run_name': None, 'wandb_sync': False, 'outdir': '/home/kevin/Documents/gptchem/experiments/04_regression/solubility/out/20230131_051014', 'train_filename': '/home/kevin/Documents/gptchem/experiments/04_regression/solubility/out/20230131_051014/train.jsonl', 'valid_filename': 'None', 'model_name': 'ada:ft-lsmoepfl-2023-01-31-04-38-26', 'ft_id': 'ft-kn1T1hzgc53h8DZJt9r0eedh', 'date': '20230131_054024', 'train_file_id': 'file-p825eRQze0ed1RLQ2qusSI3K', 'valid_file_id': None}
Uploaded file from /home/kevin/Documents/gptchem/experiments/04_regression/solubility/out/20230131_051014/train.jsonl: file-p825eRQze0ed1RLQ2qusSI3K
Traceback (most recent call last):
  File "/home/kevin/Documents/gptchem/experiments/04_regression/solubility/run_experiments.py", line 68, in <module>
    train_test_model(representation, num_train_points, seed + 3657)
  File "/home/kevin/Documents/gptchem/experiments/04_regression/solubility/run_experiments.py", line 60, in train_test_model
    f"Ran train size {num_train_points} and got MAE {res['mean_absolute_error']}, GPR baseline {gpr_baseline['mean_absolute_error']}"
KeyError: 'mean_absolute_error'
