nohup: ignoring input
2023-01-31 01:23:03.913231: I tensorflow/core/platform/cpu_feature_guard.cc:193] This TensorFlow binary is optimized with oneAPI Deep Neural Network Library (oneDNN) to use the following CPU instructions in performance-critical operations:  AVX2 FMA
To enable them in other operations, rebuild TensorFlow with the appropriate compiler flags.
2023-01-31 01:23:04.012888: W tensorflow/compiler/xla/stream_executor/platform/default/dso_loader.cc:64] Could not load dynamic library 'libcudart.so.11.0'; dlerror: libcudart.so.11.0: cannot open shared object file: No such file or directory
2023-01-31 01:23:04.012914: I tensorflow/compiler/xla/stream_executor/cuda/cudart_stub.cc:29] Ignore above cudart dlerror if you do not have a GPU set up on your machine.
2023-01-31 01:23:04.558415: W tensorflow/compiler/xla/stream_executor/platform/default/dso_loader.cc:64] Could not load dynamic library 'libnvinfer.so.7'; dlerror: libnvinfer.so.7: cannot open shared object file: No such file or directory
2023-01-31 01:23:04.558485: W tensorflow/compiler/xla/stream_executor/platform/default/dso_loader.cc:64] Could not load dynamic library 'libnvinfer_plugin.so.7'; dlerror: libnvinfer_plugin.so.7: cannot open shared object file: No such file or directory
2023-01-31 01:23:04.558493: W tensorflow/compiler/tf2tensorrt/utils/py_utils.cc:38] TF-TRT Warning: Cannot dlopen some TensorRT libraries. If you would like to use Nvidia GPU with TensorRT, please make sure the missing libraries mentioned above are installed properly.
Skipped loading modules with pytorch-geometric dependency, missing a dependency. No module named 'torch_geometric'
Skipped loading modules with pytorch-geometric dependency, missing a dependency. cannot import name 'DMPNN' from 'deepchem.models.torch_models' (/home/kevin/anaconda3/envs/gptchem/lib/python3.9/site-packages/deepchem/models/torch_models/__init__.py)
Skipped loading modules with pytorch-lightning dependency, missing a dependency. No module named 'pytorch_lightning'
Skipped loading some Jax models, missing a dependency. No module named 'jax'
2023-01-31 01:23:09.875621: W tensorflow/compiler/xla/stream_executor/platform/default/dso_loader.cc:64] Could not load dynamic library 'libcuda.so.1'; dlerror: libcuda.so.1: cannot open shared object file: No such file or directory
2023-01-31 01:23:09.875657: W tensorflow/compiler/xla/stream_executor/cuda/cuda_driver.cc:265] failed call to cuInit: UNKNOWN ERROR (303)
2023-01-31 01:23:09.875678: I tensorflow/compiler/xla/stream_executor/cuda/cuda_diagnostics.cc:156] kernel driver does not appear to be running on this host (kevin-OptiPlex-9020): /proc/driver/nvidia/version does not exist
2023-01-31 01:23:09.875843: I tensorflow/core/platform/cpu_feature_guard.cc:193] This TensorFlow binary is optimized with oneAPI Deep Neural Network Library (oneDNN) to use the following CPU instructions in performance-critical operations:  AVX2 FMA
To enable them in other operations, rebuild TensorFlow with the appropriate compiler flags.
WARNING:tensorflow:Gradients do not exist for variables ['weave_layer_1/kernel:0', 'weave_layer_1/Variable:0', 'weave_layer_1/kernel:0', 'weave_layer_1/Variable:0', 'weave_layer_1/kernel:0', 'weave_layer_1/Variable:0', 'weave_layer_1/batch_normalization_3/gamma:0', 'weave_layer_1/batch_normalization_3/beta:0', 'weave_layer_1/batch_normalization_4/gamma:0', 'weave_layer_1/batch_normalization_4/beta:0', 'weave_layer_1/batch_normalization_5/gamma:0', 'weave_layer_1/batch_normalization_5/beta:0'] when minimizing the loss. If you're using `model.compile()`, did you forget to provide a `loss` argument?
WARNING:tensorflow:Gradients do not exist for variables ['weave_layer_1/kernel:0', 'weave_layer_1/Variable:0', 'weave_layer_1/kernel:0', 'weave_layer_1/Variable:0', 'weave_layer_1/kernel:0', 'weave_layer_1/Variable:0', 'weave_layer_1/batch_normalization_3/gamma:0', 'weave_layer_1/batch_normalization_3/beta:0', 'weave_layer_1/batch_normalization_4/gamma:0', 'weave_layer_1/batch_normalization_4/beta:0', 'weave_layer_1/batch_normalization_5/gamma:0', 'weave_layer_1/batch_normalization_5/beta:0'] when minimizing the loss. If you're using `model.compile()`, did you forget to provide a `loss` argument?
WARNING:tensorflow:Gradients do not exist for variables ['weave_layer_1/kernel:0', 'weave_layer_1/Variable:0', 'weave_layer_1/kernel:0', 'weave_layer_1/Variable:0', 'weave_layer_1/kernel:0', 'weave_layer_1/Variable:0', 'weave_layer_1/batch_normalization_3/gamma:0', 'weave_layer_1/batch_normalization_3/beta:0', 'weave_layer_1/batch_normalization_4/gamma:0', 'weave_layer_1/batch_normalization_4/beta:0', 'weave_layer_1/batch_normalization_5/gamma:0', 'weave_layer_1/batch_normalization_5/beta:0'] when minimizing the loss. If you're using `model.compile()`, did you forget to provide a `loss` argument?
WARNING:tensorflow:Gradients do not exist for variables ['weave_layer_1/kernel:0', 'weave_layer_1/Variable:0', 'weave_layer_1/kernel:0', 'weave_layer_1/Variable:0', 'weave_layer_1/kernel:0', 'weave_layer_1/Variable:0', 'weave_layer_1/batch_normalization_3/gamma:0', 'weave_layer_1/batch_normalization_3/beta:0', 'weave_layer_1/batch_normalization_4/gamma:0', 'weave_layer_1/batch_normalization_4/beta:0', 'weave_layer_1/batch_normalization_5/gamma:0', 'weave_layer_1/batch_normalization_5/beta:0'] when minimizing the loss. If you're using `model.compile()`, did you forget to provide a `loss` argument?
WARNING:tensorflow:Gradients do not exist for variables ['weave_layer_1/kernel:0', 'weave_layer_1/Variable:0', 'weave_layer_1/kernel:0', 'weave_layer_1/Variable:0', 'weave_layer_1/kernel:0', 'weave_layer_1/Variable:0', 'weave_layer_1/batch_normalization_3/gamma:0', 'weave_layer_1/batch_normalization_3/beta:0', 'weave_layer_1/batch_normalization_4/gamma:0', 'weave_layer_1/batch_normalization_4/beta:0', 'weave_layer_1/batch_normalization_5/gamma:0', 'weave_layer_1/batch_normalization_5/beta:0'] when minimizing the loss. If you're using `model.compile()`, did you forget to provide a `loss` argument?
WARNING:tensorflow:Gradients do not exist for variables ['weave_layer_1/kernel:0', 'weave_layer_1/Variable:0', 'weave_layer_1/kernel:0', 'weave_layer_1/Variable:0', 'weave_layer_1/kernel:0', 'weave_layer_1/Variable:0', 'weave_layer_1/batch_normalization_3/gamma:0', 'weave_layer_1/batch_normalization_3/beta:0', 'weave_layer_1/batch_normalization_4/gamma:0', 'weave_layer_1/batch_normalization_4/beta:0', 'weave_layer_1/batch_normalization_5/gamma:0', 'weave_layer_1/batch_normalization_5/beta:0'] when minimizing the loss. If you're using `model.compile()`, did you forget to provide a `loss` argument?
WARNING:tensorflow:From /home/kevin/anaconda3/envs/gptchem/lib/python3.9/site-packages/tensorflow/python/autograph/pyct/static_analysis/liveness.py:83: Analyzer.lamba_check (from tensorflow.python.autograph.pyct.static_analysis.liveness) is deprecated and will be removed after 2023-09-23.
Instructions for updating:
Lambda fuctions will be no more assumed to be used in the statement where they are used, or at least in the same block. https://github.com/tensorflow/tensorflow/issues/56089
[32m[I 2023-01-31 01:24:29,577][0m A new study created in memory with name: no-name-abe5235d-d38e-4de8-ae6c-b3bac5d0dfa3[0m
[32m[I 2023-01-31 01:24:37,289][0m Trial 0 finished with value: 16.0069952781052 and parameters: {'max_depth': 7, 'learning_rate': 0.044635901521768134, 'colsample_bytree': 0.49279757672456204, 'subsample': 0.6394633936788147, 'alpha': 0.02938027938703535, 'lambda': 2.5348407664333426e-07, 'gamma': 3.3323645788192616e-08, 'min_child_weight': 539.948440978743}. Best is trial 0 with value: 16.0069952781052.[0m
[32m[I 2023-01-31 01:43:00,076][0m Trial 1 finished with value: 0.3899741481872798 and parameters: {'max_depth': 9, 'learning_rate': 0.025529516046973785, 'colsample_bytree': 0.20823379771832098, 'subsample': 0.7879639408647978, 'alpha': 3.142880890840109, 'lambda': 8.148018307012941e-07, 'gamma': 4.329370014459266e-07, 'min_child_weight': 23.270677083837796}. Best is trial 1 with value: 0.3899741481872798.[0m
[32m[I 2023-01-31 01:55:53,398][0m Trial 2 finished with value: 0.5252799352472437 and parameters: {'max_depth': 6, 'learning_rate': 0.016738881542579662, 'colsample_bytree': 0.3727780074568463, 'subsample': 0.5164916560792168, 'alpha': 0.6847920095574779, 'lambda': 1.8007140198129195e-07, 'gamma': 4.258943089524393e-06, 'min_child_weight': 54.041038546473274}. Best is trial 1 with value: 0.3899741481872798.[0m
[32m[I 2023-01-31 02:07:51,325][0m Trial 3 finished with value: 0.3773415620029569 and parameters: {'max_depth': 8, 'learning_rate': 0.030489195547657565, 'colsample_bytree': 0.2798695128633439, 'subsample': 0.6056937753654447, 'alpha': 0.59874749104614, 'lambda': 2.6185068507773707e-08, 'gamma': 0.0029369981104377003, 'min_child_weight': 21.93048555664369}. Best is trial 3 with value: 0.3773415620029569.[0m
[32m[I 2023-01-31 02:12:12,306][0m Trial 4 finished with value: 0.4850798041861153 and parameters: {'max_depth': 4, 'learning_rate': 0.044448339535094646, 'colsample_bytree': 0.5862528132298237, 'subsample': 0.7233589392465845, 'alpha': 0.08200518402245831, 'lambda': 7.569183361880229e-08, 'gamma': 0.014391207615728067, 'min_child_weight': 75.91104805282696}. Best is trial 3 with value: 0.3773415620029569.[0m
[32m[I 2023-01-31 02:13:37,591][0m Trial 5 finished with value: 0.6643121691930434 and parameters: {'max_depth': 5, 'learning_rate': 0.015636765183901856, 'colsample_bytree': 0.21375540844608737, 'subsample': 0.7637281608315128, 'alpha': 0.059750279999602945, 'lambda': 0.009176996354542699, 'gamma': 6.388511557344611e-06, 'min_child_weight': 109.68217207529523}. Best is trial 3 with value: 0.3773415620029569.[0m
[32m[I 2023-01-31 02:13:39,526][0m Trial 6 finished with value: 16.0069952781052 and parameters: {'max_depth': 8, 'learning_rate': 0.007652872182750091, 'colsample_bytree': 0.5878338511058234, 'subsample': 0.7100531293444459, 'alpha': 6.58410616012161, 'lambda': 1.1309571585271483, 'gamma': 0.002404915432737351, 'min_child_weight': 697.8281265126028}. Best is trial 3 with value: 0.3773415620029569.[0m
[32m[I 2023-01-31 02:15:01,478][0m Trial 7 finished with value: 0.5225938833308659 and parameters: {'max_depth': 4, 'learning_rate': 0.007851504189403358, 'colsample_bytree': 0.21809091556421523, 'subsample': 0.5301321323053058, 'alpha': 0.14656553886225335, 'lambda': 2.7678419414850017e-06, 'gamma': 0.28749982347407854, 'min_child_weight': 51.70191786366991}. Best is trial 3 with value: 0.3773415620029569.[0m
[32m[I 2023-01-31 02:15:56,445][0m Trial 8 finished with value: 0.37786957340638305 and parameters: {'max_depth': 6, 'learning_rate': 0.017444803725696106, 'colsample_bytree': 0.25636968998990506, 'subsample': 0.7208787923016159, 'alpha': 0.01673601016782578, 'lambda': 7.620481786158549, 'gamma': 0.08916674715636537, 'min_child_weight': 24.97073714505272}. Best is trial 3 with value: 0.3773415620029569.[0m
[32m[I 2023-01-31 02:16:40,272][0m Trial 9 finished with value: 0.36701168283087854 and parameters: {'max_depth': 4, 'learning_rate': 0.03269124292259021, 'colsample_bytree': 0.48274293753904685, 'subsample': 0.691602867216395, 'alpha': 2.059733535743719, 'lambda': 4.638759594322625e-08, 'gamma': 1.683416412018213e-05, 'min_child_weight': 17.050539260269293}. Best is trial 9 with value: 0.36701168283087854.[0m
[32m[I 2023-01-31 02:18:32,524][0m Trial 10 finished with value: 0.5287464196048655 and parameters: {'max_depth': 12, 'learning_rate': 0.005069524045190436, 'colsample_bytree': 0.43070678165112464, 'subsample': 0.4071847502459278, 'alpha': 1.8298457451823493, 'lambda': 2.6462851656372664e-05, 'gamma': 4.344469108550396, 'min_child_weight': 10.525161528906528}. Best is trial 9 with value: 0.36701168283087854.[0m
[32m[I 2023-01-31 02:19:00,575][0m Trial 11 finished with value: 0.38201785538653293 and parameters: {'max_depth': 10, 'learning_rate': 0.028378851413387293, 'colsample_bytree': 0.31230438169588165, 'subsample': 0.6394322597982215, 'alpha': 0.5125772184283073, 'lambda': 2.1461579110414343e-08, 'gamma': 0.000179649519485956, 'min_child_weight': 10.747331408482252}. Best is trial 9 with value: 0.36701168283087854.[0m
[32m[I 2023-01-31 02:19:37,661][0m Trial 12 finished with value: 0.37299119080937965 and parameters: {'max_depth': 11, 'learning_rate': 0.03321291455556591, 'colsample_bytree': 0.3381851608318808, 'subsample': 0.6072636662657275, 'alpha': 1.0942334100394937, 'lambda': 1.3022720859444315e-08, 'gamma': 0.0001653282123997984, 'min_child_weight': 20.483283947880622}. Best is trial 9 with value: 0.36701168283087854.[0m
[32m[I 2023-01-31 02:20:10,741][0m Trial 13 finished with value: 0.38586073401738713 and parameters: {'max_depth': 12, 'learning_rate': 0.048895486495602984, 'colsample_bytree': 0.36381665095572663, 'subsample': 0.6695456595762009, 'alpha': 1.3545693462001638, 'lambda': 1.0633832371711363e-08, 'gamma': 8.773472263092467e-05, 'min_child_weight': 10.223964242144302}. Best is trial 9 with value: 0.36701168283087854.[0m
[32m[I 2023-01-31 02:21:08,073][0m Trial 14 finished with value: 0.45778922344227374 and parameters: {'max_depth': 10, 'learning_rate': 0.033008467302625646, 'colsample_bytree': 0.4404620708408286, 'subsample': 0.5760662703404622, 'alpha': 8.81792467739946, 'lambda': 5.3829049100625305e-06, 'gamma': 4.587259411659859e-05, 'min_child_weight': 33.78855952199242}. Best is trial 9 with value: 0.36701168283087854.[0m
[32m[I 2023-01-31 02:21:50,730][0m Trial 15 finished with value: 0.37240183638837854 and parameters: {'max_depth': 11, 'learning_rate': 0.022296334995156496, 'colsample_bytree': 0.33810340388944005, 'subsample': 0.6793734369155366, 'alpha': 0.24136380424273862, 'lambda': 6.765582267028715e-05, 'gamma': 0.001644729360490522, 'min_child_weight': 17.21977006031438}. Best is trial 9 with value: 0.36701168283087854.[0m
[32m[I 2023-01-31 02:22:10,490][0m Trial 16 finished with value: 1.1459474969119563 and parameters: {'max_depth': 10, 'learning_rate': 0.02184730455272224, 'colsample_bytree': 0.4771033641944214, 'subsample': 0.6850844882461772, 'alpha': 0.13862687466285203, 'lambda': 0.00026008458985023734, 'gamma': 0.0013393332731649957, 'min_child_weight': 190.08022288222557}. Best is trial 9 with value: 0.36701168283087854.[0m
[32m[I 2023-01-31 02:22:55,335][0m Trial 17 finished with value: 0.3794417494368113 and parameters: {'max_depth': 7, 'learning_rate': 0.02113332973241785, 'colsample_bytree': 0.3975564037199815, 'subsample': 0.755109788334457, 'alpha': 0.2887411178638036, 'lambda': 3.154443500139822e-05, 'gamma': 1.1126306238481862e-05, 'min_child_weight': 15.693857236566382}. Best is trial 9 with value: 0.36701168283087854.[0m
[32m[I 2023-01-31 02:24:16,295][0m Trial 18 finished with value: 0.39242258446241873 and parameters: {'max_depth': 9, 'learning_rate': 0.013471690205171244, 'colsample_bytree': 0.31453892970602815, 'subsample': 0.6758697700847071, 'alpha': 0.3198661720367729, 'lambda': 0.0013594087040080705, 'gamma': 1.8213424611458932e-06, 'min_child_weight': 34.978072615793636}. Best is trial 9 with value: 0.36701168283087854.[0m
[32m[I 2023-01-31 02:25:19,855][0m Trial 19 finished with value: 0.36766662976064357 and parameters: {'max_depth': 5, 'learning_rate': 0.02326818209635731, 'colsample_bytree': 0.5220568573112312, 'subsample': 0.758960908465148, 'alpha': 2.865511321693601, 'lambda': 1.2731975154049986e-06, 'gamma': 3.473364153776156e-07, 'min_child_weight': 15.335340943414783}. Best is trial 9 with value: 0.36701168283087854.[0m
[32m[I 2023-01-31 02:26:19,646][0m Trial 20 finished with value: 0.40605933402017624 and parameters: {'max_depth': 5, 'learning_rate': 0.03306458837889407, 'colsample_bytree': 0.5298528902087922, 'subsample': 0.7658849355061952, 'alpha': 3.760448430016841, 'lambda': 7.879134260092167e-07, 'gamma': 1.50224361352561e-08, 'min_child_weight': 40.338620501467815}. Best is trial 9 with value: 0.36701168283087854.[0m
[32m[I 2023-01-31 02:27:19,057][0m Trial 21 finished with value: 0.3751698735562664 and parameters: {'max_depth': 5, 'learning_rate': 0.024001010623830747, 'colsample_bytree': 0.5317367054350862, 'subsample': 0.7953760638510183, 'alpha': 2.4473066566667616, 'lambda': 2.6009973355250974e-07, 'gamma': 9.326046102019915e-07, 'min_child_weight': 14.488648186275682}. Best is trial 9 with value: 0.36701168283087854.[0m
[32m[I 2023-01-31 02:28:05,344][0m Trial 22 finished with value: 0.37407692810027976 and parameters: {'max_depth': 4, 'learning_rate': 0.03733467996282156, 'colsample_bytree': 0.4533824114754161, 'subsample': 0.7266416839988975, 'alpha': 3.991013403067707, 'lambda': 5.7625793724134645e-06, 'gamma': 2.78427551808296e-07, 'min_child_weight': 14.838569317378528}. Best is trial 9 with value: 0.36701168283087854.[0m
[32m[I 2023-01-31 02:28:54,231][0m Trial 23 finished with value: 0.36920711336011464 and parameters: {'max_depth': 6, 'learning_rate': 0.026827698983116263, 'colsample_bytree': 0.5132733785600639, 'subsample': 0.7446845107700186, 'alpha': 1.166745278476282, 'lambda': 1.1208284767598503e-06, 'gamma': 1.611127719913949e-05, 'min_child_weight': 29.215469821128153}. Best is trial 9 with value: 0.36701168283087854.[0m
[32m[I 2023-01-31 02:29:22,874][0m Trial 24 finished with value: 0.3789361233862157 and parameters: {'max_depth': 6, 'learning_rate': 0.03852236701689222, 'colsample_bytree': 0.5085963289786075, 'subsample': 0.7989879313923893, 'alpha': 1.4581387163083572, 'lambda': 1.0177743454934245e-07, 'gamma': 3.740227987732014e-05, 'min_child_weight': 28.377514886389626}. Best is trial 9 with value: 0.36701168283087854.[0m
[32m[I 2023-01-31 02:30:36,858][0m Trial 25 finished with value: 0.38960575740460107 and parameters: {'max_depth': 5, 'learning_rate': 0.027140015907229358, 'colsample_bytree': 0.5528013235018675, 'subsample': 0.7481375629607273, 'alpha': 6.064218430174456, 'lambda': 1.126256674789031e-06, 'gamma': 1.1121741599773429e-07, 'min_child_weight': 28.866596673441755}. Best is trial 9 with value: 0.36701168283087854.[0m
[32m[I 2023-01-31 02:31:13,372][0m Trial 26 finished with value: 0.37314838780979964 and parameters: {'max_depth': 7, 'learning_rate': 0.038637722218213454, 'colsample_bytree': 0.4748192162182153, 'subsample': 0.7448944845538331, 'alpha': 2.2708937797033517, 'lambda': 6.238135819019219e-08, 'gamma': 1.676255787255923e-06, 'min_child_weight': 14.620198330788048}. Best is trial 9 with value: 0.36701168283087854.[0m
[32m[I 2023-01-31 02:31:51,326][0m Trial 27 finished with value: 0.3713355768101321 and parameters: {'max_depth': 4, 'learning_rate': 0.026617548384968454, 'colsample_bytree': 0.5548679506765706, 'subsample': 0.6995350927818762, 'alpha': 1.0435277930633502, 'lambda': 6.435956325412386e-06, 'gamma': 1.6483724666429644e-05, 'min_child_weight': 20.547466178457345}. Best is trial 9 with value: 0.36701168283087854.[0m
[32m[I 2023-01-31 02:33:06,779][0m Trial 28 finished with value: 0.41145880183615147 and parameters: {'max_depth': 6, 'learning_rate': 0.018766849034042694, 'colsample_bytree': 0.5058200359580961, 'subsample': 0.7714778285373372, 'alpha': 1.8388274519138454, 'lambda': 7.164238382991517e-07, 'gamma': 1.376271778223028e-07, 'min_child_weight': 44.10095398793617}. Best is trial 9 with value: 0.36701168283087854.[0m
[32m[I 2023-01-31 02:33:59,839][0m Trial 29 finished with value: 0.3908335687762726 and parameters: {'max_depth': 5, 'learning_rate': 0.04908866207913417, 'colsample_bytree': 0.47941800505839705, 'subsample': 0.7272782744679087, 'alpha': 5.273264268149568, 'lambda': 2.5109161540670413e-07, 'gamma': 3.6892762005993576e-06, 'min_child_weight': 31.089336958096776}. Best is trial 9 with value: 0.36701168283087854.[0m
[32m[I 2023-01-31 02:34:57,684][0m Trial 30 finished with value: 0.41909722472002375 and parameters: {'max_depth': 7, 'learning_rate': 0.029584418372298707, 'colsample_bytree': 0.4178258438964268, 'subsample': 0.648981751956403, 'alpha': 9.672197234911511, 'lambda': 6.417124478702748e-08, 'gamma': 2.4249713988677598e-08, 'min_child_weight': 18.55955716266796}. Best is trial 9 with value: 0.36701168283087854.[0m
[32m[I 2023-01-31 02:35:44,071][0m Trial 31 finished with value: 0.36956090608783465 and parameters: {'max_depth': 4, 'learning_rate': 0.025629607659645757, 'colsample_bytree': 0.5539038268565378, 'subsample': 0.7015245970337847, 'alpha': 0.8413418491914035, 'lambda': 4.641867468455874e-06, 'gamma': 1.676026450549853e-05, 'min_child_weight': 22.46947370892166}. Best is trial 9 with value: 0.36701168283087854.[0m
[32m[I 2023-01-31 02:36:43,346][0m Trial 32 finished with value: 0.3704013210127106 and parameters: {'max_depth': 4, 'learning_rate': 0.024394596473787857, 'colsample_bytree': 0.5019936367500315, 'subsample': 0.6955130323683706, 'alpha': 2.9011982351212655, 'lambda': 2.2118759569632797e-06, 'gamma': 2.195296182135554e-05, 'min_child_weight': 24.781503263302753}. Best is trial 9 with value: 0.36701168283087854.[0m
[32m[I 2023-01-31 02:37:21,883][0m Trial 33 finished with value: 0.3727273850567192 and parameters: {'max_depth': 5, 'learning_rate': 0.026017472232217224, 'colsample_bytree': 0.4636746411780877, 'subsample': 0.7380980333217961, 'alpha': 0.6490763588415502, 'lambda': 4.039085353951184e-07, 'gamma': 5.920540355376108e-07, 'min_child_weight': 12.895026685334287}. Best is trial 9 with value: 0.36701168283087854.[0m
[32m[I 2023-01-31 02:38:20,067][0m Trial 34 finished with value: 0.36260250785563 and parameters: {'max_depth': 6, 'learning_rate': 0.01988152915292005, 'colsample_bytree': 0.5592387583971988, 'subsample': 0.7849226133979812, 'alpha': 0.894803106454037, 'lambda': 4.6294671251495806e-07, 'gamma': 4.694331759138078e-06, 'min_child_weight': 21.557277408096752}. Best is trial 34 with value: 0.36260250785563.[0m
