[32m[I 2023-01-22 02:16:44,419][0m Trial 90 finished with value: 4.268785460698406 and parameters: {'max_depth': 8, 'learning_rate': 0.03960061606790364, 'colsample_bytree': 0.4655969813058104, 'subsample': 0.7719088832069306, 'alpha': 2.7605114052360173, 'lambda': 9.494273245380876e-05, 'gamma': 0.34099395070042093, 'min_child_weight': 11.401352579688316}. Best is trial 69 with value: 3.9026098570822727.[0m
[32m[I 2023-01-22 02:16:47,336][0m Trial 91 finished with value: 4.6189759411924625 and parameters: {'max_depth': 8, 'learning_rate': 0.041046128817037494, 'colsample_bytree': 0.46236917174447684, 'subsample': 0.770845729345412, 'alpha': 4.784443248504079, 'lambda': 0.00011236387391842178, 'gamma': 0.3531740920986564, 'min_child_weight': 11.350734475749293}. Best is trial 69 with value: 3.9026098570822727.[0m
[32m[I 2023-01-22 02:16:50,180][0m Trial 92 finished with value: 5.180557893500646 and parameters: {'max_depth': 9, 'learning_rate': 0.038002291086244075, 'colsample_bytree': 0.44557874279086435, 'subsample': 0.7611882759438774, 'alpha': 4.638457962907135, 'lambda': 8.398555146166297e-05, 'gamma': 0.13950451698324817, 'min_child_weight': 13.537485018634861}. Best is trial 69 with value: 3.9026098570822727.[0m
[32m[I 2023-01-22 02:16:54,561][0m Trial 93 finished with value: 4.135401178715053 and parameters: {'max_depth': 8, 'learning_rate': 0.03381240564635478, 'colsample_bytree': 0.4665112506886363, 'subsample': 0.7831601790146238, 'alpha': 2.1963148118620737, 'lambda': 1.609929117024903e-05, 'gamma': 0.08278974160154648, 'min_child_weight': 11.250225582775386}. Best is trial 69 with value: 3.9026098570822727.[0m
[32m[I 2023-01-22 02:16:55,795][0m Trial 94 finished with value: 9.41507919241634 and parameters: {'max_depth': 9, 'learning_rate': 0.03626652898745571, 'colsample_bytree': 0.48869915076200143, 'subsample': 0.7839688698091063, 'alpha': 2.618943629003715, 'lambda': 2.591052293663277e-05, 'gamma': 9.491832611633027e-08, 'min_child_weight': 18.043475816786952}. Best is trial 69 with value: 3.9026098570822727.[0m
[32m[I 2023-01-22 02:16:56,847][0m Trial 95 finished with value: 5.611605283899534 and parameters: {'max_depth': 8, 'learning_rate': 0.041613534607877777, 'colsample_bytree': 0.47004421161666493, 'subsample': 0.7756246095243755, 'alpha': 1.8965810651670407, 'lambda': 3.7170163829960346e-06, 'gamma': 0.08193590530795337, 'min_child_weight': 15.089932158753246}. Best is trial 69 with value: 3.9026098570822727.[0m
[32m[I 2023-01-22 02:17:00,607][0m Trial 96 finished with value: 4.163455476876879 and parameters: {'max_depth': 9, 'learning_rate': 0.028650838759421798, 'colsample_bytree': 0.4540637942190328, 'subsample': 0.7902300053691418, 'alpha': 1.490330843268853, 'lambda': 1.5291425750869423e-06, 'gamma': 0.31416919935478, 'min_child_weight': 11.480817781177922}. Best is trial 69 with value: 3.9026098570822727.[0m
[32m[I 2023-01-22 02:17:02,871][0m Trial 97 finished with value: 5.049033132238732 and parameters: {'max_depth': 9, 'learning_rate': 0.026830037145720492, 'colsample_bytree': 0.4562818359200687, 'subsample': 0.7656977923017284, 'alpha': 2.16279720037733, 'lambda': 1.8607675672120306e-06, 'gamma': 0.37291287599308354, 'min_child_weight': 13.039737599713135}. Best is trial 69 with value: 3.9026098570822727.[0m
[32m[I 2023-01-22 02:17:05,255][0m Trial 98 finished with value: 6.09404489877493 and parameters: {'max_depth': 8, 'learning_rate': 0.031011173974757646, 'colsample_bytree': 0.44453418819744145, 'subsample': 0.787845361443423, 'alpha': 1.4665324939488236, 'lambda': 2.98397875438019e-07, 'gamma': 0.24442937717344876, 'min_child_weight': 16.406342167234424}. Best is trial 69 with value: 3.9026098570822727.[0m
[32m[I 2023-01-22 02:17:06,919][0m Trial 99 finished with value: 4.49211715935347 and parameters: {'max_depth': 9, 'learning_rate': 0.03713041975815998, 'colsample_bytree': 0.5214338431338481, 'subsample': 0.724956347256226, 'alpha': 2.718919096212328, 'lambda': 7.131913771871221e-07, 'gamma': 0.631105721891805, 'min_child_weight': 11.784160572945046}. Best is trial 69 with value: 3.9026098570822727.[0m
Uploaded file from /Users/kevinmaikjablonka/git/kjappelbaum/gptchem/experiments/04_regression/polymers/out/20230122_014809/train.jsonl: file-eTqOVHqJc693YYM4uYiyFjo6
Ran train size 20 and got MAE 2.913, baseline 2.7615309215101016
Upload progress:   0%|          | 0.00/11.9k [00:00<?, ?it/s]Upload progress: 100%|██████████| 11.9k/11.9k [00:00<00:00, 3.70Mit/s]
2023-01-22 02:17:09.763 | DEBUG    | gptchem.tuner:tune:186 - Requested fine tuning. {
  "created_at": 1674350229,
  "events": [
    {
      "created_at": 1674350229,
      "level": "info",
      "message": "Created fine-tune: ft-BaB9RnsjewtX1OjtVD3ulkOP",
      "object": "fine-tune-event"
    }
  ],
  "fine_tuned_model": null,
  "hyperparams": {
    "batch_size": null,
    "learning_rate_multiplier": 0.02,
    "n_epochs": 8,
    "prompt_loss_weight": 0.01
  },
  "id": "ft-BaB9RnsjewtX1OjtVD3ulkOP",
  "model": "ada",
  "object": "fine-tune",
  "organization_id": "org-TFRJXw3PPQocOWbu71eI2t9U",
  "result_files": [],
  "status": "pending",
  "training_files": [
    {
      "bytes": 11914,
      "created_at": 1674350229,
      "filename": "/Users/kevinmaikjablonka/git/kjappelbaum/gptchem/experiments/04_regression/polymers/out/20230122_021707/train.jsonl",
      "id": "file-C6VFZN24Q8HxlUYrkCBAq6en",
      "object": "file",
      "purpose": "fine-tune",
      "status": "uploaded",
      "status_details": null
    }
  ],
  "updated_at": 1674350229,
  "validation_files": []
}
2023-01-22 02:17:09.940 | DEBUG    | gptchem.tuner:get_ft_model_name:29 - Fine tuning status: pending
2023-01-22 02:19:16.636 | DEBUG    | gptchem.tuner:get_ft_model_name:29 - Fine tuning status: pending
2023-01-22 02:21:17.799 | DEBUG    | gptchem.tuner:get_ft_model_name:29 - Fine tuning status: pending
2023-01-22 02:23:24.505 | DEBUG    | gptchem.tuner:get_ft_model_name:29 - Fine tuning status: pending
2023-01-22 02:25:25.802 | DEBUG    | gptchem.tuner:get_ft_model_name:29 - Fine tuning status: pending
2023-01-22 02:27:28.423 | DEBUG    | gptchem.tuner:get_ft_model_name:29 - Fine tuning status: running
2023-01-22 02:29:29.508 | DEBUG    | gptchem.tuner:get_ft_model_name:29 - Fine tuning status: succeeded
2023-01-22 02:29:29.511 | DEBUG    | gptchem.tuner:tune:202 - Fine tuning completed. {'base_model': 'ada', 'batch_size': None, 'n_epochs': 8, 'learning_rate_multiplier': 0.02, 'run_name': None, 'wandb_sync': False, 'outdir': '/Users/kevinmaikjablonka/git/kjappelbaum/gptchem/experiments/04_regression/polymers/out/20230122_021707', 'train_filename': '/Users/kevinmaikjablonka/git/kjappelbaum/gptchem/experiments/04_regression/polymers/out/20230122_021707/train.jsonl', 'valid_filename': 'None', 'model_name': 'ada:ft-lsmoepfl-2023-01-22-01-29-06', 'ft_id': 'ft-BaB9RnsjewtX1OjtVD3ulkOP', 'date': '20230122_022929', 'train_file_id': 'file-C6VFZN24Q8HxlUYrkCBAq6en', 'valid_file_id': None}
[32m[I 2023-01-22 02:29:37,435][0m A new study created in memory with name: no-name-80173fdb-f973-4ded-b8f1-d1c477790f29[0m
[32m[I 2023-01-22 02:29:37,907][0m Trial 0 finished with value: 153.76639361213833 and parameters: {'max_depth': 7, 'learning_rate': 0.044635901521768134, 'colsample_bytree': 0.49279757672456204, 'subsample': 0.6394633936788147, 'alpha': 0.02938027938703535, 'lambda': 2.5348407664333426e-07, 'gamma': 3.3323645788192616e-08, 'min_child_weight': 539.948440978743}. Best is trial 0 with value: 153.76639361213833.[0m
[32m[I 2023-01-22 02:29:46,520][0m Trial 1 finished with value: 4.680174177382064 and parameters: {'max_depth': 9, 'learning_rate': 0.025529516046973785, 'colsample_bytree': 0.20823379771832098, 'subsample': 0.7879639408647978, 'alpha': 3.142880890840109, 'lambda': 8.148018307012941e-07, 'gamma': 4.329370014459266e-07, 'min_child_weight': 23.270677083837796}. Best is trial 1 with value: 4.680174177382064.[0m
[32m[I 2023-01-22 02:29:47,182][0m Trial 2 finished with value: 153.76639361213833 and parameters: {'max_depth': 6, 'learning_rate': 0.016738881542579662, 'colsample_bytree': 0.3727780074568463, 'subsample': 0.5164916560792168, 'alpha': 0.6847920095574779, 'lambda': 1.8007140198129195e-07, 'gamma': 4.258943089524393e-06, 'min_child_weight': 54.041038546473274}. Best is trial 1 with value: 4.680174177382064.[0m
[32m[I 2023-01-22 02:29:50,486][0m Trial 3 finished with value: 4.7364643364437695 and parameters: {'max_depth': 8, 'learning_rate': 0.030489195547657565, 'colsample_bytree': 0.2798695128633439, 'subsample': 0.6056937753654447, 'alpha': 0.59874749104614, 'lambda': 2.6185068507773707e-08, 'gamma': 0.0029369981104377003, 'min_child_weight': 21.93048555664369}. Best is trial 1 with value: 4.680174177382064.[0m
[32m[I 2023-01-22 02:29:51,039][0m Trial 4 finished with value: 153.76639361213833 and parameters: {'max_depth': 4, 'learning_rate': 0.044448339535094646, 'colsample_bytree': 0.5862528132298237, 'subsample': 0.7233589392465845, 'alpha': 0.08200518402245831, 'lambda': 7.569183361880229e-08, 'gamma': 0.014391207615728067, 'min_child_weight': 75.91104805282696}. Best is trial 1 with value: 4.680174177382064.[0m
[32m[I 2023-01-22 02:29:51,791][0m Trial 5 finished with value: 153.76639361213833 and parameters: {'max_depth': 5, 'learning_rate': 0.015636765183901856, 'colsample_bytree': 0.21375540844608737, 'subsample': 0.7637281608315128, 'alpha': 0.059750279999602945, 'lambda': 0.009176996354542699, 'gamma': 6.388511557344611e-06, 'min_child_weight': 109.68217207529523}. Best is trial 1 with value: 4.680174177382064.[0m
[32m[I 2023-01-22 02:29:52,549][0m Trial 6 finished with value: 153.76639361213833 and parameters: {'max_depth': 8, 'learning_rate': 0.007652872182750091, 'colsample_bytree': 0.5878338511058234, 'subsample': 0.7100531293444459, 'alpha': 6.58410616012161, 'lambda': 1.1309571585271483, 'gamma': 0.002404915432737351, 'min_child_weight': 697.8281265126028}. Best is trial 1 with value: 4.680174177382064.[0m
[32m[I 2023-01-22 02:29:55,744][0m Trial 7 finished with value: 135.17746483848583 and parameters: {'max_depth': 4, 'learning_rate': 0.007851504189403358, 'colsample_bytree': 0.21809091556421523, 'subsample': 0.5301321323053058, 'alpha': 0.14656553886225335, 'lambda': 2.7678419414850017e-06, 'gamma': 0.28749982347407854, 'min_child_weight': 51.70191786366991}. Best is trial 1 with value: 4.680174177382064.[0m
[32m[I 2023-01-22 02:30:02,570][0m Trial 8 finished with value: 4.858402611236632 and parameters: {'max_depth': 6, 'learning_rate': 0.017444803725696106, 'colsample_bytree': 0.25636968998990506, 'subsample': 0.7208787923016159, 'alpha': 0.01673601016782578, 'lambda': 7.620481786158549, 'gamma': 0.08916674715636537, 'min_child_weight': 24.97073714505272}. Best is trial 1 with value: 4.680174177382064.[0m
[32m[I 2023-01-22 02:30:06,064][0m Trial 9 finished with value: 4.027341122513393 and parameters: {'max_depth': 4, 'learning_rate': 0.03269124292259021, 'colsample_bytree': 0.48274293753904685, 'subsample': 0.691602867216395, 'alpha': 2.059733535743719, 'lambda': 4.638759594322625e-08, 'gamma': 1.683416412018213e-05, 'min_child_weight': 17.050539260269293}. Best is trial 9 with value: 4.027341122513393.[0m
[32m[I 2023-01-22 02:30:26,527][0m Trial 10 finished with value: 4.1670824562738416 and parameters: {'max_depth': 12, 'learning_rate': 0.005069524045190436, 'colsample_bytree': 0.4565821292831765, 'subsample': 0.4071847502459278, 'alpha': 1.8298457451823495, 'lambda': 5.9361246269484965e-05, 'gamma': 4.344469108550388, 'min_child_weight': 10.525161528906533}. Best is trial 9 with value: 4.027341122513393.[0m
[32m[I 2023-01-22 02:30:39,156][0m Trial 11 finished with value: 4.214887014450868 and parameters: {'max_depth': 12, 'learning_rate': 0.0050787519656571, 'colsample_bytree': 0.44934997572225366, 'subsample': 0.4068744601075835, 'alpha': 2.1996935970069345, 'lambda': 8.11346647162649e-05, 'gamma': 4.188416507348488, 'min_child_weight': 10.513908475903122}. Best is trial 9 with value: 4.027341122513393.[0m
[32m[I 2023-01-22 02:30:48,454][0m Trial 12 finished with value: 4.369067038743884 and parameters: {'max_depth': 12, 'learning_rate': 0.010449971685072303, 'colsample_bytree': 0.48691460570760037, 'subsample': 0.4026268487517209, 'alpha': 1.2477221909072087, 'lambda': 5.1305011650950066e-05, 'gamma': 0.00016532821239979752, 'min_child_weight': 12.354193768974362}. Best is trial 9 with value: 4.027341122513393.[0m
[32m[I 2023-01-22 02:30:49,020][0m Trial 13 finished with value: 153.76639361213833 and parameters: {'max_depth': 10, 'learning_rate': 0.028326596637011918, 'colsample_bytree': 0.392515397186409, 'subsample': 0.4908556046603514, 'alpha': 8.536846801666597, 'lambda': 0.008865465164105253, 'gamma': 8.773472263092482e-05, 'min_child_weight': 224.1428659980156}. Best is trial 9 with value: 4.027341122513393.[0m
[32m[I 2023-01-22 02:31:00,323][0m Trial 14 finished with value: 3.1626039798557457 and parameters: {'max_depth': 11, 'learning_rate': 0.011435200878291418, 'colsample_bytree': 0.5238315673412457, 'subsample': 0.6578694741072342, 'alpha': 0.4232168229088529, 'lambda': 9.736871867830454e-06, 'gamma': 8.272415321427653, 'min_child_weight': 10.078502360349592}. Best is trial 14 with value: 3.1626039798557457.[0m
[32m[I 2023-01-22 02:31:08,296][0m Trial 15 finished with value: 5.557989389771366 and parameters: {'max_depth': 10, 'learning_rate': 0.01125292049087925, 'colsample_bytree': 0.5379935205192646, 'subsample': 0.6563589059197368, 'alpha': 0.26119561701655764, 'lambda': 9.547392969137277e-06, 'gamma': 4.343720565519036e-06, 'min_child_weight': 27.03738338957393}. Best is trial 14 with value: 3.1626039798557457.[0m
[32m[I 2023-01-22 02:31:08,598][0m Trial 16 finished with value: 153.76639361213833 and parameters: {'max_depth': 10, 'learning_rate': 0.02184730455272223, 'colsample_bytree': 0.5269175234235232, 'subsample': 0.669192770340704, 'alpha': 0.6726356302293586, 'lambda': 0.0017482274705963976, 'gamma': 1.103217333805366e-08, 'min_child_weight': 190.0802228822254}. Best is trial 14 with value: 3.1626039798557457.[0m
[32m[I 2023-01-22 02:31:18,754][0m Trial 17 finished with value: 4.2430649396037925 and parameters: {'max_depth': 11, 'learning_rate': 0.012039350177850166, 'colsample_bytree': 0.33119412858738484, 'subsample': 0.5646913773961543, 'alpha': 0.3432674618783309, 'lambda': 1.7578071939504656e-08, 'gamma': 4.806266984502709e-05, 'min_child_weight': 15.693857236566368}. Best is trial 14 with value: 3.1626039798557457.[0m
[32m[I 2023-01-22 02:31:20,360][0m Trial 18 finished with value: 9.360377206773526 and parameters: {'max_depth': 7, 'learning_rate': 0.038948403772121866, 'colsample_bytree': 0.4433557238674795, 'subsample': 0.6029967056557426, 'alpha': 4.8663280431769795, 'lambda': 5.448508590127703e-06, 'gamma': 0.0014561469589187412, 'min_child_weight': 33.76135872359135}. Best is trial 14 with value: 3.1626039798557457.[0m
[32m[I 2023-01-22 02:31:25,673][0m Trial 19 finished with value: 9.394226587269403 and parameters: {'max_depth': 9, 'learning_rate': 0.008303461895864271, 'colsample_bytree': 0.5472217475504765, 'subsample': 0.6970303337810757, 'alpha': 1.2153198464970525, 'lambda': 0.0005776634374909679, 'gamma': 3.473364153776168e-07, 'min_child_weight': 45.157951140317465}. Best is trial 14 with value: 3.1626039798557457.[0m
[32m[I 2023-01-22 02:31:26,168][0m Trial 20 finished with value: 153.76639361213833 and parameters: {'max_depth': 5, 'learning_rate': 0.035305449151475425, 'colsample_bytree': 0.4218059922452116, 'subsample': 0.751800318355228, 'alpha': 0.1975028459286852, 'lambda': 8.809657682282727e-07, 'gamma': 0.0645394920708435, 'min_child_weight': 121.66191303014195}. Best is trial 14 with value: 3.1626039798557457.[0m
[32m[I 2023-01-22 02:31:39,048][0m Trial 21 finished with value: 4.897138127455248 and parameters: {'max_depth': 11, 'learning_rate': 0.0054326144040288795, 'colsample_bytree': 0.47996447456974667, 'subsample': 0.47912000759964474, 'alpha': 1.977054763178034, 'lambda': 4.8371863136035574e-05, 'gamma': 9.836938845707493, 'min_child_weight': 15.624950112513725}. Best is trial 14 with value: 3.1626039798557457.[0m
[32m[I 2023-01-22 02:31:54,445][0m Trial 22 finished with value: 3.675208804387927 and parameters: {'max_depth': 12, 'learning_rate': 0.005988157293242897, 'colsample_bytree': 0.5021122501558201, 'subsample': 0.4452606057786047, 'alpha': 1.1319688443038123, 'lambda': 0.13707340333771506, 'gamma': 0.7368257037626049, 'min_child_weight': 10.011396559569983}. Best is trial 14 with value: 3.1626039798557457.[0m
[32m[I 2023-01-22 02:32:04,980][0m Trial 23 finished with value: 4.188254795329788 and parameters: {'max_depth': 11, 'learning_rate': 0.006554073334862372, 'colsample_bytree': 0.5137641085076021, 'subsample': 0.6251323334561256, 'alpha': 0.5120789302086869, 'lambda': 1.007773374572972, 'gamma': 0.7167372231408389, 'min_child_weight': 16.371481810672098}. Best is trial 14 with value: 3.1626039798557457.[0m
[32m[I 2023-01-22 02:32:16,072][0m Trial 24 finished with value: 4.071058136915907 and parameters: {'max_depth': 11, 'learning_rate': 0.013125849318242405, 'colsample_bytree': 0.5616916432075156, 'subsample': 0.6759710886560624, 'alpha': 3.8720551157217566, 'lambda': 0.0354517748950916, 'gamma': 1.013929538003359, 'min_child_weight': 16.883714584096836}. Best is trial 14 with value: 3.1626039798557457.[0m
[32m[I 2023-01-22 02:32:24,796][0m Trial 25 finished with value: 2.7222005592578915 and parameters: {'max_depth': 9, 'learning_rate': 0.022506528155287253, 'colsample_bytree': 0.5032147349592823, 'subsample': 0.565836702637975, 'alpha': 1.31351722286291, 'lambda': 0.09353694528930973, 'gamma': 0.07198805049697021, 'min_child_weight': 10.111038866897182}. Best is trial 25 with value: 2.7222005592578915.[0m
[32m[I 2023-01-22 02:32:38,962][0m Trial 26 finished with value: 3.459273448951989 and parameters: {'max_depth': 9, 'learning_rate': 0.022320121432142213, 'colsample_bytree': 0.5149371664341578, 'subsample': 0.44841318986553946, 'alpha': 1.0378777266420764, 'lambda': 0.0696529740429386, 'gamma': 0.02298774433689149, 'min_child_weight': 10.290952085503552}. Best is trial 25 with value: 2.7222005592578915.[0m
[32m[I 2023-01-22 02:32:44,351][0m Trial 27 finished with value: 9.250168177489789 and parameters: {'max_depth': 9, 'learning_rate': 0.021859705626820745, 'colsample_bytree': 0.5665507826880885, 'subsample': 0.576097592064039, 'alpha': 0.3514049871371925, 'lambda': 0.3049635910902555, 'gamma': 0.029211451964808847, 'min_child_weight': 34.67918707723749}. Best is trial 25 with value: 2.7222005592578915.[0m
[32m[I 2023-01-22 02:32:51,437][0m Trial 28 finished with value: 3.881507249064117 and parameters: {'max_depth': 9, 'learning_rate': 0.02111940731724016, 'colsample_bytree': 0.3550068790977359, 'subsample': 0.5496519171021312, 'alpha': 0.09162463131382867, 'lambda': 0.0022152630551252207, 'gamma': 0.007785813905629415, 'min_child_weight': 13.99780493992977}. Best is trial 25 with value: 2.7222005592578915.[0m
[32m[I 2023-01-22 02:32:52,280][0m Trial 29 finished with value: 153.76639361213833 and parameters: {'max_depth': 7, 'learning_rate': 0.014693981234299651, 'colsample_bytree': 0.4164392188942974, 'subsample': 0.631198681667474, 'alpha': 1.2114033209597332, 'lambda': 0.05157534699278083, 'gamma': 0.0005767006650493424, 'min_child_weight': 212.1364656906713}. Best is trial 25 with value: 2.7222005592578915.[0m
[32m[I 2023-01-22 02:32:52,619][0m Trial 30 finished with value: 153.76639361213833 and parameters: {'max_depth': 10, 'learning_rate': 0.009672448035097906, 'colsample_bytree': 0.5178430631660688, 'subsample': 0.46070610418694585, 'alpha': 0.04177696812473037, 'lambda': 3.302764007935285, 'gamma': 0.21092922556902283, 'min_child_weight': 533.3311775137444}. Best is trial 25 with value: 2.7222005592578915.[0m
[32m[I 2023-01-22 02:32:59,562][0m Trial 31 finished with value: 3.37941760866664 and parameters: {'max_depth': 12, 'learning_rate': 0.019297539100096836, 'colsample_bytree': 0.4944093005702202, 'subsample': 0.4551234805349881, 'alpha': 0.8482808443295543, 'lambda': 0.21069057585874953, 'gamma': 1.2042141416114487, 'min_child_weight': 10.21771055371295}. Best is trial 25 with value: 2.7222005592578915.[0m
[32m[I 2023-01-22 02:33:01,912][0m Trial 32 finished with value: 9.090877910999993 and parameters: {'max_depth': 8, 'learning_rate': 0.019119154717546234, 'colsample_bytree': 0.46927665847592415, 'subsample': 0.4402092259255437, 'alpha': 0.8234018913812977, 'lambda': 0.31882414935569575, 'gamma': 2.1938478956931315, 'min_child_weight': 22.588207641923237}. Best is trial 25 with value: 2.7222005592578915.[0m
[32m[I 2023-01-22 02:33:07,645][0m Trial 33 finished with value: 3.5554653021403446 and parameters: {'max_depth': 11, 'learning_rate': 0.025685597792410267, 'colsample_bytree': 0.5013553854857944, 'subsample': 0.5075150387122962, 'alpha': 0.4270769917885919, 'lambda': 0.02859291245648798, 'gamma': 0.15668811811678024, 'min_child_weight': 12.33227066912096}. Best is trial 25 with value: 2.7222005592578915.[0m
[32m[I 2023-01-22 02:33:09,927][0m Trial 34 finished with value: 8.166033050218292 and parameters: {'max_depth': 8, 'learning_rate': 0.013662520160388754, 'colsample_bytree': 0.5993134344664012, 'subsample': 0.4335542637998663, 'alpha': 0.8091178059795874, 'lambda': 0.00032484094837833654, 'gamma': 0.040243416427229846, 'min_child_weight': 20.854012295981736}. Best is trial 25 with value: 2.7222005592578915.[0m
