[32m[I 2023-01-22 11:01:34,450][0m Trial 74 finished with value: 9.164650085812884 and parameters: {'max_depth': 8, 'learning_rate': 0.03645962662799179, 'colsample_bytree': 0.20886942141174686, 'subsample': 0.7434035339609733, 'alpha': 0.04172035790760866, 'lambda': 0.0004624610212668707, 'gamma': 0.21133022478010854, 'min_child_weight': 13.865183098312423}. Best is trial 31 with value: 8.690962517743861.[0m
[32m[I 2023-01-22 11:01:35,540][0m Trial 75 finished with value: 8.94303536030701 and parameters: {'max_depth': 7, 'learning_rate': 0.03292944945425166, 'colsample_bytree': 0.4356598604068402, 'subsample': 0.7906168356615957, 'alpha': 0.03173826324273347, 'lambda': 3.905790798676254e-05, 'gamma': 2.0857065633382152, 'min_child_weight': 11.44366640452909}. Best is trial 31 with value: 8.690962517743861.[0m
[32m[I 2023-01-22 11:01:36,006][0m Trial 76 finished with value: 165.91679340881925 and parameters: {'max_depth': 6, 'learning_rate': 0.04720150919120334, 'colsample_bytree': 0.25183013780992425, 'subsample': 0.7790467326117629, 'alpha': 0.6343315446771847, 'lambda': 6.552883576410053e-07, 'gamma': 1.109332842775449, 'min_child_weight': 17.96040140603388}. Best is trial 31 with value: 8.690962517743861.[0m
[32m[I 2023-01-22 11:01:38,827][0m Trial 77 finished with value: 8.79951438206577 and parameters: {'max_depth': 8, 'learning_rate': 0.039857028768536584, 'colsample_bytree': 0.38656528887297775, 'subsample': 0.7026986205865784, 'alpha': 0.051435115723218884, 'lambda': 0.00023970633742486554, 'gamma': 2.790926240740985, 'min_child_weight': 10.031766626686279}. Best is trial 31 with value: 8.690962517743861.[0m
[32m[I 2023-01-22 11:01:39,329][0m Trial 78 finished with value: 165.91679340881925 and parameters: {'max_depth': 8, 'learning_rate': 0.04112136846190553, 'colsample_bytree': 0.570508654306205, 'subsample': 0.7034526610477218, 'alpha': 3.5120877822493863, 'lambda': 0.0018543567222759425, 'gamma': 5.092652511663105, 'min_child_weight': 608.5823771017411}. Best is trial 31 with value: 8.690962517743861.[0m
[32m[I 2023-01-22 11:01:41,236][0m Trial 79 finished with value: 8.860842359324952 and parameters: {'max_depth': 8, 'learning_rate': 0.030034912262911096, 'colsample_bytree': 0.41483047451203425, 'subsample': 0.6760254038034478, 'alpha': 0.054689196790847217, 'lambda': 0.0012217015942347475, 'gamma': 2.3850255815172194, 'min_child_weight': 10.001423662595332}. Best is trial 31 with value: 8.690962517743861.[0m
[32m[I 2023-01-22 11:01:41,910][0m Trial 80 finished with value: 151.42583679358518 and parameters: {'max_depth': 5, 'learning_rate': 0.048174248155728766, 'colsample_bytree': 0.4301004036872422, 'subsample': 0.7151477474315265, 'alpha': 0.1032815512489033, 'lambda': 1.4760056706293922e-06, 'gamma': 5.570944101611642, 'min_child_weight': 15.028544016970615}. Best is trial 31 with value: 8.690962517743861.[0m
[32m[I 2023-01-22 11:01:44,927][0m Trial 81 finished with value: 8.821758919387012 and parameters: {'max_depth': 8, 'learning_rate': 0.02979180400708572, 'colsample_bytree': 0.41321824661569, 'subsample': 0.6852952323524445, 'alpha': 0.05026768599942324, 'lambda': 0.0013865692659799415, 'gamma': 2.895887622302873, 'min_child_weight': 10.269793120225549}. Best is trial 31 with value: 8.690962517743861.[0m
[32m[I 2023-01-22 11:01:47,925][0m Trial 82 finished with value: 9.598360533738987 and parameters: {'max_depth': 8, 'learning_rate': 0.03452469839310401, 'colsample_bytree': 0.40295588758893913, 'subsample': 0.6840879315849344, 'alpha': 0.14866188712737918, 'lambda': 0.00021333734154920924, 'gamma': 0.5733622139206058, 'min_child_weight': 12.917806832010076}. Best is trial 31 with value: 8.690962517743861.[0m
[32m[I 2023-01-22 11:01:49,506][0m Trial 83 finished with value: 8.68139919517523 and parameters: {'max_depth': 9, 'learning_rate': 0.04301833495460738, 'colsample_bytree': 0.39231001898730433, 'subsample': 0.666464226134308, 'alpha': 0.07803347426724952, 'lambda': 0.00010168082158963669, 'gamma': 2.8508723868251304, 'min_child_weight': 10.859111928482704}. Best is trial 83 with value: 8.68139919517523.[0m
[32m[I 2023-01-22 11:01:50,906][0m Trial 84 finished with value: 9.015031231449958 and parameters: {'max_depth': 9, 'learning_rate': 0.04313372867393364, 'colsample_bytree': 0.3921737943182409, 'subsample': 0.6685705134464486, 'alpha': 0.0853069711719834, 'lambda': 0.00010148265472955637, 'gamma': 0.00035474257888327054, 'min_child_weight': 11.28202037218928}. Best is trial 83 with value: 8.68139919517523.[0m
[32m[I 2023-01-22 11:01:53,027][0m Trial 85 finished with value: 9.072695557564654 and parameters: {'max_depth': 10, 'learning_rate': 0.037776545480547805, 'colsample_bytree': 0.38493114197315875, 'subsample': 0.6993089191001608, 'alpha': 0.07316291510274424, 'lambda': 0.000583842251176124, 'gamma': 7.334878802940654e-08, 'min_child_weight': 12.588823982896386}. Best is trial 83 with value: 8.68139919517523.[0m
[32m[I 2023-01-22 11:01:54,491][0m Trial 86 finished with value: 142.19384357554 and parameters: {'max_depth': 9, 'learning_rate': 0.040735340439811335, 'colsample_bytree': 0.35504922655186344, 'subsample': 0.6512013087974571, 'alpha': 0.018698753303945683, 'lambda': 2.0388254378572404e-05, 'gamma': 9.757816125528738, 'min_child_weight': 14.98091640969739}. Best is trial 83 with value: 8.68139919517523.[0m
[32m[I 2023-01-22 11:01:58,217][0m Trial 87 finished with value: 165.91679340881925 and parameters: {'max_depth': 9, 'learning_rate': 0.04428187295822075, 'colsample_bytree': 0.454930771902084, 'subsample': 0.6376076982522618, 'alpha': 0.02422579006377209, 'lambda': 0.0002845603790857756, 'gamma': 4.125811024084432, 'min_child_weight': 18.847296129289607}. Best is trial 83 with value: 8.68139919517523.[0m
[32m[I 2023-01-22 11:02:04,587][0m Trial 88 finished with value: 9.122545173819583 and parameters: {'max_depth': 10, 'learning_rate': 0.008335117806215854, 'colsample_bytree': 0.30723023750485035, 'subsample': 0.6159330285632956, 'alpha': 0.029123269765604934, 'lambda': 9.138405039144995e-06, 'gamma': 0.8945460403988664, 'min_child_weight': 10.863321336697213}. Best is trial 83 with value: 8.68139919517523.[0m
[32m[I 2023-01-22 11:02:05,250][0m Trial 89 finished with value: 165.91679340881925 and parameters: {'max_depth': 7, 'learning_rate': 0.03296354561033939, 'colsample_bytree': 0.2382642006433065, 'subsample': 0.7288413657119004, 'alpha': 0.9586579044140984, 'lambda': 8.571108657964857e-05, 'gamma': 0.23855433505113308, 'min_child_weight': 22.82807232099134}. Best is trial 83 with value: 8.68139919517523.[0m
[32m[I 2023-01-22 11:02:05,627][0m Trial 90 finished with value: 165.91679340881925 and parameters: {'max_depth': 6, 'learning_rate': 0.04987699277799527, 'colsample_bytree': 0.2236920586312727, 'subsample': 0.6675099666813897, 'alpha': 0.05859432763309336, 'lambda': 0.0038350148003733916, 'gamma': 1.890254254299542, 'min_child_weight': 387.99503849883087}. Best is trial 83 with value: 8.68139919517523.[0m
[32m[I 2023-01-22 11:02:08,681][0m Trial 91 finished with value: 8.854513049111597 and parameters: {'max_depth': 8, 'learning_rate': 0.036217679874674315, 'colsample_bytree': 0.38189833477454366, 'subsample': 0.6872797328303449, 'alpha': 0.046709217021828044, 'lambda': 3.3815615494044553, 'gamma': 3.1978993488398166, 'min_child_weight': 10.969133705836652}. Best is trial 83 with value: 8.68139919517523.[0m
[32m[I 2023-01-22 11:02:16,417][0m Trial 92 finished with value: 9.51084099382508 and parameters: {'max_depth': 8, 'learning_rate': 0.039268206184167126, 'colsample_bytree': 0.402926674235926, 'subsample': 0.7042416648113093, 'alpha': 0.048456818271707586, 'lambda': 0.0009501471126580468, 'gamma': 6.608336509243787, 'min_child_weight': 13.019211427728136}. Best is trial 83 with value: 8.68139919517523.[0m
[32m[I 2023-01-22 11:02:17,491][0m Trial 93 finished with value: 8.7525162608249 and parameters: {'max_depth': 9, 'learning_rate': 0.04424956212381952, 'colsample_bytree': 0.42028329199259995, 'subsample': 0.7199998667912528, 'alpha': 0.03226282799256025, 'lambda': 4.390890479455516e-06, 'gamma': 2.3912737745636394, 'min_child_weight': 10.057161248020163}. Best is trial 83 with value: 8.68139919517523.[0m
[32m[I 2023-01-22 11:02:20,425][0m Trial 94 finished with value: 9.246275889137774 and parameters: {'max_depth': 9, 'learning_rate': 0.04583017271774958, 'colsample_bytree': 0.44442062941874, 'subsample': 0.7383887982582582, 'alpha': 0.012692184449420734, 'lambda': 4.767111410836526e-06, 'gamma': 0.38229676228283993, 'min_child_weight': 13.941201090985896}. Best is trial 83 with value: 8.68139919517523.[0m
[32m[I 2023-01-22 11:02:23,179][0m Trial 95 finished with value: 8.839385450707544 and parameters: {'max_depth': 9, 'learning_rate': 0.04287195243039692, 'colsample_bytree': 0.3556529918965007, 'subsample': 0.7685659043462466, 'alpha': 0.025849394524442515, 'lambda': 2.586651169560476e-05, 'gamma': 1.8499317987845554, 'min_child_weight': 12.513980674248682}. Best is trial 83 with value: 8.68139919517523.[0m
[32m[I 2023-01-22 11:02:31,182][0m Trial 96 finished with value: 8.779243040738082 and parameters: {'max_depth': 9, 'learning_rate': 0.040032620910815664, 'colsample_bytree': 0.4374398740515473, 'subsample': 0.7167789391662482, 'alpha': 0.03455381075612108, 'lambda': 2.0524496832511075e-06, 'gamma': 1.0279598464821633, 'min_child_weight': 10.653360851358219}. Best is trial 83 with value: 8.68139919517523.[0m
[32m[I 2023-01-22 11:02:31,721][0m Trial 97 finished with value: 165.91679340881925 and parameters: {'max_depth': 9, 'learning_rate': 0.03737340491208713, 'colsample_bytree': 0.4263192106126917, 'subsample': 0.6613562009454738, 'alpha': 0.02092282074504582, 'lambda': 3.4407148898088513e-06, 'gamma': 1.0163167334617869, 'min_child_weight': 16.361524293334522}. Best is trial 83 with value: 8.68139919517523.[0m
[32m[I 2023-01-22 11:02:32,810][0m Trial 98 finished with value: 8.793048975147737 and parameters: {'max_depth': 9, 'learning_rate': 0.04412752565152221, 'colsample_bytree': 0.45699105970109627, 'subsample': 0.7149315204822051, 'alpha': 0.013614907678446744, 'lambda': 2.11526012155508e-06, 'gamma': 6.481800553990175, 'min_child_weight': 10.577579411878208}. Best is trial 83 with value: 8.68139919517523.[0m
[32m[I 2023-01-22 11:02:33,790][0m Trial 99 finished with value: 165.91679340881925 and parameters: {'max_depth': 10, 'learning_rate': 0.04518625144110257, 'colsample_bytree': 0.45407988560832524, 'subsample': 0.7131520114296449, 'alpha': 0.01260413161297736, 'lambda': 2.2341093907993474e-06, 'gamma': 6.867649157105313, 'min_child_weight': 39.44729454452872}. Best is trial 83 with value: 8.68139919517523.[0m
Uploaded file from /Users/kevinmaikjablonka/git/kjappelbaum/gptchem/experiments/04_regression/polymers/out/20230122_102833/train.jsonl: file-39ANDqse8Q9QUqIhEV6pjJog
Ran train size 10 and got MAE 2.56348, baseline 12.366197637155556
Upload progress:   0%|          | 0.00/4.80k [00:00<?, ?it/s]Upload progress: 100%|██████████| 4.80k/4.80k [00:00<00:00, 1.36Mit/s]
2023-01-22 11:02:35.354 | DEBUG    | gptchem.tuner:tune:186 - Requested fine tuning. {
  "created_at": 1674381755,
  "events": [
    {
      "created_at": 1674381755,
      "level": "info",
      "message": "Created fine-tune: ft-rDBXXnaalicJeQ5TYkf2PqfH",
      "object": "fine-tune-event"
    }
  ],
  "fine_tuned_model": null,
  "hyperparams": {
    "batch_size": null,
    "learning_rate_multiplier": 0.02,
    "n_epochs": 8,
    "prompt_loss_weight": 0.01
  },
  "id": "ft-rDBXXnaalicJeQ5TYkf2PqfH",
  "model": "ada",
  "object": "fine-tune",
  "organization_id": "org-TFRJXw3PPQocOWbu71eI2t9U",
  "result_files": [],
  "status": "pending",
  "training_files": [
    {
      "bytes": 4800,
      "created_at": 1674381755,
      "filename": "/Users/kevinmaikjablonka/git/kjappelbaum/gptchem/experiments/04_regression/polymers/out/20230122_110233/train.jsonl",
      "id": "file-UIDdp4YJ3nM1a3Yx9x5B4ODt",
      "object": "file",
      "purpose": "fine-tune",
      "status": "uploaded",
      "status_details": null
    }
  ],
  "updated_at": 1674381755,
  "validation_files": []
}
2023-01-22 11:02:35.618 | DEBUG    | gptchem.tuner:get_ft_model_name:29 - Fine tuning status: pending
2023-01-22 11:04:34.836 | DEBUG    | gptchem.tuner:get_ft_model_name:29 - Fine tuning status: pending
2023-01-22 11:06:36.190 | DEBUG    | gptchem.tuner:get_ft_model_name:29 - Fine tuning status: pending
2023-01-22 11:08:36.775 | DEBUG    | gptchem.tuner:get_ft_model_name:29 - Fine tuning status: pending
2023-01-22 11:10:37.484 | DEBUG    | gptchem.tuner:get_ft_model_name:29 - Fine tuning status: pending
2023-01-22 11:12:38.074 | DEBUG    | gptchem.tuner:get_ft_model_name:29 - Fine tuning status: pending
2023-01-22 11:14:38.927 | DEBUG    | gptchem.tuner:get_ft_model_name:29 - Fine tuning status: pending
2023-01-22 11:16:39.827 | DEBUG    | gptchem.tuner:get_ft_model_name:29 - Fine tuning status: pending
2023-01-22 11:18:40.664 | DEBUG    | gptchem.tuner:get_ft_model_name:29 - Fine tuning status: pending
2023-01-22 11:20:42.079 | DEBUG    | gptchem.tuner:get_ft_model_name:29 - Fine tuning status: pending
2023-01-22 11:22:43.275 | DEBUG    | gptchem.tuner:get_ft_model_name:29 - Fine tuning status: running
2023-01-22 11:24:45.382 | DEBUG    | gptchem.tuner:get_ft_model_name:29 - Fine tuning status: succeeded
2023-01-22 11:24:45.388 | DEBUG    | gptchem.tuner:tune:202 - Fine tuning completed. {'base_model': 'ada', 'batch_size': None, 'n_epochs': 8, 'learning_rate_multiplier': 0.02, 'run_name': None, 'wandb_sync': False, 'outdir': '/Users/kevinmaikjablonka/git/kjappelbaum/gptchem/experiments/04_regression/polymers/out/20230122_110233', 'train_filename': '/Users/kevinmaikjablonka/git/kjappelbaum/gptchem/experiments/04_regression/polymers/out/20230122_110233/train.jsonl', 'valid_filename': 'None', 'model_name': 'ada:ft-lsmoepfl-2023-01-22-10-23-11', 'ft_id': 'ft-rDBXXnaalicJeQ5TYkf2PqfH', 'date': '20230122_112445', 'train_file_id': 'file-UIDdp4YJ3nM1a3Yx9x5B4ODt', 'valid_file_id': None}
[32m[I 2023-01-22 11:24:51,519][0m A new study created in memory with name: no-name-b261eb63-d6b1-4000-bef7-3f4a48124c06[0m
[32m[I 2023-01-22 11:24:51,949][0m Trial 0 finished with value: 164.68106794747555 and parameters: {'max_depth': 7, 'learning_rate': 0.044635901521768134, 'colsample_bytree': 0.49279757672456204, 'subsample': 0.6394633936788147, 'alpha': 0.02938027938703535, 'lambda': 2.5348407664333426e-07, 'gamma': 3.3323645788192616e-08, 'min_child_weight': 539.948440978743}. Best is trial 0 with value: 164.68106794747555.[0m
[32m[I 2023-01-22 11:24:56,828][0m Trial 1 finished with value: 8.524096676987146 and parameters: {'max_depth': 9, 'learning_rate': 0.025529516046973785, 'colsample_bytree': 0.20823379771832098, 'subsample': 0.7879639408647978, 'alpha': 3.142880890840109, 'lambda': 8.148018307012941e-07, 'gamma': 4.329370014459266e-07, 'min_child_weight': 23.270677083837796}. Best is trial 1 with value: 8.524096676987146.[0m
[32m[I 2023-01-22 11:24:57,350][0m Trial 2 finished with value: 164.68106794747555 and parameters: {'max_depth': 6, 'learning_rate': 0.016738881542579662, 'colsample_bytree': 0.3727780074568463, 'subsample': 0.5164916560792168, 'alpha': 0.6847920095574779, 'lambda': 1.8007140198129195e-07, 'gamma': 4.258943089524393e-06, 'min_child_weight': 54.041038546473274}. Best is trial 1 with value: 8.524096676987146.[0m
[32m[I 2023-01-22 11:24:59,639][0m Trial 3 finished with value: 8.295259008510712 and parameters: {'max_depth': 8, 'learning_rate': 0.030489195547657565, 'colsample_bytree': 0.2798695128633439, 'subsample': 0.6056937753654447, 'alpha': 0.59874749104614, 'lambda': 2.6185068507773707e-08, 'gamma': 0.0029369981104377003, 'min_child_weight': 21.93048555664369}. Best is trial 3 with value: 8.295259008510712.[0m
[32m[I 2023-01-22 11:25:00,177][0m Trial 4 finished with value: 164.68106794747555 and parameters: {'max_depth': 4, 'learning_rate': 0.044448339535094646, 'colsample_bytree': 0.5862528132298237, 'subsample': 0.7233589392465845, 'alpha': 0.08200518402245831, 'lambda': 7.569183361880229e-08, 'gamma': 0.014391207615728067, 'min_child_weight': 75.91104805282696}. Best is trial 3 with value: 8.295259008510712.[0m
[32m[I 2023-01-22 11:25:00,818][0m Trial 5 finished with value: 164.68106794747555 and parameters: {'max_depth': 5, 'learning_rate': 0.015636765183901856, 'colsample_bytree': 0.21375540844608737, 'subsample': 0.7637281608315128, 'alpha': 0.059750279999602945, 'lambda': 0.009176996354542699, 'gamma': 6.388511557344611e-06, 'min_child_weight': 109.68217207529523}. Best is trial 3 with value: 8.295259008510712.[0m
[32m[I 2023-01-22 11:25:01,684][0m Trial 6 finished with value: 164.68106794747555 and parameters: {'max_depth': 8, 'learning_rate': 0.007652872182750091, 'colsample_bytree': 0.5878338511058234, 'subsample': 0.7100531293444459, 'alpha': 6.58410616012161, 'lambda': 1.1309571585271483, 'gamma': 0.002404915432737351, 'min_child_weight': 697.8281265126028}. Best is trial 3 with value: 8.295259008510712.[0m
[32m[I 2023-01-22 11:25:02,153][0m Trial 7 finished with value: 164.68106794747555 and parameters: {'max_depth': 4, 'learning_rate': 0.007851504189403358, 'colsample_bytree': 0.21809091556421523, 'subsample': 0.5301321323053058, 'alpha': 0.14656553886225335, 'lambda': 2.7678419414850017e-06, 'gamma': 0.28749982347407854, 'min_child_weight': 51.70191786366991}. Best is trial 3 with value: 8.295259008510712.[0m
[32m[I 2023-01-22 11:25:04,069][0m Trial 8 finished with value: 8.460233042987602 and parameters: {'max_depth': 6, 'learning_rate': 0.017444803725696106, 'colsample_bytree': 0.25636968998990506, 'subsample': 0.7208787923016159, 'alpha': 0.01673601016782578, 'lambda': 7.620481786158549, 'gamma': 0.08916674715636537, 'min_child_weight': 24.97073714505272}. Best is trial 3 with value: 8.295259008510712.[0m
[32m[I 2023-01-22 11:25:07,778][0m Trial 9 finished with value: 8.305872967921406 and parameters: {'max_depth': 4, 'learning_rate': 0.03269124292259021, 'colsample_bytree': 0.48274293753904685, 'subsample': 0.691602867216395, 'alpha': 2.059733535743719, 'lambda': 4.638759594322625e-08, 'gamma': 1.683416412018213e-05, 'min_child_weight': 17.050539260269293}. Best is trial 3 with value: 8.295259008510712.[0m
[32m[I 2023-01-22 11:25:14,596][0m Trial 10 finished with value: 7.699430884265732 and parameters: {'max_depth': 12, 'learning_rate': 0.005069524045190436, 'colsample_bytree': 0.32307768458010494, 'subsample': 0.4071847502459278, 'alpha': 0.49755291164561466, 'lambda': 6.939306313411656e-05, 'gamma': 4.344469108550388, 'min_child_weight': 10.561003613626633}. Best is trial 10 with value: 7.699430884265732.[0m
[32m[I 2023-01-22 11:25:19,370][0m Trial 11 finished with value: 7.774451453351626 and parameters: {'max_depth': 12, 'learning_rate': 0.0050787519656571, 'colsample_bytree': 0.32944801265189455, 'subsample': 0.4068744601075835, 'alpha': 0.5125772184283074, 'lambda': 8.11346647162649e-05, 'gamma': 7.587120682342015, 'min_child_weight': 10.515142942544877}. Best is trial 10 with value: 7.699430884265732.[0m
[32m[I 2023-01-22 11:25:28,424][0m Trial 12 finished with value: 8.720542785218935 and parameters: {'max_depth': 12, 'learning_rate': 0.00509092859684918, 'colsample_bytree': 0.35545277470995007, 'subsample': 0.4014562981232444, 'alpha': 0.2669434420093558, 'lambda': 0.0001398605852784154, 'gamma': 9.419108943767387, 'min_child_weight': 12.331446132630353}. Best is trial 10 with value: 7.699430884265732.[0m
[32m[I 2023-01-22 11:25:33,331][0m Trial 13 finished with value: 7.72314671766175 and parameters: {'max_depth': 12, 'learning_rate': 0.005402016287318199, 'colsample_bytree': 0.31802317553949994, 'subsample': 0.4040569883749647, 'alpha': 0.8975267671618082, 'lambda': 9.394929657652449e-05, 'gamma': 9.868745464853761, 'min_child_weight': 10.11364252799677}. Best is trial 10 with value: 7.699430884265732.[0m
[32m[I 2023-01-22 11:25:34,077][0m Trial 14 finished with value: 164.68106794747555 and parameters: {'max_depth': 10, 'learning_rate': 0.007860356692042249, 'colsample_bytree': 0.4111404038292744, 'subsample': 0.4638123593227387, 'alpha': 1.5470504932079128, 'lambda': 0.0038853764043333926, 'gamma': 0.6255688317185157, 'min_child_weight': 242.35288214386074}. Best is trial 10 with value: 7.699430884265732.[0m
[32m[I 2023-01-22 11:25:34,969][0m Trial 15 finished with value: 164.68106794747555 and parameters: {'max_depth': 11, 'learning_rate': 0.009783136491999894, 'colsample_bytree': 0.4289496100633597, 'subsample': 0.474346209125012, 'alpha': 1.140174293205731, 'lambda': 2.9143514037026034e-05, 'gamma': 0.00016097275579289827, 'min_child_weight': 37.65464859034222}. Best is trial 10 with value: 7.699430884265732.[0m
[32m[I 2023-01-22 11:25:37,192][0m Trial 16 finished with value: 164.68106794747555 and parameters: {'max_depth': 10, 'learning_rate': 0.011232894046987978, 'colsample_bytree': 0.306761500830221, 'subsample': 0.4517599794502843, 'alpha': 9.611516714426529, 'lambda': 0.0038067556646802767, 'gamma': 1.4318951998429506, 'min_child_weight': 190.0802228822254}. Best is trial 10 with value: 7.699430884265732.[0m
[32m[I 2023-01-22 11:25:51,589][0m Trial 17 finished with value: 2.5318281069266604 and parameters: {'max_depth': 11, 'learning_rate': 0.0062799835151002995, 'colsample_bytree': 0.27247067663993524, 'subsample': 0.5542495483658851, 'alpha': 0.2299858319287109, 'lambda': 1.1856345719368965e-05, 'gamma': 0.04026246621022625, 'min_child_weight': 10.424518310977822}. Best is trial 17 with value: 2.5318281069266604.[0m
