[32m[I 2023-01-22 13:31:08,289][0m Trial 62 finished with value: 1.6180173108246811 and parameters: {'max_depth': 9, 'learning_rate': 0.03328565213391947, 'colsample_bytree': 0.31721029539169115, 'subsample': 0.4667518195173216, 'alpha': 0.013350726090137783, 'lambda': 1.7104392033727646e-05, 'gamma': 5.7568294257607294e-08, 'min_child_weight': 13.810938745975266}. Best is trial 34 with value: 1.43355142608539.[0m
[32m[I 2023-01-22 13:31:38,500][0m Trial 63 finished with value: 1.6546870745586375 and parameters: {'max_depth': 8, 'learning_rate': 0.036343935862649786, 'colsample_bytree': 0.27851738603474974, 'subsample': 0.4436937919993195, 'alpha': 0.03218124381680933, 'lambda': 1.073356793522077e-06, 'gamma': 1.5553900589925064e-07, 'min_child_weight': 14.99862777091398}. Best is trial 34 with value: 1.43355142608539.[0m
[32m[I 2023-01-22 13:32:03,120][0m Trial 64 finished with value: 1.4981663698674699 and parameters: {'max_depth': 9, 'learning_rate': 0.044457691902885926, 'colsample_bytree': 0.30023137986666304, 'subsample': 0.4838228200527709, 'alpha': 0.01999883955691269, 'lambda': 9.831568213493013e-06, 'gamma': 1.1566679665755957e-05, 'min_child_weight': 10.041869717236752}. Best is trial 34 with value: 1.43355142608539.[0m
[32m[I 2023-01-22 13:32:24,542][0m Trial 65 finished with value: 1.6977752066894716 and parameters: {'max_depth': 10, 'learning_rate': 0.046454428642766096, 'colsample_bytree': 0.29673213450616714, 'subsample': 0.5052762150388425, 'alpha': 0.021281410134166557, 'lambda': 0.0005592152924597472, 'gamma': 1.136328258883004e-05, 'min_child_weight': 17.10466625906725}. Best is trial 34 with value: 1.43355142608539.[0m
[32m[I 2023-01-22 13:33:14,929][0m Trial 66 finished with value: 1.4697647244800407 and parameters: {'max_depth': 6, 'learning_rate': 0.04185152889906606, 'colsample_bytree': 0.3280836845114515, 'subsample': 0.5867983485615769, 'alpha': 0.9655697007953838, 'lambda': 7.05447573983917e-06, 'gamma': 9.227971237936019e-07, 'min_child_weight': 13.815367986879053}. Best is trial 34 with value: 1.43355142608539.[0m
[32m[I 2023-01-22 13:33:15,890][0m Trial 67 finished with value: 163.50873511411126 and parameters: {'max_depth': 6, 'learning_rate': 0.041787559755714104, 'colsample_bytree': 0.32875308841873085, 'subsample': 0.5793863559041244, 'alpha': 0.9366915597488683, 'lambda': 6.018116802802742e-07, 'gamma': 1.0328041715520502e-06, 'min_child_weight': 367.54672911991776}. Best is trial 34 with value: 1.43355142608539.[0m
[32m[I 2023-01-22 13:34:40,725][0m Trial 68 finished with value: 1.4598065160296663 and parameters: {'max_depth': 6, 'learning_rate': 0.038676175637142214, 'colsample_bytree': 0.36169049264573566, 'subsample': 0.5952711679788076, 'alpha': 0.22447646720017939, 'lambda': 5.933704603737769e-06, 'gamma': 2.101796675712865e-08, 'min_child_weight': 14.229862072278216}. Best is trial 34 with value: 1.43355142608539.[0m
[32m[I 2023-01-22 13:35:12,206][0m Trial 69 finished with value: 1.511647471079938 and parameters: {'max_depth': 6, 'learning_rate': 0.03818272954945278, 'colsample_bytree': 0.352490347091583, 'subsample': 0.6133359535294941, 'alpha': 0.13318802893375947, 'lambda': 5.891334451839481e-06, 'gamma': 0.00033240135198491774, 'min_child_weight': 14.084869629687432}. Best is trial 34 with value: 1.43355142608539.[0m
[32m[I 2023-01-22 13:35:28,753][0m Trial 70 finished with value: 2.034759716287113 and parameters: {'max_depth': 5, 'learning_rate': 0.046718696222474834, 'colsample_bytree': 0.37192688872412144, 'subsample': 0.5867648272942623, 'alpha': 0.2447883376930602, 'lambda': 0.007739036224553845, 'gamma': 1.0053478744520031e-08, 'min_child_weight': 26.057761558052597}. Best is trial 34 with value: 1.43355142608539.[0m
[32m[I 2023-01-22 13:35:46,349][0m Trial 71 finished with value: 1.4312748235558883 and parameters: {'max_depth': 6, 'learning_rate': 0.0420070660391358, 'colsample_bytree': 0.3458869975317883, 'subsample': 0.5982569572186089, 'alpha': 0.20404000939230565, 'lambda': 2.2554350130798432e-07, 'gamma': 2.123442303727573e-08, 'min_child_weight': 11.596854617972213}. Best is trial 71 with value: 1.4312748235558883.[0m
[32m[I 2023-01-22 13:36:10,668][0m Trial 72 finished with value: 1.5592679525518627 and parameters: {'max_depth': 6, 'learning_rate': 0.042303872402259114, 'colsample_bytree': 0.3609944213700547, 'subsample': 0.552303890854449, 'alpha': 0.19887306713562805, 'lambda': 2.3553117031652454e-07, 'gamma': 2.098834322978574e-08, 'min_child_weight': 15.832167097972361}. Best is trial 71 with value: 1.4312748235558883.[0m
[32m[I 2023-01-22 13:36:35,379][0m Trial 73 finished with value: 1.4183622222875552 and parameters: {'max_depth': 7, 'learning_rate': 0.03960613756647124, 'colsample_bytree': 0.3438969161755571, 'subsample': 0.5954363723426856, 'alpha': 0.3595455244352964, 'lambda': 1.0796802845237458e-07, 'gamma': 1.0305386757786018e-07, 'min_child_weight': 11.606356655364714}. Best is trial 73 with value: 1.4183622222875552.[0m
[32m[I 2023-01-22 13:36:52,691][0m Trial 74 finished with value: 1.4807340622944822 and parameters: {'max_depth': 6, 'learning_rate': 0.039216343061897495, 'colsample_bytree': 0.38632457136967246, 'subsample': 0.5975401912513504, 'alpha': 0.38196767960501665, 'lambda': 6.472458314408956e-08, 'gamma': 2.2929412248140467e-06, 'min_child_weight': 13.22416951937095}. Best is trial 73 with value: 1.4183622222875552.[0m
[32m[I 2023-01-22 13:37:10,824][0m Trial 75 finished with value: 1.4265637032461669 and parameters: {'max_depth': 7, 'learning_rate': 0.036912911608489654, 'colsample_bytree': 0.38350103816115433, 'subsample': 0.5949674801241465, 'alpha': 0.3489027279093438, 'lambda': 7.852296077291735e-08, 'gamma': 8.43163500708217e-08, 'min_child_weight': 11.584847243354668}. Best is trial 73 with value: 1.4183622222875552.[0m
[32m[I 2023-01-22 13:37:29,498][0m Trial 76 finished with value: 1.4247085581800754 and parameters: {'max_depth': 7, 'learning_rate': 0.035582416433188206, 'colsample_bytree': 0.40481298197694593, 'subsample': 0.6414509940285944, 'alpha': 0.8790213256793693, 'lambda': 2.1789112850538287e-08, 'gamma': 9.729885775665174e-08, 'min_child_weight': 11.673884847029269}. Best is trial 73 with value: 1.4183622222875552.[0m
[32m[I 2023-01-22 13:37:46,596][0m Trial 77 finished with value: 1.5955594441906389 and parameters: {'max_depth': 7, 'learning_rate': 0.03610091847289463, 'colsample_bytree': 0.41342503625474303, 'subsample': 0.6393376904987417, 'alpha': 0.6237492528195262, 'lambda': 1.002487608799888e-08, 'gamma': 9.394575353097216e-08, 'min_child_weight': 20.28407378564145}. Best is trial 73 with value: 1.4183622222875552.[0m
[32m[I 2023-01-22 13:38:14,938][0m Trial 78 finished with value: 1.3643385540267765 and parameters: {'max_depth': 7, 'learning_rate': 0.030727811822003, 'colsample_bytree': 0.47353216030293743, 'subsample': 0.6636455531309513, 'alpha': 0.8556908994806716, 'lambda': 1.9088297142561932e-08, 'gamma': 3.6201817812259896e-08, 'min_child_weight': 11.619442547801714}. Best is trial 78 with value: 1.3643385540267765.[0m
[32m[I 2023-01-22 13:38:40,016][0m Trial 79 finished with value: 1.5463742230314161 and parameters: {'max_depth': 7, 'learning_rate': 0.026237227431764903, 'colsample_bytree': 0.5116050616274979, 'subsample': 0.6609648548208694, 'alpha': 0.8411013444704901, 'lambda': 3.070793250508971e-08, 'gamma': 3.291195110269641e-08, 'min_child_weight': 16.806798045975697}. Best is trial 78 with value: 1.3643385540267765.[0m
[32m[I 2023-01-22 13:43:17,326][0m Trial 80 finished with value: 1.3756248581396153 and parameters: {'max_depth': 7, 'learning_rate': 0.02919820993510025, 'colsample_bytree': 0.47994806960510883, 'subsample': 0.6477615729568497, 'alpha': 0.5154198642699732, 'lambda': 1.0435687786257035e-07, 'gamma': 5.8993831073462255e-08, 'min_child_weight': 11.235002423307183}. Best is trial 78 with value: 1.3643385540267765.[0m
[32m[I 2023-01-22 13:52:49,402][0m Trial 81 finished with value: 1.4134509373548854 and parameters: {'max_depth': 7, 'learning_rate': 0.02933613051168651, 'colsample_bytree': 0.4717853173600315, 'subsample': 0.6453631768249288, 'alpha': 1.4846855016601572, 'lambda': 2.127818819055737e-08, 'gamma': 5.6142129029378026e-08, 'min_child_weight': 11.734901787467221}. Best is trial 78 with value: 1.3643385540267765.[0m
[32m[I 2023-01-22 14:35:59,186][0m Trial 82 finished with value: 1.4211046259839848 and parameters: {'max_depth': 7, 'learning_rate': 0.02889934878918752, 'colsample_bytree': 0.4718394712010079, 'subsample': 0.680238162010379, 'alpha': 1.6199427116421456, 'lambda': 3.877930241585949e-08, 'gamma': 6.567494629446597e-08, 'min_child_weight': 11.358305830944948}. Best is trial 78 with value: 1.3643385540267765.[0m
[32m[I 2023-01-22 15:06:13,477][0m Trial 83 finished with value: 1.4638746414353336 and parameters: {'max_depth': 7, 'learning_rate': 0.029549119410617705, 'colsample_bytree': 0.4798739998121937, 'subsample': 0.6456471177771161, 'alpha': 2.5014010509152698, 'lambda': 2.131289480139212e-08, 'gamma': 8.718268648350477e-08, 'min_child_weight': 11.636623881690726}. Best is trial 78 with value: 1.3643385540267765.[0m
[32m[I 2023-01-22 15:08:56,794][0m Trial 84 finished with value: 1.465605288687049 and parameters: {'max_depth': 7, 'learning_rate': 0.02265638185887983, 'colsample_bytree': 0.46920639656689056, 'subsample': 0.6770941506214416, 'alpha': 1.6364191339704868, 'lambda': 4.647233626194226e-08, 'gamma': 5.145306396362646e-08, 'min_child_weight': 11.654854362502734}. Best is trial 78 with value: 1.3643385540267765.[0m
[32m[I 2023-01-22 15:09:33,259][0m Trial 85 finished with value: 1.4259460841248965 and parameters: {'max_depth': 7, 'learning_rate': 0.029661560408422924, 'colsample_bytree': 0.500550310646066, 'subsample': 0.7130409341513639, 'alpha': 0.517252239718099, 'lambda': 1.590062643313843e-08, 'gamma': 3.976988987294752e-07, 'min_child_weight': 11.49374739216295}. Best is trial 78 with value: 1.3643385540267765.[0m
[32m[I 2023-01-22 15:10:09,065][0m Trial 86 finished with value: 1.5473332261179196 and parameters: {'max_depth': 7, 'learning_rate': 0.019545998638262372, 'colsample_bytree': 0.5011238962845476, 'subsample': 0.7071805684068481, 'alpha': 0.5431587195472533, 'lambda': 1.5898840827665308e-08, 'gamma': 3.8555095632002676e-07, 'min_child_weight': 18.047287301004022}. Best is trial 78 with value: 1.3643385540267765.[0m
[32m[I 2023-01-22 15:10:28,431][0m Trial 87 finished with value: 1.4913322215851665 and parameters: {'max_depth': 7, 'learning_rate': 0.02835361499009689, 'colsample_bytree': 0.5295156600100324, 'subsample': 0.7334979527952302, 'alpha': 0.34415753267824684, 'lambda': 3.706872720992973e-08, 'gamma': 1.0325167960481542e-07, 'min_child_weight': 16.089110260615215}. Best is trial 78 with value: 1.3643385540267765.[0m
[32m[I 2023-01-22 15:21:40,427][0m Trial 88 finished with value: 1.4477294075861369 and parameters: {'max_depth': 7, 'learning_rate': 0.02498457795561444, 'colsample_bytree': 0.4645423616942878, 'subsample': 0.6487742394927694, 'alpha': 1.5250661616714614, 'lambda': 1.1860018702332417e-08, 'gamma': 4.6881711990491986e-08, 'min_child_weight': 12.830191871905507}. Best is trial 78 with value: 1.3643385540267765.[0m
[32m[I 2023-01-22 15:24:13,066][0m Trial 89 finished with value: 1.438763820737305 and parameters: {'max_depth': 7, 'learning_rate': 0.03058420805527418, 'colsample_bytree': 0.5651257478784742, 'subsample': 0.6945558481259859, 'alpha': 0.29780287623032725, 'lambda': 1.0416724824129713e-07, 'gamma': 2.1059551092888525e-07, 'min_child_weight': 11.450083815206906}. Best is trial 78 with value: 1.3643385540267765.[0m
[32m[I 2023-01-22 15:27:45,885][0m Trial 90 finished with value: 1.9464019203320713 and parameters: {'max_depth': 7, 'learning_rate': 0.025737713429001836, 'colsample_bytree': 0.4349839310870814, 'subsample': 0.6830101266152614, 'alpha': 0.4793335474672774, 'lambda': 2.1118154665566363e-08, 'gamma': 6.312340665651024e-08, 'min_child_weight': 29.358060672922463}. Best is trial 78 with value: 1.3643385540267765.[0m
[32m[I 2023-01-22 15:29:09,135][0m Trial 91 finished with value: 1.3895987329560908 and parameters: {'max_depth': 7, 'learning_rate': 0.031220378007009754, 'colsample_bytree': 0.49444803469923965, 'subsample': 0.6162029509318538, 'alpha': 0.7833422461050473, 'lambda': 7.43704925295745e-08, 'gamma': 3.853716865424556e-08, 'min_child_weight': 11.25520510059357}. Best is trial 78 with value: 1.3643385540267765.[0m
[32m[I 2023-01-22 15:32:10,253][0m Trial 92 finished with value: 1.4069868157115732 and parameters: {'max_depth': 7, 'learning_rate': 0.03164065862248196, 'colsample_bytree': 0.4953826608623282, 'subsample': 0.6135469452015709, 'alpha': 0.782742097851962, 'lambda': 5.141992356996208e-08, 'gamma': 3.809842793231893e-08, 'min_child_weight': 11.397464704386609}. Best is trial 78 with value: 1.3643385540267765.[0m
[32m[I 2023-01-22 15:34:42,313][0m Trial 93 finished with value: 1.459743456945518 and parameters: {'max_depth': 7, 'learning_rate': 0.028797115874676708, 'colsample_bytree': 0.4956908708764806, 'subsample': 0.6129213555913242, 'alpha': 0.7957556431493411, 'lambda': 5.2970264748103855e-08, 'gamma': 1.2210195830997448e-07, 'min_child_weight': 14.919886562631348}. Best is trial 78 with value: 1.3643385540267765.[0m
[32m[I 2023-01-22 15:36:05,276][0m Trial 94 finished with value: 1.4237773472535498 and parameters: {'max_depth': 7, 'learning_rate': 0.026337489361899686, 'colsample_bytree': 0.4780256886767423, 'subsample': 0.6368159832853747, 'alpha': 1.123989124702916, 'lambda': 7.131423105764015e-08, 'gamma': 4.050838861308519e-08, 'min_child_weight': 11.155011994987445}. Best is trial 78 with value: 1.3643385540267765.[0m
[32m[I 2023-01-22 15:36:13,548][0m Trial 95 finished with value: 8.95359264168155 and parameters: {'max_depth': 7, 'learning_rate': 0.023398481781371622, 'colsample_bytree': 0.47363357494391717, 'subsample': 0.629744339454154, 'alpha': 1.0752057668789412, 'lambda': 2.981745494795169e-08, 'gamma': 3.452404397363727e-08, 'min_child_weight': 63.32987992901415}. Best is trial 78 with value: 1.3643385540267765.[0m
[32m[I 2023-01-22 15:36:58,318][0m Trial 96 finished with value: 1.4569469019949353 and parameters: {'max_depth': 7, 'learning_rate': 0.031435028441175406, 'colsample_bytree': 0.4854928869472468, 'subsample': 0.6659316935602132, 'alpha': 1.958535102664604, 'lambda': 1.0477791169192518e-08, 'gamma': 2.563166485075296e-07, 'min_child_weight': 13.07745767096151}. Best is trial 78 with value: 1.3643385540267765.[0m
[32m[I 2023-01-22 15:37:39,637][0m Trial 97 finished with value: 1.4936116788942442 and parameters: {'max_depth': 7, 'learning_rate': 0.026624468415098804, 'colsample_bytree': 0.5053118504100349, 'subsample': 0.6528306845500867, 'alpha': 0.7303654250009132, 'lambda': 1.906987236364925e-08, 'gamma': 1.5355875651520837e-08, 'min_child_weight': 14.80979584925313}. Best is trial 78 with value: 1.3643385540267765.[0m
[32m[I 2023-01-22 15:38:45,207][0m Trial 98 finished with value: 1.4553770225509834 and parameters: {'max_depth': 7, 'learning_rate': 0.029485684470081073, 'colsample_bytree': 0.5262238869293743, 'subsample': 0.6368400842123069, 'alpha': 1.195092540992689, 'lambda': 1.3427669221757624e-07, 'gamma': 5.131433832888271e-07, 'min_child_weight': 11.066120171981217}. Best is trial 78 with value: 1.3643385540267765.[0m
[32m[I 2023-01-22 15:39:43,579][0m Trial 99 finished with value: 1.407179837181261 and parameters: {'max_depth': 8, 'learning_rate': 0.03440672195784329, 'colsample_bytree': 0.4555402856468805, 'subsample': 0.7059134529761062, 'alpha': 0.5584564641202044, 'lambda': 6.302007603168334e-08, 'gamma': 4.532713532887085e-08, 'min_child_weight': 12.702226025736785}. Best is trial 78 with value: 1.3643385540267765.[0m
Uploaded file from /Users/kevinmaikjablonka/git/kjappelbaum/gptchem/experiments/04_regression/polymers/out/20230122_123905/train.jsonl: file-B1mx8bo3xSjwpDLQK5NTeiFg
Ran train size 100 and got MAE 1.3998, baseline 2.1233709974712998
Upload progress:   0%|          | 0.00/47.5k [00:00<?, ?it/s]Upload progress: 100%|██████████| 47.5k/47.5k [00:00<00:00, 12.8Mit/s]
2023-01-22 15:39:46.941 | DEBUG    | gptchem.tuner:tune:186 - Requested fine tuning. {
  "created_at": 1674398386,
  "events": [
    {
      "created_at": 1674398386,
      "level": "info",
      "message": "Created fine-tune: ft-J4vNo69tEwHQxPKIK1rqkEAM",
      "object": "fine-tune-event"
    }
  ],
  "fine_tuned_model": null,
  "hyperparams": {
    "batch_size": null,
    "learning_rate_multiplier": 0.02,
    "n_epochs": 8,
    "prompt_loss_weight": 0.01
  },
  "id": "ft-J4vNo69tEwHQxPKIK1rqkEAM",
  "model": "ada",
  "object": "fine-tune",
  "organization_id": "org-TFRJXw3PPQocOWbu71eI2t9U",
  "result_files": [],
  "status": "pending",
  "training_files": [
    {
      "bytes": 47494,
      "created_at": 1674398386,
      "filename": "/Users/kevinmaikjablonka/git/kjappelbaum/gptchem/experiments/04_regression/polymers/out/20230122_153944/train.jsonl",
      "id": "file-GUSOLhVV0UB06Fcqp6ua9Eei",
      "object": "file",
      "purpose": "fine-tune",
      "status": "uploaded",
      "status_details": null
    }
  ],
  "updated_at": 1674398386,
  "validation_files": []
}
2023-01-22 15:39:47.708 | DEBUG    | gptchem.tuner:get_ft_model_name:29 - Fine tuning status: pending
2023-01-22 15:41:48.822 | DEBUG    | gptchem.tuner:get_ft_model_name:29 - Fine tuning status: pending
2023-01-22 15:43:49.394 | DEBUG    | gptchem.tuner:get_ft_model_name:29 - Fine tuning status: pending
2023-01-22 15:45:54.368 | DEBUG    | gptchem.tuner:get_ft_model_name:29 - Fine tuning status: pending
2023-01-22 15:47:55.262 | DEBUG    | gptchem.tuner:get_ft_model_name:29 - Fine tuning status: pending
2023-01-22 15:49:56.227 | DEBUG    | gptchem.tuner:get_ft_model_name:29 - Fine tuning status: pending
2023-01-22 15:51:56.783 | DEBUG    | gptchem.tuner:get_ft_model_name:29 - Fine tuning status: pending
2023-01-22 15:53:57.369 | DEBUG    | gptchem.tuner:get_ft_model_name:29 - Fine tuning status: pending
2023-01-22 15:55:58.004 | DEBUG    | gptchem.tuner:get_ft_model_name:29 - Fine tuning status: running
2023-01-22 15:58:01.181 | DEBUG    | gptchem.tuner:get_ft_model_name:29 - Fine tuning status: running
2023-01-22 16:00:01.736 | DEBUG    | gptchem.tuner:get_ft_model_name:29 - Fine tuning status: running
2023-01-22 16:02:02.755 | DEBUG    | gptchem.tuner:get_ft_model_name:29 - Fine tuning status: succeeded
2023-01-22 16:02:02.760 | DEBUG    | gptchem.tuner:tune:202 - Fine tuning completed. {'base_model': 'ada', 'batch_size': None, 'n_epochs': 8, 'learning_rate_multiplier': 0.02, 'run_name': None, 'wandb_sync': False, 'outdir': '/Users/kevinmaikjablonka/git/kjappelbaum/gptchem/experiments/04_regression/polymers/out/20230122_153944', 'train_filename': '/Users/kevinmaikjablonka/git/kjappelbaum/gptchem/experiments/04_regression/polymers/out/20230122_153944/train.jsonl', 'valid_filename': 'None', 'model_name': 'ada:ft-lsmoepfl-2023-01-22-15-00-11', 'ft_id': 'ft-J4vNo69tEwHQxPKIK1rqkEAM', 'date': '20230122_160202', 'train_file_id': 'file-GUSOLhVV0UB06Fcqp6ua9Eei', 'valid_file_id': None}
[32m[I 2023-01-22 16:02:09,999][0m A new study created in memory with name: no-name-2f7e880f-82c2-45de-8423-03ca9dad455c[0m
[32m[I 2023-01-22 16:02:11,434][0m Trial 0 finished with value: 163.8313656710806 and parameters: {'max_depth': 7, 'learning_rate': 0.044635901521768134, 'colsample_bytree': 0.49279757672456204, 'subsample': 0.6394633936788147, 'alpha': 0.02938027938703535, 'lambda': 2.5348407664333426e-07, 'gamma': 3.3323645788192616e-08, 'min_child_weight': 539.948440978743}. Best is trial 0 with value: 163.8313656710806.[0m
[32m[I 2023-01-22 16:04:04,526][0m Trial 1 finished with value: 1.577081962673676 and parameters: {'max_depth': 9, 'learning_rate': 0.025529516046973785, 'colsample_bytree': 0.20823379771832098, 'subsample': 0.7879639408647978, 'alpha': 3.142880890840109, 'lambda': 8.148018307012941e-07, 'gamma': 4.329370014459266e-07, 'min_child_weight': 23.270677083837796}. Best is trial 1 with value: 1.577081962673676.[0m
[32m[I 2023-01-22 16:04:58,307][0m Trial 2 finished with value: 2.043733328058758 and parameters: {'max_depth': 6, 'learning_rate': 0.016738881542579662, 'colsample_bytree': 0.3727780074568463, 'subsample': 0.5164916560792168, 'alpha': 0.6847920095574779, 'lambda': 1.8007140198129195e-07, 'gamma': 4.258943089524393e-06, 'min_child_weight': 54.041038546473274}. Best is trial 1 with value: 1.577081962673676.[0m
[32m[I 2023-01-22 16:06:38,055][0m Trial 3 finished with value: 1.4654899893743276 and parameters: {'max_depth': 8, 'learning_rate': 0.030489195547657565, 'colsample_bytree': 0.2798695128633439, 'subsample': 0.6056937753654447, 'alpha': 0.59874749104614, 'lambda': 2.6185068507773707e-08, 'gamma': 0.0029369981104377003, 'min_child_weight': 21.93048555664369}. Best is trial 3 with value: 1.4654899893743276.[0m
[32m[I 2023-01-22 16:07:14,677][0m Trial 4 finished with value: 2.117413873152499 and parameters: {'max_depth': 4, 'learning_rate': 0.044448339535094646, 'colsample_bytree': 0.5862528132298237, 'subsample': 0.7233589392465845, 'alpha': 0.08200518402245831, 'lambda': 7.569183361880229e-08, 'gamma': 0.014391207615728067, 'min_child_weight': 75.91104805282696}. Best is trial 3 with value: 1.4654899893743276.[0m
[32m[I 2023-01-22 16:07:40,642][0m Trial 5 finished with value: 2.736421465223228 and parameters: {'max_depth': 5, 'learning_rate': 0.015636765183901856, 'colsample_bytree': 0.21375540844608737, 'subsample': 0.7637281608315128, 'alpha': 0.059750279999602945, 'lambda': 0.009176996354542699, 'gamma': 6.388511557344611e-06, 'min_child_weight': 109.68217207529523}. Best is trial 3 with value: 1.4654899893743276.[0m
