[32m[I 2023-01-22 11:25:56,221][0m Trial 18 finished with value: 164.68106794747555 and parameters: {'max_depth': 10, 'learning_rate': 0.006616263124035845, 'colsample_bytree': 0.2685405441620835, 'subsample': 0.5518838385122142, 'alpha': 0.2484405186163684, 'lambda': 7.639371274654801e-06, 'gamma': 0.039553805820462536, 'min_child_weight': 34.28558934582917}. Best is trial 17 with value: 2.5318281069266604.[0m
[32m[I 2023-01-22 11:25:59,358][0m Trial 19 finished with value: 8.32249131989396 and parameters: {'max_depth': 11, 'learning_rate': 0.011472265820274177, 'colsample_bytree': 0.4502973146112904, 'subsample': 0.5730982444721966, 'alpha': 0.09388268103572768, 'lambda': 0.05190925408128135, 'gamma': 0.0003884880017081161, 'min_child_weight': 15.82781398759891}. Best is trial 17 with value: 2.5318281069266604.[0m
[32m[I 2023-01-22 11:25:59,737][0m Trial 20 finished with value: 164.68106794747555 and parameters: {'max_depth': 11, 'learning_rate': 0.006298746047747847, 'colsample_bytree': 0.3716111605400239, 'subsample': 0.6388812712953669, 'alpha': 0.1975028459286852, 'lambda': 0.0006907816254010885, 'gamma': 0.005648917487926634, 'min_child_weight': 121.66191303014195}. Best is trial 17 with value: 2.5318281069266604.[0m
[32m[I 2023-01-22 11:26:03,812][0m Trial 21 finished with value: 8.447989517743903 and parameters: {'max_depth': 12, 'learning_rate': 0.005584636527183265, 'colsample_bytree': 0.3130922035296846, 'subsample': 0.4327524619699702, 'alpha': 0.4722417243064632, 'lambda': 1.0024626485810109e-05, 'gamma': 1.7938170253786454, 'min_child_weight': 12.632349181247811}. Best is trial 17 with value: 2.5318281069266604.[0m
[32m[I 2023-01-22 11:26:21,164][0m Trial 22 finished with value: 2.856934589682793 and parameters: {'max_depth': 12, 'learning_rate': 0.006726615679440212, 'colsample_bytree': 0.33880954152180054, 'subsample': 0.4965645209738722, 'alpha': 1.1319688443038123, 'lambda': 0.00044364323888188196, 'gamma': 0.17183603041065446, 'min_child_weight': 10.011003664283601}. Best is trial 17 with value: 2.5318281069266604.[0m
[32m[I 2023-01-22 11:26:29,036][0m Trial 23 finished with value: 8.838431823072117 and parameters: {'max_depth': 11, 'learning_rate': 0.008994048841261865, 'colsample_bytree': 0.24942780944079762, 'subsample': 0.49785963363761504, 'alpha': 3.867610205528872, 'lambda': 0.0003320188913931473, 'gamma': 0.07234865726354572, 'min_child_weight': 17.154300333784917}. Best is trial 17 with value: 2.5318281069266604.[0m
[32m[I 2023-01-22 11:26:29,840][0m Trial 24 finished with value: 164.68106794747555 and parameters: {'max_depth': 9, 'learning_rate': 0.0066978863109910984, 'colsample_bytree': 0.3444295762602957, 'subsample': 0.4982607092652621, 'alpha': 0.4027103188347849, 'lambda': 0.0354517748950916, 'gamma': 0.166002412298985, 'min_child_weight': 35.24881793630693}. Best is trial 17 with value: 2.5318281069266604.[0m
[32m[I 2023-01-22 11:26:37,829][0m Trial 25 finished with value: 2.376293678463397 and parameters: {'max_depth': 12, 'learning_rate': 0.012978769481247482, 'colsample_bytree': 0.2876081554676378, 'subsample': 0.5890446025166457, 'alpha': 1.870442226541318, 'lambda': 0.0008073048701895625, 'gamma': 0.6763518873039226, 'min_child_weight': 10.108405565006066}. Best is trial 25 with value: 2.376293678463397.[0m
[32m[I 2023-01-22 11:26:40,185][0m Trial 26 finished with value: 8.442098613958706 and parameters: {'max_depth': 11, 'learning_rate': 0.012399945277615891, 'colsample_bytree': 0.2910769072978703, 'subsample': 0.5970853219432604, 'alpha': 2.0972730598810694, 'lambda': 0.001929411056558038, 'gamma': 0.0005539202839193363, 'min_child_weight': 18.006173121384794}. Best is trial 25 with value: 2.376293678463397.[0m
[32m[I 2023-01-22 11:26:47,153][0m Trial 27 finished with value: 8.97487782972102 and parameters: {'max_depth': 9, 'learning_rate': 0.013595858721775139, 'colsample_bytree': 0.24349499050168927, 'subsample': 0.5568089969603593, 'alpha': 1.2986177794702165, 'lambda': 0.07850821031886507, 'gamma': 0.4750009600087043, 'min_child_weight': 23.385083630510174}. Best is trial 25 with value: 2.376293678463397.[0m
[32m[I 2023-01-22 11:27:04,045][0m Trial 28 finished with value: 4.221533601916212 and parameters: {'max_depth': 10, 'learning_rate': 0.009911658317737488, 'colsample_bytree': 0.37520147440216756, 'subsample': 0.6456283640893654, 'alpha': 3.949437120537712, 'lambda': 0.0007258545615258853, 'gamma': 0.015970174862103306, 'min_child_weight': 14.290016544033827}. Best is trial 25 with value: 2.376293678463397.[0m
[32m[I 2023-01-22 11:27:04,980][0m Trial 29 finished with value: 164.68106794747555 and parameters: {'max_depth': 12, 'learning_rate': 0.01991262952665875, 'colsample_bytree': 0.28577517314335643, 'subsample': 0.6201362593230327, 'alpha': 0.0290647266880869, 'lambda': 3.1882580168929957e-06, 'gamma': 0.0351992991929932, 'min_child_weight': 233.9372905600523}. Best is trial 25 with value: 2.376293678463397.[0m
[32m[I 2023-01-22 11:27:06,644][0m Trial 30 finished with value: 164.68106794747555 and parameters: {'max_depth': 7, 'learning_rate': 0.02034527078881709, 'colsample_bytree': 0.3993516098091748, 'subsample': 0.5393149858992115, 'alpha': 0.16239063670501283, 'lambda': 4.123966577871322e-07, 'gamma': 2.424971398867734e-08, 'min_child_weight': 32.692489951219315}. Best is trial 25 with value: 2.376293678463397.[0m
[32m[I 2023-01-22 11:27:35,080][0m Trial 31 finished with value: 2.845111797232419 and parameters: {'max_depth': 10, 'learning_rate': 0.009244468604658036, 'colsample_bytree': 0.38845643161149496, 'subsample': 0.6609183000725901, 'alpha': 3.8004846969621493, 'lambda': 0.000638931754101541, 'gamma': 0.014631460079214538, 'min_child_weight': 13.599423372579622}. Best is trial 25 with value: 2.376293678463397.[0m
[32m[I 2023-01-22 11:27:51,954][0m Trial 32 finished with value: 3.2536425647405287 and parameters: {'max_depth': 11, 'learning_rate': 0.008322359034231428, 'colsample_bytree': 0.5415246792494411, 'subsample': 0.6766607186769282, 'alpha': 2.8216021362656565, 'lambda': 2.573353392528506e-05, 'gamma': 0.7728631420780726, 'min_child_weight': 14.09204137399778}. Best is trial 25 with value: 2.376293678463397.[0m
[32m[I 2023-01-22 11:28:00,327][0m Trial 33 finished with value: 8.853082446747454 and parameters: {'max_depth': 10, 'learning_rate': 0.006903762357569303, 'colsample_bytree': 0.3521522714334856, 'subsample': 0.5902129175225566, 'alpha': 5.3961835613646185, 'lambda': 0.013128843104835804, 'gamma': 0.011521666391181913, 'min_child_weight': 21.415050061612934}. Best is trial 25 with value: 2.376293678463397.[0m
[32m[I 2023-01-22 11:28:18,125][0m Trial 34 finished with value: 8.811770975019908 and parameters: {'max_depth': 11, 'learning_rate': 0.009932126721748829, 'colsample_bytree': 0.4556250899492178, 'subsample': 0.638984226128522, 'alpha': 0.9009245550281865, 'lambda': 0.0007231230561657684, 'gamma': 1.261359391194561e-07, 'min_child_weight': 27.62038299070283}. Best is trial 25 with value: 2.376293678463397.[0m
[32m[I 2023-01-22 11:28:18,604][0m Trial 35 finished with value: 164.68106794747555 and parameters: {'max_depth': 9, 'learning_rate': 0.013873448106268848, 'colsample_bytree': 0.38902525388545045, 'subsample': 0.5697847388383271, 'alpha': 2.2708369198218574, 'lambda': 0.00025990010488367865, 'gamma': 0.0013681470195541117, 'min_child_weight': 48.73980245524959}. Best is trial 25 with value: 2.376293678463397.[0m
[32m[I 2023-01-22 11:28:19,230][0m Trial 36 finished with value: 164.68106794747555 and parameters: {'max_depth': 12, 'learning_rate': 0.005942104064274415, 'colsample_bytree': 0.23116319831952528, 'subsample': 0.5131632822280937, 'alpha': 6.958627386880614, 'lambda': 1.1718672881375424e-06, 'gamma': 0.2065489402076621, 'min_child_weight': 423.1893247861945}. Best is trial 25 with value: 2.376293678463397.[0m
[32m[I 2023-01-22 11:28:22,180][0m Trial 37 finished with value: 8.581639462113628 and parameters: {'max_depth': 9, 'learning_rate': 0.009002529199238036, 'colsample_bytree': 0.2975993329610822, 'subsample': 0.669679326831487, 'alpha': 0.815861616215558, 'lambda': 0.2402062740914525, 'gamma': 0.00013154044909501915, 'min_child_weight': 19.717701999394745}. Best is trial 25 with value: 2.376293678463397.[0m
[32m[I 2023-01-22 11:28:26,111][0m Trial 38 finished with value: 164.68106794747555 and parameters: {'max_depth': 11, 'learning_rate': 0.007324012737767618, 'colsample_bytree': 0.33994758546148623, 'subsample': 0.6168944820668162, 'alpha': 1.7210136598300017, 'lambda': 1.0568458624858643e-08, 'gamma': 0.005583907427374276, 'min_child_weight': 77.90526943774186}. Best is trial 25 with value: 2.376293678463397.[0m
[32m[I 2023-01-22 11:28:37,068][0m Trial 39 finished with value: 2.4544607723469714 and parameters: {'max_depth': 8, 'learning_rate': 0.011134571865150615, 'colsample_bytree': 0.20615582243260994, 'subsample': 0.761334792677455, 'alpha': 0.10356992270859455, 'lambda': 1.7157235912256332e-05, 'gamma': 1.9408989788558972, 'min_child_weight': 13.014938106053293}. Best is trial 25 with value: 2.376293678463397.[0m
[32m[I 2023-01-22 11:28:45,408][0m Trial 40 finished with value: 2.4098548986236934 and parameters: {'max_depth': 7, 'learning_rate': 0.015486275649135677, 'colsample_bytree': 0.204157166253881, 'subsample': 0.7618024118769956, 'alpha': 0.09381430403979363, 'lambda': 1.8079378298538924e-07, 'gamma': 1.932222127987727, 'min_child_weight': 13.418509674970343}. Best is trial 25 with value: 2.376293678463397.[0m
[32m[I 2023-01-22 11:28:50,435][0m Trial 41 finished with value: 2.457064820738749 and parameters: {'max_depth': 7, 'learning_rate': 0.015081846828081663, 'colsample_bytree': 0.2085369349134929, 'subsample': 0.7605051682006457, 'alpha': 0.06504451434581113, 'lambda': 1.9984229120763205e-05, 'gamma': 1.9917538105776977, 'min_child_weight': 12.93178117006744}. Best is trial 25 with value: 2.376293678463397.[0m
[32m[I 2023-01-22 11:29:00,524][0m Trial 42 finished with value: 2.4448488060130504 and parameters: {'max_depth': 7, 'learning_rate': 0.015648407067489975, 'colsample_bytree': 0.20851030231052686, 'subsample': 0.7657835678235322, 'alpha': 0.04985725112195491, 'lambda': 1.4359807921442981e-07, 'gamma': 2.3112242589734344, 'min_child_weight': 12.262487601123354}. Best is trial 25 with value: 2.376293678463397.[0m
[32m[I 2023-01-22 11:29:02,873][0m Trial 43 finished with value: 8.502430678130168 and parameters: {'max_depth': 7, 'learning_rate': 0.015663704663653924, 'colsample_bytree': 0.2001976543974497, 'subsample': 0.7947753155317695, 'alpha': 0.0395664578634386, 'lambda': 1.3260141146510875e-07, 'gamma': 2.653848813039449, 'min_child_weight': 28.7434693445659}. Best is trial 25 with value: 2.376293678463397.[0m
[32m[I 2023-01-22 11:29:04,243][0m Trial 44 finished with value: 8.476970598748599 and parameters: {'max_depth': 6, 'learning_rate': 0.01865231496066584, 'colsample_bytree': 0.22338820947108104, 'subsample': 0.7643282777002864, 'alpha': 0.09048863118061157, 'lambda': 1.4358959303249171e-06, 'gamma': 1.2536279260063923, 'min_child_weight': 19.60293015769769}. Best is trial 25 with value: 2.376293678463397.[0m
[32m[I 2023-01-22 11:29:10,035][0m Trial 45 finished with value: 2.4666953107596 and parameters: {'max_depth': 8, 'learning_rate': 0.02369369332593084, 'colsample_bytree': 0.20321759618217605, 'subsample': 0.7553294607112242, 'alpha': 0.05888643042427568, 'lambda': 4.099184564235711e-07, 'gamma': 3.654590421208553, 'min_child_weight': 13.128103645323234}. Best is trial 25 with value: 2.376293678463397.[0m
[32m[I 2023-01-22 11:29:15,995][0m Trial 46 finished with value: 6.764328731480044 and parameters: {'max_depth': 6, 'learning_rate': 0.013970770327804674, 'colsample_bytree': 0.22779034585507643, 'subsample': 0.7416951328055842, 'alpha': 0.012139388198671767, 'lambda': 2.903111759045534e-08, 'gamma': 0.38558902706959636, 'min_child_weight': 16.18946033684246}. Best is trial 25 with value: 2.376293678463397.[0m
[32m[I 2023-01-22 11:29:16,791][0m Trial 47 finished with value: 164.68106794747555 and parameters: {'max_depth': 8, 'learning_rate': 0.016786990381195858, 'colsample_bytree': 0.26020201217572914, 'subsample': 0.780826886863613, 'alpha': 0.11823456259941362, 'lambda': 1.0905389007806165e-07, 'gamma': 4.642514570812747, 'min_child_weight': 974.1006954424017}. Best is trial 25 with value: 2.376293678463397.[0m
[32m[I 2023-01-22 11:29:20,990][0m Trial 48 finished with value: 2.2855608131322684 and parameters: {'max_depth': 7, 'learning_rate': 0.022039241173860732, 'colsample_bytree': 0.24404443764727884, 'subsample': 0.7323463334410915, 'alpha': 0.0555999077712734, 'lambda': 2.9332125319464163e-07, 'gamma': 0.7838313150388417, 'min_child_weight': 12.005039345170161}. Best is trial 48 with value: 2.2855608131322684.[0m
[32m[I 2023-01-22 11:29:21,381][0m Trial 49 finished with value: 164.68106794747555 and parameters: {'max_depth': 5, 'learning_rate': 0.027240847103580716, 'colsample_bytree': 0.2389330692580776, 'subsample': 0.704462379186161, 'alpha': 0.030740396059572288, 'lambda': 2.9570980022219374e-07, 'gamma': 0.6295120047469444, 'min_child_weight': 44.76651962550869}. Best is trial 48 with value: 2.2855608131322684.[0m
[32m[I 2023-01-22 11:29:22,008][0m Trial 50 finished with value: 164.68106794747555 and parameters: {'max_depth': 8, 'learning_rate': 0.04860375928060929, 'colsample_bytree': 0.21531999097150786, 'subsample': 0.7185247548874767, 'alpha': 0.04395530895772629, 'lambda': 1.3369961267674785e-08, 'gamma': 0.10217296341755748, 'min_child_weight': 64.7291199288952}. Best is trial 48 with value: 2.2855608131322684.[0m
[32m[I 2023-01-22 11:29:30,548][0m Trial 51 finished with value: 2.3197285986333136 and parameters: {'max_depth': 7, 'learning_rate': 0.022687414832641046, 'colsample_bytree': 0.21501476867813146, 'subsample': 0.737192297571859, 'alpha': 0.06582152596145338, 'lambda': 4.534442559444412e-08, 'gamma': 2.1523813010249833, 'min_child_weight': 11.57049631725136}. Best is trial 48 with value: 2.2855608131322684.[0m
[32m[I 2023-01-22 11:29:34,742][0m Trial 52 finished with value: 2.397307407190099 and parameters: {'max_depth': 7, 'learning_rate': 0.022942383680787257, 'colsample_bytree': 0.2541851530501659, 'subsample': 0.738537246913317, 'alpha': 0.0186055751014822, 'lambda': 5.4532043431597425e-08, 'gamma': 4.759049656417605, 'min_child_weight': 11.855548336901744}. Best is trial 48 with value: 2.2855608131322684.[0m
[32m[I 2023-01-22 11:29:38,962][0m Trial 53 finished with value: 2.448598194363405 and parameters: {'max_depth': 7, 'learning_rate': 0.022938386908375658, 'colsample_bytree': 0.25756465398634437, 'subsample': 0.7393069241819971, 'alpha': 0.0147662479268757, 'lambda': 5.675555608690557e-08, 'gamma': 6.1489027320088585, 'min_child_weight': 10.838449618560404}. Best is trial 48 with value: 2.2855608131322684.[0m
[32m[I 2023-01-22 11:29:40,195][0m Trial 54 finished with value: 8.270035798898805 and parameters: {'max_depth': 7, 'learning_rate': 0.03485324178474651, 'colsample_bytree': 0.23753138715058347, 'subsample': 0.7375437502589697, 'alpha': 0.022719527015019957, 'lambda': 3.8500511623850944e-08, 'gamma': 0.8480834306796234, 'min_child_weight': 23.509499968049923}. Best is trial 48 with value: 2.2855608131322684.[0m
[32m[I 2023-01-22 11:29:43,980][0m Trial 55 finished with value: 7.532926301115592 and parameters: {'max_depth': 6, 'learning_rate': 0.02900146548149635, 'colsample_bytree': 0.2829534076491269, 'subsample': 0.6961643528469222, 'alpha': 0.02071598138364691, 'lambda': 2.186378975709573e-07, 'gamma': 3.5319559989868722e-06, 'min_child_weight': 16.285751797324327}. Best is trial 48 with value: 2.2855608131322684.[0m
[32m[I 2023-01-22 11:29:47,636][0m Trial 56 finished with value: 2.3196143148832844 and parameters: {'max_depth': 5, 'learning_rate': 0.021316912268686528, 'colsample_bytree': 0.21988680517256667, 'subsample': 0.7995528821015728, 'alpha': 0.06917629534415043, 'lambda': 3.027899325263778e-06, 'gamma': 0.3375295457050014, 'min_child_weight': 10.457797962863463}. Best is trial 48 with value: 2.2855608131322684.[0m
[32m[I 2023-01-22 11:29:50,708][0m Trial 57 finished with value: 2.3373644912115727 and parameters: {'max_depth': 5, 'learning_rate': 0.021509617023898225, 'colsample_bytree': 0.2696145966099252, 'subsample': 0.7786649720833527, 'alpha': 0.0690038083765474, 'lambda': 4.1009520328260645e-06, 'gamma': 0.2804924275071377, 'min_child_weight': 11.027235018881324}. Best is trial 48 with value: 2.2855608131322684.[0m
[32m[I 2023-01-22 11:29:56,944][0m Trial 58 finished with value: 2.320256415089692 and parameters: {'max_depth': 5, 'learning_rate': 0.02211787394400653, 'colsample_bytree': 0.269874786899336, 'subsample': 0.7922818889068282, 'alpha': 0.07433827915443146, 'lambda': 3.975815635057973e-06, 'gamma': 0.345839648357899, 'min_child_weight': 10.921055257602477}. Best is trial 48 with value: 2.2855608131322684.[0m
[32m[I 2023-01-22 11:30:01,904][0m Trial 59 finished with value: 2.639897387085777 and parameters: {'max_depth': 5, 'learning_rate': 0.034462844097414846, 'colsample_bytree': 0.2647062677292801, 'subsample': 0.7877773969176154, 'alpha': 0.06202324289778434, 'lambda': 3.0885617127272904e-06, 'gamma': 0.27704468167665136, 'min_child_weight': 15.3856510157163}. Best is trial 48 with value: 2.2855608131322684.[0m
[32m[I 2023-01-22 11:30:06,875][0m Trial 60 finished with value: 2.2808842348195 and parameters: {'max_depth': 5, 'learning_rate': 0.021196172972880678, 'colsample_bytree': 0.30434781154876334, 'subsample': 0.7779077642746502, 'alpha': 0.18015332646695528, 'lambda': 6.112346815121165e-06, 'gamma': 0.0813417668936497, 'min_child_weight': 10.588865396193361}. Best is trial 60 with value: 2.2808842348195.[0m
[32m[I 2023-01-22 11:30:10,688][0m Trial 61 finished with value: 2.3150527942827908 and parameters: {'max_depth': 5, 'learning_rate': 0.021052439297725878, 'colsample_bytree': 0.2772611818675872, 'subsample': 0.7992612597687454, 'alpha': 0.12410309089030366, 'lambda': 4.784877153814346e-06, 'gamma': 0.08426142547176386, 'min_child_weight': 10.664267550141984}. Best is trial 60 with value: 2.2808842348195.[0m
[32m[I 2023-01-22 11:30:17,396][0m Trial 62 finished with value: 2.292547922092832 and parameters: {'max_depth': 5, 'learning_rate': 0.021000444707044503, 'colsample_bytree': 0.272837686682881, 'subsample': 0.7774220203874251, 'alpha': 0.13493931635474615, 'lambda': 6.1121536167019955e-06, 'gamma': 0.083820322924795, 'min_child_weight': 11.626259378858828}. Best is trial 60 with value: 2.2808842348195.[0m
[32m[I 2023-01-22 11:30:18,751][0m Trial 63 finished with value: 8.501414426574929 and parameters: {'max_depth': 4, 'learning_rate': 0.018116177736068488, 'colsample_bytree': 0.2983049278211433, 'subsample': 0.799069409793091, 'alpha': 0.13738594713415495, 'lambda': 5.2299434960487856e-05, 'gamma': 0.09687247555815957, 'min_child_weight': 18.94529927929301}. Best is trial 60 with value: 2.2808842348195.[0m
[32m[I 2023-01-22 11:30:21,525][0m Trial 64 finished with value: 2.2898377162941985 and parameters: {'max_depth': 5, 'learning_rate': 0.024152829130295005, 'colsample_bytree': 0.324315933518874, 'subsample': 0.7774618464666463, 'alpha': 0.18388647998110608, 'lambda': 7.057128128550018e-07, 'gamma': 0.05289361195715574, 'min_child_weight': 10.04593823052576}. Best is trial 60 with value: 2.2808842348195.[0m
[32m[I 2023-01-22 11:30:33,146][0m Trial 65 finished with value: 2.2426834566165774 and parameters: {'max_depth': 4, 'learning_rate': 0.025187322739246922, 'colsample_bytree': 0.3176959362194327, 'subsample': 0.7246164889083145, 'alpha': 0.3262706161006863, 'lambda': 7.427054594980056e-07, 'gamma': 0.03983176952091459, 'min_child_weight': 10.017196934461357}. Best is trial 65 with value: 2.2426834566165774.[0m
[32m[I 2023-01-22 11:30:44,453][0m Trial 66 finished with value: 2.4229982881688237 and parameters: {'max_depth': 4, 'learning_rate': 0.025935183238298663, 'colsample_bytree': 0.3235546005096188, 'subsample': 0.7790155174337121, 'alpha': 0.32871471912740624, 'lambda': 1.190635712017272e-06, 'gamma': 0.02790205213846793, 'min_child_weight': 14.971403172524445}. Best is trial 65 with value: 2.2426834566165774.[0m
[32m[I 2023-01-22 11:30:45,109][0m Trial 67 finished with value: 164.68106794747555 and parameters: {'max_depth': 5, 'learning_rate': 0.02489162054532601, 'colsample_bytree': 0.3062857353893714, 'subsample': 0.7745604554812685, 'alpha': 0.18803789016659458, 'lambda': 7.279689800361744e-07, 'gamma': 0.07166627333766015, 'min_child_weight': 147.2151612187788}. Best is trial 65 with value: 2.2426834566165774.[0m
[32m[I 2023-01-22 11:30:48,250][0m Trial 68 finished with value: 2.2646261202108198 and parameters: {'max_depth': 4, 'learning_rate': 0.031082119267475863, 'colsample_bytree': 0.3319647005695774, 'subsample': 0.7496893060396236, 'alpha': 0.30680697860175227, 'lambda': 8.653992475935221e-06, 'gamma': 0.02094060452830717, 'min_child_weight': 10.188578439593043}. Best is trial 65 with value: 2.2426834566165774.[0m
[32m[I 2023-01-22 11:30:50,178][0m Trial 69 finished with value: 7.84075313668991 and parameters: {'max_depth': 4, 'learning_rate': 0.03135202819355586, 'colsample_bytree': 0.3324767743417222, 'subsample': 0.7244793085945558, 'alpha': 0.3250772174335357, 'lambda': 6.977424013818483e-06, 'gamma': 0.005588441148800677, 'min_child_weight': 17.810865616917454}. Best is trial 65 with value: 2.2426834566165774.[0m
