[32m[I 2023-01-22 10:28:08,543][0m Trial 78 finished with value: 157.07975815318875 and parameters: {'max_depth': 8, 'learning_rate': 0.006654359096861111, 'colsample_bytree': 0.3805956633576993, 'subsample': 0.47102233406639055, 'alpha': 0.012201579515491676, 'lambda': 5.236230482521631e-07, 'gamma': 1.7078995869900255e-07, 'min_child_weight': 619.6251980019828}. Best is trial 0 with value: 157.07975815318875.[0m
[32m[I 2023-01-22 10:28:09,397][0m Trial 79 finished with value: 157.07975815318875 and parameters: {'max_depth': 4, 'learning_rate': 0.0060483572851591574, 'colsample_bytree': 0.3870407957162142, 'subsample': 0.41852723892672966, 'alpha': 0.011381625204838744, 'lambda': 1.6865364018336078e-07, 'gamma': 1.3763870965092352e-07, 'min_child_weight': 435.277713098681}. Best is trial 0 with value: 157.07975815318875.[0m
[32m[I 2023-01-22 10:28:10,261][0m Trial 80 finished with value: 157.07975815318875 and parameters: {'max_depth': 5, 'learning_rate': 0.006523545269441152, 'colsample_bytree': 0.3618380538542496, 'subsample': 0.4439230964680291, 'alpha': 0.016113069378857578, 'lambda': 2.444386813935831, 'gamma': 7.366781819413637e-07, 'min_child_weight': 294.1117677865033}. Best is trial 0 with value: 157.07975815318875.[0m
[32m[I 2023-01-22 10:28:10,972][0m Trial 81 finished with value: 157.07975815318875 and parameters: {'max_depth': 5, 'learning_rate': 0.005934728084245118, 'colsample_bytree': 0.34803043926862764, 'subsample': 0.406952670166599, 'alpha': 0.010367022672541677, 'lambda': 4.548449691022952, 'gamma': 5.571524014277491e-07, 'min_child_weight': 529.1569686250472}. Best is trial 0 with value: 157.07975815318875.[0m
[32m[I 2023-01-22 10:28:11,716][0m Trial 82 finished with value: 157.07975815318875 and parameters: {'max_depth': 9, 'learning_rate': 0.025466067912920016, 'colsample_bytree': 0.4305557647978589, 'subsample': 0.4791538986388084, 'alpha': 0.030785113580991615, 'lambda': 9.560908987186982e-07, 'gamma': 0.00026299393143540146, 'min_child_weight': 35.846694672600655}. Best is trial 0 with value: 157.07975815318875.[0m
[32m[I 2023-01-22 10:28:12,755][0m Trial 83 finished with value: 157.07975815318875 and parameters: {'max_depth': 7, 'learning_rate': 0.006810972013328135, 'colsample_bytree': 0.40516725460080605, 'subsample': 0.47188901692748725, 'alpha': 0.022597907430737137, 'lambda': 2.656546845192977e-07, 'gamma': 0.0002027283724100678, 'min_child_weight': 12.310308326717886}. Best is trial 0 with value: 157.07975815318875.[0m
[32m[I 2023-01-22 10:28:14,213][0m Trial 84 finished with value: 157.07975815318875 and parameters: {'max_depth': 7, 'learning_rate': 0.02799218207621958, 'colsample_bytree': 0.3729308568498443, 'subsample': 0.524836251487574, 'alpha': 1.090091244375137, 'lambda': 5.592372019851199, 'gamma': 0.001175243099124456, 'min_child_weight': 30.47124121765217}. Best is trial 0 with value: 157.07975815318875.[0m
[32m[I 2023-01-22 10:28:15,165][0m Trial 85 finished with value: 157.07975815318875 and parameters: {'max_depth': 7, 'learning_rate': 0.007927487171722165, 'colsample_bytree': 0.20742960496106336, 'subsample': 0.6381587214568268, 'alpha': 0.017830028387288355, 'lambda': 5.856501711869217e-08, 'gamma': 0.0013617438671273538, 'min_child_weight': 85.410592355901}. Best is trial 0 with value: 157.07975815318875.[0m
[32m[I 2023-01-22 10:28:16,411][0m Trial 86 finished with value: 157.07975815318875 and parameters: {'max_depth': 8, 'learning_rate': 0.04407863332541377, 'colsample_bytree': 0.271760817501406, 'subsample': 0.6554701926946103, 'alpha': 1.484904438069876, 'lambda': 1.735256132051541e-08, 'gamma': 0.0048184103623919216, 'min_child_weight': 18.36000802000871}. Best is trial 0 with value: 157.07975815318875.[0m
[32m[I 2023-01-22 10:28:17,381][0m Trial 87 finished with value: 157.07975815318875 and parameters: {'max_depth': 7, 'learning_rate': 0.039024871896539776, 'colsample_bytree': 0.5127909751986098, 'subsample': 0.5511026140554942, 'alpha': 0.6349033401416992, 'lambda': 1.3068573475302968e-07, 'gamma': 0.0021526024688218247, 'min_child_weight': 41.62102756494883}. Best is trial 0 with value: 157.07975815318875.[0m
[32m[I 2023-01-22 10:28:18,319][0m Trial 88 finished with value: 157.07975815318875 and parameters: {'max_depth': 7, 'learning_rate': 0.0465467017444764, 'colsample_bytree': 0.5438908995288155, 'subsample': 0.6685029993230468, 'alpha': 4.425103038914088, 'lambda': 0.7931745049251512, 'gamma': 0.03939344589014955, 'min_child_weight': 63.4167662366386}. Best is trial 0 with value: 157.07975815318875.[0m
[32m[I 2023-01-22 10:28:19,439][0m Trial 89 finished with value: 157.07975815318875 and parameters: {'max_depth': 7, 'learning_rate': 0.04610147415863906, 'colsample_bytree': 0.540802529501658, 'subsample': 0.5523891098464883, 'alpha': 2.5260466179345555, 'lambda': 8.598665491845246, 'gamma': 0.011722526671610592, 'min_child_weight': 50.05876555072497}. Best is trial 0 with value: 157.07975815318875.[0m
[32m[I 2023-01-22 10:28:20,357][0m Trial 90 finished with value: 157.07975815318875 and parameters: {'max_depth': 6, 'learning_rate': 0.041843692149137565, 'colsample_bytree': 0.22220191507269768, 'subsample': 0.5812884129778513, 'alpha': 4.3900264505568956, 'lambda': 0.0008111872593703941, 'gamma': 0.19894015992832606, 'min_child_weight': 99.71729683434862}. Best is trial 0 with value: 157.07975815318875.[0m
[32m[I 2023-01-22 10:28:21,189][0m Trial 91 finished with value: 157.07975815318875 and parameters: {'max_depth': 6, 'learning_rate': 0.03644928231944616, 'colsample_bytree': 0.33100115609542236, 'subsample': 0.6428804673134766, 'alpha': 7.9958095582142485, 'lambda': 0.005092451157695124, 'gamma': 0.5297817802123537, 'min_child_weight': 65.33934097149185}. Best is trial 0 with value: 157.07975815318875.[0m
[32m[I 2023-01-22 10:28:22,282][0m Trial 92 finished with value: 157.07975815318875 and parameters: {'max_depth': 6, 'learning_rate': 0.015017533642963212, 'colsample_bytree': 0.2923011849891198, 'subsample': 0.7742654778283536, 'alpha': 0.5141519573213046, 'lambda': 0.002198594239393246, 'gamma': 4.542627622597791, 'min_child_weight': 100.32704282830446}. Best is trial 0 with value: 157.07975815318875.[0m
[32m[I 2023-01-22 10:28:23,038][0m Trial 93 finished with value: 157.07975815318875 and parameters: {'max_depth': 6, 'learning_rate': 0.029997208224548644, 'colsample_bytree': 0.5228530964901462, 'subsample': 0.7920445981573548, 'alpha': 3.471581760829143, 'lambda': 0.0010506873192851855, 'gamma': 0.8243295974776738, 'min_child_weight': 71.88059602167951}. Best is trial 0 with value: 157.07975815318875.[0m
[32m[I 2023-01-22 10:28:23,779][0m Trial 94 finished with value: 157.07975815318875 and parameters: {'max_depth': 6, 'learning_rate': 0.019005994314337894, 'colsample_bytree': 0.5851350520410981, 'subsample': 0.5615504986517846, 'alpha': 0.24817640895193455, 'lambda': 0.003139319586170228, 'gamma': 8.314362465369287, 'min_child_weight': 119.0134343711692}. Best is trial 0 with value: 157.07975815318875.[0m
[32m[I 2023-01-22 10:28:28,603][0m Trial 95 finished with value: 157.07975815318875 and parameters: {'max_depth': 6, 'learning_rate': 0.017474320874884333, 'colsample_bytree': 0.2927856302327062, 'subsample': 0.7606187493122663, 'alpha': 5.333428354190332, 'lambda': 0.01676448686775822, 'gamma': 0.033306551493568495, 'min_child_weight': 152.23316677974066}. Best is trial 0 with value: 157.07975815318875.[0m
[32m[I 2023-01-22 10:28:30,234][0m Trial 96 finished with value: 157.07975815318875 and parameters: {'max_depth': 12, 'learning_rate': 0.016148641604465178, 'colsample_bytree': 0.2262320334524949, 'subsample': 0.7218511990280779, 'alpha': 2.4817376488195113, 'lambda': 0.0003655840891584382, 'gamma': 0.17923692285817783, 'min_child_weight': 139.96541771225998}. Best is trial 0 with value: 157.07975815318875.[0m
[32m[I 2023-01-22 10:28:31,496][0m Trial 97 finished with value: 157.07975815318875 and parameters: {'max_depth': 12, 'learning_rate': 0.03472250804989373, 'colsample_bytree': 0.23840124401473095, 'subsample': 0.6207055395508079, 'alpha': 6.013462109048469, 'lambda': 0.00502007727236138, 'gamma': 0.09288538855348842, 'min_child_weight': 198.27892438252127}. Best is trial 0 with value: 157.07975815318875.[0m
[32m[I 2023-01-22 10:28:32,531][0m Trial 98 finished with value: 157.07975815318875 and parameters: {'max_depth': 11, 'learning_rate': 0.023306241531832167, 'colsample_bytree': 0.31206776861980295, 'subsample': 0.5816242749925927, 'alpha': 0.4092447434616413, 'lambda': 0.023907384655086426, 'gamma': 1.8814853741175885, 'min_child_weight': 130.1787661107986}. Best is trial 0 with value: 157.07975815318875.[0m
[32m[I 2023-01-22 10:28:33,752][0m Trial 99 finished with value: 157.07975815318875 and parameters: {'max_depth': 11, 'learning_rate': 0.013239911959774532, 'colsample_bytree': 0.5889109432106857, 'subsample': 0.7504402316673052, 'alpha': 2.786232511592659, 'lambda': 0.09003141555015451, 'gamma': 2.8113444482243195, 'min_child_weight': 110.52602646778384}. Best is trial 0 with value: 157.07975815318875.[0m
Uploaded file from /Users/kevinmaikjablonka/git/kjappelbaum/gptchem/experiments/04_regression/polymers/out/20230122_101047/train.jsonl: file-CO8osNe0k1aHn67tqLNkq2WS
Ran train size 500 and got MAE 0.6605599999999999, baseline 3.1050935193668328
Upload progress:   0%|          | 0.00/2.30k [00:00<?, ?it/s]Upload progress: 100%|██████████| 2.30k/2.30k [00:00<00:00, 739kit/s]
2023-01-22 10:28:36.370 | DEBUG    | gptchem.tuner:tune:186 - Requested fine tuning. {
  "created_at": 1674379716,
  "events": [
    {
      "created_at": 1674379716,
      "level": "info",
      "message": "Created fine-tune: ft-FiYOWpN6C30p0OiEfXOHYn2A",
      "object": "fine-tune-event"
    }
  ],
  "fine_tuned_model": null,
  "hyperparams": {
    "batch_size": null,
    "learning_rate_multiplier": 0.02,
    "n_epochs": 8,
    "prompt_loss_weight": 0.01
  },
  "id": "ft-FiYOWpN6C30p0OiEfXOHYn2A",
  "model": "ada",
  "object": "fine-tune",
  "organization_id": "org-TFRJXw3PPQocOWbu71eI2t9U",
  "result_files": [],
  "status": "pending",
  "training_files": [
    {
      "bytes": 2304,
      "created_at": 1674379715,
      "filename": "/Users/kevinmaikjablonka/git/kjappelbaum/gptchem/experiments/04_regression/polymers/out/20230122_102833/train.jsonl",
      "id": "file-39ANDqse8Q9QUqIhEV6pjJog",
      "object": "file",
      "purpose": "fine-tune",
      "status": "uploaded",
      "status_details": null
    }
  ],
  "updated_at": 1674379716,
  "validation_files": []
}
2023-01-22 10:28:36.589 | DEBUG    | gptchem.tuner:get_ft_model_name:29 - Fine tuning status: pending
2023-01-22 10:30:37.179 | DEBUG    | gptchem.tuner:get_ft_model_name:29 - Fine tuning status: pending
2023-01-22 10:32:37.890 | DEBUG    | gptchem.tuner:get_ft_model_name:29 - Fine tuning status: pending
2023-01-22 10:34:38.615 | DEBUG    | gptchem.tuner:get_ft_model_name:29 - Fine tuning status: pending
2023-01-22 10:36:39.117 | DEBUG    | gptchem.tuner:get_ft_model_name:29 - Fine tuning status: pending
2023-01-22 10:38:39.635 | DEBUG    | gptchem.tuner:get_ft_model_name:29 - Fine tuning status: pending
2023-01-22 10:40:40.217 | DEBUG    | gptchem.tuner:get_ft_model_name:29 - Fine tuning status: pending
2023-01-22 10:42:40.945 | DEBUG    | gptchem.tuner:get_ft_model_name:29 - Fine tuning status: pending
2023-01-22 10:44:42.298 | DEBUG    | gptchem.tuner:get_ft_model_name:29 - Fine tuning status: pending
2023-01-22 10:46:44.712 | DEBUG    | gptchem.tuner:get_ft_model_name:29 - Fine tuning status: pending
2023-01-22 10:48:48.152 | DEBUG    | gptchem.tuner:get_ft_model_name:29 - Fine tuning status: pending
2023-01-22 10:50:48.892 | DEBUG    | gptchem.tuner:get_ft_model_name:29 - Fine tuning status: pending
2023-01-22 10:52:49.477 | DEBUG    | gptchem.tuner:get_ft_model_name:29 - Fine tuning status: pending
2023-01-22 10:54:50.251 | DEBUG    | gptchem.tuner:get_ft_model_name:29 - Fine tuning status: succeeded
2023-01-22 10:54:50.255 | DEBUG    | gptchem.tuner:tune:202 - Fine tuning completed. {'base_model': 'ada', 'batch_size': None, 'n_epochs': 8, 'learning_rate_multiplier': 0.02, 'run_name': None, 'wandb_sync': False, 'outdir': '/Users/kevinmaikjablonka/git/kjappelbaum/gptchem/experiments/04_regression/polymers/out/20230122_102833', 'train_filename': '/Users/kevinmaikjablonka/git/kjappelbaum/gptchem/experiments/04_regression/polymers/out/20230122_102833/train.jsonl', 'valid_filename': 'None', 'model_name': 'ada:ft-lsmoepfl-2023-01-22-09-53-53', 'ft_id': 'ft-FiYOWpN6C30p0OiEfXOHYn2A', 'date': '20230122_105450', 'train_file_id': 'file-39ANDqse8Q9QUqIhEV6pjJog', 'valid_file_id': None}
[32m[I 2023-01-22 10:55:01,656][0m A new study created in memory with name: no-name-09e231af-e229-4129-920c-2493b43827d2[0m
[32m[I 2023-01-22 10:55:02,676][0m Trial 0 finished with value: 165.91679340881925 and parameters: {'max_depth': 7, 'learning_rate': 0.044635901521768134, 'colsample_bytree': 0.49279757672456204, 'subsample': 0.6394633936788147, 'alpha': 0.02938027938703535, 'lambda': 2.5348407664333426e-07, 'gamma': 3.3323645788192616e-08, 'min_child_weight': 539.948440978743}. Best is trial 0 with value: 165.91679340881925.[0m
[32m[I 2023-01-22 10:55:03,201][0m Trial 1 finished with value: 165.91679340881925 and parameters: {'max_depth': 9, 'learning_rate': 0.025529516046973785, 'colsample_bytree': 0.20823379771832098, 'subsample': 0.7879639408647978, 'alpha': 3.142880890840109, 'lambda': 8.148018307012941e-07, 'gamma': 4.329370014459266e-07, 'min_child_weight': 23.270677083837796}. Best is trial 0 with value: 165.91679340881925.[0m
[32m[I 2023-01-22 10:55:04,381][0m Trial 2 finished with value: 165.91679340881925 and parameters: {'max_depth': 6, 'learning_rate': 0.016738881542579662, 'colsample_bytree': 0.3727780074568463, 'subsample': 0.5164916560792168, 'alpha': 0.6847920095574779, 'lambda': 1.8007140198129195e-07, 'gamma': 4.258943089524393e-06, 'min_child_weight': 54.041038546473274}. Best is trial 0 with value: 165.91679340881925.[0m
[32m[I 2023-01-22 10:55:05,741][0m Trial 3 finished with value: 165.91679340881925 and parameters: {'max_depth': 8, 'learning_rate': 0.030489195547657565, 'colsample_bytree': 0.2798695128633439, 'subsample': 0.6056937753654447, 'alpha': 0.59874749104614, 'lambda': 2.6185068507773707e-08, 'gamma': 0.0029369981104377003, 'min_child_weight': 21.93048555664369}. Best is trial 0 with value: 165.91679340881925.[0m
[32m[I 2023-01-22 10:55:06,184][0m Trial 4 finished with value: 165.91679340881925 and parameters: {'max_depth': 4, 'learning_rate': 0.044448339535094646, 'colsample_bytree': 0.5862528132298237, 'subsample': 0.7233589392465845, 'alpha': 0.08200518402245831, 'lambda': 7.569183361880229e-08, 'gamma': 0.014391207615728067, 'min_child_weight': 75.91104805282696}. Best is trial 0 with value: 165.91679340881925.[0m
[32m[I 2023-01-22 10:55:06,858][0m Trial 5 finished with value: 165.91679340881925 and parameters: {'max_depth': 5, 'learning_rate': 0.015636765183901856, 'colsample_bytree': 0.21375540844608737, 'subsample': 0.7637281608315128, 'alpha': 0.059750279999602945, 'lambda': 0.009176996354542699, 'gamma': 6.388511557344611e-06, 'min_child_weight': 109.68217207529523}. Best is trial 0 with value: 165.91679340881925.[0m
[32m[I 2023-01-22 10:55:11,042][0m Trial 6 finished with value: 165.91679340881925 and parameters: {'max_depth': 8, 'learning_rate': 0.007652872182750091, 'colsample_bytree': 0.5878338511058234, 'subsample': 0.7100531293444459, 'alpha': 6.58410616012161, 'lambda': 1.1309571585271483, 'gamma': 0.002404915432737351, 'min_child_weight': 697.8281265126028}. Best is trial 0 with value: 165.91679340881925.[0m
[32m[I 2023-01-22 10:55:12,754][0m Trial 7 finished with value: 165.91679340881925 and parameters: {'max_depth': 4, 'learning_rate': 0.007851504189403358, 'colsample_bytree': 0.21809091556421523, 'subsample': 0.5301321323053058, 'alpha': 0.14656553886225335, 'lambda': 2.7678419414850017e-06, 'gamma': 0.28749982347407854, 'min_child_weight': 51.70191786366991}. Best is trial 0 with value: 165.91679340881925.[0m
[32m[I 2023-01-22 10:55:16,548][0m Trial 8 finished with value: 165.91679340881925 and parameters: {'max_depth': 6, 'learning_rate': 0.017444803725696106, 'colsample_bytree': 0.25636968998990506, 'subsample': 0.7208787923016159, 'alpha': 0.01673601016782578, 'lambda': 7.620481786158549, 'gamma': 0.08916674715636537, 'min_child_weight': 24.97073714505272}. Best is trial 0 with value: 165.91679340881925.[0m
[32m[I 2023-01-22 10:55:17,743][0m Trial 9 finished with value: 165.91679340881925 and parameters: {'max_depth': 4, 'learning_rate': 0.03269124292259021, 'colsample_bytree': 0.48274293753904685, 'subsample': 0.691602867216395, 'alpha': 2.059733535743719, 'lambda': 4.638759594322625e-08, 'gamma': 1.683416412018213e-05, 'min_child_weight': 17.050539260269293}. Best is trial 0 with value: 165.91679340881925.[0m
[32m[I 2023-01-22 10:55:19,081][0m Trial 10 finished with value: 165.91679340881925 and parameters: {'max_depth': 12, 'learning_rate': 0.005069524045190436, 'colsample_bytree': 0.46246121214963276, 'subsample': 0.4071847502459278, 'alpha': 0.011119959665896408, 'lambda': 8.764524253376569e-05, 'gamma': 1.3686680646913219e-08, 'min_child_weight': 895.9418014920916}. Best is trial 0 with value: 165.91679340881925.[0m
[32m[I 2023-01-22 10:55:20,535][0m Trial 11 finished with value: 165.91679340881925 and parameters: {'max_depth': 10, 'learning_rate': 0.04914319625162734, 'colsample_bytree': 0.35496966818854064, 'subsample': 0.627568268662327, 'alpha': 7.094621382610851, 'lambda': 1.082535558141674e-05, 'gamma': 2.0076751494057614e-08, 'min_child_weight': 308.6739921328437}. Best is trial 0 with value: 165.91679340881925.[0m
[32m[I 2023-01-22 10:55:22,015][0m Trial 12 finished with value: 165.91679340881925 and parameters: {'max_depth': 10, 'learning_rate': 0.025428046140413742, 'colsample_bytree': 0.4884032272372183, 'subsample': 0.7831484441888801, 'alpha': 1.866399180242799, 'lambda': 0.0016497110026833196, 'gamma': 5.997698489764017e-07, 'min_child_weight': 225.75434418905797}. Best is trial 0 with value: 165.91679340881925.[0m
[32m[I 2023-01-22 10:55:33,936][0m Trial 13 finished with value: 9.064319052147795 and parameters: {'max_depth': 9, 'learning_rate': 0.022907345587475394, 'colsample_bytree': 0.4348992573884859, 'subsample': 0.6579178144028042, 'alpha': 0.032629595908661234, 'lambda': 1.5854741167674294e-06, 'gamma': 9.868745464853761, 'min_child_weight': 10.235005457971534}. Best is trial 13 with value: 9.064319052147795.[0m
[32m[I 2023-01-22 10:55:40,970][0m Trial 14 finished with value: 8.77498882293484 and parameters: {'max_depth': 7, 'learning_rate': 0.03734923210984427, 'colsample_bytree': 0.429276397222429, 'subsample': 0.6578694741072342, 'alpha': 0.029686604307577327, 'lambda': 3.890377834635129e-05, 'gamma': 8.269405884196505, 'min_child_weight': 10.145022160750592}. Best is trial 14 with value: 8.77498882293484.[0m
[32m[I 2023-01-22 10:55:48,953][0m Trial 15 finished with value: 9.612800936832087 and parameters: {'max_depth': 12, 'learning_rate': 0.02121545581806988, 'colsample_bytree': 0.4235194332173257, 'subsample': 0.5471662223209441, 'alpha': 0.20199491020320537, 'lambda': 6.76558226702869e-05, 'gamma': 9.707527253795911, 'min_child_weight': 10.112312512063898}. Best is trial 14 with value: 8.77498882293484.[0m
[32m[I 2023-01-22 10:56:04,103][0m Trial 16 finished with value: 9.19469859670368 and parameters: {'max_depth': 10, 'learning_rate': 0.011232894046987978, 'colsample_bytree': 0.32819048414165786, 'subsample': 0.669192770340704, 'alpha': 0.03352773705202417, 'lambda': 0.033501501295439946, 'gamma': 8.017566374706062, 'min_child_weight': 10.412824042134847}. Best is trial 14 with value: 8.77498882293484.[0m
[32m[I 2023-01-22 10:56:05,602][0m Trial 17 finished with value: 165.91679340881925 and parameters: {'max_depth': 7, 'learning_rate': 0.034280158328283704, 'colsample_bytree': 0.4248826331447139, 'subsample': 0.5764241064373404, 'alpha': 0.056040070964739404, 'lambda': 1.1856345719368965e-05, 'gamma': 0.7705863291879708, 'min_child_weight': 35.63969409649351}. Best is trial 14 with value: 8.77498882293484.[0m
[32m[I 2023-01-22 10:56:10,670][0m Trial 18 finished with value: 165.91679340881925 and parameters: {'max_depth': 9, 'learning_rate': 0.013471690205171232, 'colsample_bytree': 0.5406069544760227, 'subsample': 0.45566566507349593, 'alpha': 0.02152579850823623, 'lambda': 0.0003690935727112461, 'gamma': 1.4522416612464755, 'min_child_weight': 151.03406097788675}. Best is trial 14 with value: 8.77498882293484.[0m
[32m[I 2023-01-22 10:56:15,677][0m Trial 19 finished with value: 165.91679340881925 and parameters: {'max_depth': 11, 'learning_rate': 0.023268182096357292, 'colsample_bytree': 0.3962517321781296, 'subsample': 0.6458445620780635, 'alpha': 0.12476563613713522, 'lambda': 2.5630815255456255e-06, 'gamma': 0.042218391078048687, 'min_child_weight': 15.147749198726165}. Best is trial 14 with value: 8.77498882293484.[0m
[32m[I 2023-01-22 10:56:17,065][0m Trial 20 finished with value: 165.91679340881925 and parameters: {'max_depth': 7, 'learning_rate': 0.03385121061417455, 'colsample_bytree': 0.5298528902087923, 'subsample': 0.5825375178463895, 'alpha': 0.41382366559609196, 'lambda': 0.04666618356205703, 'gamma': 0.00010396761370918912, 'min_child_weight': 32.348644745191}. Best is trial 14 with value: 8.77498882293484.[0m
[32m[I 2023-01-22 10:56:34,410][0m Trial 21 finished with value: 9.204304381219464 and parameters: {'max_depth': 9, 'learning_rate': 0.010661474342504352, 'colsample_bytree': 0.34341210737767536, 'subsample': 0.67453135623772, 'alpha': 0.03562768093422338, 'lambda': 0.12434946096841629, 'gamma': 9.629267776330163, 'min_child_weight': 11.669262069806727}. Best is trial 14 with value: 8.77498882293484.[0m
