[32m[I 2023-01-22 12:24:21,064][0m Trial 66 finished with value: 2.3022673093223305 and parameters: {'max_depth': 11, 'learning_rate': 0.013237565106667081, 'colsample_bytree': 0.48250776589161226, 'subsample': 0.5750776855884305, 'alpha': 0.10297729290668531, 'lambda': 0.0004330935333519609, 'gamma': 2.3786038589211147e-06, 'min_child_weight': 17.14982468881966}. Best is trial 27 with value: 1.6273691077751284.[0m
[32m[I 2023-01-22 12:25:11,180][0m Trial 67 finished with value: 1.6465572107899944 and parameters: {'max_depth': 11, 'learning_rate': 0.010940749823997509, 'colsample_bytree': 0.5588997039649729, 'subsample': 0.6271922716867322, 'alpha': 0.05926065947539877, 'lambda': 0.0007899386513886105, 'gamma': 9.780570697776842e-06, 'min_child_weight': 10.09967688475247}. Best is trial 27 with value: 1.6273691077751284.[0m
[32m[I 2023-01-22 12:25:52,794][0m Trial 68 finished with value: 1.8976029448096479 and parameters: {'max_depth': 10, 'learning_rate': 0.010914897212583225, 'colsample_bytree': 0.29708957742249364, 'subsample': 0.6207361909519977, 'alpha': 0.06303985118697071, 'lambda': 0.0032036157318074136, 'gamma': 0.00016552220735036749, 'min_child_weight': 14.338108244949485}. Best is trial 27 with value: 1.6273691077751284.[0m
[32m[I 2023-01-22 12:26:16,038][0m Trial 69 finished with value: 2.1768474575058625 and parameters: {'max_depth': 11, 'learning_rate': 0.01172309198835983, 'colsample_bytree': 0.5905402514386563, 'subsample': 0.6607637056596161, 'alpha': 0.03758609199445558, 'lambda': 0.0008232203871367594, 'gamma': 3.3332517594561767e-05, 'min_child_weight': 18.992587943601166}. Best is trial 27 with value: 1.6273691077751284.[0m
[32m[I 2023-01-22 12:26:18,302][0m Trial 70 finished with value: 161.1103761615941 and parameters: {'max_depth': 10, 'learning_rate': 0.014724070659661382, 'colsample_bytree': 0.5587086403383291, 'subsample': 0.6028208964691572, 'alpha': 0.14070506842309982, 'lambda': 7.6461270178609935, 'gamma': 1.0265705879058497e-05, 'min_child_weight': 379.07939176449935}. Best is trial 27 with value: 1.6273691077751284.[0m
[32m[I 2023-01-22 12:26:35,831][0m Trial 71 finished with value: 1.6974919159794009 and parameters: {'max_depth': 11, 'learning_rate': 0.009060692829365806, 'colsample_bytree': 0.5558216349953482, 'subsample': 0.6342705942285686, 'alpha': 0.054127111394015076, 'lambda': 8.668888473478711e-05, 'gamma': 3.2054662364425162e-06, 'min_child_weight': 11.483362183502202}. Best is trial 27 with value: 1.6273691077751284.[0m
[32m[I 2023-01-22 12:28:07,028][0m Trial 72 finished with value: 1.6318279261703317 and parameters: {'max_depth': 12, 'learning_rate': 0.010071634265084116, 'colsample_bytree': 0.5333396887205202, 'subsample': 0.7015353180533735, 'alpha': 0.08050197795749169, 'lambda': 2.047030023350898e-06, 'gamma': 1.7771283725524197e-08, 'min_child_weight': 10.288962580043322}. Best is trial 27 with value: 1.6273691077751284.[0m
[32m[I 2023-01-22 12:29:22,039][0m Trial 73 finished with value: 1.6837974868593584 and parameters: {'max_depth': 11, 'learning_rate': 0.008640353583843387, 'colsample_bytree': 0.5329415735879028, 'subsample': 0.700433043901092, 'alpha': 0.08286531104984657, 'lambda': 1.8864961736476728e-06, 'gamma': 1.1384079540631826e-08, 'min_child_weight': 12.95939191553806}. Best is trial 27 with value: 1.6273691077751284.[0m
[32m[I 2023-01-22 12:29:57,566][0m Trial 74 finished with value: 1.674347680665192 and parameters: {'max_depth': 5, 'learning_rate': 0.010504195618232076, 'colsample_bytree': 0.5729677045617565, 'subsample': 0.6546458473661682, 'alpha': 0.23483630428376778, 'lambda': 4.747124677298949e-07, 'gamma': 2.0085390859584615e-08, 'min_child_weight': 11.97967653737923}. Best is trial 27 with value: 1.6273691077751284.[0m
[32m[I 2023-01-22 12:30:06,618][0m Trial 75 finished with value: 2.3576523567279892 and parameters: {'max_depth': 11, 'learning_rate': 0.020102019958256993, 'colsample_bytree': 0.5003149687493333, 'subsample': 0.6843075232976175, 'alpha': 0.11928493997219485, 'lambda': 7.708772286421618e-06, 'gamma': 7.62718441027455e-08, 'min_child_weight': 23.867512545099853}. Best is trial 27 with value: 1.6273691077751284.[0m
[32m[I 2023-01-22 12:30:19,696][0m Trial 76 finished with value: 1.957677910000065 and parameters: {'max_depth': 12, 'learning_rate': 0.012201315799203746, 'colsample_bytree': 0.5225029271146178, 'subsample': 0.5954201764542562, 'alpha': 0.03431835206862483, 'lambda': 1.7150978585252032e-06, 'gamma': 2.1963372971968357e-07, 'min_child_weight': 14.954308319541587}. Best is trial 27 with value: 1.6273691077751284.[0m
[32m[I 2023-01-22 12:30:34,085][0m Trial 77 finished with value: 1.898832902506753 and parameters: {'max_depth': 10, 'learning_rate': 0.01719456596263909, 'colsample_bytree': 0.22715535243563842, 'subsample': 0.6182039510623442, 'alpha': 0.15855842022192163, 'lambda': 1.0369305907628798e-06, 'gamma': 2.0181573667821807e-08, 'min_child_weight': 10.148586372051447}. Best is trial 27 with value: 1.6273691077751284.[0m
[32m[I 2023-01-22 12:30:38,778][0m Trial 78 finished with value: 1.9807124863215755 and parameters: {'max_depth': 12, 'learning_rate': 0.031523996805281874, 'colsample_bytree': 0.5876018449256903, 'subsample': 0.6446758766181596, 'alpha': 0.07758831915891842, 'lambda': 0.01001157209881394, 'gamma': 1.4864315387122867e-06, 'min_child_weight': 16.718569737281946}. Best is trial 27 with value: 1.6273691077751284.[0m
[32m[I 2023-01-22 12:30:56,089][0m Trial 79 finished with value: 1.6660304537661363 and parameters: {'max_depth': 12, 'learning_rate': 0.012439461288294191, 'colsample_bytree': 0.5687964621399769, 'subsample': 0.7290804413461612, 'alpha': 0.0425198401275597, 'lambda': 1.707173019171766e-05, 'gamma': 5.865662148909331e-05, 'min_child_weight': 12.758203586200477}. Best is trial 27 with value: 1.6273691077751284.[0m
[32m[I 2023-01-22 12:30:59,051][0m Trial 80 finished with value: 8.022025797347585 and parameters: {'max_depth': 9, 'learning_rate': 0.025940642763378034, 'colsample_bytree': 0.5393536077243556, 'subsample': 0.6750811476730445, 'alpha': 0.10384657334286487, 'lambda': 0.0004544737793775741, 'gamma': 7.058406884553433e-06, 'min_child_weight': 30.809281726714755}. Best is trial 27 with value: 1.6273691077751284.[0m
[32m[I 2023-01-22 12:31:36,202][0m Trial 81 finished with value: 1.6481380068034135 and parameters: {'max_depth': 12, 'learning_rate': 0.010297303270755249, 'colsample_bytree': 0.5561372818628294, 'subsample': 0.7530405644107104, 'alpha': 0.06096554964619131, 'lambda': 5.189874422968924e-05, 'gamma': 6.112079856232629e-07, 'min_child_weight': 10.252306003633162}. Best is trial 27 with value: 1.6273691077751284.[0m
[32m[I 2023-01-22 12:31:49,285][0m Trial 82 finished with value: 1.6644938068681416 and parameters: {'max_depth': 12, 'learning_rate': 0.010977322022918845, 'colsample_bytree': 0.5817303803138396, 'subsample': 0.7511816170106503, 'alpha': 0.0554477496334718, 'lambda': 4.6762484638715976e-05, 'gamma': 8.488216708932988e-07, 'min_child_weight': 11.409324007197542}. Best is trial 27 with value: 1.6273691077751284.[0m
[32m[I 2023-01-22 12:31:57,549][0m Trial 83 finished with value: 1.66789662082207 and parameters: {'max_depth': 11, 'learning_rate': 0.010192275118248986, 'colsample_bytree': 0.5954562191538006, 'subsample': 0.7148329281060828, 'alpha': 0.06319963951557214, 'lambda': 3.5450640437928617e-06, 'gamma': 1.3886145826457679e-07, 'min_child_weight': 13.811352903191654}. Best is trial 27 with value: 1.6273691077751284.[0m
[32m[I 2023-01-22 12:32:07,398][0m Trial 84 finished with value: 1.7083010552476554 and parameters: {'max_depth': 12, 'learning_rate': 0.008761050152817173, 'colsample_bytree': 0.5595638949186273, 'subsample': 0.6276734421601646, 'alpha': 0.08717912215154622, 'lambda': 0.0002088474969213935, 'gamma': 5.529024941229571e-08, 'min_child_weight': 11.276630919533275}. Best is trial 27 with value: 1.6273691077751284.[0m
[32m[I 2023-01-22 12:32:15,368][0m Trial 85 finished with value: 2.2596488574068254 and parameters: {'max_depth': 11, 'learning_rate': 0.00785480106279842, 'colsample_bytree': 0.5689183698554567, 'subsample': 0.7414769647400672, 'alpha': 0.04637995441537374, 'lambda': 0.001592764858222993, 'gamma': 2.139719311277369e-05, 'min_child_weight': 20.025352966799023}. Best is trial 27 with value: 1.6273691077751284.[0m
[32m[I 2023-01-22 12:32:19,195][0m Trial 86 finished with value: 1.7829165574973551 and parameters: {'max_depth': 12, 'learning_rate': 0.02856196736724215, 'colsample_bytree': 0.5276568767899324, 'subsample': 0.5782195521327773, 'alpha': 0.07374882256410617, 'lambda': 3.178264842742969e-05, 'gamma': 1.7737136751953065e-06, 'min_child_weight': 12.925072522476691}. Best is trial 27 with value: 1.6273691077751284.[0m
[32m[I 2023-01-22 12:32:26,071][0m Trial 87 finished with value: 1.6135035983096295 and parameters: {'max_depth': 11, 'learning_rate': 0.018400038578481912, 'colsample_bytree': 0.5427228170300388, 'subsample': 0.7045895516558972, 'alpha': 0.0186580631010018, 'lambda': 1.1922654685164769e-05, 'gamma': 1.1563855660017752, 'min_child_weight': 10.046955606399269}. Best is trial 87 with value: 1.6135035983096295.[0m
[32m[I 2023-01-22 12:33:20,939][0m Trial 88 finished with value: 1.6293051922232724 and parameters: {'max_depth': 12, 'learning_rate': 0.014334419902694573, 'colsample_bytree': 0.5420162635064221, 'subsample': 0.7071751307597012, 'alpha': 0.018346635867197095, 'lambda': 0.00025348248309446224, 'gamma': 0.6054637704177512, 'min_child_weight': 10.037661212682002}. Best is trial 87 with value: 1.6135035983096295.[0m
[32m[I 2023-01-22 12:33:52,178][0m Trial 89 finished with value: 1.74970918706228 and parameters: {'max_depth': 11, 'learning_rate': 0.01652652094105388, 'colsample_bytree': 0.5152547020833234, 'subsample': 0.6924883910017897, 'alpha': 0.017177859607353616, 'lambda': 0.00028745070064780537, 'gamma': 0.37711576187896295, 'min_child_weight': 14.589394171456838}. Best is trial 87 with value: 1.6135035983096295.[0m
[32m[I 2023-01-22 12:34:03,709][0m Trial 90 finished with value: 9.655556977186464 and parameters: {'max_depth': 12, 'learning_rate': 0.01317631566454948, 'colsample_bytree': 0.47308069371848116, 'subsample': 0.7036861368480001, 'alpha': 0.012343613412778977, 'lambda': 0.0012515833942827513, 'gamma': 0.1555290961269009, 'min_child_weight': 56.40487993576182}. Best is trial 87 with value: 1.6135035983096295.[0m
[32m[I 2023-01-22 12:34:27,126][0m Trial 91 finished with value: 1.661524934684757 and parameters: {'max_depth': 12, 'learning_rate': 0.01542791971273222, 'colsample_bytree': 0.5422051899038516, 'subsample': 0.7238647633268858, 'alpha': 0.018534365993879868, 'lambda': 0.0006064231406950271, 'gamma': 0.6641380099584964, 'min_child_weight': 11.282161231039963}. Best is trial 87 with value: 1.6135035983096295.[0m
[32m[I 2023-01-22 12:34:53,736][0m Trial 92 finished with value: 1.6709398780405302 and parameters: {'max_depth': 12, 'learning_rate': 0.014393249538976029, 'colsample_bytree': 0.5522087029738395, 'subsample': 0.7445883941897297, 'alpha': 0.013532116109488233, 'lambda': 0.00015753153569964974, 'gamma': 1.0170002456876508, 'min_child_weight': 10.385171377651853}. Best is trial 87 with value: 1.6135035983096295.[0m
[32m[I 2023-01-22 12:35:19,715][0m Trial 93 finished with value: 1.7950907202709814 and parameters: {'max_depth': 12, 'learning_rate': 0.017901192805531423, 'colsample_bytree': 0.5796395524807995, 'subsample': 0.7584770505783078, 'alpha': 0.011185545874422215, 'lambda': 5.129634545270679e-05, 'gamma': 3.6664554593012277, 'min_child_weight': 10.053489833636364}. Best is trial 87 with value: 1.6135035983096295.[0m
[32m[I 2023-01-22 12:35:55,748][0m Trial 94 finished with value: 1.6641440512789683 and parameters: {'max_depth': 11, 'learning_rate': 0.011301256612838043, 'colsample_bytree': 0.5346907446810568, 'subsample': 0.7153274908645717, 'alpha': 0.015272211108602171, 'lambda': 0.0026915212002726605, 'gamma': 1.5315875563094996, 'min_child_weight': 12.694383980400708}. Best is trial 87 with value: 1.6135035983096295.[0m
[32m[I 2023-01-22 12:37:33,860][0m Trial 95 finished with value: 1.6752151576297318 and parameters: {'max_depth': 12, 'learning_rate': 0.02131108342659535, 'colsample_bytree': 0.5625640624153251, 'subsample': 0.6662236358462436, 'alpha': 0.03944733251969077, 'lambda': 0.00010272768356138928, 'gamma': 0.06633299356934234, 'min_child_weight': 11.398904219739812}. Best is trial 87 with value: 1.6135035983096295.[0m
[32m[I 2023-01-22 12:37:57,553][0m Trial 96 finished with value: 2.00296511469189 and parameters: {'max_depth': 6, 'learning_rate': 0.010590319731113204, 'colsample_bytree': 0.4956362816577279, 'subsample': 0.6481057911518483, 'alpha': 0.020226919668268176, 'lambda': 1.2452827592769141e-05, 'gamma': 0.001815291165853979, 'min_child_weight': 15.274244842357245}. Best is trial 87 with value: 1.6135035983096295.[0m
[32m[I 2023-01-22 12:38:18,738][0m Trial 97 finished with value: 2.0615887478871313 and parameters: {'max_depth': 12, 'learning_rate': 0.009700316480007628, 'colsample_bytree': 0.42760096292817923, 'subsample': 0.6964864007619158, 'alpha': 0.2053404285269087, 'lambda': 2.491679255553519e-05, 'gamma': 4.099397587951837e-06, 'min_child_weight': 16.869587280992892}. Best is trial 87 with value: 1.6135035983096295.[0m
[32m[I 2023-01-22 12:38:28,771][0m Trial 98 finished with value: 2.0288511378675413 and parameters: {'max_depth': 12, 'learning_rate': 0.02994721447778997, 'colsample_bytree': 0.5242897807247502, 'subsample': 0.7246005659299078, 'alpha': 0.027769464292060966, 'lambda': 0.0007067721675376585, 'gamma': 8.210494052730256, 'min_child_weight': 13.591817691136239}. Best is trial 87 with value: 1.6135035983096295.[0m
[32m[I 2023-01-22 12:39:04,643][0m Trial 99 finished with value: 1.7558596621935618 and parameters: {'max_depth': 11, 'learning_rate': 0.011770018929408594, 'colsample_bytree': 0.4035434555754659, 'subsample': 0.6786180171743579, 'alpha': 0.1128368226886179, 'lambda': 0.00038299267806131957, 'gamma': 0.015947544554024463, 'min_child_weight': 12.188030579235544}. Best is trial 87 with value: 1.6135035983096295.[0m
Uploaded file from /Users/kevinmaikjablonka/git/kjappelbaum/gptchem/experiments/04_regression/polymers/out/20230122_113333/train.jsonl: file-S7rOU8R9J7BSrKbuhmO6FAHB
Ran train size 50 and got MAE 2.4032799999999996, baseline 1.9279330340476863
Upload progress:   0%|          | 0.00/23.7k [00:00<?, ?it/s]Upload progress: 100%|██████████| 23.7k/23.7k [00:00<00:00, 6.38Mit/s]
2023-01-22 12:39:08.105 | DEBUG    | gptchem.tuner:tune:186 - Requested fine tuning. {
  "created_at": 1674387550,
  "events": [
    {
      "created_at": 1674387550,
      "level": "info",
      "message": "Created fine-tune: ft-xISJroH8aZ6GVcSFIxAcbv3z",
      "object": "fine-tune-event"
    }
  ],
  "fine_tuned_model": null,
  "hyperparams": {
    "batch_size": null,
    "learning_rate_multiplier": 0.02,
    "n_epochs": 8,
    "prompt_loss_weight": 0.01
  },
  "id": "ft-xISJroH8aZ6GVcSFIxAcbv3z",
  "model": "ada",
  "object": "fine-tune",
  "organization_id": "org-TFRJXw3PPQocOWbu71eI2t9U",
  "result_files": [],
  "status": "pending",
  "training_files": [
    {
      "bytes": 23724,
      "created_at": 1674387549,
      "filename": "/Users/kevinmaikjablonka/git/kjappelbaum/gptchem/experiments/04_regression/polymers/out/20230122_123905/train.jsonl",
      "id": "file-B1mx8bo3xSjwpDLQK5NTeiFg",
      "object": "file",
      "purpose": "fine-tune",
      "status": "uploaded",
      "status_details": null
    }
  ],
  "updated_at": 1674387550,
  "validation_files": []
}
2023-01-22 12:39:09.636 | DEBUG    | gptchem.tuner:get_ft_model_name:29 - Fine tuning status: pending
2023-01-22 12:41:11.484 | DEBUG    | gptchem.tuner:get_ft_model_name:29 - Fine tuning status: pending
2023-01-22 12:43:12.743 | DEBUG    | gptchem.tuner:get_ft_model_name:29 - Fine tuning status: pending
2023-01-22 12:45:19.521 | DEBUG    | gptchem.tuner:get_ft_model_name:29 - Fine tuning status: pending
2023-01-22 12:47:20.079 | DEBUG    | gptchem.tuner:get_ft_model_name:29 - Fine tuning status: pending
2023-01-22 12:49:21.380 | DEBUG    | gptchem.tuner:get_ft_model_name:29 - Fine tuning status: pending
2023-01-22 12:51:22.034 | DEBUG    | gptchem.tuner:get_ft_model_name:29 - Fine tuning status: pending
2023-01-22 12:53:22.618 | DEBUG    | gptchem.tuner:get_ft_model_name:29 - Fine tuning status: pending
2023-01-22 12:55:24.186 | DEBUG    | gptchem.tuner:get_ft_model_name:29 - Fine tuning status: pending
2023-01-22 12:57:24.967 | DEBUG    | gptchem.tuner:get_ft_model_name:29 - Fine tuning status: pending
2023-01-22 12:59:26.092 | DEBUG    | gptchem.tuner:get_ft_model_name:29 - Fine tuning status: running
2023-01-22 13:01:26.859 | DEBUG    | gptchem.tuner:get_ft_model_name:29 - Fine tuning status: succeeded
2023-01-22 13:01:26.864 | DEBUG    | gptchem.tuner:tune:202 - Fine tuning completed. {'base_model': 'ada', 'batch_size': None, 'n_epochs': 8, 'learning_rate_multiplier': 0.02, 'run_name': None, 'wandb_sync': False, 'outdir': '/Users/kevinmaikjablonka/git/kjappelbaum/gptchem/experiments/04_regression/polymers/out/20230122_123905', 'train_filename': '/Users/kevinmaikjablonka/git/kjappelbaum/gptchem/experiments/04_regression/polymers/out/20230122_123905/train.jsonl', 'valid_filename': 'None', 'model_name': 'ada:ft-lsmoepfl-2023-01-22-12-01-13', 'ft_id': 'ft-xISJroH8aZ6GVcSFIxAcbv3z', 'date': '20230122_130126', 'train_file_id': 'file-B1mx8bo3xSjwpDLQK5NTeiFg', 'valid_file_id': None}
[32m[I 2023-01-22 13:01:34,024][0m A new study created in memory with name: no-name-a8837de5-9d63-4103-9956-bd03bb965f2b[0m
[32m[I 2023-01-22 13:01:34,616][0m Trial 0 finished with value: 163.50873511411126 and parameters: {'max_depth': 7, 'learning_rate': 0.044635901521768134, 'colsample_bytree': 0.49279757672456204, 'subsample': 0.6394633936788147, 'alpha': 0.02938027938703535, 'lambda': 2.5348407664333426e-07, 'gamma': 3.3323645788192616e-08, 'min_child_weight': 539.948440978743}. Best is trial 0 with value: 163.50873511411126.[0m
[32m[I 2023-01-22 13:02:04,768][0m Trial 1 finished with value: 2.2623095949096643 and parameters: {'max_depth': 9, 'learning_rate': 0.025529516046973785, 'colsample_bytree': 0.20823379771832098, 'subsample': 0.7879639408647978, 'alpha': 3.142880890840109, 'lambda': 8.148018307012941e-07, 'gamma': 4.329370014459266e-07, 'min_child_weight': 23.270677083837796}. Best is trial 1 with value: 2.2623095949096643.[0m
[32m[I 2023-01-22 13:02:10,784][0m Trial 2 finished with value: 8.936715988155232 and parameters: {'max_depth': 6, 'learning_rate': 0.016738881542579662, 'colsample_bytree': 0.3727780074568463, 'subsample': 0.5164916560792168, 'alpha': 0.6847920095574779, 'lambda': 1.8007140198129195e-07, 'gamma': 4.258943089524393e-06, 'min_child_weight': 54.041038546473274}. Best is trial 1 with value: 2.2623095949096643.[0m
[32m[I 2023-01-22 13:03:12,102][0m Trial 3 finished with value: 1.831387395876542 and parameters: {'max_depth': 8, 'learning_rate': 0.030489195547657565, 'colsample_bytree': 0.2798695128633439, 'subsample': 0.6056937753654447, 'alpha': 0.59874749104614, 'lambda': 2.6185068507773707e-08, 'gamma': 0.0029369981104377003, 'min_child_weight': 21.93048555664369}. Best is trial 3 with value: 1.831387395876542.[0m
[32m[I 2023-01-22 13:03:13,928][0m Trial 4 finished with value: 8.966390876827678 and parameters: {'max_depth': 4, 'learning_rate': 0.044448339535094646, 'colsample_bytree': 0.5862528132298237, 'subsample': 0.7233589392465845, 'alpha': 0.08200518402245831, 'lambda': 7.569183361880229e-08, 'gamma': 0.014391207615728067, 'min_child_weight': 75.91104805282696}. Best is trial 3 with value: 1.831387395876542.[0m
[32m[I 2023-01-22 13:03:21,988][0m Trial 5 finished with value: 9.029985763398363 and parameters: {'max_depth': 5, 'learning_rate': 0.015636765183901856, 'colsample_bytree': 0.21375540844608737, 'subsample': 0.7637281608315128, 'alpha': 0.059750279999602945, 'lambda': 0.009176996354542699, 'gamma': 6.388511557344611e-06, 'min_child_weight': 109.68217207529523}. Best is trial 3 with value: 1.831387395876542.[0m
[32m[I 2023-01-22 13:03:25,390][0m Trial 6 finished with value: 163.50873511411126 and parameters: {'max_depth': 8, 'learning_rate': 0.007652872182750091, 'colsample_bytree': 0.5878338511058234, 'subsample': 0.7100531293444459, 'alpha': 6.58410616012161, 'lambda': 1.1309571585271483, 'gamma': 0.002404915432737351, 'min_child_weight': 697.8281265126028}. Best is trial 3 with value: 1.831387395876542.[0m
[32m[I 2023-01-22 13:03:33,736][0m Trial 7 finished with value: 9.007315404642158 and parameters: {'max_depth': 4, 'learning_rate': 0.007851504189403358, 'colsample_bytree': 0.21809091556421523, 'subsample': 0.5301321323053058, 'alpha': 0.14656553886225335, 'lambda': 2.7678419414850017e-06, 'gamma': 0.28749982347407854, 'min_child_weight': 51.70191786366991}. Best is trial 3 with value: 1.831387395876542.[0m
[32m[I 2023-01-22 13:04:29,010][0m Trial 8 finished with value: 2.1038352340704574 and parameters: {'max_depth': 6, 'learning_rate': 0.017444803725696106, 'colsample_bytree': 0.25636968998990506, 'subsample': 0.7208787923016159, 'alpha': 0.01673601016782578, 'lambda': 7.620481786158549, 'gamma': 0.08916674715636537, 'min_child_weight': 24.97073714505272}. Best is trial 3 with value: 1.831387395876542.[0m
[32m[I 2023-01-22 13:05:03,227][0m Trial 9 finished with value: 1.5294036341231696 and parameters: {'max_depth': 4, 'learning_rate': 0.03269124292259021, 'colsample_bytree': 0.48274293753904685, 'subsample': 0.691602867216395, 'alpha': 2.059733535743719, 'lambda': 4.638759594322625e-08, 'gamma': 1.683416412018213e-05, 'min_child_weight': 17.050539260269293}. Best is trial 9 with value: 1.5294036341231696.[0m
