[32m[I 2023-01-22 02:58:42,967][0m Trial 32 finished with value: 1.6579945064084658 and parameters: {'max_depth': 11, 'learning_rate': 0.037401331875489795, 'colsample_bytree': 0.25056486059837835, 'subsample': 0.5943550178519406, 'alpha': 0.25729335816634086, 'lambda': 0.0008898761926311158, 'gamma': 0.0008067440067772033, 'min_child_weight': 14.295038192276685}. Best is trial 17 with value: 1.5547635311525692.[0m
[32m[I 2023-01-22 02:58:55,830][0m Trial 33 finished with value: 1.595816780144941 and parameters: {'max_depth': 9, 'learning_rate': 0.02460562714826115, 'colsample_bytree': 0.39677330771750463, 'subsample': 0.5561459136711892, 'alpha': 0.7050676431350774, 'lambda': 1.0151927438594268e-06, 'gamma': 6.188575721971627e-05, 'min_child_weight': 13.93843014976089}. Best is trial 17 with value: 1.5547635311525692.[0m
[32m[I 2023-01-22 02:59:00,419][0m Trial 34 finished with value: 2.453984962130682 and parameters: {'max_depth': 12, 'learning_rate': 0.03415829173240936, 'colsample_bytree': 0.3512199576657245, 'subsample': 0.5179911607436771, 'alpha': 0.48279182198607473, 'lambda': 0.0570320697148253, 'gamma': 1.1194148476966826e-05, 'min_child_weight': 22.885539450680735}. Best is trial 17 with value: 1.5547635311525692.[0m
[32m[I 2023-01-22 02:59:07,610][0m Trial 35 finished with value: 2.1685609797962906 and parameters: {'max_depth': 10, 'learning_rate': 0.031029366913741363, 'colsample_bytree': 0.29476660378968883, 'subsample': 0.4876417350588805, 'alpha': 0.7831057009505541, 'lambda': 0.9200250551533847, 'gamma': 0.002559091491404948, 'min_child_weight': 19.20395472604112}. Best is trial 17 with value: 1.5547635311525692.[0m
[32m[I 2023-01-22 02:59:24,819][0m Trial 36 finished with value: 1.682695666231401 and parameters: {'max_depth': 8, 'learning_rate': 0.048856132513382916, 'colsample_bytree': 0.2627237347065496, 'subsample': 0.605045684199904, 'alpha': 1.4113048784270446, 'lambda': 0.01150128858740172, 'gamma': 0.03910260706256676, 'min_child_weight': 10.0210692184566}. Best is trial 17 with value: 1.5547635311525692.[0m
[32m[I 2023-01-22 02:59:32,843][0m Trial 37 finished with value: 1.5447060268836155 and parameters: {'max_depth': 11, 'learning_rate': 0.043047188752407345, 'colsample_bytree': 0.38031334351011337, 'subsample': 0.5378438501439334, 'alpha': 0.3538891396384786, 'lambda': 0.001322362793536383, 'gamma': 4.151939015806639e-06, 'min_child_weight': 14.388068173025115}. Best is trial 37 with value: 1.5447060268836155.[0m
[32m[I 2023-01-22 02:59:35,430][0m Trial 38 finished with value: 9.231620129779811 and parameters: {'max_depth': 10, 'learning_rate': 0.01865868575581686, 'colsample_bytree': 0.3848748805106872, 'subsample': 0.5359000021883354, 'alpha': 0.4619107543779911, 'lambda': 0.001183923748653422, 'gamma': 3.393919865398472e-06, 'min_child_weight': 76.60240320125064}. Best is trial 37 with value: 1.5447060268836155.[0m
[32m[I 2023-01-22 02:59:44,585][0m Trial 39 finished with value: 1.52816981606272 and parameters: {'max_depth': 9, 'learning_rate': 0.04383329508928636, 'colsample_bytree': 0.37300089175798196, 'subsample': 0.5148099632834406, 'alpha': 0.3642364243513117, 'lambda': 1.3612599666990253e-05, 'gamma': 1.2399574731203697e-06, 'min_child_weight': 14.09074367833115}. Best is trial 39 with value: 1.52816981606272.[0m
[32m[I 2023-01-22 02:59:47,791][0m Trial 40 finished with value: 5.075390509605558 and parameters: {'max_depth': 9, 'learning_rate': 0.04386121519021876, 'colsample_bytree': 0.5532899040953572, 'subsample': 0.5116086632721352, 'alpha': 0.7970765978223432, 'lambda': 1.8079378298538924e-07, 'gamma': 4.974556081969297e-07, 'min_child_weight': 43.70658874222334}. Best is trial 39 with value: 1.52816981606272.[0m
[32m[I 2023-01-22 02:59:57,020][0m Trial 41 finished with value: 1.595677102557325 and parameters: {'max_depth': 8, 'learning_rate': 0.04122552902160105, 'colsample_bytree': 0.3728881535713251, 'subsample': 0.5231376820276734, 'alpha': 0.38955240050144024, 'lambda': 1.502214941778498e-06, 'gamma': 1.1510783212467264e-06, 'min_child_weight': 13.832238103077655}. Best is trial 39 with value: 1.52816981606272.[0m
[32m[I 2023-01-22 03:00:05,334][0m Trial 42 finished with value: 1.9286017083434293 and parameters: {'max_depth': 9, 'learning_rate': 0.03343261517333757, 'colsample_bytree': 0.3958437801322417, 'subsample': 0.5450244676152862, 'alpha': 0.6312205200792043, 'lambda': 1.5424835664424232e-05, 'gamma': 4.42993050097585e-06, 'min_child_weight': 21.074255561421488}. Best is trial 39 with value: 1.52816981606272.[0m
[32m[I 2023-01-22 03:00:18,350][0m Trial 43 finished with value: 1.5083497536623434 and parameters: {'max_depth': 11, 'learning_rate': 0.029102369994948214, 'colsample_bytree': 0.4355560148961886, 'subsample': 0.5758412369766799, 'alpha': 0.13663807187771118, 'lambda': 3.969706758575633e-07, 'gamma': 5.917530012498602e-07, 'min_child_weight': 14.946981930350868}. Best is trial 43 with value: 1.5083497536623434.[0m
[32m[I 2023-01-22 03:00:24,843][0m Trial 44 finished with value: 2.2454380338976465 and parameters: {'max_depth': 10, 'learning_rate': 0.028753028065625647, 'colsample_bytree': 0.4452983250643435, 'subsample': 0.6672113500722915, 'alpha': 0.10830428516781017, 'lambda': 3.5175975802176757e-06, 'gamma': 4.4978373352329354e-08, 'min_child_weight': 27.666840920415705}. Best is trial 43 with value: 1.5083497536623434.[0m
[32m[I 2023-01-22 03:00:32,376][0m Trial 45 finished with value: 1.6145525314278533 and parameters: {'max_depth': 9, 'learning_rate': 0.046242497598316216, 'colsample_bytree': 0.49021894939646865, 'subsample': 0.6220282035080793, 'alpha': 0.0527508890056636, 'lambda': 2.68855932139675e-07, 'gamma': 3.798288052870414e-07, 'min_child_weight': 16.109505025523262}. Best is trial 43 with value: 1.5083497536623434.[0m
[32m[I 2023-01-22 03:00:44,125][0m Trial 46 finished with value: 1.5514570469737214 and parameters: {'max_depth': 8, 'learning_rate': 0.041664804925754265, 'colsample_bytree': 0.4672278610722656, 'subsample': 0.5887120957585975, 'alpha': 0.13680066021419315, 'lambda': 3.999290687796863e-07, 'gamma': 9.868791087039359e-06, 'min_child_weight': 13.114840512618265}. Best is trial 43 with value: 1.5083497536623434.[0m
[32m[I 2023-01-22 03:00:44,931][0m Trial 47 finished with value: 155.18647292638306 and parameters: {'max_depth': 6, 'learning_rate': 0.006100325089087759, 'colsample_bytree': 0.4741133798248579, 'subsample': 0.7724631470429347, 'alpha': 0.11387640215679778, 'lambda': 3.7744212183675943e-07, 'gamma': 7.449587817911177e-07, 'min_child_weight': 974.1006954424017}. Best is trial 43 with value: 1.5083497536623434.[0m
[32m[I 2023-01-22 03:00:54,925][0m Trial 48 finished with value: 2.0383166748697823 and parameters: {'max_depth': 8, 'learning_rate': 0.024879955850158158, 'colsample_bytree': 0.5064810771614032, 'subsample': 0.5828201583825804, 'alpha': 0.07730976880491933, 'lambda': 8.493622356570018e-08, 'gamma': 4.817717949782415e-06, 'min_child_weight': 23.080690485291925}. Best is trial 43 with value: 1.5083497536623434.[0m
[32m[I 2023-01-22 03:04:33,974][0m Trial 49 finished with value: 1.5068017035637737 and parameters: {'max_depth': 7, 'learning_rate': 0.015660496668361393, 'colsample_bytree': 0.4409840195253201, 'subsample': 0.6056774850398432, 'alpha': 0.0369125692906025, 'lambda': 5.947468571887895e-07, 'gamma': 1.9891992698002938e-07, 'min_child_weight': 12.651901197166964}. Best is trial 49 with value: 1.5068017035637737.[0m
[32m[I 2023-01-22 03:07:42,509][0m Trial 50 finished with value: 2.3865565273928824 and parameters: {'max_depth': 6, 'learning_rate': 0.04293959882480156, 'colsample_bytree': 0.4407810409394931, 'subsample': 0.6795717209621119, 'alpha': 0.02105462905675597, 'lambda': 5.244409043059507e-07, 'gamma': 1.0987030703787578e-08, 'min_child_weight': 28.204966274099885}. Best is trial 49 with value: 1.5068017035637737.[0m
[32m[I 2023-01-22 03:11:19,428][0m Trial 51 finished with value: 1.6031516055393276 and parameters: {'max_depth': 7, 'learning_rate': 0.015849398472156807, 'colsample_bytree': 0.4660334709253272, 'subsample': 0.5988232226279586, 'alpha': 0.15929312993887698, 'lambda': 2.2388790003731196e-06, 'gamma': 2.0511313815283038e-07, 'min_child_weight': 13.481150473189755}. Best is trial 49 with value: 1.5068017035637737.[0m
[32m[I 2023-01-22 03:27:21,906][0m Trial 52 finished with value: 1.5648358805266678 and parameters: {'max_depth': 5, 'learning_rate': 0.013815082351807775, 'colsample_bytree': 0.41456464623965616, 'subsample': 0.6361679339533061, 'alpha': 0.01073432278055273, 'lambda': 7.583871954368899e-08, 'gamma': 5.264049123922259e-08, 'min_child_weight': 12.17156959930527}. Best is trial 49 with value: 1.5068017035637737.[0m
[32m[I 2023-01-22 03:27:39,320][0m Trial 53 finished with value: 1.6185558208479862 and parameters: {'max_depth': 7, 'learning_rate': 0.017190039664698793, 'colsample_bytree': 0.42741565489549416, 'subsample': 0.610297102192664, 'alpha': 0.22331030368536373, 'lambda': 8.741065216690015e-05, 'gamma': 7.358826626875736e-06, 'min_child_weight': 16.686882249827132}. Best is trial 49 with value: 1.5068017035637737.[0m
[32m[I 2023-01-22 03:28:14,568][0m Trial 54 finished with value: 1.5380130804475018 and parameters: {'max_depth': 8, 'learning_rate': 0.010016349949434587, 'colsample_bytree': 0.36608289011663914, 'subsample': 0.5836315968839111, 'alpha': 0.04594914687758241, 'lambda': 6.133638871915259e-06, 'gamma': 1.277617271465871e-07, 'min_child_weight': 12.423167652891005}. Best is trial 49 with value: 1.5068017035637737.[0m
[32m[I 2023-01-22 03:28:43,839][0m Trial 55 finished with value: 1.8674230992481413 and parameters: {'max_depth': 7, 'learning_rate': 0.008044613926623798, 'colsample_bytree': 0.3625484614994746, 'subsample': 0.5842898053843724, 'alpha': 0.040063069411250415, 'lambda': 3.8105822054975346e-06, 'gamma': 1.065465536299887e-07, 'min_child_weight': 21.379656876155483}. Best is trial 49 with value: 1.5068017035637737.[0m
[32m[I 2023-01-22 03:29:13,771][0m Trial 56 finished with value: 1.582563696457947 and parameters: {'max_depth': 8, 'learning_rate': 0.009948643794943045, 'colsample_bytree': 0.32859231237669057, 'subsample': 0.6358022343107369, 'alpha': 0.03136744476098292, 'lambda': 5.666810453863549e-07, 'gamma': 2.3995396638445566e-08, 'min_child_weight': 15.606861726824473}. Best is trial 49 with value: 1.5068017035637737.[0m
[32m[I 2023-01-22 03:29:20,214][0m Trial 57 finished with value: 1.5766827628524998 and parameters: {'max_depth': 7, 'learning_rate': 0.04076653763977647, 'colsample_bytree': 0.5072772939292621, 'subsample': 0.5773555083578799, 'alpha': 0.07010299401728967, 'lambda': 3.483826287191866e-08, 'gamma': 2.987424585527537e-07, 'min_child_weight': 12.345180979872161}. Best is trial 49 with value: 1.5068017035637737.[0m
[32m[I 2023-01-22 03:29:49,535][0m Trial 58 finished with value: 1.6581650995253354 and parameters: {'max_depth': 8, 'learning_rate': 0.010801637553720005, 'colsample_bytree': 0.37598763552313513, 'subsample': 0.5941348870775474, 'alpha': 0.017912215422965398, 'lambda': 2.4568043926616186e-05, 'gamma': 6.322272311454696e-07, 'min_child_weight': 19.875433923698996}. Best is trial 49 with value: 1.5068017035637737.[0m
[32m[I 2023-01-22 03:46:39,938][0m Trial 59 finished with value: 1.6593813813044087 and parameters: {'max_depth': 5, 'learning_rate': 0.006596479817925771, 'colsample_bytree': 0.3495991289436744, 'subsample': 0.6523000212958364, 'alpha': 0.03997141403238197, 'lambda': 1.2058650263127122e-07, 'gamma': 0.8980992068116261, 'min_child_weight': 12.002162863446637}. Best is trial 49 with value: 1.5068017035637737.[0m
[32m[I 2023-01-22 03:48:00,250][0m Trial 60 finished with value: 3.2243799523644254 and parameters: {'max_depth': 12, 'learning_rate': 0.02652444621197947, 'colsample_bytree': 0.45326391964533946, 'subsample': 0.614900980875513, 'alpha': 0.09318765627087726, 'lambda': 6.430554207333461e-06, 'gamma': 1.1646308348287446e-07, 'min_child_weight': 42.81433796613339}. Best is trial 49 with value: 1.5068017035637737.[0m
[32m[I 2023-01-22 03:49:01,807][0m Trial 61 finished with value: 1.557737705290394 and parameters: {'max_depth': 11, 'learning_rate': 0.012274581044697195, 'colsample_bytree': 0.4158399784939143, 'subsample': 0.5665982522287433, 'alpha': 0.3138761117327064, 'lambda': 1.3506508172141495e-05, 'gamma': 1.409742544087184e-06, 'min_child_weight': 11.872390120815107}. Best is trial 49 with value: 1.5068017035637737.[0m
[32m[I 2023-01-22 03:49:56,604][0m Trial 62 finished with value: 1.6321112861180105 and parameters: {'max_depth': 8, 'learning_rate': 0.012954528103319084, 'colsample_bytree': 0.4330607886434593, 'subsample': 0.5278612878305213, 'alpha': 0.13493931635474615, 'lambda': 1.1433242321624592e-06, 'gamma': 2.364201423588933e-06, 'min_child_weight': 17.567999270908608}. Best is trial 49 with value: 1.5068017035637737.[0m
[32m[I 2023-01-22 03:50:49,780][0m Trial 63 finished with value: 1.5152919343293025 and parameters: {'max_depth': 11, 'learning_rate': 0.015347603566244905, 'colsample_bytree': 0.4036657635044756, 'subsample': 0.5470912758246721, 'alpha': 0.18662557297497978, 'lambda': 6.552558120120722e-05, 'gamma': 3.192522824043399e-05, 'min_child_weight': 14.62551678146159}. Best is trial 49 with value: 1.5068017035637737.[0m
[32m[I 2023-01-22 03:51:32,374][0m Trial 64 finished with value: 1.6334118643192863 and parameters: {'max_depth': 12, 'learning_rate': 0.019156375165316025, 'colsample_bytree': 0.38378454682712065, 'subsample': 0.5467008310764084, 'alpha': 0.19735310968569778, 'lambda': 0.00015066711501552903, 'gamma': 1.0597101470992474e-05, 'min_child_weight': 15.380791306169746}. Best is trial 49 with value: 1.5068017035637737.[0m
[32m[I 2023-01-22 03:52:12,097][0m Trial 65 finished with value: 2.9113630553595455 and parameters: {'max_depth': 11, 'learning_rate': 0.015128924750015132, 'colsample_bytree': 0.4763429014465488, 'subsample': 0.48879878265574916, 'alpha': 0.011599683213819724, 'lambda': 5.793201152076852e-05, 'gamma': 3.1284989529910615e-05, 'min_child_weight': 25.4828855886888}. Best is trial 49 with value: 1.5068017035637737.[0m
[32m[I 2023-01-22 03:52:20,378][0m Trial 66 finished with value: 2.1823137135829773 and parameters: {'max_depth': 12, 'learning_rate': 0.04712932291608173, 'colsample_bytree': 0.35915798269916177, 'subsample': 0.46939818064606653, 'alpha': 0.13355725288272458, 'lambda': 2.297485953936902e-06, 'gamma': 0.00011508915177062854, 'min_child_weight': 18.34829968977627}. Best is trial 49 with value: 1.5068017035637737.[0m
[32m[I 2023-01-22 03:53:14,346][0m Trial 67 finished with value: 3.060005946022314 and parameters: {'max_depth': 6, 'learning_rate': 0.008901579234492496, 'colsample_bytree': 0.4030435188150926, 'subsample': 0.563031707382894, 'alpha': 0.06399523969279261, 'lambda': 3.714040735732791e-05, 'gamma': 9.187461444334771e-07, 'min_child_weight': 30.8715826608866}. Best is trial 49 with value: 1.5068017035637737.[0m
[32m[I 2023-01-22 03:55:22,354][0m Trial 68 finished with value: 1.5748812493416549 and parameters: {'max_depth': 11, 'learning_rate': 0.03466824481143276, 'colsample_bytree': 0.45368877844316646, 'subsample': 0.5113642129267438, 'alpha': 0.02663370043073925, 'lambda': 1.582593514959277e-08, 'gamma': 2.4187866795310592e-08, 'min_child_weight': 14.161025018195458}. Best is trial 49 with value: 1.5068017035637737.[0m
[32m[I 2023-01-22 03:55:28,925][0m Trial 69 finished with value: 9.20495469126475 and parameters: {'max_depth': 10, 'learning_rate': 0.01784606519478492, 'colsample_bytree': 0.3162534674737888, 'subsample': 0.54298208051312, 'alpha': 0.3337529681193682, 'lambda': 4.9785729164360116e-06, 'gamma': 2.255230386791273e-05, 'min_child_weight': 67.23872882585714}. Best is trial 49 with value: 1.5068017035637737.[0m
[32m[I 2023-01-22 03:56:30,297][0m Trial 70 finished with value: 1.5036457451633314 and parameters: {'max_depth': 6, 'learning_rate': 0.020557043407282732, 'colsample_bytree': 0.5346794985007993, 'subsample': 0.591840154157343, 'alpha': 0.09262505403453787, 'lambda': 0.0001963795807280145, 'gamma': 2.22354314898706e-07, 'min_child_weight': 11.82037877203474}. Best is trial 70 with value: 1.5036457451633314.[0m
[32m[I 2023-01-22 03:57:18,665][0m Trial 71 finished with value: 1.4983116519628528 and parameters: {'max_depth': 6, 'learning_rate': 0.02066018521667121, 'colsample_bytree': 0.573808148631166, 'subsample': 0.5939350176157971, 'alpha': 0.17360518809515282, 'lambda': 0.00018813826771784417, 'gamma': 2.244681871596992e-07, 'min_child_weight': 11.798147948484687}. Best is trial 71 with value: 1.4983116519628528.[0m
[32m[I 2023-01-22 03:57:20,388][0m Trial 72 finished with value: 155.18647292638306 and parameters: {'max_depth': 6, 'learning_rate': 0.023233753110198582, 'colsample_bytree': 0.5564006628587398, 'subsample': 0.6078205698050927, 'alpha': 0.0958625937690623, 'lambda': 0.000761674977794765, 'gamma': 2.3778828184996019e-07, 'min_child_weight': 136.14318866155776}. Best is trial 71 with value: 1.4983116519628528.[0m
[32m[I 2023-01-22 03:58:02,113][0m Trial 73 finished with value: 1.4893783402664778 and parameters: {'max_depth': 6, 'learning_rate': 0.02006181950469742, 'colsample_bytree': 0.5760659715212733, 'subsample': 0.628226167594551, 'alpha': 0.18923968125844867, 'lambda': 0.00014887926708717097, 'gamma': 6.727421088410275e-08, 'min_child_weight': 11.655885899858516}. Best is trial 73 with value: 1.4893783402664778.[0m
[32m[I 2023-01-22 03:58:52,034][0m Trial 74 finished with value: 1.494451347919402 and parameters: {'max_depth': 6, 'learning_rate': 0.020946519817954642, 'colsample_bytree': 0.5999331906370355, 'subsample': 0.6282875181128571, 'alpha': 0.17600924338662355, 'lambda': 0.00019728006457198842, 'gamma': 7.880329941518762e-08, 'min_child_weight': 11.378296812270541}. Best is trial 73 with value: 1.4893783402664778.[0m
[32m[I 2023-01-22 03:59:24,245][0m Trial 75 finished with value: 1.495226651267115 and parameters: {'max_depth': 6, 'learning_rate': 0.02098480179337507, 'colsample_bytree': 0.5800002675796236, 'subsample': 0.6233981838179564, 'alpha': 0.18363985876236, 'lambda': 0.00016747451022066132, 'gamma': 7.229714584879778e-08, 'min_child_weight': 11.838889641635172}. Best is trial 73 with value: 1.4893783402664778.[0m
[32m[I 2023-01-22 04:00:11,501][0m Trial 76 finished with value: 1.49285523885154 and parameters: {'max_depth': 6, 'learning_rate': 0.020279419762910797, 'colsample_bytree': 0.5900801794526433, 'subsample': 0.6278063028192558, 'alpha': 0.17676915830332088, 'lambda': 0.00021314168199276998, 'gamma': 5.246853581860642e-08, 'min_child_weight': 11.313650413765826}. Best is trial 73 with value: 1.4893783402664778.[0m
[32m[I 2023-01-22 04:00:39,288][0m Trial 77 finished with value: 1.5006770782761671 and parameters: {'max_depth': 6, 'learning_rate': 0.020491602940780236, 'colsample_bytree': 0.5986111782770082, 'subsample': 0.6282178105731226, 'alpha': 0.26754258612528864, 'lambda': 0.0002036844018988375, 'gamma': 6.893459402718735e-08, 'min_child_weight': 10.89458443519959}. Best is trial 73 with value: 1.4893783402664778.[0m
[32m[I 2023-01-22 04:01:55,431][0m Trial 78 finished with value: 1.5037253533727921 and parameters: {'max_depth': 6, 'learning_rate': 0.020429219012847725, 'colsample_bytree': 0.5984344941963166, 'subsample': 0.6272263390186521, 'alpha': 0.17314704103184958, 'lambda': 0.0002102357801294077, 'gamma': 7.040333113916538e-08, 'min_child_weight': 10.821545437852713}. Best is trial 73 with value: 1.4893783402664778.[0m
[32m[I 2023-01-22 04:02:56,950][0m Trial 79 finished with value: 1.4832372853700606 and parameters: {'max_depth': 5, 'learning_rate': 0.020424251607320913, 'colsample_bytree': 0.5970085385557682, 'subsample': 0.7018134419083716, 'alpha': 0.2777017950059074, 'lambda': 0.0002341682434965555, 'gamma': 2.6779808274622965e-08, 'min_child_weight': 11.436136057609358}. Best is trial 79 with value: 1.4832372853700606.[0m
[32m[I 2023-01-22 04:03:58,811][0m Trial 80 finished with value: 1.473887562540833 and parameters: {'max_depth': 5, 'learning_rate': 0.020823685782472255, 'colsample_bytree': 0.5716525442408054, 'subsample': 0.7363086526871667, 'alpha': 0.23969457585000017, 'lambda': 0.0004925435647740206, 'gamma': 3.023717235642694e-08, 'min_child_weight': 11.114330519868188}. Best is trial 80 with value: 1.473887562540833.[0m
[32m[I 2023-01-22 04:04:42,136][0m Trial 81 finished with value: 1.520283857496638 and parameters: {'max_depth': 5, 'learning_rate': 0.02046306777081346, 'colsample_bytree': 0.5715121555407161, 'subsample': 0.7291193979563073, 'alpha': 0.27998078931241915, 'lambda': 0.0006285384644385214, 'gamma': 2.8957830479084137e-08, 'min_child_weight': 11.391604598844895}. Best is trial 80 with value: 1.473887562540833.[0m
[32m[I 2023-01-22 04:05:51,602][0m Trial 82 finished with value: 1.510628126001592 and parameters: {'max_depth': 5, 'learning_rate': 0.021325774933223157, 'colsample_bytree': 0.5805162989354293, 'subsample': 0.74769341886524, 'alpha': 0.24488549853248573, 'lambda': 0.00023566960440654135, 'gamma': 1.062404730049532e-08, 'min_child_weight': 11.277877111747141}. Best is trial 80 with value: 1.473887562540833.[0m
[32m[I 2023-01-22 04:06:42,557][0m Trial 83 finished with value: 1.5215009596293985 and parameters: {'max_depth': 4, 'learning_rate': 0.022980038473091727, 'colsample_bytree': 0.5405281864879823, 'subsample': 0.7029789170746532, 'alpha': 0.20013674171657683, 'lambda': 0.000503051135060237, 'gamma': 4.096103476880512e-08, 'min_child_weight': 11.01322720383637}. Best is trial 80 with value: 1.473887562540833.[0m
