[32m[I 2023-01-22 02:33:17,250][0m Trial 35 finished with value: 9.332745020895763 and parameters: {'max_depth': 10, 'learning_rate': 0.018714948104411763, 'colsample_bytree': 0.5506409481223352, 'subsample': 0.53123664117787, 'alpha': 2.970991459646738, 'lambda': 0.007960280466416671, 'gamma': 9.867410349099956, 'min_child_weight': 35.9897098125816}. Best is trial 25 with value: 2.7222005592578915.[0m
[32m[I 2023-01-22 02:33:21,829][0m Trial 36 finished with value: 3.4690492818452108 and parameters: {'max_depth': 9, 'learning_rate': 0.026601772857421397, 'colsample_bytree': 0.4243227601280261, 'subsample': 0.47688561962465426, 'alpha': 0.2662844283856239, 'lambda': 0.8224019937938039, 'gamma': 0.011214688917580035, 'min_child_weight': 10.02078445705804}. Best is trial 25 with value: 2.7222005592578915.[0m
[32m[I 2023-01-22 02:33:22,546][0m Trial 37 finished with value: 153.76639361213833 and parameters: {'max_depth': 12, 'learning_rate': 0.023323544167019022, 'colsample_bytree': 0.5264052652050335, 'subsample': 0.5826982787393343, 'alpha': 0.17299851154512202, 'lambda': 0.002651392007948462, 'gamma': 0.34512190398646186, 'min_child_weight': 70.42038401100157}. Best is trial 25 with value: 2.7222005592578915.[0m
[32m[I 2023-01-22 02:33:27,104][0m Trial 38 finished with value: 4.731994704712318 and parameters: {'max_depth': 11, 'learning_rate': 0.016030641529535646, 'colsample_bytree': 0.5755309704565673, 'subsample': 0.5065914979987196, 'alpha': 0.500958651772058, 'lambda': 0.08067465044762942, 'gamma': 1.4886206361805874, 'min_child_weight': 18.325806895883}. Best is trial 25 with value: 2.7222005592578915.[0m
[32m[I 2023-01-22 02:33:32,032][0m Trial 39 finished with value: 8.673313856747871 and parameters: {'max_depth': 9, 'learning_rate': 0.009087297510063415, 'colsample_bytree': 0.4690234781078266, 'subsample': 0.6516930124862679, 'alpha': 0.11790225666773156, 'lambda': 2.2943898260107198e-07, 'gamma': 0.00544710851481396, 'min_child_weight': 29.132757926710145}. Best is trial 25 with value: 2.7222005592578915.[0m
[32m[I 2023-01-22 02:33:43,854][0m Trial 40 finished with value: 3.0493877051612586 and parameters: {'max_depth': 8, 'learning_rate': 0.030033002271289834, 'colsample_bytree': 0.4984941009511025, 'subsample': 0.7927493507948469, 'alpha': 0.871131726829446, 'lambda': 9.099205118563537, 'gamma': 0.028364838618081707, 'min_child_weight': 13.41937054411445}. Best is trial 25 with value: 2.7222005592578915.[0m
[32m[I 2023-01-22 02:33:50,144][0m Trial 41 finished with value: 2.9146252422920873 and parameters: {'max_depth': 8, 'learning_rate': 0.04293910134499375, 'colsample_bytree': 0.5047788525439123, 'subsample': 0.7809022498963496, 'alpha': 0.8791924416383985, 'lambda': 7.620120804557934, 'gamma': 0.0233754477401198, 'min_child_weight': 12.823480254887608}. Best is trial 25 with value: 2.7222005592578915.[0m
[32m[I 2023-01-22 02:33:59,395][0m Trial 42 finished with value: 2.9577470631618596 and parameters: {'max_depth': 8, 'learning_rate': 0.045283386323695274, 'colsample_bytree': 0.495300798411957, 'subsample': 0.780475136241359, 'alpha': 0.6389454160484891, 'lambda': 8.830620981076112, 'gamma': 0.07805673115019982, 'min_child_weight': 13.207100523392276}. Best is trial 25 with value: 2.7222005592578915.[0m
[32m[I 2023-01-22 02:34:02,725][0m Trial 43 finished with value: 4.458395020808732 and parameters: {'max_depth': 7, 'learning_rate': 0.04678815147776943, 'colsample_bytree': 0.5428117260259121, 'subsample': 0.7968177119233903, 'alpha': 1.4161424437313652, 'lambda': 9.931074721325254, 'gamma': 0.0017602447052048515, 'min_child_weight': 20.74656805002366}. Best is trial 25 with value: 2.7222005592578915.[0m
[32m[I 2023-01-22 02:34:14,011][0m Trial 44 finished with value: 2.7579460739068096 and parameters: {'max_depth': 6, 'learning_rate': 0.039442100019792425, 'colsample_bytree': 0.46149290960004136, 'subsample': 0.7762603468724752, 'alpha': 0.010100666579199846, 'lambda': 3.723450077645194, 'gamma': 0.09695400146967323, 'min_child_weight': 13.324775863215757}. Best is trial 25 with value: 2.7222005592578915.[0m
[32m[I 2023-01-22 02:34:21,599][0m Trial 45 finished with value: 2.671794339911581 and parameters: {'max_depth': 6, 'learning_rate': 0.04277981778941054, 'colsample_bytree': 0.4388685251919449, 'subsample': 0.7767589554512648, 'alpha': 0.01682898386763163, 'lambda': 3.09325436801537, 'gamma': 0.0685654465260948, 'min_child_weight': 13.385401279757582}. Best is trial 45 with value: 2.671794339911581.[0m
[32m[I 2023-01-22 02:34:28,579][0m Trial 46 finished with value: 2.7227459836257992 and parameters: {'max_depth': 6, 'learning_rate': 0.040100595412523574, 'colsample_bytree': 0.4498237916622759, 'subsample': 0.7643309908483701, 'alpha': 0.012139388198671767, 'lambda': 2.4011678020535525, 'gamma': 0.1000459321274438, 'min_child_weight': 13.10826349618282}. Best is trial 45 with value: 2.671794339911581.[0m
[32m[I 2023-01-22 02:34:31,732][0m Trial 47 finished with value: 4.158767744795632 and parameters: {'max_depth': 6, 'learning_rate': 0.03953958390222332, 'colsample_bytree': 0.39661381978605603, 'subsample': 0.7604750830357695, 'alpha': 0.010311057928008323, 'lambda': 1.371474290450296, 'gamma': 0.0005066461950124409, 'min_child_weight': 19.802982036205773}. Best is trial 45 with value: 2.671794339911581.[0m
[32m[I 2023-01-22 02:34:34,298][0m Trial 48 finished with value: 4.715696205019724 and parameters: {'max_depth': 5, 'learning_rate': 0.03963261950454928, 'colsample_bytree': 0.4398363398950803, 'subsample': 0.7408723102102109, 'alpha': 0.02170993559281993, 'lambda': 2.6918590743076365, 'gamma': 0.34254117203412426, 'min_child_weight': 25.729370173342165}. Best is trial 45 with value: 2.671794339911581.[0m
[32m[I 2023-01-22 02:34:35,738][0m Trial 49 finished with value: 9.382545696817028 and parameters: {'max_depth': 5, 'learning_rate': 0.034643335916426196, 'colsample_bytree': 0.3769097290241633, 'subsample': 0.776917157492434, 'alpha': 0.01136237178259123, 'lambda': 2.3218604041904705, 'gamma': 0.11214294840968014, 'min_child_weight': 44.76651962550869}. Best is trial 45 with value: 2.671794339911581.[0m
[32m[I 2023-01-22 02:34:46,496][0m Trial 50 finished with value: 2.3769809805419815 and parameters: {'max_depth': 6, 'learning_rate': 0.04860375928060929, 'colsample_bytree': 0.45705343335336873, 'subsample': 0.7278243032827697, 'alpha': 0.015764971133326235, 'lambda': 0.487918680616596, 'gamma': 0.004022436754150298, 'min_child_weight': 12.819446225145251}. Best is trial 50 with value: 2.3769809805419815.[0m
[32m[I 2023-01-22 02:34:52,672][0m Trial 51 finished with value: 2.4445592473041997 and parameters: {'max_depth': 6, 'learning_rate': 0.04875583943446118, 'colsample_bytree': 0.45774841268332067, 'subsample': 0.7409381528995636, 'alpha': 0.01719442206849599, 'lambda': 0.49214368585939056, 'gamma': 0.004576303274644716, 'min_child_weight': 13.353947689542457}. Best is trial 50 with value: 2.3769809805419815.[0m
[32m[I 2023-01-22 02:34:57,674][0m Trial 52 finished with value: 3.1862093919469814 and parameters: {'max_depth': 6, 'learning_rate': 0.04990679520712522, 'colsample_bytree': 0.4374868150650095, 'subsample': 0.733764407368981, 'alpha': 0.01551875911902019, 'lambda': 0.5237329765210534, 'gamma': 0.0022027144652149977, 'min_child_weight': 14.633680177911573}. Best is trial 50 with value: 2.3769809805419815.[0m
[32m[I 2023-01-22 02:35:03,704][0m Trial 53 finished with value: 2.856763946642964 and parameters: {'max_depth': 6, 'learning_rate': 0.04997381978573259, 'colsample_bytree': 0.459964821781402, 'subsample': 0.7177685279239133, 'alpha': 0.024142758054938644, 'lambda': 3.354685051117353, 'gamma': 0.007483529277417878, 'min_child_weight': 12.538699864750226}. Best is trial 50 with value: 2.3769809805419815.[0m
[32m[I 2023-01-22 02:35:09,375][0m Trial 54 finished with value: 3.6588060077347664 and parameters: {'max_depth': 6, 'learning_rate': 0.036142099641893556, 'colsample_bytree': 0.4700460105146589, 'subsample': 0.7627377140029277, 'alpha': 0.049278729204893, 'lambda': 0.5493529658382169, 'gamma': 0.0031738798254926253, 'min_child_weight': 17.72595061465023}. Best is trial 50 with value: 2.3769809805419815.[0m
[32m[I 2023-01-22 02:35:09,994][0m Trial 55 finished with value: 153.76639361213833 and parameters: {'max_depth': 5, 'learning_rate': 0.04141097427864265, 'colsample_bytree': 0.4109628247647852, 'subsample': 0.7015201473993518, 'alpha': 0.03480373442241989, 'lambda': 1.963595785175507, 'gamma': 0.060613441637545874, 'min_child_weight': 451.7075544395247}. Best is trial 50 with value: 2.3769809805419815.[0m
[32m[I 2023-01-22 02:35:16,648][0m Trial 56 finished with value: 4.59665427549623 and parameters: {'max_depth': 4, 'learning_rate': 0.03172560858176765, 'colsample_bytree': 0.45349278858775743, 'subsample': 0.7398143055788551, 'alpha': 0.014536448215958429, 'lambda': 0.1532962521891868, 'gamma': 0.0010685506202251964, 'min_child_weight': 23.778600228429948}. Best is trial 50 with value: 2.3769809805419815.[0m
[32m[I 2023-01-22 02:35:19,789][0m Trial 57 finished with value: 4.558770974161601 and parameters: {'max_depth': 7, 'learning_rate': 0.036937378381994436, 'colsample_bytree': 0.4287214983234151, 'subsample': 0.7525226045456825, 'alpha': 0.021854168023282296, 'lambda': 0.014860681271070349, 'gamma': 0.012640573755987436, 'min_child_weight': 28.600169548388923}. Best is trial 50 with value: 2.3769809805419815.[0m
[32m[I 2023-01-22 02:35:20,196][0m Trial 58 finished with value: 153.76639361213833 and parameters: {'max_depth': 7, 'learning_rate': 0.043718344845636206, 'colsample_bytree': 0.37929613392844586, 'subsample': 0.7687500410458111, 'alpha': 0.02831249225598705, 'lambda': 4.207408533899816, 'gamma': 1.0669236481032613e-06, 'min_child_weight': 818.9405920800928}. Best is trial 50 with value: 2.3769809805419815.[0m
[32m[I 2023-01-22 02:35:28,757][0m Trial 59 finished with value: 2.4095029005527677 and parameters: {'max_depth': 6, 'learning_rate': 0.046621558558435916, 'colsample_bytree': 0.40652103928146704, 'subsample': 0.7272301383233972, 'alpha': 0.01365237712642511, 'lambda': 0.6170951242916182, 'gamma': 0.004699672034682724, 'min_child_weight': 12.064261283814547}. Best is trial 50 with value: 2.3769809805419815.[0m
[32m[I 2023-01-22 02:35:36,414][0m Trial 60 finished with value: 2.4864985066749337 and parameters: {'max_depth': 5, 'learning_rate': 0.0464266405339888, 'colsample_bytree': 0.3347607399032111, 'subsample': 0.6859481631109535, 'alpha': 0.06400308951842167, 'lambda': 0.6293062574823706, 'gamma': 0.00022537466205792332, 'min_child_weight': 11.531965653749623}. Best is trial 50 with value: 2.3769809805419815.[0m
[32m[I 2023-01-22 02:35:47,680][0m Trial 61 finished with value: 2.441289627324834 and parameters: {'max_depth': 5, 'learning_rate': 0.047683600747258484, 'colsample_bytree': 0.3309346963155906, 'subsample': 0.6811902297630006, 'alpha': 0.01783423890685027, 'lambda': 0.5185346250199694, 'gamma': 0.00015665063409503027, 'min_child_weight': 11.66034333609289}. Best is trial 50 with value: 2.3769809805419815.[0m
[32m[I 2023-01-22 02:35:55,348][0m Trial 62 finished with value: 2.3862218929705383 and parameters: {'max_depth': 5, 'learning_rate': 0.04758044981124674, 'colsample_bytree': 0.30883418066314844, 'subsample': 0.7078969560680616, 'alpha': 0.06744278516370236, 'lambda': 0.5076925937239656, 'gamma': 0.00011495829024501798, 'min_child_weight': 11.822911013522894}. Best is trial 50 with value: 2.3769809805419815.[0m
[32m[I 2023-01-22 02:36:02,807][0m Trial 63 finished with value: 2.466555871386862 and parameters: {'max_depth': 5, 'learning_rate': 0.0467865696183289, 'colsample_bytree': 0.30237830113434216, 'subsample': 0.6746874554644129, 'alpha': 0.07534632057141141, 'lambda': 0.4414076951994259, 'gamma': 3.9552547789260855e-05, 'min_child_weight': 11.833038274144473}. Best is trial 50 with value: 2.3769809805419815.[0m
[32m[I 2023-01-22 02:36:05,866][0m Trial 64 finished with value: 3.8285977397250974 and parameters: {'max_depth': 5, 'learning_rate': 0.04688759910927176, 'colsample_bytree': 0.2951083426287301, 'subsample': 0.6810783213089426, 'alpha': 0.0688388949860686, 'lambda': 0.5111028842728893, 'gamma': 2.6061325312575282e-05, 'min_child_weight': 16.187717304686004}. Best is trial 50 with value: 2.3769809805419815.[0m
[32m[I 2023-01-22 02:36:16,316][0m Trial 65 finished with value: 2.399656686067236 and parameters: {'max_depth': 4, 'learning_rate': 0.04780853256543086, 'colsample_bytree': 0.3104619982296941, 'subsample': 0.7110029129245815, 'alpha': 0.056678478218965996, 'lambda': 0.2454226010409521, 'gamma': 0.00017417316663256196, 'min_child_weight': 11.555641168646659}. Best is trial 50 with value: 2.3769809805419815.[0m
[32m[I 2023-01-22 02:36:19,428][0m Trial 66 finished with value: 4.142334139197357 and parameters: {'max_depth': 4, 'learning_rate': 0.04966202846707362, 'colsample_bytree': 0.2762869736618271, 'subsample': 0.7086374035860038, 'alpha': 0.0393356789938743, 'lambda': 0.2679098729924602, 'gamma': 0.00010763275977452054, 'min_child_weight': 18.439492559333654}. Best is trial 50 with value: 2.3769809805419815.[0m
[32m[I 2023-01-22 02:36:19,884][0m Trial 67 finished with value: 153.76639361213833 and parameters: {'max_depth': 4, 'learning_rate': 0.03360707292022355, 'colsample_bytree': 0.30927141337579744, 'subsample': 0.725580791183751, 'alpha': 0.09798345020063334, 'lambda': 0.030686042567632164, 'gamma': 1.0244016893089121e-05, 'min_child_weight': 147.2151612187788}. Best is trial 50 with value: 2.3769809805419815.[0m
[32m[I 2023-01-22 02:36:26,437][0m Trial 68 finished with value: 3.7134537323323733 and parameters: {'max_depth': 4, 'learning_rate': 0.03699550373724968, 'colsample_bytree': 0.263572475855863, 'subsample': 0.6679483966642616, 'alpha': 0.04921119637513437, 'lambda': 0.1503288938757229, 'gamma': 4.037941558354484e-05, 'min_child_weight': 15.386485140657907}. Best is trial 50 with value: 2.3769809805419815.[0m
[32m[I 2023-01-22 02:36:34,899][0m Trial 69 finished with value: 2.554393215446249 and parameters: {'max_depth': 5, 'learning_rate': 0.04454746584429518, 'colsample_bytree': 0.24349950782008445, 'subsample': 0.6997221296770447, 'alpha': 0.029715035037842837, 'lambda': 1.0446703714509038, 'gamma': 0.0005874900533103892, 'min_child_weight': 11.429200534627308}. Best is trial 50 with value: 2.3769809805419815.[0m
[32m[I 2023-01-22 02:36:35,446][0m Trial 70 finished with value: 153.76639361213833 and parameters: {'max_depth': 5, 'learning_rate': 0.0471439175835297, 'colsample_bytree': 0.32014339689593596, 'subsample': 0.6153388593741277, 'alpha': 0.02050615689619231, 'lambda': 0.30132221309927476, 'gamma': 0.00014495633706526962, 'min_child_weight': 285.9725009351338}. Best is trial 50 with value: 2.3769809805419815.[0m
[32m[I 2023-01-22 02:36:44,826][0m Trial 71 finished with value: 2.5644995100701586 and parameters: {'max_depth': 5, 'learning_rate': 0.046389237177600934, 'colsample_bytree': 0.34992390638003656, 'subsample': 0.6845915810340553, 'alpha': 0.06739212548290101, 'lambda': 0.5016674378298946, 'gamma': 0.00023294733840169556, 'min_child_weight': 11.326434362553439}. Best is trial 50 with value: 2.3769809805419815.[0m
[32m[I 2023-01-22 02:36:50,056][0m Trial 72 finished with value: 3.6309367828633414 and parameters: {'max_depth': 4, 'learning_rate': 0.042940301122403206, 'colsample_bytree': 0.34169814505914564, 'subsample': 0.7171170104349369, 'alpha': 0.053879268356091206, 'lambda': 1.097727000327919, 'gamma': 5.389580979358509e-05, 'min_child_weight': 15.027710173219099}. Best is trial 50 with value: 2.3769809805419815.[0m
[32m[I 2023-01-22 02:36:58,832][0m Trial 73 finished with value: 2.404861521079406 and parameters: {'max_depth': 5, 'learning_rate': 0.03748604965329799, 'colsample_bytree': 0.2987009996641658, 'subsample': 0.6891536863185385, 'alpha': 0.12075360894840984, 'lambda': 0.0782475341451619, 'gamma': 0.00031687749561943733, 'min_child_weight': 11.536109684236889}. Best is trial 50 with value: 2.3769809805419815.[0m
[32m[I 2023-01-22 02:37:07,634][0m Trial 74 finished with value: 2.401394761076998 and parameters: {'max_depth': 5, 'learning_rate': 0.037451585468264686, 'colsample_bytree': 0.30386416694931995, 'subsample': 0.7294271615004827, 'alpha': 0.12832273499522373, 'lambda': 0.10640462949741289, 'gamma': 2.2064975900247506e-06, 'min_child_weight': 11.648871625432497}. Best is trial 50 with value: 2.3769809805419815.[0m
[32m[I 2023-01-22 02:37:13,989][0m Trial 75 finished with value: 3.753864882411502 and parameters: {'max_depth': 4, 'learning_rate': 0.03749441088008053, 'colsample_bytree': 0.28938141133470796, 'subsample': 0.7351741414975765, 'alpha': 0.12635417362709278, 'lambda': 0.12080759757533326, 'gamma': 2.57855003405964e-06, 'min_child_weight': 17.74437493531243}. Best is trial 50 with value: 2.3769809805419815.[0m
[32m[I 2023-01-22 02:37:19,926][0m Trial 76 finished with value: 3.631719323597472 and parameters: {'max_depth': 6, 'learning_rate': 0.030556467529278084, 'colsample_bytree': 0.2380770620346217, 'subsample': 0.7090302986610768, 'alpha': 0.2058842860172121, 'lambda': 0.051097929946624654, 'gamma': 9.729885775665174e-08, 'min_child_weight': 15.270754695646374}. Best is trial 50 with value: 2.3769809805419815.[0m
[32m[I 2023-01-22 02:37:26,397][0m Trial 77 finished with value: 2.7591711882345242 and parameters: {'max_depth': 5, 'learning_rate': 0.041490157839335504, 'colsample_bytree': 0.3169990123222038, 'subsample': 0.6442764103134898, 'alpha': 0.018604739136136965, 'lambda': 0.018853339702154037, 'gamma': 0.0037259165341196657, 'min_child_weight': 11.255538568664093}. Best is trial 50 with value: 2.3769809805419815.[0m
[32m[I 2023-01-22 02:37:32,259][0m Trial 78 finished with value: 4.703786714759794 and parameters: {'max_depth': 4, 'learning_rate': 0.0352593800488934, 'colsample_bytree': 0.2797657869040592, 'subsample': 0.7477485005056672, 'alpha': 0.013296896778064735, 'lambda': 0.18554005738263654, 'gamma': 1.1880309913619229e-05, 'min_child_weight': 22.018716061192084}. Best is trial 50 with value: 2.3769809805419815.[0m
[32m[I 2023-01-22 02:37:33,423][0m Trial 79 finished with value: 138.98415767836647 and parameters: {'max_depth': 6, 'learning_rate': 0.027502872782828182, 'colsample_bytree': 0.3630237622910501, 'subsample': 0.7259910669881733, 'alpha': 0.027509210396671924, 'lambda': 0.004263072892325734, 'gamma': 0.0011399007139547583, 'min_child_weight': 69.95382041668097}. Best is trial 50 with value: 2.3769809805419815.[0m
[32m[I 2023-01-22 02:37:38,359][0m Trial 80 finished with value: 3.4031225478205256 and parameters: {'max_depth': 5, 'learning_rate': 0.041568115474041295, 'colsample_bytree': 0.3253561690692415, 'subsample': 0.6950883307609891, 'alpha': 0.09017453996260368, 'lambda': 0.05967765004144629, 'gamma': 0.0003152139594147882, 'min_child_weight': 14.61009275754522}. Best is trial 50 with value: 2.3769809805419815.[0m
[32m[I 2023-01-22 02:37:48,758][0m Trial 81 finished with value: 2.487677573949229 and parameters: {'max_depth': 5, 'learning_rate': 0.04714715447748085, 'colsample_bytree': 0.3038399699770907, 'subsample': 0.6661551872282501, 'alpha': 0.1718059775863486, 'lambda': 0.3180509411407385, 'gamma': 9.168643752388637e-05, 'min_child_weight': 11.770176888165146}. Best is trial 50 with value: 2.3769809805419815.[0m
[32m[I 2023-01-22 02:37:59,417][0m Trial 82 finished with value: 2.549832729880606 and parameters: {'max_depth': 5, 'learning_rate': 0.04441759372293153, 'colsample_bytree': 0.2681556802969369, 'subsample': 0.7101077966218227, 'alpha': 0.11202537755802192, 'lambda': 1.4762470984718314, 'gamma': 0.0006049586932439123, 'min_child_weight': 11.39522119983812}. Best is trial 50 with value: 2.3769809805419815.[0m
[32m[I 2023-01-22 02:38:01,561][0m Trial 83 finished with value: 4.154625814901815 and parameters: {'max_depth': 4, 'learning_rate': 0.04918992466562096, 'colsample_bytree': 0.31046420837905586, 'subsample': 0.7284682637274208, 'alpha': 0.04121161711950151, 'lambda': 0.09657781848201359, 'gamma': 2.8679948282577494e-05, 'min_child_weight': 19.377301000101802}. Best is trial 50 with value: 2.3769809805419815.[0m
[32m[I 2023-01-22 02:38:05,129][0m Trial 84 finished with value: 3.860115673828992 and parameters: {'max_depth': 6, 'learning_rate': 0.03820596288702535, 'colsample_bytree': 0.29871407168058284, 'subsample': 0.6897614559704115, 'alpha': 0.08005472835714086, 'lambda': 0.22370845342079254, 'gamma': 5.847691215112443e-05, 'min_child_weight': 16.68391894780833}. Best is trial 50 with value: 2.3769809805419815.[0m
[32m[I 2023-01-22 02:38:22,308][0m Trial 85 finished with value: 2.368180284316918 and parameters: {'max_depth': 5, 'learning_rate': 0.032274132539768366, 'colsample_bytree': 0.33672248113957765, 'subsample': 0.6593078050323093, 'alpha': 0.07250179843948848, 'lambda': 0.7190472636354308, 'gamma': 4.24485432831226e-06, 'min_child_weight': 10.654480570530225}. Best is trial 85 with value: 2.368180284316918.[0m
[32m[I 2023-01-22 02:38:34,451][0m Trial 86 finished with value: 2.4017651228572126 and parameters: {'max_depth': 6, 'learning_rate': 0.03179048606029674, 'colsample_bytree': 0.38829921584149074, 'subsample': 0.654590784489945, 'alpha': 0.03329025533505977, 'lambda': 0.7957849992968653, 'gamma': 3.063579440973664e-07, 'min_child_weight': 10.73049411490909}. Best is trial 85 with value: 2.368180284316918.[0m
