[32m[I 2023-01-22 16:07:42,054][0m Trial 6 finished with value: 163.8313656710806 and parameters: {'max_depth': 8, 'learning_rate': 0.007652872182750091, 'colsample_bytree': 0.5878338511058234, 'subsample': 0.7100531293444459, 'alpha': 6.58410616012161, 'lambda': 1.1309571585271483, 'gamma': 0.002404915432737351, 'min_child_weight': 697.8281265126028}. Best is trial 3 with value: 1.4654899893743276.[0m
[32m[I 2023-01-22 16:09:56,781][0m Trial 7 finished with value: 1.9581881626913913 and parameters: {'max_depth': 4, 'learning_rate': 0.007851504189403358, 'colsample_bytree': 0.21809091556421523, 'subsample': 0.5301321323053058, 'alpha': 0.14656553886225335, 'lambda': 2.7678419414850017e-06, 'gamma': 0.28749982347407854, 'min_child_weight': 51.70191786366991}. Best is trial 3 with value: 1.4654899893743276.[0m
[32m[I 2023-01-22 16:14:02,116][0m Trial 8 finished with value: 1.7502204625836228 and parameters: {'max_depth': 6, 'learning_rate': 0.017444803725696106, 'colsample_bytree': 0.25636968998990506, 'subsample': 0.7208787923016159, 'alpha': 0.01673601016782578, 'lambda': 7.620481786158549, 'gamma': 0.08916674715636537, 'min_child_weight': 24.97073714505272}. Best is trial 3 with value: 1.4654899893743276.[0m
[32m[I 2023-01-22 16:16:11,905][0m Trial 9 finished with value: 1.360536196515342 and parameters: {'max_depth': 4, 'learning_rate': 0.03269124292259021, 'colsample_bytree': 0.48274293753904685, 'subsample': 0.691602867216395, 'alpha': 2.059733535743719, 'lambda': 4.638759594322625e-08, 'gamma': 1.683416412018213e-05, 'min_child_weight': 17.050539260269293}. Best is trial 9 with value: 1.360536196515342.[0m
[32m[I 2023-01-22 16:18:25,882][0m Trial 10 finished with value: 1.5584351311776188 and parameters: {'max_depth': 12, 'learning_rate': 0.005069524045190436, 'colsample_bytree': 0.4565821292831765, 'subsample': 0.4071847502459278, 'alpha': 1.8298457451823495, 'lambda': 5.9361246269484965e-05, 'gamma': 4.344469108550388, 'min_child_weight': 10.525161528906533}. Best is trial 9 with value: 1.360536196515342.[0m
[32m[I 2023-01-22 16:20:28,929][0m Trial 11 finished with value: 1.4291141581455642 and parameters: {'max_depth': 10, 'learning_rate': 0.028378851413387293, 'colsample_bytree': 0.3459574170642741, 'subsample': 0.6234098923117161, 'alpha': 0.5676566844633589, 'lambda': 2.1461579110414267e-08, 'gamma': 0.00013730750409712947, 'min_child_weight': 10.747331408482252}. Best is trial 9 with value: 1.360536196515342.[0m
[32m[I 2023-01-22 16:21:56,765][0m Trial 12 finished with value: 1.3373283707590766 and parameters: {'max_depth': 11, 'learning_rate': 0.02721560986968283, 'colsample_bytree': 0.36046032921182336, 'subsample': 0.656161023018213, 'alpha': 1.1413846633716924, 'lambda': 3.370089862219645e-05, 'gamma': 5.533029685493357e-05, 'min_child_weight': 12.354193768974362}. Best is trial 12 with value: 1.3373283707590766.[0m
[32m[I 2023-01-22 16:22:03,281][0m Trial 13 finished with value: 9.023973728182064 and parameters: {'max_depth': 12, 'learning_rate': 0.02442921116506017, 'colsample_bytree': 0.4810516598677164, 'subsample': 0.6695456595762009, 'alpha': 1.3545693462001642, 'lambda': 0.00012849617790740154, 'gamma': 8.773472263092482e-05, 'min_child_weight': 224.1428659980156}. Best is trial 12 with value: 1.3373283707590766.[0m
[32m[I 2023-01-22 16:22:28,266][0m Trial 14 finished with value: 1.7522341574617752 and parameters: {'max_depth': 10, 'learning_rate': 0.03684058411131118, 'colsample_bytree': 0.42134107570879065, 'subsample': 0.5287793721266961, 'alpha': 8.817924677399466, 'lambda': 0.00425867975126234, 'gamma': 2.950161433760236e-06, 'min_child_weight': 19.336592184609753}. Best is trial 12 with value: 1.3373283707590766.[0m
[32m[I 2023-01-22 16:23:26,141][0m Trial 15 finished with value: 1.5192257849251143 and parameters: {'max_depth': 11, 'learning_rate': 0.020540291259994386, 'colsample_bytree': 0.324670255806619, 'subsample': 0.56873520875109, 'alpha': 0.2413638042427383, 'lambda': 2.9143514037026034e-05, 'gamma': 6.364501631001885e-05, 'min_child_weight': 37.65464859034222}. Best is trial 12 with value: 1.3373283707590766.[0m
[32m[I 2023-01-22 16:23:38,704][0m Trial 16 finished with value: 9.124423090809533 and parameters: {'max_depth': 10, 'learning_rate': 0.011232894046987978, 'colsample_bytree': 0.5269175234235232, 'subsample': 0.6767538510130094, 'alpha': 3.265866135552147, 'lambda': 0.002486088269178337, 'gamma': 1.103217333805366e-08, 'min_child_weight': 190.0802228822254}. Best is trial 12 with value: 1.3373283707590766.[0m
[32m[I 2023-01-22 16:24:27,064][0m Trial 17 finished with value: 1.3990980340217625 and parameters: {'max_depth': 7, 'learning_rate': 0.034280158328283704, 'colsample_bytree': 0.42500514281013646, 'subsample': 0.47321320114017607, 'alpha': 1.4649960093796706, 'lambda': 7.145219050032285e-06, 'gamma': 0.0006532511018781774, 'min_child_weight': 15.519384356285581}. Best is trial 12 with value: 1.3373283707590766.[0m
[32m[I 2023-01-22 16:26:03,015][0m Trial 18 finished with value: 1.5366304202486956 and parameters: {'max_depth': 9, 'learning_rate': 0.012646354132163917, 'colsample_bytree': 0.5406069544760227, 'subsample': 0.6743189124742495, 'alpha': 4.489304051784436, 'lambda': 0.06892543442478337, 'gamma': 1.0389704538560438e-07, 'min_child_weight': 34.47783341211895}. Best is trial 12 with value: 1.3373283707590766.[0m
[32m[I 2023-01-22 16:26:11,551][0m Trial 19 finished with value: 8.9342746746787 and parameters: {'max_depth': 5, 'learning_rate': 0.021494746778009548, 'colsample_bytree': 0.40134667719595457, 'subsample': 0.5800855856262466, 'alpha': 0.28742120119567677, 'lambda': 0.0003259215963381846, 'gamma': 1.732862233938209e-05, 'min_child_weight': 126.34603782707948}. Best is trial 12 with value: 1.3373283707590766.[0m
[32m[I 2023-01-22 16:28:10,915][0m Trial 20 finished with value: 1.4379794034432998 and parameters: {'max_depth': 11, 'learning_rate': 0.048989731416977655, 'colsample_bytree': 0.31497757451431857, 'subsample': 0.751800318355228, 'alpha': 1.0674067045324647, 'lambda': 5.3174183476993314e-06, 'gamma': 4.219760011128724e-07, 'min_child_weight': 14.134508367166475}. Best is trial 12 with value: 1.3373283707590766.[0m
[32m[I 2023-01-22 16:28:40,307][0m Trial 21 finished with value: 1.3983015893507535 and parameters: {'max_depth': 7, 'learning_rate': 0.03337369537142399, 'colsample_bytree': 0.4378989200303851, 'subsample': 0.4327524619699702, 'alpha': 2.097802251709021, 'lambda': 3.981190113118325e-06, 'gamma': 0.00045307811702003715, 'min_child_weight': 14.473446822187645}. Best is trial 12 with value: 1.3373283707590766.[0m
[32m[I 2023-01-22 16:29:12,074][0m Trial 22 finished with value: 1.4305262027515144 and parameters: {'max_depth': 7, 'learning_rate': 0.03733467996282154, 'colsample_bytree': 0.45491449683313123, 'subsample': 0.40014399619282054, 'alpha': 2.5729718156183505, 'lambda': 6.944484473954168e-07, 'gamma': 0.0008122143214746055, 'min_child_weight': 10.013217380813957}. Best is trial 12 with value: 1.3373283707590766.[0m
[32m[I 2023-01-22 16:30:10,986][0m Trial 23 finished with value: 1.4680778559446725 and parameters: {'max_depth': 6, 'learning_rate': 0.03287358993200003, 'colsample_bytree': 0.3742324016438719, 'subsample': 0.4549612269166182, 'alpha': 0.8670214092788292, 'lambda': 0.0006018457084624835, 'gamma': 2.283166007645987e-05, 'min_child_weight': 28.62530301393792}. Best is trial 12 with value: 1.3373283707590766.[0m
[32m[I 2023-01-22 16:31:10,573][0m Trial 24 finished with value: 1.4969292866292545 and parameters: {'max_depth': 5, 'learning_rate': 0.02205027005828383, 'colsample_bytree': 0.5205925552573741, 'subsample': 0.6485161614734077, 'alpha': 4.902003351528743, 'lambda': 1.826583468649198e-05, 'gamma': 0.00581796628634372, 'min_child_weight': 15.666750261552552}. Best is trial 12 with value: 1.3373283707590766.[0m
[32m[I 2023-01-22 16:31:42,864][0m Trial 25 finished with value: 1.6348874722524323 and parameters: {'max_depth': 9, 'learning_rate': 0.0404054565143476, 'colsample_bytree': 0.44432494498387376, 'subsample': 0.565836702637975, 'alpha': 0.44423414112125953, 'lambda': 1.5544977737472474e-06, 'gamma': 8.24833150057588e-07, 'min_child_weight': 45.26519414320266}. Best is trial 12 with value: 1.3373283707590766.[0m
[32m[I 2023-01-22 16:33:08,315][0m Trial 26 finished with value: 1.3617766025954994 and parameters: {'max_depth': 4, 'learning_rate': 0.027325036305292805, 'colsample_bytree': 0.3805697138506613, 'subsample': 0.6961676665193169, 'alpha': 2.149133764825283, 'lambda': 1.0451892989215738e-07, 'gamma': 0.0005539202839193363, 'min_child_weight': 15.335224989793131}. Best is trial 12 with value: 1.3373283707590766.[0m
[32m[I 2023-01-22 16:34:03,995][0m Trial 27 finished with value: 1.9922714785782205 and parameters: {'max_depth': 4, 'learning_rate': 0.026999990487706182, 'colsample_bytree': 0.36995184521869817, 'subsample': 0.6993287730869777, 'alpha': 9.954075381680935, 'lambda': 1.3337610288168212e-08, 'gamma': 0.022386895692082867, 'min_child_weight': 71.36392111214496}. Best is trial 12 with value: 1.3373283707590766.[0m
[32m[I 2023-01-22 16:36:11,139][0m Trial 28 finished with value: 1.4822025163734525 and parameters: {'max_depth': 5, 'learning_rate': 0.01906739120793408, 'colsample_bytree': 0.3011265019717042, 'subsample': 0.7512410612610441, 'alpha': 0.9897463031618603, 'lambda': 9.32531388331909e-08, 'gamma': 3.359773562533469e-05, 'min_child_weight': 33.0406952444541}. Best is trial 12 with value: 1.3373283707590766.[0m
[32m[I 2023-01-22 16:38:11,438][0m Trial 29 finished with value: 1.3554339807496554 and parameters: {'max_depth': 4, 'learning_rate': 0.01381299725238122, 'colsample_bytree': 0.3957345900921218, 'subsample': 0.633708350041889, 'alpha': 0.16384066653703636, 'lambda': 3.149232986884863e-07, 'gamma': 1.3732553257198083e-06, 'min_child_weight': 17.36196141470141}. Best is trial 12 with value: 1.3373283707590766.[0m
[32m[I 2023-01-22 16:38:12,602][0m Trial 30 finished with value: 163.8313656710806 and parameters: {'max_depth': 11, 'learning_rate': 0.013150560552158703, 'colsample_bytree': 0.4874340180179562, 'subsample': 0.6371984519198631, 'alpha': 0.1751029961881728, 'lambda': 4.1603784721944626e-07, 'gamma': 1.2921398868966626e-07, 'min_child_weight': 417.4388561161353}. Best is trial 12 with value: 1.3373283707590766.[0m
[32m[I 2023-01-22 16:47:10,229][0m Trial 31 finished with value: 1.3633849243821967 and parameters: {'max_depth': 4, 'learning_rate': 0.009784958081950146, 'colsample_bytree': 0.392554793258186, 'subsample': 0.6184158632069396, 'alpha': 0.10012024577228186, 'lambda': 1.639222427919033e-07, 'gamma': 1.284670378926692e-06, 'min_child_weight': 19.019524218199173}. Best is trial 12 with value: 1.3373283707590766.[0m
[32m[I 2023-01-22 16:48:11,812][0m Trial 32 finished with value: 1.3954427951960455 and parameters: {'max_depth': 4, 'learning_rate': 0.024032024196873353, 'colsample_bytree': 0.34229489569844723, 'subsample': 0.6546152117888094, 'alpha': 0.3955977445870478, 'lambda': 4.9271683811306726e-08, 'gamma': 1.0292136467514198e-05, 'min_child_weight': 13.47695885695312}. Best is trial 12 with value: 1.3373283707590766.[0m
[32m[I 2023-01-22 16:51:17,288][0m Trial 33 finished with value: 1.3806777795950247 and parameters: {'max_depth': 5, 'learning_rate': 0.015046682341750224, 'colsample_bytree': 0.40748798285569676, 'subsample': 0.6869602261038897, 'alpha': 0.05113352284108881, 'lambda': 3.9350651619978156e-07, 'gamma': 0.00019094294777522022, 'min_child_weight': 24.159979907567532}. Best is trial 12 with value: 1.3373283707590766.[0m
[32m[I 2023-01-22 16:54:12,190][0m Trial 34 finished with value: 1.4279358786935716 and parameters: {'max_depth': 6, 'learning_rate': 0.026893043530708743, 'colsample_bytree': 0.3480365122200674, 'subsample': 0.7993986750197684, 'alpha': 3.35951231175596, 'lambda': 1.0685770720755313e-08, 'gamma': 1.7397252709665736e-07, 'min_child_weight': 18.606789125788605}. Best is trial 12 with value: 1.3373283707590766.[0m
[32m[I 2023-01-22 16:55:44,286][0m Trial 35 finished with value: 1.424241331037965 and parameters: {'max_depth': 4, 'learning_rate': 0.018825628025139384, 'colsample_bytree': 0.3838925165216943, 'subsample': 0.5890418939698575, 'alpha': 0.03241179181578679, 'lambda': 1.1282578287313244e-06, 'gamma': 1.4615194153244409e-06, 'min_child_weight': 27.160749758100774}. Best is trial 12 with value: 1.3373283707590766.[0m
[32m[I 2023-01-22 16:56:45,745][0m Trial 36 finished with value: 1.5571265665504985 and parameters: {'max_depth': 6, 'learning_rate': 0.04414137288244403, 'colsample_bytree': 0.2785985190193812, 'subsample': 0.605045684199904, 'alpha': 0.6725349218185553, 'lambda': 1.2990891558444888e-07, 'gamma': 5.308850118063535e-06, 'min_child_weight': 11.892468154745776}. Best is trial 12 with value: 1.3373283707590766.[0m
[32m[I 2023-01-22 16:58:26,719][0m Trial 37 finished with value: 1.3488193953847631 and parameters: {'max_depth': 5, 'learning_rate': 0.029591390245097146, 'colsample_bytree': 0.3605602130953725, 'subsample': 0.700496744786895, 'alpha': 1.488384787134997, 'lambda': 6.654543717963933e-08, 'gamma': 0.001154786834173386, 'min_child_weight': 18.975088941629103}. Best is trial 12 with value: 1.3373283707590766.[0m
[32m[I 2023-01-22 16:58:43,336][0m Trial 38 finished with value: 1.8499258174710473 and parameters: {'max_depth': 5, 'learning_rate': 0.031271807886046436, 'colsample_bytree': 0.3579467707211376, 'subsample': 0.7380824444264561, 'alpha': 0.2311104892809097, 'lambda': 4.894131013838512e-08, 'gamma': 0.0015004217676411254, 'min_child_weight': 70.63164327196601}. Best is trial 12 with value: 1.3373283707590766.[0m
[32m[I 2023-01-22 16:59:36,242][0m Trial 39 finished with value: 1.4856839640850097 and parameters: {'max_depth': 8, 'learning_rate': 0.015127535473318694, 'colsample_bytree': 0.5603177436876515, 'subsample': 0.7762325422857494, 'alpha': 0.11404376232681757, 'lambda': 0.05011413359751653, 'gamma': 3.6724771284953784e-08, 'min_child_weight': 44.31094041017476}. Best is trial 12 with value: 1.3373283707590766.[0m
[32m[I 2023-01-22 17:00:07,450][0m Trial 40 finished with value: 1.3869900746572088 and parameters: {'max_depth': 5, 'learning_rate': 0.03981847420896852, 'colsample_bytree': 0.4705586780453549, 'subsample': 0.6599477712399897, 'alpha': 1.422406939953218, 'lambda': 1.2893033639063613e-05, 'gamma': 3.866663755214331e-05, 'min_child_weight': 21.551710574707702}. Best is trial 12 with value: 1.3373283707590766.[0m
[32m[I 2023-01-22 17:00:32,812][0m Trial 41 finished with value: 1.4143972790473598 and parameters: {'max_depth': 4, 'learning_rate': 0.030169158879677308, 'colsample_bytree': 0.32635673356173817, 'subsample': 0.7005040370554069, 'alpha': 2.189993292194694, 'lambda': 2.484772018556688e-07, 'gamma': 0.0002651361683944076, 'min_child_weight': 17.123134438136756}. Best is trial 12 with value: 1.3373283707590766.[0m
[32m[I 2023-01-22 17:00:46,248][0m Trial 42 finished with value: 1.514598079743991 and parameters: {'max_depth': 4, 'learning_rate': 0.024799387524785093, 'colsample_bytree': 0.4049768306158585, 'subsample': 0.6307640517808368, 'alpha': 3.782756527102912, 'lambda': 3.30000942734614e-08, 'gamma': 0.007386495845043224, 'min_child_weight': 21.907981941623813}. Best is trial 12 with value: 1.3373283707590766.[0m
[32m[I 2023-01-22 17:01:15,613][0m Trial 43 finished with value: 1.5457842476860224 and parameters: {'max_depth': 4, 'learning_rate': 0.017460376844387625, 'colsample_bytree': 0.36906039492935805, 'subsample': 0.7110751041554348, 'alpha': 5.527731375415796, 'lambda': 1.0345540848947746e-06, 'gamma': 0.02842848844583134, 'min_child_weight': 11.109203483604896}. Best is trial 12 with value: 1.3373283707590766.[0m
[32m[I 2023-01-22 17:02:26,905][0m Trial 44 finished with value: 1.3768198755563823 and parameters: {'max_depth': 5, 'learning_rate': 0.009277796579002465, 'colsample_bytree': 0.28572952146688535, 'subsample': 0.7283243306974013, 'alpha': 0.010100666579199846, 'lambda': 7.250444923886107e-08, 'gamma': 0.0012385789362146515, 'min_child_weight': 13.160428409016733}. Best is trial 12 with value: 1.3373283707590766.[0m
[32m[I 2023-01-22 17:03:11,906][0m Trial 45 finished with value: 1.4486563053283938 and parameters: {'max_depth': 6, 'learning_rate': 0.02353304872411965, 'colsample_bytree': 0.4199842786044654, 'subsample': 0.6933073540001988, 'alpha': 0.47976866966367643, 'lambda': 2.214305251718464e-06, 'gamma': 9.722652164629969e-05, 'min_child_weight': 29.507519933863442}. Best is trial 12 with value: 1.3373283707590766.[0m
[32m[I 2023-01-22 17:04:02,628][0m Trial 46 finished with value: 1.3720937865242504 and parameters: {'max_depth': 4, 'learning_rate': 0.028329656095390652, 'colsample_bytree': 0.3388013070247563, 'subsample': 0.6485418729310988, 'alpha': 0.7348332732640395, 'lambda': 2.228626039004438e-08, 'gamma': 3.321305904146198e-06, 'min_child_weight': 16.814655681522755}. Best is trial 12 with value: 1.3373283707590766.[0m
[32m[I 2023-01-22 17:04:03,820][0m Trial 47 finished with value: 163.8313656710806 and parameters: {'max_depth': 5, 'learning_rate': 0.036198043976632475, 'colsample_bytree': 0.5087291312655413, 'subsample': 0.7181428895438263, 'alpha': 1.4451713355937161, 'lambda': 5.50321964218994e-05, 'gamma': 0.2749587595175785, 'min_child_weight': 974.1006954424017}. Best is trial 12 with value: 1.3373283707590766.[0m
[32m[I 2023-01-22 17:08:43,927][0m Trial 48 finished with value: 1.444576255354399 and parameters: {'max_depth': 8, 'learning_rate': 0.006541381179092805, 'colsample_bytree': 0.3865626352577487, 'subsample': 0.6803794842487546, 'alpha': 2.6161177668602837, 'lambda': 2.799855868514137e-07, 'gamma': 1.0233802136810389e-05, 'min_child_weight': 23.049733194645533}. Best is trial 12 with value: 1.3373283707590766.[0m
[32m[I 2023-01-22 17:13:10,068][0m Trial 49 finished with value: 1.4685816894476638 and parameters: {'max_depth': 4, 'learning_rate': 0.01352990150684413, 'colsample_bytree': 0.24601288421748788, 'subsample': 0.6651410741649818, 'alpha': 1.8724683809687286, 'lambda': 5.786886916818921e-07, 'gamma': 0.0024915023948579537, 'min_child_weight': 12.695280135363129}. Best is trial 12 with value: 1.3373283707590766.[0m
[32m[I 2023-01-22 17:13:45,391][0m Trial 50 finished with value: 1.7442386660940243 and parameters: {'max_depth': 12, 'learning_rate': 0.029136970626554893, 'colsample_bytree': 0.42948356443549107, 'subsample': 0.6197422653528898, 'alpha': 6.521995272204953, 'lambda': 1.1933625353369e-07, 'gamma': 0.0002546652478229421, 'min_child_weight': 54.51137200329645}. Best is trial 12 with value: 1.3373283707590766.[0m
[32m[I 2023-01-22 17:14:35,311][0m Trial 51 finished with value: 1.3706047552102354 and parameters: {'max_depth': 4, 'learning_rate': 0.01105591258575046, 'colsample_bytree': 0.39609243246873643, 'subsample': 0.6220755197995593, 'alpha': 0.11077306836924, 'lambda': 2.432908587969215e-07, 'gamma': 7.964377944743252e-07, 'min_child_weight': 20.074381795968193}. Best is trial 12 with value: 1.3373283707590766.[0m
[32m[I 2023-01-22 17:15:25,223][0m Trial 52 finished with value: 1.3650130230082436 and parameters: {'max_depth': 4, 'learning_rate': 0.009311194567479503, 'colsample_bytree': 0.36550823227262874, 'subsample': 0.6076991044432701, 'alpha': 0.07208693041131818, 'lambda': 2.432750746627756e-08, 'gamma': 2.7842301867481915e-07, 'min_child_weight': 18.091512967254232}. Best is trial 12 with value: 1.3373283707590766.[0m
[32m[I 2023-01-22 17:16:03,057][0m Trial 53 finished with value: 1.3452610511233023 and parameters: {'max_depth': 4, 'learning_rate': 0.01079363915637874, 'colsample_bytree': 0.38248927084014733, 'subsample': 0.6399856548776952, 'alpha': 0.1640959079200866, 'lambda': 1.622579756063875e-07, 'gamma': 1.6157983529341706e-06, 'min_child_weight': 10.076545223520828}. Best is trial 12 with value: 1.3373283707590766.[0m
[32m[I 2023-01-22 17:16:43,498][0m Trial 54 finished with value: 1.348764380798539 and parameters: {'max_depth': 5, 'learning_rate': 0.0074493141876121214, 'colsample_bytree': 0.41182369096769134, 'subsample': 0.6414555027275941, 'alpha': 0.15874112738545942, 'lambda': 1.0339530796270151e-08, 'gamma': 2.557515806003343e-06, 'min_child_weight': 10.169502362425439}. Best is trial 12 with value: 1.3373283707590766.[0m
[32m[I 2023-01-22 17:21:16,272][0m Trial 55 finished with value: 1.3471045632661425 and parameters: {'max_depth': 6, 'learning_rate': 0.006595348469429474, 'colsample_bytree': 0.4666200092895372, 'subsample': 0.5525131048059532, 'alpha': 0.16618206449483475, 'lambda': 4.107055961457507e-08, 'gamma': 2.2995777875229166e-06, 'min_child_weight': 11.538917725824307}. Best is trial 12 with value: 1.3373283707590766.[0m
[32m[I 2023-01-22 17:23:27,904][0m Trial 56 finished with value: 1.3346780546979882 and parameters: {'max_depth': 6, 'learning_rate': 0.0060739525396894135, 'colsample_bytree': 0.4616184192612933, 'subsample': 0.5172982678517476, 'alpha': 0.17238788485064696, 'lambda': 2.8878483079189673e-08, 'gamma': 2.007983500146958e-06, 'min_child_weight': 10.614483710616986}. Best is trial 56 with value: 1.3346780546979882.[0m
[32m[I 2023-01-22 17:25:14,713][0m Trial 57 finished with value: 1.521499250361663 and parameters: {'max_depth': 6, 'learning_rate': 0.005760590803909093, 'colsample_bytree': 0.4543752395535225, 'subsample': 0.5012431019860935, 'alpha': 0.3272334548144871, 'lambda': 1.7873512383031606e-08, 'gamma': 7.816682580289012, 'min_child_weight': 10.6414999712649}. Best is trial 56 with value: 1.3346780546979882.[0m
