[32m[I 2023-01-21 23:34:06,121][0m Trial 99 finished with value: 156.3567527491943 and parameters: {'max_depth': 11, 'learning_rate': 0.013239911959774532, 'colsample_bytree': 0.5889109432106857, 'subsample': 0.7504402316673052, 'alpha': 2.786232511592659, 'lambda': 0.09003141555015451, 'gamma': 2.8113444482243195, 'min_child_weight': 110.52602646778384}. Best is trial 0 with value: 156.3567527491943.[0m
Upload progress:   0%|          | 0.00/2.33k [00:00<?, ?it/s]Upload progress: 100%|██████████| 2.33k/2.33k [00:00<00:00, 953kit/s]
2023-01-21 23:34:08.883 | DEBUG    | gptchem.tuner:tune:186 - Requested fine tuning. {
  "created_at": 1674340448,
  "events": [
    {
      "created_at": 1674340448,
      "level": "info",
      "message": "Created fine-tune: ft-xg5hwwe1xlvkKpdX6F3iJJKp",
      "object": "fine-tune-event"
    }
  ],
  "fine_tuned_model": null,
  "hyperparams": {
    "batch_size": null,
    "learning_rate_multiplier": 0.02,
    "n_epochs": 8,
    "prompt_loss_weight": 0.01
  },
  "id": "ft-xg5hwwe1xlvkKpdX6F3iJJKp",
  "model": "ada",
  "object": "fine-tune",
  "organization_id": "org-TFRJXw3PPQocOWbu71eI2t9U",
  "result_files": [],
  "status": "pending",
  "training_files": [
    {
      "bytes": 2332,
      "created_at": 1674340447,
      "filename": "/Users/kevinmaikjablonka/git/kjappelbaum/gptchem/experiments/04_regression/polymers/out/20230121_233406/train.jsonl",
      "id": "file-afk55i2EduL8uTryWxZPyoV1",
      "object": "file",
      "purpose": "fine-tune",
      "status": "uploaded",
      "status_details": null
    }
  ],
  "updated_at": 1674340448,
  "validation_files": []
}
2023-01-21 23:34:09.579 | DEBUG    | gptchem.tuner:get_ft_model_name:29 - Fine tuning status: pending
2023-01-21 23:36:10.163 | DEBUG    | gptchem.tuner:get_ft_model_name:29 - Fine tuning status: pending
2023-01-21 23:38:11.062 | DEBUG    | gptchem.tuner:get_ft_model_name:29 - Fine tuning status: pending
2023-01-21 23:40:12.248 | DEBUG    | gptchem.tuner:get_ft_model_name:29 - Fine tuning status: pending
2023-01-21 23:42:13.044 | DEBUG    | gptchem.tuner:get_ft_model_name:29 - Fine tuning status: pending
2023-01-21 23:44:14.294 | DEBUG    | gptchem.tuner:get_ft_model_name:29 - Fine tuning status: pending
2023-01-21 23:46:18.190 | DEBUG    | gptchem.tuner:get_ft_model_name:29 - Fine tuning status: pending
2023-01-21 23:48:19.095 | DEBUG    | gptchem.tuner:get_ft_model_name:29 - Fine tuning status: pending
2023-01-21 23:50:20.537 | DEBUG    | gptchem.tuner:get_ft_model_name:29 - Fine tuning status: pending
2023-01-21 23:55:49.838 | DEBUG    | gptchem.tuner:get_ft_model_name:29 - Fine tuning status: pending
2023-01-21 23:57:52.107 | DEBUG    | gptchem.tuner:get_ft_model_name:29 - Fine tuning status: pending
2023-01-21 23:59:52.686 | DEBUG    | gptchem.tuner:get_ft_model_name:29 - Fine tuning status: pending
2023-01-22 00:01:53.728 | DEBUG    | gptchem.tuner:get_ft_model_name:29 - Fine tuning status: pending
2023-01-22 00:03:54.847 | DEBUG    | gptchem.tuner:get_ft_model_name:29 - Fine tuning status: pending
2023-01-22 00:05:55.618 | DEBUG    | gptchem.tuner:get_ft_model_name:29 - Fine tuning status: pending
2023-01-22 00:07:57.278 | DEBUG    | gptchem.tuner:get_ft_model_name:29 - Fine tuning status: running
2023-01-22 00:09:58.414 | DEBUG    | gptchem.tuner:get_ft_model_name:29 - Fine tuning status: succeeded
2023-01-22 00:09:58.424 | DEBUG    | gptchem.tuner:tune:202 - Fine tuning completed. {'base_model': 'ada', 'batch_size': None, 'n_epochs': 8, 'learning_rate_multiplier': 0.02, 'run_name': None, 'wandb_sync': False, 'outdir': '/Users/kevinmaikjablonka/git/kjappelbaum/gptchem/experiments/04_regression/polymers/out/20230121_233406', 'train_filename': '/Users/kevinmaikjablonka/git/kjappelbaum/gptchem/experiments/04_regression/polymers/out/20230121_233406/train.jsonl', 'valid_filename': 'None', 'model_name': 'ada:ft-lsmoepfl-2023-01-21-23-08-08', 'ft_id': 'ft-xg5hwwe1xlvkKpdX6F3iJJKp', 'date': '20230122_000958', 'train_file_id': 'file-afk55i2EduL8uTryWxZPyoV1', 'valid_file_id': None}
[32m[I 2023-01-22 00:10:07,910][0m A new study created in memory with name: no-name-184a1876-5fd4-45fa-ad02-885f96e4ffc5[0m
[32m[I 2023-01-22 00:10:39,973][0m Trial 0 finished with value: 158.00147310035427 and parameters: {'max_depth': 7, 'learning_rate': 0.044635901521768134, 'colsample_bytree': 0.49279757672456204, 'subsample': 0.6394633936788147, 'alpha': 0.02938027938703535, 'lambda': 2.5348407664333426e-07, 'gamma': 3.3323645788192616e-08, 'min_child_weight': 539.948440978743}. Best is trial 0 with value: 158.00147310035427.[0m
[32m[I 2023-01-22 00:11:48,490][0m Trial 1 finished with value: 158.00147310035427 and parameters: {'max_depth': 9, 'learning_rate': 0.025529516046973785, 'colsample_bytree': 0.20823379771832098, 'subsample': 0.7879639408647978, 'alpha': 3.142880890840109, 'lambda': 8.148018307012941e-07, 'gamma': 4.329370014459266e-07, 'min_child_weight': 23.270677083837796}. Best is trial 0 with value: 158.00147310035427.[0m
[32m[I 2023-01-22 00:12:35,202][0m Trial 2 finished with value: 158.00147310035427 and parameters: {'max_depth': 6, 'learning_rate': 0.016738881542579662, 'colsample_bytree': 0.3727780074568463, 'subsample': 0.5164916560792168, 'alpha': 0.6847920095574779, 'lambda': 1.8007140198129195e-07, 'gamma': 4.258943089524393e-06, 'min_child_weight': 54.041038546473274}. Best is trial 0 with value: 158.00147310035427.[0m
[32m[I 2023-01-22 00:13:02,859][0m Trial 3 finished with value: 158.00147310035427 and parameters: {'max_depth': 8, 'learning_rate': 0.030489195547657565, 'colsample_bytree': 0.2798695128633439, 'subsample': 0.6056937753654447, 'alpha': 0.59874749104614, 'lambda': 2.6185068507773707e-08, 'gamma': 0.0029369981104377003, 'min_child_weight': 21.93048555664369}. Best is trial 0 with value: 158.00147310035427.[0m
[32m[I 2023-01-22 00:13:03,985][0m Trial 4 finished with value: 158.00147310035427 and parameters: {'max_depth': 4, 'learning_rate': 0.044448339535094646, 'colsample_bytree': 0.5862528132298237, 'subsample': 0.7233589392465845, 'alpha': 0.08200518402245831, 'lambda': 7.569183361880229e-08, 'gamma': 0.014391207615728067, 'min_child_weight': 75.91104805282696}. Best is trial 0 with value: 158.00147310035427.[0m
[32m[I 2023-01-22 00:13:04,691][0m Trial 5 finished with value: 158.00147310035427 and parameters: {'max_depth': 5, 'learning_rate': 0.015636765183901856, 'colsample_bytree': 0.21375540844608737, 'subsample': 0.7637281608315128, 'alpha': 0.059750279999602945, 'lambda': 0.009176996354542699, 'gamma': 6.388511557344611e-06, 'min_child_weight': 109.68217207529523}. Best is trial 0 with value: 158.00147310035427.[0m
[32m[I 2023-01-22 00:13:05,437][0m Trial 6 finished with value: 158.00147310035427 and parameters: {'max_depth': 8, 'learning_rate': 0.007652872182750091, 'colsample_bytree': 0.5878338511058234, 'subsample': 0.7100531293444459, 'alpha': 6.58410616012161, 'lambda': 1.1309571585271483, 'gamma': 0.002404915432737351, 'min_child_weight': 697.8281265126028}. Best is trial 0 with value: 158.00147310035427.[0m
[32m[I 2023-01-22 00:13:06,457][0m Trial 7 finished with value: 158.00147310035427 and parameters: {'max_depth': 4, 'learning_rate': 0.007851504189403358, 'colsample_bytree': 0.21809091556421523, 'subsample': 0.5301321323053058, 'alpha': 0.14656553886225335, 'lambda': 2.7678419414850017e-06, 'gamma': 0.28749982347407854, 'min_child_weight': 51.70191786366991}. Best is trial 0 with value: 158.00147310035427.[0m
[32m[I 2023-01-22 00:13:07,493][0m Trial 8 finished with value: 158.00147310035427 and parameters: {'max_depth': 6, 'learning_rate': 0.017444803725696106, 'colsample_bytree': 0.25636968998990506, 'subsample': 0.7208787923016159, 'alpha': 0.01673601016782578, 'lambda': 7.620481786158549, 'gamma': 0.08916674715636537, 'min_child_weight': 24.97073714505272}. Best is trial 0 with value: 158.00147310035427.[0m
[32m[I 2023-01-22 00:13:07,829][0m Trial 9 finished with value: 158.00147310035427 and parameters: {'max_depth': 4, 'learning_rate': 0.03269124292259021, 'colsample_bytree': 0.48274293753904685, 'subsample': 0.691602867216395, 'alpha': 2.059733535743719, 'lambda': 4.638759594322625e-08, 'gamma': 1.683416412018213e-05, 'min_child_weight': 17.050539260269293}. Best is trial 0 with value: 158.00147310035427.[0m
[32m[I 2023-01-22 00:13:08,182][0m Trial 10 finished with value: 158.00147310035427 and parameters: {'max_depth': 12, 'learning_rate': 0.005069524045190436, 'colsample_bytree': 0.46246121214963276, 'subsample': 0.4071847502459278, 'alpha': 0.011119959665896408, 'lambda': 8.764524253376569e-05, 'gamma': 1.3686680646913219e-08, 'min_child_weight': 895.9418014920916}. Best is trial 0 with value: 158.00147310035427.[0m
[32m[I 2023-01-22 00:13:15,798][0m Trial 11 finished with value: 158.00147310035427 and parameters: {'max_depth': 10, 'learning_rate': 0.04914319625162734, 'colsample_bytree': 0.35496966818854064, 'subsample': 0.627568268662327, 'alpha': 7.094621382610851, 'lambda': 1.082535558141674e-05, 'gamma': 2.0076751494057614e-08, 'min_child_weight': 308.6739921328437}. Best is trial 0 with value: 158.00147310035427.[0m
[32m[I 2023-01-22 00:13:16,543][0m Trial 12 finished with value: 158.00147310035427 and parameters: {'max_depth': 10, 'learning_rate': 0.025428046140413742, 'colsample_bytree': 0.4884032272372183, 'subsample': 0.7831484441888801, 'alpha': 1.866399180242799, 'lambda': 0.0016497110026833196, 'gamma': 5.997698489764017e-07, 'min_child_weight': 225.75434418905797}. Best is trial 0 with value: 158.00147310035427.[0m
[32m[I 2023-01-22 00:13:25,380][0m Trial 13 finished with value: 11.486988896926018 and parameters: {'max_depth': 9, 'learning_rate': 0.022907345587475394, 'colsample_bytree': 0.4348992573884859, 'subsample': 0.6579178144028042, 'alpha': 0.032629595908661234, 'lambda': 1.5854741167674294e-06, 'gamma': 9.868745464853761, 'min_child_weight': 10.235005457971534}. Best is trial 13 with value: 11.486988896926018.[0m
[32m[I 2023-01-22 00:13:27,572][0m Trial 14 finished with value: 11.379968870838484 and parameters: {'max_depth': 7, 'learning_rate': 0.03734923210984427, 'colsample_bytree': 0.429276397222429, 'subsample': 0.6578694741072342, 'alpha': 0.029686604307577327, 'lambda': 3.890377834635129e-05, 'gamma': 8.269405884196505, 'min_child_weight': 10.145022160750592}. Best is trial 14 with value: 11.379968870838484.[0m
[32m[I 2023-01-22 00:13:36,005][0m Trial 15 finished with value: 11.866206588736745 and parameters: {'max_depth': 12, 'learning_rate': 0.02121545581806988, 'colsample_bytree': 0.4235194332173257, 'subsample': 0.5471662223209441, 'alpha': 0.20199491020320537, 'lambda': 6.76558226702869e-05, 'gamma': 9.707527253795911, 'min_child_weight': 10.112312512063898}. Best is trial 14 with value: 11.379968870838484.[0m
[32m[I 2023-01-22 00:13:40,642][0m Trial 16 finished with value: 11.740650158445353 and parameters: {'max_depth': 10, 'learning_rate': 0.011232894046987978, 'colsample_bytree': 0.32819048414165786, 'subsample': 0.669192770340704, 'alpha': 0.03352773705202417, 'lambda': 0.033501501295439946, 'gamma': 8.017566374706062, 'min_child_weight': 10.412824042134847}. Best is trial 14 with value: 11.379968870838484.[0m
[32m[I 2023-01-22 00:13:40,952][0m Trial 17 finished with value: 158.00147310035427 and parameters: {'max_depth': 7, 'learning_rate': 0.034280158328283704, 'colsample_bytree': 0.4248826331447139, 'subsample': 0.5764241064373404, 'alpha': 0.056040070964739404, 'lambda': 1.1856345719368965e-05, 'gamma': 0.7705863291879708, 'min_child_weight': 35.63969409649351}. Best is trial 14 with value: 11.379968870838484.[0m
[32m[I 2023-01-22 00:13:41,444][0m Trial 18 finished with value: 158.00147310035427 and parameters: {'max_depth': 9, 'learning_rate': 0.013471690205171232, 'colsample_bytree': 0.5406069544760227, 'subsample': 0.45566566507349593, 'alpha': 0.02152579850823623, 'lambda': 0.0003690935727112461, 'gamma': 1.4522416612464755, 'min_child_weight': 151.03406097788675}. Best is trial 14 with value: 11.379968870838484.[0m
[32m[I 2023-01-22 00:13:42,409][0m Trial 19 finished with value: 158.00147310035427 and parameters: {'max_depth': 11, 'learning_rate': 0.023268182096357292, 'colsample_bytree': 0.3962517321781296, 'subsample': 0.6458445620780635, 'alpha': 0.12476563613713522, 'lambda': 2.5630815255456255e-06, 'gamma': 0.042218391078048687, 'min_child_weight': 15.147749198726165}. Best is trial 14 with value: 11.379968870838484.[0m
[32m[I 2023-01-22 00:13:43,119][0m Trial 20 finished with value: 158.00147310035427 and parameters: {'max_depth': 7, 'learning_rate': 0.03385121061417455, 'colsample_bytree': 0.5298528902087923, 'subsample': 0.5825375178463895, 'alpha': 0.41382366559609196, 'lambda': 0.04666618356205703, 'gamma': 0.00010396761370918912, 'min_child_weight': 32.348644745191}. Best is trial 14 with value: 11.379968870838484.[0m
[32m[I 2023-01-22 00:13:54,673][0m Trial 21 finished with value: 11.662269476918972 and parameters: {'max_depth': 9, 'learning_rate': 0.010661474342504352, 'colsample_bytree': 0.34341210737767536, 'subsample': 0.67453135623772, 'alpha': 0.03562768093422338, 'lambda': 0.12434946096841629, 'gamma': 9.629267776330163, 'min_child_weight': 11.669262069806727}. Best is trial 14 with value: 11.379968870838484.[0m
[32m[I 2023-01-22 00:30:34,326][0m Trial 22 finished with value: 12.806157918467331 and parameters: {'max_depth': 9, 'learning_rate': 0.009753276018826198, 'colsample_bytree': 0.3155296735797723, 'subsample': 0.6673670673242337, 'alpha': 0.011791746584770947, 'lambda': 0.19897997473402998, 'gamma': 2.8451901370677457, 'min_child_weight': 13.487791224036137}. Best is trial 14 with value: 11.379968870838484.[0m
[32m[I 2023-01-22 00:30:34,724][0m Trial 23 finished with value: 152.13553619241407 and parameters: {'max_depth': 8, 'learning_rate': 0.020631347132957802, 'colsample_bytree': 0.4395218141486632, 'subsample': 0.7513708911913518, 'alpha': 0.04272246911261156, 'lambda': 0.0013850423452048798, 'gamma': 0.4430159166008745, 'min_child_weight': 15.190195863303032}. Best is trial 14 with value: 11.379968870838484.[0m
[32m[I 2023-01-22 00:30:38,659][0m Trial 24 finished with value: 11.859039413539215 and parameters: {'max_depth': 9, 'learning_rate': 0.010933631061360787, 'colsample_bytree': 0.386169799770249, 'subsample': 0.6813364097836374, 'alpha': 0.0910136130795691, 'lambda': 6.405584127139263e-05, 'gamma': 0.12771604170928105, 'min_child_weight': 11.130963043768878}. Best is trial 14 with value: 11.379968870838484.[0m
[32m[I 2023-01-22 00:45:41,588][0m Trial 25 finished with value: 158.00147310035427 and parameters: {'max_depth': 11, 'learning_rate': 0.03983606883686501, 'colsample_bytree': 0.3442809618659261, 'subsample': 0.6129908133110274, 'alpha': 0.24184118785655828, 'lambda': 6.893702078625156e-06, 'gamma': 2.1260839178368, 'min_child_weight': 38.0661732669202}. Best is trial 14 with value: 11.379968870838484.[0m
[32m[I 2023-01-22 00:45:53,944][0m Trial 26 finished with value: 158.00147310035427 and parameters: {'max_depth': 6, 'learning_rate': 0.013622201386356326, 'colsample_bytree': 0.2827675205941703, 'subsample': 0.6560179678595361, 'alpha': 0.02121619662428623, 'lambda': 0.003345272118358021, 'gamma': 0.017734003036398764, 'min_child_weight': 24.525109129896915}. Best is trial 14 with value: 11.379968870838484.[0m
[32m[I 2023-01-22 00:45:56,386][0m Trial 27 finished with value: 158.00147310035427 and parameters: {'max_depth': 8, 'learning_rate': 0.028679195375719193, 'colsample_bytree': 0.41685540844963975, 'subsample': 0.7398770580467641, 'alpha': 0.035451347594029535, 'lambda': 0.00020070565772218243, 'gamma': 8.02497133181227, 'min_child_weight': 17.68770015761449}. Best is trial 14 with value: 11.379968870838484.[0m
[32m[I 2023-01-22 01:02:41,982][0m Trial 28 finished with value: 158.00147310035427 and parameters: {'max_depth': 7, 'learning_rate': 0.007827804157353445, 'colsample_bytree': 0.45713664265525666, 'subsample': 0.69811093075388, 'alpha': 0.07268679131995041, 'lambda': 0.5110177880239166, 'gamma': 0.0009484930190788546, 'min_child_weight': 49.35256553778011}. Best is trial 14 with value: 11.379968870838484.[0m
[32m[I 2023-01-22 01:18:56,243][0m Trial 29 finished with value: 66.53630226700132 and parameters: {'max_depth': 10, 'learning_rate': 0.005467597086514853, 'colsample_bytree': 0.5241759150840116, 'subsample': 0.6352654495146879, 'alpha': 0.024034289272164534, 'lambda': 3.9215454513270714e-07, 'gamma': 0.29753718909781984, 'min_child_weight': 13.020931975735344}. Best is trial 14 with value: 11.379968870838484.[0m
[32m[I 2023-01-22 01:18:56,891][0m Trial 30 finished with value: 158.00147310035427 and parameters: {'max_depth': 11, 'learning_rate': 0.037494548715252686, 'colsample_bytree': 0.3677820903943696, 'subsample': 0.5684665552608004, 'alpha': 0.01009445124500787, 'lambda': 2.9165472307257248e-05, 'gamma': 1.7622369747937146, 'min_child_weight': 18.55955716266796}. Best is trial 14 with value: 11.379968870838484.[0m
[32m[I 2023-01-22 01:19:01,544][0m Trial 31 finished with value: 11.641298960868593 and parameters: {'max_depth': 10, 'learning_rate': 0.010039206730673437, 'colsample_bytree': 0.32729496859457496, 'subsample': 0.67149436612777, 'alpha': 0.03883393983948972, 'lambda': 0.07175807192298522, 'gamma': 8.952305517290322, 'min_child_weight': 10.224526709223586}. Best is trial 14 with value: 11.379968870838484.[0m
[32m[I 2023-01-22 01:19:22,406][0m Trial 32 finished with value: 11.674020461390532 and parameters: {'max_depth': 9, 'learning_rate': 0.01004675503185436, 'colsample_bytree': 0.3057010578879142, 'subsample': 0.6400964659005544, 'alpha': 0.04144992279011556, 'lambda': 2.2319257959758647, 'gamma': 3.9937717979809526, 'min_child_weight': 10.862089971556731}. Best is trial 14 with value: 11.379968870838484.[0m
[32m[I 2023-01-22 01:19:27,277][0m Trial 33 finished with value: 158.00147310035427 and parameters: {'max_depth': 8, 'learning_rate': 0.012874351286574817, 'colsample_bytree': 0.3985071647759265, 'subsample': 0.6822230216511146, 'alpha': 0.01577415591078136, 'lambda': 0.04943941142940523, 'gamma': 0.9190874022872465, 'min_child_weight': 27.549559408323216}. Best is trial 14 with value: 11.379968870838484.[0m
[32m[I 2023-01-22 01:19:31,438][0m Trial 34 finished with value: 158.00147310035427 and parameters: {'max_depth': 9, 'learning_rate': 0.008873165123575874, 'colsample_bytree': 0.3517251840578806, 'subsample': 0.6153597952672966, 'alpha': 0.03206519875914603, 'lambda': 1.0094101615271998e-06, 'gamma': 1.261359391194561e-07, 'min_child_weight': 20.7142178101556}. Best is trial 14 with value: 11.379968870838484.[0m
[32m[I 2023-01-22 01:19:35,981][0m Trial 35 finished with value: 148.23710179336715 and parameters: {'max_depth': 10, 'learning_rate': 0.01728423091717669, 'colsample_bytree': 0.29029352531225183, 'subsample': 0.5950321475858709, 'alpha': 0.13796688199000337, 'lambda': 1.1197657466284527e-08, 'gamma': 9.978415865562441, 'min_child_weight': 13.68801600388858}. Best is trial 14 with value: 11.379968870838484.[0m
[32m[I 2023-01-22 01:19:37,441][0m Trial 36 finished with value: 158.00147310035427 and parameters: {'max_depth': 11, 'learning_rate': 0.0061705310545210066, 'colsample_bytree': 0.3798498473355018, 'subsample': 0.6541591548064366, 'alpha': 0.05589784252669917, 'lambda': 0.19412557052680804, 'gamma': 0.14071172982552235, 'min_child_weight': 423.1893247861945}. Best is trial 14 with value: 11.379968870838484.[0m
[32m[I 2023-01-22 01:19:39,262][0m Trial 37 finished with value: 158.00147310035427 and parameters: {'max_depth': 5, 'learning_rate': 0.012336422727162287, 'colsample_bytree': 0.44943321083109705, 'subsample': 0.7253499889796252, 'alpha': 0.09909607845165636, 'lambda': 0.010659672532379217, 'gamma': 0.019199258393545134, 'min_child_weight': 68.18276310715605}. Best is trial 14 with value: 11.379968870838484.[0m
[32m[I 2023-01-22 01:19:50,769][0m Trial 38 finished with value: 158.00147310035427 and parameters: {'max_depth': 8, 'learning_rate': 0.01928389969052764, 'colsample_bytree': 0.24809444968319838, 'subsample': 0.7054647512799956, 'alpha': 0.9703600034199301, 'lambda': 0.0003245990627128681, 'gamma': 0.5480306296394915, 'min_child_weight': 21.64383430658053}. Best is trial 14 with value: 11.379968870838484.[0m
[32m[I 2023-01-22 01:20:33,520][0m Trial 39 finished with value: 11.827489909025282 and parameters: {'max_depth': 7, 'learning_rate': 0.014756630219932345, 'colsample_bytree': 0.32375965152896796, 'subsample': 0.7679046824501302, 'alpha': 0.015848581826155478, 'lambda': 0.008929581934036033, 'gamma': 0.004297828421196903, 'min_child_weight': 13.014938106053293}. Best is trial 14 with value: 11.379968870838484.[0m
[32m[I 2023-01-22 01:20:38,064][0m Trial 40 finished with value: 11.401476268694811 and parameters: {'max_depth': 9, 'learning_rate': 0.026608678554106403, 'colsample_bytree': 0.40925280067336417, 'subsample': 0.7384551215735258, 'alpha': 0.05139784251366416, 'lambda': 1.3994011338100236e-07, 'gamma': 3.4354366105734946, 'min_child_weight': 10.001553217591953}. Best is trial 14 with value: 11.379968870838484.[0m
[32m[I 2023-01-22 01:20:58,459][0m Trial 41 finished with value: 11.383928799681374 and parameters: {'max_depth': 9, 'learning_rate': 0.028810578397762333, 'colsample_bytree': 0.4168575423173407, 'subsample': 0.7357977799735512, 'alpha': 0.05085666619998761, 'lambda': 3.5134544459597436e-07, 'gamma': 2.8935656556101703, 'min_child_weight': 10.681006100066988}. Best is trial 14 with value: 11.379968870838484.[0m
