[32m[I 2023-01-22 09:23:26,505][0m Trial 81 finished with value: 1.24047605781447 and parameters: {'max_depth': 12, 'learning_rate': 0.012796203757900556, 'colsample_bytree': 0.5776926515017728, 'subsample': 0.44680491758394836, 'alpha': 0.18847746794562537, 'lambda': 7.4582564771695165e-06, 'gamma': 0.8268697838075206, 'min_child_weight': 11.356242014253528}. Best is trial 79 with value: 1.214407749697055.[0m
[32m[I 2023-01-22 09:23:48,311][0m Trial 82 finished with value: 1.2450808273619516 and parameters: {'max_depth': 11, 'learning_rate': 0.014148415762784266, 'colsample_bytree': 0.5881069582656294, 'subsample': 0.4329484948250852, 'alpha': 0.23625502158250355, 'lambda': 7.051170511017284e-07, 'gamma': 3.867528269736775e-05, 'min_child_weight': 14.242762940207601}. Best is trial 79 with value: 1.214407749697055.[0m
[32m[I 2023-01-22 09:25:20,347][0m Trial 83 finished with value: 1.318392486960674 and parameters: {'max_depth': 12, 'learning_rate': 0.011330096164290255, 'colsample_bytree': 0.5696712728767164, 'subsample': 0.4609087444280847, 'alpha': 0.0997088394481655, 'lambda': 2.0745716118531715e-07, 'gamma': 0.00010774020218115731, 'min_child_weight': 21.026626783265776}. Best is trial 79 with value: 1.214407749697055.[0m
[32m[I 2023-01-22 09:30:51,905][0m Trial 84 finished with value: 1.2886213057189213 and parameters: {'max_depth': 12, 'learning_rate': 0.010362826889371067, 'colsample_bytree': 0.5627158972742365, 'subsample': 0.4175009403984587, 'alpha': 0.13172175153559698, 'lambda': 4.315374654903715e-05, 'gamma': 0.00036651460892633884, 'min_child_weight': 12.570603193756424}. Best is trial 79 with value: 1.214407749697055.[0m
[32m[I 2023-01-22 09:30:52,604][0m Trial 85 finished with value: 160.18312772971308 and parameters: {'max_depth': 11, 'learning_rate': 0.011837504828268286, 'colsample_bytree': 0.5790751484506432, 'subsample': 0.4725437996134095, 'alpha': 0.05707508893263299, 'lambda': 1.6272483232157852e-06, 'gamma': 2.2757365581816233e-05, 'min_child_weight': 229.32860215030786}. Best is trial 79 with value: 1.214407749697055.[0m
[32m[I 2023-01-22 09:31:20,720][0m Trial 86 finished with value: 1.2981813926920078 and parameters: {'max_depth': 11, 'learning_rate': 0.013334069051415754, 'colsample_bytree': 0.5479038500283366, 'subsample': 0.4346702042230067, 'alpha': 0.1091021549216511, 'lambda': 5.402287030531292e-08, 'gamma': 0.04381676896820535, 'min_child_weight': 11.207906282635085}. Best is trial 79 with value: 1.214407749697055.[0m
[32m[I 2023-01-22 09:36:49,610][0m Trial 87 finished with value: 1.2629843707374773 and parameters: {'max_depth': 12, 'learning_rate': 0.009712594069076924, 'colsample_bytree': 0.5998333860437749, 'subsample': 0.491223592975265, 'alpha': 0.266044520466566, 'lambda': 3.375707215114208e-06, 'gamma': 0.001044085753506715, 'min_child_weight': 16.374921573059513}. Best is trial 79 with value: 1.214407749697055.[0m
[32m[I 2023-01-22 09:42:24,894][0m Trial 88 finished with value: 1.266179683213236 and parameters: {'max_depth': 12, 'learning_rate': 0.01239996015205038, 'colsample_bytree': 0.5574830367306036, 'subsample': 0.5183109982608715, 'alpha': 0.040424804620906814, 'lambda': 9.719856726482842e-06, 'gamma': 0.0022328980479057754, 'min_child_weight': 14.430384617245382}. Best is trial 79 with value: 1.214407749697055.[0m
[32m[I 2023-01-22 09:42:49,263][0m Trial 89 finished with value: 1.4106382147223289 and parameters: {'max_depth': 11, 'learning_rate': 0.014062110640484146, 'colsample_bytree': 0.5843007383619809, 'subsample': 0.4084728181941792, 'alpha': 0.08337509028941313, 'lambda': 1.1652885297027128e-07, 'gamma': 2.9564534380791674, 'min_child_weight': 18.59758020829159}. Best is trial 79 with value: 1.214407749697055.[0m
[32m[I 2023-01-22 09:56:44,174][0m Trial 90 finished with value: 1.7293589009977979 and parameters: {'max_depth': 12, 'learning_rate': 0.007568293672774229, 'colsample_bytree': 0.20002936506924388, 'subsample': 0.44969979883719513, 'alpha': 0.14535459764550412, 'lambda': 2.4983712175288873e-07, 'gamma': 0.028909776897375096, 'min_child_weight': 12.347413526670287}. Best is trial 79 with value: 1.214407749697055.[0m
[32m[I 2023-01-22 10:06:07,333][0m Trial 91 finished with value: 1.2436692230771005 and parameters: {'max_depth': 11, 'learning_rate': 0.011685738462910066, 'colsample_bytree': 0.5958332922471866, 'subsample': 0.4241820251520845, 'alpha': 0.06958861075337747, 'lambda': 1.0957852953127109e-06, 'gamma': 0.0004470139345448789, 'min_child_weight': 13.270669863806356}. Best is trial 79 with value: 1.214407749697055.[0m
[32m[I 2023-01-22 10:06:55,422][0m Trial 92 finished with value: 1.2434274169319381 and parameters: {'max_depth': 11, 'learning_rate': 0.013093020546148911, 'colsample_bytree': 0.5744969598903469, 'subsample': 0.41292503624845284, 'alpha': 0.06130997770046338, 'lambda': 1.3715956833016818e-06, 'gamma': 0.0007094229804555342, 'min_child_weight': 11.23842533880748}. Best is trial 79 with value: 1.214407749697055.[0m
[32m[I 2023-01-22 10:08:06,466][0m Trial 93 finished with value: 1.2329556016988024 and parameters: {'max_depth': 10, 'learning_rate': 0.01065684673908228, 'colsample_bytree': 0.5912849897105319, 'subsample': 0.4395556014846854, 'alpha': 0.08740248092027503, 'lambda': 5.765982020781787e-07, 'gamma': 0.00018870229618031168, 'min_child_weight': 10.84883452471398}. Best is trial 79 with value: 1.214407749697055.[0m
[32m[I 2023-01-22 10:09:10,276][0m Trial 94 finished with value: 1.2591847025733744 and parameters: {'max_depth': 10, 'learning_rate': 0.010447811379070904, 'colsample_bytree': 0.5903759468832904, 'subsample': 0.43639451819958036, 'alpha': 0.20134654934602933, 'lambda': 3.5465968778719854e-07, 'gamma': 5.0113397287614515e-05, 'min_child_weight': 16.716756357940213}. Best is trial 79 with value: 1.214407749697055.[0m
[32m[I 2023-01-22 10:09:57,757][0m Trial 95 finished with value: 1.3393335692717054 and parameters: {'max_depth': 12, 'learning_rate': 0.009132379531916987, 'colsample_bytree': 0.5625593021688244, 'subsample': 0.4654623389665302, 'alpha': 0.09123398385517036, 'lambda': 6.054520095397747e-07, 'gamma': 0.00023356369902241883, 'min_child_weight': 22.802242758335264}. Best is trial 79 with value: 1.214407749697055.[0m
[32m[I 2023-01-22 10:09:58,346][0m Trial 96 finished with value: 160.18312772971308 and parameters: {'max_depth': 10, 'learning_rate': 0.010802998964508545, 'colsample_bytree': 0.5842882991212526, 'subsample': 0.4526116831350493, 'alpha': 0.051150546581694066, 'lambda': 2.0451456624329657e-08, 'gamma': 9.544065307762797e-05, 'min_child_weight': 506.96199770849273}. Best is trial 79 with value: 1.214407749697055.[0m
[32m[I 2023-01-22 10:10:13,328][0m Trial 97 finished with value: 1.651951554493526 and parameters: {'max_depth': 12, 'learning_rate': 0.009951447230830059, 'colsample_bytree': 0.5717287046072094, 'subsample': 0.4267363861514151, 'alpha': 0.12402773111057401, 'lambda': 2.9453781862702184e-06, 'gamma': 1.833259243063775e-05, 'min_child_weight': 39.2359371152805}. Best is trial 79 with value: 1.214407749697055.[0m
[32m[I 2023-01-22 10:10:28,110][0m Trial 98 finished with value: 1.259562611597089 and parameters: {'max_depth': 12, 'learning_rate': 0.012337726984764883, 'colsample_bytree': 0.5479779990707727, 'subsample': 0.48001621227716396, 'alpha': 0.3302506314205147, 'lambda': 4.5851548101758025e-07, 'gamma': 0.00016441573713484484, 'min_child_weight': 15.187507894654033}. Best is trial 79 with value: 1.214407749697055.[0m
[32m[I 2023-01-22 10:10:46,904][0m Trial 99 finished with value: 1.273528453351257 and parameters: {'max_depth': 9, 'learning_rate': 0.008640068811742351, 'colsample_bytree': 0.5356328656226621, 'subsample': 0.4003915102751357, 'alpha': 0.1596194114124077, 'lambda': 6.947219530269503e-08, 'gamma': 5.3539393445648305e-05, 'min_child_weight': 10.58045400524437}. Best is trial 79 with value: 1.214407749697055.[0m
Uploaded file from /Users/kevinmaikjablonka/git/kjappelbaum/gptchem/experiments/04_regression/polymers/out/20230122_042645/train.jsonl: file-q6jNjlckmBAWCZcK55A2Q5Mw
Ran train size 200 and got MAE 0.8680399999999999, baseline 2.2386359017728408
Upload progress:   0%|          | 0.00/118k [00:00<?, ?it/s]Upload progress: 100%|██████████| 118k/118k [00:00<00:00, 75.7Mit/s]
2023-01-22 10:10:51.309 | DEBUG    | gptchem.tuner:tune:186 - Requested fine tuning. {
  "created_at": 1674378651,
  "events": [
    {
      "created_at": 1674378651,
      "level": "info",
      "message": "Created fine-tune: ft-7HAzVAlJpc5WX3Uf9I4JmdBk",
      "object": "fine-tune-event"
    }
  ],
  "fine_tuned_model": null,
  "hyperparams": {
    "batch_size": null,
    "learning_rate_multiplier": 0.02,
    "n_epochs": 8,
    "prompt_loss_weight": 0.01
  },
  "id": "ft-7HAzVAlJpc5WX3Uf9I4JmdBk",
  "model": "ada",
  "object": "fine-tune",
  "organization_id": "org-TFRJXw3PPQocOWbu71eI2t9U",
  "result_files": [],
  "status": "pending",
  "training_files": [
    {
      "bytes": 118214,
      "created_at": 1674378650,
      "filename": "/Users/kevinmaikjablonka/git/kjappelbaum/gptchem/experiments/04_regression/polymers/out/20230122_101047/train.jsonl",
      "id": "file-CO8osNe0k1aHn67tqLNkq2WS",
      "object": "file",
      "purpose": "fine-tune",
      "status": "uploaded",
      "status_details": null
    }
  ],
  "updated_at": 1674378651,
  "validation_files": []
}
2023-01-22 10:10:51.508 | DEBUG    | gptchem.tuner:get_ft_model_name:29 - Fine tuning status: pending
2023-01-22 10:12:53.461 | DEBUG    | gptchem.tuner:get_ft_model_name:29 - Fine tuning status: pending
2023-01-22 10:14:54.576 | DEBUG    | gptchem.tuner:get_ft_model_name:29 - Fine tuning status: running
2023-01-22 10:19:21.868 | DEBUG    | gptchem.tuner:get_ft_model_name:29 - Fine tuning status: running
2023-01-22 10:21:22.824 | DEBUG    | gptchem.tuner:get_ft_model_name:29 - Fine tuning status: running
2023-01-22 10:23:23.546 | DEBUG    | gptchem.tuner:get_ft_model_name:29 - Fine tuning status: running
2023-01-22 10:25:25.890 | DEBUG    | gptchem.tuner:get_ft_model_name:29 - Fine tuning status: succeeded
2023-01-22 10:25:25.895 | DEBUG    | gptchem.tuner:tune:202 - Fine tuning completed. {'base_model': 'ada', 'batch_size': None, 'n_epochs': 8, 'learning_rate_multiplier': 0.02, 'run_name': None, 'wandb_sync': False, 'outdir': '/Users/kevinmaikjablonka/git/kjappelbaum/gptchem/experiments/04_regression/polymers/out/20230122_101047', 'train_filename': '/Users/kevinmaikjablonka/git/kjappelbaum/gptchem/experiments/04_regression/polymers/out/20230122_101047/train.jsonl', 'valid_filename': 'None', 'model_name': 'ada:ft-lsmoepfl-2023-01-22-09-23-50', 'ft_id': 'ft-7HAzVAlJpc5WX3Uf9I4JmdBk', 'date': '20230122_102525', 'train_file_id': 'file-CO8osNe0k1aHn67tqLNkq2WS', 'valid_file_id': None}
[32m[I 2023-01-22 10:25:32,429][0m A new study created in memory with name: no-name-ae8ae067-b5cd-4cf8-bb34-0acaa4f32947[0m
[32m[I 2023-01-22 10:25:33,310][0m Trial 0 finished with value: 157.07975815318875 and parameters: {'max_depth': 7, 'learning_rate': 0.044635901521768134, 'colsample_bytree': 0.49279757672456204, 'subsample': 0.6394633936788147, 'alpha': 0.02938027938703535, 'lambda': 2.5348407664333426e-07, 'gamma': 3.3323645788192616e-08, 'min_child_weight': 539.948440978743}. Best is trial 0 with value: 157.07975815318875.[0m
[32m[I 2023-01-22 10:25:35,224][0m Trial 1 finished with value: 157.07975815318875 and parameters: {'max_depth': 9, 'learning_rate': 0.025529516046973785, 'colsample_bytree': 0.20823379771832098, 'subsample': 0.7879639408647978, 'alpha': 3.142880890840109, 'lambda': 8.148018307012941e-07, 'gamma': 4.329370014459266e-07, 'min_child_weight': 23.270677083837796}. Best is trial 0 with value: 157.07975815318875.[0m
[32m[I 2023-01-22 10:25:36,832][0m Trial 2 finished with value: 157.07975815318875 and parameters: {'max_depth': 6, 'learning_rate': 0.016738881542579662, 'colsample_bytree': 0.3727780074568463, 'subsample': 0.5164916560792168, 'alpha': 0.6847920095574779, 'lambda': 1.8007140198129195e-07, 'gamma': 4.258943089524393e-06, 'min_child_weight': 54.041038546473274}. Best is trial 0 with value: 157.07975815318875.[0m
[32m[I 2023-01-22 10:25:40,880][0m Trial 3 finished with value: 157.07975815318875 and parameters: {'max_depth': 8, 'learning_rate': 0.030489195547657565, 'colsample_bytree': 0.2798695128633439, 'subsample': 0.6056937753654447, 'alpha': 0.59874749104614, 'lambda': 2.6185068507773707e-08, 'gamma': 0.0029369981104377003, 'min_child_weight': 21.93048555664369}. Best is trial 0 with value: 157.07975815318875.[0m
[32m[I 2023-01-22 10:25:42,458][0m Trial 4 finished with value: 157.07975815318875 and parameters: {'max_depth': 4, 'learning_rate': 0.044448339535094646, 'colsample_bytree': 0.5862528132298237, 'subsample': 0.7233589392465845, 'alpha': 0.08200518402245831, 'lambda': 7.569183361880229e-08, 'gamma': 0.014391207615728067, 'min_child_weight': 75.91104805282696}. Best is trial 0 with value: 157.07975815318875.[0m
[32m[I 2023-01-22 10:25:45,096][0m Trial 5 finished with value: 157.07975815318875 and parameters: {'max_depth': 5, 'learning_rate': 0.015636765183901856, 'colsample_bytree': 0.21375540844608737, 'subsample': 0.7637281608315128, 'alpha': 0.059750279999602945, 'lambda': 0.009176996354542699, 'gamma': 6.388511557344611e-06, 'min_child_weight': 109.68217207529523}. Best is trial 0 with value: 157.07975815318875.[0m
[32m[I 2023-01-22 10:25:46,846][0m Trial 6 finished with value: 157.07975815318875 and parameters: {'max_depth': 8, 'learning_rate': 0.007652872182750091, 'colsample_bytree': 0.5878338511058234, 'subsample': 0.7100531293444459, 'alpha': 6.58410616012161, 'lambda': 1.1309571585271483, 'gamma': 0.002404915432737351, 'min_child_weight': 697.8281265126028}. Best is trial 0 with value: 157.07975815318875.[0m
[32m[I 2023-01-22 10:25:47,669][0m Trial 7 finished with value: 157.07975815318875 and parameters: {'max_depth': 4, 'learning_rate': 0.007851504189403358, 'colsample_bytree': 0.21809091556421523, 'subsample': 0.5301321323053058, 'alpha': 0.14656553886225335, 'lambda': 2.7678419414850017e-06, 'gamma': 0.28749982347407854, 'min_child_weight': 51.70191786366991}. Best is trial 0 with value: 157.07975815318875.[0m
[32m[I 2023-01-22 10:25:49,253][0m Trial 8 finished with value: 157.07975815318875 and parameters: {'max_depth': 6, 'learning_rate': 0.017444803725696106, 'colsample_bytree': 0.25636968998990506, 'subsample': 0.7208787923016159, 'alpha': 0.01673601016782578, 'lambda': 7.620481786158549, 'gamma': 0.08916674715636537, 'min_child_weight': 24.97073714505272}. Best is trial 0 with value: 157.07975815318875.[0m
[32m[I 2023-01-22 10:25:50,298][0m Trial 9 finished with value: 157.07975815318875 and parameters: {'max_depth': 4, 'learning_rate': 0.03269124292259021, 'colsample_bytree': 0.48274293753904685, 'subsample': 0.691602867216395, 'alpha': 2.059733535743719, 'lambda': 4.638759594322625e-08, 'gamma': 1.683416412018213e-05, 'min_child_weight': 17.050539260269293}. Best is trial 0 with value: 157.07975815318875.[0m
[32m[I 2023-01-22 10:25:51,720][0m Trial 10 finished with value: 157.07975815318875 and parameters: {'max_depth': 12, 'learning_rate': 0.005069524045190436, 'colsample_bytree': 0.46246121214963276, 'subsample': 0.4071847502459278, 'alpha': 0.011119959665896408, 'lambda': 8.764524253376569e-05, 'gamma': 1.3686680646913219e-08, 'min_child_weight': 895.9418014920916}. Best is trial 0 with value: 157.07975815318875.[0m
[32m[I 2023-01-22 10:25:52,868][0m Trial 11 finished with value: 157.07975815318875 and parameters: {'max_depth': 10, 'learning_rate': 0.04914319625162734, 'colsample_bytree': 0.35496966818854064, 'subsample': 0.627568268662327, 'alpha': 7.094621382610851, 'lambda': 1.082535558141674e-05, 'gamma': 2.0076751494057614e-08, 'min_child_weight': 308.6739921328437}. Best is trial 0 with value: 157.07975815318875.[0m
[32m[I 2023-01-22 10:25:54,247][0m Trial 12 finished with value: 157.07975815318875 and parameters: {'max_depth': 10, 'learning_rate': 0.025428046140413742, 'colsample_bytree': 0.4884032272372183, 'subsample': 0.7831484441888801, 'alpha': 1.866399180242799, 'lambda': 0.0016497110026833196, 'gamma': 5.997698489764017e-07, 'min_child_weight': 225.75434418905797}. Best is trial 0 with value: 157.07975815318875.[0m
[32m[I 2023-01-22 10:26:02,325][0m Trial 13 finished with value: 157.07975815318875 and parameters: {'max_depth': 9, 'learning_rate': 0.022907345587475394, 'colsample_bytree': 0.4348992573884859, 'subsample': 0.6579178144028042, 'alpha': 0.032629595908661234, 'lambda': 1.5854741167674294e-06, 'gamma': 9.868745464853761, 'min_child_weight': 10.235005457971534}. Best is trial 0 with value: 157.07975815318875.[0m
[32m[I 2023-01-22 10:26:03,975][0m Trial 14 finished with value: 157.07975815318875 and parameters: {'max_depth': 7, 'learning_rate': 0.03734923210984427, 'colsample_bytree': 0.5375920406844779, 'subsample': 0.5376022736475863, 'alpha': 0.3425481392213296, 'lambda': 3.890377834635129e-05, 'gamma': 2.3549110805943055e-07, 'min_child_weight': 329.44260978172065}. Best is trial 0 with value: 157.07975815318875.[0m
[32m[I 2023-01-22 10:26:04,881][0m Trial 15 finished with value: 157.07975815318875 and parameters: {'max_depth': 12, 'learning_rate': 0.02239741697494752, 'colsample_bytree': 0.31572928855472704, 'subsample': 0.7967544619046032, 'alpha': 1.6728599103763029, 'lambda': 8.709373316461742e-07, 'gamma': 8.925905274192765e-05, 'min_child_weight': 126.68031739924743}. Best is trial 0 with value: 157.07975815318875.[0m
[32m[I 2023-01-22 10:26:06,248][0m Trial 16 finished with value: 157.07975815318875 and parameters: {'max_depth': 10, 'learning_rate': 0.011232894046987978, 'colsample_bytree': 0.42865899819557, 'subsample': 0.569221734655711, 'alpha': 0.17495769385305515, 'lambda': 0.0017482274705963976, 'gamma': 2.916753040796658e-07, 'min_child_weight': 489.8765997452522}. Best is trial 0 with value: 157.07975815318875.[0m
[32m[I 2023-01-22 10:26:11,714][0m Trial 17 finished with value: 157.07975815318875 and parameters: {'max_depth': 7, 'learning_rate': 0.04204083497108273, 'colsample_bytree': 0.5362148766913247, 'subsample': 0.4697274314999843, 'alpha': 0.3988353669340871, 'lambda': 3.3177337771906505e-05, 'gamma': 9.144599597667506e-08, 'min_child_weight': 276.0052141222748}. Best is trial 0 with value: 157.07975815318875.[0m
[32m[I 2023-01-22 10:26:13,446][0m Trial 18 finished with value: 157.07975815318875 and parameters: {'max_depth': 11, 'learning_rate': 0.02110159623585324, 'colsample_bytree': 0.3176165336704524, 'subsample': 0.6543745323215147, 'alpha': 0.8974835513193232, 'lambda': 4.6754407633881835e-07, 'gamma': 0.0007081773482094382, 'min_child_weight': 151.03406097788675}. Best is trial 0 with value: 157.07975815318875.[0m
[32m[I 2023-01-22 10:26:16,500][0m Trial 19 finished with value: 157.07975815318875 and parameters: {'max_depth': 10, 'learning_rate': 0.011472265820274177, 'colsample_bytree': 0.4202277783201278, 'subsample': 0.5695956616104436, 'alpha': 0.16846445598388332, 'lambda': 0.037809433114824625, 'gamma': 0.0001039767169698885, 'min_child_weight': 587.8782328916333}. Best is trial 0 with value: 157.07975815318875.[0m
[32m[I 2023-01-22 10:26:17,931][0m Trial 20 finished with value: 157.07975815318875 and parameters: {'max_depth': 7, 'learning_rate': 0.03751245170612569, 'colsample_bytree': 0.5298528902087923, 'subsample': 0.4555959641366263, 'alpha': 0.037675242115970786, 'lambda': 0.00035813672357965106, 'gamma': 6.418600599764309e-08, 'min_child_weight': 219.18212939384898}. Best is trial 0 with value: 157.07975815318875.[0m
[32m[I 2023-01-22 10:26:19,393][0m Trial 21 finished with value: 157.07975815318875 and parameters: {'max_depth': 7, 'learning_rate': 0.042178164761670994, 'colsample_bytree': 0.5272528100753764, 'subsample': 0.6489959608936307, 'alpha': 0.7802098489232304, 'lambda': 1.0875821940496263e-08, 'gamma': 0.0008376843625488429, 'min_child_weight': 163.95515527683636}. Best is trial 0 with value: 157.07975815318875.[0m
[32m[I 2023-01-22 10:26:20,805][0m Trial 22 finished with value: 157.07975815318875 and parameters: {'max_depth': 11, 'learning_rate': 0.011977503153646119, 'colsample_bytree': 0.39411467579100196, 'subsample': 0.5697158555036531, 'alpha': 0.180580735511755, 'lambda': 0.05813603916829483, 'gamma': 0.00012895426531261058, 'min_child_weight': 500.8543004507912}. Best is trial 0 with value: 157.07975815318875.[0m
[32m[I 2023-01-22 10:26:21,817][0m Trial 23 finished with value: 157.07975815318875 and parameters: {'max_depth': 6, 'learning_rate': 0.011512682965664219, 'colsample_bytree': 0.5077175191033237, 'subsample': 0.4549612269166182, 'alpha': 0.030042242414350866, 'lambda': 0.042698422166149504, 'gamma': 6.032866894472815e-08, 'min_child_weight': 491.8304182406619}. Best is trial 0 with value: 157.07975815318875.[0m
[32m[I 2023-01-22 10:26:22,736][0m Trial 24 finished with value: 157.07975815318875 and parameters: {'max_depth': 7, 'learning_rate': 0.0351616322908879, 'colsample_bytree': 0.554643158784769, 'subsample': 0.665016991931625, 'alpha': 0.05593531190979529, 'lambda': 1.813990329277249e-08, 'gamma': 1.5472117355639832e-06, 'min_child_weight': 185.01177537247094}. Best is trial 0 with value: 157.07975815318875.[0m
[32m[I 2023-01-22 10:26:23,675][0m Trial 25 finished with value: 157.07975815318875 and parameters: {'max_depth': 9, 'learning_rate': 0.008576033508516025, 'colsample_bytree': 0.3915795198183904, 'subsample': 0.6090890919327059, 'alpha': 0.1132058088554042, 'lambda': 0.5108692909771542, 'gamma': 4.664864597815026e-05, 'min_child_weight': 997.3026847681422}. Best is trial 0 with value: 157.07975815318875.[0m
