[32m[I 2023-01-22 11:30:50,946][0m Trial 70 finished with value: 164.68106794747555 and parameters: {'max_depth': 4, 'learning_rate': 0.03902368704158222, 'colsample_bytree': 0.3584929020544965, 'subsample': 0.7490710177322432, 'alpha': 0.22437382110742696, 'lambda': 6.536463581177258e-07, 'gamma': 0.022082600074055617, 'min_child_weight': 379.07939176449935}. Best is trial 65 with value: 2.2426834566165774.[0m
[32m[I 2023-01-22 11:30:59,801][0m Trial 71 finished with value: 2.2650065054078605 and parameters: {'max_depth': 4, 'learning_rate': 0.019975921518286723, 'colsample_bytree': 0.30754987013909413, 'subsample': 0.7234157673453284, 'alpha': 0.1339710798098853, 'lambda': 2.082859409250836e-06, 'gamma': 0.04869270653644671, 'min_child_weight': 11.609405866634157}. Best is trial 65 with value: 2.2426834566165774.[0m
[32m[I 2023-01-22 11:31:13,623][0m Trial 72 finished with value: 3.221260846862421 and parameters: {'max_depth': 4, 'learning_rate': 0.019574471772836825, 'colsample_bytree': 0.31193668854598666, 'subsample': 0.7212218443125968, 'alpha': 0.15859419842672257, 'lambda': 1.3964492583060326e-06, 'gamma': 0.002007030728374808, 'min_child_weight': 15.063140369911439}. Best is trial 65 with value: 2.2426834566165774.[0m
[32m[I 2023-01-22 11:31:17,510][0m Trial 73 finished with value: 2.2910180541697045 and parameters: {'max_depth': 4, 'learning_rate': 0.027618590680602195, 'colsample_bytree': 0.2987707845087355, 'subsample': 0.686169705778664, 'alpha': 0.3960880175631295, 'lambda': 7.146406232801098e-06, 'gamma': 0.039194006690296046, 'min_child_weight': 11.783965645875544}. Best is trial 65 with value: 2.2426834566165774.[0m
[32m[I 2023-01-22 11:31:20,529][0m Trial 74 finished with value: 2.2617733519425522 and parameters: {'max_depth': 4, 'learning_rate': 0.028748258226479303, 'colsample_bytree': 0.32356512582546076, 'subsample': 0.6901856548347085, 'alpha': 0.4354981130622089, 'lambda': 4.5934117478307414e-05, 'gamma': 0.008906056426081357, 'min_child_weight': 12.491536302741993}. Best is trial 65 with value: 2.2426834566165774.[0m
[32m[I 2023-01-22 11:31:29,252][0m Trial 75 finished with value: 2.847467686609032 and parameters: {'max_depth': 4, 'learning_rate': 0.02912662112191008, 'colsample_bytree': 0.32297006743787854, 'subsample': 0.684296762886731, 'alpha': 0.4144051592335258, 'lambda': 4.7981672422989773e-05, 'gamma': 0.009563500066578773, 'min_child_weight': 14.218636873376083}. Best is trial 65 with value: 2.2426834566165774.[0m
[32m[I 2023-01-22 11:31:30,642][0m Trial 76 finished with value: 8.344717846787475 and parameters: {'max_depth': 4, 'learning_rate': 0.0270212010702146, 'colsample_bytree': 0.36492416815177664, 'subsample': 0.7131095255677791, 'alpha': 0.6752724298173777, 'lambda': 1.1314735380419999e-05, 'gamma': 0.04328896048452396, 'min_child_weight': 21.19570255599453}. Best is trial 65 with value: 2.2426834566165774.[0m
[32m[I 2023-01-22 11:31:32,878][0m Trial 77 finished with value: 2.3137022055857672 and parameters: {'max_depth': 4, 'learning_rate': 0.039701924628479046, 'colsample_bytree': 0.3475332266077382, 'subsample': 0.7287141488951805, 'alpha': 0.2840524277937864, 'lambda': 0.0001200397598493265, 'gamma': 0.0008611591213429469, 'min_child_weight': 10.043804436465699}. Best is trial 65 with value: 2.2426834566165774.[0m
[32m[I 2023-01-22 11:31:34,651][0m Trial 78 finished with value: 8.453021701088012 and parameters: {'max_depth': 4, 'learning_rate': 0.024555896873126423, 'colsample_bytree': 0.2945420595523962, 'subsample': 0.7061717903112937, 'alpha': 0.518454333429358, 'lambda': 3.010650063327443e-05, 'gamma': 0.008053520134607025, 'min_child_weight': 25.518129859169058}. Best is trial 65 with value: 2.2426834566165774.[0m
[32m[I 2023-01-22 11:31:37,363][0m Trial 79 finished with value: 8.398009643011552 and parameters: {'max_depth': 4, 'learning_rate': 0.03018029751703679, 'colsample_bytree': 0.3313227258690057, 'subsample': 0.6609648548208694, 'alpha': 0.1909935596015513, 'lambda': 1.6256767703024799e-06, 'gamma': 0.0034482840720689474, 'min_child_weight': 17.66336974851801}. Best is trial 65 with value: 2.2426834566165774.[0m
[32m[I 2023-01-22 11:31:40,987][0m Trial 80 finished with value: 2.3028850504256466 and parameters: {'max_depth': 5, 'learning_rate': 0.02716434585919283, 'colsample_bytree': 0.30332668815940184, 'subsample': 0.6880334155987806, 'alpha': 0.3897121099168806, 'lambda': 1.331586352685264e-05, 'gamma': 0.017321103939628647, 'min_child_weight': 12.29984504165043}. Best is trial 65 with value: 2.2426834566165774.[0m
[32m[I 2023-01-22 11:31:45,505][0m Trial 81 finished with value: 2.2613269073762714 and parameters: {'max_depth': 5, 'learning_rate': 0.02521076727909337, 'colsample_bytree': 0.3156491179370755, 'subsample': 0.7508780111804, 'alpha': 0.24000783926965236, 'lambda': 6.742922598210925e-06, 'gamma': 0.04728411793773779, 'min_child_weight': 11.922972006757151}. Best is trial 65 with value: 2.2426834566165774.[0m
[32m[I 2023-01-22 11:31:48,347][0m Trial 82 finished with value: 2.3633277467205915 and parameters: {'max_depth': 6, 'learning_rate': 0.033239146759749864, 'colsample_bytree': 0.31584169661672473, 'subsample': 0.7491515834683444, 'alpha': 0.2621492510391103, 'lambda': 2.1033861542624007e-06, 'gamma': 0.03151376386343571, 'min_child_weight': 13.72705898388512}. Best is trial 65 with value: 2.2426834566165774.[0m
[32m[I 2023-01-22 11:31:51,208][0m Trial 83 finished with value: 2.311808522567746 and parameters: {'max_depth': 4, 'learning_rate': 0.02626489976214669, 'colsample_bytree': 0.3398046446250317, 'subsample': 0.7292272574983696, 'alpha': 0.37165795755352776, 'lambda': 5.184719314573414e-07, 'gamma': 0.04629864210761138, 'min_child_weight': 12.222703297655702}. Best is trial 65 with value: 2.2426834566165774.[0m
[32m[I 2023-01-22 11:31:57,361][0m Trial 84 finished with value: 6.760760807362246 and parameters: {'max_depth': 4, 'learning_rate': 0.03676063561032574, 'colsample_bytree': 0.3228212083059215, 'subsample': 0.7094633798345685, 'alpha': 0.5712298225619041, 'lambda': 0.00021837351503192656, 'gamma': 0.17891198252026436, 'min_child_weight': 16.285744761264432}. Best is trial 65 with value: 2.2426834566165774.[0m
[32m[I 2023-01-22 11:32:02,948][0m Trial 85 finished with value: 2.737135966394296 and parameters: {'max_depth': 5, 'learning_rate': 0.028508197295506424, 'colsample_bytree': 0.2907743053867296, 'subsample': 0.6986668557450662, 'alpha': 0.2038459683628613, 'lambda': 8.22772480891209e-06, 'gamma': 0.003671971604120219, 'min_child_weight': 14.735975548440011}. Best is trial 65 with value: 2.2426834566165774.[0m
[32m[I 2023-01-22 11:32:07,993][0m Trial 86 finished with value: 2.2524304261158345 and parameters: {'max_depth': 4, 'learning_rate': 0.02426104543021978, 'colsample_bytree': 0.30983431409594714, 'subsample': 0.748106183835469, 'alpha': 0.2848342341507188, 'lambda': 2.0175187871522235e-06, 'gamma': 0.05141978534924356, 'min_child_weight': 11.668487550831706}. Best is trial 65 with value: 2.2426834566165774.[0m
[32m[I 2023-01-22 11:32:11,165][0m Trial 87 finished with value: 2.3008494605093865 and parameters: {'max_depth': 5, 'learning_rate': 0.02430428830875388, 'colsample_bytree': 0.37117684021752945, 'subsample': 0.7466709402712677, 'alpha': 0.17292681332117507, 'lambda': 7.905711485175408e-07, 'gamma': 0.14207433849533335, 'min_child_weight': 10.04683051467347}. Best is trial 65 with value: 2.2426834566165774.[0m
[32m[I 2023-01-22 11:32:14,777][0m Trial 88 finished with value: 8.539973366365462 and parameters: {'max_depth': 6, 'learning_rate': 0.017487762391440502, 'colsample_bytree': 0.3569723255865578, 'subsample': 0.7681269502722579, 'alpha': 0.23855621218000483, 'lambda': 3.556768294943187e-05, 'gamma': 0.05238142157091204, 'min_child_weight': 20.8949435061087}. Best is trial 65 with value: 2.2426834566165774.[0m
[32m[I 2023-01-22 11:32:20,685][0m Trial 89 finished with value: 2.3034413197397825 and parameters: {'max_depth': 4, 'learning_rate': 0.01922428443824199, 'colsample_bytree': 0.31365126140980754, 'subsample': 0.7563084491473648, 'alpha': 0.28704704185502133, 'lambda': 2.953468111515085e-07, 'gamma': 0.020784063073951427, 'min_child_weight': 13.081003122901146}. Best is trial 65 with value: 2.2426834566165774.[0m
[32m[I 2023-01-22 11:32:28,494][0m Trial 90 finished with value: 7.79209718431284 and parameters: {'max_depth': 6, 'learning_rate': 0.025508569327379303, 'colsample_bytree': 0.4091693039216357, 'subsample': 0.7488689570504304, 'alpha': 0.3190339908415541, 'lambda': 9.518835483901086e-08, 'gamma': 4.5469704908499133e-05, 'min_child_weight': 17.99555800260437}. Best is trial 65 with value: 2.2426834566165774.[0m
[32m[I 2023-01-22 11:32:32,847][0m Trial 91 finished with value: 2.244328816289469 and parameters: {'max_depth': 4, 'learning_rate': 0.023700371858376566, 'colsample_bytree': 0.33100115609542236, 'subsample': 0.7327247233037089, 'alpha': 0.4502854277443115, 'lambda': 1.942093067959321e-06, 'gamma': 0.011672036668300221, 'min_child_weight': 11.75839712958039}. Best is trial 65 with value: 2.2426834566165774.[0m
[32m[I 2023-01-22 11:32:36,912][0m Trial 92 finished with value: 2.2697226045384555 and parameters: {'max_depth': 4, 'learning_rate': 0.03148226687078986, 'colsample_bytree': 0.3378828292597327, 'subsample': 0.7343659061722578, 'alpha': 0.6954596467254757, 'lambda': 2.150487441735494e-06, 'gamma': 0.010719749811754435, 'min_child_weight': 11.539143142658183}. Best is trial 65 with value: 2.2426834566165774.[0m
[32m[I 2023-01-22 11:32:40,060][0m Trial 93 finished with value: 2.261552046757819 and parameters: {'max_depth': 4, 'learning_rate': 0.03158506207244528, 'colsample_bytree': 0.3868025121729706, 'subsample': 0.7303321466639363, 'alpha': 0.6910755924103197, 'lambda': 2.256356892698218e-06, 'gamma': 0.01192436692501096, 'min_child_weight': 11.593617603474422}. Best is trial 65 with value: 2.2426834566165774.[0m
[32m[I 2023-01-22 11:32:45,944][0m Trial 94 finished with value: 2.5051463656305644 and parameters: {'max_depth': 4, 'learning_rate': 0.03070528716820335, 'colsample_bytree': 0.38154551570823275, 'subsample': 0.7240597533198441, 'alpha': 0.7895484666872303, 'lambda': 2.246190556397609e-06, 'gamma': 0.01165013753170324, 'min_child_weight': 13.60471623664788}. Best is trial 65 with value: 2.2426834566165774.[0m
[32m[I 2023-01-22 11:32:52,276][0m Trial 95 finished with value: 2.24520096708059 and parameters: {'max_depth': 4, 'learning_rate': 0.03219805589540463, 'colsample_bytree': 0.3469172484429246, 'subsample': 0.7128815877845371, 'alpha': 0.6278194956827677, 'lambda': 2.0225178421367707e-06, 'gamma': 0.0014112659157918045, 'min_child_weight': 11.4015729482565}. Best is trial 65 with value: 2.2426834566165774.[0m
[32m[I 2023-01-22 11:33:00,849][0m Trial 96 finished with value: 6.816787919467616 and parameters: {'max_depth': 4, 'learning_rate': 0.03230776352578973, 'colsample_bytree': 0.3370849131475028, 'subsample': 0.7150800955036348, 'alpha': 0.6486135086610908, 'lambda': 1.7198032175021545e-05, 'gamma': 0.001815291165853979, 'min_child_weight': 16.3146212925025}. Best is trial 65 with value: 2.2426834566165774.[0m
[32m[I 2023-01-22 11:33:09,970][0m Trial 97 finished with value: 2.345852596676768 and parameters: {'max_depth': 4, 'learning_rate': 0.04231122864225579, 'colsample_bytree': 0.3529992869078101, 'subsample': 0.7021333678721382, 'alpha': 0.46673902658174543, 'lambda': 2.2928670277434137e-06, 'gamma': 0.0008540923035729519, 'min_child_weight': 11.86134942003716}. Best is trial 65 with value: 2.2426834566165774.[0m
[32m[I 2023-01-22 11:33:30,728][0m Trial 98 finished with value: 2.489648579169176 and parameters: {'max_depth': 4, 'learning_rate': 0.0374157459590444, 'colsample_bytree': 0.4323383570503482, 'subsample': 0.7165160474863016, 'alpha': 1.055140627862592, 'lambda': 1.278613400850997e-06, 'gamma': 0.008140266540542741, 'min_child_weight': 13.90203046529408}. Best is trial 65 with value: 2.2426834566165774.[0m
[32m[I 2023-01-22 11:33:33,313][0m Trial 99 finished with value: 6.033742897981708 and parameters: {'max_depth': 4, 'learning_rate': 0.030125236979573932, 'colsample_bytree': 0.3461772792206458, 'subsample': 0.6739218322545802, 'alpha': 0.588794579243876, 'lambda': 9.960486614554745e-07, 'gamma': 0.004262629897910712, 'min_child_weight': 15.271840087877397}. Best is trial 65 with value: 2.2426834566165774.[0m
Uploaded file from /Users/kevinmaikjablonka/git/kjappelbaum/gptchem/experiments/04_regression/polymers/out/20230122_110233/train.jsonl: file-UIDdp4YJ3nM1a3Yx9x5B4ODt
Ran train size 20 and got MAE nan, baseline 2.65466979861862
Upload progress:   0%|          | 0.00/12.1k [00:00<?, ?it/s]Upload progress: 100%|██████████| 12.1k/12.1k [00:00<00:00, 8.44Mit/s]
2023-01-22 11:33:35.472 | DEBUG    | gptchem.tuner:tune:186 - Requested fine tuning. {
  "created_at": 1674383617,
  "events": [
    {
      "created_at": 1674383617,
      "level": "info",
      "message": "Created fine-tune: ft-69Ta8xmAN1Sa3RFi7dtLfM8g",
      "object": "fine-tune-event"
    }
  ],
  "fine_tuned_model": null,
  "hyperparams": {
    "batch_size": null,
    "learning_rate_multiplier": 0.02,
    "n_epochs": 8,
    "prompt_loss_weight": 0.01
  },
  "id": "ft-69Ta8xmAN1Sa3RFi7dtLfM8g",
  "model": "ada",
  "object": "fine-tune",
  "organization_id": "org-TFRJXw3PPQocOWbu71eI2t9U",
  "result_files": [],
  "status": "pending",
  "training_files": [
    {
      "bytes": 12094,
      "created_at": 1674383617,
      "filename": "/Users/kevinmaikjablonka/git/kjappelbaum/gptchem/experiments/04_regression/polymers/out/20230122_113333/train.jsonl",
      "id": "file-S7rOU8R9J7BSrKbuhmO6FAHB",
      "object": "file",
      "purpose": "fine-tune",
      "status": "uploaded",
      "status_details": null
    }
  ],
  "updated_at": 1674383617,
  "validation_files": []
}
2023-01-22 11:33:35.719 | DEBUG    | gptchem.tuner:get_ft_model_name:29 - Fine tuning status: pending
2023-01-22 11:35:36.218 | DEBUG    | gptchem.tuner:get_ft_model_name:29 - Fine tuning status: pending
2023-01-22 11:37:36.889 | DEBUG    | gptchem.tuner:get_ft_model_name:29 - Fine tuning status: pending
2023-01-22 11:39:37.517 | DEBUG    | gptchem.tuner:get_ft_model_name:29 - Fine tuning status: pending
2023-01-22 11:41:42.493 | DEBUG    | gptchem.tuner:get_ft_model_name:29 - Fine tuning status: pending
2023-01-22 11:43:43.282 | DEBUG    | gptchem.tuner:get_ft_model_name:29 - Fine tuning status: pending
2023-01-22 11:45:44.302 | DEBUG    | gptchem.tuner:get_ft_model_name:29 - Fine tuning status: pending
2023-01-22 11:47:44.805 | DEBUG    | gptchem.tuner:get_ft_model_name:29 - Fine tuning status: pending
2023-01-22 11:49:45.272 | DEBUG    | gptchem.tuner:get_ft_model_name:29 - Fine tuning status: pending
2023-01-22 11:53:26.263 | DEBUG    | gptchem.tuner:get_ft_model_name:29 - Fine tuning status: pending
2023-01-22 11:58:06.818 | DEBUG    | gptchem.tuner:get_ft_model_name:29 - Fine tuning status: pending
2023-01-22 12:00:07.867 | DEBUG    | gptchem.tuner:get_ft_model_name:29 - Fine tuning status: running
2023-01-22 12:02:08.978 | DEBUG    | gptchem.tuner:get_ft_model_name:29 - Fine tuning status: succeeded
2023-01-22 12:02:08.985 | DEBUG    | gptchem.tuner:tune:202 - Fine tuning completed. {'base_model': 'ada', 'batch_size': None, 'n_epochs': 8, 'learning_rate_multiplier': 0.02, 'run_name': None, 'wandb_sync': False, 'outdir': '/Users/kevinmaikjablonka/git/kjappelbaum/gptchem/experiments/04_regression/polymers/out/20230122_113333', 'train_filename': '/Users/kevinmaikjablonka/git/kjappelbaum/gptchem/experiments/04_regression/polymers/out/20230122_113333/train.jsonl', 'valid_filename': 'None', 'model_name': 'ada:ft-lsmoepfl-2023-01-22-11-01-33', 'ft_id': 'ft-69Ta8xmAN1Sa3RFi7dtLfM8g', 'date': '20230122_120208', 'train_file_id': 'file-S7rOU8R9J7BSrKbuhmO6FAHB', 'valid_file_id': None}
[32m[I 2023-01-22 12:02:17,088][0m A new study created in memory with name: no-name-a2ae427b-ed0e-4d70-b5c0-2b9fe06a2231[0m
[32m[I 2023-01-22 12:02:27,722][0m Trial 0 finished with value: 161.1103761615941 and parameters: {'max_depth': 7, 'learning_rate': 0.044635901521768134, 'colsample_bytree': 0.49279757672456204, 'subsample': 0.6394633936788147, 'alpha': 0.02938027938703535, 'lambda': 2.5348407664333426e-07, 'gamma': 3.3323645788192616e-08, 'min_child_weight': 539.948440978743}. Best is trial 0 with value: 161.1103761615941.[0m
[32m[I 2023-01-22 12:02:41,027][0m Trial 1 finished with value: 2.6519869300641536 and parameters: {'max_depth': 9, 'learning_rate': 0.025529516046973785, 'colsample_bytree': 0.20823379771832098, 'subsample': 0.7879639408647978, 'alpha': 3.142880890840109, 'lambda': 8.148018307012941e-07, 'gamma': 4.329370014459266e-07, 'min_child_weight': 23.270677083837796}. Best is trial 1 with value: 2.6519869300641536.[0m
[32m[I 2023-01-22 12:02:46,319][0m Trial 2 finished with value: 161.1103761615941 and parameters: {'max_depth': 6, 'learning_rate': 0.016738881542579662, 'colsample_bytree': 0.3727780074568463, 'subsample': 0.5164916560792168, 'alpha': 0.6847920095574779, 'lambda': 1.8007140198129195e-07, 'gamma': 4.258943089524393e-06, 'min_child_weight': 54.041038546473274}. Best is trial 1 with value: 2.6519869300641536.[0m
[32m[I 2023-01-22 12:02:57,466][0m Trial 3 finished with value: 2.717693149454082 and parameters: {'max_depth': 8, 'learning_rate': 0.030489195547657565, 'colsample_bytree': 0.2798695128633439, 'subsample': 0.6056937753654447, 'alpha': 0.59874749104614, 'lambda': 2.6185068507773707e-08, 'gamma': 0.0029369981104377003, 'min_child_weight': 21.93048555664369}. Best is trial 1 with value: 2.6519869300641536.[0m
[32m[I 2023-01-22 12:02:58,670][0m Trial 4 finished with value: 161.1103761615941 and parameters: {'max_depth': 4, 'learning_rate': 0.044448339535094646, 'colsample_bytree': 0.5862528132298237, 'subsample': 0.7233589392465845, 'alpha': 0.08200518402245831, 'lambda': 7.569183361880229e-08, 'gamma': 0.014391207615728067, 'min_child_weight': 75.91104805282696}. Best is trial 1 with value: 2.6519869300641536.[0m
[32m[I 2023-01-22 12:02:59,258][0m Trial 5 finished with value: 161.1103761615941 and parameters: {'max_depth': 5, 'learning_rate': 0.015636765183901856, 'colsample_bytree': 0.21375540844608737, 'subsample': 0.7637281608315128, 'alpha': 0.059750279999602945, 'lambda': 0.009176996354542699, 'gamma': 6.388511557344611e-06, 'min_child_weight': 109.68217207529523}. Best is trial 1 with value: 2.6519869300641536.[0m
[32m[I 2023-01-22 12:03:02,615][0m Trial 6 finished with value: 161.1103761615941 and parameters: {'max_depth': 8, 'learning_rate': 0.007652872182750091, 'colsample_bytree': 0.5878338511058234, 'subsample': 0.7100531293444459, 'alpha': 6.58410616012161, 'lambda': 1.1309571585271483, 'gamma': 0.002404915432737351, 'min_child_weight': 697.8281265126028}. Best is trial 1 with value: 2.6519869300641536.[0m
[32m[I 2023-01-22 12:03:05,786][0m Trial 7 finished with value: 141.6699793592681 and parameters: {'max_depth': 4, 'learning_rate': 0.007851504189403358, 'colsample_bytree': 0.21809091556421523, 'subsample': 0.5301321323053058, 'alpha': 0.14656553886225335, 'lambda': 2.7678419414850017e-06, 'gamma': 0.28749982347407854, 'min_child_weight': 51.70191786366991}. Best is trial 1 with value: 2.6519869300641536.[0m
[32m[I 2023-01-22 12:03:23,868][0m Trial 8 finished with value: 2.9794030062131416 and parameters: {'max_depth': 6, 'learning_rate': 0.017444803725696106, 'colsample_bytree': 0.25636968998990506, 'subsample': 0.7208787923016159, 'alpha': 0.01673601016782578, 'lambda': 7.620481786158549, 'gamma': 0.08916674715636537, 'min_child_weight': 24.97073714505272}. Best is trial 1 with value: 2.6519869300641536.[0m
[32m[I 2023-01-22 12:03:29,635][0m Trial 9 finished with value: 2.086207305310054 and parameters: {'max_depth': 4, 'learning_rate': 0.03269124292259021, 'colsample_bytree': 0.48274293753904685, 'subsample': 0.691602867216395, 'alpha': 2.059733535743719, 'lambda': 4.638759594322625e-08, 'gamma': 1.683416412018213e-05, 'min_child_weight': 17.050539260269293}. Best is trial 9 with value: 2.086207305310054.[0m
[32m[I 2023-01-22 12:04:04,096][0m Trial 10 finished with value: 2.2047922500152066 and parameters: {'max_depth': 12, 'learning_rate': 0.005069524045190436, 'colsample_bytree': 0.4565821292831765, 'subsample': 0.4071847502459278, 'alpha': 1.8298457451823495, 'lambda': 5.9361246269484965e-05, 'gamma': 4.344469108550388, 'min_child_weight': 10.525161528906533}. Best is trial 9 with value: 2.086207305310054.[0m
[32m[I 2023-01-22 12:04:46,070][0m Trial 11 finished with value: 2.2313948324847273 and parameters: {'max_depth': 12, 'learning_rate': 0.0050787519656571, 'colsample_bytree': 0.44934997572225366, 'subsample': 0.4068744601075835, 'alpha': 2.1996935970069345, 'lambda': 8.11346647162649e-05, 'gamma': 4.188416507348488, 'min_child_weight': 10.513908475903122}. Best is trial 9 with value: 2.086207305310054.[0m
[32m[I 2023-01-22 12:05:09,163][0m Trial 12 finished with value: 2.245574226358869 and parameters: {'max_depth': 12, 'learning_rate': 0.010449971685072303, 'colsample_bytree': 0.48691460570760037, 'subsample': 0.4026268487517209, 'alpha': 1.2477221909072087, 'lambda': 5.1305011650950066e-05, 'gamma': 0.00016532821239979752, 'min_child_weight': 12.354193768974362}. Best is trial 9 with value: 2.086207305310054.[0m
[32m[I 2023-01-22 12:05:10,321][0m Trial 13 finished with value: 161.1103761615941 and parameters: {'max_depth': 10, 'learning_rate': 0.028326596637011918, 'colsample_bytree': 0.392515397186409, 'subsample': 0.4908556046603514, 'alpha': 8.536846801666597, 'lambda': 0.008865465164105253, 'gamma': 8.773472263092482e-05, 'min_child_weight': 224.1428659980156}. Best is trial 9 with value: 2.086207305310054.[0m
