[32m[I 2023-01-22 13:06:10,810][0m Trial 10 finished with value: 1.8248389580446074 and parameters: {'max_depth': 12, 'learning_rate': 0.005069524045190436, 'colsample_bytree': 0.4565821292831765, 'subsample': 0.4071847502459278, 'alpha': 1.8298457451823495, 'lambda': 5.9361246269484965e-05, 'gamma': 4.344469108550388, 'min_child_weight': 10.525161528906533}. Best is trial 9 with value: 1.5294036341231696.[0m
[32m[I 2023-01-22 13:07:07,801][0m Trial 11 finished with value: 1.858600826915484 and parameters: {'max_depth': 12, 'learning_rate': 0.0050787519656571, 'colsample_bytree': 0.44934997572225366, 'subsample': 0.4068744601075835, 'alpha': 2.1996935970069345, 'lambda': 8.11346647162649e-05, 'gamma': 4.188416507348488, 'min_child_weight': 10.513908475903122}. Best is trial 9 with value: 1.5294036341231696.[0m
[32m[I 2023-01-22 13:08:08,370][0m Trial 12 finished with value: 1.658361518589586 and parameters: {'max_depth': 12, 'learning_rate': 0.010449971685072303, 'colsample_bytree': 0.48691460570760037, 'subsample': 0.4026268487517209, 'alpha': 1.2477221909072087, 'lambda': 5.1305011650950066e-05, 'gamma': 0.00016532821239979752, 'min_child_weight': 12.354193768974362}. Best is trial 9 with value: 1.5294036341231696.[0m
[32m[I 2023-01-22 13:08:09,383][0m Trial 13 finished with value: 163.50873511411126 and parameters: {'max_depth': 10, 'learning_rate': 0.009449055070855491, 'colsample_bytree': 0.5170568439631311, 'subsample': 0.4908556046603514, 'alpha': 8.536846801666597, 'lambda': 0.008865465164105253, 'gamma': 8.773472263092482e-05, 'min_child_weight': 224.1428659980156}. Best is trial 9 with value: 1.5294036341231696.[0m
[32m[I 2023-01-22 13:09:13,302][0m Trial 14 finished with value: 1.6349792125940528 and parameters: {'max_depth': 11, 'learning_rate': 0.011747741233877916, 'colsample_bytree': 0.3810344951889621, 'subsample': 0.6578694741072342, 'alpha': 0.6755643147600743, 'lambda': 8.666484504347707e-06, 'gamma': 0.00014422243561457965, 'min_child_weight': 19.336592184609753}. Best is trial 9 with value: 1.5294036341231696.[0m
[32m[I 2023-01-22 13:09:28,766][0m Trial 15 finished with value: 2.462681051184797 and parameters: {'max_depth': 10, 'learning_rate': 0.025196680961766964, 'colsample_bytree': 0.3660826465453199, 'subsample': 0.6563589059197368, 'alpha': 0.26119561701655764, 'lambda': 8.391914207210092e-06, 'gamma': 6.364501631001885e-05, 'min_child_weight': 37.4621405112933}. Best is trial 9 with value: 1.5294036341231696.[0m
[32m[I 2023-01-22 13:09:31,931][0m Trial 16 finished with value: 163.50873511411126 and parameters: {'max_depth': 10, 'learning_rate': 0.013746117157512939, 'colsample_bytree': 0.32819048414165786, 'subsample': 0.669192770340704, 'alpha': 0.6726356302293586, 'lambda': 0.0017482274705963976, 'gamma': 7.565770484313292e-06, 'min_child_weight': 190.0802228822254}. Best is trial 9 with value: 1.5294036341231696.[0m
[32m[I 2023-01-22 13:09:54,829][0m Trial 17 finished with value: 1.763812047994469 and parameters: {'max_depth': 11, 'learning_rate': 0.034280158328283704, 'colsample_bytree': 0.42500514281013646, 'subsample': 0.5646913773961543, 'alpha': 0.2882784863754819, 'lambda': 1.7578071939504656e-08, 'gamma': 1.314053143275926e-08, 'min_child_weight': 20.59282972243644}. Best is trial 9 with value: 1.5294036341231696.[0m
[32m[I 2023-01-22 13:10:09,802][0m Trial 18 finished with value: 2.2825527770547436 and parameters: {'max_depth': 7, 'learning_rate': 0.02110159623585324, 'colsample_bytree': 0.5406069544760227, 'subsample': 0.6029967056557426, 'alpha': 4.8663280431769795, 'lambda': 4.843615461443337e-06, 'gamma': 0.0013519353247503287, 'min_child_weight': 34.64466239926242}. Best is trial 9 with value: 1.5294036341231696.[0m
[32m[I 2023-01-22 13:10:39,710][0m Trial 19 finished with value: 20.761382140102548 and parameters: {'max_depth': 9, 'learning_rate': 0.01276385092935513, 'colsample_bytree': 0.33375014166441824, 'subsample': 0.6970303337810757, 'alpha': 1.252169906721864, 'lambda': 0.0004745035238306937, 'gamma': 3.473364153776168e-07, 'min_child_weight': 120.9433006255262}. Best is trial 9 with value: 1.5294036341231696.[0m
[32m[I 2023-01-22 13:11:09,915][0m Trial 20 finished with value: 1.630517694075003 and parameters: {'max_depth': 5, 'learning_rate': 0.035967334024174215, 'colsample_bytree': 0.40367668127557244, 'subsample': 0.751800318355228, 'alpha': 3.760448430016838, 'lambda': 8.120566809561646e-07, 'gamma': 4.219760011128724e-07, 'min_child_weight': 16.692720817473322}. Best is trial 9 with value: 1.5294036341231696.[0m
[32m[I 2023-01-22 13:11:46,602][0m Trial 21 finished with value: 1.6411921847678415 and parameters: {'max_depth': 5, 'learning_rate': 0.03551684080617813, 'colsample_bytree': 0.40698136696569054, 'subsample': 0.7791156621878385, 'alpha': 2.8640352730420924, 'lambda': 6.066205170810131e-07, 'gamma': 6.621988065668317e-07, 'min_child_weight': 17.282714978196385}. Best is trial 9 with value: 1.5294036341231696.[0m
[32m[I 2023-01-22 13:12:12,478][0m Trial 22 finished with value: 1.6598497238232048 and parameters: {'max_depth': 5, 'learning_rate': 0.048668693228331276, 'colsample_bytree': 0.37830871953554973, 'subsample': 0.7476077563455208, 'alpha': 4.180387211791113, 'lambda': 1.093246530230929e-05, 'gamma': 2.8394702715488656e-05, 'min_child_weight': 15.264181532918027}. Best is trial 9 with value: 1.5294036341231696.[0m
[32m[I 2023-01-22 13:12:25,061][0m Trial 23 finished with value: 2.2119662936119626 and parameters: {'max_depth': 4, 'learning_rate': 0.024455645713975165, 'colsample_bytree': 0.4325021470317915, 'subsample': 0.669544997027655, 'alpha': 1.3433138864069114, 'lambda': 1.313102740496942e-06, 'gamma': 6.189776343666488e-08, 'min_child_weight': 34.802346029134945}. Best is trial 9 with value: 1.5294036341231696.[0m
[32m[I 2023-01-22 13:12:46,747][0m Trial 24 finished with value: 1.5121288789347733 and parameters: {'max_depth': 6, 'learning_rate': 0.03754047948428371, 'colsample_bytree': 0.3267340845030492, 'subsample': 0.6237293202413587, 'alpha': 0.49543647192216755, 'lambda': 5.325311250541044e-08, 'gamma': 1.493701651235942e-06, 'min_child_weight': 15.410855546308982}. Best is trial 24 with value: 1.5121288789347733.[0m
[32m[I 2023-01-22 13:13:16,308][0m Trial 25 finished with value: 1.5033217200983455 and parameters: {'max_depth': 6, 'learning_rate': 0.03750276907496896, 'colsample_bytree': 0.31476937240386105, 'subsample': 0.625456214852672, 'alpha': 0.172967229041519, 'lambda': 5.6685254084536663e-08, 'gamma': 1.6272161466868497e-06, 'min_child_weight': 14.631274838261227}. Best is trial 25 with value: 1.5033217200983455.[0m
[32m[I 2023-01-22 13:14:08,662][0m Trial 26 finished with value: 2.3219914093611633 and parameters: {'max_depth': 6, 'learning_rate': 0.03992633657430735, 'colsample_bytree': 0.32393303373337873, 'subsample': 0.5741251819422947, 'alpha': 0.17976046372164836, 'lambda': 1.5264865508450593e-08, 'gamma': 3.166118617525723e-06, 'min_child_weight': 31.813293774286283}. Best is trial 25 with value: 1.5033217200983455.[0m
[32m[I 2023-01-22 13:14:12,202][0m Trial 27 finished with value: 8.929346056861256 and parameters: {'max_depth': 7, 'learning_rate': 0.02940535730208375, 'colsample_bytree': 0.2886320401174827, 'subsample': 0.6315110530023214, 'alpha': 0.43751266076071166, 'lambda': 8.421401113241815e-08, 'gamma': 1.417838332460919e-07, 'min_child_weight': 59.7058512577387}. Best is trial 25 with value: 1.5033217200983455.[0m
[32m[I 2023-01-22 13:15:51,087][0m Trial 28 finished with value: 1.5879448610586295 and parameters: {'max_depth': 6, 'learning_rate': 0.020298044734340204, 'colsample_bytree': 0.2862632750212525, 'subsample': 0.5741686384095296, 'alpha': 0.08297021506778365, 'lambda': 4.395606409238194e-08, 'gamma': 1.584341132388495e-06, 'min_child_weight': 14.075048822912128}. Best is trial 25 with value: 1.5033217200983455.[0m
[32m[I 2023-01-22 13:15:52,144][0m Trial 29 finished with value: 163.50873511411126 and parameters: {'max_depth': 7, 'learning_rate': 0.04901997936543051, 'colsample_bytree': 0.2455457841872151, 'subsample': 0.6220472944438337, 'alpha': 0.02281549356462277, 'lambda': 2.5109161540670323e-07, 'gamma': 1.809740852741056e-05, 'min_child_weight': 212.1364656906713}. Best is trial 25 with value: 1.5033217200983455.[0m
[32m[I 2023-01-22 13:16:16,269][0m Trial 30 finished with value: 2.0200820170792317 and parameters: {'max_depth': 4, 'learning_rate': 0.029930485336359443, 'colsample_bytree': 0.3439243868404561, 'subsample': 0.6870314950988443, 'alpha': 0.04061383843428594, 'lambda': 1.2621864337271245e-08, 'gamma': 0.0005264427386930167, 'min_child_weight': 28.62968247661788}. Best is trial 25 with value: 1.5033217200983455.[0m
[32m[I 2023-01-22 13:16:59,686][0m Trial 31 finished with value: 1.5555087259861442 and parameters: {'max_depth': 6, 'learning_rate': 0.022085800347276658, 'colsample_bytree': 0.2923190921789604, 'subsample': 0.5597262189031815, 'alpha': 0.09578274216824835, 'lambda': 1.639222427919033e-07, 'gamma': 1.4416962065430859e-06, 'min_child_weight': 13.356222967270561}. Best is trial 25 with value: 1.5033217200983455.[0m
[32m[I 2023-01-22 13:17:21,746][0m Trial 32 finished with value: 1.48679628881825 and parameters: {'max_depth': 6, 'learning_rate': 0.041711327494297123, 'colsample_bytree': 0.3106916283291248, 'subsample': 0.5593477929615065, 'alpha': 0.13219684129412065, 'lambda': 2.540397431841836e-07, 'gamma': 1.5132662756029805e-06, 'min_child_weight': 13.28911103617066}. Best is trial 32 with value: 1.48679628881825.[0m
[32m[I 2023-01-22 13:17:24,091][0m Trial 33 finished with value: 163.50873511411126 and parameters: {'max_depth': 5, 'learning_rate': 0.04167764355484136, 'colsample_bytree': 0.31816084171885406, 'subsample': 0.5329519624532161, 'alpha': 0.38037630081849066, 'lambda': 4.4694966259095817e-07, 'gamma': 8.068393526878614e-08, 'min_child_weight': 420.08309586013087}. Best is trial 32 with value: 1.48679628881825.[0m
[32m[I 2023-01-22 13:17:42,407][0m Trial 34 finished with value: 1.43355142608539 and parameters: {'max_depth': 7, 'learning_rate': 0.040110123443637985, 'colsample_bytree': 0.35872371655459645, 'subsample': 0.4905360545393187, 'alpha': 0.010539923742127413, 'lambda': 8.670548334051368e-08, 'gamma': 1.3981381096326153e-05, 'min_child_weight': 10.688043122019423}. Best is trial 34 with value: 1.43355142608539.[0m
[32m[I 2023-01-22 13:18:12,468][0m Trial 35 finished with value: 1.4406298895266916 and parameters: {'max_depth': 8, 'learning_rate': 0.037007064271702306, 'colsample_bytree': 0.3531866704915873, 'subsample': 0.4589649727217052, 'alpha': 0.011183713484599435, 'lambda': 1.408106306110961e-07, 'gamma': 1.0730829255092054e-08, 'min_child_weight': 10.820776554451099}. Best is trial 34 with value: 1.43355142608539.[0m
[32m[I 2023-01-22 13:18:32,501][0m Trial 36 finished with value: 1.4454525004395151 and parameters: {'max_depth': 8, 'learning_rate': 0.04314835211103932, 'colsample_bytree': 0.35572614217992565, 'subsample': 0.46001772263147217, 'alpha': 0.010950360112340879, 'lambda': 1.7232269909624689e-06, 'gamma': 2.754344984140031e-08, 'min_child_weight': 10.059536919604348}. Best is trial 34 with value: 1.43355142608539.[0m
[32m[I 2023-01-22 13:18:46,325][0m Trial 37 finished with value: 1.4877188118666722 and parameters: {'max_depth': 8, 'learning_rate': 0.04399110033530039, 'colsample_bytree': 0.3509268304035501, 'subsample': 0.4630470717089098, 'alpha': 0.012390095078252198, 'lambda': 1.9696319387692065e-06, 'gamma': 1.3681596454989046e-08, 'min_child_weight': 10.159755247382524}. Best is trial 34 with value: 1.43355142608539.[0m
[32m[I 2023-01-22 13:19:10,300][0m Trial 38 finished with value: 2.2331457141434017 and parameters: {'max_depth': 9, 'learning_rate': 0.02756443462034704, 'colsample_bytree': 0.3566417960836706, 'subsample': 0.44958154970384495, 'alpha': 0.010664611035857051, 'lambda': 2.2813149456886808e-07, 'gamma': 2.9840361194288136e-08, 'min_child_weight': 24.0780167701623}. Best is trial 34 with value: 1.43355142608539.[0m
[32m[I 2023-01-22 13:19:11,423][0m Trial 39 finished with value: 163.50873511411126 and parameters: {'max_depth': 8, 'learning_rate': 0.04386013060522689, 'colsample_bytree': 0.2481371991480912, 'subsample': 0.489707326736012, 'alpha': 0.03393869213552642, 'lambda': 3.3048155103984384e-05, 'gamma': 1.1649401032752888e-07, 'min_child_weight': 982.3630714247819}. Best is trial 34 with value: 1.43355142608539.[0m
[32m[I 2023-01-22 13:19:14,393][0m Trial 40 finished with value: 8.827096060079166 and parameters: {'max_depth': 7, 'learning_rate': 0.04900478310974021, 'colsample_bytree': 0.2659186663054169, 'subsample': 0.43591101115138225, 'alpha': 0.02011653806932297, 'lambda': 1.4684333531177963e-07, 'gamma': 1.0555642385304356e-08, 'min_child_weight': 48.498987760638556}. Best is trial 34 with value: 1.43355142608539.[0m
[32m[I 2023-01-22 13:19:40,580][0m Trial 41 finished with value: 1.5263411223184258 and parameters: {'max_depth': 8, 'learning_rate': 0.04196934850929014, 'colsample_bytree': 0.3537914421196682, 'subsample': 0.4760226096378664, 'alpha': 0.011578667787956201, 'lambda': 1.800272905946657e-06, 'gamma': 3.349899424796116e-08, 'min_child_weight': 11.968032361410193}. Best is trial 34 with value: 1.43355142608539.[0m
[32m[I 2023-01-22 13:20:02,930][0m Trial 42 finished with value: 1.4948634649307575 and parameters: {'max_depth': 9, 'learning_rate': 0.03350392872786671, 'colsample_bytree': 0.3034145763118551, 'subsample': 0.45401950407575964, 'alpha': 0.015519009175620047, 'lambda': 2.504012657197486e-06, 'gamma': 1.910913041236604e-07, 'min_child_weight': 10.065363063724016}. Best is trial 34 with value: 1.43355142608539.[0m
[32m[I 2023-01-22 13:20:24,748][0m Trial 43 finished with value: 1.5082467020424557 and parameters: {'max_depth': 8, 'learning_rate': 0.04460290661605364, 'colsample_bytree': 0.38048467805094427, 'subsample': 0.5135990653187072, 'alpha': 0.050363542703978185, 'lambda': 5.264437756249804e-07, 'gamma': 2.3253557581890593e-08, 'min_child_weight': 10.35816444368248}. Best is trial 34 with value: 1.43355142608539.[0m
[32m[I 2023-01-22 13:20:34,970][0m Trial 44 finished with value: 2.1546747616814255 and parameters: {'max_depth': 8, 'learning_rate': 0.03182635469613485, 'colsample_bytree': 0.3980647075868907, 'subsample': 0.43745914765630645, 'alpha': 0.027995476029498385, 'lambda': 1.555956276352625e-06, 'gamma': 1.0686758070201074e-08, 'min_child_weight': 22.249273976376028}. Best is trial 34 with value: 1.43355142608539.[0m
[32m[I 2023-01-22 13:21:01,811][0m Trial 45 finished with value: 1.566792873565531 and parameters: {'max_depth': 7, 'learning_rate': 0.037999095223544964, 'colsample_bytree': 0.3563338520201751, 'subsample': 0.46950833387982144, 'alpha': 0.01403408856410885, 'lambda': 0.306671393434855, 'gamma': 7.614479876054333e-08, 'min_child_weight': 12.445122786561466}. Best is trial 34 with value: 1.43355142608539.[0m
[32m[I 2023-01-22 13:21:22,736][0m Trial 46 finished with value: 1.755440709558081 and parameters: {'max_depth': 9, 'learning_rate': 0.02740885308075614, 'colsample_bytree': 0.3926210721261616, 'subsample': 0.5141750095609142, 'alpha': 0.010265001258746029, 'lambda': 3.045218900567205e-05, 'gamma': 3.89959342670253e-08, 'min_child_weight': 18.90372523722506}. Best is trial 34 with value: 1.43355142608539.[0m
[32m[I 2023-01-22 13:21:40,382][0m Trial 47 finished with value: 1.5460418497637936 and parameters: {'max_depth': 7, 'learning_rate': 0.04623661779888244, 'colsample_bytree': 0.3449736574990756, 'subsample': 0.5369586496051744, 'alpha': 0.02175548912446858, 'lambda': 3.872406683347941e-06, 'gamma': 7.266783365851243e-06, 'min_child_weight': 12.205153246199115}. Best is trial 34 with value: 1.43355142608539.[0m
[32m[I 2023-01-22 13:21:45,807][0m Trial 48 finished with value: 2.2635374985578034 and parameters: {'max_depth': 9, 'learning_rate': 0.04125493524270307, 'colsample_bytree': 0.30256393593016323, 'subsample': 0.5032608235174978, 'alpha': 0.015226247110176073, 'lambda': 1.712960488384258e-05, 'gamma': 2.7890370253843383e-07, 'min_child_weight': 26.14762837193255}. Best is trial 34 with value: 1.43355142608539.[0m
[32m[I 2023-01-22 13:23:46,848][0m Trial 49 finished with value: 1.643290288942442 and parameters: {'max_depth': 8, 'learning_rate': 0.006263959046635639, 'colsample_bytree': 0.27025979712234494, 'subsample': 0.4318289649054906, 'alpha': 0.05665530451817543, 'lambda': 0.00012678158628043963, 'gamma': 0.016876342475972896, 'min_child_weight': 10.028100339459888}. Best is trial 34 with value: 1.43355142608539.[0m
[32m[I 2023-01-22 13:24:25,636][0m Trial 50 finished with value: 7.4035045466581355 and parameters: {'max_depth': 7, 'learning_rate': 0.030804953853672393, 'colsample_bytree': 0.3677319140924417, 'subsample': 0.4716457757160008, 'alpha': 0.027075366710039985, 'lambda': 3.1010198629366374e-07, 'gamma': 5.509618701994244e-07, 'min_child_weight': 42.39608651267435}. Best is trial 34 with value: 1.43355142608539.[0m
[32m[I 2023-01-22 13:24:56,500][0m Trial 51 finished with value: 1.4990670294907817 and parameters: {'max_depth': 9, 'learning_rate': 0.033137071576995795, 'colsample_bytree': 0.31019325449793556, 'subsample': 0.4570395148250056, 'alpha': 0.016467410993486274, 'lambda': 2.985057597790058e-06, 'gamma': 1.993731019247564e-07, 'min_child_weight': 10.344027563959648}. Best is trial 34 with value: 1.43355142608539.[0m
[32m[I 2023-01-22 13:25:32,949][0m Trial 52 finished with value: 1.5731267144266483 and parameters: {'max_depth': 8, 'learning_rate': 0.03889401255323894, 'colsample_bytree': 0.33820173785957014, 'subsample': 0.42584725500333387, 'alpha': 0.013676280159132154, 'lambda': 1.2666651602022315e-07, 'gamma': 2.2840304103273535e-08, 'min_child_weight': 12.46560117018578}. Best is trial 34 with value: 1.43355142608539.[0m
[32m[I 2023-01-22 13:26:02,726][0m Trial 53 finished with value: 1.8424462640627373 and parameters: {'max_depth': 9, 'learning_rate': 0.03411165750448608, 'colsample_bytree': 0.30201708839343067, 'subsample': 0.4901963250886308, 'alpha': 0.01870201596377528, 'lambda': 9.416311071132252e-07, 'gamma': 1.385182866718457e-07, 'min_child_weight': 19.288386961758963}. Best is trial 34 with value: 1.43355142608539.[0m
[32m[I 2023-01-22 13:26:32,677][0m Trial 54 finished with value: 1.5369249553228783 and parameters: {'max_depth': 10, 'learning_rate': 0.044635480571900484, 'colsample_bytree': 0.22004213243209209, 'subsample': 0.4168458754192008, 'alpha': 0.012253259820297773, 'lambda': 3.2455703995155476e-08, 'gamma': 3.6244860404822285e-06, 'min_child_weight': 10.1692428055081}. Best is trial 34 with value: 1.43355142608539.[0m
[32m[I 2023-01-22 13:28:15,998][0m Trial 55 finished with value: 1.678921577475596 and parameters: {'max_depth': 8, 'learning_rate': 0.017474266242157154, 'colsample_bytree': 0.4241069508683046, 'subsample': 0.45481000191589677, 'alpha': 0.03734900535017993, 'lambda': 5.3627843239999196e-06, 'gamma': 7.045039813339425e-07, 'min_child_weight': 15.821819048160378}. Best is trial 34 with value: 1.43355142608539.[0m
[32m[I 2023-01-22 13:28:42,893][0m Trial 56 finished with value: 1.512045581087886 and parameters: {'max_depth': 8, 'learning_rate': 0.03528847472129216, 'colsample_bytree': 0.367785201955327, 'subsample': 0.548895317951061, 'alpha': 0.025612326057838163, 'lambda': 0.00016139303240128726, 'gamma': 5.0524474559540974e-08, 'min_child_weight': 12.223173305184835}. Best is trial 34 with value: 1.43355142608539.[0m
[32m[I 2023-01-22 13:29:05,644][0m Trial 57 finished with value: 9.171560068068873 and parameters: {'max_depth': 9, 'learning_rate': 0.04983745847075971, 'colsample_bytree': 0.3387821609307936, 'subsample': 0.4971128739479983, 'alpha': 0.016505283058836858, 'lambda': 4.1337549895704367e-07, 'gamma': 4.067227795170362e-05, 'min_child_weight': 88.79381602922422}. Best is trial 34 with value: 1.43355142608539.[0m
[32m[I 2023-01-22 13:29:52,065][0m Trial 58 finished with value: 1.7887887758732819 and parameters: {'max_depth': 7, 'learning_rate': 0.027673026572127238, 'colsample_bytree': 0.3894272555021089, 'subsample': 0.47553896159801523, 'alpha': 0.1101649325369201, 'lambda': 1.85347954581623e-06, 'gamma': 1.8029023815859064e-08, 'min_child_weight': 18.038034866554874}. Best is trial 34 with value: 1.43355142608539.[0m
[32m[I 2023-01-22 13:30:04,114][0m Trial 59 finished with value: 2.0525852521831163 and parameters: {'max_depth': 8, 'learning_rate': 0.02401697860206918, 'colsample_bytree': 0.41622080787158505, 'subsample': 0.45391314858359494, 'alpha': 0.010058502633169928, 'lambda': 9.204199858816765e-08, 'gamma': 0.8980992068116261, 'min_child_weight': 21.420712937420948}. Best is trial 34 with value: 1.43355142608539.[0m
[32m[I 2023-01-22 13:30:05,372][0m Trial 60 finished with value: 163.50873511411126 and parameters: {'max_depth': 10, 'learning_rate': 0.040037900461098834, 'colsample_bytree': 0.45055288223419965, 'subsample': 0.4128689307052831, 'alpha': 0.048375292007356456, 'lambda': 2.4478646441986854e-08, 'gamma': 3.303833090895798e-07, 'min_child_weight': 131.7463507015253}. Best is trial 34 with value: 1.43355142608539.[0m
[32m[I 2023-01-22 13:30:39,302][0m Trial 61 finished with value: 1.5482537314693592 and parameters: {'max_depth': 9, 'learning_rate': 0.031976729130455996, 'colsample_bytree': 0.3083151305043126, 'subsample': 0.45657346868365845, 'alpha': 0.01723067896761411, 'lambda': 3.0429140367268413e-06, 'gamma': 2.0644206128687444e-07, 'min_child_weight': 11.407101467720665}. Best is trial 34 with value: 1.43355142608539.[0m
