[32m[I 2023-01-22 01:47:52,764][0m Trial 94 finished with value: 158.00147310035427 and parameters: {'max_depth': 7, 'learning_rate': 0.03283678335875124, 'colsample_bytree': 0.46733103546781196, 'subsample': 0.629637262149932, 'alpha': 0.1956091391268417, 'lambda': 1.414168334476572e-06, 'gamma': 4.5027170064387777e-08, 'min_child_weight': 14.806081047529267}. Best is trial 53 with value: 11.291962361007563.[0m
[32m[I 2023-01-22 01:47:58,661][0m Trial 95 finished with value: 11.649677746336707 and parameters: {'max_depth': 9, 'learning_rate': 0.027944798089416634, 'colsample_bytree': 0.4058499285778341, 'subsample': 0.6455646775041338, 'alpha': 0.15247036667884306, 'lambda': 3.0643359130934796e-06, 'gamma': 1.2654858238875088e-07, 'min_child_weight': 11.186710080095734}. Best is trial 53 with value: 11.291962361007563.[0m
[32m[I 2023-01-22 01:47:59,792][0m Trial 96 finished with value: 158.00147310035427 and parameters: {'max_depth': 8, 'learning_rate': 0.03037697421860677, 'colsample_bytree': 0.36222511660599493, 'subsample': 0.6718556449935038, 'alpha': 0.039198598569296715, 'lambda': 1.139569878133136e-07, 'gamma': 3.5387428035240064e-07, 'min_child_weight': 73.5838210031091}. Best is trial 53 with value: 11.291962361007563.[0m
[32m[I 2023-01-22 01:48:00,701][0m Trial 97 finished with value: 158.00147310035427 and parameters: {'max_depth': 9, 'learning_rate': 0.03492745100478621, 'colsample_bytree': 0.3923915874063405, 'subsample': 0.6883798425949872, 'alpha': 0.0735340893987362, 'lambda': 6.664206545267544e-07, 'gamma': 1.0002323238086815e-08, 'min_child_weight': 215.3962285663495}. Best is trial 53 with value: 11.291962361007563.[0m
[32m[I 2023-01-22 01:48:06,606][0m Trial 98 finished with value: 11.683458016082794 and parameters: {'max_depth': 8, 'learning_rate': 0.04013659884053192, 'colsample_bytree': 0.30979173175852703, 'subsample': 0.6427878548864921, 'alpha': 0.2722344551292935, 'lambda': 0.0007067721675376585, 'gamma': 2.4088770588413772e-08, 'min_child_weight': 12.400355956325964}. Best is trial 53 with value: 11.291962361007563.[0m
[32m[I 2023-01-22 01:48:09,492][0m Trial 99 finished with value: 11.475533509040849 and parameters: {'max_depth': 8, 'learning_rate': 0.037042400148998206, 'colsample_bytree': 0.4856493801368673, 'subsample': 0.6073808624791389, 'alpha': 0.11875615850851115, 'lambda': 5.110248331628612e-06, 'gamma': 4.072735816731685e-06, 'min_child_weight': 10.104493582411903}. Best is trial 53 with value: 11.291962361007563.[0m
Uploaded file from /Users/kevinmaikjablonka/git/kjappelbaum/gptchem/experiments/04_regression/polymers/out/20230121_233406/train.jsonl: file-afk55i2EduL8uTryWxZPyoV1
Ran train size 10 and got MAE 2.83704, baseline 12.224978985688887
Upload progress:   0%|          | 0.00/4.69k [00:00<?, ?it/s]Upload progress: 100%|██████████| 4.69k/4.69k [00:00<00:00, 3.28Mit/s]
2023-01-22 01:48:11.107 | DEBUG    | gptchem.tuner:tune:186 - Requested fine tuning. {
  "created_at": 1674348491,
  "events": [
    {
      "created_at": 1674348491,
      "level": "info",
      "message": "Created fine-tune: ft-GGgsaMgCHBkyn0QTuz2wQ2UX",
      "object": "fine-tune-event"
    }
  ],
  "fine_tuned_model": null,
  "hyperparams": {
    "batch_size": null,
    "learning_rate_multiplier": 0.02,
    "n_epochs": 8,
    "prompt_loss_weight": 0.01
  },
  "id": "ft-GGgsaMgCHBkyn0QTuz2wQ2UX",
  "model": "ada",
  "object": "fine-tune",
  "organization_id": "org-TFRJXw3PPQocOWbu71eI2t9U",
  "result_files": [],
  "status": "pending",
  "training_files": [
    {
      "bytes": 4692,
      "created_at": 1674348490,
      "filename": "/Users/kevinmaikjablonka/git/kjappelbaum/gptchem/experiments/04_regression/polymers/out/20230122_014809/train.jsonl",
      "id": "file-eTqOVHqJc693YYM4uYiyFjo6",
      "object": "file",
      "purpose": "fine-tune",
      "status": "uploaded",
      "status_details": null
    }
  ],
  "updated_at": 1674348491,
  "validation_files": []
}
2023-01-22 01:48:12.875 | DEBUG    | gptchem.tuner:get_ft_model_name:29 - Fine tuning status: pending
2023-01-22 01:50:14.504 | DEBUG    | gptchem.tuner:get_ft_model_name:29 - Fine tuning status: pending
2023-01-22 01:52:16.416 | DEBUG    | gptchem.tuner:get_ft_model_name:29 - Fine tuning status: pending
2023-01-22 01:54:18.861 | DEBUG    | gptchem.tuner:get_ft_model_name:29 - Fine tuning status: pending
2023-01-22 01:56:19.558 | DEBUG    | gptchem.tuner:get_ft_model_name:29 - Fine tuning status: pending
2023-01-22 01:58:20.252 | DEBUG    | gptchem.tuner:get_ft_model_name:29 - Fine tuning status: pending
2023-01-22 02:00:21.079 | DEBUG    | gptchem.tuner:get_ft_model_name:29 - Fine tuning status: pending
2023-01-22 02:02:22.779 | DEBUG    | gptchem.tuner:get_ft_model_name:29 - Fine tuning status: pending
2023-01-22 02:04:24.178 | DEBUG    | gptchem.tuner:get_ft_model_name:29 - Fine tuning status: pending
2023-01-22 02:06:24.704 | DEBUG    | gptchem.tuner:get_ft_model_name:29 - Fine tuning status: pending
2023-01-22 02:08:25.694 | DEBUG    | gptchem.tuner:get_ft_model_name:29 - Fine tuning status: pending
2023-01-22 02:10:26.938 | DEBUG    | gptchem.tuner:get_ft_model_name:29 - Fine tuning status: succeeded
2023-01-22 02:10:26.941 | DEBUG    | gptchem.tuner:tune:202 - Fine tuning completed. {'base_model': 'ada', 'batch_size': None, 'n_epochs': 8, 'learning_rate_multiplier': 0.02, 'run_name': None, 'wandb_sync': False, 'outdir': '/Users/kevinmaikjablonka/git/kjappelbaum/gptchem/experiments/04_regression/polymers/out/20230122_014809', 'train_filename': '/Users/kevinmaikjablonka/git/kjappelbaum/gptchem/experiments/04_regression/polymers/out/20230122_014809/train.jsonl', 'valid_filename': 'None', 'model_name': 'ada:ft-lsmoepfl-2023-01-22-01-10-17', 'ft_id': 'ft-GGgsaMgCHBkyn0QTuz2wQ2UX', 'date': '20230122_021026', 'train_file_id': 'file-eTqOVHqJc693YYM4uYiyFjo6', 'valid_file_id': None}
[32m[I 2023-01-22 02:10:36,753][0m A new study created in memory with name: no-name-139ab5f3-0120-45bb-be5b-e6302e40d9e3[0m
[32m[I 2023-01-22 02:10:37,320][0m Trial 0 finished with value: 159.01295695396618 and parameters: {'max_depth': 7, 'learning_rate': 0.044635901521768134, 'colsample_bytree': 0.49279757672456204, 'subsample': 0.6394633936788147, 'alpha': 0.02938027938703535, 'lambda': 2.5348407664333426e-07, 'gamma': 3.3323645788192616e-08, 'min_child_weight': 539.948440978743}. Best is trial 0 with value: 159.01295695396618.[0m
[32m[I 2023-01-22 02:10:38,893][0m Trial 1 finished with value: 9.647996007671871 and parameters: {'max_depth': 9, 'learning_rate': 0.025529516046973785, 'colsample_bytree': 0.20823379771832098, 'subsample': 0.7879639408647978, 'alpha': 3.142880890840109, 'lambda': 8.148018307012941e-07, 'gamma': 4.329370014459266e-07, 'min_child_weight': 23.270677083837796}. Best is trial 1 with value: 9.647996007671871.[0m
[32m[I 2023-01-22 02:10:39,275][0m Trial 2 finished with value: 159.01295695396618 and parameters: {'max_depth': 6, 'learning_rate': 0.016738881542579662, 'colsample_bytree': 0.3727780074568463, 'subsample': 0.5164916560792168, 'alpha': 0.6847920095574779, 'lambda': 1.8007140198129195e-07, 'gamma': 4.258943089524393e-06, 'min_child_weight': 54.041038546473274}. Best is trial 1 with value: 9.647996007671871.[0m
[32m[I 2023-01-22 02:10:43,928][0m Trial 3 finished with value: 9.49606364321357 and parameters: {'max_depth': 8, 'learning_rate': 0.030489195547657565, 'colsample_bytree': 0.2798695128633439, 'subsample': 0.6056937753654447, 'alpha': 0.59874749104614, 'lambda': 2.6185068507773707e-08, 'gamma': 0.0029369981104377003, 'min_child_weight': 21.93048555664369}. Best is trial 3 with value: 9.49606364321357.[0m
[32m[I 2023-01-22 02:10:44,613][0m Trial 4 finished with value: 159.01295695396618 and parameters: {'max_depth': 4, 'learning_rate': 0.044448339535094646, 'colsample_bytree': 0.5862528132298237, 'subsample': 0.7233589392465845, 'alpha': 0.08200518402245831, 'lambda': 7.569183361880229e-08, 'gamma': 0.014391207615728067, 'min_child_weight': 75.91104805282696}. Best is trial 3 with value: 9.49606364321357.[0m
[32m[I 2023-01-22 02:10:45,409][0m Trial 5 finished with value: 159.01295695396618 and parameters: {'max_depth': 5, 'learning_rate': 0.015636765183901856, 'colsample_bytree': 0.21375540844608737, 'subsample': 0.7637281608315128, 'alpha': 0.059750279999602945, 'lambda': 0.009176996354542699, 'gamma': 6.388511557344611e-06, 'min_child_weight': 109.68217207529523}. Best is trial 3 with value: 9.49606364321357.[0m
[32m[I 2023-01-22 02:10:46,235][0m Trial 6 finished with value: 159.01295695396618 and parameters: {'max_depth': 8, 'learning_rate': 0.007652872182750091, 'colsample_bytree': 0.5878338511058234, 'subsample': 0.7100531293444459, 'alpha': 6.58410616012161, 'lambda': 1.1309571585271483, 'gamma': 0.002404915432737351, 'min_child_weight': 697.8281265126028}. Best is trial 3 with value: 9.49606364321357.[0m
[32m[I 2023-01-22 02:10:46,816][0m Trial 7 finished with value: 159.01295695396618 and parameters: {'max_depth': 4, 'learning_rate': 0.007851504189403358, 'colsample_bytree': 0.21809091556421523, 'subsample': 0.5301321323053058, 'alpha': 0.14656553886225335, 'lambda': 2.7678419414850017e-06, 'gamma': 0.28749982347407854, 'min_child_weight': 51.70191786366991}. Best is trial 3 with value: 9.49606364321357.[0m
[32m[I 2023-01-22 02:10:48,750][0m Trial 8 finished with value: 9.527251107245608 and parameters: {'max_depth': 6, 'learning_rate': 0.017444803725696106, 'colsample_bytree': 0.25636968998990506, 'subsample': 0.7208787923016159, 'alpha': 0.01673601016782578, 'lambda': 7.620481786158549, 'gamma': 0.08916674715636537, 'min_child_weight': 24.97073714505272}. Best is trial 3 with value: 9.49606364321357.[0m
[32m[I 2023-01-22 02:10:50,456][0m Trial 9 finished with value: 9.525184147518672 and parameters: {'max_depth': 4, 'learning_rate': 0.03269124292259021, 'colsample_bytree': 0.48274293753904685, 'subsample': 0.691602867216395, 'alpha': 2.059733535743719, 'lambda': 4.638759594322625e-08, 'gamma': 1.683416412018213e-05, 'min_child_weight': 17.050539260269293}. Best is trial 3 with value: 9.49606364321357.[0m
[32m[I 2023-01-22 02:10:56,483][0m Trial 10 finished with value: 9.32138774990108 and parameters: {'max_depth': 12, 'learning_rate': 0.005069524045190436, 'colsample_bytree': 0.32307768458010494, 'subsample': 0.4071847502459278, 'alpha': 0.49755291164561466, 'lambda': 6.939306313411656e-05, 'gamma': 4.344469108550388, 'min_child_weight': 10.561003613626633}. Best is trial 10 with value: 9.32138774990108.[0m
[32m[I 2023-01-22 02:11:03,014][0m Trial 11 finished with value: 9.337355979026977 and parameters: {'max_depth': 12, 'learning_rate': 0.0050787519656571, 'colsample_bytree': 0.32944801265189455, 'subsample': 0.4068744601075835, 'alpha': 0.5125772184283074, 'lambda': 8.11346647162649e-05, 'gamma': 7.587120682342015, 'min_child_weight': 10.515142942544877}. Best is trial 10 with value: 9.32138774990108.[0m
[32m[I 2023-01-22 02:11:07,303][0m Trial 12 finished with value: 9.787749323817051 and parameters: {'max_depth': 12, 'learning_rate': 0.00509092859684918, 'colsample_bytree': 0.35545277470995007, 'subsample': 0.4014562981232444, 'alpha': 0.2669434420093558, 'lambda': 0.0001398605852784154, 'gamma': 9.419108943767387, 'min_child_weight': 12.331446132630353}. Best is trial 10 with value: 9.32138774990108.[0m
[32m[I 2023-01-22 02:11:14,957][0m Trial 13 finished with value: 9.338167825629236 and parameters: {'max_depth': 12, 'learning_rate': 0.005402016287318199, 'colsample_bytree': 0.31802317553949994, 'subsample': 0.4040569883749647, 'alpha': 0.8975267671618082, 'lambda': 9.394929657652449e-05, 'gamma': 9.868745464853761, 'min_child_weight': 10.11364252799677}. Best is trial 10 with value: 9.32138774990108.[0m
[32m[I 2023-01-22 02:11:15,381][0m Trial 14 finished with value: 159.01295695396618 and parameters: {'max_depth': 10, 'learning_rate': 0.00872016971319455, 'colsample_bytree': 0.4111404038292744, 'subsample': 0.4638123593227387, 'alpha': 0.2849115262470655, 'lambda': 0.0035394781104853687, 'gamma': 0.6255688317185157, 'min_child_weight': 242.35288214386074}. Best is trial 10 with value: 9.32138774990108.[0m
[32m[I 2023-01-22 02:11:16,107][0m Trial 15 finished with value: 159.01295695396618 and parameters: {'max_depth': 11, 'learning_rate': 0.009783136491999894, 'colsample_bytree': 0.4235194332173257, 'subsample': 0.47549089097461084, 'alpha': 1.6728599103763029, 'lambda': 2.9143514037026034e-05, 'gamma': 1.2117981828817797, 'min_child_weight': 37.65464859034222}. Best is trial 10 with value: 9.32138774990108.[0m
[32m[I 2023-01-22 02:11:16,784][0m Trial 16 finished with value: 159.01295695396618 and parameters: {'max_depth': 10, 'learning_rate': 0.011725191284002786, 'colsample_bytree': 0.3154311686654149, 'subsample': 0.4526519622190809, 'alpha': 9.611516714426529, 'lambda': 0.0038067556646802767, 'gamma': 0.02878485024276211, 'min_child_weight': 190.0802228822254}. Best is trial 10 with value: 9.32138774990108.[0m
[32m[I 2023-01-22 02:11:24,519][0m Trial 17 finished with value: 5.284524624495522 and parameters: {'max_depth': 11, 'learning_rate': 0.006289077570589134, 'colsample_bytree': 0.4517314664119261, 'subsample': 0.5542495483658851, 'alpha': 0.14251566693281487, 'lambda': 1.1856345719368965e-05, 'gamma': 0.0004204674434472355, 'min_child_weight': 10.424518310977822}. Best is trial 17 with value: 5.284524624495522.[0m
[32m[I 2023-01-22 02:11:25,223][0m Trial 18 finished with value: 159.01295695396618 and parameters: {'max_depth': 10, 'learning_rate': 0.006616263124035845, 'colsample_bytree': 0.46954037407758936, 'subsample': 0.5518838385122142, 'alpha': 0.1355290686990181, 'lambda': 7.639371274654801e-06, 'gamma': 0.0010483807280641225, 'min_child_weight': 34.28558934582917}. Best is trial 17 with value: 5.284524624495522.[0m
[32m[I 2023-01-22 02:11:26,959][0m Trial 19 finished with value: 9.478451923877012 and parameters: {'max_depth': 11, 'learning_rate': 0.011906794471782034, 'colsample_bytree': 0.5363337117390025, 'subsample': 0.5730982444721966, 'alpha': 0.03498422473233631, 'lambda': 0.05190925408128135, 'gamma': 3.323634061029396e-05, 'min_child_weight': 15.82781398759891}. Best is trial 17 with value: 5.284524624495522.[0m
[32m[I 2023-01-22 02:11:27,628][0m Trial 20 finished with value: 159.01295695396618 and parameters: {'max_depth': 11, 'learning_rate': 0.006298746047747847, 'colsample_bytree': 0.45406308053474986, 'subsample': 0.6388812712953669, 'alpha': 0.1358541809721304, 'lambda': 0.0006907816254010885, 'gamma': 0.00020615592036038024, 'min_child_weight': 121.66191303014195}. Best is trial 17 with value: 5.284524624495522.[0m
[32m[I 2023-01-22 02:11:31,564][0m Trial 21 finished with value: 9.700389408102945 and parameters: {'max_depth': 12, 'learning_rate': 0.006420657968168358, 'colsample_bytree': 0.36206854858807475, 'subsample': 0.4327524619699702, 'alpha': 0.46452455188704495, 'lambda': 8.761397014672248e-06, 'gamma': 1.6716348049664362, 'min_child_weight': 12.72055680182995}. Best is trial 17 with value: 5.284524624495522.[0m
[32m[I 2023-01-22 02:11:39,099][0m Trial 22 finished with value: 7.103836738022944 and parameters: {'max_depth': 12, 'learning_rate': 0.005135597348537491, 'colsample_bytree': 0.32150606915473284, 'subsample': 0.4965645209738722, 'alpha': 1.1319688443038123, 'lambda': 0.0006115312766763777, 'gamma': 0.07898391490062998, 'min_child_weight': 10.011386924078167}. Best is trial 17 with value: 5.284524624495522.[0m
[32m[I 2023-01-22 02:11:47,248][0m Trial 23 finished with value: 9.72686810967825 and parameters: {'max_depth': 11, 'learning_rate': 0.006154057082853743, 'colsample_bytree': 0.2877570531761494, 'subsample': 0.49785963363761504, 'alpha': 1.3463510840580608, 'lambda': 0.0003320188913931473, 'gamma': 0.07234865726354572, 'min_child_weight': 18.201025029295447}. Best is trial 17 with value: 5.284524624495522.[0m
[32m[I 2023-01-22 02:11:47,746][0m Trial 24 finished with value: 159.01295695396618 and parameters: {'max_depth': 9, 'learning_rate': 0.010527148964368264, 'colsample_bytree': 0.386169799770249, 'subsample': 0.4982607092652621, 'alpha': 3.461158241950027, 'lambda': 0.0354517748950916, 'gamma': 0.00017541693657474792, 'min_child_weight': 35.24881793630693}. Best is trial 17 with value: 5.284524624495522.[0m
[32m[I 2023-01-22 02:11:55,958][0m Trial 25 finished with value: 4.817338212174633 and parameters: {'max_depth': 12, 'learning_rate': 0.007602862718504062, 'colsample_bytree': 0.4339646784015637, 'subsample': 0.5890446025166457, 'alpha': 0.24184118785655828, 'lambda': 0.0008073048701895625, 'gamma': 0.0099651127982465, 'min_child_weight': 10.108405565006066}. Best is trial 25 with value: 4.817338212174633.[0m
[32m[I 2023-01-22 02:11:59,350][0m Trial 26 finished with value: 9.651605576053614 and parameters: {'max_depth': 11, 'learning_rate': 0.00763606888513988, 'colsample_bytree': 0.44457054020040254, 'subsample': 0.5970853219432604, 'alpha': 0.3247772717579281, 'lambda': 0.0006719906751216359, 'gamma': 0.007408737160329853, 'min_child_weight': 15.378152653255038}. Best is trial 25 with value: 4.817338212174633.[0m
[32m[I 2023-01-22 02:12:06,175][0m Trial 27 finished with value: 9.856532667098836 and parameters: {'max_depth': 9, 'learning_rate': 0.008410614211806413, 'colsample_bytree': 0.5164743137465659, 'subsample': 0.5568089969603593, 'alpha': 0.18141504161662853, 'lambda': 0.07850821031886507, 'gamma': 0.001157992793498124, 'min_child_weight': 23.385490891140122}. Best is trial 25 with value: 4.817338212174633.[0m
[32m[I 2023-01-22 02:12:21,228][0m Trial 28 finished with value: 9.868439997522666 and parameters: {'max_depth': 10, 'learning_rate': 0.01352691293703268, 'colsample_bytree': 0.4278610542414151, 'subsample': 0.6456283640893654, 'alpha': 0.06958390008415398, 'lambda': 0.0020093177800863666, 'gamma': 0.11821947178988478, 'min_child_weight': 29.419852438273733}. Best is trial 25 with value: 4.817338212174633.[0m
[32m[I 2023-01-22 02:12:21,789][0m Trial 29 finished with value: 159.01295695396618 and parameters: {'max_depth': 12, 'learning_rate': 0.01991262952665875, 'colsample_bytree': 0.40567736887406436, 'subsample': 0.6201362593230327, 'alpha': 0.02281549356462277, 'lambda': 1.489704705069595e-05, 'gamma': 3.043938196474693e-07, 'min_child_weight': 233.9372905600523}. Best is trial 25 with value: 4.817338212174633.[0m
[32m[I 2023-01-22 02:12:22,504][0m Trial 30 finished with value: 159.01295695396618 and parameters: {'max_depth': 7, 'learning_rate': 0.009692166603452668, 'colsample_bytree': 0.5272513061451191, 'subsample': 0.5393149858992115, 'alpha': 0.010497280282541733, 'lambda': 3.4675174373428055e-06, 'gamma': 9.97351093413929e-05, 'min_child_weight': 51.70534983316535}. Best is trial 25 with value: 4.817338212174633.[0m
[32m[I 2023-01-22 02:12:37,938][0m Trial 31 finished with value: 5.232119192529427 and parameters: {'max_depth': 12, 'learning_rate': 0.005828323595971524, 'colsample_bytree': 0.3508466079486213, 'subsample': 0.578874739379965, 'alpha': 0.9011208710558944, 'lambda': 3.6331332071475794e-05, 'gamma': 0.00916129970354597, 'min_child_weight': 10.215487343596324}. Best is trial 25 with value: 4.817338212174633.[0m
[32m[I 2023-01-22 02:12:44,573][0m Trial 32 finished with value: 9.47582520965997 and parameters: {'max_depth': 11, 'learning_rate': 0.0061580117707304965, 'colsample_bytree': 0.35285753036962353, 'subsample': 0.5895951390453624, 'alpha': 1.1928180901949041, 'lambda': 1.3864581452128415e-06, 'gamma': 0.010990562994519417, 'min_child_weight': 14.204312705675582}. Best is trial 25 with value: 4.817338212174633.[0m
[32m[I 2023-01-22 02:12:45,112][0m Trial 33 finished with value: 159.01295695396618 and parameters: {'max_depth': 12, 'learning_rate': 0.007133158774417204, 'colsample_bytree': 0.4915093425783368, 'subsample': 0.5154031807196946, 'alpha': 3.4334683104700185, 'lambda': 2.6990714183694518e-05, 'gamma': 0.0007616776168097339, 'min_child_weight': 430.29077578171257}. Best is trial 25 with value: 4.817338212174633.[0m
[32m[I 2023-01-22 02:12:49,722][0m Trial 34 finished with value: 9.71204938404572 and parameters: {'max_depth': 11, 'learning_rate': 0.005728922077346106, 'colsample_bytree': 0.39332169946907575, 'subsample': 0.6293034364424938, 'alpha': 0.9387959331852193, 'lambda': 0.00032484094837833654, 'gamma': 0.004497215138360313, 'min_child_weight': 18.606789125788605}. Best is trial 25 with value: 4.817338212174633.[0m
[32m[I 2023-01-22 02:12:56,078][0m Trial 35 finished with value: 8.964882582755198 and parameters: {'max_depth': 12, 'learning_rate': 0.0071789841953146865, 'colsample_bytree': 0.28497345919036626, 'subsample': 0.5697847388383271, 'alpha': 2.3379197386983415, 'lambda': 1.1197657466284527e-08, 'gamma': 4.602560749895905e-08, 'min_child_weight': 13.684860838931746}. Best is trial 25 with value: 4.817338212174633.[0m
[32m[I 2023-01-22 02:12:59,544][0m Trial 36 finished with value: 9.764377962788327 and parameters: {'max_depth': 10, 'learning_rate': 0.00911947885403416, 'colsample_bytree': 0.3827904577753323, 'subsample': 0.5822865689486674, 'alpha': 0.20656015580680923, 'lambda': 2.6385627828666303e-07, 'gamma': 0.04029414692429507, 'min_child_weight': 21.782446220158857}. Best is trial 25 with value: 4.817338212174633.[0m
[32m[I 2023-01-22 02:13:09,101][0m Trial 37 finished with value: 4.680050729977841 and parameters: {'max_depth': 11, 'learning_rate': 0.005883305182265805, 'colsample_bytree': 0.3405137782212986, 'subsample': 0.6626019106902646, 'alpha': 0.09641661634729227, 'lambda': 0.015149446928664278, 'gamma': 0.00039864613087187427, 'min_child_weight': 10.149098977848144}. Best is trial 37 with value: 4.680050729977841.[0m
