[32m[I 2023-01-22 01:21:07,319][0m Trial 42 finished with value: 11.311987784449775 and parameters: {'max_depth': 9, 'learning_rate': 0.02768221943838426, 'colsample_bytree': 0.4145009246787863, 'subsample': 0.7243676238246912, 'alpha': 0.05620547333235642, 'lambda': 1.4359807921442981e-07, 'gamma': 2.7572018737888344, 'min_child_weight': 10.06490678698338}. Best is trial 42 with value: 11.311987784449775.[0m
[32m[I 2023-01-22 01:21:20,383][0m Trial 43 finished with value: 158.00147310035427 and parameters: {'max_depth': 8, 'learning_rate': 0.027624736277692373, 'colsample_bytree': 0.4754503733058255, 'subsample': 0.7918076025479839, 'alpha': 0.06456776758754722, 'lambda': 1.732173581247988e-07, 'gamma': 2.653848813039449, 'min_child_weight': 16.673519905255528}. Best is trial 42 with value: 11.311987784449775.[0m
[32m[I 2023-01-22 01:21:22,500][0m Trial 44 finished with value: 158.00147310035427 and parameters: {'max_depth': 9, 'learning_rate': 0.023518411991861034, 'colsample_bytree': 0.409301282138976, 'subsample': 0.7393522154267094, 'alpha': 0.024030145586472047, 'lambda': 1.0721170355867591e-07, 'gamma': 0.05934689490027487, 'min_child_weight': 28.1246960867725}. Best is trial 42 with value: 11.311987784449775.[0m
[32m[I 2023-01-22 01:21:29,784][0m Trial 45 finished with value: 158.00147310035427 and parameters: {'max_depth': 6, 'learning_rate': 0.041885220188141586, 'colsample_bytree': 0.4372297088499508, 'subsample': 0.7216856925103734, 'alpha': 0.18133312684510225, 'lambda': 4.099184564235711e-07, 'gamma': 0.26768253979998646, 'min_child_weight': 19.8918662187966}. Best is trial 42 with value: 11.311987784449775.[0m
[32m[I 2023-01-22 01:21:32,981][0m Trial 46 finished with value: 149.38526758691623 and parameters: {'max_depth': 7, 'learning_rate': 0.030499982157509927, 'colsample_bytree': 0.5016797675195516, 'subsample': 0.7643309908483701, 'alpha': 0.3179681589574626, 'lambda': 2.4119495522005115e-08, 'gamma': 1.1675493344578078, 'min_child_weight': 15.166494640709331}. Best is trial 42 with value: 11.311987784449775.[0m
[32m[I 2023-01-22 01:21:34,473][0m Trial 47 finished with value: 158.00147310035427 and parameters: {'max_depth': 8, 'learning_rate': 0.025633640674765375, 'colsample_bytree': 0.4281186980402939, 'subsample': 0.7062008842493571, 'alpha': 0.11033817410642878, 'lambda': 9.103000926887964e-07, 'gamma': 2.214376444440154, 'min_child_weight': 110.13262497881499}. Best is trial 42 with value: 11.311987784449775.[0m
[32m[I 2023-01-22 01:21:38,336][0m Trial 48 finished with value: 11.469773802181852 and parameters: {'max_depth': 10, 'learning_rate': 0.036687169270534566, 'colsample_bytree': 0.5019635560627712, 'subsample': 0.779698569500637, 'alpha': 0.05076076182491554, 'lambda': 4.025138260342221e-06, 'gamma': 3.6756721352850406, 'min_child_weight': 11.899877321913008}. Best is trial 42 with value: 11.311987784449775.[0m
[32m[I 2023-01-22 01:21:47,725][0m Trial 49 finished with value: 11.440530096269498 and parameters: {'max_depth': 10, 'learning_rate': 0.0470208945165545, 'colsample_bytree': 0.5604167326745486, 'subsample': 0.7991412048714791, 'alpha': 0.0574707617148258, 'lambda': 5.970134573595528e-08, 'gamma': 3.0006245267526954e-05, 'min_child_weight': 12.572060556215003}. Best is trial 42 with value: 11.311987784449775.[0m
[32m[I 2023-01-22 01:21:49,282][0m Trial 50 finished with value: 144.38278017858414 and parameters: {'max_depth': 10, 'learning_rate': 0.04860375928060929, 'colsample_bytree': 0.5619844008651345, 'subsample': 0.7459042693287278, 'alpha': 0.0800761075907517, 'lambda': 2.9465819444160737e-08, 'gamma': 4.42887913900167e-05, 'min_child_weight': 15.772498540705461}. Best is trial 42 with value: 11.311987784449775.[0m
[32m[I 2023-01-22 01:21:51,419][0m Trial 51 finished with value: 11.517235364594232 and parameters: {'max_depth': 10, 'learning_rate': 0.03695612675802937, 'colsample_bytree': 0.5704954627852519, 'subsample': 0.7790146035966022, 'alpha': 0.04901773293357166, 'lambda': 7.776458855422443e-08, 'gamma': 2.997604638648783e-06, 'min_child_weight': 12.763685636465976}. Best is trial 42 with value: 11.311987784449775.[0m
[32m[I 2023-01-22 01:22:08,516][0m Trial 52 finished with value: 11.442790077111114 and parameters: {'max_depth': 9, 'learning_rate': 0.04517250445961101, 'colsample_bytree': 0.5062675092981594, 'subsample': 0.7925510774829635, 'alpha': 0.057976007138390545, 'lambda': 4.947780822078827e-06, 'gamma': 0.0004794548581481836, 'min_child_weight': 12.083348273424265}. Best is trial 42 with value: 11.311987784449775.[0m
[32m[I 2023-01-22 01:22:22,576][0m Trial 53 finished with value: 11.291962361007563 and parameters: {'max_depth': 9, 'learning_rate': 0.04391385564350514, 'colsample_bytree': 0.5920808430316793, 'subsample': 0.7905274034892578, 'alpha': 0.0672162611950429, 'lambda': 2.4614199308618484e-07, 'gamma': 0.0001385458817509166, 'min_child_weight': 10.055704323323795}. Best is trial 53 with value: 11.291962361007563.[0m
[32m[I 2023-01-22 01:22:35,470][0m Trial 54 finished with value: 11.529964891098183 and parameters: {'max_depth': 9, 'learning_rate': 0.031115334155854338, 'colsample_bytree': 0.5892512354339438, 'subsample': 0.796812580719994, 'alpha': 4.878321992019815, 'lambda': 2.2967765168316495e-07, 'gamma': 6.361511185069036e-05, 'min_child_weight': 10.169018876021928}. Best is trial 53 with value: 11.291962361007563.[0m
[32m[I 2023-01-22 01:22:36,938][0m Trial 55 finished with value: 158.00147310035427 and parameters: {'max_depth': 8, 'learning_rate': 0.043599729596929857, 'colsample_bytree': 0.5658488201514765, 'subsample': 0.7309063243150697, 'alpha': 0.07446647904732936, 'lambda': 4.5737318492554224e-07, 'gamma': 1.042050698571356e-05, 'min_child_weight': 18.432743035425727}. Best is trial 53 with value: 11.291962361007563.[0m
[32m[I 2023-01-22 01:23:33,515][0m Trial 56 finished with value: 11.691207227010512 and parameters: {'max_depth': 9, 'learning_rate': 0.04848496752637886, 'colsample_bytree': 0.5979682451246483, 'subsample': 0.7596318880352005, 'alpha': 0.17464691991341547, 'lambda': 1.322308146861754e-07, 'gamma': 1.1849872195349e-06, 'min_child_weight': 14.429464547289914}. Best is trial 53 with value: 11.291962361007563.[0m
[32m[I 2023-01-22 01:23:38,325][0m Trial 57 finished with value: 158.00147310035427 and parameters: {'max_depth': 11, 'learning_rate': 0.03381104959971285, 'colsample_bytree': 0.4016540580732358, 'subsample': 0.7751828657610882, 'alpha': 0.024978872003248564, 'lambda': 4.015014382572665e-08, 'gamma': 0.00011856321220558718, 'min_child_weight': 23.719235443836066}. Best is trial 53 with value: 11.291962361007563.[0m
[32m[I 2023-01-22 01:23:49,741][0m Trial 58 finished with value: 158.00147310035427 and parameters: {'max_depth': 10, 'learning_rate': 0.04025627610987507, 'colsample_bytree': 0.5497914330890382, 'subsample': 0.49116091235823645, 'alpha': 0.10704097744854998, 'lambda': 1.1609113423137783e-08, 'gamma': 0.003822913520846374, 'min_child_weight': 152.26454106573138}. Best is trial 53 with value: 11.291962361007563.[0m
[32m[I 2023-01-22 01:23:58,832][0m Trial 59 finished with value: 158.00147310035427 and parameters: {'max_depth': 7, 'learning_rate': 0.027831530506925252, 'colsample_bytree': 0.5800698043637259, 'subsample': 0.7561398825614087, 'alpha': 0.029417066851462375, 'lambda': 1.6804563451519037e-06, 'gamma': 2.786141402383683e-05, 'min_child_weight': 42.77070364945055}. Best is trial 53 with value: 11.291962361007563.[0m
[32m[I 2023-01-22 01:24:04,055][0m Trial 60 finished with value: 158.00147310035427 and parameters: {'max_depth': 9, 'learning_rate': 0.04582517432537203, 'colsample_bytree': 0.46315032728240624, 'subsample': 0.6920061781174681, 'alpha': 0.017881769088340105, 'lambda': 7.441881359060844e-08, 'gamma': 0.00112411692737209, 'min_child_weight': 16.087400392692658}. Best is trial 53 with value: 11.291962361007563.[0m
[32m[I 2023-01-22 01:24:04,813][0m Trial 61 finished with value: 11.400107542403259 and parameters: {'max_depth': 9, 'learning_rate': 0.044664288837603774, 'colsample_bytree': 0.5321298666474515, 'subsample': 0.7992650698208416, 'alpha': 0.05841649247492845, 'lambda': 1.4435988303910437e-05, 'gamma': 0.00040262561504943064, 'min_child_weight': 11.972730985698785}. Best is trial 53 with value: 11.291962361007563.[0m
[32m[I 2023-01-22 01:40:31,673][0m Trial 62 finished with value: 11.45561796677345 and parameters: {'max_depth': 9, 'learning_rate': 0.03846518269234009, 'colsample_bytree': 0.5460074062695077, 'subsample': 0.7721673133500209, 'alpha': 0.08168105436610422, 'lambda': 1.9453726851323668e-05, 'gamma': 0.00016579516197631037, 'min_child_weight': 11.822911013522894}. Best is trial 53 with value: 11.291962361007563.[0m
[32m[I 2023-01-22 01:40:34,330][0m Trial 63 finished with value: 11.418149000509846 and parameters: {'max_depth': 8, 'learning_rate': 0.03557499554628008, 'colsample_bytree': 0.5194832413083064, 'subsample': 0.7961079016206606, 'alpha': 0.046317272449568014, 'lambda': 5.51608530207891e-07, 'gamma': 0.0003199326577689025, 'min_child_weight': 13.795269439788067}. Best is trial 53 with value: 11.291962361007563.[0m
[32m[I 2023-01-22 01:40:36,592][0m Trial 64 finished with value: 11.378731256315168 and parameters: {'max_depth': 8, 'learning_rate': 0.03183687800708468, 'colsample_bytree': 0.5178837746646298, 'subsample': 0.7373985068946656, 'alpha': 0.14223366696277925, 'lambda': 6.246483690580114e-07, 'gamma': 0.0004296850708043275, 'min_child_weight': 10.056155396422945}. Best is trial 53 with value: 11.291962361007563.[0m
[32m[I 2023-01-22 01:40:39,374][0m Trial 65 finished with value: 11.312722513111433 and parameters: {'max_depth': 8, 'learning_rate': 0.03169572576513013, 'colsample_bytree': 0.47191137413141304, 'subsample': 0.7132130600163065, 'alpha': 0.14193375326509966, 'lambda': 2.5887048476679975e-06, 'gamma': 4.6130640426821274e-08, 'min_child_weight': 10.017801664624868}. Best is trial 53 with value: 11.291962361007563.[0m
[32m[I 2023-01-22 01:40:46,142][0m Trial 66 finished with value: 11.484441017346489 and parameters: {'max_depth': 8, 'learning_rate': 0.0316869937845901, 'colsample_bytree': 0.4789050103931308, 'subsample': 0.7095217680281076, 'alpha': 0.24932919166355097, 'lambda': 4.076122492120894e-05, 'gamma': 6.22607894522605e-08, 'min_child_weight': 11.255257292023678}. Best is trial 53 with value: 11.291962361007563.[0m
[32m[I 2023-01-22 01:40:48,684][0m Trial 67 finished with value: 158.00147310035427 and parameters: {'max_depth': 7, 'learning_rate': 0.028983990864700823, 'colsample_bytree': 0.470146986015051, 'subsample': 0.7187111885658417, 'alpha': 0.5477812945199871, 'lambda': 1.3600836757879511e-05, 'gamma': 0.007395866603518538, 'min_child_weight': 18.359937480690167}. Best is trial 53 with value: 11.291962361007563.[0m
[32m[I 2023-01-22 01:40:56,288][0m Trial 68 finished with value: 12.062195994715783 and parameters: {'max_depth': 8, 'learning_rate': 0.041707743128479496, 'colsample_bytree': 0.5340207595044982, 'subsample': 0.7520748169900018, 'alpha': 0.13409314456666127, 'lambda': 2.309648535029416e-06, 'gamma': 0.0011023255066627395, 'min_child_weight': 14.346082838786067}. Best is trial 53 with value: 11.291962361007563.[0m
[32m[I 2023-01-22 01:40:57,722][0m Trial 69 finished with value: 11.328249012570074 and parameters: {'max_depth': 8, 'learning_rate': 0.03362858028427259, 'colsample_bytree': 0.4513899224375123, 'subsample': 0.687028649117516, 'alpha': 0.2315734781700915, 'lambda': 8.471979982843339e-06, 'gamma': 5.4231459339684436e-06, 'min_child_weight': 10.040745231212822}. Best is trial 53 with value: 11.291962361007563.[0m
[32m[I 2023-01-22 01:40:58,473][0m Trial 70 finished with value: 158.00147310035427 and parameters: {'max_depth': 6, 'learning_rate': 0.03293699007972185, 'colsample_bytree': 0.44723762799799116, 'subsample': 0.6940300827117077, 'alpha': 0.31518126970735516, 'lambda': 1.092232612404746e-06, 'gamma': 2.843940268436582e-07, 'min_child_weight': 28.46430607109048}. Best is trial 53 with value: 11.291962361007563.[0m
[32m[I 2023-01-22 01:41:00,806][0m Trial 71 finished with value: 11.417662947359878 and parameters: {'max_depth': 8, 'learning_rate': 0.024292727213561516, 'colsample_bytree': 0.4916439206605167, 'subsample': 0.7328773848299188, 'alpha': 0.16509200358426035, 'lambda': 7.340202558764067e-06, 'gamma': 2.6847935838633212e-08, 'min_child_weight': 11.320703019844572}. Best is trial 53 with value: 11.291962361007563.[0m
[32m[I 2023-01-22 01:41:01,635][0m Trial 72 finished with value: 158.00147310035427 and parameters: {'max_depth': 7, 'learning_rate': 0.03511580993631534, 'colsample_bytree': 0.4530510804215582, 'subsample': 0.7158727187095693, 'alpha': 0.2257085649760785, 'lambda': 0.0001200777585467674, 'gamma': 2.847500137854107e-06, 'min_child_weight': 970.7909908241517}. Best is trial 53 with value: 11.291962361007563.[0m
[32m[I 2023-01-22 01:41:03,973][0m Trial 73 finished with value: 11.486982062349757 and parameters: {'max_depth': 8, 'learning_rate': 0.021663548801859257, 'colsample_bytree': 0.5129941454004022, 'subsample': 0.6833364201015761, 'alpha': 0.11979326454591815, 'lambda': 4.057692314128704e-06, 'gamma': 1.6432906065177635e-06, 'min_child_weight': 10.24680924291471}. Best is trial 53 with value: 11.291962361007563.[0m
[32m[I 2023-01-22 01:41:04,576][0m Trial 74 finished with value: 158.00147310035427 and parameters: {'max_depth': 9, 'learning_rate': 0.030164309564255972, 'colsample_bytree': 0.4201667048656555, 'subsample': 0.748409625944089, 'alpha': 0.3067610709994315, 'lambda': 1.906045143246491e-05, 'gamma': 4.0696332655759203e-07, 'min_child_weight': 16.50500849039972}. Best is trial 53 with value: 11.291962361007563.[0m
[32m[I 2023-01-22 01:41:07,405][0m Trial 75 finished with value: 11.47624046400129 and parameters: {'max_depth': 8, 'learning_rate': 0.03920509581854764, 'colsample_bytree': 0.38433415122252573, 'subsample': 0.7014999774498476, 'alpha': 0.09486895013117938, 'lambda': 3.906031211230723e-05, 'gamma': 7.999144365261691e-06, 'min_child_weight': 12.632311113730939}. Best is trial 53 with value: 11.291962361007563.[0m
[32m[I 2023-01-22 01:41:09,033][0m Trial 76 finished with value: 134.95787855732493 and parameters: {'max_depth': 7, 'learning_rate': 0.04248670104933895, 'colsample_bytree': 0.43537896667632286, 'subsample': 0.6542479312479049, 'alpha': 0.06767469259675497, 'lambda': 7.915427245880279e-06, 'gamma': 0.0021562453893421074, 'min_child_weight': 14.062632282989236}. Best is trial 53 with value: 11.291962361007563.[0m
[32m[I 2023-01-22 01:41:14,168][0m Trial 77 finished with value: 11.367606372967785 and parameters: {'max_depth': 9, 'learning_rate': 0.03231916298747038, 'colsample_bytree': 0.3683577615786036, 'subsample': 0.6680325269776577, 'alpha': 0.1459474949656595, 'lambda': 2.3515479138636743e-07, 'gamma': 1.1308982946309371e-07, 'min_child_weight': 10.031766626686279}. Best is trial 53 with value: 11.291962361007563.[0m
[32m[I 2023-01-22 01:41:14,535][0m Trial 78 finished with value: 158.00147310035427 and parameters: {'max_depth': 5, 'learning_rate': 0.032256960833382385, 'colsample_bytree': 0.4452582668542459, 'subsample': 0.6663951135619469, 'alpha': 0.40691210348887724, 'lambda': 2.878885894505304e-07, 'gamma': 1.1566920631350279e-08, 'min_child_weight': 608.5823771017411}. Best is trial 53 with value: 11.291962361007563.[0m
[32m[I 2023-01-22 01:41:17,023][0m Trial 79 finished with value: 11.370049972576336 and parameters: {'max_depth': 8, 'learning_rate': 0.026467116362194443, 'colsample_bytree': 0.3630237622910501, 'subsample': 0.6220006762147416, 'alpha': 0.15320876807144307, 'lambda': 6.151254798608314e-07, 'gamma': 1.5987420289893683e-07, 'min_child_weight': 10.001423662595332}. Best is trial 53 with value: 11.291962361007563.[0m
[32m[I 2023-01-22 01:41:19,385][0m Trial 80 finished with value: 11.354763154821956 and parameters: {'max_depth': 8, 'learning_rate': 0.025337400720988768, 'colsample_bytree': 0.3670395535349772, 'subsample': 0.6291779931192718, 'alpha': 0.13883083975252786, 'lambda': 6.431835373684021e-07, 'gamma': 5.373661355658042e-08, 'min_child_weight': 10.000727409164242}. Best is trial 53 with value: 11.291962361007563.[0m
[32m[I 2023-01-22 01:41:21,760][0m Trial 81 finished with value: 11.585990788374543 and parameters: {'max_depth': 8, 'learning_rate': 0.01927472647533195, 'colsample_bytree': 0.36691751358955776, 'subsample': 0.6268384036547195, 'alpha': 0.1527337824150093, 'lambda': 7.844027846508725e-07, 'gamma': 7.735504768861308e-08, 'min_child_weight': 10.253070014798093}. Best is trial 53 with value: 11.291962361007563.[0m
[32m[I 2023-01-22 01:41:27,657][0m Trial 82 finished with value: 11.840789881235903 and parameters: {'max_depth': 7, 'learning_rate': 0.02518370303776532, 'colsample_bytree': 0.3610702690813048, 'subsample': 0.5999356511632906, 'alpha': 0.18166762132548944, 'lambda': 1.7614849901654884e-06, 'gamma': 2.3224405886968618e-07, 'min_child_weight': 11.39322649882115}. Best is trial 53 with value: 11.291962361007563.[0m
[32m[I 2023-01-22 01:42:26,674][0m Trial 83 finished with value: 43.21192708761447 and parameters: {'max_depth': 8, 'learning_rate': 0.029640183223879804, 'colsample_bytree': 0.3748541218741635, 'subsample': 0.6232001679332819, 'alpha': 0.2300829172449539, 'lambda': 6.892062458650443e-07, 'gamma': 6.798056681974923e-08, 'min_child_weight': 13.808945973249854}. Best is trial 53 with value: 11.291962361007563.[0m
[32m[I 2023-01-22 01:42:32,953][0m Trial 84 finished with value: 158.00147310035427 and parameters: {'max_depth': 8, 'learning_rate': 0.026146124073654152, 'colsample_bytree': 0.38409412849006935, 'subsample': 0.5879646212804893, 'alpha': 0.13399389866369815, 'lambda': 2.875585477243273e-06, 'gamma': 3.6062741207722367e-08, 'min_child_weight': 20.876901202411297}. Best is trial 53 with value: 11.291962361007563.[0m
[32m[I 2023-01-22 01:43:00,167][0m Trial 85 finished with value: 158.00147310035427 and parameters: {'max_depth': 7, 'learning_rate': 0.022137567110850867, 'colsample_bytree': 0.39881240330508505, 'subsample': 0.6491201361096329, 'alpha': 0.2072590133857267, 'lambda': 2.2800367793805723e-07, 'gamma': 1.872734843145877e-07, 'min_child_weight': 15.493834802230422}. Best is trial 53 with value: 11.291962361007563.[0m
[32m[I 2023-01-22 01:46:57,412][0m Trial 86 finished with value: 11.957359501654832 and parameters: {'max_depth': 8, 'learning_rate': 0.027251822947454533, 'colsample_bytree': 0.3407750452930013, 'subsample': 0.6363560540942548, 'alpha': 0.26594658547589306, 'lambda': 1.1863901527432454e-06, 'gamma': 8.929837297861904e-07, 'min_child_weight': 12.894652299334554}. Best is trial 53 with value: 11.291962361007563.[0m
[32m[I 2023-01-22 01:47:01,364][0m Trial 87 finished with value: 11.363838058984928 and parameters: {'max_depth': 9, 'learning_rate': 0.034880679875234105, 'colsample_bytree': 0.3911114355541847, 'subsample': 0.6087165314121342, 'alpha': 0.08632918523644394, 'lambda': 1.1096502881407685e-07, 'gamma': 4.5181380699281173e-08, 'min_child_weight': 10.04691739165788}. Best is trial 53 with value: 11.291962361007563.[0m
[32m[I 2023-01-22 01:47:04,685][0m Trial 88 finished with value: 11.66006960834925 and parameters: {'max_depth': 9, 'learning_rate': 0.033846257311722146, 'colsample_bytree': 0.3513040309627426, 'subsample': 0.5695980831026822, 'alpha': 0.09532748220936252, 'lambda': 1.8737075785738263e-08, 'gamma': 1.9552353042285538e-08, 'min_child_weight': 10.037654879775763}. Best is trial 53 with value: 11.291962361007563.[0m
[32m[I 2023-01-22 01:47:05,510][0m Trial 89 finished with value: 158.00147310035427 and parameters: {'max_depth': 9, 'learning_rate': 0.019996097487568885, 'colsample_bytree': 0.3916824649333387, 'subsample': 0.6082351652762441, 'alpha': 0.14518486763654392, 'lambda': 1.6029811964704694e-07, 'gamma': 4.103909626392812e-08, 'min_child_weight': 349.6679916661007}. Best is trial 53 with value: 11.291962361007563.[0m
[32m[I 2023-01-22 01:47:06,503][0m Trial 90 finished with value: 158.00147310035427 and parameters: {'max_depth': 8, 'learning_rate': 0.03569590400638913, 'colsample_bytree': 0.4091693039216357, 'subsample': 0.5512089208782824, 'alpha': 0.42081277229998354, 'lambda': 8.338644308316372e-08, 'gamma': 1.4508008446888463e-07, 'min_child_weight': 17.02669812540834}. Best is trial 53 with value: 11.291962361007563.[0m
[32m[I 2023-01-22 01:47:14,902][0m Trial 91 finished with value: 11.386776365398102 and parameters: {'max_depth': 9, 'learning_rate': 0.03152205923121769, 'colsample_bytree': 0.43172025981305334, 'subsample': 0.6613842485404531, 'alpha': 0.12024921384610134, 'lambda': 4.340313955765453e-08, 'gamma': 1.5630616617994328e-08, 'min_child_weight': 11.325844644786562}. Best is trial 53 with value: 11.291962361007563.[0m
[32m[I 2023-01-22 01:47:32,925][0m Trial 92 finished with value: 11.461982048737223 and parameters: {'max_depth': 8, 'learning_rate': 0.03809586986223204, 'colsample_bytree': 0.37231346382938507, 'subsample': 0.6782145005023184, 'alpha': 0.10484738753182062, 'lambda': 4.789568041928767e-07, 'gamma': 9.435310862135648e-08, 'min_child_weight': 11.121237967568295}. Best is trial 53 with value: 11.291962361007563.[0m
[32m[I 2023-01-22 01:47:51,607][0m Trial 93 finished with value: 11.61785202316498 and parameters: {'max_depth': 6, 'learning_rate': 0.024621380370129634, 'colsample_bytree': 0.3341436446731733, 'subsample': 0.6186684240471828, 'alpha': 0.08512442335374627, 'lambda': 2.795577547432862e-07, 'gamma': 6.235453593476645e-07, 'min_child_weight': 12.76477157849884}. Best is trial 53 with value: 11.291962361007563.[0m
