[32m[I 2023-01-22 12:05:53,112][0m Trial 14 finished with value: 2.050235208703198 and parameters: {'max_depth': 11, 'learning_rate': 0.011435200878291418, 'colsample_bytree': 0.5238315673412457, 'subsample': 0.6578694741072342, 'alpha': 0.4232168229088529, 'lambda': 9.736871867830454e-06, 'gamma': 8.272415321427653, 'min_child_weight': 10.078502360349592}. Best is trial 14 with value: 2.050235208703198.[0m
[32m[I 2023-01-22 12:07:29,906][0m Trial 15 finished with value: 4.545776911162534 and parameters: {'max_depth': 10, 'learning_rate': 0.01125292049087925, 'colsample_bytree': 0.5379935205192646, 'subsample': 0.6563589059197368, 'alpha': 0.26119561701655764, 'lambda': 9.547392969137277e-06, 'gamma': 4.343720565519036e-06, 'min_child_weight': 27.03738338957393}. Best is trial 14 with value: 2.050235208703198.[0m
[32m[I 2023-01-22 12:07:33,816][0m Trial 16 finished with value: 161.1103761615941 and parameters: {'max_depth': 10, 'learning_rate': 0.02184730455272223, 'colsample_bytree': 0.5269175234235232, 'subsample': 0.669192770340704, 'alpha': 0.6726356302293586, 'lambda': 0.0017482274705963976, 'gamma': 1.103217333805366e-08, 'min_child_weight': 190.0802228822254}. Best is trial 14 with value: 2.050235208703198.[0m
[32m[I 2023-01-22 12:08:38,140][0m Trial 17 finished with value: 2.171288885192759 and parameters: {'max_depth': 11, 'learning_rate': 0.012039350177850166, 'colsample_bytree': 0.33119412858738484, 'subsample': 0.5646913773961543, 'alpha': 0.3432674618783309, 'lambda': 1.7578071939504656e-08, 'gamma': 4.806266984502709e-05, 'min_child_weight': 15.693857236566368}. Best is trial 14 with value: 2.050235208703198.[0m
[32m[I 2023-01-22 12:08:40,461][0m Trial 18 finished with value: 9.493474882657836 and parameters: {'max_depth': 7, 'learning_rate': 0.038948403772121866, 'colsample_bytree': 0.4433557238674795, 'subsample': 0.6029967056557426, 'alpha': 4.8663280431769795, 'lambda': 5.448508590127703e-06, 'gamma': 0.0014561469589187412, 'min_child_weight': 33.76135872359135}. Best is trial 14 with value: 2.050235208703198.[0m
[32m[I 2023-01-22 12:08:51,539][0m Trial 19 finished with value: 9.583646976463665 and parameters: {'max_depth': 9, 'learning_rate': 0.008303461895864271, 'colsample_bytree': 0.5472217475504765, 'subsample': 0.6970303337810757, 'alpha': 1.2153198464970525, 'lambda': 0.0005776634374909679, 'gamma': 3.473364153776168e-07, 'min_child_weight': 45.157951140317465}. Best is trial 14 with value: 2.050235208703198.[0m
[32m[I 2023-01-22 12:08:52,403][0m Trial 20 finished with value: 161.1103761615941 and parameters: {'max_depth': 5, 'learning_rate': 0.035305449151475425, 'colsample_bytree': 0.4218059922452116, 'subsample': 0.751800318355228, 'alpha': 0.1975028459286852, 'lambda': 8.809657682282727e-07, 'gamma': 0.0645394920708435, 'min_child_weight': 121.66191303014195}. Best is trial 14 with value: 2.050235208703198.[0m
[32m[I 2023-01-22 12:09:08,927][0m Trial 21 finished with value: 2.3716419078185083 and parameters: {'max_depth': 11, 'learning_rate': 0.012868661575816263, 'colsample_bytree': 0.34341210737767536, 'subsample': 0.5635406944440623, 'alpha': 0.3601439822820759, 'lambda': 1.0382515794905546e-08, 'gamma': 3.891933380631261e-05, 'min_child_weight': 17.602113492094364}. Best is trial 14 with value: 2.050235208703198.[0m
[32m[I 2023-01-22 12:09:29,845][0m Trial 22 finished with value: 2.122882457146523 and parameters: {'max_depth': 11, 'learning_rate': 0.020905854556373272, 'colsample_bytree': 0.33880954152180054, 'subsample': 0.5687626710336027, 'alpha': 0.3759813102372161, 'lambda': 5.456943526228372e-08, 'gamma': 3.02367974067183e-05, 'min_child_weight': 15.23006215434295}. Best is trial 14 with value: 2.050235208703198.[0m
[32m[I 2023-01-22 12:09:48,951][0m Trial 23 finished with value: 1.9491170109375868 and parameters: {'max_depth': 11, 'learning_rate': 0.021985599912511557, 'colsample_bytree': 0.49977565516795935, 'subsample': 0.6251323334561256, 'alpha': 0.09936871842770707, 'lambda': 1.1094337756946427e-07, 'gamma': 2.874860430308676e-07, 'min_child_weight': 15.90291742672442}. Best is trial 23 with value: 1.9491170109375868.[0m
[32m[I 2023-01-22 12:09:52,404][0m Trial 24 finished with value: 9.57305515453904 and parameters: {'max_depth': 9, 'learning_rate': 0.02205027005828383, 'colsample_bytree': 0.4898305111369572, 'subsample': 0.6379116554674189, 'alpha': 0.09255668955005873, 'lambda': 6.665017802138803e-07, 'gamma': 3.0136504165176863e-07, 'min_child_weight': 35.24881793630693}. Best is trial 23 with value: 1.9491170109375868.[0m
[32m[I 2023-01-22 12:10:06,211][0m Trial 25 finished with value: 2.0587551683838776 and parameters: {'max_depth': 11, 'learning_rate': 0.03337133587939072, 'colsample_bytree': 0.5121939527316812, 'subsample': 0.6900646198797656, 'alpha': 0.029676555754516817, 'lambda': 1.1738570136590577e-05, 'gamma': 7.413218833228802e-08, 'min_child_weight': 17.395855411337912}. Best is trial 23 with value: 1.9491170109375868.[0m
[32m[I 2023-01-22 12:11:06,120][0m Trial 26 finished with value: 1.6559961262715142 and parameters: {'max_depth': 11, 'learning_rate': 0.02551451835409428, 'colsample_bytree': 0.557464014606982, 'subsample': 0.6173516941980342, 'alpha': 0.03280051195841255, 'lambda': 7.798892285054107e-06, 'gamma': 7.130737774358634e-08, 'min_child_weight': 10.455374134762714}. Best is trial 26 with value: 1.6559961262715142.[0m
[32m[I 2023-01-22 12:11:32,063][0m Trial 27 finished with value: 1.6273691077751284 and parameters: {'max_depth': 10, 'learning_rate': 0.014743011231901085, 'colsample_bytree': 0.5686899954841035, 'subsample': 0.6254161661136303, 'alpha': 0.010186933719804905, 'lambda': 0.0003120809601193611, 'gamma': 1.1108422531695178e-06, 'min_child_weight': 10.102647288940421}. Best is trial 27 with value: 1.6273691077751284.[0m
[32m[I 2023-01-22 12:11:49,587][0m Trial 28 finished with value: 2.006828761977946 and parameters: {'max_depth': 10, 'learning_rate': 0.014303759154235542, 'colsample_bytree': 0.5639746461509474, 'subsample': 0.4618777713101683, 'alpha': 0.014579713703517981, 'lambda': 0.07296126321558583, 'gamma': 9.761894801327206e-07, 'min_child_weight': 12.851583757732078}. Best is trial 27 with value: 1.6273691077751284.[0m
[32m[I 2023-01-22 12:11:50,342][0m Trial 29 finished with value: 161.1103761615941 and parameters: {'max_depth': 9, 'learning_rate': 0.019127833303693102, 'colsample_bytree': 0.5840111143412896, 'subsample': 0.6264460412278564, 'alpha': 0.03576262931240656, 'lambda': 0.0007194175830341881, 'gamma': 9.887242003056107e-08, 'min_child_weight': 212.1364656906713}. Best is trial 27 with value: 1.6273691077751284.[0m
[32m[I 2023-01-22 12:11:53,095][0m Trial 30 finished with value: 9.620266150633919 and parameters: {'max_depth': 12, 'learning_rate': 0.02475663758232639, 'colsample_bytree': 0.5597001354561192, 'subsample': 0.5852491874614391, 'alpha': 0.010306871837976453, 'lambda': 9.083904725950705e-05, 'gamma': 2.424971398867734e-08, 'min_child_weight': 33.840315204648284}. Best is trial 27 with value: 1.6273691077751284.[0m
[32m[I 2023-01-22 12:12:01,913][0m Trial 31 finished with value: 2.102286033648185 and parameters: {'max_depth': 10, 'learning_rate': 0.015317929460529726, 'colsample_bytree': 0.5627219513793346, 'subsample': 0.47267887269552067, 'alpha': 0.017321149166216313, 'lambda': 0.21069057585874953, 'gamma': 1.0454760636265582e-06, 'min_child_weight': 13.597447464669802}. Best is trial 27 with value: 1.6273691077751284.[0m
[32m[I 2023-01-22 12:12:09,625][0m Trial 32 finished with value: 2.337132522486313 and parameters: {'max_depth': 10, 'learning_rate': 0.013717241705929733, 'colsample_bytree': 0.5614190735255652, 'subsample': 0.6176353304555149, 'alpha': 0.010135985440542875, 'lambda': 0.062110567642006086, 'gamma': 1.4603826619204814e-06, 'min_child_weight': 20.59507818250049}. Best is trial 27 with value: 1.6273691077751284.[0m
[32m[I 2023-01-22 12:12:10,335][0m Trial 33 finished with value: 161.1103761615941 and parameters: {'max_depth': 9, 'learning_rate': 0.025664741847640695, 'colsample_bytree': 0.5099967689734163, 'subsample': 0.5333959312056086, 'alpha': 0.04715251438025381, 'lambda': 0.004925215287618916, 'gamma': 1.0673618267774792e-07, 'min_child_weight': 350.7962589080232}. Best is trial 27 with value: 1.6273691077751284.[0m
[32m[I 2023-01-22 12:13:02,483][0m Trial 34 finished with value: 1.9127186130677534 and parameters: {'max_depth': 11, 'learning_rate': 0.019054844596660292, 'colsample_bytree': 0.5993134344664012, 'subsample': 0.4562670147175814, 'alpha': 0.0179620668733073, 'lambda': 0.03602734314390313, 'gamma': 1.2000066652095025e-06, 'min_child_weight': 12.968569755473402}. Best is trial 27 with value: 1.6273691077751284.[0m
[32m[I 2023-01-22 12:13:18,617][0m Trial 35 finished with value: 2.5303550841263833 and parameters: {'max_depth': 11, 'learning_rate': 0.017844192246494014, 'colsample_bytree': 0.5950019680475721, 'subsample': 0.589513095666818, 'alpha': 0.02332604839800873, 'lambda': 2.849942368300386e-07, 'gamma': 1.036662774977827e-08, 'min_child_weight': 21.71460947256243}. Best is trial 27 with value: 1.6273691077751284.[0m
[32m[I 2023-01-22 12:13:36,140][0m Trial 36 finished with value: 1.635119317187597 and parameters: {'max_depth': 12, 'learning_rate': 0.02531356279521635, 'colsample_bytree': 0.5745419883515829, 'subsample': 0.6337257864202221, 'alpha': 0.10262490237427596, 'lambda': 0.00023917674393559047, 'gamma': 9.320670332913354e-06, 'min_child_weight': 10.059994201700457}. Best is trial 27 with value: 1.6273691077751284.[0m
[32m[I 2023-01-22 12:13:40,315][0m Trial 37 finished with value: 161.1103761615941 and parameters: {'max_depth': 12, 'learning_rate': 0.04922760313445101, 'colsample_bytree': 0.5776482543674365, 'subsample': 0.44444181602257893, 'alpha': 0.04456556209605472, 'lambda': 0.0020454119622913334, 'gamma': 0.0004712028882715873, 'min_child_weight': 66.33971813744554}. Best is trial 27 with value: 1.6273691077751284.[0m
[32m[I 2023-01-22 12:14:23,965][0m Trial 38 finished with value: 1.6294775144389113 and parameters: {'max_depth': 12, 'learning_rate': 0.026829136715686736, 'colsample_bytree': 0.5942804580751728, 'subsample': 0.6488036459643622, 'alpha': 0.06572652757152517, 'lambda': 0.00022759697817624424, 'gamma': 1.0491591910252601e-05, 'min_child_weight': 10.178097139656211}. Best is trial 27 with value: 1.6273691077751284.[0m
[32m[I 2023-01-22 12:14:26,927][0m Trial 39 finished with value: 161.1103761615941 and parameters: {'max_depth': 12, 'learning_rate': 0.04061202910013881, 'colsample_bytree': 0.5384812782103583, 'subsample': 0.6760550443145189, 'alpha': 0.06976757230278006, 'lambda': 0.0003111746513856899, 'gamma': 6.822313567117949e-06, 'min_child_weight': 986.1196009873969}. Best is trial 27 with value: 1.6273691077751284.[0m
[32m[I 2023-01-22 12:14:35,199][0m Trial 40 finished with value: 1.6425763239606657 and parameters: {'max_depth': 12, 'learning_rate': 0.02898335195605053, 'colsample_bytree': 0.46939361595716855, 'subsample': 0.6470949980633617, 'alpha': 0.16094276164494628, 'lambda': 0.00025542838524132856, 'gamma': 8.102449643070805e-06, 'min_child_weight': 10.001545799338398}. Best is trial 27 with value: 1.6273691077751284.[0m
[32m[I 2023-01-22 12:14:50,077][0m Trial 41 finished with value: 1.7003243820653526 and parameters: {'max_depth': 12, 'learning_rate': 0.027696455028995717, 'colsample_bytree': 0.5730586397362261, 'subsample': 0.6431423212692263, 'alpha': 0.133475163003424, 'lambda': 0.00020075681202797087, 'gamma': 1.2972848405208363e-05, 'min_child_weight': 11.99438243195764}. Best is trial 27 with value: 1.6273691077751284.[0m
[32m[I 2023-01-22 12:15:04,403][0m Trial 42 finished with value: 1.6958968659017728 and parameters: {'max_depth': 12, 'learning_rate': 0.03011153826550815, 'colsample_bytree': 0.4649565688397665, 'subsample': 0.6091420805762665, 'alpha': 0.16719714033879352, 'lambda': 3.43224559118256e-05, 'gamma': 2.615194821573724e-06, 'min_child_weight': 10.066303426629526}. Best is trial 27 with value: 1.6273691077751284.[0m
[32m[I 2023-01-22 12:15:10,418][0m Trial 43 finished with value: 2.2387125978643896 and parameters: {'max_depth': 12, 'learning_rate': 0.024271553714122863, 'colsample_bytree': 0.5483391816041375, 'subsample': 0.6516923155120352, 'alpha': 0.0539204592987773, 'lambda': 0.00015821619388617752, 'gamma': 0.000490318434171449, 'min_child_weight': 19.241685674097656}. Best is trial 27 with value: 1.6273691077751284.[0m
[32m[I 2023-01-22 12:15:19,987][0m Trial 44 finished with value: 2.2932840693604915 and parameters: {'max_depth': 11, 'learning_rate': 0.038253043277735974, 'colsample_bytree': 0.599574546203044, 'subsample': 0.734124232716082, 'alpha': 0.11436999297835897, 'lambda': 0.0010959403224076415, 'gamma': 1.0665519651042388e-05, 'min_child_weight': 25.73571498319263}. Best is trial 27 with value: 1.6273691077751284.[0m
[32m[I 2023-01-22 12:15:32,814][0m Trial 45 finished with value: 1.7317540043660216 and parameters: {'max_depth': 12, 'learning_rate': 0.03140265916613797, 'colsample_bytree': 0.4718532387899933, 'subsample': 0.6752518403916568, 'alpha': 0.22266156185577518, 'lambda': 2.2852974851288802e-05, 'gamma': 0.0001252207569188571, 'min_child_weight': 13.030101522532204}. Best is trial 27 with value: 1.6273691077751284.[0m
[32m[I 2023-01-22 12:15:52,951][0m Trial 46 finished with value: 1.6944056957503768 and parameters: {'max_depth': 8, 'learning_rate': 0.02723711271357768, 'colsample_bytree': 0.41646934461502055, 'subsample': 0.6322264185860831, 'alpha': 0.07044735458003372, 'lambda': 0.004273296239401126, 'gamma': 3.1302675880077326e-06, 'min_child_weight': 10.850740065571074}. Best is trial 27 with value: 1.6273691077751284.[0m
[32m[I 2023-01-22 12:15:58,612][0m Trial 47 finished with value: 9.624125220833758 and parameters: {'max_depth': 12, 'learning_rate': 0.01975438299528377, 'colsample_bytree': 0.5240146760236691, 'subsample': 0.5425582481023574, 'alpha': 0.02876520272390651, 'lambda': 2.36686022402443e-06, 'gamma': 3.785747414929334e-08, 'min_child_weight': 27.315979665616247}. Best is trial 27 with value: 1.6273691077751284.[0m
[32m[I 2023-01-22 12:16:19,519][0m Trial 48 finished with value: 1.6942158528596623 and parameters: {'max_depth': 11, 'learning_rate': 0.01621813264789653, 'colsample_bytree': 0.5762264915663018, 'subsample': 0.7077379236215342, 'alpha': 0.04134554914315473, 'lambda': 0.0004488180878917526, 'gamma': 1.9861695183185345e-07, 'min_child_weight': 13.945328517236119}. Best is trial 27 with value: 1.6273691077751284.[0m
[32m[I 2023-01-22 12:17:04,062][0m Trial 49 finished with value: 1.6692577206348325 and parameters: {'max_depth': 12, 'learning_rate': 0.009215679388177196, 'colsample_bytree': 0.5455921857447492, 'subsample': 0.7903028517263366, 'alpha': 0.023083169485482915, 'lambda': 0.00014014167554017587, 'gamma': 6.330796568906432e-07, 'min_child_weight': 10.02850530625169}. Best is trial 27 with value: 1.6273691077751284.[0m
[32m[I 2023-01-22 12:17:08,573][0m Trial 50 finished with value: 2.847714814297087 and parameters: {'max_depth': 10, 'learning_rate': 0.023602320251311364, 'colsample_bytree': 0.3730981463912648, 'subsample': 0.5892233359754655, 'alpha': 0.06325093376647682, 'lambda': 3.223954803837424e-05, 'gamma': 1.7373466038044772e-05, 'min_child_weight': 21.697932606937307}. Best is trial 27 with value: 1.6273691077751284.[0m
[32m[I 2023-01-22 12:17:51,190][0m Trial 51 finished with value: 1.65928525164099 and parameters: {'max_depth': 12, 'learning_rate': 0.009708159377067349, 'colsample_bytree': 0.5477043664782727, 'subsample': 0.7692988148459354, 'alpha': 0.028267794947549708, 'lambda': 0.00010839069565289392, 'gamma': 5.477610366918749e-07, 'min_child_weight': 10.34231001635023}. Best is trial 27 with value: 1.6273691077751284.[0m
[32m[I 2023-01-22 12:18:38,038][0m Trial 52 finished with value: 1.6736337353531983 and parameters: {'max_depth': 12, 'learning_rate': 0.006406730763726805, 'colsample_bytree': 0.5103933276918825, 'subsample': 0.750534576713237, 'alpha': 0.0782679767978744, 'lambda': 0.000293411342926045, 'gamma': 2.048219748280945e-06, 'min_child_weight': 11.928348201681283}. Best is trial 27 with value: 1.6273691077751284.[0m
[32m[I 2023-01-22 12:19:37,904][0m Trial 53 finished with value: 1.7713957783124066 and parameters: {'max_depth': 11, 'learning_rate': 0.006930179673958481, 'colsample_bytree': 0.5327154627217329, 'subsample': 0.7658602545473364, 'alpha': 0.0141238080433082, 'lambda': 3.614787745431239e-06, 'gamma': 4.675122220453986e-07, 'min_child_weight': 15.400498913593243}. Best is trial 27 with value: 1.6273691077751284.[0m
[32m[I 2023-01-22 12:20:21,212][0m Trial 54 finished with value: 1.674989309299982 and parameters: {'max_depth': 12, 'learning_rate': 0.010016349949434587, 'colsample_bytree': 0.5864610836460845, 'subsample': 0.6665099803482664, 'alpha': 0.03331434409604471, 'lambda': 7.206239611227632e-05, 'gamma': 6.347228685473339e-06, 'min_child_weight': 11.836259616758886}. Best is trial 27 with value: 1.6273691077751284.[0m
[32m[I 2023-01-22 12:20:27,496][0m Trial 55 finished with value: 2.3144964402115145 and parameters: {'max_depth': 11, 'learning_rate': 0.02907607059551143, 'colsample_bytree': 0.5504675731142397, 'subsample': 0.6105695378048126, 'alpha': 0.12947475236824596, 'lambda': 2.046017858306745e-05, 'gamma': 5.6884896274260504e-05, 'min_child_weight': 18.535643246953537}. Best is trial 27 with value: 1.6273691077751284.[0m
[32m[I 2023-01-22 12:20:30,616][0m Trial 56 finished with value: 2.1248308446119544 and parameters: {'max_depth': 12, 'learning_rate': 0.03655685039917815, 'colsample_bytree': 0.5659508693357306, 'subsample': 0.5090131896079857, 'alpha': 0.02155596632999803, 'lambda': 0.0019601535106703975, 'gamma': 1.3385602244510338e-07, 'min_child_weight': 14.88254035247467}. Best is trial 27 with value: 1.6273691077751284.[0m
[32m[I 2023-01-22 12:20:32,800][0m Trial 57 finished with value: 161.1103761615941 and parameters: {'max_depth': 11, 'learning_rate': 0.033779188426532256, 'colsample_bytree': 0.43997273713563567, 'subsample': 0.6453079158454476, 'alpha': 0.17893128110572573, 'lambda': 0.014860681271070349, 'gamma': 3.4947713863260935e-08, 'min_child_weight': 86.96946811442083}. Best is trial 27 with value: 1.6273691077751284.[0m
[32m[I 2023-01-22 12:21:00,086][0m Trial 58 finished with value: 1.902399396878804 and parameters: {'max_depth': 7, 'learning_rate': 0.0266199793520877, 'colsample_bytree': 0.26714543747202074, 'subsample': 0.553953672959282, 'alpha': 0.5140990355036361, 'lambda': 0.0009932563996609602, 'gamma': 0.007669073264005684, 'min_child_weight': 10.867471921293003}. Best is trial 27 with value: 1.6273691077751284.[0m
[32m[I 2023-01-22 12:21:03,367][0m Trial 59 finished with value: 9.55483815128126 and parameters: {'max_depth': 10, 'learning_rate': 0.041533503915388244, 'colsample_bytree': 0.5013465393840162, 'subsample': 0.7179707006207019, 'alpha': 0.28373864817470024, 'lambda': 1.422838904714906e-05, 'gamma': 2.0495047086051684e-05, 'min_child_weight': 40.95418774828189}. Best is trial 27 with value: 1.6273691077751284.[0m
[32m[I 2023-01-22 12:21:04,211][0m Trial 60 finished with value: 161.1103761615941 and parameters: {'max_depth': 8, 'learning_rate': 0.022926020262440693, 'colsample_bytree': 0.5173476362783791, 'subsample': 0.6859481631109535, 'alpha': 0.09127428176142888, 'lambda': 6.103248273213102e-06, 'gamma': 4.997290194836053e-06, 'min_child_weight': 131.7463507015253}. Best is trial 27 with value: 1.6273691077751284.[0m
[32m[I 2023-01-22 12:22:10,119][0m Trial 61 finished with value: 1.6710961193394276 and parameters: {'max_depth': 12, 'learning_rate': 0.008194683428971195, 'colsample_bytree': 0.5383746290756848, 'subsample': 0.7992322986092153, 'alpha': 0.021614922011465407, 'lambda': 0.0001275095241605621, 'gamma': 5.390757578129986e-07, 'min_child_weight': 10.570447929038082}. Best is trial 27 with value: 1.6273691077751284.[0m
[32m[I 2023-01-22 12:22:33,145][0m Trial 62 finished with value: 1.844265042996716 and parameters: {'max_depth': 12, 'learning_rate': 0.007357127048469937, 'colsample_bytree': 0.5498672180866366, 'subsample': 0.7769941481242144, 'alpha': 0.012448750207797003, 'lambda': 6.926265207655463e-05, 'gamma': 9.249870022494591e-07, 'min_child_weight': 16.22701108297505}. Best is trial 27 with value: 1.6273691077751284.[0m
[32m[I 2023-01-22 12:22:50,122][0m Trial 63 finished with value: 1.6942939807893118 and parameters: {'max_depth': 12, 'learning_rate': 0.009422213330302942, 'colsample_bytree': 0.5828333822220126, 'subsample': 0.7848002836238421, 'alpha': 0.02576388778303235, 'lambda': 0.00022576593063196825, 'gamma': 2.012765686619752e-07, 'min_child_weight': 13.850800277218571}. Best is trial 27 with value: 1.6273691077751284.[0m
[32m[I 2023-01-22 12:23:21,784][0m Trial 64 finished with value: 1.6448886649624825 and parameters: {'max_depth': 11, 'learning_rate': 0.009053375898466491, 'colsample_bytree': 0.5537816794454289, 'subsample': 0.7339448571343793, 'alpha': 0.039294486389973425, 'lambda': 3.92889987804654e-05, 'gamma': 5.924971223077142e-07, 'min_child_weight': 10.041630613733185}. Best is trial 27 with value: 1.6273691077751284.[0m
[32m[I 2023-01-22 12:24:06,449][0m Trial 65 finished with value: 1.6613762494240465 and parameters: {'max_depth': 11, 'learning_rate': 0.0061591585371007585, 'colsample_bytree': 0.5725860931344827, 'subsample': 0.7370974495568959, 'alpha': 0.049682163476360765, 'lambda': 3.952672848828427e-05, 'gamma': 5.228274237836197e-08, 'min_child_weight': 11.955418407053386}. Best is trial 27 with value: 1.6273691077751284.[0m
