[32m[I 2023-01-22 10:56:46,542][0m Trial 22 finished with value: 9.18084994353362 and parameters: {'max_depth': 10, 'learning_rate': 0.011520303056433324, 'colsample_bytree': 0.3155296735797723, 'subsample': 0.6648614946619484, 'alpha': 0.011791746584770947, 'lambda': 0.002362664605880471, 'gamma': 2.394472357800321, 'min_child_weight': 10.011033417130268}. Best is trial 14 with value: 8.77498882293484.[0m
[32m[I 2023-01-22 10:56:48,507][0m Trial 23 finished with value: 162.921647201736 and parameters: {'max_depth': 11, 'learning_rate': 0.009758616400521189, 'colsample_bytree': 0.30302260701763084, 'subsample': 0.7513708911913518, 'alpha': 0.015293948676977353, 'lambda': 0.001011355553685704, 'gamma': 1.239182483042031, 'min_child_weight': 15.976563532137465}. Best is trial 14 with value: 8.77498882293484.[0m
[32m[I 2023-01-22 10:56:49,826][0m Trial 24 finished with value: 165.91679340881925 and parameters: {'max_depth': 8, 'learning_rate': 0.019474792191249837, 'colsample_bytree': 0.4424925723640952, 'subsample': 0.6113745156919741, 'alpha': 0.011928455687545133, 'lambda': 5.420673464335764e-05, 'gamma': 0.21425832091308278, 'min_child_weight': 14.449890893408025}. Best is trial 14 with value: 8.77498882293484.[0m
[32m[I 2023-01-22 10:56:50,996][0m Trial 25 finished with value: 165.91679340881925 and parameters: {'max_depth': 11, 'learning_rate': 0.012863732223360493, 'colsample_bytree': 0.3920767552649505, 'subsample': 0.6764252096098793, 'alpha': 0.05252066002386585, 'lambda': 0.005082962821793865, 'gamma': 2.1260839178368, 'min_child_weight': 41.09622447759385}. Best is trial 14 with value: 8.77498882293484.[0m
[32m[I 2023-01-22 10:56:52,417][0m Trial 26 finished with value: 165.91679340881925 and parameters: {'max_depth': 9, 'learning_rate': 0.038602818421748925, 'colsample_bytree': 0.32393303373337873, 'subsample': 0.6476899520349152, 'alpha': 0.024017358026669645, 'lambda': 2.026704477888206e-05, 'gamma': 0.013458791276667737, 'min_child_weight': 18.851124618281975}. Best is trial 14 with value: 8.77498882293484.[0m
[32m[I 2023-01-22 10:57:01,753][0m Trial 27 finished with value: 8.914637566565597 and parameters: {'max_depth': 6, 'learning_rate': 0.027486384237244567, 'colsample_bytree': 0.37200287255142694, 'subsample': 0.7398770580467641, 'alpha': 0.010052977207827989, 'lambda': 0.00037000693784884024, 'gamma': 3.050600158262674, 'min_child_weight': 10.042828113282887}. Best is trial 14 with value: 8.77498882293484.[0m
[32m[I 2023-01-22 10:57:02,914][0m Trial 28 finished with value: 165.91679340881925 and parameters: {'max_depth': 6, 'learning_rate': 0.028245601876107262, 'colsample_bytree': 0.37148462721634073, 'subsample': 0.7438955586552818, 'alpha': 0.22089541999710086, 'lambda': 0.0003254261111620508, 'gamma': 0.36017310666111835, 'min_child_weight': 29.6244642741861}. Best is trial 14 with value: 8.77498882293484.[0m
[32m[I 2023-01-22 10:57:17,231][0m Trial 29 finished with value: 9.716557721948055 and parameters: {'max_depth': 5, 'learning_rate': 0.03720841656783164, 'colsample_bytree': 0.5241759150840116, 'subsample': 0.6983111518581109, 'alpha': 0.03554773854486844, 'lambda': 9.849232016919756e-07, 'gamma': 0.0009075667474526431, 'min_child_weight': 13.91424983616495}. Best is trial 14 with value: 8.77498882293484.[0m
[32m[I 2023-01-22 10:57:18,825][0m Trial 30 finished with value: 165.91679340881925 and parameters: {'max_depth': 7, 'learning_rate': 0.028461574899170373, 'colsample_bytree': 0.44625955489727626, 'subsample': 0.7326260583026785, 'alpha': 0.08848242654363508, 'lambda': 4.175830126389492e-06, 'gamma': 0.05471475556585563, 'min_child_weight': 66.65711133630602}. Best is trial 14 with value: 8.77498882293484.[0m
[32m[I 2023-01-22 10:57:21,227][0m Trial 31 finished with value: 8.690962517743861 and parameters: {'max_depth': 8, 'learning_rate': 0.04206756869231561, 'colsample_bytree': 0.41363589250370514, 'subsample': 0.6420229342061529, 'alpha': 0.010469630097569951, 'lambda': 0.001732211119520919, 'gamma': 2.8330572970216403, 'min_child_weight': 10.21547948105104}. Best is trial 31 with value: 8.690962517743861.[0m
[32m[I 2023-01-22 10:57:22,276][0m Trial 32 finished with value: 165.91679340881925 and parameters: {'max_depth': 8, 'learning_rate': 0.0416296503252845, 'colsample_bytree': 0.4202217906535791, 'subsample': 0.7991792770372792, 'alpha': 0.021035434105410866, 'lambda': 0.00017248165901976843, 'gamma': 3.332028656056912, 'min_child_weight': 20.538760210022872}. Best is trial 31 with value: 8.690962517743861.[0m
[32m[I 2023-01-22 10:57:47,371][0m Trial 33 finished with value: 24.856976926428768 and parameters: {'max_depth': 6, 'learning_rate': 0.04951788517210478, 'colsample_bytree': 0.3818692419426608, 'subsample': 0.6194025326148022, 'alpha': 0.010451631200532219, 'lambda': 0.0005818085164568088, 'gamma': 0.5325468488403746, 'min_child_weight': 13.72872587246293}. Best is trial 31 with value: 8.690962517743861.[0m
[32m[I 2023-01-22 10:57:48,679][0m Trial 34 finished with value: 165.91679340881925 and parameters: {'max_depth': 7, 'learning_rate': 0.023511721289204503, 'colsample_bytree': 0.4665274910344393, 'subsample': 0.584856089027284, 'alpha': 0.02892401269886259, 'lambda': 2.855324226802245e-07, 'gamma': 4.393867844068209, 'min_child_weight': 24.12482091845934}. Best is trial 31 with value: 8.690962517743861.[0m
[32m[I 2023-01-22 10:58:34,027][0m Trial 35 finished with value: 9.340487011911575 and parameters: {'max_depth': 5, 'learning_rate': 0.028047348601268562, 'colsample_bytree': 0.40992711169335183, 'subsample': 0.644172910268553, 'alpha': 0.017282274887704927, 'lambda': 1.1197657466284527e-08, 'gamma': 0.15364752420175143, 'min_child_weight': 12.02436086018197}. Best is trial 31 with value: 8.690962517743861.[0m
[32m[I 2023-01-22 10:58:35,124][0m Trial 36 finished with value: 165.91679340881925 and parameters: {'max_depth': 8, 'learning_rate': 0.03924511746205987, 'colsample_bytree': 0.5096616557889216, 'subsample': 0.556302055118693, 'alpha': 0.042302832883741495, 'lambda': 3.2975435305012795e-07, 'gamma': 0.012603368829600324, 'min_child_weight': 423.1893247861945}. Best is trial 31 with value: 8.690962517743861.[0m
[32m[I 2023-01-22 10:58:35,880][0m Trial 37 finished with value: 165.91679340881925 and parameters: {'max_depth': 9, 'learning_rate': 0.044456089487187066, 'colsample_bytree': 0.3655526699993096, 'subsample': 0.77480244239637, 'alpha': 0.08770728739023953, 'lambda': 2.287349375249877e-05, 'gamma': 0.8575068850984713, 'min_child_weight': 19.277509818124198}. Best is trial 31 with value: 8.690962517743861.[0m
[32m[I 2023-01-22 10:58:37,227][0m Trial 38 finished with value: 165.91679340881925 and parameters: {'max_depth': 7, 'learning_rate': 0.01918554682022314, 'colsample_bytree': 0.45321325264922596, 'subsample': 0.4900095869092682, 'alpha': 0.9703600034199301, 'lambda': 0.009523306769789092, 'gamma': 1.7602564955749299e-07, 'min_child_weight': 26.638123579684997}. Best is trial 31 with value: 8.690962517743861.[0m
[32m[I 2023-01-22 10:58:39,428][0m Trial 39 finished with value: 165.91679340881925 and parameters: {'max_depth': 5, 'learning_rate': 0.030933941277938314, 'colsample_bytree': 0.5554477427050651, 'subsample': 0.7060925949811198, 'alpha': 0.017490739737905076, 'lambda': 1.0967503723742945e-06, 'gamma': 6.921832114821508e-05, 'min_child_weight': 49.36402238072778}. Best is trial 31 with value: 8.690962517743861.[0m
[32m[I 2023-01-22 10:58:40,406][0m Trial 40 finished with value: 165.91679340881925 and parameters: {'max_depth': 6, 'learning_rate': 0.03558872278654725, 'colsample_bytree': 0.29298158997826373, 'subsample': 0.6902556547609958, 'alpha': 0.024622979563052892, 'lambda': 0.26522771523278, 'gamma': 0.02699339995652323, 'min_child_weight': 83.19986650710783}. Best is trial 31 with value: 8.690962517743861.[0m
[32m[I 2023-01-22 10:58:47,549][0m Trial 41 finished with value: 9.23832284314589 and parameters: {'max_depth': 9, 'learning_rate': 0.015509866775760345, 'colsample_bytree': 0.3378130134127491, 'subsample': 0.6619103503241932, 'alpha': 0.01253198351969339, 'lambda': 0.0025267480654159306, 'gamma': 2.0650403043309424, 'min_child_weight': 11.964335631777864}. Best is trial 31 with value: 8.690962517743861.[0m
[32m[I 2023-01-22 10:58:50,024][0m Trial 42 finished with value: 8.991952079233489 and parameters: {'max_depth': 8, 'learning_rate': 0.025542419352526897, 'colsample_bytree': 0.2429095577249003, 'subsample': 0.6324452275517988, 'alpha': 0.010014961210686742, 'lambda': 0.004743230861125089, 'gamma': 3.9801551312346977, 'min_child_weight': 10.06523133829837}. Best is trial 31 with value: 8.690962517743861.[0m
[32m[I 2023-01-22 10:58:50,784][0m Trial 43 finished with value: 165.91679340881925 and parameters: {'max_depth': 8, 'learning_rate': 0.025478333791994212, 'colsample_bytree': 0.2323317679364496, 'subsample': 0.5972917476027395, 'alpha': 0.010137138745181984, 'lambda': 0.014629699303270724, 'gamma': 4.640287722192416, 'min_child_weight': 17.161533158378088}. Best is trial 31 with value: 8.690962517743861.[0m
[32m[I 2023-01-22 10:59:16,631][0m Trial 44 finished with value: 9.010350899638691 and parameters: {'max_depth': 8, 'learning_rate': 0.02283999395824377, 'colsample_bytree': 0.24724584016063583, 'subsample': 0.6291227250662328, 'alpha': 0.014984857367774423, 'lambda': 0.00011841628575921582, 'gamma': 0.2941911599444103, 'min_child_weight': 12.827571973276248}. Best is trial 31 with value: 8.690962517743861.[0m
[32m[I 2023-01-22 10:59:32,759][0m Trial 45 finished with value: 9.490991457783107 and parameters: {'max_depth': 8, 'learning_rate': 0.03147620184074399, 'colsample_bytree': 0.2646555162124232, 'subsample': 0.6298880313120921, 'alpha': 0.01613240368927796, 'lambda': 0.00015617117629634997, 'gamma': 0.14882895132106014, 'min_child_weight': 12.803500355404548}. Best is trial 31 with value: 8.690962517743861.[0m
[32m[I 2023-01-22 10:59:34,067][0m Trial 46 finished with value: 165.91679340881925 and parameters: {'max_depth': 7, 'learning_rate': 0.020452350372544396, 'colsample_bytree': 0.24424304488925067, 'subsample': 0.6011013281577984, 'alpha': 0.015413088414449664, 'lambda': 0.0007993135065050453, 'gamma': 0.0031521573652525323, 'min_child_weight': 22.072159997050452}. Best is trial 31 with value: 8.690962517743861.[0m
[32m[I 2023-01-22 10:59:35,320][0m Trial 47 finished with value: 165.91679340881925 and parameters: {'max_depth': 6, 'learning_rate': 0.017433393686609695, 'colsample_bytree': 0.276523375539298, 'subsample': 0.6265667951390449, 'alpha': 0.020969138702091904, 'lambda': 3.58161185172839e-05, 'gamma': 0.42309450901193124, 'min_child_weight': 124.52324782512454}. Best is trial 31 with value: 8.690962517743861.[0m
[32m[I 2023-01-22 10:59:36,525][0m Trial 48 finished with value: 165.91679340881925 and parameters: {'max_depth': 8, 'learning_rate': 0.02643664917945994, 'colsample_bytree': 0.23146398337093438, 'subsample': 0.5555388171233592, 'alpha': 0.010016407468988355, 'lambda': 0.00013437615087019445, 'gamma': 0.814368556216725, 'min_child_weight': 16.69616803953075}. Best is trial 31 with value: 8.690962517743861.[0m
[32m[I 2023-01-22 10:59:43,163][0m Trial 49 finished with value: 8.819352583473684 and parameters: {'max_depth': 7, 'learning_rate': 0.04108000924825201, 'colsample_bytree': 0.2038265170227188, 'subsample': 0.7204913324063824, 'alpha': 0.04689288855174692, 'lambda': 6.537485916148552e-06, 'gamma': 3.662116988789615, 'min_child_weight': 12.572060556215003}. Best is trial 31 with value: 8.690962517743861.[0m
[32m[I 2023-01-22 10:59:47,398][0m Trial 50 finished with value: 8.760822606329715 and parameters: {'max_depth': 6, 'learning_rate': 0.0413480502646001, 'colsample_bytree': 0.21227961359893888, 'subsample': 0.7181648917361954, 'alpha': 0.04395530895772629, 'lambda': 5.3242964432567585e-06, 'gamma': 4.214527356187875, 'min_child_weight': 10.437015155489215}. Best is trial 31 with value: 8.690962517743861.[0m
[32m[I 2023-01-22 10:59:50,202][0m Trial 51 finished with value: 8.782343366890432 and parameters: {'max_depth': 6, 'learning_rate': 0.042288481956604396, 'colsample_bytree': 0.20255183512855476, 'subsample': 0.7259625300027804, 'alpha': 0.06582152596145338, 'lambda': 6.234263287423608e-06, 'gamma': 3.973610178081175, 'min_child_weight': 10.361742405975772}. Best is trial 31 with value: 8.690962517743861.[0m
[32m[I 2023-01-22 10:59:53,431][0m Trial 52 finished with value: 8.929097805533832 and parameters: {'max_depth': 6, 'learning_rate': 0.0423825103158647, 'colsample_bytree': 0.2013215756085804, 'subsample': 0.7219221267943452, 'alpha': 0.06923310427804776, 'lambda': 5.686321622298854e-06, 'gamma': 4.91079190108468, 'min_child_weight': 11.966395530314122}. Best is trial 31 with value: 8.690962517743861.[0m
[32m[I 2023-01-22 10:59:59,472][0m Trial 53 finished with value: 152.1027029547434 and parameters: {'max_depth': 5, 'learning_rate': 0.04585602941857304, 'colsample_bytree': 0.209361912664916, 'subsample': 0.7641495059758652, 'alpha': 0.04688923329562645, 'lambda': 6.602914121561267e-06, 'gamma': 1.1938311875596421, 'min_child_weight': 15.182088152576386}. Best is trial 31 with value: 8.690962517743861.[0m
[32m[I 2023-01-22 11:00:01,450][0m Trial 54 finished with value: 165.91679340881925 and parameters: {'max_depth': 7, 'learning_rate': 0.04089759671451941, 'colsample_bytree': 0.2220516733069493, 'subsample': 0.7378101474873079, 'alpha': 0.1256866078108367, 'lambda': 1.3184783203062149e-05, 'gamma': 1.8769048589260102, 'min_child_weight': 19.500209399984705}. Best is trial 31 with value: 8.690962517743861.[0m
[32m[I 2023-01-22 11:00:04,706][0m Trial 55 finished with value: 8.88402827799222 and parameters: {'max_depth': 6, 'learning_rate': 0.04504057832794513, 'colsample_bytree': 0.4738495733028187, 'subsample': 0.7127839537428798, 'alpha': 0.06984003940550775, 'lambda': 1.0663146494639343e-07, 'gamma': 0.09344952325197405, 'min_child_weight': 11.57702488031371}. Best is trial 31 with value: 8.690962517743861.[0m
[32m[I 2023-01-22 11:00:05,827][0m Trial 56 finished with value: 165.91679340881925 and parameters: {'max_depth': 5, 'learning_rate': 0.045767932226005816, 'colsample_bytree': 0.4693825270582737, 'subsample': 0.6885526757019418, 'alpha': 0.07221872968760756, 'lambda': 7.508308732534747e-08, 'gamma': 0.6714129307585678, 'min_child_weight': 205.46438566553354}. Best is trial 31 with value: 8.690962517743861.[0m
[32m[I 2023-01-22 11:00:07,057][0m Trial 57 finished with value: 165.91679340881925 and parameters: {'max_depth': 6, 'learning_rate': 0.04964265261674414, 'colsample_bytree': 0.499425603580625, 'subsample': 0.7200037532188602, 'alpha': 0.09569779153123505, 'lambda': 5.036791320038434e-07, 'gamma': 0.08573277964986413, 'min_child_weight': 17.329661176704416}. Best is trial 31 with value: 8.690962517743861.[0m
[32m[I 2023-01-22 11:00:19,786][0m Trial 58 finished with value: 29.609311096779038 and parameters: {'max_depth': 7, 'learning_rate': 0.03589459672572225, 'colsample_bytree': 0.4098489748620029, 'subsample': 0.7102635149887927, 'alpha': 0.17584662020150946, 'lambda': 1.213714184481405e-07, 'gamma': 6.13388070593027, 'min_child_weight': 14.52314922099042}. Best is trial 31 with value: 8.690962517743861.[0m
[32m[I 2023-01-22 11:00:20,916][0m Trial 59 finished with value: 165.91679340881925 and parameters: {'max_depth': 4, 'learning_rate': 0.03375497584835261, 'colsample_bytree': 0.21738846447288268, 'subsample': 0.761435356712556, 'alpha': 0.28373864817470024, 'lambda': 3.0135570027709198e-06, 'gamma': 9.304800593336035, 'min_child_weight': 26.25202738826337}. Best is trial 31 with value: 8.690962517743861.[0m
[32m[I 2023-01-22 11:00:48,602][0m Trial 60 finished with value: 9.18156109499438 and parameters: {'max_depth': 6, 'learning_rate': 0.0055733715332982135, 'colsample_bytree': 0.4801823702350829, 'subsample': 0.6794810925814708, 'alpha': 0.059228076639594784, 'lambda': 1.9592306035005634e-06, 'gamma': 0.0057113652290619096, 'min_child_weight': 11.538637054943877}. Best is trial 31 with value: 8.690962517743861.[0m
[32m[I 2023-01-22 11:00:51,066][0m Trial 61 finished with value: 8.731127493412092 and parameters: {'max_depth': 6, 'learning_rate': 0.0379157379323, 'colsample_bytree': 0.20020213966636585, 'subsample': 0.7492180121271595, 'alpha': 0.04439204554590372, 'lambda': 5.7354214701504676e-05, 'gamma': 2.3053668828392704, 'min_child_weight': 10.608776341759388}. Best is trial 31 with value: 8.690962517743861.[0m
[32m[I 2023-01-22 11:00:58,976][0m Trial 62 finished with value: 8.883464120051197 and parameters: {'max_depth': 7, 'learning_rate': 0.03920870998670308, 'colsample_bytree': 0.20765688936096452, 'subsample': 0.7541774977108932, 'alpha': 0.039815844371359065, 'lambda': 5.343763206144187e-05, 'gamma': 1.4421197239201444, 'min_child_weight': 11.822911013522894}. Best is trial 31 with value: 8.690962517743861.[0m
[32m[I 2023-01-22 11:01:10,315][0m Trial 63 finished with value: 9.181394942512817 and parameters: {'max_depth': 7, 'learning_rate': 0.03851189318236319, 'colsample_bytree': 0.20512074235416355, 'subsample': 0.758172761410477, 'alpha': 0.04489013983180051, 'lambda': 2.799967535926028e-05, 'gamma': 1.444807909041826, 'min_child_weight': 13.97969786411793}. Best is trial 31 with value: 8.690962517743861.[0m
[32m[I 2023-01-22 11:01:12,804][0m Trial 64 finished with value: 8.735180767648734 and parameters: {'max_depth': 7, 'learning_rate': 0.04159316818595595, 'colsample_bytree': 0.22770324908336076, 'subsample': 0.773233157931359, 'alpha': 0.029597467777810665, 'lambda': 7.20269713212048e-05, 'gamma': 2.3794099583562485, 'min_child_weight': 10.045546310123726}. Best is trial 31 with value: 8.690962517743861.[0m
[32m[I 2023-01-22 11:01:17,411][0m Trial 65 finished with value: 9.60959408298658 and parameters: {'max_depth': 7, 'learning_rate': 0.04241711326747449, 'colsample_bytree': 0.2626552433090215, 'subsample': 0.7809035363975203, 'alpha': 9.85620829451601, 'lambda': 8.475751442016748e-06, 'gamma': 3.1074272761446795, 'min_child_weight': 10.068939635020634}. Best is trial 31 with value: 8.690962517743861.[0m
[32m[I 2023-01-22 11:01:18,673][0m Trial 66 finished with value: 147.1432862024526 and parameters: {'max_depth': 7, 'learning_rate': 0.031944808921667754, 'colsample_bytree': 0.22859059027685372, 'subsample': 0.7964586292761182, 'alpha': 0.030132774321358295, 'lambda': 6.287298937840629e-05, 'gamma': 9.983697330025981, 'min_child_weight': 15.8816274522374}. Best is trial 31 with value: 8.690962517743861.[0m
[32m[I 2023-01-22 11:01:20,342][0m Trial 67 finished with value: 8.97990599672119 and parameters: {'max_depth': 6, 'learning_rate': 0.04680452481660357, 'colsample_bytree': 0.21861103660391978, 'subsample': 0.7711449307370749, 'alpha': 0.027154799022712006, 'lambda': 1.261683166783465e-05, 'gamma': 0.41669909873918043, 'min_child_weight': 13.436273190244298}. Best is trial 31 with value: 8.690962517743861.[0m
[32m[I 2023-01-22 11:01:20,954][0m Trial 68 finished with value: 165.91679340881925 and parameters: {'max_depth': 5, 'learning_rate': 0.03503230603124187, 'colsample_bytree': 0.27895852208440736, 'subsample': 0.7327601563966225, 'alpha': 0.11240008770162804, 'lambda': 0.00023709310279488438, 'gamma': 1.0078843606755692e-05, 'min_child_weight': 21.245570333424947}. Best is trial 31 with value: 8.690962517743861.[0m
[32m[I 2023-01-22 11:01:23,060][0m Trial 69 finished with value: 9.104445835199103 and parameters: {'max_depth': 6, 'learning_rate': 0.03004259550273535, 'colsample_bytree': 0.20054121046899984, 'subsample': 0.6959286725242256, 'alpha': 0.051821582428901614, 'lambda': 3.6400532714219515e-05, 'gamma': 2.8157137795114564, 'min_child_weight': 11.05536295510159}. Best is trial 31 with value: 8.690962517743861.[0m
[32m[I 2023-01-22 11:01:23,597][0m Trial 70 finished with value: 165.91679340881925 and parameters: {'max_depth': 7, 'learning_rate': 0.040937486558748605, 'colsample_bytree': 0.25571088008310167, 'subsample': 0.6558538679859705, 'alpha': 0.03780354424574123, 'lambda': 7.6461270178609935, 'gamma': 1.5926000614327819e-06, 'min_child_weight': 16.163866161578888}. Best is trial 31 with value: 8.690962517743861.[0m
[32m[I 2023-01-22 11:01:28,817][0m Trial 71 finished with value: 8.932981409382641 and parameters: {'max_depth': 7, 'learning_rate': 0.03756696341107581, 'colsample_bytree': 0.22916067360137812, 'subsample': 0.7532550288297866, 'alpha': 0.03693709656114244, 'lambda': 6.900577292597661e-05, 'gamma': 1.2942998776963037, 'min_child_weight': 12.823965584665974}. Best is trial 31 with value: 8.690962517743861.[0m
[32m[I 2023-01-22 11:01:29,251][0m Trial 72 finished with value: 165.91679340881925 and parameters: {'max_depth': 7, 'learning_rate': 0.03907474212687775, 'colsample_bytree': 0.21539451951134805, 'subsample': 0.747232742230195, 'alpha': 0.021648676220796102, 'lambda': 4.111443062949296e-06, 'gamma': 0.7144078578080916, 'min_child_weight': 970.7909908241517}. Best is trial 31 with value: 8.690962517743861.[0m
[32m[I 2023-01-22 11:01:31,424][0m Trial 73 finished with value: 8.913960521826699 and parameters: {'max_depth': 6, 'learning_rate': 0.04350270284589112, 'colsample_bytree': 0.24001953886620903, 'subsample': 0.7273271869369614, 'alpha': 0.06289451715455383, 'lambda': 1.6732641313038453e-05, 'gamma': 5.4259639867821585, 'min_child_weight': 11.256787132500213}. Best is trial 31 with value: 8.690962517743861.[0m
