[32m[I 2023-01-22 18:18:27,213][0m Trial 99 finished with value: 1.332039515326483 and parameters: {'max_depth': 6, 'learning_rate': 0.011535777187262104, 'colsample_bytree': 0.5390352724313116, 'subsample': 0.4018568363431375, 'alpha': 0.196760585152398, 'lambda': 8.274374576085414e-06, 'gamma': 2.0283842256635085e-07, 'min_child_weight': 10.108695272523965}. Best is trial 93 with value: 1.2823501944916695.[0m
Uploaded file from /Users/kevinmaikjablonka/git/kjappelbaum/gptchem/experiments/04_regression/polymers/out/20230122_153944/train.jsonl: file-GUSOLhVV0UB06Fcqp6ua9Eei
Ran train size 200 and got MAE 0.76596, baseline 0.9991885907308703
Upload progress:   0%|          | 0.00/119k [00:00<?, ?it/s]Upload progress: 100%|██████████| 119k/119k [00:00<00:00, 13.2Mit/s]
2023-01-22 18:18:33.671 | DEBUG    | gptchem.tuner:tune:186 - Requested fine tuning. {
  "created_at": 1674407913,
  "events": [
    {
      "created_at": 1674407913,
      "level": "info",
      "message": "Created fine-tune: ft-fGCVSuWd5dFXy9SKnfAJt5Df",
      "object": "fine-tune-event"
    }
  ],
  "fine_tuned_model": null,
  "hyperparams": {
    "batch_size": null,
    "learning_rate_multiplier": 0.02,
    "n_epochs": 8,
    "prompt_loss_weight": 0.01
  },
  "id": "ft-fGCVSuWd5dFXy9SKnfAJt5Df",
  "model": "ada",
  "object": "fine-tune",
  "organization_id": "org-TFRJXw3PPQocOWbu71eI2t9U",
  "result_files": [],
  "status": "pending",
  "training_files": [
    {
      "bytes": 118748,
      "created_at": 1674407913,
      "filename": "/Users/kevinmaikjablonka/git/kjappelbaum/gptchem/experiments/04_regression/polymers/out/20230122_181830/train.jsonl",
      "id": "file-rXf3mPtSF3dCWkWti25fkkRZ",
      "object": "file",
      "purpose": "fine-tune",
      "status": "uploaded",
      "status_details": null
    }
  ],
  "updated_at": 1674407913,
  "validation_files": []
}
2023-01-22 18:18:33.955 | DEBUG    | gptchem.tuner:get_ft_model_name:29 - Fine tuning status: pending
2023-01-22 18:20:34.822 | DEBUG    | gptchem.tuner:get_ft_model_name:29 - Fine tuning status: pending
2023-01-22 18:22:35.687 | DEBUG    | gptchem.tuner:get_ft_model_name:29 - Fine tuning status: pending
2023-01-22 18:24:37.043 | DEBUG    | gptchem.tuner:get_ft_model_name:29 - Fine tuning status: pending
2023-01-22 18:26:37.865 | DEBUG    | gptchem.tuner:get_ft_model_name:29 - Fine tuning status: pending
2023-01-22 18:28:41.199 | DEBUG    | gptchem.tuner:get_ft_model_name:29 - Fine tuning status: pending
2023-01-22 18:30:41.954 | DEBUG    | gptchem.tuner:get_ft_model_name:29 - Fine tuning status: running
2023-01-22 18:32:42.542 | DEBUG    | gptchem.tuner:get_ft_model_name:29 - Fine tuning status: running
2023-01-22 18:34:43.320 | DEBUG    | gptchem.tuner:get_ft_model_name:29 - Fine tuning status: running
2023-01-22 18:36:44.153 | DEBUG    | gptchem.tuner:get_ft_model_name:29 - Fine tuning status: running
2023-01-22 18:38:44.841 | DEBUG    | gptchem.tuner:get_ft_model_name:29 - Fine tuning status: running
2023-01-22 18:42:13.792 | DEBUG    | gptchem.tuner:get_ft_model_name:29 - Fine tuning status: succeeded
2023-01-22 18:42:13.803 | DEBUG    | gptchem.tuner:tune:202 - Fine tuning completed. {'base_model': 'ada', 'batch_size': None, 'n_epochs': 8, 'learning_rate_multiplier': 0.02, 'run_name': None, 'wandb_sync': False, 'outdir': '/Users/kevinmaikjablonka/git/kjappelbaum/gptchem/experiments/04_regression/polymers/out/20230122_181830', 'train_filename': '/Users/kevinmaikjablonka/git/kjappelbaum/gptchem/experiments/04_regression/polymers/out/20230122_181830/train.jsonl', 'valid_filename': 'None', 'model_name': 'ada:ft-lsmoepfl-2023-01-22-17-40-05', 'ft_id': 'ft-fGCVSuWd5dFXy9SKnfAJt5Df', 'date': '20230122_184213', 'train_file_id': 'file-rXf3mPtSF3dCWkWti25fkkRZ', 'valid_file_id': None}
Uploaded file from /Users/kevinmaikjablonka/git/kjappelbaum/gptchem/experiments/04_regression/polymers/out/20230122_181830/train.jsonl: file-rXf3mPtSF3dCWkWti25fkkRZ
Traceback (most recent call last):
  File "/Users/kevinmaikjablonka/git/kjappelbaum/gptchem/experiments/04_regression/polymers/run_experiments.py", line 81, in <module>
    train_test_model(num_train_points, seed + 33456734567345673456734567345673456734567345673456734567345673456734567345673456734567345673456734567345673456734567345673456734567345673456734567345673456734567345673456734567345673456734567345673456734567345673456734567345673456734567345673456734567345673456734567345673456734567345673456734567345673456734567345673456734567345673456734567345673456734567345673456734567345673456734567345673456734567345673456734567345673456734567345673456734567345673456734567345673456734567345673456734567345673456734567345673456734567345673456734567345673456734567345673456734567345673456734567345673456734567345673456734567345673456734567345673456734567345673456734567345673456734567345673456734567345673456734567345673456734567345673456734567345673456734567345673456734567345673456734567345673456734567345673456734567345673456734567345673456734567345673456734567345673456734567345673456734567345673456734567345673456734567345673456734567345673456734567345673456734567345673456734567345673456734567345673456734567345673456734567345673456734567345673456734567345673456734567345673456734567345673456734567345673456734567345673456734567345673456734567345673456734567345673456734567345673456734567345673456734567345673456734567345673456734567345673456734567345673456734567345673456734567345673456734567345673456734567345673456734567345673456734567345673456734567345673456734567345673456734567345673456734567345673456734567345673456734567345673456734567345673456734567345673456734567345673456734567345673456734567345673456734567345673456734567345673456734567345673456734567345673456734567345673456734567345673456734567345673456734567345673456734567345673456734567345673456734567345673456734567345673456734567345673456734567345673456734567345673456734567345673456734567345673456734567345673456734567345673456734567345673456734567345673456734567345673456734567345673456734567345673456734567345673456734567345673456734567345673456734567345673456734567345673456734567345673456734567345673456734567345673456734567345673456734567345673456734567345673456734567345673456734567345673456734567345673456734567345673456734567345673456734567345673456734567345673456734567345673456734567345673456734567345673456734567345673456734567345673456734567345673456734567345673456734567345673456734567345673456734567345673456734567345673456734567345673456734567345673456734567345673456734567345673456734567345673456734567345673456734567345673456734567345673456734567345673456734567345673456734567345673456734567345673456734567345673456734567345673456734567345673456734567345673456734567345673456734567345673456734567345673456734567345673456734567345673456734567345673456734567345673456734567345673456734567345673456734567345673456734567345673456734567345673456734567345673456734567345673456734567345673456734567345673456734567345673456734567345673456734567345673456734567345673456734567345673456734567345673456734567345673456734567345673456734567345673456734567345673456734567345673456734567345673456734567345673456734567345673456734567345673456734567345673456734567345673456734567345673456734567345673456734567345673456734567345673456734567345673456734567345673456734567345673456734567345673456734567345673456734567345673456734567345673456734567345673456734567345673456734567345673456734567345673456734567345673456734567345673456734567345673456734567345673456734567345673456734567345673456734567345673456734567345673456734567345673456734567345673456734567345673456734567345673456734567345673456734567345673456734567345673456734567345673456734567345673456734567345673456734567345673456734567345673456734567345673456734567345673456734567345673456734567345673456734567345673456734567345673456734567345673456734567345673456734567345673456734567345673456734567345673456734567345673456734567345673456734567345673456734567345673456734567345673456734567345673456734567345673456734567345673456734567345673456734567345673456734567345673456734567345673456734567345673456734567345673456734567345673456734567345673456734567345673456734567345673456734567345673456734567345673456734567345673456734567345673456734567345673456734567345673456734567345673456734567345673456734567345673456734567345673456734567345673456734567345673456734567345673456734567345673456734567345673456734567345673456734567345673456734567345673456734567345673456734567345673456734567345673456734567345673456734567345673456734567345673456734567345673456734567345673456734567345673456734567345673456734567345673456734567345673456734567345673456734567345673456734567345673456734567345673456734567345673456734567345673456734567345673456734567345673456734567345673456734567345673456734567345673456734567345673456734567345673456734567345673456734567345673456734567345673456734567345673456734567345673456734567345673456734567345673456734567345673456734567345673456734567345673456734567345673456734567345673456734567345673456734567345673456734567345673456734567345673456734567345673456734567345673456734567345673456734567345673456734567345673456734567345673456734567345673456734567345673456734567345673456734567345673456734567345673456734567345673456734567345673456734567345673456734567345673456734567345673456734567345673456734567345673456734567345673456734567345673456734567345673456734567345673456734567345673456734567345673456734567345673456734567345673456734567345673456734567345673456734567345673456734567345673456734567345673456734567345673456734567345673456734567345673456734567345673456734567345673456734567345673456734567345673456734567345673456734567345673456734567345673456734567345673456734567345673456734567345673456734567345673456734567345673456734567345673456734567345673456734567345673456734567345673456734567345673456734567345673456734567345673456734567345673456734567345673456734567345673456734567345673456734567345673456734567345673456734567345673456734567345673456734567345673456734567345673456734567345673456734567345673456734567345673456734567345673456734567345673456734567345673456734567345673456734567345673456734567345673456734567345673456734567345673456734567345673456734567345673456734567345673456734567345673456734567345673456734567345673456734567345673456734567345673456734567345673456734567345673456734567345673456734567345673456734567345673456734567345673456734567345673456734567345673456734567345673456734567345673456734567345673456734567345673456734567345673456734567345673456734567345673456734567345673456734567345673456734567345673456734567345673456734567345673456734567345673456734567345673456734567345673456734567345673456734567345673456734567345673456734567345673456734567345673456734567345673456734567345673456734567345673456734567345673456734567345673456734567345673456734567345673456734567345673456734567345673456734567345673456734567345673456734567345673456734567345673456734567345673456734567345673456734567345673456734567345673456734567345673456734567345673456734567345673456734567345673456734567345673456734567345673456734567345673456734567345673456734567345673456734567345673456734567345673456734567345673456734567345673456734567345673456734567345673456734567345673456734567345673456734567345673456734567345673456734567345673456734567345673456734567345673456734567345673456734567345673456734567345673456734567345673456734567345673456734567345673456734567345673456734567345673456734567345673456734567345673456734567345673456734567345673456734567345673456734567345673456734567345673456734567345673456734567345673456734567345673456734567345673456734567345673456734567345673456734567345673456734567345673456734567345673456734567345673456734567345673456734567345673456734567345673456734567345673456734567345673456734567345673456734567345673456734567345673456734567345673456734567345673456734567345673456734567345673456734567345673456734567345673456734567345673456734567345673456734567345673456734567345673456734567345673456734567345673456734567345673456734567345673456734567345673456734567345673456734567345673456734567345673456734567345673456734567345673456734567345673456734567345673456734567345673456734567345673456734567345673456734567345673456734567345673456734567345673456734567345673456734567345673456734567345673456734567345673456734567345673456734567345673456734567345673456734567345673456734567345673456734567345673456734567345673456734567345673456734567345673456734567345673456734567345673456734567345673456734567345673456734567345673456734567345673456734567345673456734567345673456734567345673456734567345673456734567345673456734567345673456734567345673456734567345673456734567345673456734567345673456734567345673456734567345673456734567345673456734567345673456734567345673456734567345673456734567345673456734567345673456734567345673456734567345673456734567345673456734567345673456734567345673456734567345673456734567345673456734567345673456734567345673456734567345673456734567345673456734567345673456734567345673456734567345673456734567345673456734567345673456734567345673456734567345673456734567345673456734567345673456734567345673456734567345673456734567345673456734567345673456734567345673456734567345673456734567345673456734567345673456734567345673456734567345673456734567345673456734567345673456734567345673456734567345673456734567345673456734567345673456734567345673456734567345673456734567345673456734567345673456734567345673456734567345673456734567345673456734567345673456734567345673456734567345673456734567345673456734567345673456734567345673456734567345673456734567345673456734567345673456734567345673456734567345673456734567345673456734567345673456734567345673456734567345673456734567345673456734567345673456734567345673456734567345673456734567345673456734567345673456734567345673456734567345673456734567345673456734567345673456734567345673456734567345673456734567345673456734567345673456734567345673456734567345673456734567345673456734567345673456734567345673456734567345673456734567345673456734567345673456734567345673456734567345673456734567345673456734567345673456734567345673456734567345673456734567345673456734567345673456734567345673456734567345673456734567345673456734567345673456734567345673456734567345673456734567345673456734567345673456734567345673456734567345673456734567345673456734567345673456734567345673456734567345673456734567345673456734567345673456734567345673456734567345673456734567345673456734567345673456734567345673456734567345673456734567345673456734567345673456734567345673456734567345673456734567345673456734567345673456734567345673456734567345673456734567345673456734567345673456734567345673456734567345673456734567345673456734567345673456734567345673456734567345673456734567345673456734567345673456734567345673456734567345673456734567345673456734567345673456734567345673456734567345673456734567345673456734567345673456734567345673456734567345673456734567345673456734567345673456734567345673456734567345673456734567345673456734567345673456734567345673456734567345673456734567345673456734567345673456734567345673456734567345673456734567345673456734567345673456734567345673456734567345673456734567345673456734567345673456734567345673456734567345673456734567345673456734567345673456734567345673456734567345673456734567345673456734567345673456734567345673456734567345673456734567345673456734567345673456734567345673456734567345673456734567345673456734567345673456734567345673456734567345673456734567345673456734567345673456734567345673456734567345673456734567345673456734567345673456734567345673456734567345673456734567345673456734567345673456734567345673456734567345673456734567345673456734567345673456734567345673456734567345673456734567345673456734567345673456734567345673456734567345673456734567345673456734567345673456734567345673456734567345673456734567345673456734567345673456734567345673456734567345673456734567345673456734567345673456734567345673456734567345673456734567345673456734567345673456734567345673456734567345673456734567345673456734567345673456734567345673456734567345673456734567345673456734567345673456734567345673456734567345673456734567345673456734567345673456734567345673456734567345673456734567345673456734567345673456734567345673456734567345673456734567345673456734567345673456734567345673456734567345673456734567345673456734567345673456734567345673456734567345673456734567345673456734567345673456734567345673456734567345673456734567345673456734567345673456734567345673456734567345673456734567345673456734567345673456734567345673456734567345673456734567345673456734567345673456734567345673456734567345673456734567345673456734567345673456734567345673456734567345673456734567345673456734567345673456734567345673456734567345673456734567345673456734567345673456734567345673456734567345673456734567345673456734567345673456734567345673456734567345673456734567345673456734567345673456734567345673456734567345673456734567345673456734567345673456734567345673456734567345673456734567345673456734567345673456734567345673456734567345673456734567345673456734567345673456734567345673456734567345673456734567345673456734567345673456734567345673456734567345673456734567345673456734567345673456734567345673456734567345673456734567345673456734567345673456734567345673456734567345673456734567345673456734567345673456734567345673456734567345673456734567345673456734567345673456734567345673456734567345673456734567345673456734567345673456734567345673456734567345673456734567345673456734567345673456734567345673456734567345673456734567345673456734567345673456734567345673456734567345673456734567345673456734567345673456734567345673456734567345673456734567345673456734567345673456734567345673456734567345673456734567345673456734567345673456734567345673456734567345673456734567345673456734567345673456734567345673456734567345673456734567345673456734567345673456734567345673456734567345673456734567345673456734567345673456734567345673456734567345673456734567345673456734567345673456734567345673456734567345673456734567345673456734567345673456734567345673456734567345673456734567345673456734567345673456734567345673456734567345673456734567345673456734567345673456734567345673456734567345673456734567345673456734567345673456734567345673456734567345673456734567345673456734567345673456734567345673456734567345673456734567345673456734567345673456734567345673456734567345673456734567345673456734567345673456734567345673456734567345673456734567345673456734567345673456734567345673456734567345673456734567345673456734567345673456734567345673456734567345673456734567345673456734567345673456734567345673456734567345673456734567345673456734567345673456734567345673456734567345673456734567345673456734567345673456734567345673456734567345673456734567345673456734567345673456734567345673456734567345673456734567345673456734567345673456734567345673456734567345673456734567345673456734567345673456734567345673456734567345673456734567345673456734567345673456734567345673456734567345673456734567345673456734567345673456734567345673456734567345673456734567345673456734567345673456734567345673456734567345673456734567345673456734567345673456734567345673456734567345673456734567345673456734567345673456734567345673456734567345673456734567345673456734567345673456734567345673456734567345673456734567345673456734567345673456734567345673456734567345673456734567345673456734567345673456734567345673456734567345673456734567345673456734567345673456734567345673456734567345673456734567345673456734567345673456734567345673456734567345673456734567345673456734567345673456734567345673456734567345673456734567345673456734567345673456734567345673456734567345673456734567345673456734567345673456734567345673456734567345673456734567345673456734567345673456734567345673456734567345673456734567345673456734567345673456734567345673456734567345673456734567345673456734567345673456734567345673456734567345673456734567345673456734567345673456734567345673456734567345673456734567345673456734567345673456734567345673456734567345673456734567345673456734567345673456734567345673456734567345673456734567345673456734567345673456734567345673456734567345673456734567345673456734567345673456734567345673456734567345673456734567345673456734567345673456734567345673456734567345673456734567345673456734567345673456734567345673456734567345673456734567345673456734567345673456734567345673456734567345673456734567345673456734567345673456734567345673456734567345673456734567345673456734567345673456734567345673456734567345673456734567345673456734567345673456734567345673456734567345673456734567345673456734567345673456734567345673456734567345673456734567345673456734567345673456734567345673456734567345673456734567345673456734567345673456734567345673456734567345673456734567345673456734567345673456734567345673456734567345673456734567345673456734567345673456734567345673456734567345673456734567345673456734567345673456734567345673456734567345673456734567345673456734567345673456734567345673456734567345673456734567345673456734567345673456734567345673456734567345673456734567345673456734567345673456734567345673456734567345673456734567345673456734567345673456734567345673456734567345673456734567345673456734567345673456734567345673456734567345673456734567345673456734567345673456734567345673456734567345673456734567345673456734567345673456734567345673456734567345673456734567345673456734567345673456734567345673456734567345673456734567345673456734567345673456734567345673456734567345673456734567345673456734567345673456734567345673456734567345673456734567345673456734567345673456734567345673456734567345673456734567345673456734567345673456734567345673456734567345673456734567345673456734567345673456734567345673456734567345673456734567345673456734567345673456734567345673456734567345673456734567345673456734567345673456734567345673456734567345673456734567345673456734567345673456734567345673456734567345673456734567345673456734567345673456734567345673456734567345673456734567345673456734567345673456734567345673456734567345673456734567345673456734567345673456734567345673456734567345673456734567345673456734567345673456734567345673456734567345673456734567345673456734567345673456734567345