[32m[I 2023-01-21 23:32:57,093][0m Trial 52 finished with value: 156.3567527491943 and parameters: {'max_depth': 9, 'learning_rate': 0.005918336962723577, 'colsample_bytree': 0.4508773007450614, 'subsample': 0.44934072261587604, 'alpha': 0.039722525731575246, 'lambda': 4.348481702431777e-07, 'gamma': 1.0091430758152969e-05, 'min_child_weight': 729.6732370589078}. Best is trial 0 with value: 156.3567527491943.[0m
[32m[I 2023-01-21 23:32:58,096][0m Trial 53 finished with value: 156.3567527491943 and parameters: {'max_depth': 9, 'learning_rate': 0.005426956935699726, 'colsample_bytree': 0.4207794177208363, 'subsample': 0.4237052832078083, 'alpha': 0.019088277606985813, 'lambda': 8.741065216690015e-05, 'gamma': 2.0262565827367603e-05, 'min_child_weight': 845.034541140936}. Best is trial 0 with value: 156.3567527491943.[0m
[32m[I 2023-01-21 23:32:59,323][0m Trial 54 finished with value: 156.3567527491943 and parameters: {'max_depth': 8, 'learning_rate': 0.006620650963531614, 'colsample_bytree': 0.4388053529459183, 'subsample': 0.5078514838718436, 'alpha': 0.012050130504744266, 'lambda': 2.0447799518498715, 'gamma': 1.8129438642063236e-07, 'min_child_weight': 765.8492218681039}. Best is trial 0 with value: 156.3567527491943.[0m
[32m[I 2023-01-21 23:33:00,330][0m Trial 55 finished with value: 156.3567527491943 and parameters: {'max_depth': 8, 'learning_rate': 0.0066013265017897844, 'colsample_bytree': 0.4108960580273127, 'subsample': 0.46960217041550834, 'alpha': 0.010909438329844154, 'lambda': 2.8411611351843553e-07, 'gamma': 1.5392948524260055e-07, 'min_child_weight': 642.1397440314894}. Best is trial 0 with value: 156.3567527491943.[0m
[32m[I 2023-01-21 23:33:01,411][0m Trial 56 finished with value: 156.3567527491943 and parameters: {'max_depth': 5, 'learning_rate': 0.0058747327734187255, 'colsample_bytree': 0.3631557574697129, 'subsample': 0.4150918367655891, 'alpha': 0.01053475971409407, 'lambda': 2.448202435715262, 'gamma': 5.649269694525315e-07, 'min_child_weight': 438.60265981668675}. Best is trial 0 with value: 156.3567527491943.[0m
[32m[I 2023-01-21 23:33:02,809][0m Trial 57 finished with value: 156.3567527491943 and parameters: {'max_depth': 5, 'learning_rate': 0.007730338483826219, 'colsample_bytree': 0.37367656019279083, 'subsample': 0.4437882739172556, 'alpha': 0.016183045513685247, 'lambda': 4.096181112525021, 'gamma': 5.458417509302741e-07, 'min_child_weight': 269.88831834296525}. Best is trial 0 with value: 156.3567527491943.[0m
[32m[I 2023-01-21 23:33:04,752][0m Trial 58 finished with value: 156.3567527491943 and parameters: {'max_depth': 7, 'learning_rate': 0.028904125053053446, 'colsample_bytree': 0.26714543747202074, 'subsample': 0.5497549420626553, 'alpha': 1.3763046280652236, 'lambda': 6.493506955560461, 'gamma': 0.00022134676385596506, 'min_child_weight': 92.55716763384794}. Best is trial 0 with value: 156.3567527491943.[0m
[32m[I 2023-01-21 23:33:05,914][0m Trial 59 finished with value: 156.3567527491943 and parameters: {'max_depth': 7, 'learning_rate': 0.028139956089980833, 'colsample_bytree': 0.4365253023654303, 'subsample': 0.47817513563022745, 'alpha': 0.027080613310987583, 'lambda': 8.986781527061031e-07, 'gamma': 0.0007991024798921447, 'min_child_weight': 36.87278435977519}. Best is trial 0 with value: 156.3567527491943.[0m
[32m[I 2023-01-21 23:33:06,801][0m Trial 60 finished with value: 156.3567527491943 and parameters: {'max_depth': 7, 'learning_rate': 0.044144985535240794, 'colsample_bytree': 0.5409845558534707, 'subsample': 0.641115184434427, 'alpha': 0.2596732565249668, 'lambda': 8.652992553577178e-08, 'gamma': 0.010826522253794392, 'min_child_weight': 80.19157103641919}. Best is trial 0 with value: 156.3567527491943.[0m
[32m[I 2023-01-21 23:33:09,190][0m Trial 61 finished with value: 156.3567527491943 and parameters: {'max_depth': 8, 'learning_rate': 0.04820367416941466, 'colsample_bytree': 0.5197422102730495, 'subsample': 0.6387430634034091, 'alpha': 0.5584619241596063, 'lambda': 1.0244671972688842e-08, 'gamma': 0.0033715541946598084, 'min_child_weight': 222.08382580379666}. Best is trial 0 with value: 156.3567527491943.[0m
[32m[I 2023-01-21 23:33:12,329][0m Trial 62 finished with value: 156.3567527491943 and parameters: {'max_depth': 7, 'learning_rate': 0.03861609443085853, 'colsample_bytree': 0.5120931444472443, 'subsample': 0.5518359461293345, 'alpha': 3.817978025335014, 'lambda': 0.0007718817719599938, 'gamma': 0.09777624649268153, 'min_child_weight': 45.39222183642218}. Best is trial 0 with value: 156.3567527491943.[0m
[32m[I 2023-01-21 23:33:12,857][0m Trial 63 finished with value: 156.3567527491943 and parameters: {'max_depth': 7, 'learning_rate': 0.0487813347564566, 'colsample_bytree': 0.5406478404715046, 'subsample': 0.5803229517553409, 'alpha': 4.3528119558331255, 'lambda': 0.015068661804192966, 'gamma': 0.03882063669788103, 'min_child_weight': 65.64721711302852}. Best is trial 0 with value: 156.3567527491943.[0m
[32m[I 2023-01-21 23:33:13,362][0m Trial 64 finished with value: 156.3567527491943 and parameters: {'max_depth': 6, 'learning_rate': 0.015070106577834424, 'colsample_bytree': 0.3314499128656754, 'subsample': 0.582186713102011, 'alpha': 1.2307749582811234, 'lambda': 0.005139553688458499, 'gamma': 1.0635262290199754, 'min_child_weight': 110.03778807408546}. Best is trial 0 with value: 156.3567527491943.[0m
[32m[I 2023-01-21 23:33:14,002][0m Trial 65 finished with value: 156.3567527491943 and parameters: {'max_depth': 6, 'learning_rate': 0.014343767720394711, 'colsample_bytree': 0.32257268737258227, 'subsample': 0.7717070778336748, 'alpha': 9.85620829451601, 'lambda': 0.0021286280712765086, 'gamma': 0.6368231470448771, 'min_child_weight': 64.1113908933976}. Best is trial 0 with value: 156.3567527491943.[0m
[32m[I 2023-01-21 23:33:14,402][0m Trial 66 finished with value: 156.3567527491943 and parameters: {'max_depth': 6, 'learning_rate': 0.018064175117850828, 'colsample_bytree': 0.5968847855854869, 'subsample': 0.7427523533525612, 'alpha': 0.473519854512138, 'lambda': 0.016076260686780523, 'gamma': 9.701261029035914, 'min_child_weight': 168.37137091840813}. Best is trial 0 with value: 156.3567527491943.[0m
[32m[I 2023-01-21 23:33:14,816][0m Trial 67 finished with value: 156.3567527491943 and parameters: {'max_depth': 12, 'learning_rate': 0.019743907206521104, 'colsample_bytree': 0.5812431546079441, 'subsample': 0.5258176921809528, 'alpha': 0.2533912522356442, 'lambda': 0.004717668095485984, 'gamma': 0.006268111865483528, 'min_child_weight': 123.24065167548636}. Best is trial 0 with value: 156.3567527491943.[0m
[32m[I 2023-01-21 23:33:15,202][0m Trial 68 finished with value: 156.3567527491943 and parameters: {'max_depth': 11, 'learning_rate': 0.016529069085269157, 'colsample_bytree': 0.29708957742249364, 'subsample': 0.7055101393782629, 'alpha': 2.3176949044915975, 'lambda': 0.11336721594620135, 'gamma': 0.027562827336098102, 'min_child_weight': 233.2584433217442}. Best is trial 0 with value: 156.3567527491943.[0m
[32m[I 2023-01-21 23:33:16,219][0m Trial 69 finished with value: 156.3567527491943 and parameters: {'max_depth': 11, 'learning_rate': 0.034465728176311404, 'colsample_bytree': 0.24349950782008445, 'subsample': 0.6156714910967052, 'alpha': 0.14674369372935755, 'lambda': 0.00029324042308193245, 'gamma': 0.12475333591884863, 'min_child_weight': 139.60273789170108}. Best is trial 0 with value: 156.3567527491943.[0m
[32m[I 2023-01-21 23:33:18,480][0m Trial 70 finished with value: 156.3567527491943 and parameters: {'max_depth': 10, 'learning_rate': 0.01334344310057287, 'colsample_bytree': 0.48327810009208727, 'subsample': 0.5912414204099714, 'alpha': 0.03747507575952561, 'lambda': 0.023259690800761967, 'gamma': 1.9606046022327184, 'min_child_weight': 570.0551486808187}. Best is trial 0 with value: 156.3567527491943.[0m
[32m[I 2023-01-21 23:33:19,431][0m Trial 71 finished with value: 156.3567527491943 and parameters: {'max_depth': 4, 'learning_rate': 0.007182362781668855, 'colsample_bytree': 0.4673313392716676, 'subsample': 0.7457091592577653, 'alpha': 0.01423899926873338, 'lambda': 2.344202316618779e-05, 'gamma': 1.1673807958315891e-06, 'min_child_weight': 875.2756578823725}. Best is trial 0 with value: 156.3567527491943.[0m
[32m[I 2023-01-21 23:33:28,946][0m Trial 72 finished with value: 156.3567527491943 and parameters: {'max_depth': 9, 'learning_rate': 0.007289782771133781, 'colsample_bytree': 0.4705345984238018, 'subsample': 0.4635639869036252, 'alpha': 0.04097465143794921, 'lambda': 2.8507402118071673e-06, 'gamma': 2.3437856326804854e-08, 'min_child_weight': 675.1545414360359}. Best is trial 0 with value: 156.3567527491943.[0m
[32m[I 2023-01-21 23:33:29,851][0m Trial 73 finished with value: 156.3567527491943 and parameters: {'max_depth': 8, 'learning_rate': 0.005667725175016372, 'colsample_bytree': 0.44801753001342476, 'subsample': 0.439092652614935, 'alpha': 0.014124580204449946, 'lambda': 2.697802303360659e-06, 'gamma': 1.0097212714973052e-05, 'min_child_weight': 455.0457077855428}. Best is trial 0 with value: 156.3567527491943.[0m
[32m[I 2023-01-21 23:33:30,591][0m Trial 74 finished with value: 156.3567527491943 and parameters: {'max_depth': 9, 'learning_rate': 0.005215291243681472, 'colsample_bytree': 0.4267234471315563, 'subsample': 0.42950836148454086, 'alpha': 0.026978518965162387, 'lambda': 0.00010252595280520958, 'gamma': 2.9077804105915828e-05, 'min_child_weight': 810.2941349924662}. Best is trial 0 with value: 156.3567527491943.[0m
[32m[I 2023-01-21 23:33:31,573][0m Trial 75 finished with value: 156.3567527491943 and parameters: {'max_depth': 9, 'learning_rate': 0.005572554544554482, 'colsample_bytree': 0.4967549494335159, 'subsample': 0.4502624399160179, 'alpha': 0.019531248569118517, 'lambda': 1.5973189029646426e-05, 'gamma': 6.9364042101593405e-06, 'min_child_weight': 335.5805894720192}. Best is trial 0 with value: 156.3567527491943.[0m
[32m[I 2023-01-21 23:33:32,580][0m Trial 76 finished with value: 156.3567527491943 and parameters: {'max_depth': 4, 'learning_rate': 0.005373873879637318, 'colsample_bytree': 0.4168126541432449, 'subsample': 0.5041181814010969, 'alpha': 0.014058343339544796, 'lambda': 5.477842348289028e-06, 'gamma': 3.212909550938158e-07, 'min_child_weight': 698.3879262550087}. Best is trial 0 with value: 156.3567527491943.[0m
[32m[I 2023-01-21 23:33:35,754][0m Trial 77 finished with value: 156.3567527491943 and parameters: {'max_depth': 10, 'learning_rate': 0.010428559565979177, 'colsample_bytree': 0.4394366687083502, 'subsample': 0.4587956444960508, 'alpha': 0.012879680436958129, 'lambda': 8.2283949167701e-05, 'gamma': 3.913151196115767e-08, 'min_child_weight': 786.4312760987301}. Best is trial 0 with value: 156.3567527491943.[0m
[32m[I 2023-01-21 23:33:36,720][0m Trial 78 finished with value: 156.3567527491943 and parameters: {'max_depth': 8, 'learning_rate': 0.006654359096861111, 'colsample_bytree': 0.3805956633576993, 'subsample': 0.47102233406639055, 'alpha': 0.012201579515491676, 'lambda': 5.236230482521631e-07, 'gamma': 1.7078995869900255e-07, 'min_child_weight': 619.6251980019828}. Best is trial 0 with value: 156.3567527491943.[0m
[32m[I 2023-01-21 23:33:37,404][0m Trial 79 finished with value: 156.3567527491943 and parameters: {'max_depth': 4, 'learning_rate': 0.0060483572851591574, 'colsample_bytree': 0.3870407957162142, 'subsample': 0.41852723892672966, 'alpha': 0.011381625204838744, 'lambda': 1.6865364018336078e-07, 'gamma': 1.3763870965092352e-07, 'min_child_weight': 435.277713098681}. Best is trial 0 with value: 156.3567527491943.[0m
[32m[I 2023-01-21 23:33:38,553][0m Trial 80 finished with value: 156.3567527491943 and parameters: {'max_depth': 5, 'learning_rate': 0.006523545269441152, 'colsample_bytree': 0.3618380538542496, 'subsample': 0.4439230964680291, 'alpha': 0.016113069378857578, 'lambda': 2.444386813935831, 'gamma': 7.366781819413637e-07, 'min_child_weight': 294.1117677865033}. Best is trial 0 with value: 156.3567527491943.[0m
[32m[I 2023-01-21 23:33:39,694][0m Trial 81 finished with value: 156.3567527491943 and parameters: {'max_depth': 5, 'learning_rate': 0.005934728084245118, 'colsample_bytree': 0.34803043926862764, 'subsample': 0.406952670166599, 'alpha': 0.010367022672541677, 'lambda': 4.548449691022952, 'gamma': 5.571524014277491e-07, 'min_child_weight': 529.1569686250472}. Best is trial 0 with value: 156.3567527491943.[0m
[32m[I 2023-01-21 23:33:40,466][0m Trial 82 finished with value: 156.3567527491943 and parameters: {'max_depth': 9, 'learning_rate': 0.025466067912920016, 'colsample_bytree': 0.4305557647978589, 'subsample': 0.4791538986388084, 'alpha': 0.030785113580991615, 'lambda': 9.560908987186982e-07, 'gamma': 0.00026299393143540146, 'min_child_weight': 35.846694672600655}. Best is trial 0 with value: 156.3567527491943.[0m
[32m[I 2023-01-21 23:33:41,715][0m Trial 83 finished with value: 156.3567527491943 and parameters: {'max_depth': 7, 'learning_rate': 0.006810972013328135, 'colsample_bytree': 0.40516725460080605, 'subsample': 0.47188901692748725, 'alpha': 0.022597907430737137, 'lambda': 2.656546845192977e-07, 'gamma': 0.0002027283724100678, 'min_child_weight': 12.310308326717886}. Best is trial 0 with value: 156.3567527491943.[0m
[32m[I 2023-01-21 23:33:42,457][0m Trial 84 finished with value: 156.3567527491943 and parameters: {'max_depth': 7, 'learning_rate': 0.02799218207621958, 'colsample_bytree': 0.3729308568498443, 'subsample': 0.524836251487574, 'alpha': 1.090091244375137, 'lambda': 5.592372019851199, 'gamma': 0.001175243099124456, 'min_child_weight': 30.47124121765217}. Best is trial 0 with value: 156.3567527491943.[0m
[32m[I 2023-01-21 23:33:43,310][0m Trial 85 finished with value: 156.3567527491943 and parameters: {'max_depth': 7, 'learning_rate': 0.007927487171722165, 'colsample_bytree': 0.20742960496106336, 'subsample': 0.6381587214568268, 'alpha': 0.017830028387288355, 'lambda': 5.856501711869217e-08, 'gamma': 0.0013617438671273538, 'min_child_weight': 85.410592355901}. Best is trial 0 with value: 156.3567527491943.[0m
[32m[I 2023-01-21 23:33:44,310][0m Trial 86 finished with value: 156.3567527491943 and parameters: {'max_depth': 8, 'learning_rate': 0.04407863332541377, 'colsample_bytree': 0.271760817501406, 'subsample': 0.6554701926946103, 'alpha': 1.484904438069876, 'lambda': 1.735256132051541e-08, 'gamma': 0.0048184103623919216, 'min_child_weight': 18.36000802000871}. Best is trial 0 with value: 156.3567527491943.[0m
[32m[I 2023-01-21 23:33:45,128][0m Trial 87 finished with value: 156.3567527491943 and parameters: {'max_depth': 7, 'learning_rate': 0.039024871896539776, 'colsample_bytree': 0.5127909751986098, 'subsample': 0.5511026140554942, 'alpha': 0.6349033401416992, 'lambda': 1.3068573475302968e-07, 'gamma': 0.0021526024688218247, 'min_child_weight': 41.62102756494883}. Best is trial 0 with value: 156.3567527491943.[0m
[32m[I 2023-01-21 23:33:45,986][0m Trial 88 finished with value: 156.3567527491943 and parameters: {'max_depth': 7, 'learning_rate': 0.0465467017444764, 'colsample_bytree': 0.5438908995288155, 'subsample': 0.6685029993230468, 'alpha': 4.425103038914088, 'lambda': 0.7931745049251512, 'gamma': 0.03939344589014955, 'min_child_weight': 63.4167662366386}. Best is trial 0 with value: 156.3567527491943.[0m
[32m[I 2023-01-21 23:33:47,657][0m Trial 89 finished with value: 156.3567527491943 and parameters: {'max_depth': 7, 'learning_rate': 0.04610147415863906, 'colsample_bytree': 0.540802529501658, 'subsample': 0.5523891098464883, 'alpha': 2.5260466179345555, 'lambda': 8.598665491845246, 'gamma': 0.011722526671610592, 'min_child_weight': 50.05876555072497}. Best is trial 0 with value: 156.3567527491943.[0m
[32m[I 2023-01-21 23:33:48,920][0m Trial 90 finished with value: 156.3567527491943 and parameters: {'max_depth': 6, 'learning_rate': 0.041843692149137565, 'colsample_bytree': 0.22220191507269768, 'subsample': 0.5812884129778513, 'alpha': 4.3900264505568956, 'lambda': 0.0008111872593703941, 'gamma': 0.19894015992832606, 'min_child_weight': 99.71729683434862}. Best is trial 0 with value: 156.3567527491943.[0m
[32m[I 2023-01-21 23:33:54,281][0m Trial 91 finished with value: 156.3567527491943 and parameters: {'max_depth': 6, 'learning_rate': 0.03644928231944616, 'colsample_bytree': 0.33100115609542236, 'subsample': 0.6428804673134766, 'alpha': 7.9958095582142485, 'lambda': 0.005092451157695124, 'gamma': 0.5297817802123537, 'min_child_weight': 65.33934097149185}. Best is trial 0 with value: 156.3567527491943.[0m
[32m[I 2023-01-21 23:33:55,902][0m Trial 92 finished with value: 156.3567527491943 and parameters: {'max_depth': 6, 'learning_rate': 0.015017533642963212, 'colsample_bytree': 0.2923011849891198, 'subsample': 0.7742654778283536, 'alpha': 0.5141519573213046, 'lambda': 0.002198594239393246, 'gamma': 4.542627622597791, 'min_child_weight': 100.32704282830446}. Best is trial 0 with value: 156.3567527491943.[0m
[32m[I 2023-01-21 23:33:57,073][0m Trial 93 finished with value: 156.3567527491943 and parameters: {'max_depth': 6, 'learning_rate': 0.029997208224548644, 'colsample_bytree': 0.5228530964901462, 'subsample': 0.7920445981573548, 'alpha': 3.471581760829143, 'lambda': 0.0010506873192851855, 'gamma': 0.8243295974776738, 'min_child_weight': 71.88059602167951}. Best is trial 0 with value: 156.3567527491943.[0m
[32m[I 2023-01-21 23:33:58,119][0m Trial 94 finished with value: 156.3567527491943 and parameters: {'max_depth': 6, 'learning_rate': 0.019005994314337894, 'colsample_bytree': 0.5851350520410981, 'subsample': 0.5615504986517846, 'alpha': 0.24817640895193455, 'lambda': 0.003139319586170228, 'gamma': 8.314362465369287, 'min_child_weight': 119.0134343711692}. Best is trial 0 with value: 156.3567527491943.[0m
[32m[I 2023-01-21 23:33:59,606][0m Trial 95 finished with value: 156.3567527491943 and parameters: {'max_depth': 6, 'learning_rate': 0.017474320874884333, 'colsample_bytree': 0.2927856302327062, 'subsample': 0.7606187493122663, 'alpha': 5.333428354190332, 'lambda': 0.01676448686775822, 'gamma': 0.033306551493568495, 'min_child_weight': 152.23316677974066}. Best is trial 0 with value: 156.3567527491943.[0m
[32m[I 2023-01-21 23:34:00,556][0m Trial 96 finished with value: 156.3567527491943 and parameters: {'max_depth': 12, 'learning_rate': 0.016148641604465178, 'colsample_bytree': 0.2262320334524949, 'subsample': 0.7218511990280779, 'alpha': 2.4817376488195113, 'lambda': 0.0003655840891584382, 'gamma': 0.17923692285817783, 'min_child_weight': 139.96541771225998}. Best is trial 0 with value: 156.3567527491943.[0m
[32m[I 2023-01-21 23:34:01,977][0m Trial 97 finished with value: 156.3567527491943 and parameters: {'max_depth': 12, 'learning_rate': 0.03472250804989373, 'colsample_bytree': 0.23840124401473095, 'subsample': 0.6207055395508079, 'alpha': 6.013462109048469, 'lambda': 0.00502007727236138, 'gamma': 0.09288538855348842, 'min_child_weight': 198.27892438252127}. Best is trial 0 with value: 156.3567527491943.[0m
[32m[I 2023-01-21 23:34:05,091][0m Trial 98 finished with value: 156.3567527491943 and parameters: {'max_depth': 11, 'learning_rate': 0.023306241531832167, 'colsample_bytree': 0.31206776861980295, 'subsample': 0.5816242749925927, 'alpha': 0.4092447434616413, 'lambda': 0.023907384655086426, 'gamma': 1.8814853741175885, 'min_child_weight': 130.1787661107986}. Best is trial 0 with value: 156.3567527491943.[0m
