[32m[I 2023-01-22 02:13:17,567][0m Trial 38 finished with value: 9.759412048384856 and parameters: {'max_depth': 8, 'learning_rate': 0.006982716198518302, 'colsample_bytree': 0.4407249074860994, 'subsample': 0.6736401112434908, 'alpha': 0.08629950950028915, 'lambda': 0.23685196302128317, 'gamma': 4.956531232611592e-05, 'min_child_weight': 26.638123579684997}. Best is trial 37 with value: 4.680050729977841.[0m
[32m[I 2023-01-22 02:13:18,219][0m Trial 39 finished with value: 159.01295695396618 and parameters: {'max_depth': 9, 'learning_rate': 0.0058771031943902164, 'colsample_bytree': 0.5554477427050651, 'subsample': 0.6623384540889485, 'alpha': 0.04161402374187845, 'lambda': 4.94117343292069e-07, 'gamma': 0.0005509392390755149, 'min_child_weight': 986.1552783927182}. Best is trial 37 with value: 4.680050729977841.[0m
[32m[I 2023-01-22 02:13:18,974][0m Trial 40 finished with value: 159.01295695396618 and parameters: {'max_depth': 11, 'learning_rate': 0.008154683803973991, 'colsample_bytree': 0.34842619047672413, 'subsample': 0.7656618779300334, 'alpha': 0.10252114242710143, 'lambda': 0.018018904407659905, 'gamma': 2.0740607449250316e-06, 'min_child_weight': 69.4023533800963}. Best is trial 37 with value: 4.680050729977841.[0m
[32m[I 2023-01-22 02:13:29,304][0m Trial 41 finished with value: 6.071297514120981 and parameters: {'max_depth': 12, 'learning_rate': 0.005650941061355885, 'colsample_bytree': 0.2984273125408833, 'subsample': 0.6073574266291685, 'alpha': 0.7620963113932643, 'lambda': 0.0011979574856778891, 'gamma': 0.0026036050211255385, 'min_child_weight': 12.002735888564212}. Best is trial 37 with value: 4.680050729977841.[0m
[32m[I 2023-01-22 02:13:37,349][0m Trial 42 finished with value: 6.319474925075243 and parameters: {'max_depth': 11, 'learning_rate': 0.005885748615446143, 'colsample_bytree': 0.24594828217507964, 'subsample': 0.622759956030617, 'alpha': 0.36882743877456187, 'lambda': 0.0018846265893476346, 'gamma': 0.0015860087633672063, 'min_child_weight': 12.761373866717266}. Best is trial 37 with value: 4.680050729977841.[0m
[32m[I 2023-01-22 02:13:38,923][0m Trial 43 finished with value: 9.588485639894785 and parameters: {'max_depth': 12, 'learning_rate': 0.025154989647097805, 'colsample_bytree': 0.2617172054169174, 'subsample': 0.6029902242723842, 'alpha': 0.7129071777741256, 'lambda': 0.27881895486920516, 'gamma': 0.0029546329935627716, 'min_child_weight': 19.215425096157983}. Best is trial 37 with value: 4.680050729977841.[0m
[32m[I 2023-01-22 02:13:46,928][0m Trial 44 finished with value: 5.518074474432099 and parameters: {'max_depth': 12, 'learning_rate': 0.007201904838328831, 'colsample_bytree': 0.3003310928383144, 'subsample': 0.6664240949858344, 'alpha': 0.05330032864248382, 'lambda': 0.011918981812918988, 'gamma': 0.019672186246300776, 'min_child_weight': 12.06791140409218}. Best is trial 37 with value: 4.680050729977841.[0m
[32m[I 2023-01-22 02:13:49,871][0m Trial 45 finished with value: 9.71352994731218 and parameters: {'max_depth': 10, 'learning_rate': 0.007187128388911879, 'colsample_bytree': 0.3374206350365471, 'subsample': 0.6588580778501165, 'alpha': 0.05627288994656572, 'lambda': 0.008478495846740002, 'gamma': 0.016688241812468824, 'min_child_weight': 16.147336174910958}. Best is trial 37 with value: 4.680050729977841.[0m
[32m[I 2023-01-22 02:13:57,244][0m Trial 46 finished with value: 4.260437720537285 and parameters: {'max_depth': 11, 'learning_rate': 0.011041969237790742, 'colsample_bytree': 0.37120679294822256, 'subsample': 0.6981537564340312, 'alpha': 0.05250755703198917, 'lambda': 0.008136557545365044, 'gamma': 0.29625542495005447, 'min_child_weight': 10.62157576215708}. Best is trial 46 with value: 4.260437720537285.[0m
[32m[I 2023-01-22 02:14:03,538][0m Trial 47 finished with value: 4.680733926441349 and parameters: {'max_depth': 5, 'learning_rate': 0.014758456833622712, 'colsample_bytree': 0.3701528050457973, 'subsample': 0.6991590187623526, 'alpha': 0.10618348610921752, 'lambda': 5.511184684350563, 'gamma': 0.28142492592267077, 'min_child_weight': 10.362950275137937}. Best is trial 46 with value: 4.260437720537285.[0m
[32m[I 2023-01-22 02:14:05,698][0m Trial 48 finished with value: 9.49254091259484 and parameters: {'max_depth': 5, 'learning_rate': 0.015021180118177414, 'colsample_bytree': 0.3742141159311302, 'subsample': 0.690666570544489, 'alpha': 0.09726482845458877, 'lambda': 0.5571332420935856, 'gamma': 0.5976459275927511, 'min_child_weight': 22.514421503862422}. Best is trial 46 with value: 4.260437720537285.[0m
[32m[I 2023-01-22 02:14:09,438][0m Trial 49 finished with value: 6.284160002320061 and parameters: {'max_depth': 6, 'learning_rate': 0.02011983987266039, 'colsample_bytree': 0.3661058043303596, 'subsample': 0.7337320705832671, 'alpha': 0.2350568238696163, 'lambda': 8.73654704640408, 'gamma': 0.1662974161275363, 'min_child_weight': 14.569301357500535}. Best is trial 46 with value: 4.260437720537285.[0m
[32m[I 2023-01-22 02:14:13,871][0m Trial 50 finished with value: 9.731857766719887 and parameters: {'max_depth': 5, 'learning_rate': 0.04860375928060929, 'colsample_bytree': 0.41790473228212355, 'subsample': 0.7422647164113051, 'alpha': 0.02568426186716554, 'lambda': 2.5943545903420624, 'gamma': 0.2340120173500262, 'min_child_weight': 19.222784308920037}. Best is trial 46 with value: 4.260437720537285.[0m
[32m[I 2023-01-22 02:14:19,940][0m Trial 51 finished with value: 4.500580522777055 and parameters: {'max_depth': 7, 'learning_rate': 0.012666561275944491, 'colsample_bytree': 0.3956738367149418, 'subsample': 0.7061789493791218, 'alpha': 0.15952423331969434, 'lambda': 4.8733323932705776e-05, 'gamma': 2.6990837222729467, 'min_child_weight': 10.358153899334367}. Best is trial 46 with value: 4.260437720537285.[0m
[32m[I 2023-01-22 02:14:22,756][0m Trial 52 finished with value: 4.941372179278895 and parameters: {'max_depth': 7, 'learning_rate': 0.013087473025961237, 'colsample_bytree': 0.40025573756471156, 'subsample': 0.7046019799943671, 'alpha': 0.1127379910248517, 'lambda': 0.00012620915431170852, 'gamma': 2.191082109093518, 'min_child_weight': 11.315538187502954}. Best is trial 46 with value: 4.260437720537285.[0m
[32m[I 2023-01-22 02:14:27,926][0m Trial 53 finished with value: 5.138869269163244 and parameters: {'max_depth': 7, 'learning_rate': 0.013515807973795863, 'colsample_bytree': 0.39742511836378347, 'subsample': 0.7005838548192118, 'alpha': 0.10717396478835256, 'lambda': 0.000181605841202958, 'gamma': 2.7904585751736652, 'min_child_weight': 12.213827684039517}. Best is trial 46 with value: 4.260437720537285.[0m
[32m[I 2023-01-22 02:14:33,297][0m Trial 54 finished with value: 6.957684005275835 and parameters: {'max_depth': 8, 'learning_rate': 0.011225507358228715, 'colsample_bytree': 0.47127645108954586, 'subsample': 0.7145963131920343, 'alpha': 0.07060799243550873, 'lambda': 0.004428530183281526, 'gamma': 0.4670088162962409, 'min_child_weight': 15.560344011577822}. Best is trial 46 with value: 4.260437720537285.[0m
[32m[I 2023-01-22 02:14:36,732][0m Trial 55 finished with value: 5.05023103788656 and parameters: {'max_depth': 7, 'learning_rate': 0.01694478523633971, 'colsample_bytree': 0.37647574459014593, 'subsample': 0.683842602562353, 'alpha': 0.04221379697894513, 'lambda': 0.09651882063356113, 'gamma': 1.0746662516804766, 'min_child_weight': 12.000253307381813}. Best is trial 46 with value: 4.260437720537285.[0m
[32m[I 2023-01-22 02:14:39,798][0m Trial 56 finished with value: 4.385906884067863 and parameters: {'max_depth': 6, 'learning_rate': 0.014246970374973246, 'colsample_bytree': 0.42997251850429463, 'subsample': 0.7946190374571405, 'alpha': 0.1751334844910278, 'lambda': 5.412026596580455e-05, 'gamma': 3.6131125046271717, 'min_child_weight': 10.457797962863463}. Best is trial 46 with value: 4.260437720537285.[0m
[32m[I 2023-01-22 02:14:43,821][0m Trial 57 finished with value: 159.01295695396618 and parameters: {'max_depth': 6, 'learning_rate': 0.015029633265672524, 'colsample_bytree': 0.4384268168377018, 'subsample': 0.7735305679521352, 'alpha': 0.17735831194517795, 'lambda': 2.3467753642156035, 'gamma': 4.763214929826778, 'min_child_weight': 41.23265069160729}. Best is trial 46 with value: 4.260437720537285.[0m
[32m[I 2023-01-22 02:14:46,573][0m Trial 58 finished with value: 5.200665123969865 and parameters: {'max_depth': 5, 'learning_rate': 0.012545731523766018, 'colsample_bytree': 0.46379098353662307, 'subsample': 0.7919623562336534, 'alpha': 0.4122202200563728, 'lambda': 6.148252430551855e-05, 'gamma': 0.28882608548796496, 'min_child_weight': 14.047385914533074}. Best is trial 46 with value: 4.260437720537285.[0m
[32m[I 2023-01-22 02:14:48,243][0m Trial 59 finished with value: 9.61013376850848 and parameters: {'max_depth': 6, 'learning_rate': 0.018804619167006962, 'colsample_bytree': 0.338919807396827, 'subsample': 0.7471104799600443, 'alpha': 0.27907105562053086, 'lambda': 0.023576657730740674, 'gamma': 0.8980992068116261, 'min_child_weight': 27.950069920013505}. Best is trial 46 with value: 4.260437720537285.[0m
[32m[I 2023-01-22 02:14:49,116][0m Trial 60 finished with value: 159.01295695396618 and parameters: {'max_depth': 4, 'learning_rate': 0.010626301559609851, 'colsample_bytree': 0.4350103540012835, 'subsample': 0.7302267762688306, 'alpha': 0.17166360276063503, 'lambda': 4.514692871956524e-06, 'gamma': 4.08850824213818, 'min_child_weight': 131.7463507015253}. Best is trial 46 with value: 4.260437720537285.[0m
[32m[I 2023-01-22 02:14:52,198][0m Trial 61 finished with value: 4.947520422505031 and parameters: {'max_depth': 7, 'learning_rate': 0.014091283604428032, 'colsample_bytree': 0.41160161391053923, 'subsample': 0.7016620070886316, 'alpha': 0.12088827454840567, 'lambda': 0.00014998237456059475, 'gamma': 2.821098779202991, 'min_child_weight': 11.132909465940015}. Best is trial 46 with value: 4.260437720537285.[0m
[32m[I 2023-01-22 02:14:56,120][0m Trial 62 finished with value: 9.420450960985454 and parameters: {'max_depth': 6, 'learning_rate': 0.012798299191834579, 'colsample_bytree': 0.3989849408032684, 'subsample': 0.7185230258289096, 'alpha': 0.0728528441225872, 'lambda': 0.0002795232271592582, 'gamma': 1.902532755007655, 'min_child_weight': 17.32363961552205}. Best is trial 46 with value: 4.260437720537285.[0m
[32m[I 2023-01-22 02:14:58,799][0m Trial 63 finished with value: 4.715708355167772 and parameters: {'max_depth': 5, 'learning_rate': 0.016019725095954566, 'colsample_bytree': 0.4230597610447123, 'subsample': 0.6490046054087663, 'alpha': 0.22494894212582078, 'lambda': 5.234509065649407e-05, 'gamma': 0.04213708359303186, 'min_child_weight': 10.70349506168008}. Best is trial 46 with value: 4.260437720537285.[0m
[32m[I 2023-01-22 02:15:02,127][0m Trial 64 finished with value: 4.657182960990175 and parameters: {'max_depth': 5, 'learning_rate': 0.01818238452095219, 'colsample_bytree': 0.42356770187213627, 'subsample': 0.6484823681522169, 'alpha': 0.2244917647308282, 'lambda': 2.039109064112771e-05, 'gamma': 0.055024955330782256, 'min_child_weight': 10.044495757083054}. Best is trial 46 with value: 4.260437720537285.[0m
[32m[I 2023-01-22 02:15:04,456][0m Trial 65 finished with value: 4.6649711378383945 and parameters: {'max_depth': 5, 'learning_rate': 0.017871715044859102, 'colsample_bytree': 0.4242950647840828, 'subsample': 0.6525952270182418, 'alpha': 0.5690834432029409, 'lambda': 5.477293363968233e-05, 'gamma': 0.05207499760884272, 'min_child_weight': 10.016945843710033}. Best is trial 46 with value: 4.260437720537285.[0m
[32m[I 2023-01-22 02:15:05,756][0m Trial 66 finished with value: 5.604919319516995 and parameters: {'max_depth': 4, 'learning_rate': 0.023711842700626182, 'colsample_bytree': 0.384861753021875, 'subsample': 0.6796637568899353, 'alpha': 0.15131657245113675, 'lambda': 2.3231349534274535e-05, 'gamma': 0.49291245784672655, 'min_child_weight': 13.646926201463874}. Best is trial 46 with value: 4.260437720537285.[0m
[32m[I 2023-01-22 02:15:07,369][0m Trial 67 finished with value: 9.543175716199801 and parameters: {'max_depth': 5, 'learning_rate': 0.021860995617778947, 'colsample_bytree': 0.36323350654553416, 'subsample': 0.6538540508151196, 'alpha': 0.3364901518128787, 'lambda': 1.2008870578336498e-06, 'gamma': 0.05595305033950466, 'min_child_weight': 19.697717333990287}. Best is trial 46 with value: 4.260437720537285.[0m
[32m[I 2023-01-22 02:15:08,987][0m Trial 68 finished with value: 9.267022678791431 and parameters: {'max_depth': 5, 'learning_rate': 0.027975022549895263, 'colsample_bytree': 0.4595880340584522, 'subsample': 0.6359928626251995, 'alpha': 0.045911332074467355, 'lambda': 1.3734172933950018e-05, 'gamma': 9.727662861813931, 'min_child_weight': 16.47318373745135}. Best is trial 46 with value: 4.260437720537285.[0m
[32m[I 2023-01-22 02:15:16,941][0m Trial 69 finished with value: 3.9026098570822727 and parameters: {'max_depth': 4, 'learning_rate': 0.017847438186412188, 'colsample_bytree': 0.4183641996764067, 'subsample': 0.7546229016727537, 'alpha': 0.5289490339090619, 'lambda': 6.193619975530834e-06, 'gamma': 0.12475333591884863, 'min_child_weight': 10.040671477361702}. Best is trial 69 with value: 3.9026098570822727.[0m
[32m[I 2023-01-22 02:15:17,546][0m Trial 70 finished with value: 159.01295695396618 and parameters: {'max_depth': 4, 'learning_rate': 0.017211647656260393, 'colsample_bytree': 0.48327810009208727, 'subsample': 0.753061952129638, 'alpha': 0.6297123757011283, 'lambda': 6.497216162669279e-06, 'gamma': 0.10859678765479874, 'min_child_weight': 379.07939176449935}. Best is trial 69 with value: 3.9026098570822727.[0m
[32m[I 2023-01-22 02:15:20,400][0m Trial 71 finished with value: 5.017744882104668 and parameters: {'max_depth': 4, 'learning_rate': 0.019121364449242062, 'colsample_bytree': 0.4143386266493594, 'subsample': 0.7683661138438075, 'alpha': 0.48078777925720995, 'lambda': 2.288052170824686e-06, 'gamma': 0.21038626966450313, 'min_child_weight': 13.276547624563259}. Best is trial 69 with value: 3.9026098570822727.[0m
[32m[I 2023-01-22 02:15:25,976][0m Trial 72 finished with value: 3.9067137178956246 and parameters: {'max_depth': 5, 'learning_rate': 0.014208734226408315, 'colsample_bytree': 0.44869599276288324, 'subsample': 0.7805560937489395, 'alpha': 0.5458527681589427, 'lambda': 4.337029749371024e-05, 'gamma': 0.4090092591118022, 'min_child_weight': 10.2860933982551}. Best is trial 69 with value: 3.9026098570822727.[0m
[32m[I 2023-01-22 02:15:31,455][0m Trial 73 finished with value: 4.048298018528685 and parameters: {'max_depth': 6, 'learning_rate': 0.01847948164756579, 'colsample_bytree': 0.448681408766328, 'subsample': 0.7839605280996785, 'alpha': 0.5770406910571747, 'lambda': 2.094623074788932e-05, 'gamma': 9.842383098711601e-06, 'min_child_weight': 11.733746598410319}. Best is trial 69 with value: 3.9026098570822727.[0m
[32m[I 2023-01-22 02:15:33,584][0m Trial 74 finished with value: 5.714794543695087 and parameters: {'max_depth': 6, 'learning_rate': 0.01886520730365909, 'colsample_bytree': 0.4529835298835553, 'subsample': 0.7839905282300823, 'alpha': 0.5533969403679342, 'lambda': 1.630038603876657e-05, 'gamma': 4.684974788126924e-06, 'min_child_weight': 15.112052113996828}. Best is trial 69 with value: 3.9026098570822727.[0m
[32m[I 2023-01-22 02:15:37,453][0m Trial 75 finished with value: 4.59352558399789 and parameters: {'max_depth': 6, 'learning_rate': 0.01584646829541334, 'colsample_bytree': 0.5092088381514535, 'subsample': 0.7964925239024789, 'alpha': 0.42355804586332985, 'lambda': 3.4262631671996236e-05, 'gamma': 1.175504923478269, 'min_child_weight': 12.108913299937091}. Best is trial 69 with value: 3.9026098570822727.[0m
[32m[I 2023-01-22 02:15:39,849][0m Trial 76 finished with value: 4.6531997565271634 and parameters: {'max_depth': 6, 'learning_rate': 0.015894658125072365, 'colsample_bytree': 0.5015770136088467, 'subsample': 0.7977511102517166, 'alpha': 0.4026182994325645, 'lambda': 8.08181792501269e-06, 'gamma': 1.4560991678419621, 'min_child_weight': 12.172005897387544}. Best is trial 69 with value: 3.9026098570822727.[0m
[32m[I 2023-01-22 02:15:47,271][0m Trial 77 finished with value: 5.071331430470962 and parameters: {'max_depth': 6, 'learning_rate': 0.015931527251405963, 'colsample_bytree': 0.5072048154191945, 'subsample': 0.7994237329429865, 'alpha': 1.4697069511627836, 'lambda': 7.735828255551944e-06, 'gamma': 4.8636782024461045, 'min_child_weight': 12.902578528228162}. Best is trial 69 with value: 3.9026098570822727.[0m
[32m[I 2023-01-22 02:15:51,685][0m Trial 78 finished with value: 8.447810387290506 and parameters: {'max_depth': 6, 'learning_rate': 0.012096656778898146, 'colsample_bytree': 0.5044844892592582, 'subsample': 0.7842347558733204, 'alpha': 0.43821103553364066, 'lambda': 2.4315258059429584e-06, 'gamma': 1.3766853463088433e-06, 'min_child_weight': 17.294795116460573}. Best is trial 69 with value: 3.9026098570822727.[0m
[32m[I 2023-01-22 02:15:56,645][0m Trial 79 finished with value: 4.74236375668791 and parameters: {'max_depth': 6, 'learning_rate': 0.021160371758373372, 'colsample_bytree': 0.547655394392841, 'subsample': 0.7574311978663096, 'alpha': 0.7738722287662843, 'lambda': 3.516418478207443e-05, 'gamma': 1.5411253603677753, 'min_child_weight': 12.070047198415608}. Best is trial 69 with value: 3.9026098570822727.[0m
[32m[I 2023-01-22 02:15:59,531][0m Trial 80 finished with value: 9.646192781847281 and parameters: {'max_depth': 7, 'learning_rate': 0.010974390243283078, 'colsample_bytree': 0.5749452867126802, 'subsample': 0.7754995857073266, 'alpha': 0.3013947527763651, 'lambda': 8.285954725119242e-05, 'gamma': 0.9307614528865333, 'min_child_weight': 21.746803801236666}. Best is trial 69 with value: 3.9026098570822727.[0m
[32m[I 2023-01-22 02:16:02,670][0m Trial 81 finished with value: 5.159436277747682 and parameters: {'max_depth': 6, 'learning_rate': 0.01420304285463742, 'colsample_bytree': 0.47581974569642693, 'subsample': 0.791432920411698, 'alpha': 0.37530567994489533, 'lambda': 5.199772148008767e-06, 'gamma': 0.7711269256891203, 'min_child_weight': 14.179511182212726}. Best is trial 69 with value: 3.9026098570822727.[0m
[32m[I 2023-01-22 02:16:05,905][0m Trial 82 finished with value: 4.261159364468875 and parameters: {'max_depth': 8, 'learning_rate': 0.016237884849470547, 'colsample_bytree': 0.4481566328396217, 'subsample': 0.7796837541915729, 'alpha': 0.26423200460997087, 'lambda': 1.6748433689790046e-05, 'gamma': 0.37836256242340355, 'min_child_weight': 11.75456195121609}. Best is trial 69 with value: 3.9026098570822727.[0m
[32m[I 2023-01-22 02:16:14,334][0m Trial 83 finished with value: 4.023246278391527 and parameters: {'max_depth': 8, 'learning_rate': 0.015828785523348453, 'colsample_bytree': 0.4872168578651241, 'subsample': 0.798948748391634, 'alpha': 0.5080408997768479, 'lambda': 9.828324007908026e-06, 'gamma': 0.3954301523931757, 'min_child_weight': 11.695400673227466}. Best is trial 69 with value: 3.9026098570822727.[0m
[32m[I 2023-01-22 02:16:20,723][0m Trial 84 finished with value: 4.293842560001972 and parameters: {'max_depth': 8, 'learning_rate': 0.009823342764351383, 'colsample_bytree': 0.44801721290648494, 'subsample': 0.779847297295109, 'alpha': 1.0250733827063918, 'lambda': 3.261309768358185e-05, 'gamma': 0.3691335257868598, 'min_child_weight': 11.36595952446115}. Best is trial 69 with value: 3.9026098570822727.[0m
[32m[I 2023-01-22 02:16:21,044][0m Trial 85 finished with value: 159.01295695396618 and parameters: {'max_depth': 8, 'learning_rate': 0.013833445156834843, 'colsample_bytree': 0.4486204472954092, 'subsample': 0.7802257404748049, 'alpha': 1.0812945511471017, 'lambda': 1.1442005370823708e-05, 'gamma': 0.4683250296022392, 'min_child_weight': 85.410592355901}. Best is trial 69 with value: 3.9026098570822727.[0m
[32m[I 2023-01-22 02:16:28,467][0m Trial 86 finished with value: 5.946434989520929 and parameters: {'max_depth': 8, 'learning_rate': 0.009636984977830242, 'colsample_bytree': 0.48105870697785547, 'subsample': 0.7612367258413033, 'alpha': 1.7989643367150003, 'lambda': 5.445971249287847e-07, 'gamma': 1.2147478835261129e-05, 'min_child_weight': 15.345666068530209}. Best is trial 69 with value: 3.9026098570822727.[0m
[32m[I 2023-01-22 02:16:33,061][0m Trial 87 finished with value: 4.453079682241149 and parameters: {'max_depth': 8, 'learning_rate': 0.011811021936015896, 'colsample_bytree': 0.4624415094133498, 'subsample': 0.7424421845896844, 'alpha': 0.659311797914843, 'lambda': 9.837905658488806e-05, 'gamma': 0.126266629541823, 'min_child_weight': 11.072050273744903}. Best is trial 69 with value: 3.9026098570822727.[0m
[32m[I 2023-01-22 02:16:35,865][0m Trial 88 finished with value: 9.714589265470716 and parameters: {'max_depth': 9, 'learning_rate': 0.009865753213140689, 'colsample_bytree': 0.4935789832864655, 'subsample': 0.7345370066628045, 'alpha': 0.8911135250391149, 'lambda': 0.00023564955619084107, 'gamma': 0.14353534860605935, 'min_child_weight': 20.727081910106307}. Best is trial 69 with value: 3.9026098570822727.[0m
[32m[I 2023-01-22 02:16:38,444][0m Trial 89 finished with value: 9.641336014179533 and parameters: {'max_depth': 8, 'learning_rate': 0.011280674844741713, 'colsample_bytree': 0.4316838088084092, 'subsample': 0.7487110302654011, 'alpha': 0.6089345939300339, 'lambda': 0.00045085033858400673, 'gamma': 0.023976746238776128, 'min_child_weight': 24.89783183799894}. Best is trial 69 with value: 3.9026098570822727.[0m
