[32m[I 2023-01-22 17:29:40,487][0m Trial 58 finished with value: 1.3445649700139417 and parameters: {'max_depth': 7, 'learning_rate': 0.0074075984175248025, 'colsample_bytree': 0.46726006627355254, 'subsample': 0.544931136367464, 'alpha': 0.21554883223156293, 'lambda': 1.0553908178423044e-08, 'gamma': 2.9696985611482785e-06, 'min_child_weight': 12.087689821793594}. Best is trial 56 with value: 1.3346780546979882.[0m
[32m[I 2023-01-22 17:31:20,658][0m Trial 59 finished with value: 1.3354205776491503 and parameters: {'max_depth': 7, 'learning_rate': 0.007458506887412589, 'colsample_bytree': 0.4695176129010879, 'subsample': 0.5559730671128049, 'alpha': 0.2535731096791939, 'lambda': 3.193579906365924e-08, 'gamma': 5.200225006624935e-08, 'min_child_weight': 12.235684671265306}. Best is trial 56 with value: 1.3346780546979882.[0m
[32m[I 2023-01-22 17:32:26,575][0m Trial 60 finished with value: 1.6748096887484287 and parameters: {'max_depth': 7, 'learning_rate': 0.0068926828222279956, 'colsample_bytree': 0.4759620757459889, 'subsample': 0.5491172264801508, 'alpha': 0.23991658003425656, 'lambda': 5.491765785364611, 'gamma': 4.341487704911908e-08, 'min_child_weight': 11.940107651280941}. Best is trial 56 with value: 1.3346780546979882.[0m
[32m[I 2023-01-22 17:33:09,699][0m Trial 61 finished with value: 1.330590647132434 and parameters: {'max_depth': 7, 'learning_rate': 0.00835462431388566, 'colsample_bytree': 0.5078763997193472, 'subsample': 0.5057008192116108, 'alpha': 0.20352706043887342, 'lambda': 1.0355042557358427e-08, 'gamma': 6.907223364627205e-08, 'min_child_weight': 10.625022921833864}. Best is trial 61 with value: 1.330590647132434.[0m
[32m[I 2023-01-22 17:34:15,960][0m Trial 62 finished with value: 1.3593110805085864 and parameters: {'max_depth': 7, 'learning_rate': 0.005446628164362402, 'colsample_bytree': 0.49859365660785526, 'subsample': 0.5016298455639144, 'alpha': 0.21435531909065142, 'lambda': 3.33089889682618e-08, 'gamma': 4.009132830634403e-07, 'min_child_weight': 13.639661839865504}. Best is trial 61 with value: 1.330590647132434.[0m
[32m[I 2023-01-22 17:35:44,875][0m Trial 63 finished with value: 1.335643302305008 and parameters: {'max_depth': 7, 'learning_rate': 0.008203356552718094, 'colsample_bytree': 0.5512542872021035, 'subsample': 0.5473506459975964, 'alpha': 0.3171939238644239, 'lambda': 1.888291287474257e-08, 'gamma': 1.3090122072448049e-08, 'min_child_weight': 11.979724600463655}. Best is trial 61 with value: 1.330590647132434.[0m
[32m[I 2023-01-22 17:36:45,898][0m Trial 64 finished with value: 1.3398012159526838 and parameters: {'max_depth': 7, 'learning_rate': 0.008299237706667833, 'colsample_bytree': 0.5590677568065896, 'subsample': 0.5190442515662648, 'alpha': 0.30147547400219543, 'lambda': 1.783701890529255e-08, 'gamma': 1.0769405759305287e-08, 'min_child_weight': 10.045660730328926}. Best is trial 61 with value: 1.330590647132434.[0m
[32m[I 2023-01-22 17:37:33,332][0m Trial 65 finished with value: 1.3725676762921606 and parameters: {'max_depth': 8, 'learning_rate': 0.008223527965300414, 'colsample_bytree': 0.5750094293616578, 'subsample': 0.5253983434864005, 'alpha': 0.3210605008398408, 'lambda': 1.0129343683613656e-08, 'gamma': 1.851633618629546e-08, 'min_child_weight': 13.86096409531644}. Best is trial 61 with value: 1.330590647132434.[0m
[32m[I 2023-01-22 17:38:25,252][0m Trial 66 finished with value: 1.354427693709858 and parameters: {'max_depth': 8, 'learning_rate': 0.008244458690531224, 'colsample_bytree': 0.5500707571292104, 'subsample': 0.4854402687136485, 'alpha': 0.5295038365024681, 'lambda': 1.841603105374851e-08, 'gamma': 6.639831229193061e-08, 'min_child_weight': 14.858492604983056}. Best is trial 61 with value: 1.330590647132434.[0m
[32m[I 2023-01-22 17:38:31,919][0m Trial 67 finished with value: 9.078854243482322 and parameters: {'max_depth': 7, 'learning_rate': 0.008755313245285702, 'colsample_bytree': 0.5308906224992113, 'subsample': 0.5463884756614383, 'alpha': 0.38797734444437243, 'lambda': 0.0004890323485176354, 'gamma': 1.1887522684340067e-08, 'min_child_weight': 147.2151612187788}. Best is trial 61 with value: 1.330590647132434.[0m
[32m[I 2023-01-22 17:39:16,162][0m Trial 68 finished with value: 1.352774166660203 and parameters: {'max_depth': 7, 'learning_rate': 0.0060590722704683, 'colsample_bytree': 0.59678758139629, 'subsample': 0.5161057011519797, 'alpha': 0.13334670319188816, 'lambda': 0.09703463630412781, 'gamma': 2.4187866795310592e-08, 'min_child_weight': 11.929922755977959}. Best is trial 61 with value: 1.330590647132434.[0m
[32m[I 2023-01-22 17:40:12,609][0m Trial 69 finished with value: 1.3685393125385967 and parameters: {'max_depth': 7, 'learning_rate': 0.007326806754844677, 'colsample_bytree': 0.5146143297121906, 'subsample': 0.5372621843299261, 'alpha': 0.08404519349558444, 'lambda': 0.001738728970873083, 'gamma': 7.07467767133356e-08, 'min_child_weight': 15.060079953448957}. Best is trial 61 with value: 1.330590647132434.[0m
[32m[I 2023-01-22 17:40:13,377][0m Trial 70 finished with value: 163.8313656710806 and parameters: {'max_depth': 9, 'learning_rate': 0.005212334203730382, 'colsample_bytree': 0.5030705147034876, 'subsample': 0.5740708721188134, 'alpha': 0.29528273486157885, 'lambda': 1.88331346613612e-08, 'gamma': 1.0118522370279125e-08, 'min_child_weight': 379.07939176449935}. Best is trial 61 with value: 1.330590647132434.[0m
[32m[I 2023-01-22 17:41:13,027][0m Trial 71 finished with value: 1.3212923585226037 and parameters: {'max_depth': 7, 'learning_rate': 0.01165535923533279, 'colsample_bytree': 0.5631037925419341, 'subsample': 0.46566730939014356, 'alpha': 0.20436283345252193, 'lambda': 4.983513342409398e-08, 'gamma': 2.2578790371360636e-07, 'min_child_weight': 11.012669445911701}. Best is trial 71 with value: 1.3212923585226037.[0m
[32m[I 2023-01-22 17:42:11,628][0m Trial 72 finished with value: 1.348064778084293 and parameters: {'max_depth': 7, 'learning_rate': 0.007001926050783009, 'colsample_bytree': 0.575759776189235, 'subsample': 0.4531903331313046, 'alpha': 0.20356497168883106, 'lambda': 6.277352705171359e-08, 'gamma': 1.502451047882678e-07, 'min_child_weight': 12.860989241147774}. Best is trial 71 with value: 1.3212923585226037.[0m
[32m[I 2023-01-22 17:42:56,770][0m Trial 73 finished with value: 1.327138430761487 and parameters: {'max_depth': 8, 'learning_rate': 0.010282803916742987, 'colsample_bytree': 0.5437706439270396, 'subsample': 0.5089737828738795, 'alpha': 0.12834217197216224, 'lambda': 2.9534998443008196e-08, 'gamma': 4.316525759492738e-08, 'min_child_weight': 11.46943102159426}. Best is trial 71 with value: 1.3212923585226037.[0m
[32m[I 2023-01-22 17:43:54,170][0m Trial 74 finished with value: 1.3249056012874327 and parameters: {'max_depth': 8, 'learning_rate': 0.010723605041322028, 'colsample_bytree': 0.5409889880263026, 'subsample': 0.47664467634684504, 'alpha': 0.04286790861584592, 'lambda': 3.000463342439367e-08, 'gamma': 5.457387584367161e-08, 'min_child_weight': 10.247536388965868}. Best is trial 71 with value: 1.3212923585226037.[0m
[32m[I 2023-01-22 17:44:33,827][0m Trial 75 finished with value: 1.3791874264698059 and parameters: {'max_depth': 8, 'learning_rate': 0.012079273643966992, 'colsample_bytree': 0.5379687925374665, 'subsample': 0.44690436540213146, 'alpha': 0.050746158867585385, 'lambda': 3.843657622867506e-08, 'gamma': 2.518797626338773e-07, 'min_child_weight': 15.50147705230622}. Best is trial 71 with value: 1.3212923585226037.[0m
[32m[I 2023-01-22 17:45:28,793][0m Trial 76 finished with value: 1.3361924757483585 and parameters: {'max_depth': 8, 'learning_rate': 0.010212922948899802, 'colsample_bytree': 0.5495395985191003, 'subsample': 0.47059844809659196, 'alpha': 0.03685557187011216, 'lambda': 7.97826055616047e-08, 'gamma': 9.729885775665174e-08, 'min_child_weight': 11.397925337918672}. Best is trial 71 with value: 1.3212923585226037.[0m
[32m[I 2023-01-22 17:46:23,940][0m Trial 77 finished with value: 1.3713956311363733 and parameters: {'max_depth': 8, 'learning_rate': 0.010444834077353365, 'colsample_bytree': 0.5447539828551483, 'subsample': 0.477214356633521, 'alpha': 0.02417937253146679, 'lambda': 8.67741205183349e-08, 'gamma': 7.184838644324753e-08, 'min_child_weight': 16.811384904252744}. Best is trial 71 with value: 1.3212923585226037.[0m
[32m[I 2023-01-22 17:47:07,110][0m Trial 78 finished with value: 1.358305414250489 and parameters: {'max_depth': 8, 'learning_rate': 0.012019895998636967, 'colsample_bytree': 0.5241408030369791, 'subsample': 0.49501042478572754, 'alpha': 0.044815831733455776, 'lambda': 3.21489222170889e-08, 'gamma': 2.384358743851315e-08, 'min_child_weight': 13.733880604230912}. Best is trial 71 with value: 1.3212923585226037.[0m
[32m[I 2023-01-22 17:48:16,145][0m Trial 79 finished with value: 1.3671801414429183 and parameters: {'max_depth': 9, 'learning_rate': 0.009674380429605995, 'colsample_bytree': 0.5672731924301662, 'subsample': 0.429802837905763, 'alpha': 0.03610530747155028, 'lambda': 1.7518970350640283e-07, 'gamma': 7.43612606076625e-07, 'min_child_weight': 11.56588413082857}. Best is trial 71 with value: 1.3212923585226037.[0m
[32m[I 2023-01-22 17:50:10,439][0m Trial 80 finished with value: 1.3281844921687789 and parameters: {'max_depth': 6, 'learning_rate': 0.010296186789442276, 'colsample_bytree': 0.5862862055799203, 'subsample': 0.46990459405927715, 'alpha': 0.02537238601785964, 'lambda': 6.07389820119108e-08, 'gamma': 5.637185042396354e-08, 'min_child_weight': 10.000931734377431}. Best is trial 71 with value: 1.3212923585226037.[0m
[32m[I 2023-01-22 17:51:28,363][0m Trial 81 finished with value: 1.341312152543924 and parameters: {'max_depth': 6, 'learning_rate': 0.008909130564295948, 'colsample_bytree': 0.5872858404870805, 'subsample': 0.4710753878201481, 'alpha': 0.02126170211320497, 'lambda': 6.902513454583436e-08, 'gamma': 5.4355625789788935e-08, 'min_child_weight': 11.010075435843412}. Best is trial 71 with value: 1.3212923585226037.[0m
[32m[I 2023-01-22 17:52:11,038][0m Trial 82 finished with value: 1.3414666630756882 and parameters: {'max_depth': 9, 'learning_rate': 0.009987232182465647, 'colsample_bytree': 0.5549161956940841, 'subsample': 0.509395384859741, 'alpha': 0.01263983019543745, 'lambda': 4.5279688702961886e-08, 'gamma': 1.21832774012832e-07, 'min_child_weight': 12.876732064781216}. Best is trial 71 with value: 1.3212923585226037.[0m
[32m[I 2023-01-22 17:53:03,639][0m Trial 83 finished with value: 1.3635475128291312 and parameters: {'max_depth': 8, 'learning_rate': 0.01157229034196206, 'colsample_bytree': 0.534427364535428, 'subsample': 0.466239905589856, 'alpha': 0.06677292786134266, 'lambda': 1.2273895810265664e-07, 'gamma': 2.8490729002961197e-08, 'min_child_weight': 15.816636192832592}. Best is trial 71 with value: 1.3212923585226037.[0m
[32m[I 2023-01-22 17:53:56,272][0m Trial 84 finished with value: 1.3339562670754261 and parameters: {'max_depth': 6, 'learning_rate': 0.007723300219341019, 'colsample_bytree': 0.5784180770253401, 'subsample': 0.4860555619278129, 'alpha': 0.02253154412682983, 'lambda': 2.6088349577428607e-08, 'gamma': 2.258096875479965e-07, 'min_child_weight': 10.878914194699654}. Best is trial 71 with value: 1.3212923585226037.[0m
[32m[I 2023-01-22 17:54:13,787][0m Trial 85 finished with value: 3.0870467392389394 and parameters: {'max_depth': 6, 'learning_rate': 0.007967977590671945, 'colsample_bytree': 0.5768104379706064, 'subsample': 0.4853868913143198, 'alpha': 0.017036691830554052, 'lambda': 2.4119694543985316e-08, 'gamma': 1.9265650747857606e-07, 'min_child_weight': 85.410592355901}. Best is trial 71 with value: 1.3212923585226037.[0m
[32m[I 2023-01-22 17:56:37,293][0m Trial 86 finished with value: 1.3426621279666509 and parameters: {'max_depth': 6, 'learning_rate': 0.00875867312381522, 'colsample_bytree': 0.4937440434983727, 'subsample': 0.43183702493358367, 'alpha': 0.0273945964783741, 'lambda': 1.554789866432773e-08, 'gamma': 4.776858707883895e-07, 'min_child_weight': 10.542843946205645}. Best is trial 71 with value: 1.3212923585226037.[0m
[32m[I 2023-01-22 17:57:12,366][0m Trial 87 finished with value: 1.4649449434687 and parameters: {'max_depth': 7, 'learning_rate': 0.007775814268996677, 'colsample_bytree': 0.5993703745216739, 'subsample': 0.48587903101997937, 'alpha': 0.1362592911505806, 'lambda': 4.152176979378962e-07, 'gamma': 1.702779594838622e-08, 'min_child_weight': 20.70753403313984}. Best is trial 71 with value: 1.3212923585226037.[0m
[32m[I 2023-01-22 17:58:51,737][0m Trial 88 finished with value: 1.3425907047126828 and parameters: {'max_depth': 6, 'learning_rate': 0.006266369965434646, 'colsample_bytree': 0.5642374113649418, 'subsample': 0.5610089480121825, 'alpha': 0.09001855484730366, 'lambda': 2.6697232016414147e-08, 'gamma': 4.024081525098884e-08, 'min_child_weight': 14.641009910658969}. Best is trial 71 with value: 1.3212923585226037.[0m
[32m[I 2023-01-22 17:59:28,191][0m Trial 89 finished with value: 1.4787775390693574 and parameters: {'max_depth': 7, 'learning_rate': 0.012706801362356886, 'colsample_bytree': 0.5148763865861321, 'subsample': 0.44261742156246464, 'alpha': 0.01547590017224707, 'lambda': 5.399161486181384e-08, 'gamma': 3.576283390691811e-07, 'min_child_weight': 26.02568573860187}. Best is trial 71 with value: 1.3212923585226037.[0m
[32m[I 2023-01-22 18:00:37,801][0m Trial 90 finished with value: 1.3355655117001923 and parameters: {'max_depth': 6, 'learning_rate': 0.009314726308904122, 'colsample_bytree': 0.5835219851896818, 'subsample': 0.5894753799199075, 'alpha': 0.37136596660981014, 'lambda': 2.469250577537897e-07, 'gamma': 1.0110444953590663e-07, 'min_child_weight': 12.730315141421555}. Best is trial 71 with value: 1.3212923585226037.[0m
[32m[I 2023-01-22 18:03:56,945][0m Trial 91 finished with value: 1.3527323499015318 and parameters: {'max_depth': 6, 'learning_rate': 0.009231100005927024, 'colsample_bytree': 0.5829796722742191, 'subsample': 0.5285026171131321, 'alpha': 0.4159670549937699, 'lambda': 1.8043109784404135e-07, 'gamma': 1.0120065106437223e-07, 'min_child_weight': 12.503151166224193}. Best is trial 71 with value: 1.3212923585226037.[0m
[32m[I 2023-01-22 18:04:28,109][0m Trial 92 finished with value: 1.3318061336114453 and parameters: {'max_depth': 6, 'learning_rate': 0.010545184236696158, 'colsample_bytree': 0.5698121936930232, 'subsample': 0.591740431137768, 'alpha': 0.19319864453989513, 'lambda': 6.297630892022872e-07, 'gamma': 3.749775945861301e-08, 'min_child_weight': 13.843346795923619}. Best is trial 71 with value: 1.3212923585226037.[0m
[32m[I 2023-01-22 18:05:05,217][0m Trial 93 finished with value: 1.2823501944916695 and parameters: {'max_depth': 6, 'learning_rate': 0.014146651957285922, 'colsample_bytree': 0.5710200976666819, 'subsample': 0.5904080558723199, 'alpha': 0.2687057034572852, 'lambda': 8.104531826573134e-07, 'gamma': 2.0081928993603208e-07, 'min_child_weight': 10.072130892964699}. Best is trial 93 with value: 1.2823501944916695.[0m
[32m[I 2023-01-22 18:05:38,955][0m Trial 94 finished with value: 1.327417639622756 and parameters: {'max_depth': 6, 'learning_rate': 0.014228089869643627, 'colsample_bytree': 0.5687687884789513, 'subsample': 0.4586179026034143, 'alpha': 0.26425657148583387, 'lambda': 6.65848324633272e-07, 'gamma': 6.291231938965701e-07, 'min_child_weight': 10.133224682417257}. Best is trial 93 with value: 1.2823501944916695.[0m
[32m[I 2023-01-22 18:06:07,344][0m Trial 95 finished with value: 1.3298083993984242 and parameters: {'max_depth': 6, 'learning_rate': 0.014831853244568715, 'colsample_bytree': 0.5665547735417994, 'subsample': 0.4234565118699262, 'alpha': 0.18386678094133882, 'lambda': 1.727814202110843e-06, 'gamma': 2.553371468118664e-07, 'min_child_weight': 10.651783557540538}. Best is trial 93 with value: 1.2823501944916695.[0m
[32m[I 2023-01-22 18:06:40,633][0m Trial 96 finished with value: 1.3227783496440306 and parameters: {'max_depth': 6, 'learning_rate': 0.014132598130474846, 'colsample_bytree': 0.5658878636412967, 'subsample': 0.4111587465172759, 'alpha': 0.11887778034965242, 'lambda': 2.8836945589034724e-06, 'gamma': 5.42339653505278e-07, 'min_child_weight': 10.151068638439488}. Best is trial 93 with value: 1.2823501944916695.[0m
[32m[I 2023-01-22 18:07:39,441][0m Trial 97 finished with value: 1.3374101921850383 and parameters: {'max_depth': 6, 'learning_rate': 0.014068176977209556, 'colsample_bytree': 0.568636909768649, 'subsample': 0.42009761900184706, 'alpha': 0.11703816178604536, 'lambda': 1.9913321695861985e-06, 'gamma': 7.040367507357714e-07, 'min_child_weight': 14.152805319610652}. Best is trial 93 with value: 1.2823501944916695.[0m
[32m[I 2023-01-22 18:08:15,599][0m Trial 98 finished with value: 1.40170022588526 and parameters: {'max_depth': 5, 'learning_rate': 0.016528003011883004, 'colsample_bytree': 0.5904492564074056, 'subsample': 0.4227135550694502, 'alpha': 0.2688164348629071, 'lambda': 4.389339707256301e-06, 'gamma': 4.7486161263090564e-07, 'min_child_weight': 16.671257010829827}. Best is trial 93 with value: 1.2823501944916695.[0m
