[32m[I 2023-01-22 10:26:27,224][0m Trial 26 finished with value: 157.07975815318875 and parameters: {'max_depth': 6, 'learning_rate': 0.012447618929518268, 'colsample_bytree': 0.4885269861804695, 'subsample': 0.4905494084668943, 'alpha': 0.02395685913274211, 'lambda': 0.06776674903228351, 'gamma': 1.4394839802283483e-08, 'min_child_weight': 532.931071454256}. Best is trial 0 with value: 157.07975815318875.[0m
[32m[I 2023-01-22 10:26:32,016][0m Trial 27 finished with value: 157.07975815318875 and parameters: {'max_depth': 5, 'learning_rate': 0.009429964295575155, 'colsample_bytree': 0.5561445013349098, 'subsample': 0.4239448406947349, 'alpha': 0.05253260881336256, 'lambda': 8.058360986958824e-06, 'gamma': 3.488383131670746e-06, 'min_child_weight': 384.64477078397294}. Best is trial 0 with value: 157.07975815318875.[0m
[32m[I 2023-01-22 10:26:33,483][0m Trial 28 finished with value: 157.07975815318875 and parameters: {'max_depth': 9, 'learning_rate': 0.0050030185902497516, 'colsample_bytree': 0.45612132065482824, 'subsample': 0.6851696850578837, 'alpha': 0.09830102979236512, 'lambda': 0.5933249127277515, 'gamma': 1.625700972089092e-06, 'min_child_weight': 897.4156724600665}. Best is trial 0 with value: 157.07975815318875.[0m
[32m[I 2023-01-22 10:26:34,714][0m Trial 29 finished with value: 157.07975815318875 and parameters: {'max_depth': 8, 'learning_rate': 0.0062211765661302175, 'colsample_bytree': 0.401705287626599, 'subsample': 0.4960637973412915, 'alpha': 0.019428384973387957, 'lambda': 0.32709044071254084, 'gamma': 1.4793444571616464e-05, 'min_child_weight': 715.1129116516083}. Best is trial 0 with value: 157.07975815318875.[0m
[32m[I 2023-01-22 10:26:35,795][0m Trial 30 finished with value: 157.07975815318875 and parameters: {'max_depth': 5, 'learning_rate': 0.009341368627992732, 'colsample_bytree': 0.4959630609380417, 'subsample': 0.4010925292541974, 'alpha': 0.010086377909374408, 'lambda': 6.955901405127995e-06, 'gamma': 2.108429229695302e-08, 'min_child_weight': 364.03794761856017}. Best is trial 0 with value: 157.07975815318875.[0m
[32m[I 2023-01-22 10:26:40,125][0m Trial 31 finished with value: 157.07975815318875 and parameters: {'max_depth': 5, 'learning_rate': 0.005089026894186979, 'colsample_bytree': 0.4624035960933813, 'subsample': 0.4168250331673378, 'alpha': 0.02116305827607103, 'lambda': 1.3896641935356413, 'gamma': 1.2281636791947812e-06, 'min_child_weight': 405.28618871954654}. Best is trial 0 with value: 157.07975815318875.[0m
[32m[I 2023-01-22 10:26:41,596][0m Trial 32 finished with value: 157.07975815318875 and parameters: {'max_depth': 9, 'learning_rate': 0.006199503264810112, 'colsample_bytree': 0.4569863592086168, 'subsample': 0.4414910906181718, 'alpha': 0.04822247673227348, 'lambda': 3.202568960036703e-07, 'gamma': 1.1334533507195355e-05, 'min_child_weight': 752.4874543345782}. Best is trial 0 with value: 157.07975815318875.[0m
[32m[I 2023-01-22 10:26:43,107][0m Trial 33 finished with value: 157.07975815318875 and parameters: {'max_depth': 8, 'learning_rate': 0.006587066303226513, 'colsample_bytree': 0.44317254239493675, 'subsample': 0.5041980669384961, 'alpha': 0.01076070859204223, 'lambda': 0.31810321380123363, 'gamma': 1.3638326159177198e-07, 'min_child_weight': 749.3962253618712}. Best is trial 0 with value: 157.07975815318875.[0m
[32m[I 2023-01-22 10:26:46,908][0m Trial 34 finished with value: 157.07975815318875 and parameters: {'max_depth': 5, 'learning_rate': 0.006109520359850211, 'colsample_bytree': 0.3672534742300637, 'subsample': 0.407168765930791, 'alpha': 0.017740845231974896, 'lambda': 4.97278411439866, 'gamma': 5.186913600497363e-07, 'min_child_weight': 413.6725943200194}. Best is trial 0 with value: 157.07975815318875.[0m
[32m[I 2023-01-22 10:26:48,689][0m Trial 35 finished with value: 157.07975815318875 and parameters: {'max_depth': 7, 'learning_rate': 0.02711235658007155, 'colsample_bytree': 0.5296412808220539, 'subsample': 0.5697847388383271, 'alpha': 0.8495810836618041, 'lambda': 1.1197657466284527e-08, 'gamma': 0.0005441377072097343, 'min_child_weight': 82.30800516372432}. Best is trial 0 with value: 157.07975815318875.[0m
[32m[I 2023-01-22 10:26:49,679][0m Trial 36 finished with value: 157.07975815318875 and parameters: {'max_depth': 7, 'learning_rate': 0.04061876490618809, 'colsample_bytree': 0.5692756950071741, 'subsample': 0.6298737120587394, 'alpha': 0.25993255375835017, 'lambda': 1.068454127847175e-07, 'gamma': 0.00550104624463899, 'min_child_weight': 206.6031559741333}. Best is trial 0 with value: 157.07975815318875.[0m
[32m[I 2023-01-22 10:26:51,074][0m Trial 37 finished with value: 157.07975815318875 and parameters: {'max_depth': 8, 'learning_rate': 0.04922760313445101, 'colsample_bytree': 0.519419850986441, 'subsample': 0.5928551083620784, 'alpha': 0.5800651567106343, 'lambda': 0.0006236789378168091, 'gamma': 0.014625036324293345, 'min_child_weight': 248.5404108775435}. Best is trial 0 with value: 157.07975815318875.[0m
[32m[I 2023-01-22 10:26:52,956][0m Trial 38 finished with value: 157.07975815318875 and parameters: {'max_depth': 6, 'learning_rate': 0.014722531076269217, 'colsample_bytree': 0.5074757715111182, 'subsample': 0.5426969669374724, 'alpha': 4.092565459823172, 'lambda': 0.009523306769789092, 'gamma': 0.0835212441476433, 'min_child_weight': 54.666626436451374}. Best is trial 0 with value: 157.07975815318875.[0m
[32m[I 2023-01-22 10:26:58,983][0m Trial 39 finished with value: 157.07975815318875 and parameters: {'max_depth': 6, 'learning_rate': 0.013851147420731583, 'colsample_bytree': 0.33935032594174075, 'subsample': 0.7428368992894067, 'alpha': 0.07573534629043657, 'lambda': 0.05519805568211544, 'gamma': 1.2376175901691837, 'min_child_weight': 489.6705185489005}. Best is trial 0 with value: 157.07975815318875.[0m
[32m[I 2023-01-22 10:27:01,122][0m Trial 40 finished with value: 157.07975815318875 and parameters: {'max_depth': 11, 'learning_rate': 0.01806966570978604, 'colsample_bytree': 0.5997803501222634, 'subsample': 0.7083947025795377, 'alpha': 0.032888808922017544, 'lambda': 0.008740034754702374, 'gamma': 9.027490008880495e-08, 'min_child_weight': 175.66641325286687}. Best is trial 0 with value: 157.07975815318875.[0m
[32m[I 2023-01-22 10:27:02,243][0m Trial 41 finished with value: 157.07975815318875 and parameters: {'max_depth': 11, 'learning_rate': 0.009579358410166447, 'colsample_bytree': 0.40037424939022365, 'subsample': 0.6143521227559718, 'alpha': 0.0997423584487607, 'lambda': 0.13175004667323817, 'gamma': 4.2393325156514194e-05, 'min_child_weight': 608.3822208087735}. Best is trial 0 with value: 157.07975815318875.[0m
[32m[I 2023-01-22 10:27:03,866][0m Trial 42 finished with value: 157.07975815318875 and parameters: {'max_depth': 6, 'learning_rate': 0.013250327290396675, 'colsample_bytree': 0.4814429751565638, 'subsample': 0.485433731611073, 'alpha': 0.023551933729753848, 'lambda': 1.6765851466295036, 'gamma': 4.001000424656186e-08, 'min_child_weight': 573.2000985813786}. Best is trial 0 with value: 157.07975815318875.[0m
[32m[I 2023-01-22 10:27:05,179][0m Trial 43 finished with value: 157.07975815318875 and parameters: {'max_depth': 6, 'learning_rate': 0.008249874957566454, 'colsample_bytree': 0.5589451035301418, 'subsample': 0.6773044272124656, 'alpha': 0.06671569895243872, 'lambda': 3.4428213371931056e-08, 'gamma': 1.0419801821257397e-08, 'min_child_weight': 997.1849138971826}. Best is trial 0 with value: 157.07975815318875.[0m
[32m[I 2023-01-22 10:27:06,813][0m Trial 44 finished with value: 157.07975815318875 and parameters: {'max_depth': 4, 'learning_rate': 0.009489260806019653, 'colsample_bytree': 0.5707830805030796, 'subsample': 0.4302614910676906, 'alpha': 0.04877378078147808, 'lambda': 1.9396757681579827e-07, 'gamma': 3.353243144138862e-06, 'min_child_weight': 300.82643466369245}. Best is trial 0 with value: 157.07975815318875.[0m
[32m[I 2023-01-22 10:27:09,729][0m Trial 45 finished with value: 157.07975815318875 and parameters: {'max_depth': 5, 'learning_rate': 0.031942543754338824, 'colsample_bytree': 0.5715657864320701, 'subsample': 0.6012817459708792, 'alpha': 0.11382237198339937, 'lambda': 7.098274530649418e-08, 'gamma': 3.6413728711084295e-06, 'min_child_weight': 380.600740940081}. Best is trial 0 with value: 157.07975815318875.[0m
[32m[I 2023-01-22 10:27:10,918][0m Trial 46 finished with value: 157.07975815318875 and parameters: {'max_depth': 8, 'learning_rate': 0.007035817755759439, 'colsample_bytree': 0.47617334366505526, 'subsample': 0.6937671770426426, 'alpha': 0.08098022481074196, 'lambda': 0.5412330777515785, 'gamma': 1.2568630510151423e-06, 'min_child_weight': 854.729859364637}. Best is trial 0 with value: 157.07975815318875.[0m
[32m[I 2023-01-22 10:27:12,107][0m Trial 47 finished with value: 157.07975815318875 and parameters: {'max_depth': 9, 'learning_rate': 0.008397469631727791, 'colsample_bytree': 0.44965147547417966, 'subsample': 0.7370239916603187, 'alpha': 0.11555132276394539, 'lambda': 3.220014455430737, 'gamma': 4.6609943245730363e-05, 'min_child_weight': 986.4509132911046}. Best is trial 0 with value: 157.07975815318875.[0m
[32m[I 2023-01-22 10:27:13,325][0m Trial 48 finished with value: 157.07975815318875 and parameters: {'max_depth': 8, 'learning_rate': 0.005610028212362728, 'colsample_bytree': 0.417512971778657, 'subsample': 0.5102039880916923, 'alpha': 0.016799750341575576, 'lambda': 0.18098357447828994, 'gamma': 1.5199198410063115e-05, 'min_child_weight': 690.9411795690064}. Best is trial 0 with value: 157.07975815318875.[0m
[32m[I 2023-01-22 10:27:17,051][0m Trial 49 finished with value: 157.07975815318875 and parameters: {'max_depth': 8, 'learning_rate': 0.007351768856430501, 'colsample_bytree': 0.4983314759656927, 'subsample': 0.4900930191340253, 'alpha': 0.024787641471299308, 'lambda': 2.6026300528428736e-06, 'gamma': 2.544077003621035e-07, 'min_child_weight': 681.5610262735064}. Best is trial 0 with value: 157.07975815318875.[0m
[32m[I 2023-01-22 10:27:18,303][0m Trial 50 finished with value: 157.07975815318875 and parameters: {'max_depth': 4, 'learning_rate': 0.010133525815556271, 'colsample_bytree': 0.4693012783013746, 'subsample': 0.43045548099407854, 'alpha': 0.01299071428328255, 'lambda': 9.370408469495382e-06, 'gamma': 2.8300444294644118e-08, 'min_child_weight': 368.27164903300564}. Best is trial 0 with value: 157.07975815318875.[0m
[32m[I 2023-01-22 10:27:19,883][0m Trial 51 finished with value: 157.07975815318875 and parameters: {'max_depth': 5, 'learning_rate': 0.005125495869593101, 'colsample_bytree': 0.4606211869989433, 'subsample': 0.4026091527012205, 'alpha': 0.014170710217789274, 'lambda': 7.062044632750327e-06, 'gamma': 1.0825575003568586e-06, 'min_child_weight': 416.79633861500537}. Best is trial 0 with value: 157.07975815318875.[0m
[32m[I 2023-01-22 10:27:21,191][0m Trial 52 finished with value: 157.07975815318875 and parameters: {'max_depth': 9, 'learning_rate': 0.005918336962723577, 'colsample_bytree': 0.4508773007450614, 'subsample': 0.44934072261587604, 'alpha': 0.039722525731575246, 'lambda': 4.348481702431777e-07, 'gamma': 1.0091430758152969e-05, 'min_child_weight': 729.6732370589078}. Best is trial 0 with value: 157.07975815318875.[0m
[32m[I 2023-01-22 10:27:22,904][0m Trial 53 finished with value: 157.07975815318875 and parameters: {'max_depth': 9, 'learning_rate': 0.005426956935699726, 'colsample_bytree': 0.4207794177208363, 'subsample': 0.4237052832078083, 'alpha': 0.019088277606985813, 'lambda': 8.741065216690015e-05, 'gamma': 2.0262565827367603e-05, 'min_child_weight': 845.034541140936}. Best is trial 0 with value: 157.07975815318875.[0m
[32m[I 2023-01-22 10:27:24,113][0m Trial 54 finished with value: 157.07975815318875 and parameters: {'max_depth': 8, 'learning_rate': 0.006620650963531614, 'colsample_bytree': 0.4388053529459183, 'subsample': 0.5078514838718436, 'alpha': 0.012050130504744266, 'lambda': 2.0447799518498715, 'gamma': 1.8129438642063236e-07, 'min_child_weight': 765.8492218681039}. Best is trial 0 with value: 157.07975815318875.[0m
[32m[I 2023-01-22 10:27:30,971][0m Trial 55 finished with value: 157.07975815318875 and parameters: {'max_depth': 8, 'learning_rate': 0.0066013265017897844, 'colsample_bytree': 0.4108960580273127, 'subsample': 0.46960217041550834, 'alpha': 0.010909438329844154, 'lambda': 2.8411611351843553e-07, 'gamma': 1.5392948524260055e-07, 'min_child_weight': 642.1397440314894}. Best is trial 0 with value: 157.07975815318875.[0m
[32m[I 2023-01-22 10:27:32,228][0m Trial 56 finished with value: 157.07975815318875 and parameters: {'max_depth': 5, 'learning_rate': 0.0058747327734187255, 'colsample_bytree': 0.3631557574697129, 'subsample': 0.4150918367655891, 'alpha': 0.01053475971409407, 'lambda': 2.448202435715262, 'gamma': 5.649269694525315e-07, 'min_child_weight': 438.60265981668675}. Best is trial 0 with value: 157.07975815318875.[0m
[32m[I 2023-01-22 10:27:34,157][0m Trial 57 finished with value: 157.07975815318875 and parameters: {'max_depth': 5, 'learning_rate': 0.007730338483826219, 'colsample_bytree': 0.37367656019279083, 'subsample': 0.4437882739172556, 'alpha': 0.016183045513685247, 'lambda': 4.096181112525021, 'gamma': 5.458417509302741e-07, 'min_child_weight': 269.88831834296525}. Best is trial 0 with value: 157.07975815318875.[0m
[32m[I 2023-01-22 10:27:35,563][0m Trial 58 finished with value: 157.07975815318875 and parameters: {'max_depth': 7, 'learning_rate': 0.028904125053053446, 'colsample_bytree': 0.26714543747202074, 'subsample': 0.5497549420626553, 'alpha': 1.3763046280652236, 'lambda': 6.493506955560461, 'gamma': 0.00022134676385596506, 'min_child_weight': 92.55716763384794}. Best is trial 0 with value: 157.07975815318875.[0m
[32m[I 2023-01-22 10:27:37,181][0m Trial 59 finished with value: 157.07975815318875 and parameters: {'max_depth': 7, 'learning_rate': 0.028139956089980833, 'colsample_bytree': 0.4365253023654303, 'subsample': 0.47817513563022745, 'alpha': 0.027080613310987583, 'lambda': 8.986781527061031e-07, 'gamma': 0.0007991024798921447, 'min_child_weight': 36.87278435977519}. Best is trial 0 with value: 157.07975815318875.[0m
[32m[I 2023-01-22 10:27:40,908][0m Trial 60 finished with value: 157.07975815318875 and parameters: {'max_depth': 7, 'learning_rate': 0.044144985535240794, 'colsample_bytree': 0.5409845558534707, 'subsample': 0.641115184434427, 'alpha': 0.2596732565249668, 'lambda': 8.652992553577178e-08, 'gamma': 0.010826522253794392, 'min_child_weight': 80.19157103641919}. Best is trial 0 with value: 157.07975815318875.[0m
[32m[I 2023-01-22 10:27:42,244][0m Trial 61 finished with value: 157.07975815318875 and parameters: {'max_depth': 8, 'learning_rate': 0.04820367416941466, 'colsample_bytree': 0.5197422102730495, 'subsample': 0.6387430634034091, 'alpha': 0.5584619241596063, 'lambda': 1.0244671972688842e-08, 'gamma': 0.0033715541946598084, 'min_child_weight': 222.08382580379666}. Best is trial 0 with value: 157.07975815318875.[0m
[32m[I 2023-01-22 10:27:45,126][0m Trial 62 finished with value: 157.07975815318875 and parameters: {'max_depth': 7, 'learning_rate': 0.03861609443085853, 'colsample_bytree': 0.5120931444472443, 'subsample': 0.5518359461293345, 'alpha': 3.817978025335014, 'lambda': 0.0007718817719599938, 'gamma': 0.09777624649268153, 'min_child_weight': 45.39222183642218}. Best is trial 0 with value: 157.07975815318875.[0m
[32m[I 2023-01-22 10:27:46,083][0m Trial 63 finished with value: 157.07975815318875 and parameters: {'max_depth': 7, 'learning_rate': 0.0487813347564566, 'colsample_bytree': 0.5406478404715046, 'subsample': 0.5803229517553409, 'alpha': 4.3528119558331255, 'lambda': 0.015068661804192966, 'gamma': 0.03882063669788103, 'min_child_weight': 65.64721711302852}. Best is trial 0 with value: 157.07975815318875.[0m
[32m[I 2023-01-22 10:27:47,819][0m Trial 64 finished with value: 157.07975815318875 and parameters: {'max_depth': 6, 'learning_rate': 0.015070106577834424, 'colsample_bytree': 0.3314499128656754, 'subsample': 0.582186713102011, 'alpha': 1.2307749582811234, 'lambda': 0.005139553688458499, 'gamma': 1.0635262290199754, 'min_child_weight': 110.03778807408546}. Best is trial 0 with value: 157.07975815318875.[0m
[32m[I 2023-01-22 10:27:49,664][0m Trial 65 finished with value: 157.07975815318875 and parameters: {'max_depth': 6, 'learning_rate': 0.014343767720394711, 'colsample_bytree': 0.32257268737258227, 'subsample': 0.7717070778336748, 'alpha': 9.85620829451601, 'lambda': 0.0021286280712765086, 'gamma': 0.6368231470448771, 'min_child_weight': 64.1113908933976}. Best is trial 0 with value: 157.07975815318875.[0m
[32m[I 2023-01-22 10:27:51,145][0m Trial 66 finished with value: 157.07975815318875 and parameters: {'max_depth': 6, 'learning_rate': 0.018064175117850828, 'colsample_bytree': 0.5968847855854869, 'subsample': 0.7427523533525612, 'alpha': 0.473519854512138, 'lambda': 0.016076260686780523, 'gamma': 9.701261029035914, 'min_child_weight': 168.37137091840813}. Best is trial 0 with value: 157.07975815318875.[0m
[32m[I 2023-01-22 10:27:52,558][0m Trial 67 finished with value: 157.07975815318875 and parameters: {'max_depth': 12, 'learning_rate': 0.019743907206521104, 'colsample_bytree': 0.5812431546079441, 'subsample': 0.5258176921809528, 'alpha': 0.2533912522356442, 'lambda': 0.004717668095485984, 'gamma': 0.006268111865483528, 'min_child_weight': 123.24065167548636}. Best is trial 0 with value: 157.07975815318875.[0m
[32m[I 2023-01-22 10:27:53,423][0m Trial 68 finished with value: 157.07975815318875 and parameters: {'max_depth': 11, 'learning_rate': 0.016529069085269157, 'colsample_bytree': 0.29708957742249364, 'subsample': 0.7055101393782629, 'alpha': 2.3176949044915975, 'lambda': 0.11336721594620135, 'gamma': 0.027562827336098102, 'min_child_weight': 233.2584433217442}. Best is trial 0 with value: 157.07975815318875.[0m
[32m[I 2023-01-22 10:27:55,263][0m Trial 69 finished with value: 157.07975815318875 and parameters: {'max_depth': 11, 'learning_rate': 0.034465728176311404, 'colsample_bytree': 0.24349950782008445, 'subsample': 0.6156714910967052, 'alpha': 0.14674369372935755, 'lambda': 0.00029324042308193245, 'gamma': 0.12475333591884863, 'min_child_weight': 139.60273789170108}. Best is trial 0 with value: 157.07975815318875.[0m
[32m[I 2023-01-22 10:27:59,258][0m Trial 70 finished with value: 157.07975815318875 and parameters: {'max_depth': 10, 'learning_rate': 0.01334344310057287, 'colsample_bytree': 0.48327810009208727, 'subsample': 0.5912414204099714, 'alpha': 0.03747507575952561, 'lambda': 0.023259690800761967, 'gamma': 1.9606046022327184, 'min_child_weight': 570.0551486808187}. Best is trial 0 with value: 157.07975815318875.[0m
[32m[I 2023-01-22 10:28:00,984][0m Trial 71 finished with value: 157.07975815318875 and parameters: {'max_depth': 4, 'learning_rate': 0.007182362781668855, 'colsample_bytree': 0.4673313392716676, 'subsample': 0.7457091592577653, 'alpha': 0.01423899926873338, 'lambda': 2.344202316618779e-05, 'gamma': 1.1673807958315891e-06, 'min_child_weight': 875.2756578823725}. Best is trial 0 with value: 157.07975815318875.[0m
[32m[I 2023-01-22 10:28:01,870][0m Trial 72 finished with value: 157.07975815318875 and parameters: {'max_depth': 9, 'learning_rate': 0.007289782771133781, 'colsample_bytree': 0.4705345984238018, 'subsample': 0.4635639869036252, 'alpha': 0.04097465143794921, 'lambda': 2.8507402118071673e-06, 'gamma': 2.3437856326804854e-08, 'min_child_weight': 675.1545414360359}. Best is trial 0 with value: 157.07975815318875.[0m
[32m[I 2023-01-22 10:28:02,880][0m Trial 73 finished with value: 157.07975815318875 and parameters: {'max_depth': 8, 'learning_rate': 0.005667725175016372, 'colsample_bytree': 0.44801753001342476, 'subsample': 0.439092652614935, 'alpha': 0.014124580204449946, 'lambda': 2.697802303360659e-06, 'gamma': 1.0097212714973052e-05, 'min_child_weight': 455.0457077855428}. Best is trial 0 with value: 157.07975815318875.[0m
[32m[I 2023-01-22 10:28:03,942][0m Trial 74 finished with value: 157.07975815318875 and parameters: {'max_depth': 9, 'learning_rate': 0.005215291243681472, 'colsample_bytree': 0.4267234471315563, 'subsample': 0.42950836148454086, 'alpha': 0.026978518965162387, 'lambda': 0.00010252595280520958, 'gamma': 2.9077804105915828e-05, 'min_child_weight': 810.2941349924662}. Best is trial 0 with value: 157.07975815318875.[0m
[32m[I 2023-01-22 10:28:04,724][0m Trial 75 finished with value: 157.07975815318875 and parameters: {'max_depth': 9, 'learning_rate': 0.005572554544554482, 'colsample_bytree': 0.4967549494335159, 'subsample': 0.4502624399160179, 'alpha': 0.019531248569118517, 'lambda': 1.5973189029646426e-05, 'gamma': 6.9364042101593405e-06, 'min_child_weight': 335.5805894720192}. Best is trial 0 with value: 157.07975815318875.[0m
[32m[I 2023-01-22 10:28:05,488][0m Trial 76 finished with value: 157.07975815318875 and parameters: {'max_depth': 4, 'learning_rate': 0.005373873879637318, 'colsample_bytree': 0.4168126541432449, 'subsample': 0.5041181814010969, 'alpha': 0.014058343339544796, 'lambda': 5.477842348289028e-06, 'gamma': 3.212909550938158e-07, 'min_child_weight': 698.3879262550087}. Best is trial 0 with value: 157.07975815318875.[0m
[32m[I 2023-01-22 10:28:06,469][0m Trial 77 finished with value: 157.07975815318875 and parameters: {'max_depth': 10, 'learning_rate': 0.010428559565979177, 'colsample_bytree': 0.4394366687083502, 'subsample': 0.4587956444960508, 'alpha': 0.012879680436958129, 'lambda': 8.2283949167701e-05, 'gamma': 3.913151196115767e-08, 'min_child_weight': 786.4312760987301}. Best is trial 0 with value: 157.07975815318875.[0m
