[32m[I 2023-01-22 02:38:50,871][0m Trial 87 finished with value: 2.4681970389097407 and parameters: {'max_depth': 7, 'learning_rate': 0.033059116306762774, 'colsample_bytree': 0.36742711298265746, 'subsample': 0.6548176162453958, 'alpha': 0.034500250604658035, 'lambda': 1.1738789836817558, 'gamma': 1.5747769736576404e-07, 'min_child_weight': 10.063752435777806}. Best is trial 85 with value: 2.368180284316918.[0m
[32m[I 2023-01-22 02:39:02,322][0m Trial 88 finished with value: 2.5174470056888008 and parameters: {'max_depth': 5, 'learning_rate': 0.030158908386630268, 'colsample_bytree': 0.3484235534238001, 'subsample': 0.6451913755863149, 'alpha': 0.15699323746358776, 'lambda': 0.8140493839724429, 'gamma': 1.0288193483266384e-06, 'min_child_weight': 10.963078007687558}. Best is trial 85 with value: 2.368180284316918.[0m
[32m[I 2023-01-22 02:39:07,343][0m Trial 89 finished with value: 4.063039222604237 and parameters: {'max_depth': 4, 'learning_rate': 0.028581436563623597, 'colsample_bytree': 0.3868370301800138, 'subsample': 0.627057332933713, 'alpha': 0.059937718311432124, 'lambda': 4.569747575329615, 'gamma': 4.3112309483833556e-08, 'min_child_weight': 14.554083514240231}. Best is trial 85 with value: 2.368180284316918.[0m
[32m[I 2023-01-22 02:39:17,502][0m Trial 90 finished with value: 2.8136195896795435 and parameters: {'max_depth': 6, 'learning_rate': 0.033596273917101765, 'colsample_bytree': 0.4091693039216357, 'subsample': 0.6597469039279529, 'alpha': 0.12896839634784427, 'lambda': 0.017414712755470477, 'gamma': 4.176279505504987e-06, 'min_child_weight': 12.618322505631893}. Best is trial 85 with value: 2.368180284316918.[0m
[32m[I 2023-01-22 02:39:27,046][0m Trial 91 finished with value: 3.0660998768503367 and parameters: {'max_depth': 6, 'learning_rate': 0.023808071152022964, 'colsample_bytree': 0.33100115609542236, 'subsample': 0.7484980264267879, 'alpha': 0.0164352768262685, 'lambda': 0.10454196607230389, 'gamma': 3.3316182152535984e-07, 'min_child_weight': 13.767024620482147}. Best is trial 85 with value: 2.368180284316918.[0m
[32m[I 2023-01-22 02:39:35,185][0m Trial 92 finished with value: 2.8677179436542466 and parameters: {'max_depth': 6, 'learning_rate': 0.04085667382516829, 'colsample_bytree': 0.2855619914919712, 'subsample': 0.7155984456387993, 'alpha': 0.025473755662494504, 'lambda': 1.681959762519371, 'gamma': 1.402355598915721e-06, 'min_child_weight': 12.336048123549682}. Best is trial 85 with value: 2.368180284316918.[0m
[32m[I 2023-01-22 02:39:47,023][0m Trial 93 finished with value: 2.3657206497774395 and parameters: {'max_depth': 5, 'learning_rate': 0.0444137161632019, 'colsample_bytree': 0.3187329171989604, 'subsample': 0.7023144017910117, 'alpha': 0.03377522013868499, 'lambda': 0.3803406268058476, 'gamma': 4.230985849079363e-07, 'min_child_weight': 10.07776422353927}. Best is trial 93 with value: 2.3657206497774395.[0m
[32m[I 2023-01-22 02:39:57,280][0m Trial 94 finished with value: 2.4249846264756494 and parameters: {'max_depth': 5, 'learning_rate': 0.038525601569039315, 'colsample_bytree': 0.315156442878055, 'subsample': 0.7019263222574896, 'alpha': 0.03245878079463285, 'lambda': 0.8081980533902853, 'gamma': 1.8971461455181754e-07, 'min_child_weight': 10.157916020834167}. Best is trial 93 with value: 2.3657206497774395.[0m
[32m[I 2023-01-22 02:40:07,605][0m Trial 95 finished with value: 2.3348499355729193 and parameters: {'max_depth': 5, 'learning_rate': 0.0320900398960353, 'colsample_bytree': 0.3409960147910178, 'subsample': 0.7010589719255002, 'alpha': 0.03213468221622057, 'lambda': 0.0001222185027547427, 'gamma': 5.614606414157143e-07, 'min_child_weight': 10.62371594602749}. Best is trial 95 with value: 2.3348499355729193.[0m
[32m[I 2023-01-22 02:40:08,146][0m Trial 96 finished with value: 153.76639361213833 and parameters: {'max_depth': 5, 'learning_rate': 0.03543857318890661, 'colsample_bytree': 0.357089195751565, 'subsample': 0.6900977299345824, 'alpha': 0.049511663621374574, 'lambda': 0.00012920515084587637, 'gamma': 2.0510477577588634e-06, 'min_child_weight': 95.04610900096792}. Best is trial 95 with value: 2.3348499355729193.[0m
[32m[I 2023-01-22 02:40:22,562][0m Trial 97 finished with value: 2.415552527881951 and parameters: {'max_depth': 5, 'learning_rate': 0.031865988436862905, 'colsample_bytree': 0.291254059096316, 'subsample': 0.7216951597490459, 'alpha': 0.0547597092895066, 'lambda': 2.8244728066818527e-05, 'gamma': 6.049794239181792e-07, 'min_child_weight': 10.970461270191572}. Best is trial 95 with value: 2.3348499355729193.[0m
[32m[I 2023-01-22 02:40:28,408][0m Trial 98 finished with value: 4.043870772718336 and parameters: {'max_depth': 4, 'learning_rate': 0.025093571367803977, 'colsample_bytree': 0.3395550105292812, 'subsample': 0.6740182270698033, 'alpha': 0.039385149162819356, 'lambda': 0.0007067721675376585, 'gamma': 5.38145356548127e-07, 'min_child_weight': 16.899653883325097}. Best is trial 95 with value: 2.3348499355729193.[0m
[32m[I 2023-01-22 02:40:31,732][0m Trial 99 finished with value: 4.073131129239 and parameters: {'max_depth': 7, 'learning_rate': 0.04315733477006486, 'colsample_bytree': 0.32366010398771033, 'subsample': 0.5962537060433252, 'alpha': 0.10163023596237708, 'lambda': 0.00027656351911888255, 'gamma': 8.034523666682872e-08, 'min_child_weight': 14.111582054290857}. Best is trial 95 with value: 2.3348499355729193.[0m
Uploaded file from /Users/kevinmaikjablonka/git/kjappelbaum/gptchem/experiments/04_regression/polymers/out/20230122_021707/train.jsonl: file-C6VFZN24Q8HxlUYrkCBAq6en
Ran train size 50 and got MAE 2.5564800000000005, baseline 2.473903781528133
Upload progress:   0%|          | 0.00/23.5k [00:00<?, ?it/s]Upload progress: 100%|██████████| 23.5k/23.5k [00:00<00:00, 10.2Mit/s]
2023-01-22 02:40:35.324 | DEBUG    | gptchem.tuner:tune:186 - Requested fine tuning. {
  "created_at": 1674351635,
  "events": [
    {
      "created_at": 1674351635,
      "level": "info",
      "message": "Created fine-tune: ft-7vfFSdhqp64vH2gNpWZYI9qQ",
      "object": "fine-tune-event"
    }
  ],
  "fine_tuned_model": null,
  "hyperparams": {
    "batch_size": null,
    "learning_rate_multiplier": 0.02,
    "n_epochs": 8,
    "prompt_loss_weight": 0.01
  },
  "id": "ft-7vfFSdhqp64vH2gNpWZYI9qQ",
  "model": "ada",
  "object": "fine-tune",
  "organization_id": "org-TFRJXw3PPQocOWbu71eI2t9U",
  "result_files": [],
  "status": "pending",
  "training_files": [
    {
      "bytes": 23512,
      "created_at": 1674351633,
      "filename": "/Users/kevinmaikjablonka/git/kjappelbaum/gptchem/experiments/04_regression/polymers/out/20230122_024032/train.jsonl",
      "id": "file-Rxgv3AHyXm4A8nD3wXgrIaBu",
      "object": "file",
      "purpose": "fine-tune",
      "status": "uploaded",
      "status_details": null
    }
  ],
  "updated_at": 1674351635,
  "validation_files": []
}
2023-01-22 02:40:36.569 | DEBUG    | gptchem.tuner:get_ft_model_name:29 - Fine tuning status: pending
2023-01-22 02:42:37.170 | DEBUG    | gptchem.tuner:get_ft_model_name:29 - Fine tuning status: pending
2023-01-22 02:44:38.144 | DEBUG    | gptchem.tuner:get_ft_model_name:29 - Fine tuning status: pending
2023-01-22 02:46:39.163 | DEBUG    | gptchem.tuner:get_ft_model_name:29 - Fine tuning status: pending
2023-01-22 02:48:39.804 | DEBUG    | gptchem.tuner:get_ft_model_name:29 - Fine tuning status: pending
2023-01-22 02:50:41.568 | DEBUG    | gptchem.tuner:get_ft_model_name:29 - Fine tuning status: running
2023-01-22 02:52:43.214 | DEBUG    | gptchem.tuner:get_ft_model_name:29 - Fine tuning status: succeeded
2023-01-22 02:52:43.217 | DEBUG    | gptchem.tuner:tune:202 - Fine tuning completed. {'base_model': 'ada', 'batch_size': None, 'n_epochs': 8, 'learning_rate_multiplier': 0.02, 'run_name': None, 'wandb_sync': False, 'outdir': '/Users/kevinmaikjablonka/git/kjappelbaum/gptchem/experiments/04_regression/polymers/out/20230122_024032', 'train_filename': '/Users/kevinmaikjablonka/git/kjappelbaum/gptchem/experiments/04_regression/polymers/out/20230122_024032/train.jsonl', 'valid_filename': 'None', 'model_name': 'ada:ft-lsmoepfl-2023-01-22-01-51-59', 'ft_id': 'ft-7vfFSdhqp64vH2gNpWZYI9qQ', 'date': '20230122_025243', 'train_file_id': 'file-Rxgv3AHyXm4A8nD3wXgrIaBu', 'valid_file_id': None}
[32m[I 2023-01-22 02:52:53,505][0m A new study created in memory with name: no-name-ea7d6971-ffd4-4240-8055-38dccf7d6925[0m
[32m[I 2023-01-22 02:52:54,733][0m Trial 0 finished with value: 155.18647292638306 and parameters: {'max_depth': 7, 'learning_rate': 0.044635901521768134, 'colsample_bytree': 0.49279757672456204, 'subsample': 0.6394633936788147, 'alpha': 0.02938027938703535, 'lambda': 2.5348407664333426e-07, 'gamma': 3.3323645788192616e-08, 'min_child_weight': 539.948440978743}. Best is trial 0 with value: 155.18647292638306.[0m
[32m[I 2023-01-22 02:53:24,989][0m Trial 1 finished with value: 1.8693450404424592 and parameters: {'max_depth': 9, 'learning_rate': 0.025529516046973785, 'colsample_bytree': 0.20823379771832098, 'subsample': 0.7879639408647978, 'alpha': 3.142880890840109, 'lambda': 8.148018307012941e-07, 'gamma': 4.329370014459266e-07, 'min_child_weight': 23.270677083837796}. Best is trial 1 with value: 1.8693450404424592.[0m
[32m[I 2023-01-22 02:53:27,043][0m Trial 2 finished with value: 9.211216800215553 and parameters: {'max_depth': 6, 'learning_rate': 0.016738881542579662, 'colsample_bytree': 0.3727780074568463, 'subsample': 0.5164916560792168, 'alpha': 0.6847920095574779, 'lambda': 1.8007140198129195e-07, 'gamma': 4.258943089524393e-06, 'min_child_weight': 54.041038546473274}. Best is trial 1 with value: 1.8693450404424592.[0m
[32m[I 2023-01-22 02:53:36,995][0m Trial 3 finished with value: 1.8389514958272712 and parameters: {'max_depth': 8, 'learning_rate': 0.030489195547657565, 'colsample_bytree': 0.2798695128633439, 'subsample': 0.6056937753654447, 'alpha': 0.59874749104614, 'lambda': 2.6185068507773707e-08, 'gamma': 0.0029369981104377003, 'min_child_weight': 21.93048555664369}. Best is trial 3 with value: 1.8389514958272712.[0m
[32m[I 2023-01-22 02:53:38,251][0m Trial 4 finished with value: 9.154989307793471 and parameters: {'max_depth': 4, 'learning_rate': 0.044448339535094646, 'colsample_bytree': 0.5862528132298237, 'subsample': 0.7233589392465845, 'alpha': 0.08200518402245831, 'lambda': 7.569183361880229e-08, 'gamma': 0.014391207615728067, 'min_child_weight': 75.91104805282696}. Best is trial 3 with value: 1.8389514958272712.[0m
[32m[I 2023-01-22 02:53:43,112][0m Trial 5 finished with value: 9.239614649639439 and parameters: {'max_depth': 5, 'learning_rate': 0.015636765183901856, 'colsample_bytree': 0.21375540844608737, 'subsample': 0.7637281608315128, 'alpha': 0.059750279999602945, 'lambda': 0.009176996354542699, 'gamma': 6.388511557344611e-06, 'min_child_weight': 109.68217207529523}. Best is trial 3 with value: 1.8389514958272712.[0m
[32m[I 2023-01-22 02:53:43,962][0m Trial 6 finished with value: 155.18647292638306 and parameters: {'max_depth': 8, 'learning_rate': 0.007652872182750091, 'colsample_bytree': 0.5878338511058234, 'subsample': 0.7100531293444459, 'alpha': 6.58410616012161, 'lambda': 1.1309571585271483, 'gamma': 0.002404915432737351, 'min_child_weight': 697.8281265126028}. Best is trial 3 with value: 1.8389514958272712.[0m
[32m[I 2023-01-22 02:53:47,674][0m Trial 7 finished with value: 9.269224903527757 and parameters: {'max_depth': 4, 'learning_rate': 0.007851504189403358, 'colsample_bytree': 0.21809091556421523, 'subsample': 0.5301321323053058, 'alpha': 0.14656553886225335, 'lambda': 2.7678419414850017e-06, 'gamma': 0.28749982347407854, 'min_child_weight': 51.70191786366991}. Best is trial 3 with value: 1.8389514958272712.[0m
[32m[I 2023-01-22 02:54:16,781][0m Trial 8 finished with value: 2.0148249218767647 and parameters: {'max_depth': 6, 'learning_rate': 0.017444803725696106, 'colsample_bytree': 0.25636968998990506, 'subsample': 0.7208787923016159, 'alpha': 0.01673601016782578, 'lambda': 7.620481786158549, 'gamma': 0.08916674715636537, 'min_child_weight': 24.97073714505272}. Best is trial 3 with value: 1.8389514958272712.[0m
[32m[I 2023-01-22 02:54:26,210][0m Trial 9 finished with value: 1.638570456438822 and parameters: {'max_depth': 4, 'learning_rate': 0.03269124292259021, 'colsample_bytree': 0.48274293753904685, 'subsample': 0.691602867216395, 'alpha': 2.059733535743719, 'lambda': 4.638759594322625e-08, 'gamma': 1.683416412018213e-05, 'min_child_weight': 17.050539260269293}. Best is trial 9 with value: 1.638570456438822.[0m
[32m[I 2023-01-22 02:54:51,120][0m Trial 10 finished with value: 2.192952031116431 and parameters: {'max_depth': 12, 'learning_rate': 0.005069524045190436, 'colsample_bytree': 0.4565821292831765, 'subsample': 0.4071847502459278, 'alpha': 1.8298457451823495, 'lambda': 5.9361246269484965e-05, 'gamma': 4.344469108550388, 'min_child_weight': 10.525161528906533}. Best is trial 9 with value: 1.638570456438822.[0m
[32m[I 2023-01-22 02:55:07,356][0m Trial 11 finished with value: 1.6031865217725745 and parameters: {'max_depth': 10, 'learning_rate': 0.028378851413387293, 'colsample_bytree': 0.3459574170642741, 'subsample': 0.6234098923117161, 'alpha': 0.5676566844633589, 'lambda': 2.1461579110414267e-08, 'gamma': 0.00013730750409712947, 'min_child_weight': 10.747331408482252}. Best is trial 11 with value: 1.6031865217725745.[0m
[32m[I 2023-01-22 02:55:26,228][0m Trial 12 finished with value: 1.6285159198326884 and parameters: {'max_depth': 11, 'learning_rate': 0.02721560986968283, 'colsample_bytree': 0.36046032921182336, 'subsample': 0.656161023018213, 'alpha': 1.1413846633716924, 'lambda': 3.370089862219645e-05, 'gamma': 5.533029685493357e-05, 'min_child_weight': 12.354193768974362}. Best is trial 11 with value: 1.6031865217725745.[0m
[32m[I 2023-01-22 02:55:44,435][0m Trial 13 finished with value: 1.5738604152985343 and parameters: {'max_depth': 11, 'learning_rate': 0.02216059667891347, 'colsample_bytree': 0.34189790390227315, 'subsample': 0.5371197153065265, 'alpha': 0.32489831946417563, 'lambda': 0.00043125458575778326, 'gamma': 8.773472263092482e-05, 'min_child_weight': 10.210253592500596}. Best is trial 13 with value: 1.5738604152985343.[0m
[32m[I 2023-01-22 02:55:45,021][0m Trial 14 finished with value: 155.18647292638306 and parameters: {'max_depth': 10, 'learning_rate': 0.019658638982419343, 'colsample_bytree': 0.3248939743688465, 'subsample': 0.5334486990479124, 'alpha': 0.2679908440993016, 'lambda': 0.0032071676542527396, 'gamma': 0.00026906735625575645, 'min_child_weight': 240.56171090520675}. Best is trial 13 with value: 1.5738604152985343.[0m
[32m[I 2023-01-22 02:55:51,624][0m Trial 15 finished with value: 4.521926390914523 and parameters: {'max_depth': 12, 'learning_rate': 0.011364088790760674, 'colsample_bytree': 0.4235194332173257, 'subsample': 0.46622251255415104, 'alpha': 0.3043227075352898, 'lambda': 0.0028754465946065296, 'gamma': 0.0003761329991374046, 'min_child_weight': 37.65464859034222}. Best is trial 13 with value: 1.5738604152985343.[0m
[32m[I 2023-01-22 02:55:52,501][0m Trial 16 finished with value: 155.18647292638306 and parameters: {'max_depth': 10, 'learning_rate': 0.02184730455272223, 'colsample_bytree': 0.3170152009724028, 'subsample': 0.5856665984179806, 'alpha': 0.1784473340253443, 'lambda': 0.2121845528687283, 'gamma': 7.157384114220951e-08, 'min_child_weight': 190.0802228822254}. Best is trial 13 with value: 1.5738604152985343.[0m
[32m[I 2023-01-22 02:56:21,150][0m Trial 17 finished with value: 1.5547635311525692 and parameters: {'max_depth': 10, 'learning_rate': 0.012405016674112352, 'colsample_bytree': 0.4086640361718783, 'subsample': 0.566293936741847, 'alpha': 0.5722796879587575, 'lambda': 1.1856345719368965e-05, 'gamma': 2.105445550512989e-06, 'min_child_weight': 10.424393977618722}. Best is trial 17 with value: 1.5547635311525692.[0m
[32m[I 2023-01-22 02:56:36,354][0m Trial 18 finished with value: 3.404731845189245 and parameters: {'max_depth': 11, 'learning_rate': 0.012087890929219205, 'colsample_bytree': 0.4139137187296021, 'subsample': 0.5720651154730133, 'alpha': 9.566297559254943, 'lambda': 8.291671331691832e-06, 'gamma': 1.8213424611458868e-06, 'min_child_weight': 34.60453500708115}. Best is trial 17 with value: 1.5547635311525692.[0m
[32m[I 2023-01-22 02:56:55,548][0m Trial 19 finished with value: 1.710668511134394 and parameters: {'max_depth': 9, 'learning_rate': 0.011883009505703403, 'colsample_bytree': 0.5074693785620507, 'subsample': 0.477084267316284, 'alpha': 0.08029067680456158, 'lambda': 0.0003259215963381846, 'gamma': 4.116524847764506e-07, 'min_child_weight': 17.30782524679849}. Best is trial 17 with value: 1.5547635311525692.[0m
[32m[I 2023-01-22 02:56:56,121][0m Trial 20 finished with value: 155.18647292638306 and parameters: {'max_depth': 11, 'learning_rate': 0.009383654193335818, 'colsample_bytree': 0.5298528902087923, 'subsample': 0.41796951926467873, 'alpha': 1.0674067045324647, 'lambda': 0.0003128533141218619, 'gamma': 2.0167553401580446e-07, 'min_child_weight': 121.66191303014195}. Best is trial 17 with value: 1.5547635311525692.[0m
[32m[I 2023-01-22 02:57:04,600][0m Trial 21 finished with value: 1.5974321547116888 and parameters: {'max_depth': 10, 'learning_rate': 0.03691450154881532, 'colsample_bytree': 0.3699927918278146, 'subsample': 0.6195439673070686, 'alpha': 0.41907167462637573, 'lambda': 1.175112610981505e-08, 'gamma': 6.694356212266603e-05, 'min_child_weight': 12.653491627394988}. Best is trial 17 with value: 1.5547635311525692.[0m
[32m[I 2023-01-22 02:57:18,100][0m Trial 22 finished with value: 1.5660731936902526 and parameters: {'max_depth': 9, 'learning_rate': 0.03733467996282154, 'colsample_bytree': 0.3944556202373606, 'subsample': 0.552613643399555, 'alpha': 0.41848408843484786, 'lambda': 0.018734606813373973, 'gamma': 4.114953941050147e-05, 'min_child_weight': 10.011299806205946}. Best is trial 17 with value: 1.5547635311525692.[0m
[32m[I 2023-01-22 02:57:38,473][0m Trial 23 finished with value: 1.620631637393359 and parameters: {'max_depth': 9, 'learning_rate': 0.013573724533561595, 'colsample_bytree': 0.42730407207382204, 'subsample': 0.5573477557603295, 'alpha': 0.14998661701888988, 'lambda': 0.04745815324160969, 'gamma': 1.439843012846954e-06, 'min_child_weight': 15.982924592247032}. Best is trial 17 with value: 1.5547635311525692.[0m
[32m[I 2023-01-22 02:57:48,123][0m Trial 24 finished with value: 3.169950829098746 and parameters: {'max_depth': 9, 'learning_rate': 0.02184747089056916, 'colsample_bytree': 0.386169799770249, 'subsample': 0.4966154177499656, 'alpha': 1.0058835710312883, 'lambda': 0.00037313722264546007, 'gamma': 2.0496516622976273e-05, 'min_child_weight': 32.80392827284239}. Best is trial 17 with value: 1.5547635311525692.[0m
[32m[I 2023-01-22 02:57:59,705][0m Trial 25 finished with value: 1.5822714338410726 and parameters: {'max_depth': 11, 'learning_rate': 0.037931170016286216, 'colsample_bytree': 0.2939246135791019, 'subsample': 0.5638514992378585, 'alpha': 0.24184118785655828, 'lambda': 0.022849116912737347, 'gamma': 0.0008873252243072024, 'min_child_weight': 10.046162340718224}. Best is trial 17 with value: 1.5547635311525692.[0m
[32m[I 2023-01-22 02:58:05,943][0m Trial 26 finished with value: 2.2027439547172962 and parameters: {'max_depth': 12, 'learning_rate': 0.049245798952682614, 'colsample_bytree': 0.4071590526772119, 'subsample': 0.4484977547820502, 'alpha': 3.0768715968536733, 'lambda': 3.397383600852912e-05, 'gamma': 1.752548903107836e-05, 'min_child_weight': 18.729325611455273}. Best is trial 17 with value: 1.5547635311525692.[0m
[32m[I 2023-01-22 02:58:07,767][0m Trial 27 finished with value: 9.164103123518824 and parameters: {'max_depth': 7, 'learning_rate': 0.022334520577171866, 'colsample_bytree': 0.46046420159608215, 'subsample': 0.5474253951032849, 'alpha': 0.39581156287942354, 'lambda': 0.0024628762956440784, 'gamma': 1.5450244271507006e-08, 'min_child_weight': 53.0994574632638}. Best is trial 17 with value: 1.5547635311525692.[0m
[32m[I 2023-01-22 02:58:19,787][0m Trial 28 finished with value: 3.029981377960234 and parameters: {'max_depth': 10, 'learning_rate': 0.014451818936427361, 'colsample_bytree': 0.33574222167543616, 'subsample': 0.5040241567117807, 'alpha': 0.04796829933533333, 'lambda': 0.17146052635594028, 'gamma': 0.009744844623916445, 'min_child_weight': 27.466782946673817}. Best is trial 17 with value: 1.5547635311525692.[0m
[32m[I 2023-01-22 02:58:20,317][0m Trial 29 finished with value: 155.18647292638306 and parameters: {'max_depth': 7, 'learning_rate': 0.009784919007781527, 'colsample_bytree': 0.44159530312163914, 'subsample': 0.6440912279819409, 'alpha': 0.028356612919718124, 'lambda': 0.00012962710570213387, 'gamma': 1.8865681211537288e-06, 'min_child_weight': 255.05359067150886}. Best is trial 17 with value: 1.5547635311525692.[0m
[32m[I 2023-01-22 02:58:21,051][0m Trial 30 finished with value: 155.18647292638306 and parameters: {'max_depth': 8, 'learning_rate': 0.03793249836426798, 'colsample_bytree': 0.3058212751350099, 'subsample': 0.4412387637172307, 'alpha': 0.11321475957273545, 'lambda': 7.342204389358585e-06, 'gamma': 1.2921398868966626e-07, 'min_child_weight': 462.83270693193657}. Best is trial 17 with value: 1.5547635311525692.[0m
[32m[I 2023-01-22 02:58:29,723][0m Trial 31 finished with value: 1.6174577192099082 and parameters: {'max_depth': 11, 'learning_rate': 0.04212129398761494, 'colsample_bytree': 0.28630096094580904, 'subsample': 0.5741799261796524, 'alpha': 0.20479530565392282, 'lambda': 0.017216182590303976, 'gamma': 0.0008707299146279978, 'min_child_weight': 10.215485405943323}. Best is trial 17 with value: 1.5547635311525692.[0m
