[32m[I 2023-01-22 04:07:57,900][0m Trial 84 finished with value: 1.484447145324248 and parameters: {'max_depth': 5, 'learning_rate': 0.01977696707182934, 'colsample_bytree': 0.5956306157464166, 'subsample': 0.6877126467815782, 'alpha': 0.2674783804099028, 'lambda': 0.00011844774289978237, 'gamma': 1.6994458353723814e-08, 'min_child_weight': 17.72501534556465}. Best is trial 80 with value: 1.473887562540833.[0m
[32m[I 2023-01-22 04:10:13,326][0m Trial 85 finished with value: 1.5009157936537776 and parameters: {'max_depth': 5, 'learning_rate': 0.01851517923060523, 'colsample_bytree': 0.5968729471042272, 'subsample': 0.6808232476172523, 'alpha': 0.2736873106600437, 'lambda': 0.004182371353070911, 'gamma': 1.8674326775743353e-08, 'min_child_weight': 17.821231468381182}. Best is trial 80 with value: 1.473887562540833.[0m
[32m[I 2023-01-22 04:15:01,022][0m Trial 86 finished with value: 1.4790454274519615 and parameters: {'max_depth': 5, 'learning_rate': 0.023648642949506235, 'colsample_bytree': 0.5724972401919802, 'subsample': 0.7152487909124576, 'alpha': 0.4695431281638552, 'lambda': 9.715333685767223e-05, 'gamma': 6.168979983621042e-08, 'min_child_weight': 10.663688880782878}. Best is trial 80 with value: 1.473887562540833.[0m
[32m[I 2023-01-22 04:15:57,883][0m Trial 87 finished with value: 1.482197869225788 and parameters: {'max_depth': 4, 'learning_rate': 0.024029425600043473, 'colsample_bytree': 0.5744874437994556, 'subsample': 0.7142129473131733, 'alpha': 0.4488087496238816, 'lambda': 0.0019459112626196513, 'gamma': 3.290345342928198e-08, 'min_child_weight': 10.060387929044973}. Best is trial 80 with value: 1.473887562540833.[0m
[32m[I 2023-01-22 04:16:48,669][0m Trial 88 finished with value: 1.5419326779031128 and parameters: {'max_depth': 4, 'learning_rate': 0.02455067572809389, 'colsample_bytree': 0.5587972836068698, 'subsample': 0.7378780669638737, 'alpha': 0.5059847992757351, 'lambda': 0.001676626131720212, 'gamma': 3.628151119876748e-08, 'min_child_weight': 10.049161422632977}. Best is trial 80 with value: 1.473887562540833.[0m
[32m[I 2023-01-22 04:16:50,478][0m Trial 89 finished with value: 155.18647292638306 and parameters: {'max_depth': 5, 'learning_rate': 0.026827532068742423, 'colsample_bytree': 0.5863428598826934, 'subsample': 0.7131147522179648, 'alpha': 0.5190234236644305, 'lambda': 0.004855408921447745, 'gamma': 1.50443598016394e-08, 'min_child_weight': 482.6941472671833}. Best is trial 80 with value: 1.473887562540833.[0m
[32m[I 2023-01-22 04:16:52,590][0m Trial 90 finished with value: 155.18647292638306 and parameters: {'max_depth': 4, 'learning_rate': 0.016510877427430022, 'colsample_bytree': 0.5650243492264357, 'subsample': 0.693473747167722, 'alpha': 0.22810239359453935, 'lambda': 0.00011884454117005402, 'gamma': 7.584923295203586e-08, 'min_child_weight': 330.6023772469537}. Best is trial 80 with value: 1.473887562540833.[0m
[32m[I 2023-01-22 04:17:41,524][0m Trial 91 finished with value: 1.5137099789433743 and parameters: {'max_depth': 5, 'learning_rate': 0.023501309542441413, 'colsample_bytree': 0.5763660559846769, 'subsample': 0.6643238600418327, 'alpha': 0.16868167674268605, 'lambda': 0.0003632376093795844, 'gamma': 3.414643179313631e-08, 'min_child_weight': 13.14164396063241}. Best is trial 80 with value: 1.473887562540833.[0m
[32m[I 2023-01-22 04:19:02,064][0m Trial 92 finished with value: 1.5448178262278724 and parameters: {'max_depth': 4, 'learning_rate': 0.01949827476275723, 'colsample_bytree': 0.5468592328939684, 'subsample': 0.7513061750821413, 'alpha': 0.34489320647530175, 'lambda': 4.827632174683756e-05, 'gamma': 1.8510634065429466e-08, 'min_child_weight': 15.48185666199238}. Best is trial 80 with value: 1.473887562540833.[0m
[32m[I 2023-01-22 04:19:49,396][0m Trial 93 finished with value: 1.4884293248520084 and parameters: {'max_depth': 5, 'learning_rate': 0.018179674016706383, 'colsample_bytree': 0.5240268027020868, 'subsample': 0.7159417056383253, 'alpha': 0.4136445443117488, 'lambda': 8.519238927582501e-05, 'gamma': 9.273596170052521e-08, 'min_child_weight': 10.069790074123667}. Best is trial 80 with value: 1.473887562540833.[0m
[32m[I 2023-01-22 04:20:32,129][0m Trial 94 finished with value: 1.4707704416254197 and parameters: {'max_depth': 5, 'learning_rate': 0.018162296407333536, 'colsample_bytree': 0.5242304899729526, 'subsample': 0.7226068851823041, 'alpha': 0.42947737319953433, 'lambda': 0.00011210623629932867, 'gamma': 7.69479460165115e-08, 'min_child_weight': 10.141876588373536}. Best is trial 94 with value: 1.4707704416254197.[0m
[32m[I 2023-01-22 04:21:19,564][0m Trial 95 finished with value: 1.4842018215513078 and parameters: {'max_depth': 5, 'learning_rate': 0.018339250043807372, 'colsample_bytree': 0.5217522235917234, 'subsample': 0.7208285201407992, 'alpha': 0.9018471663054318, 'lambda': 9.41190328709585e-05, 'gamma': 1.091692038380966e-07, 'min_child_weight': 13.248750015088799}. Best is trial 94 with value: 1.4707704416254197.[0m
[32m[I 2023-01-22 04:22:13,784][0m Trial 96 finished with value: 1.5528838897749815 and parameters: {'max_depth': 5, 'learning_rate': 0.018024011853789053, 'colsample_bytree': 0.5227637166994349, 'subsample': 0.7963365042110582, 'alpha': 0.9908723658461602, 'lambda': 9.949937544684988e-05, 'gamma': 1.350333598209081e-07, 'min_child_weight': 10.150016863095209}. Best is trial 94 with value: 1.4707704416254197.[0m
[32m[I 2023-01-22 04:23:00,595][0m Trial 97 finished with value: 1.4790635681374096 and parameters: {'max_depth': 5, 'learning_rate': 0.016765503004678193, 'colsample_bytree': 0.5203627565106806, 'subsample': 0.7242335270109284, 'alpha': 0.8391867337877182, 'lambda': 2.1750936794529956e-05, 'gamma': 1.000035654928262e-08, 'min_child_weight': 13.568200612066718}. Best is trial 94 with value: 1.4707704416254197.[0m
[32m[I 2023-01-22 04:24:50,001][0m Trial 98 finished with value: 1.4735636380829114 and parameters: {'max_depth': 5, 'learning_rate': 0.01688160605442463, 'colsample_bytree': 0.5150605143890808, 'subsample': 0.7236900521531878, 'alpha': 1.3769228362766364, 'lambda': 2.2367759311134382e-05, 'gamma': 1.3319638478033402e-08, 'min_child_weight': 13.467269881755588}. Best is trial 94 with value: 1.4707704416254197.[0m
[32m[I 2023-01-22 04:26:44,499][0m Trial 99 finished with value: 1.501165207346891 and parameters: {'max_depth': 5, 'learning_rate': 0.01679496849248795, 'colsample_bytree': 0.5206142401258833, 'subsample': 0.7219077777372642, 'alpha': 1.2910902443372723, 'lambda': 2.797442074340406e-05, 'gamma': 1.3796187753607862e-08, 'min_child_weight': 16.458098609223097}. Best is trial 94 with value: 1.4707704416254197.[0m
Uploaded file from /Users/kevinmaikjablonka/git/kjappelbaum/gptchem/experiments/04_regression/polymers/out/20230122_024032/train.jsonl: file-Rxgv3AHyXm4A8nD3wXgrIaBu
Ran train size 100 and got MAE 1.91952, baseline 1.2940972493058267
Upload progress:   0%|          | 0.00/47.6k [00:00<?, ?it/s]Upload progress: 100%|██████████| 47.6k/47.6k [00:00<00:00, 16.0Mit/s]
2023-01-22 04:26:48.060 | DEBUG    | gptchem.tuner:tune:186 - Requested fine tuning. {
  "created_at": 1674358008,
  "events": [
    {
      "created_at": 1674358008,
      "level": "info",
      "message": "Created fine-tune: ft-GP76xJaqUBDdZNmj3pIM4dxS",
      "object": "fine-tune-event"
    }
  ],
  "fine_tuned_model": null,
  "hyperparams": {
    "batch_size": null,
    "learning_rate_multiplier": 0.02,
    "n_epochs": 8,
    "prompt_loss_weight": 0.01
  },
  "id": "ft-GP76xJaqUBDdZNmj3pIM4dxS",
  "model": "ada",
  "object": "fine-tune",
  "organization_id": "org-TFRJXw3PPQocOWbu71eI2t9U",
  "result_files": [],
  "status": "pending",
  "training_files": [
    {
      "bytes": 47582,
      "created_at": 1674358007,
      "filename": "/Users/kevinmaikjablonka/git/kjappelbaum/gptchem/experiments/04_regression/polymers/out/20230122_042645/train.jsonl",
      "id": "file-q6jNjlckmBAWCZcK55A2Q5Mw",
      "object": "file",
      "purpose": "fine-tune",
      "status": "uploaded",
      "status_details": null
    }
  ],
  "updated_at": 1674358008,
  "validation_files": []
}
2023-01-22 04:26:48.896 | DEBUG    | gptchem.tuner:get_ft_model_name:29 - Fine tuning status: pending
2023-01-22 04:28:50.418 | DEBUG    | gptchem.tuner:get_ft_model_name:29 - Fine tuning status: pending
2023-01-22 04:30:51.316 | DEBUG    | gptchem.tuner:get_ft_model_name:29 - Fine tuning status: pending
2023-01-22 04:32:52.587 | DEBUG    | gptchem.tuner:get_ft_model_name:29 - Fine tuning status: pending
2023-01-22 04:34:53.251 | DEBUG    | gptchem.tuner:get_ft_model_name:29 - Fine tuning status: running
2023-01-22 04:36:56.630 | DEBUG    | gptchem.tuner:get_ft_model_name:29 - Fine tuning status: running
2023-01-22 04:38:57.348 | DEBUG    | gptchem.tuner:get_ft_model_name:29 - Fine tuning status: succeeded
2023-01-22 04:38:57.352 | DEBUG    | gptchem.tuner:tune:202 - Fine tuning completed. {'base_model': 'ada', 'batch_size': None, 'n_epochs': 8, 'learning_rate_multiplier': 0.02, 'run_name': None, 'wandb_sync': False, 'outdir': '/Users/kevinmaikjablonka/git/kjappelbaum/gptchem/experiments/04_regression/polymers/out/20230122_042645', 'train_filename': '/Users/kevinmaikjablonka/git/kjappelbaum/gptchem/experiments/04_regression/polymers/out/20230122_042645/train.jsonl', 'valid_filename': 'None', 'model_name': 'ada:ft-lsmoepfl-2023-01-22-03-37-27', 'ft_id': 'ft-GP76xJaqUBDdZNmj3pIM4dxS', 'date': '20230122_043857', 'train_file_id': 'file-q6jNjlckmBAWCZcK55A2Q5Mw', 'valid_file_id': None}
[32m[I 2023-01-22 04:39:15,449][0m A new study created in memory with name: no-name-d4aae978-faba-4f49-9095-4a81656f0d72[0m
[32m[I 2023-01-22 04:39:18,340][0m Trial 0 finished with value: 160.18312772971308 and parameters: {'max_depth': 7, 'learning_rate': 0.044635901521768134, 'colsample_bytree': 0.49279757672456204, 'subsample': 0.6394633936788147, 'alpha': 0.02938027938703535, 'lambda': 2.5348407664333426e-07, 'gamma': 3.3323645788192616e-08, 'min_child_weight': 539.948440978743}. Best is trial 0 with value: 160.18312772971308.[0m
[32m[I 2023-01-22 04:41:29,443][0m Trial 1 finished with value: 1.666198224223173 and parameters: {'max_depth': 9, 'learning_rate': 0.025529516046973785, 'colsample_bytree': 0.20823379771832098, 'subsample': 0.7879639408647978, 'alpha': 3.142880890840109, 'lambda': 8.148018307012941e-07, 'gamma': 4.329370014459266e-07, 'min_child_weight': 23.270677083837796}. Best is trial 1 with value: 1.666198224223173.[0m
[32m[I 2023-01-22 04:42:28,525][0m Trial 2 finished with value: 2.43969504165942 and parameters: {'max_depth': 6, 'learning_rate': 0.016738881542579662, 'colsample_bytree': 0.3727780074568463, 'subsample': 0.5164916560792168, 'alpha': 0.6847920095574779, 'lambda': 1.8007140198129195e-07, 'gamma': 4.258943089524393e-06, 'min_child_weight': 54.041038546473274}. Best is trial 1 with value: 1.666198224223173.[0m
[32m[I 2023-01-22 04:43:56,882][0m Trial 3 finished with value: 1.458183429294572 and parameters: {'max_depth': 8, 'learning_rate': 0.030489195547657565, 'colsample_bytree': 0.2798695128633439, 'subsample': 0.6056937753654447, 'alpha': 0.59874749104614, 'lambda': 2.6185068507773707e-08, 'gamma': 0.0029369981104377003, 'min_child_weight': 21.93048555664369}. Best is trial 3 with value: 1.458183429294572.[0m
[32m[I 2023-01-22 04:44:18,262][0m Trial 4 finished with value: 2.2913830919145024 and parameters: {'max_depth': 4, 'learning_rate': 0.044448339535094646, 'colsample_bytree': 0.5862528132298237, 'subsample': 0.7233589392465845, 'alpha': 0.08200518402245831, 'lambda': 7.569183361880229e-08, 'gamma': 0.014391207615728067, 'min_child_weight': 75.91104805282696}. Best is trial 3 with value: 1.458183429294572.[0m
[32m[I 2023-01-22 04:45:19,397][0m Trial 5 finished with value: 2.8569122258219997 and parameters: {'max_depth': 5, 'learning_rate': 0.015636765183901856, 'colsample_bytree': 0.21375540844608737, 'subsample': 0.7637281608315128, 'alpha': 0.059750279999602945, 'lambda': 0.009176996354542699, 'gamma': 6.388511557344611e-06, 'min_child_weight': 109.68217207529523}. Best is trial 3 with value: 1.458183429294572.[0m
[32m[I 2023-01-22 04:45:20,284][0m Trial 6 finished with value: 160.18312772971308 and parameters: {'max_depth': 8, 'learning_rate': 0.007652872182750091, 'colsample_bytree': 0.5878338511058234, 'subsample': 0.7100531293444459, 'alpha': 6.58410616012161, 'lambda': 1.1309571585271483, 'gamma': 0.002404915432737351, 'min_child_weight': 697.8281265126028}. Best is trial 3 with value: 1.458183429294572.[0m
[32m[I 2023-01-22 04:46:42,106][0m Trial 7 finished with value: 1.9872870633537878 and parameters: {'max_depth': 4, 'learning_rate': 0.007851504189403358, 'colsample_bytree': 0.21809091556421523, 'subsample': 0.5301321323053058, 'alpha': 0.14656553886225335, 'lambda': 2.7678419414850017e-06, 'gamma': 0.28749982347407854, 'min_child_weight': 51.70191786366991}. Best is trial 3 with value: 1.458183429294572.[0m
[32m[I 2023-01-22 04:49:11,354][0m Trial 8 finished with value: 1.6991015044584763 and parameters: {'max_depth': 6, 'learning_rate': 0.017444803725696106, 'colsample_bytree': 0.25636968998990506, 'subsample': 0.7208787923016159, 'alpha': 0.01673601016782578, 'lambda': 7.620481786158549, 'gamma': 0.08916674715636537, 'min_child_weight': 24.97073714505272}. Best is trial 3 with value: 1.458183429294572.[0m
[32m[I 2023-01-22 04:50:41,315][0m Trial 9 finished with value: 1.3387804755848112 and parameters: {'max_depth': 4, 'learning_rate': 0.03269124292259021, 'colsample_bytree': 0.48274293753904685, 'subsample': 0.691602867216395, 'alpha': 2.059733535743719, 'lambda': 4.638759594322625e-08, 'gamma': 1.683416412018213e-05, 'min_child_weight': 17.050539260269293}. Best is trial 9 with value: 1.3387804755848112.[0m
[32m[I 2023-01-22 04:53:17,097][0m Trial 10 finished with value: 1.6082371669644004 and parameters: {'max_depth': 12, 'learning_rate': 0.005069524045190436, 'colsample_bytree': 0.4565821292831765, 'subsample': 0.4071847502459278, 'alpha': 1.8298457451823495, 'lambda': 5.9361246269484965e-05, 'gamma': 4.344469108550388, 'min_child_weight': 10.525161528906533}. Best is trial 9 with value: 1.3387804755848112.[0m
[32m[I 2023-01-22 05:11:20,669][0m Trial 11 finished with value: 1.5475174662089937 and parameters: {'max_depth': 10, 'learning_rate': 0.028378851413387293, 'colsample_bytree': 0.3459574170642741, 'subsample': 0.6234098923117161, 'alpha': 0.5676566844633589, 'lambda': 2.1461579110414267e-08, 'gamma': 0.00013730750409712947, 'min_child_weight': 10.747331408482252}. Best is trial 9 with value: 1.3387804755848112.[0m
[32m[I 2023-01-22 05:11:22,941][0m Trial 12 finished with value: 9.319216645579903 and parameters: {'max_depth': 11, 'learning_rate': 0.029281680797584152, 'colsample_bytree': 0.3067964291781478, 'subsample': 0.5650970966716662, 'alpha': 1.3705404685014808, 'lambda': 1.2919440532274757e-05, 'gamma': 0.00016532821239979752, 'min_child_weight': 202.00513082957775}. Best is trial 9 with value: 1.3387804755848112.[0m
[32m[I 2023-01-22 05:28:17,045][0m Trial 13 finished with value: 1.2893228604761926 and parameters: {'max_depth': 8, 'learning_rate': 0.032778113946057674, 'colsample_bytree': 0.4443499697746376, 'subsample': 0.6611719000163915, 'alpha': 0.25988254861560833, 'lambda': 0.0010849286403890861, 'gamma': 0.0008635533556226491, 'min_child_weight': 21.8831032319782}. Best is trial 13 with value: 1.2893228604761926.[0m
[32m[I 2023-01-22 05:28:30,518][0m Trial 14 finished with value: 1.3002662270223453 and parameters: {'max_depth': 6, 'learning_rate': 0.049550460128407206, 'colsample_bytree': 0.45035267821385006, 'subsample': 0.6742018432515737, 'alpha': 0.2210729215552115, 'lambda': 0.006836111218536977, 'gamma': 2.7918456020189898e-05, 'min_child_weight': 33.78855952199242}. Best is trial 13 with value: 1.2893228604761926.[0m
[32m[I 2023-01-22 05:28:43,599][0m Trial 15 finished with value: 1.384131854167441 and parameters: {'max_depth': 7, 'learning_rate': 0.04683945180473772, 'colsample_bytree': 0.42816513889507296, 'subsample': 0.6567308465949913, 'alpha': 0.22749871012549094, 'lambda': 0.0019261307623206967, 'gamma': 1.980797166892601e-07, 'min_child_weight': 37.65464859034222}. Best is trial 13 with value: 1.2893228604761926.[0m
[32m[I 2023-01-22 05:28:45,630][0m Trial 16 finished with value: 9.354459313215504 and parameters: {'max_depth': 9, 'learning_rate': 0.02107522994837897, 'colsample_bytree': 0.5270990521273008, 'subsample': 0.5643047611368339, 'alpha': 0.12881560361061803, 'lambda': 0.053962188813247165, 'gamma': 0.0006965491606968464, 'min_child_weight': 190.0802228822254}. Best is trial 13 with value: 1.2893228604761926.[0m
[32m[I 2023-01-22 05:29:07,671][0m Trial 17 finished with value: 1.3475306867934695 and parameters: {'max_depth': 6, 'learning_rate': 0.037353106734080585, 'colsample_bytree': 0.4082771123705673, 'subsample': 0.6722710738812948, 'alpha': 0.2929278585496034, 'lambda': 0.0006140821487726695, 'gamma': 4.60149833049686e-05, 'min_child_weight': 35.63969409649351}. Best is trial 13 with value: 1.2893228604761926.[0m
[32m[I 2023-01-22 05:29:14,731][0m Trial 18 finished with value: 9.39569233663492 and parameters: {'max_depth': 7, 'learning_rate': 0.013471690205171232, 'colsample_bytree': 0.5315669054839843, 'subsample': 0.4672171506065216, 'alpha': 0.06732686438487957, 'lambda': 0.026844554569199507, 'gamma': 1.2808628811874124e-06, 'min_child_weight': 151.03406097788675}. Best is trial 13 with value: 1.2893228604761926.[0m
[32m[I 2023-01-22 05:30:20,051][0m Trial 19 finished with value: 1.3895393811857937 and parameters: {'max_depth': 9, 'learning_rate': 0.021936764567478752, 'colsample_bytree': 0.361447198706091, 'subsample': 0.7610628594861362, 'alpha': 0.03498422473233631, 'lambda': 0.2765704642444968, 'gamma': 1.4889784350356174e-08, 'min_child_weight': 15.3384649227816}. Best is trial 13 with value: 1.2893228604761926.[0m
[32m[I 2023-01-22 05:30:21,169][0m Trial 20 finished with value: 160.18312772971308 and parameters: {'max_depth': 5, 'learning_rate': 0.03756799769907268, 'colsample_bytree': 0.4494313645783422, 'subsample': 0.5910937417029021, 'alpha': 0.41068775096050136, 'lambda': 6.246605863957769e-05, 'gamma': 0.011430093906905872, 'min_child_weight': 421.1453916938084}. Best is trial 13 with value: 1.2893228604761926.[0m
[32m[I 2023-01-22 05:30:59,412][0m Trial 21 finished with value: 1.6531981464820995 and parameters: {'max_depth': 5, 'learning_rate': 0.03551684080617813, 'colsample_bytree': 0.47996447456974667, 'subsample': 0.6787638418619527, 'alpha': 9.742628737880445, 'lambda': 0.002837670350906645, 'gamma': 3.891933380631261e-05, 'min_child_weight': 15.61273773550837}. Best is trial 13 with value: 1.2893228604761926.[0m
[32m[I 2023-01-22 05:31:18,551][0m Trial 22 finished with value: 1.3103170459727518 and parameters: {'max_depth': 5, 'learning_rate': 0.04929505583804496, 'colsample_bytree': 0.5354948596238044, 'subsample': 0.7100913116670415, 'alpha': 1.1319688443038123, 'lambda': 0.00017081041887644113, 'gamma': 1.4295961588085517e-05, 'min_child_weight': 32.48345607761617}. Best is trial 13 with value: 1.2893228604761926.[0m
[32m[I 2023-01-22 05:31:44,884][0m Trial 23 finished with value: 1.3142751470278728 and parameters: {'max_depth': 6, 'learning_rate': 0.04795284598032712, 'colsample_bytree': 0.5298243481152092, 'subsample': 0.7514508026332133, 'alpha': 0.9470421819020944, 'lambda': 0.00017491281900763148, 'gamma': 0.0005079875923783644, 'min_child_weight': 35.296463466196016}. Best is trial 13 with value: 1.2893228604761926.[0m
[32m[I 2023-01-22 05:31:59,560][0m Trial 24 finished with value: 2.148845067838141 and parameters: {'max_depth': 7, 'learning_rate': 0.049308568819090286, 'colsample_bytree': 0.5630082465839253, 'subsample': 0.6485161614734077, 'alpha': 0.18886708497770094, 'lambda': 0.001346323048090213, 'gamma': 2.123319731807393e-06, 'min_child_weight': 66.02289258454505}. Best is trial 13 with value: 1.2893228604761926.[0m
[32m[I 2023-01-22 05:32:20,265][0m Trial 25 finished with value: 1.3387760807206426 and parameters: {'max_depth': 5, 'learning_rate': 0.037931170016286216, 'colsample_bytree': 0.39706937712297624, 'subsample': 0.6924959410017798, 'alpha': 0.37328625705505514, 'lambda': 1.783535275976779e-05, 'gamma': 1.884122327905038e-05, 'min_child_weight': 30.079115851367902}. Best is trial 13 with value: 1.2893228604761926.[0m
[32m[I 2023-01-22 05:32:32,966][0m Trial 26 finished with value: 2.6089861598455757 and parameters: {'max_depth': 8, 'learning_rate': 0.023535612455074118, 'colsample_bytree': 0.5017511018096212, 'subsample': 0.7403878380061423, 'alpha': 3.2920387033098724, 'lambda': 0.006306249833054161, 'gamma': 0.0014089062172704587, 'min_child_weight': 96.005904163805}. Best is trial 13 with value: 1.2893228604761926.[0m
[32m[I 2023-01-22 05:33:01,800][0m Trial 27 finished with value: 1.438615485272002 and parameters: {'max_depth': 10, 'learning_rate': 0.011887574311615847, 'colsample_bytree': 0.44288347782379045, 'subsample': 0.6284335374513339, 'alpha': 1.0435277930633509, 'lambda': 0.00020070565772218243, 'gamma': 0.00013189186670217897, 'min_child_weight': 44.9606524824722}. Best is trial 13 with value: 1.2893228604761926.[0m
[32m[I 2023-01-22 05:33:17,629][0m Trial 28 finished with value: 1.3314388271920634 and parameters: {'max_depth': 6, 'learning_rate': 0.039723638712530505, 'colsample_bytree': 0.5563123056338752, 'subsample': 0.7876470041718894, 'alpha': 0.12006020376835998, 'lambda': 0.11123062383498185, 'gamma': 1.3762717782230228e-07, 'min_child_weight': 18.388024376112785}. Best is trial 13 with value: 1.2893228604761926.[0m
