[32m[I 2023-01-21 23:30:36,568][0m A new study created in memory with name: no-name-103e1441-d333-4804-ba24-203cd0930c00[0m
[32m[I 2023-01-21 23:30:37,297][0m Trial 0 finished with value: 156.3567527491943 and parameters: {'max_depth': 7, 'learning_rate': 0.044635901521768134, 'colsample_bytree': 0.49279757672456204, 'subsample': 0.6394633936788147, 'alpha': 0.02938027938703535, 'lambda': 2.5348407664333426e-07, 'gamma': 3.3323645788192616e-08, 'min_child_weight': 539.948440978743}. Best is trial 0 with value: 156.3567527491943.[0m
[32m[I 2023-01-21 23:30:38,358][0m Trial 1 finished with value: 156.3567527491943 and parameters: {'max_depth': 9, 'learning_rate': 0.025529516046973785, 'colsample_bytree': 0.20823379771832098, 'subsample': 0.7879639408647978, 'alpha': 3.142880890840109, 'lambda': 8.148018307012941e-07, 'gamma': 4.329370014459266e-07, 'min_child_weight': 23.270677083837796}. Best is trial 0 with value: 156.3567527491943.[0m
[32m[I 2023-01-21 23:30:39,502][0m Trial 2 finished with value: 156.3567527491943 and parameters: {'max_depth': 6, 'learning_rate': 0.016738881542579662, 'colsample_bytree': 0.3727780074568463, 'subsample': 0.5164916560792168, 'alpha': 0.6847920095574779, 'lambda': 1.8007140198129195e-07, 'gamma': 4.258943089524393e-06, 'min_child_weight': 54.041038546473274}. Best is trial 0 with value: 156.3567527491943.[0m
[32m[I 2023-01-21 23:30:40,345][0m Trial 3 finished with value: 156.3567527491943 and parameters: {'max_depth': 8, 'learning_rate': 0.030489195547657565, 'colsample_bytree': 0.2798695128633439, 'subsample': 0.6056937753654447, 'alpha': 0.59874749104614, 'lambda': 2.6185068507773707e-08, 'gamma': 0.0029369981104377003, 'min_child_weight': 21.93048555664369}. Best is trial 0 with value: 156.3567527491943.[0m
[32m[I 2023-01-21 23:30:41,396][0m Trial 4 finished with value: 156.3567527491943 and parameters: {'max_depth': 4, 'learning_rate': 0.044448339535094646, 'colsample_bytree': 0.5862528132298237, 'subsample': 0.7233589392465845, 'alpha': 0.08200518402245831, 'lambda': 7.569183361880229e-08, 'gamma': 0.014391207615728067, 'min_child_weight': 75.91104805282696}. Best is trial 0 with value: 156.3567527491943.[0m
[32m[I 2023-01-21 23:30:42,445][0m Trial 5 finished with value: 156.3567527491943 and parameters: {'max_depth': 5, 'learning_rate': 0.015636765183901856, 'colsample_bytree': 0.21375540844608737, 'subsample': 0.7637281608315128, 'alpha': 0.059750279999602945, 'lambda': 0.009176996354542699, 'gamma': 6.388511557344611e-06, 'min_child_weight': 109.68217207529523}. Best is trial 0 with value: 156.3567527491943.[0m
[32m[I 2023-01-21 23:30:43,705][0m Trial 6 finished with value: 156.3567527491943 and parameters: {'max_depth': 8, 'learning_rate': 0.007652872182750091, 'colsample_bytree': 0.5878338511058234, 'subsample': 0.7100531293444459, 'alpha': 6.58410616012161, 'lambda': 1.1309571585271483, 'gamma': 0.002404915432737351, 'min_child_weight': 697.8281265126028}. Best is trial 0 with value: 156.3567527491943.[0m
[32m[I 2023-01-21 23:30:45,736][0m Trial 7 finished with value: 156.3567527491943 and parameters: {'max_depth': 4, 'learning_rate': 0.007851504189403358, 'colsample_bytree': 0.21809091556421523, 'subsample': 0.5301321323053058, 'alpha': 0.14656553886225335, 'lambda': 2.7678419414850017e-06, 'gamma': 0.28749982347407854, 'min_child_weight': 51.70191786366991}. Best is trial 0 with value: 156.3567527491943.[0m
[32m[I 2023-01-21 23:30:49,132][0m Trial 8 finished with value: 156.3567527491943 and parameters: {'max_depth': 6, 'learning_rate': 0.017444803725696106, 'colsample_bytree': 0.25636968998990506, 'subsample': 0.7208787923016159, 'alpha': 0.01673601016782578, 'lambda': 7.620481786158549, 'gamma': 0.08916674715636537, 'min_child_weight': 24.97073714505272}. Best is trial 0 with value: 156.3567527491943.[0m
[32m[I 2023-01-21 23:31:03,534][0m Trial 9 finished with value: 156.3567527491943 and parameters: {'max_depth': 4, 'learning_rate': 0.03269124292259021, 'colsample_bytree': 0.48274293753904685, 'subsample': 0.691602867216395, 'alpha': 2.059733535743719, 'lambda': 4.638759594322625e-08, 'gamma': 1.683416412018213e-05, 'min_child_weight': 17.050539260269293}. Best is trial 0 with value: 156.3567527491943.[0m
[32m[I 2023-01-21 23:31:05,470][0m Trial 10 finished with value: 156.3567527491943 and parameters: {'max_depth': 12, 'learning_rate': 0.005069524045190436, 'colsample_bytree': 0.46246121214963276, 'subsample': 0.4071847502459278, 'alpha': 0.011119959665896408, 'lambda': 8.764524253376569e-05, 'gamma': 1.3686680646913219e-08, 'min_child_weight': 895.9418014920916}. Best is trial 0 with value: 156.3567527491943.[0m
[32m[I 2023-01-21 23:31:06,843][0m Trial 11 finished with value: 156.3567527491943 and parameters: {'max_depth': 10, 'learning_rate': 0.04914319625162734, 'colsample_bytree': 0.35496966818854064, 'subsample': 0.627568268662327, 'alpha': 7.094621382610851, 'lambda': 1.082535558141674e-05, 'gamma': 2.0076751494057614e-08, 'min_child_weight': 308.6739921328437}. Best is trial 0 with value: 156.3567527491943.[0m
[32m[I 2023-01-21 23:31:07,441][0m Trial 12 finished with value: 156.3567527491943 and parameters: {'max_depth': 10, 'learning_rate': 0.025428046140413742, 'colsample_bytree': 0.4884032272372183, 'subsample': 0.7831484441888801, 'alpha': 1.866399180242799, 'lambda': 0.0016497110026833196, 'gamma': 5.997698489764017e-07, 'min_child_weight': 225.75434418905797}. Best is trial 0 with value: 156.3567527491943.[0m
[32m[I 2023-01-21 23:31:08,704][0m Trial 13 finished with value: 156.3567527491943 and parameters: {'max_depth': 9, 'learning_rate': 0.022907345587475394, 'colsample_bytree': 0.4348992573884859, 'subsample': 0.6579178144028042, 'alpha': 0.032629595908661234, 'lambda': 1.5854741167674294e-06, 'gamma': 9.868745464853761, 'min_child_weight': 10.235005457971534}. Best is trial 0 with value: 156.3567527491943.[0m
[32m[I 2023-01-21 23:31:10,006][0m Trial 14 finished with value: 156.3567527491943 and parameters: {'max_depth': 7, 'learning_rate': 0.03734923210984427, 'colsample_bytree': 0.5375920406844779, 'subsample': 0.5376022736475863, 'alpha': 0.3425481392213296, 'lambda': 3.890377834635129e-05, 'gamma': 2.3549110805943055e-07, 'min_child_weight': 329.44260978172065}. Best is trial 0 with value: 156.3567527491943.[0m
[32m[I 2023-01-21 23:31:11,341][0m Trial 15 finished with value: 156.3567527491943 and parameters: {'max_depth': 12, 'learning_rate': 0.02239741697494752, 'colsample_bytree': 0.31572928855472704, 'subsample': 0.7967544619046032, 'alpha': 1.6728599103763029, 'lambda': 8.709373316461742e-07, 'gamma': 8.925905274192765e-05, 'min_child_weight': 126.68031739924743}. Best is trial 0 with value: 156.3567527491943.[0m
[32m[I 2023-01-21 23:31:12,724][0m Trial 16 finished with value: 156.3567527491943 and parameters: {'max_depth': 10, 'learning_rate': 0.011232894046987978, 'colsample_bytree': 0.42865899819557, 'subsample': 0.569221734655711, 'alpha': 0.17495769385305515, 'lambda': 0.0017482274705963976, 'gamma': 2.916753040796658e-07, 'min_child_weight': 489.8765997452522}. Best is trial 0 with value: 156.3567527491943.[0m
[32m[I 2023-01-21 23:31:14,583][0m Trial 17 finished with value: 156.3567527491943 and parameters: {'max_depth': 7, 'learning_rate': 0.04204083497108273, 'colsample_bytree': 0.5362148766913247, 'subsample': 0.4697274314999843, 'alpha': 0.3988353669340871, 'lambda': 3.3177337771906505e-05, 'gamma': 9.144599597667506e-08, 'min_child_weight': 276.0052141222748}. Best is trial 0 with value: 156.3567527491943.[0m
[32m[I 2023-01-21 23:31:15,523][0m Trial 18 finished with value: 156.3567527491943 and parameters: {'max_depth': 11, 'learning_rate': 0.02110159623585324, 'colsample_bytree': 0.3176165336704524, 'subsample': 0.6543745323215147, 'alpha': 0.8974835513193232, 'lambda': 4.6754407633881835e-07, 'gamma': 0.0007081773482094382, 'min_child_weight': 151.03406097788675}. Best is trial 0 with value: 156.3567527491943.[0m
[32m[I 2023-01-21 23:31:16,374][0m Trial 19 finished with value: 156.3567527491943 and parameters: {'max_depth': 10, 'learning_rate': 0.011472265820274177, 'colsample_bytree': 0.4202277783201278, 'subsample': 0.5695956616104436, 'alpha': 0.16846445598388332, 'lambda': 0.037809433114824625, 'gamma': 0.0001039767169698885, 'min_child_weight': 587.8782328916333}. Best is trial 0 with value: 156.3567527491943.[0m
[32m[I 2023-01-21 23:31:29,620][0m Trial 20 finished with value: 156.3567527491943 and parameters: {'max_depth': 7, 'learning_rate': 0.03751245170612569, 'colsample_bytree': 0.5298528902087923, 'subsample': 0.4555959641366263, 'alpha': 0.037675242115970786, 'lambda': 0.00035813672357965106, 'gamma': 6.418600599764309e-08, 'min_child_weight': 219.18212939384898}. Best is trial 0 with value: 156.3567527491943.[0m
[32m[I 2023-01-21 23:31:31,396][0m Trial 21 finished with value: 156.3567527491943 and parameters: {'max_depth': 7, 'learning_rate': 0.042178164761670994, 'colsample_bytree': 0.5272528100753764, 'subsample': 0.6489959608936307, 'alpha': 0.7802098489232304, 'lambda': 1.0875821940496263e-08, 'gamma': 0.0008376843625488429, 'min_child_weight': 163.95515527683636}. Best is trial 0 with value: 156.3567527491943.[0m
[32m[I 2023-01-21 23:31:36,769][0m Trial 22 finished with value: 156.3567527491943 and parameters: {'max_depth': 11, 'learning_rate': 0.011977503153646119, 'colsample_bytree': 0.39411467579100196, 'subsample': 0.5697158555036531, 'alpha': 0.180580735511755, 'lambda': 0.05813603916829483, 'gamma': 0.00012895426531261058, 'min_child_weight': 500.8543004507912}. Best is trial 0 with value: 156.3567527491943.[0m
[32m[I 2023-01-21 23:31:38,573][0m Trial 23 finished with value: 156.3567527491943 and parameters: {'max_depth': 6, 'learning_rate': 0.011512682965664219, 'colsample_bytree': 0.5077175191033237, 'subsample': 0.4549612269166182, 'alpha': 0.030042242414350866, 'lambda': 0.042698422166149504, 'gamma': 6.032866894472815e-08, 'min_child_weight': 491.8304182406619}. Best is trial 0 with value: 156.3567527491943.[0m
[32m[I 2023-01-21 23:31:41,205][0m Trial 24 finished with value: 156.3567527491943 and parameters: {'max_depth': 7, 'learning_rate': 0.0351616322908879, 'colsample_bytree': 0.554643158784769, 'subsample': 0.665016991931625, 'alpha': 0.05593531190979529, 'lambda': 1.813990329277249e-08, 'gamma': 1.5472117355639832e-06, 'min_child_weight': 185.01177537247094}. Best is trial 0 with value: 156.3567527491943.[0m
[32m[I 2023-01-21 23:31:41,885][0m Trial 25 finished with value: 156.3567527491943 and parameters: {'max_depth': 9, 'learning_rate': 0.008576033508516025, 'colsample_bytree': 0.3915795198183904, 'subsample': 0.6090890919327059, 'alpha': 0.1132058088554042, 'lambda': 0.5108692909771542, 'gamma': 4.664864597815026e-05, 'min_child_weight': 997.3026847681422}. Best is trial 0 with value: 156.3567527491943.[0m
[32m[I 2023-01-21 23:31:42,378][0m Trial 26 finished with value: 156.3567527491943 and parameters: {'max_depth': 6, 'learning_rate': 0.012447618929518268, 'colsample_bytree': 0.4885269861804695, 'subsample': 0.4905494084668943, 'alpha': 0.02395685913274211, 'lambda': 0.06776674903228351, 'gamma': 1.4394839802283483e-08, 'min_child_weight': 532.931071454256}. Best is trial 0 with value: 156.3567527491943.[0m
[32m[I 2023-01-21 23:31:43,919][0m Trial 27 finished with value: 156.3567527491943 and parameters: {'max_depth': 5, 'learning_rate': 0.009429964295575155, 'colsample_bytree': 0.5561445013349098, 'subsample': 0.4239448406947349, 'alpha': 0.05253260881336256, 'lambda': 8.058360986958824e-06, 'gamma': 3.488383131670746e-06, 'min_child_weight': 384.64477078397294}. Best is trial 0 with value: 156.3567527491943.[0m
[32m[I 2023-01-21 23:31:44,964][0m Trial 28 finished with value: 156.3567527491943 and parameters: {'max_depth': 9, 'learning_rate': 0.0050030185902497516, 'colsample_bytree': 0.45612132065482824, 'subsample': 0.6851696850578837, 'alpha': 0.09830102979236512, 'lambda': 0.5933249127277515, 'gamma': 1.625700972089092e-06, 'min_child_weight': 897.4156724600665}. Best is trial 0 with value: 156.3567527491943.[0m
[32m[I 2023-01-21 23:31:46,073][0m Trial 29 finished with value: 156.3567527491943 and parameters: {'max_depth': 8, 'learning_rate': 0.0062211765661302175, 'colsample_bytree': 0.401705287626599, 'subsample': 0.4960637973412915, 'alpha': 0.019428384973387957, 'lambda': 0.32709044071254084, 'gamma': 1.4793444571616464e-05, 'min_child_weight': 715.1129116516083}. Best is trial 0 with value: 156.3567527491943.[0m
[32m[I 2023-01-21 23:31:47,186][0m Trial 30 finished with value: 156.3567527491943 and parameters: {'max_depth': 5, 'learning_rate': 0.009341368627992732, 'colsample_bytree': 0.4959630609380417, 'subsample': 0.4010925292541974, 'alpha': 0.010086377909374408, 'lambda': 6.955901405127995e-06, 'gamma': 2.108429229695302e-08, 'min_child_weight': 364.03794761856017}. Best is trial 0 with value: 156.3567527491943.[0m
[32m[I 2023-01-21 23:31:48,036][0m Trial 31 finished with value: 156.3567527491943 and parameters: {'max_depth': 5, 'learning_rate': 0.005089026894186979, 'colsample_bytree': 0.4624035960933813, 'subsample': 0.4168250331673378, 'alpha': 0.02116305827607103, 'lambda': 1.3896641935356413, 'gamma': 1.2281636791947812e-06, 'min_child_weight': 405.28618871954654}. Best is trial 0 with value: 156.3567527491943.[0m
[32m[I 2023-01-21 23:31:49,155][0m Trial 32 finished with value: 156.3567527491943 and parameters: {'max_depth': 9, 'learning_rate': 0.006199503264810112, 'colsample_bytree': 0.4569863592086168, 'subsample': 0.4414910906181718, 'alpha': 0.04822247673227348, 'lambda': 3.202568960036703e-07, 'gamma': 1.1334533507195355e-05, 'min_child_weight': 752.4874543345782}. Best is trial 0 with value: 156.3567527491943.[0m
[32m[I 2023-01-21 23:31:54,402][0m Trial 33 finished with value: 156.3567527491943 and parameters: {'max_depth': 8, 'learning_rate': 0.006587066303226513, 'colsample_bytree': 0.44317254239493675, 'subsample': 0.5041980669384961, 'alpha': 0.01076070859204223, 'lambda': 0.31810321380123363, 'gamma': 1.3638326159177198e-07, 'min_child_weight': 749.3962253618712}. Best is trial 0 with value: 156.3567527491943.[0m
[32m[I 2023-01-21 23:31:55,955][0m Trial 34 finished with value: 156.3567527491943 and parameters: {'max_depth': 5, 'learning_rate': 0.006109520359850211, 'colsample_bytree': 0.3672534742300637, 'subsample': 0.407168765930791, 'alpha': 0.017740845231974896, 'lambda': 4.97278411439866, 'gamma': 5.186913600497363e-07, 'min_child_weight': 413.6725943200194}. Best is trial 0 with value: 156.3567527491943.[0m
[32m[I 2023-01-21 23:31:56,744][0m Trial 35 finished with value: 156.3567527491943 and parameters: {'max_depth': 7, 'learning_rate': 0.02711235658007155, 'colsample_bytree': 0.5296412808220539, 'subsample': 0.5697847388383271, 'alpha': 0.8495810836618041, 'lambda': 1.1197657466284527e-08, 'gamma': 0.0005441377072097343, 'min_child_weight': 82.30800516372432}. Best is trial 0 with value: 156.3567527491943.[0m
[32m[I 2023-01-21 23:31:58,157][0m Trial 36 finished with value: 156.3567527491943 and parameters: {'max_depth': 7, 'learning_rate': 0.04061876490618809, 'colsample_bytree': 0.5692756950071741, 'subsample': 0.6298737120587394, 'alpha': 0.25993255375835017, 'lambda': 1.068454127847175e-07, 'gamma': 0.00550104624463899, 'min_child_weight': 206.6031559741333}. Best is trial 0 with value: 156.3567527491943.[0m
[32m[I 2023-01-21 23:31:59,502][0m Trial 37 finished with value: 156.3567527491943 and parameters: {'max_depth': 8, 'learning_rate': 0.04922760313445101, 'colsample_bytree': 0.519419850986441, 'subsample': 0.5928551083620784, 'alpha': 0.5800651567106343, 'lambda': 0.0006236789378168091, 'gamma': 0.014625036324293345, 'min_child_weight': 248.5404108775435}. Best is trial 0 with value: 156.3567527491943.[0m
[32m[I 2023-01-21 23:32:00,257][0m Trial 38 finished with value: 156.3567527491943 and parameters: {'max_depth': 6, 'learning_rate': 0.014722531076269217, 'colsample_bytree': 0.5074757715111182, 'subsample': 0.5426969669374724, 'alpha': 4.092565459823172, 'lambda': 0.009523306769789092, 'gamma': 0.0835212441476433, 'min_child_weight': 54.666626436451374}. Best is trial 0 with value: 156.3567527491943.[0m
[32m[I 2023-01-21 23:32:01,059][0m Trial 39 finished with value: 156.3567527491943 and parameters: {'max_depth': 6, 'learning_rate': 0.013851147420731583, 'colsample_bytree': 0.33935032594174075, 'subsample': 0.7428368992894067, 'alpha': 0.07573534629043657, 'lambda': 0.05519805568211544, 'gamma': 1.2376175901691837, 'min_child_weight': 489.6705185489005}. Best is trial 0 with value: 156.3567527491943.[0m
[32m[I 2023-01-21 23:32:31,109][0m Trial 40 finished with value: 156.3567527491943 and parameters: {'max_depth': 11, 'learning_rate': 0.01806966570978604, 'colsample_bytree': 0.5997803501222634, 'subsample': 0.7083947025795377, 'alpha': 0.032888808922017544, 'lambda': 0.008740034754702374, 'gamma': 9.027490008880495e-08, 'min_child_weight': 175.66641325286687}. Best is trial 0 with value: 156.3567527491943.[0m
[32m[I 2023-01-21 23:32:39,991][0m Trial 41 finished with value: 156.3567527491943 and parameters: {'max_depth': 11, 'learning_rate': 0.009579358410166447, 'colsample_bytree': 0.40037424939022365, 'subsample': 0.6143521227559718, 'alpha': 0.0997423584487607, 'lambda': 0.13175004667323817, 'gamma': 4.2393325156514194e-05, 'min_child_weight': 608.3822208087735}. Best is trial 0 with value: 156.3567527491943.[0m
[32m[I 2023-01-21 23:32:42,046][0m Trial 42 finished with value: 156.3567527491943 and parameters: {'max_depth': 6, 'learning_rate': 0.013250327290396675, 'colsample_bytree': 0.4814429751565638, 'subsample': 0.485433731611073, 'alpha': 0.023551933729753848, 'lambda': 1.6765851466295036, 'gamma': 4.001000424656186e-08, 'min_child_weight': 573.2000985813786}. Best is trial 0 with value: 156.3567527491943.[0m
[32m[I 2023-01-21 23:32:43,229][0m Trial 43 finished with value: 156.3567527491943 and parameters: {'max_depth': 6, 'learning_rate': 0.008249874957566454, 'colsample_bytree': 0.5589451035301418, 'subsample': 0.6773044272124656, 'alpha': 0.06671569895243872, 'lambda': 3.4428213371931056e-08, 'gamma': 1.0419801821257397e-08, 'min_child_weight': 997.1849138971826}. Best is trial 0 with value: 156.3567527491943.[0m
[32m[I 2023-01-21 23:32:44,630][0m Trial 44 finished with value: 156.3567527491943 and parameters: {'max_depth': 4, 'learning_rate': 0.009489260806019653, 'colsample_bytree': 0.5707830805030796, 'subsample': 0.4302614910676906, 'alpha': 0.04877378078147808, 'lambda': 1.9396757681579827e-07, 'gamma': 3.353243144138862e-06, 'min_child_weight': 300.82643466369245}. Best is trial 0 with value: 156.3567527491943.[0m
[32m[I 2023-01-21 23:32:46,076][0m Trial 45 finished with value: 156.3567527491943 and parameters: {'max_depth': 5, 'learning_rate': 0.031942543754338824, 'colsample_bytree': 0.5715657864320701, 'subsample': 0.6012817459708792, 'alpha': 0.11382237198339937, 'lambda': 7.098274530649418e-08, 'gamma': 3.6413728711084295e-06, 'min_child_weight': 380.600740940081}. Best is trial 0 with value: 156.3567527491943.[0m
[32m[I 2023-01-21 23:32:47,804][0m Trial 46 finished with value: 156.3567527491943 and parameters: {'max_depth': 8, 'learning_rate': 0.007035817755759439, 'colsample_bytree': 0.47617334366505526, 'subsample': 0.6937671770426426, 'alpha': 0.08098022481074196, 'lambda': 0.5412330777515785, 'gamma': 1.2568630510151423e-06, 'min_child_weight': 854.729859364637}. Best is trial 0 with value: 156.3567527491943.[0m
[32m[I 2023-01-21 23:32:48,472][0m Trial 47 finished with value: 156.3567527491943 and parameters: {'max_depth': 9, 'learning_rate': 0.008397469631727791, 'colsample_bytree': 0.44965147547417966, 'subsample': 0.7370239916603187, 'alpha': 0.11555132276394539, 'lambda': 3.220014455430737, 'gamma': 4.6609943245730363e-05, 'min_child_weight': 986.4509132911046}. Best is trial 0 with value: 156.3567527491943.[0m
[32m[I 2023-01-21 23:32:49,087][0m Trial 48 finished with value: 156.3567527491943 and parameters: {'max_depth': 8, 'learning_rate': 0.005610028212362728, 'colsample_bytree': 0.417512971778657, 'subsample': 0.5102039880916923, 'alpha': 0.016799750341575576, 'lambda': 0.18098357447828994, 'gamma': 1.5199198410063115e-05, 'min_child_weight': 690.9411795690064}. Best is trial 0 with value: 156.3567527491943.[0m
[32m[I 2023-01-21 23:32:53,649][0m Trial 49 finished with value: 156.3567527491943 and parameters: {'max_depth': 8, 'learning_rate': 0.007351768856430501, 'colsample_bytree': 0.4983314759656927, 'subsample': 0.4900930191340253, 'alpha': 0.024787641471299308, 'lambda': 2.6026300528428736e-06, 'gamma': 2.544077003621035e-07, 'min_child_weight': 681.5610262735064}. Best is trial 0 with value: 156.3567527491943.[0m
[32m[I 2023-01-21 23:32:54,788][0m Trial 50 finished with value: 156.3567527491943 and parameters: {'max_depth': 4, 'learning_rate': 0.010133525815556271, 'colsample_bytree': 0.4693012783013746, 'subsample': 0.43045548099407854, 'alpha': 0.01299071428328255, 'lambda': 9.370408469495382e-06, 'gamma': 2.8300444294644118e-08, 'min_child_weight': 368.27164903300564}. Best is trial 0 with value: 156.3567527491943.[0m
[32m[I 2023-01-21 23:32:56,082][0m Trial 51 finished with value: 156.3567527491943 and parameters: {'max_depth': 5, 'learning_rate': 0.005125495869593101, 'colsample_bytree': 0.4606211869989433, 'subsample': 0.4026091527012205, 'alpha': 0.014170710217789274, 'lambda': 7.062044632750327e-06, 'gamma': 1.0825575003568586e-06, 'min_child_weight': 416.79633861500537}. Best is trial 0 with value: 156.3567527491943.[0m
