[32m[I 2023-01-22 05:33:32,597][0m Trial 29 finished with value: 1.3128824185728392 and parameters: {'max_depth': 7, 'learning_rate': 0.041391517743879676, 'colsample_bytree': 0.49153635356043035, 'subsample': 0.6498577242590334, 'alpha': 0.036410989434546306, 'lambda': 0.008524863115359101, 'gamma': 7.910932298134057e-07, 'min_child_weight': 27.5732473345945}. Best is trial 13 with value: 1.2893228604761926.[0m
[32m[I 2023-01-22 05:33:33,597][0m Trial 30 finished with value: 160.18312772971308 and parameters: {'max_depth': 5, 'learning_rate': 0.03318301418009104, 'colsample_bytree': 0.41822343141437346, 'subsample': 0.7066875377627208, 'alpha': 0.01124078170522016, 'lambda': 0.0005280126556034876, 'gamma': 0.013387102948556787, 'min_child_weight': 324.8813230597352}. Best is trial 13 with value: 1.2893228604761926.[0m
[32m[I 2023-01-22 05:33:48,228][0m Trial 31 finished with value: 1.2879586624343413 and parameters: {'max_depth': 7, 'learning_rate': 0.04310992604847885, 'colsample_bytree': 0.4994526428599599, 'subsample': 0.6574221467266672, 'alpha': 0.0344732424929425, 'lambda': 0.012401744062667973, 'gamma': 6.494037312258895e-07, 'min_child_weight': 24.255595614895945}. Best is trial 31 with value: 1.2879586624343413.[0m
[32m[I 2023-01-22 05:34:03,558][0m Trial 32 finished with value: 1.3320568163745705 and parameters: {'max_depth': 8, 'learning_rate': 0.04377161004294266, 'colsample_bytree': 0.46466718175362826, 'subsample': 0.6679256100260736, 'alpha': 0.2731348612220723, 'lambda': 0.026498166570085437, 'gamma': 4.256632789546634e-08, 'min_child_weight': 13.40008682985573}. Best is trial 31 with value: 1.2879586624343413.[0m
[32m[I 2023-01-22 05:34:19,386][0m Trial 33 finished with value: 1.2870076879837273 and parameters: {'max_depth': 6, 'learning_rate': 0.026746947505538812, 'colsample_bytree': 0.5110653153270438, 'subsample': 0.5988790185876537, 'alpha': 0.021822071222561558, 'lambda': 0.49468848187983844, 'gamma': 6.653232602573296e-06, 'min_child_weight': 24.422416684119387}. Best is trial 33 with value: 1.2870076879837273.[0m
[32m[I 2023-01-22 05:34:38,502][0m Trial 34 finished with value: 1.268829624133899 and parameters: {'max_depth': 7, 'learning_rate': 0.02637442142834527, 'colsample_bytree': 0.5176910210546418, 'subsample': 0.595976485969969, 'alpha': 0.021097991648307855, 'lambda': 0.4379836315264129, 'gamma': 3.2895731699245993e-07, 'min_child_weight': 21.65707965194154}. Best is trial 34 with value: 1.268829624133899.[0m
[32m[I 2023-01-22 05:34:55,118][0m Trial 35 finished with value: 1.3038404906384833 and parameters: {'max_depth': 7, 'learning_rate': 0.026171074088644615, 'colsample_bytree': 0.5116343322943394, 'subsample': 0.5981870750288276, 'alpha': 0.022726915306683877, 'lambda': 0.9200250551533847, 'gamma': 2.3134405805959275e-07, 'min_child_weight': 19.870861657901358}. Best is trial 34 with value: 1.268829624133899.[0m
[32m[I 2023-01-22 05:35:18,057][0m Trial 36 finished with value: 1.4095619541184796 and parameters: {'max_depth': 9, 'learning_rate': 0.020259292547850746, 'colsample_bytree': 0.5589589074275041, 'subsample': 0.5686564000341465, 'alpha': 0.010764445686764754, 'lambda': 5.405054022495632, 'gamma': 4.8845606688562585e-08, 'min_child_weight': 22.68724153561283}. Best is trial 34 with value: 1.268829624133899.[0m
[32m[I 2023-01-22 05:35:29,138][0m Trial 37 finished with value: 2.5085686873797988 and parameters: {'max_depth': 8, 'learning_rate': 0.026700316461686465, 'colsample_bytree': 0.3874676292607813, 'subsample': 0.5298129280623532, 'alpha': 0.04515653952789806, 'lambda': 0.3643604269389263, 'gamma': 4.751608732303234e-06, 'min_child_weight': 57.36426264498194}. Best is trial 34 with value: 1.268829624133899.[0m
[32m[I 2023-01-22 05:38:02,369][0m Trial 38 finished with value: 2.6310499941790875 and parameters: {'max_depth': 7, 'learning_rate': 0.01918554682022314, 'colsample_bytree': 0.5126325334794988, 'subsample': 0.6089476794918955, 'alpha': 0.01677070027272946, 'lambda': 2.057608044400018, 'gamma': 8.271961858690082e-07, 'min_child_weight': 86.61477943550663}. Best is trial 34 with value: 1.268829624133899.[0m
[32m[I 2023-01-22 05:52:49,999][0m Trial 39 finished with value: 1.2888631446949117 and parameters: {'max_depth': 9, 'learning_rate': 0.024213659319688833, 'colsample_bytree': 0.47324500119484847, 'subsample': 0.5802969900688552, 'alpha': 0.023673423455824072, 'lambda': 0.15110323052478825, 'gamma': 3.2747334071899216e-06, 'min_child_weight': 13.014938106053293}. Best is trial 34 with value: 1.268829624133899.[0m
[32m[I 2023-01-22 05:53:55,757][0m Trial 40 finished with value: 1.25251790827583 and parameters: {'max_depth': 10, 'learning_rate': 0.015210488695171182, 'colsample_bytree': 0.5994563730237144, 'subsample': 0.5021054641440528, 'alpha': 0.024753545303316433, 'lambda': 0.18059240940752075, 'gamma': 2.1459493289337105e-06, 'min_child_weight': 12.363647937796465}. Best is trial 40 with value: 1.25251790827583.[0m
[32m[I 2023-01-22 05:55:19,436][0m Trial 41 finished with value: 1.2501894617274807 and parameters: {'max_depth': 10, 'learning_rate': 0.01481388621394896, 'colsample_bytree': 0.5927416252585525, 'subsample': 0.5009016869401668, 'alpha': 0.022673158880420693, 'lambda': 0.2669360627435941, 'gamma': 2.959913139488838e-06, 'min_child_weight': 12.689115705617832}. Best is trial 41 with value: 1.2501894617274807.[0m
[32m[I 2023-01-22 05:56:59,713][0m Trial 42 finished with value: 1.2978290736412217 and parameters: {'max_depth': 10, 'learning_rate': 0.013592914848330456, 'colsample_bytree': 0.5984048722488768, 'subsample': 0.486211561176916, 'alpha': 0.016081152411786672, 'lambda': 0.6592618924683259, 'gamma': 4.2267572095344973e-07, 'min_child_weight': 10.085559418020296}. Best is trial 41 with value: 1.2501894617274807.[0m
[32m[I 2023-01-22 05:59:04,300][0m Trial 43 finished with value: 1.3868158471453165 and parameters: {'max_depth': 11, 'learning_rate': 0.010344322750873597, 'colsample_bytree': 0.581414899755121, 'subsample': 0.4729632335328837, 'alpha': 0.057603844684472494, 'lambda': 3.4102336407159988, 'gamma': 1.2429431365650613e-07, 'min_child_weight': 13.427420091025692}. Best is trial 41 with value: 1.2501894617274807.[0m
[32m[I 2023-01-22 05:59:38,184][0m Trial 44 finished with value: 1.3824197335725146 and parameters: {'max_depth': 12, 'learning_rate': 0.016685644486145634, 'colsample_bytree': 0.5794310328664699, 'subsample': 0.4335401060667459, 'alpha': 0.024426871172760795, 'lambda': 0.06168497197588893, 'gamma': 5.844864866707317e-06, 'min_child_weight': 26.166401371558496}. Best is trial 41 with value: 1.2501894617274807.[0m
[32m[I 2023-01-22 05:59:45,592][0m Trial 45 finished with value: 160.18312772971308 and parameters: {'max_depth': 11, 'learning_rate': 0.014309837821631874, 'colsample_bytree': 0.5715657864320701, 'subsample': 0.5148810409548487, 'alpha': 0.09219759875706632, 'lambda': 1.7278835401813886, 'gamma': 1.3589568771552378e-08, 'min_child_weight': 877.5877511398123}. Best is trial 41 with value: 1.2501894617274807.[0m
[32m[I 2023-01-22 06:01:29,419][0m Trial 46 finished with value: 1.5838609994923543 and parameters: {'max_depth': 10, 'learning_rate': 0.008662663173557142, 'colsample_bytree': 0.5991964739078943, 'subsample': 0.5029682341867998, 'alpha': 0.015527997483199683, 'lambda': 0.380141248303163, 'gamma': 1.4539265139514703e-06, 'min_child_weight': 45.42559422969098}. Best is trial 41 with value: 1.2501894617274807.[0m
[32m[I 2023-01-22 06:02:36,824][0m Trial 47 finished with value: 1.2744263386675023 and parameters: {'max_depth': 11, 'learning_rate': 0.018563669138996635, 'colsample_bytree': 0.5412773555811753, 'subsample': 0.5500576424138862, 'alpha': 0.04740514518050444, 'lambda': 0.023803560352565093, 'gamma': 4.3921889515311973e-07, 'min_child_weight': 17.69236484945713}. Best is trial 41 with value: 1.2501894617274807.[0m
[32m[I 2023-01-22 06:04:01,128][0m Trial 48 finished with value: 1.265623010593842 and parameters: {'max_depth': 11, 'learning_rate': 0.018714111407206108, 'colsample_bytree': 0.5413988438646348, 'subsample': 0.5444717426911676, 'alpha': 0.04589843245960656, 'lambda': 0.09905737002758656, 'gamma': 9.375849150459065e-06, 'min_child_weight': 11.97899647607516}. Best is trial 41 with value: 1.2501894617274807.[0m
[32m[I 2023-01-22 06:05:14,634][0m Trial 49 finished with value: 1.2838550586689448 and parameters: {'max_depth': 11, 'learning_rate': 0.018127257937448772, 'colsample_bytree': 0.5369217182385746, 'subsample': 0.5439128816137658, 'alpha': 0.05475547157702213, 'lambda': 0.15879189927322482, 'gamma': 8.713628332408475e-08, 'min_child_weight': 12.697864358681851}. Best is trial 41 with value: 1.2501894617274807.[0m
[32m[I 2023-01-22 06:07:20,327][0m Trial 50 finished with value: 1.2636683088829832 and parameters: {'max_depth': 12, 'learning_rate': 0.01522272149531792, 'colsample_bytree': 0.553200314782935, 'subsample': 0.5436199148553963, 'alpha': 0.09410010546968438, 'lambda': 0.02754918329958995, 'gamma': 1.2521344134264909e-05, 'min_child_weight': 17.59066785460146}. Best is trial 41 with value: 1.2501894617274807.[0m
[32m[I 2023-01-22 06:08:26,177][0m Trial 51 finished with value: 1.2608226180064719 and parameters: {'max_depth': 12, 'learning_rate': 0.01539792918791471, 'colsample_bytree': 0.5529489990108121, 'subsample': 0.548998239393049, 'alpha': 0.08024501160931552, 'lambda': 0.04349352478303171, 'gamma': 3.805107360460594e-07, 'min_child_weight': 17.058215236076293}. Best is trial 41 with value: 1.2501894617274807.[0m
[32m[I 2023-01-22 06:09:15,483][0m Trial 52 finished with value: 1.3096766559596236 and parameters: {'max_depth': 12, 'learning_rate': 0.015198199225596306, 'colsample_bytree': 0.5519141220713555, 'subsample': 0.4976279439806668, 'alpha': 0.029893222787658224, 'lambda': 0.05653137814314156, 'gamma': 1.1250792896558204e-05, 'min_child_weight': 11.717757154560942}. Best is trial 41 with value: 1.2501894617274807.[0m
[32m[I 2023-01-22 06:10:38,178][0m Trial 53 finished with value: 1.2312098607709128 and parameters: {'max_depth': 12, 'learning_rate': 0.01213153604041517, 'colsample_bytree': 0.5770491483596281, 'subsample': 0.5291934106137288, 'alpha': 0.08281390521940273, 'lambda': 0.10329813526461795, 'gamma': 8.718991142100848e-05, 'min_child_weight': 15.168970791104488}. Best is trial 53 with value: 1.2312098607709128.[0m
[32m[I 2023-01-22 06:11:34,897][0m Trial 54 finished with value: 1.241096787857413 and parameters: {'max_depth': 12, 'learning_rate': 0.012614875942186621, 'colsample_bytree': 0.5741596940495418, 'subsample': 0.4515972599566732, 'alpha': 0.08070241195757753, 'lambda': 0.09773255634258787, 'gamma': 8.215833536724727e-05, 'min_child_weight': 16.00883294737967}. Best is trial 53 with value: 1.2312098607709128.[0m
[32m[I 2023-01-22 06:13:32,649][0m Trial 55 finished with value: 1.2292523280964336 and parameters: {'max_depth': 12, 'learning_rate': 0.011829572821277575, 'colsample_bytree': 0.5886576899911687, 'subsample': 0.4417783412960087, 'alpha': 0.08445958334192112, 'lambda': 2.8411611351843553e-07, 'gamma': 7.623368370376385e-05, 'min_child_weight': 15.489426791813024}. Best is trial 55 with value: 1.2292523280964336.[0m
[32m[I 2023-01-22 06:17:48,554][0m Trial 56 finished with value: 1.221760965362438 and parameters: {'max_depth': 12, 'learning_rate': 0.011715579596044592, 'colsample_bytree': 0.5913259481771177, 'subsample': 0.43954992632567086, 'alpha': 0.07259561166620782, 'lambda': 2.602670528509758e-07, 'gamma': 6.457718217159171e-05, 'min_child_weight': 17.072026958689477}. Best is trial 56 with value: 1.221760965362438.[0m
[32m[I 2023-01-22 06:18:31,874][0m Trial 57 finished with value: 1.2331454341873473 and parameters: {'max_depth': 12, 'learning_rate': 0.011552372636571679, 'colsample_bytree': 0.590824764529574, 'subsample': 0.4400012920347811, 'alpha': 0.16583413279025236, 'lambda': 4.1337549895704367e-07, 'gamma': 0.00020918661067488976, 'min_child_weight': 15.154435517802654}. Best is trial 56 with value: 1.221760965362438.[0m
[32m[I 2023-01-22 06:19:48,628][0m Trial 58 finished with value: 1.2398127778628887 and parameters: {'max_depth': 12, 'learning_rate': 0.011158453583883367, 'colsample_bytree': 0.5770709347129463, 'subsample': 0.4411385864403457, 'alpha': 0.17139770180326067, 'lambda': 4.5055213165262536e-07, 'gamma': 8.002837717874947e-05, 'min_child_weight': 13.795786835330123}. Best is trial 56 with value: 1.221760965362438.[0m
[32m[I 2023-01-22 06:37:05,864][0m Trial 59 finished with value: 1.233607117653855 and parameters: {'max_depth': 12, 'learning_rate': 0.010916140409503016, 'colsample_bytree': 0.5752023125218838, 'subsample': 0.43940917710079713, 'alpha': 0.17187473653971028, 'lambda': 5.490016100241626e-07, 'gamma': 0.00022139412270250392, 'min_child_weight': 14.30287195972382}. Best is trial 56 with value: 1.221760965362438.[0m
[32m[I 2023-01-22 06:37:40,864][0m Trial 60 finished with value: 1.2868816408590025 and parameters: {'max_depth': 12, 'learning_rate': 0.010137579853602195, 'colsample_bytree': 0.5690318085797481, 'subsample': 0.40551824684355564, 'alpha': 0.16967109560209265, 'lambda': 3.336716148249774e-07, 'gamma': 0.0043347953676328285, 'min_child_weight': 15.007010544579579}. Best is trial 56 with value: 1.221760965362438.[0m
[32m[I 2023-01-22 07:11:22,803][0m Trial 61 finished with value: 1.2245982766725216 and parameters: {'max_depth': 12, 'learning_rate': 0.011672463470181898, 'colsample_bytree': 0.5805698369396014, 'subsample': 0.43867288464473464, 'alpha': 0.11497075979962894, 'lambda': 1.8322193715818541e-06, 'gamma': 9.868893119216793e-05, 'min_child_weight': 15.374168467796347}. Best is trial 56 with value: 1.221760965362438.[0m
[32m[I 2023-01-22 07:11:55,275][0m Trial 62 finished with value: 1.3217497249170234 and parameters: {'max_depth': 12, 'learning_rate': 0.010724991768636085, 'colsample_bytree': 0.5822394063264015, 'subsample': 0.4255634186874659, 'alpha': 0.13493931635474615, 'lambda': 1.7604665306717999e-06, 'gamma': 0.0002837717217733739, 'min_child_weight': 20.85955357385302}. Best is trial 56 with value: 1.221760965362438.[0m
[32m[I 2023-01-22 07:27:46,441][0m Trial 63 finished with value: 1.218981454067582 and parameters: {'max_depth': 12, 'learning_rate': 0.00934167556359082, 'colsample_bytree': 0.58644509701364, 'subsample': 0.42670798846571295, 'alpha': 0.17925933852433587, 'lambda': 1.5125228480688148e-07, 'gamma': 6.721340035093179e-05, 'min_child_weight': 14.325720423092337}. Best is trial 63 with value: 1.218981454067582.[0m
[32m[I 2023-01-22 07:54:06,229][0m Trial 64 finished with value: 1.4605166718665834 and parameters: {'max_depth': 11, 'learning_rate': 0.0091028416149025, 'colsample_bytree': 0.324315933518874, 'subsample': 0.4605442416667867, 'alpha': 0.11132455407991357, 'lambda': 9.664051936362733e-08, 'gamma': 0.00026044892669420627, 'min_child_weight': 10.093904338996179}. Best is trial 63 with value: 1.218981454067582.[0m
[32m[I 2023-01-22 08:17:14,084][0m Trial 65 finished with value: 1.3045181469170042 and parameters: {'max_depth': 12, 'learning_rate': 0.006701952730817728, 'colsample_bytree': 0.5871430196536207, 'subsample': 0.42127586567549785, 'alpha': 0.5584965270750715, 'lambda': 1.0640747932169641e-08, 'gamma': 6.583401124006577e-05, 'min_child_weight': 19.01840877519377}. Best is trial 63 with value: 1.218981454067582.[0m
[32m[I 2023-01-22 08:23:21,888][0m Trial 66 finished with value: 1.4844847065856102 and parameters: {'max_depth': 11, 'learning_rate': 0.00969234461827278, 'colsample_bytree': 0.24642298616765673, 'subsample': 0.4441704412549063, 'alpha': 0.20323317991971332, 'lambda': 1.0286420420298054e-06, 'gamma': 0.0005078806139750487, 'min_child_weight': 15.711748863740127}. Best is trial 63 with value: 1.218981454067582.[0m
[32m[I 2023-01-22 08:29:15,122][0m Trial 67 finished with value: 1.2711812571090593 and parameters: {'max_depth': 12, 'learning_rate': 0.011987278444540981, 'colsample_bytree': 0.566617247295, 'subsample': 0.48100027735364526, 'alpha': 0.3654886227064484, 'lambda': 4.42279824733809e-06, 'gamma': 0.0014955234122001114, 'min_child_weight': 11.287450328451929}. Best is trial 63 with value: 1.218981454067582.[0m
[32m[I 2023-01-22 08:29:38,136][0m Trial 68 finished with value: 1.4349954543335195 and parameters: {'max_depth': 12, 'learning_rate': 0.007951009377355286, 'colsample_bytree': 0.5838384343101463, 'subsample': 0.41958742018102074, 'alpha': 0.06819541543020609, 'lambda': 4.881134438475071e-08, 'gamma': 3.527928644037837e-05, 'min_child_weight': 28.02557748110882}. Best is trial 63 with value: 1.218981454067582.[0m
[32m[I 2023-01-22 08:35:24,136][0m Trial 69 finished with value: 1.273941751497012 and parameters: {'max_depth': 11, 'learning_rate': 0.006712522339722944, 'colsample_bytree': 0.5496128387317848, 'subsample': 0.4569011503518937, 'alpha': 0.1526327697480242, 'lambda': 1.5845171212355207e-07, 'gamma': 0.00012342287781181443, 'min_child_weight': 14.864917419543378}. Best is trial 63 with value: 1.218981454067582.[0m
[32m[I 2023-01-22 08:40:43,275][0m Trial 70 finished with value: 1.4007393872242502 and parameters: {'max_depth': 12, 'learning_rate': 0.012562483917207478, 'colsample_bytree': 0.5236535567618064, 'subsample': 0.4006243543323438, 'alpha': 0.09992958507935669, 'lambda': 6.045517387475889e-06, 'gamma': 0.000279152179852755, 'min_child_weight': 20.408418653034143}. Best is trial 63 with value: 1.218981454067582.[0m
[32m[I 2023-01-22 08:41:09,766][0m Trial 71 finished with value: 1.2907934767205795 and parameters: {'max_depth': 12, 'learning_rate': 0.011132182373998194, 'colsample_bytree': 0.5702618935314663, 'subsample': 0.4455430115231684, 'alpha': 0.16509200358426035, 'lambda': 5.932578363703581e-07, 'gamma': 2.4707629822362015e-05, 'min_child_weight': 14.162060882401569}. Best is trial 63 with value: 1.218981454067582.[0m
[32m[I 2023-01-22 08:44:00,211][0m Trial 72 finished with value: 9.4380195363885 and parameters: {'max_depth': 12, 'learning_rate': 0.011098229205442884, 'colsample_bytree': 0.5886412852962071, 'subsample': 0.43554339941819176, 'alpha': 0.23608255118004534, 'lambda': 3.5061534756851725e-07, 'gamma': 6.054999168279266e-05, 'min_child_weight': 136.14318866155776}. Best is trial 63 with value: 1.218981454067582.[0m
[32m[I 2023-01-22 08:44:33,263][0m Trial 73 finished with value: 1.292060306457613 and parameters: {'max_depth': 12, 'learning_rate': 0.00919391052784537, 'colsample_bytree': 0.5648676554069594, 'subsample': 0.46812169124545644, 'alpha': 0.1292856982040629, 'lambda': 1.7369447000956385e-07, 'gamma': 0.00015158336638883036, 'min_child_weight': 18.37531206170262}. Best is trial 63 with value: 1.218981454067582.[0m
[32m[I 2023-01-22 08:52:43,508][0m Trial 74 finished with value: 1.221787988546242 and parameters: {'max_depth': 11, 'learning_rate': 0.011690072331696874, 'colsample_bytree': 0.5770924276567173, 'subsample': 0.4354811264761712, 'alpha': 0.06930217185661577, 'lambda': 8.639748972404286e-07, 'gamma': 0.000740381277155853, 'min_child_weight': 10.808754633719103}. Best is trial 63 with value: 1.218981454067582.[0m
[32m[I 2023-01-22 08:59:47,335][0m Trial 75 finished with value: 1.2340708929379336 and parameters: {'max_depth': 11, 'learning_rate': 0.01190940418977289, 'colsample_bytree': 0.5908594036707197, 'subsample': 0.413046191184795, 'alpha': 0.06848853043020725, 'lambda': 1.1084935806838695e-06, 'gamma': 0.0006338422407158116, 'min_child_weight': 11.152829441608556}. Best is trial 63 with value: 1.218981454067582.[0m
[32m[I 2023-01-22 09:05:34,130][0m Trial 76 finished with value: 1.4589800790907266 and parameters: {'max_depth': 11, 'learning_rate': 0.008554275972307315, 'colsample_bytree': 0.5427919475536569, 'subsample': 0.4292715521513019, 'alpha': 0.305614201147673, 'lambda': 9.017883930485518e-08, 'gamma': 0.004758331569859612, 'min_child_weight': 31.42238474778134}. Best is trial 63 with value: 1.218981454067582.[0m
[32m[I 2023-01-22 09:10:57,035][0m Trial 77 finished with value: 1.3290507675169638 and parameters: {'max_depth': 12, 'learning_rate': 0.013321099150481772, 'colsample_bytree': 0.5614385661306938, 'subsample': 0.48059731224045826, 'alpha': 0.11226760927095969, 'lambda': 3.2207684895773696e-08, 'gamma': 0.00019713933977297582, 'min_child_weight': 24.004377897598115}. Best is trial 63 with value: 1.218981454067582.[0m
[32m[I 2023-01-22 09:16:32,185][0m Trial 78 finished with value: 1.2356824474305292 and parameters: {'max_depth': 12, 'learning_rate': 0.00974767807396121, 'colsample_bytree': 0.598302737222459, 'subsample': 0.41330471635840244, 'alpha': 0.0753209715018375, 'lambda': 2.2504013941040163e-06, 'gamma': 0.0013684155103408883, 'min_child_weight': 16.214159314868393}. Best is trial 63 with value: 1.218981454067582.[0m
[32m[I 2023-01-22 09:17:01,256][0m Trial 79 finished with value: 1.214407749697055 and parameters: {'max_depth': 11, 'learning_rate': 0.013856383680570832, 'colsample_bytree': 0.576113840859968, 'subsample': 0.4578267656340299, 'alpha': 0.21630062140186895, 'lambda': 1.5428660424385046e-05, 'gamma': 0.02962885361032749, 'min_child_weight': 10.001628756122143}. Best is trial 79 with value: 1.214407749697055.[0m
[32m[I 2023-01-22 09:22:33,425][0m Trial 80 finished with value: 1.2934178189497216 and parameters: {'max_depth': 11, 'learning_rate': 0.01671725368411117, 'colsample_bytree': 0.5289007763917897, 'subsample': 0.45718237640281595, 'alpha': 0.4556228644139309, 'lambda': 2.1336666702996755e-05, 'gamma': 0.11197942748913946, 'min_child_weight': 10.001532798391903}. Best is trial 79 with value: 1.214407749697055.[0m
